#
# A fatal error has been detected by the Java Runtime Environment:
#
#  EXCEPTION_ACCESS_VIOLATION (0xc0000005) at pc=0x00007ffeab171973, pid=17760, tid=12904
#
# JRE version: OpenJDK Runtime Environment Corretto-17.0.3.6.1 (17.0.3+6) (build 17.0.3+6-LTS)
# Java VM: OpenJDK 64-Bit Server VM Corretto-17.0.3.6.1 (17.0.3+6-LTS, mixed mode, sharing, tiered, compressed oops, compressed class ptrs, g1 gc, windows-amd64)
# Problematic frame:
# C  [ig9icd64.dll+0x9c1973]
#
# No core dump will be written. Minidumps are not enabled by default on client versions of Windows
#
# If you would like to submit a bug report, please visit:
#   https://github.com/corretto/corretto-17/issues/
# The crash happened outside the Java Virtual Machine in native code.
# See problematic frame for where to report the bug.
#

---------------  S U M M A R Y ------------

Command Line: -javaagent:D:\IntelliJ IDEA Community Edition 2022.1.2\lib\idea_rt.jar=53596:D:\IntelliJ IDEA Community Edition 2022.1.2\bin -Dfile.encoding=UTF-8 net.runelite.client.RuneLite

Host: Intel(R) Core(TM) i5-10200H CPU @ 2.40GHz, 8 cores, 15G,  Windows 10 , 64 bit Build 19041 (10.0.19041.1889)
Time: Thu Sep  1 13:13:38 2022 West-Europa (zomertijd) elapsed time: 677.657972 seconds (0d 0h 11m 17s)

---------------  T H R E A D  ---------------

Current thread (0x0000017c616465b0):  JavaThread "Client" daemon [_thread_in_native, id=12904, stack(0x0000001c3e100000,0x0000001c3e200000)]

Stack: [0x0000001c3e100000,0x0000001c3e200000],  sp=0x0000001c3e1fedb8,  free space=1019k
Native frames: (J=compiled Java code, j=interpreted, Vv=VM code, C=native code)
C  [ig9icd64.dll+0x9c1973]

Java frames: (J=compiled Java code, j=interpreted, Vv=VM code)
J 9351  org.lwjgl.opengl.GL11C.glClear(I)V (0 bytes) @ 0x0000017c4b73dae9 [0x0000017c4b73daa0+0x0000000000000049]
J 16065 c2 net.runelite.client.plugins.gpu.GpuPlugin.draw(I)V (1392 bytes) @ 0x0000017c4c2d5e10 [0x0000017c4c2d5b80+0x0000000000000290]
J 15717 c2 ab.wl(Lab;Ljava/lang/Object;I)V (102 bytes) @ 0x0000017c4c205d14 [0x0000017c4c205ca0+0x0000000000000074]
j  ab.run()V+359
j  java.lang.Thread.run()V+11 java.base@17.0.3
v  ~StubRoutines::call_stub

siginfo: EXCEPTION_ACCESS_VIOLATION (0xc0000005), reading address 0xffffffffffffffff


Register to memory mapping:

RIP=0x00007ffeab171973 ig9icd64.dll
RAX=0x000000000fff0fff is an unknown value
RBX=0x00007ffeaa7b0000 ig9icd64.dll
RCX=0x000000033fcf3fcc is an unknown value
RDX=0x0000001c3e1ff2d0 is pointing into the stack for thread: 0x0000017c616465b0
RSP=0x0000001c3e1fedb8 is pointing into the stack for thread: 0x0000017c616465b0
RBP=0x0000001c3e1feec0 is pointing into the stack for thread: 0x0000017c616465b0
RSI=0x0000017c67906e80 points into unknown readable memory: 0x0000017c67a30a80 | 80 0a a3 67 7c 01 00 00
RDI=0x0000001c3e1ff0c0 is pointing into the stack for thread: 0x0000017c616465b0
R8 =0x0000001c3e1feef0 is pointing into the stack for thread: 0x0000017c616465b0
R9 =0x0000001c3e1ff2d0 is pointing into the stack for thread: 0x0000017c616465b0
R10=0x0000001c3e1ff0c0 is pointing into the stack for thread: 0x0000017c616465b0
R11=0x0 is NULL
R12=0x00007ffeab5d62f0 ig9icd64.dll
R13=0x0 is NULL
R14=0x0 is NULL
R15=0x00000000000001c1 is an unknown value


Registers:
RAX=0x000000000fff0fff, RBX=0x00007ffeaa7b0000, RCX=0x000000033fcf3fcc, RDX=0x0000001c3e1ff2d0
RSP=0x0000001c3e1fedb8, RBP=0x0000001c3e1feec0, RSI=0x0000017c67906e80, RDI=0x0000001c3e1ff0c0
R8 =0x0000001c3e1feef0, R9 =0x0000001c3e1ff2d0, R10=0x0000001c3e1ff0c0, R11=0x0000000000000000
R12=0x00007ffeab5d62f0, R13=0x0000000000000000, R14=0x0000000000000000, R15=0x00000000000001c1
RIP=0x00007ffeab171973, EFLAGS=0x0000000000010206

Top of Stack: (sp=0x0000001c3e1fedb8)
0x0000001c3e1fedb8:   00007ffeab16f0ab 0000000000000001
0x0000001c3e1fedc8:   0000000000000000 0000017c61612400
0x0000001c3e1fedd8:   00007fff833f2572 0000001c00000065
0x0000001c3e1fede8:   0000001c3e1feff0 0000000000000000
0x0000001c3e1fedf8:   0000017c63829fa0 0000000000000000
0x0000001c3e1fee08:   0000017c70a4ab10 0000017c61612480
0x0000001c3e1fee18:   0000000000000fb0 0000000000000000
0x0000001c3e1fee28:   0000000000000000 0000001c3e1fefa0
0x0000001c3e1fee38:   00007ffeaae06bb0 0000000000000000
0x0000001c3e1fee48:   0000000000000000 0000000000000000
0x0000001c3e1fee58:   0000000000000000 00000b12ff353088
0x0000001c3e1fee68:   00007ffeaa7c6145 0000000000000000
0x0000001c3e1fee78:   0000000000004001 0000000000000200
0x0000001c3e1fee88:   00007fff90afb86b 00000000006200bc
0x0000001c3e1fee98:   0000000000000042 0000017c654f3490
0x0000001c3e1feea8:   0000000000000000 0000000000000000 

Instructions: (pc=0x00007ffeab171973)
0x00007ffeab171873:   49 a9 30 00 48 89 51 08 48 89 01 8b 44 24 28 89
0x00007ffeab171883:   41 20 8b 44 24 30 89 41 24 48 8b c1 4c 89 41 10
0x00007ffeab171893:   4c 89 49 18 c3 cc cc cc cc cc cc cc cc 48 89 5c
0x00007ffeab1718a3:   24 08 8b 41 5c 48 8d 1d 51 e7 63 ff 41 89 40 08
0x00007ffeab1718b3:   4c 8b d1 8b 41 60 45 33 db 41 89 40 0c 4c 8b ca
0x00007ffeab1718c3:   8b 41 64 41 89 40 10 8b 41 68 41 89 40 14 8b 41
0x00007ffeab1718d3:   6c 41 89 40 18 8b 41 70 41 89 40 1c 48 63 41 74
0x00007ffeab1718e3:   48 6b c8 34 8b 84 19 54 1e ee 00 41 89 40 20 8b
0x00007ffeab1718f3:   84 19 58 1e ee 00 41 89 40 24 8b 84 19 5c 1e ee
0x00007ffeab171903:   00 41 89 40 28 8b 84 19 60 1e ee 00 41 89 40 2c
0x00007ffeab171913:   8b 84 19 44 1e ee 00 41 89 40 30 8b 84 19 48 1e
0x00007ffeab171923:   ee 00 41 89 40 34 8b 84 19 4c 1e ee 00 41 89 40
0x00007ffeab171933:   38 8b 84 19 50 1e ee 00 41 89 40 3c 8b 84 19 34
0x00007ffeab171943:   1e ee 00 41 89 40 40 8b 84 19 38 1e ee 00 41 89
0x00007ffeab171953:   40 44 8b 84 19 3c 1e ee 00 41 89 40 48 8b 84 19
0x00007ffeab171963:   40 1e ee 00 41 89 40 4c 49 63 42 78 48 6b c8 34
0x00007ffeab171973:   8b 84 19 54 1e ee 00 41 89 40 50 8b 84 19 58 1e
0x00007ffeab171983:   ee 00 41 89 40 54 8b 84 19 5c 1e ee 00 41 89 40
0x00007ffeab171993:   58 8b 84 19 60 1e ee 00 41 89 40 5c 8b 84 19 44
0x00007ffeab1719a3:   1e ee 00 41 89 40 60 8b 84 19 48 1e ee 00 41 89
0x00007ffeab1719b3:   40 64 8b 84 19 4c 1e ee 00 41 89 40 68 8b 84 19
0x00007ffeab1719c3:   50 1e ee 00 41 89 40 6c 8b 84 19 34 1e ee 00 41
0x00007ffeab1719d3:   89 40 70 8b 84 19 38 1e ee 00 41 89 40 74 8b 84
0x00007ffeab1719e3:   19 3c 1e ee 00 41 89 40 78 8b 84 19 40 1e ee 00
0x00007ffeab1719f3:   41 89 40 7c 48 8b 42 18 8b 88 38 0b 00 00 f6 c1
0x00007ffeab171a03:   08 0f 84 86 00 00 00 8b 80 3c 0b 00 00 41 89 80
0x00007ffeab171a13:   80 00 00 00 48 8b 42 18 8b 88 40 0b 00 00 41 89
0x00007ffeab171a23:   88 84 00 00 00 48 8b 42 18 8b 88 44 0b 00 00 41
0x00007ffeab171a33:   89 88 88 00 00 00 48 8b 42 18 8b 88 48 0b 00 00
0x00007ffeab171a43:   41 89 88 8c 00 00 00 48 8b 42 18 8b 88 4c 0b 00
0x00007ffeab171a53:   00 41 89 88 90 00 00 00 48 8b 42 18 8b 88 50 0b
0x00007ffeab171a63:   00 00 41 89 88 94 00 00 00 48 8b 42 18 8b 88 54 


Stack slot to memory mapping:
stack at sp + 0 slots: 0x00007ffeab16f0ab ig9icd64.dll
stack at sp + 1 slots: 0x0000000000000001 is an unknown value
stack at sp + 2 slots: 0x0 is NULL
stack at sp + 3 slots: 0x0000017c61612400 points into unknown readable memory: 0x0000000000000000 | 00 00 00 00 00 00 00 00
stack at sp + 4 slots: 0x00007fff833f2572 igdgmm64.dll
stack at sp + 5 slots: 0x0000001c00000065 is an unknown value
stack at sp + 6 slots: 0x0000001c3e1feff0 is pointing into the stack for thread: 0x0000017c616465b0
stack at sp + 7 slots: 0x0 is NULL


---------------  P R O C E S S  ---------------

Threads class SMR info:
_java_thread_list=0x0000017c6507cf70, length=35, elements={
0x0000017c5ede3bd0, 0x0000017c5ede4a40, 0x0000017c5edf2b50, 0x0000017c5edf6a20,
0x0000017c5edf7bf0, 0x0000017c5edf95b0, 0x0000017c5edfd790, 0x0000017c5ee06240,
0x0000017c5ee0bb70, 0x0000017c5edcf660, 0x0000017c5fb28300, 0x0000017c5f9a26d0,
0x0000017c601bf450, 0x0000017c60ac5030, 0x0000017c601c9c00, 0x0000017c609fdd10,
0x0000017c61647420, 0x0000017c61644400, 0x0000017c616465b0, 0x0000017c61642720,
0x0000017c61640570, 0x0000017c616448d0, 0x0000017c61644da0, 0x0000017c61641d80,
0x0000017c61645740, 0x0000017c6475ad60, 0x0000017c6475cf10, 0x0000017c6475a890,
0x0000017c6475ca40, 0x0000017c6475e720, 0x0000017c6475fa60, 0x0000017c647586e0,
0x0000017c6475b700, 0x0000017c609096c0, 0x0000017c6090a060
}

Java Threads: ( => current thread )
  0x0000017c5ede3bd0 JavaThread "Reference Handler" daemon [_thread_blocked, id=17024, stack(0x0000001c3be00000,0x0000001c3bf00000)]
  0x0000017c5ede4a40 JavaThread "Finalizer" daemon [_thread_blocked, id=22252, stack(0x0000001c3bf00000,0x0000001c3c000000)]
  0x0000017c5edf2b50 JavaThread "Signal Dispatcher" daemon [_thread_blocked, id=3928, stack(0x0000001c3c000000,0x0000001c3c100000)]
  0x0000017c5edf6a20 JavaThread "Attach Listener" daemon [_thread_blocked, id=1152, stack(0x0000001c3c100000,0x0000001c3c200000)]
  0x0000017c5edf7bf0 JavaThread "Service Thread" daemon [_thread_blocked, id=11052, stack(0x0000001c3c200000,0x0000001c3c300000)]
  0x0000017c5edf95b0 JavaThread "Monitor Deflation Thread" daemon [_thread_blocked, id=19776, stack(0x0000001c3c300000,0x0000001c3c400000)]
  0x0000017c5edfd790 JavaThread "C2 CompilerThread0" daemon [_thread_blocked, id=13244, stack(0x0000001c3c400000,0x0000001c3c500000)]
  0x0000017c5ee06240 JavaThread "C1 CompilerThread0" daemon [_thread_blocked, id=12044, stack(0x0000001c3c500000,0x0000001c3c600000)]
  0x0000017c5ee0bb70 JavaThread "Sweeper thread" daemon [_thread_blocked, id=16532, stack(0x0000001c3c600000,0x0000001c3c700000)]
  0x0000017c5edcf660 JavaThread "Common-Cleaner" daemon [_thread_blocked, id=20044, stack(0x0000001c3c700000,0x0000001c3c800000)]
  0x0000017c5fb28300 JavaThread "Monitor Ctrl-Break" daemon [_thread_in_native, id=18020, stack(0x0000001c3c800000,0x0000001c3c900000)]
  0x0000017c5f9a26d0 JavaThread "Notification Thread" daemon [_thread_blocked, id=10796, stack(0x0000001c3c900000,0x0000001c3ca00000)]
  0x0000017c601bf450 JavaThread "Java2D Disposer" daemon [_thread_blocked, id=18168, stack(0x0000001c3d400000,0x0000001c3d500000)]
  0x0000017c60ac5030 JavaThread "AWT-Shutdown" [_thread_blocked, id=17052, stack(0x0000001c3d500000,0x0000001c3d600000)]
  0x0000017c601c9c00 JavaThread "AWT-EventQueue-0" [_thread_blocked, id=22616, stack(0x0000001c3d700000,0x0000001c3d800000)]
  0x0000017c609fdd10 JavaThread "TimerQueue" daemon [_thread_blocked, id=5828, stack(0x0000001c3d300000,0x0000001c3d400000)]
  0x0000017c61647420 JavaThread "pool-2-thread-1" [_thread_blocked, id=10876, stack(0x0000001c3e000000,0x0000001c3e100000)]
  0x0000017c61644400 JavaThread "Thread-0" daemon [_thread_blocked, id=22644, stack(0x0000001c3d800000,0x0000001c3d900000)]
=>0x0000017c616465b0 JavaThread "Client" daemon [_thread_in_native, id=12904, stack(0x0000001c3e100000,0x0000001c3e200000)]
  0x0000017c61642720 JavaThread "Thread-2" daemon [_thread_blocked, id=4820, stack(0x0000001c3e200000,0x0000001c3e300000)]
  0x0000017c61640570 JavaThread "Thread-4" daemon [_thread_blocked, id=9828, stack(0x0000001c3e500000,0x0000001c3e600000)]
  0x0000017c616448d0 JavaThread "Java Sound Event Dispatcher" daemon [_thread_blocked, id=22072, stack(0x0000001c3e900000,0x0000001c3ea00000)]
  0x0000017c61644da0 JavaThread "pool-4-thread-1" [_thread_blocked, id=18004, stack(0x0000001c3f000000,0x0000001c3f100000)]
  0x0000017c61641d80 JavaThread "Thread-7" daemon [_thread_blocked, id=7692, stack(0x0000001c3f300000,0x0000001c3f400000)]
  0x0000017c61645740 JavaThread "Substance heap status" daemon [_thread_blocked, id=15204, stack(0x0000001c3f500000,0x0000001c3f600000)]
  0x0000017c6475ad60 JavaThread "Trident callback thread" daemon [_thread_blocked, id=16460, stack(0x0000001c3fa00000,0x0000001c3fb00000)]
  0x0000017c6475cf10 JavaThread "Trident pulse source thread" daemon [_thread_blocked, id=12276, stack(0x0000001c3fb00000,0x0000001c3fc00000)]
  0x0000017c6475a890 JavaThread "pool-5-thread-1" [_thread_blocked, id=17340, stack(0x0000001c3fc00000,0x0000001c3fd00000)]
  0x0000017c6475ca40 JavaThread "DestroyJavaVM" [_thread_blocked, id=12284, stack(0x0000001c3b700000,0x0000001c3b800000)]
  0x0000017c6475e720 JavaThread "OkHttp api.runelite.net Writer" [_thread_blocked, id=11704, stack(0x0000001c3d900000,0x0000001c3da00000)]
  0x0000017c6475fa60 JavaThread "OkHttp api.runelite.net" [_thread_in_native, id=15936, stack(0x0000001c3da00000,0x0000001c3db00000)]
  0x0000017c647586e0 JavaThread "OkHttp ConnectionPool" daemon [_thread_blocked, id=14752, stack(0x0000001c3db00000,0x0000001c3dc00000)]
  0x0000017c6475b700 JavaThread "Okio Watchdog" daemon [_thread_blocked, id=16244, stack(0x0000001c3dd00000,0x0000001c3de00000)]
  0x0000017c609096c0 JavaThread "SIGINT handler" daemon [_thread_blocked, id=8496, stack(0x0000001c3de00000,0x0000001c3df00000)]
  0x0000017c6090a060 JavaThread "ToolkitShutdown" daemon [_thread_in_native, id=9088, stack(0x0000001c3e300000,0x0000001c3e400000)]

Other Threads:
  0x0000017c5eddafa0 VMThread "VM Thread" [stack: 0x0000001c3bd00000,0x0000001c3be00000] [id=21584]
  0x0000017c3bf7c6f0 WatcherThread [stack: 0x0000001c3ca00000,0x0000001c3cb00000] [id=7936]
  0x0000017c3bf59c80 GCTaskThread "GC Thread#0" [stack: 0x0000001c3b800000,0x0000001c3b900000] [id=20112]
  0x0000017c6016f980 GCTaskThread "GC Thread#1" [stack: 0x0000001c3cc00000,0x0000001c3cd00000] [id=3756]
  0x0000017c602a0460 GCTaskThread "GC Thread#2" [stack: 0x0000001c3cd00000,0x0000001c3ce00000] [id=10048]
  0x0000017c6016d150 GCTaskThread "GC Thread#3" [stack: 0x0000001c3ce00000,0x0000001c3cf00000] [id=16832]
  0x0000017c6016d400 GCTaskThread "GC Thread#4" [stack: 0x0000001c3cf00000,0x0000001c3d000000] [id=6980]
  0x0000017c601d51e0 GCTaskThread "GC Thread#5" [stack: 0x0000001c3d000000,0x0000001c3d100000] [id=8632]
  0x0000017c601eee40 GCTaskThread "GC Thread#6" [stack: 0x0000001c3d100000,0x0000001c3d200000] [id=20608]
  0x0000017c601ef0f0 GCTaskThread "GC Thread#7" [stack: 0x0000001c3d200000,0x0000001c3d300000] [id=9776]
  0x0000017c3bf6a900 ConcurrentGCThread "G1 Main Marker" [stack: 0x0000001c3b900000,0x0000001c3ba00000] [id=21968]
  0x0000017c3bf6bb60 ConcurrentGCThread "G1 Conc#0" [stack: 0x0000001c3ba00000,0x0000001c3bb00000] [id=12888]
  0x0000017c60340b50 ConcurrentGCThread "G1 Conc#1" [stack: 0x0000001c3dc00000,0x0000001c3dd00000] [id=21108]
  0x0000017c3bfc0ce0 ConcurrentGCThread "G1 Refine#0" [stack: 0x0000001c3bb00000,0x0000001c3bc00000] [id=17468]
  0x0000017c5eca4c20 ConcurrentGCThread "G1 Service" [stack: 0x0000001c3bc00000,0x0000001c3bd00000] [id=6412]

Threads with active compile tasks:

VM state: not at safepoint (normal execution)

VM Mutex/Monitor currently owned by a thread: None

Heap address: 0x0000000702c00000, size: 4052 MB, Compressed Oops mode: Zero based, Oop shift amount: 3

CDS archive(s) mapped at: [0x0000000800000000-0x0000000800bc0000-0x0000000800bc0000), size 12320768, SharedBaseAddress: 0x0000000800000000, ArchiveRelocationMode: 0.
Compressed class space mapped at: 0x0000000800c00000-0x0000000840c00000, reserved size: 1073741824
Narrow klass base: 0x0000000800000000, Narrow klass shift: 0, Narrow klass range: 0x100000000

GC Precious Log:
 CPUs: 8 total, 8 available
 Memory: 16205M
 Large Page Support: Disabled
 NUMA Support: Disabled
 Compressed Oops: Enabled (Zero based)
 Heap Region Size: 2M
 Heap Min Capacity: 8M
 Heap Initial Capacity: 254M
 Heap Max Capacity: 4052M
 Pre-touch: Disabled
 Parallel Workers: 8
 Concurrent Workers: 2
 Concurrent Refinement Workers: 8
 Periodic GC: Disabled

Heap:
 garbage-first heap   total 368640K, used 245158K [0x0000000702c00000, 0x0000000800000000)
  region size 2048K, 71 young (145408K), 0 survivors (0K)
 Metaspace       used 71080K, committed 71552K, reserved 1114112K
  class space    used 7531K, committed 7744K, reserved 1048576K

Heap Regions: E=young(eden), S=young(survivor), O=old, HS=humongous(starts), HC=humongous(continues), CS=collection set, F=free, OA=open archive, CA=closed archive, TAMS=top-at-mark-start (previous, next)
|   0|0x0000000702c00000, 0x0000000702e00000, 0x0000000702e00000|100%| O|  |TAMS 0x0000000702e00000, 0x0000000702c00000| Untracked 
|   1|0x0000000702e00000, 0x0000000703000000, 0x0000000703000000|100%| O|  |TAMS 0x0000000703000000, 0x0000000702e00000| Untracked 
|   2|0x0000000703000000, 0x00000007031ffb98, 0x0000000703200000| 99%| O|  |TAMS 0x0000000703000000, 0x0000000703000000| Untracked 
|   3|0x0000000703200000, 0x00000007033fffc0, 0x0000000703400000| 99%| O|  |TAMS 0x0000000703200000, 0x0000000703200000| Untracked 
|   4|0x0000000703400000, 0x00000007035fffe0, 0x0000000703600000| 99%| O|  |TAMS 0x0000000703400000, 0x0000000703400000| Untracked 
|   5|0x0000000703600000, 0x00000007037fffc8, 0x0000000703800000| 99%| O|  |TAMS 0x0000000703600000, 0x0000000703600000| Untracked 
|   6|0x0000000703800000, 0x00000007039ffc40, 0x0000000703a00000| 99%| O|  |TAMS 0x0000000703800000, 0x0000000703800000| Untracked 
|   7|0x0000000703a00000, 0x0000000703bfc6a8, 0x0000000703c00000| 99%| O|  |TAMS 0x0000000703a00000, 0x0000000703a00000| Untracked 
|   8|0x0000000703c00000, 0x0000000703ddf9d8, 0x0000000703e00000| 93%| O|  |TAMS 0x0000000703c00000, 0x0000000703c00000| Untracked 
|   9|0x0000000703e00000, 0x0000000703ffffc8, 0x0000000704000000| 99%| O|  |TAMS 0x0000000703e00000, 0x0000000703e00000| Untracked 
|  10|0x0000000704000000, 0x0000000704200000, 0x0000000704200000|100%|HS|  |TAMS 0x0000000704200000, 0x0000000704000000| Untracked 
|  11|0x0000000704200000, 0x0000000704400000, 0x0000000704400000|100%| O|  |TAMS 0x0000000704200000, 0x0000000704200000| Untracked 
|  12|0x0000000704400000, 0x00000007045ffff0, 0x0000000704600000| 99%| O|  |TAMS 0x0000000704400000, 0x0000000704400000| Untracked 
|  13|0x0000000704600000, 0x00000007047ffd40, 0x0000000704800000| 99%| O|  |TAMS 0x0000000704600000, 0x0000000704600000| Untracked 
|  14|0x0000000704800000, 0x00000007049ff0d8, 0x0000000704a00000| 99%| O|  |TAMS 0x0000000704800000, 0x0000000704800000| Untracked 
|  15|0x0000000704a00000, 0x0000000704bffff0, 0x0000000704c00000| 99%| O|  |TAMS 0x0000000704a00000, 0x0000000704a00000| Untracked 
|  16|0x0000000704c00000, 0x0000000704e00000, 0x0000000704e00000|100%| O|  |TAMS 0x0000000704c00000, 0x0000000704c00000| Untracked 
|  17|0x0000000704e00000, 0x0000000704ffffd8, 0x0000000705000000| 99%| O|  |TAMS 0x0000000704e00000, 0x0000000704e00000| Untracked 
|  18|0x0000000705000000, 0x00000007051feed0, 0x0000000705200000| 99%| O|  |TAMS 0x0000000705000000, 0x0000000705000000| Untracked 
|  19|0x0000000705200000, 0x00000007053fff38, 0x0000000705400000| 99%| O|  |TAMS 0x0000000705200000, 0x0000000705200000| Untracked 
|  20|0x0000000705400000, 0x00000007055b56f8, 0x0000000705600000| 85%| O|  |TAMS 0x0000000705400000, 0x0000000705400000| Untracked 
|  21|0x0000000705600000, 0x00000007057ffff8, 0x0000000705800000| 99%| O|  |TAMS 0x0000000705600000, 0x0000000705600000| Untracked 
|  22|0x0000000705800000, 0x0000000705a00000, 0x0000000705a00000|100%| O|  |TAMS 0x0000000705a00000, 0x0000000705800000| Untracked 
|  23|0x0000000705a00000, 0x0000000705c00000, 0x0000000705c00000|100%| O|  |TAMS 0x0000000705c00000, 0x0000000705a00000| Untracked 
|  24|0x0000000705c00000, 0x0000000705dffff8, 0x0000000705e00000| 99%| O|  |TAMS 0x0000000705c00000, 0x0000000705c00000| Untracked 
|  25|0x0000000705e00000, 0x0000000705fffff0, 0x0000000706000000| 99%| O|  |TAMS 0x0000000705e00000, 0x0000000705e00000| Untracked 
|  26|0x0000000706000000, 0x0000000706200000, 0x0000000706200000|100%| O|  |TAMS 0x0000000706200000, 0x0000000706000000| Untracked 
|  27|0x0000000706200000, 0x0000000706400000, 0x0000000706400000|100%| O|  |TAMS 0x0000000706200000, 0x0000000706200000| Untracked 
|  28|0x0000000706400000, 0x0000000706600000, 0x0000000706600000|100%| O|  |TAMS 0x0000000706400000, 0x0000000706400000| Untracked 
|  29|0x0000000706600000, 0x00000007067fffe0, 0x0000000706800000| 99%| O|  |TAMS 0x0000000706600000, 0x0000000706600000| Untracked 
|  30|0x0000000706800000, 0x0000000706800000, 0x0000000706a00000|  0%| F|  |TAMS 0x0000000706800000, 0x0000000706800000| Untracked 
|  31|0x0000000706a00000, 0x0000000706c00000, 0x0000000706c00000|100%| O|  |TAMS 0x0000000706c00000, 0x0000000706a00000| Untracked 
|  32|0x0000000706c00000, 0x0000000706c79750, 0x0000000706e00000| 23%| O|  |TAMS 0x0000000706c00000, 0x0000000706c00000| Untracked 
|  33|0x0000000706e00000, 0x0000000707000000, 0x0000000707000000|100%| O|  |TAMS 0x0000000707000000, 0x0000000706e00000| Untracked 
|  34|0x0000000707000000, 0x00000007071f2f70, 0x0000000707200000| 97%| O|  |TAMS 0x0000000707000000, 0x0000000707000000| Untracked 
|  35|0x0000000707200000, 0x0000000707400000, 0x0000000707400000|100%| O|  |TAMS 0x0000000707400000, 0x0000000707200000| Untracked 
|  36|0x0000000707400000, 0x000000070759a900, 0x0000000707600000| 80%| O|  |TAMS 0x0000000707400000, 0x0000000707400000| Untracked 
|  37|0x0000000707600000, 0x0000000707800000, 0x0000000707800000|100%| O|  |TAMS 0x0000000707800000, 0x0000000707600000| Untracked 
|  38|0x0000000707800000, 0x00000007079fff18, 0x0000000707a00000| 99%| O|  |TAMS 0x0000000707800000, 0x0000000707800000| Untracked 
|  39|0x0000000707a00000, 0x0000000707c00000, 0x0000000707c00000|100%| O|  |TAMS 0x0000000707a00000, 0x0000000707a00000| Untracked 
|  40|0x0000000707c00000, 0x0000000707e00000, 0x0000000707e00000|100%|HS|  |TAMS 0x0000000707e00000, 0x0000000707c00000| Untracked 
|  41|0x0000000707e00000, 0x0000000707e00000, 0x0000000708000000|  0%| F|  |TAMS 0x0000000707e00000, 0x0000000707e00000| Untracked 
|  42|0x0000000708000000, 0x00000007081fe158, 0x0000000708200000| 99%| O|  |TAMS 0x0000000708000000, 0x0000000708000000| Untracked 
|  43|0x0000000708200000, 0x0000000708200000, 0x0000000708400000|  0%| F|  |TAMS 0x0000000708200000, 0x0000000708200000| Untracked 
|  44|0x0000000708400000, 0x0000000708400000, 0x0000000708600000|  0%| F|  |TAMS 0x0000000708400000, 0x0000000708400000| Untracked 
|  45|0x0000000708600000, 0x0000000708600000, 0x0000000708800000|  0%| F|  |TAMS 0x0000000708600000, 0x0000000708600000| Untracked 
|  46|0x0000000708800000, 0x0000000708850610, 0x0000000708a00000| 15%| O|  |TAMS 0x0000000708800000, 0x0000000708800000| Untracked 
|  47|0x0000000708a00000, 0x0000000708a00000, 0x0000000708c00000|  0%| F|  |TAMS 0x0000000708a00000, 0x0000000708a00000| Untracked 
|  48|0x0000000708c00000, 0x0000000708c00000, 0x0000000708e00000|  0%| F|  |TAMS 0x0000000708c00000, 0x0000000708c00000| Untracked 
|  49|0x0000000708e00000, 0x0000000708e00000, 0x0000000709000000|  0%| F|  |TAMS 0x0000000708e00000, 0x0000000708e00000| Untracked 
|  50|0x0000000709000000, 0x0000000709000000, 0x0000000709200000|  0%| F|  |TAMS 0x0000000709000000, 0x0000000709000000| Untracked 
|  51|0x0000000709200000, 0x0000000709400000, 0x0000000709400000|100%| O|  |TAMS 0x0000000709400000, 0x0000000709200000| Untracked 
|  52|0x0000000709400000, 0x00000007095fffe0, 0x0000000709600000| 99%| O|  |TAMS 0x0000000709400000, 0x0000000709400000| Untracked 
|  53|0x0000000709600000, 0x0000000709600000, 0x0000000709800000|  0%| F|  |TAMS 0x0000000709600000, 0x0000000709600000| Untracked 
|  54|0x0000000709800000, 0x0000000709a00000, 0x0000000709a00000|100%| O|  |TAMS 0x0000000709800000, 0x0000000709800000| Untracked 
|  55|0x0000000709a00000, 0x0000000709a00000, 0x0000000709c00000|  0%| F|  |TAMS 0x0000000709a00000, 0x0000000709a00000| Untracked 
|  56|0x0000000709c00000, 0x0000000709d72078, 0x0000000709e00000| 72%| O|  |TAMS 0x0000000709c00000, 0x0000000709c00000| Untracked 
|  57|0x0000000709e00000, 0x0000000709e12b38, 0x000000070a000000|  3%| O|  |TAMS 0x0000000709e00000, 0x0000000709e00000| Untracked 
|  58|0x000000070a000000, 0x000000070a000000, 0x000000070a200000|  0%| F|  |TAMS 0x000000070a000000, 0x000000070a000000| Untracked 
|  59|0x000000070a200000, 0x000000070a200000, 0x000000070a400000|  0%| F|  |TAMS 0x000000070a200000, 0x000000070a200000| Untracked 
|  60|0x000000070a400000, 0x000000070a600000, 0x000000070a600000|100%|HS|  |TAMS 0x000000070a600000, 0x000000070a400000| Untracked 
|  61|0x000000070a600000, 0x000000070a800000, 0x000000070a800000|100%|HC|  |TAMS 0x000000070a800000, 0x000000070a600000| Untracked 
|  62|0x000000070a800000, 0x000000070aa00000, 0x000000070aa00000|100%|HC|  |TAMS 0x000000070aa00000, 0x000000070a800000| Untracked 
|  63|0x000000070aa00000, 0x000000070ac00000, 0x000000070ac00000|100%|HC|  |TAMS 0x000000070ac00000, 0x000000070aa00000| Untracked 
|  64|0x000000070ac00000, 0x000000070ac00000, 0x000000070ae00000|  0%| F|  |TAMS 0x000000070ac00000, 0x000000070ac00000| Untracked 
|  65|0x000000070ae00000, 0x000000070ae00000, 0x000000070b000000|  0%| F|  |TAMS 0x000000070ae00000, 0x000000070ae00000| Untracked 
|  66|0x000000070b000000, 0x000000070b000000, 0x000000070b200000|  0%| F|  |TAMS 0x000000070b000000, 0x000000070b000000| Untracked 
|  67|0x000000070b200000, 0x000000070b200000, 0x000000070b400000|  0%| F|  |TAMS 0x000000070b200000, 0x000000070b200000| Untracked 
|  68|0x000000070b400000, 0x000000070b400e70, 0x000000070b600000|  0%| O|  |TAMS 0x000000070b400000, 0x000000070b400000| Untracked 
|  69|0x000000070b600000, 0x000000070b600000, 0x000000070b800000|  0%| F|  |TAMS 0x000000070b600000, 0x000000070b600000| Untracked 
|  70|0x000000070b800000, 0x000000070b800000, 0x000000070ba00000|  0%| F|  |TAMS 0x000000070b800000, 0x000000070b800000| Untracked 
|  71|0x000000070ba00000, 0x000000070ba00000, 0x000000070bc00000|  0%| F|  |TAMS 0x000000070ba00000, 0x000000070ba00000| Untracked 
|  72|0x000000070bc00000, 0x000000070bc00000, 0x000000070be00000|  0%| F|  |TAMS 0x000000070bc00000, 0x000000070bc00000| Untracked 
|  73|0x000000070be00000, 0x000000070be00000, 0x000000070c000000|  0%| F|  |TAMS 0x000000070be00000, 0x000000070be00000| Untracked 
|  74|0x000000070c000000, 0x000000070c000000, 0x000000070c200000|  0%| F|  |TAMS 0x000000070c000000, 0x000000070c000000| Untracked 
|  75|0x000000070c200000, 0x000000070c200000, 0x000000070c400000|  0%| F|  |TAMS 0x000000070c200000, 0x000000070c200000| Untracked 
|  76|0x000000070c400000, 0x000000070c400000, 0x000000070c600000|  0%| F|  |TAMS 0x000000070c400000, 0x000000070c400000| Untracked 
|  77|0x000000070c600000, 0x000000070c600000, 0x000000070c800000|  0%| F|  |TAMS 0x000000070c600000, 0x000000070c600000| Untracked 
|  78|0x000000070c800000, 0x000000070c800000, 0x000000070ca00000|  0%| F|  |TAMS 0x000000070c800000, 0x000000070c800000| Untracked 
|  79|0x000000070ca00000, 0x000000070ca00000, 0x000000070cc00000|  0%| F|  |TAMS 0x000000070ca00000, 0x000000070ca00000| Untracked 
|  80|0x000000070cc00000, 0x000000070cc00000, 0x000000070ce00000|  0%| F|  |TAMS 0x000000070cc00000, 0x000000070cc00000| Untracked 
|  81|0x000000070ce00000, 0x000000070ce00000, 0x000000070d000000|  0%| F|  |TAMS 0x000000070ce00000, 0x000000070ce00000| Untracked 
|  82|0x000000070d000000, 0x000000070d000000, 0x000000070d200000|  0%| F|  |TAMS 0x000000070d000000, 0x000000070d000000| Untracked 
|  83|0x000000070d200000, 0x000000070d200000, 0x000000070d400000|  0%| F|  |TAMS 0x000000070d200000, 0x000000070d200000| Untracked 
|  84|0x000000070d400000, 0x000000070d400000, 0x000000070d600000|  0%| F|  |TAMS 0x000000070d400000, 0x000000070d400000| Untracked 
|  85|0x000000070d600000, 0x000000070d600000, 0x000000070d800000|  0%| F|  |TAMS 0x000000070d600000, 0x000000070d600000| Untracked 
|  86|0x000000070d800000, 0x000000070d800000, 0x000000070da00000|  0%| F|  |TAMS 0x000000070d800000, 0x000000070d800000| Untracked 
|  87|0x000000070da00000, 0x000000070da00000, 0x000000070dc00000|  0%| F|  |TAMS 0x000000070da00000, 0x000000070da00000| Untracked 
|  88|0x000000070dc00000, 0x000000070dc00000, 0x000000070de00000|  0%| F|  |TAMS 0x000000070dc00000, 0x000000070dc00000| Untracked 
|  89|0x000000070de00000, 0x000000070de00000, 0x000000070e000000|  0%| F|  |TAMS 0x000000070de00000, 0x000000070de00000| Untracked 
|  90|0x000000070e000000, 0x000000070e000000, 0x000000070e200000|  0%| F|  |TAMS 0x000000070e000000, 0x000000070e000000| Untracked 
|  91|0x000000070e200000, 0x000000070e200000, 0x000000070e400000|  0%| F|  |TAMS 0x000000070e200000, 0x000000070e200000| Untracked 
|  92|0x000000070e400000, 0x000000070e400000, 0x000000070e600000|  0%| F|  |TAMS 0x000000070e400000, 0x000000070e400000| Untracked 
|  93|0x000000070e600000, 0x000000070e600000, 0x000000070e800000|  0%| F|  |TAMS 0x000000070e600000, 0x000000070e600000| Untracked 
|  94|0x000000070e800000, 0x000000070e800000, 0x000000070ea00000|  0%| F|  |TAMS 0x000000070e800000, 0x000000070e800000| Untracked 
|  95|0x000000070ea00000, 0x000000070ea00000, 0x000000070ec00000|  0%| F|  |TAMS 0x000000070ea00000, 0x000000070ea00000| Untracked 
|  96|0x000000070ec00000, 0x000000070ec00000, 0x000000070ee00000|  0%| F|  |TAMS 0x000000070ec00000, 0x000000070ec00000| Untracked 
|  97|0x000000070ee00000, 0x000000070ee00000, 0x000000070f000000|  0%| F|  |TAMS 0x000000070ee00000, 0x000000070ee00000| Untracked 
|  98|0x000000070f000000, 0x000000070f000000, 0x000000070f200000|  0%| F|  |TAMS 0x000000070f000000, 0x000000070f000000| Untracked 
|  99|0x000000070f200000, 0x000000070f200000, 0x000000070f400000|  0%| F|  |TAMS 0x000000070f200000, 0x000000070f200000| Untracked 
| 100|0x000000070f400000, 0x000000070f400000, 0x000000070f600000|  0%| F|  |TAMS 0x000000070f400000, 0x000000070f400000| Untracked 
| 101|0x000000070f600000, 0x000000070f600000, 0x000000070f800000|  0%| F|  |TAMS 0x000000070f600000, 0x000000070f600000| Untracked 
| 102|0x000000070f800000, 0x000000070f800000, 0x000000070fa00000|  0%| F|  |TAMS 0x000000070f800000, 0x000000070f800000| Untracked 
| 103|0x000000070fa00000, 0x000000070fa00000, 0x000000070fc00000|  0%| F|  |TAMS 0x000000070fa00000, 0x000000070fa00000| Untracked 
| 104|0x000000070fc00000, 0x000000070fc00000, 0x000000070fe00000|  0%| F|  |TAMS 0x000000070fc00000, 0x000000070fc00000| Untracked 
| 105|0x000000070fe00000, 0x000000070fe00000, 0x0000000710000000|  0%| F|  |TAMS 0x000000070fe00000, 0x000000070fe00000| Untracked 
| 106|0x0000000710000000, 0x0000000710000000, 0x0000000710200000|  0%| F|  |TAMS 0x0000000710000000, 0x0000000710000000| Untracked 
| 107|0x0000000710200000, 0x00000007103ec110, 0x0000000710400000| 96%| E|  |TAMS 0x0000000710200000, 0x0000000710200000| Complete 
| 108|0x0000000710400000, 0x0000000710600000, 0x0000000710600000|100%|HS|  |TAMS 0x0000000710600000, 0x0000000710400000| Untracked 
| 109|0x0000000710600000, 0x0000000710800000, 0x0000000710800000|100%|HC|  |TAMS 0x0000000710800000, 0x0000000710600000| Untracked 
| 110|0x0000000710800000, 0x0000000710a00000, 0x0000000710a00000|100%| E|CS|TAMS 0x0000000710800000, 0x0000000710800000| Complete 
| 111|0x0000000710a00000, 0x0000000710c00000, 0x0000000710c00000|100%| E|CS|TAMS 0x0000000710a00000, 0x0000000710a00000| Complete 
| 112|0x0000000710c00000, 0x0000000710e00000, 0x0000000710e00000|100%| E|CS|TAMS 0x0000000710c00000, 0x0000000710c00000| Complete 
| 113|0x0000000710e00000, 0x0000000711000000, 0x0000000711000000|100%| E|CS|TAMS 0x0000000710e00000, 0x0000000710e00000| Complete 
| 114|0x0000000711000000, 0x0000000711200000, 0x0000000711200000|100%| E|CS|TAMS 0x0000000711000000, 0x0000000711000000| Complete 
| 115|0x0000000711200000, 0x0000000711400000, 0x0000000711400000|100%| E|CS|TAMS 0x0000000711200000, 0x0000000711200000| Complete 
| 116|0x0000000711400000, 0x0000000711600000, 0x0000000711600000|100%| E|CS|TAMS 0x0000000711400000, 0x0000000711400000| Complete 
| 117|0x0000000711600000, 0x0000000711800000, 0x0000000711800000|100%| E|CS|TAMS 0x0000000711600000, 0x0000000711600000| Complete 
| 118|0x0000000711800000, 0x0000000711a00000, 0x0000000711a00000|100%| E|CS|TAMS 0x0000000711800000, 0x0000000711800000| Complete 
| 119|0x0000000711a00000, 0x0000000711c00000, 0x0000000711c00000|100%| E|CS|TAMS 0x0000000711a00000, 0x0000000711a00000| Complete 
| 120|0x0000000711c00000, 0x0000000711e00000, 0x0000000711e00000|100%| E|CS|TAMS 0x0000000711c00000, 0x0000000711c00000| Complete 
| 121|0x0000000711e00000, 0x0000000712000000, 0x0000000712000000|100%| E|CS|TAMS 0x0000000711e00000, 0x0000000711e00000| Complete 
| 122|0x0000000712000000, 0x0000000712200000, 0x0000000712200000|100%| E|CS|TAMS 0x0000000712000000, 0x0000000712000000| Complete 
| 123|0x0000000712200000, 0x0000000712400000, 0x0000000712400000|100%| E|CS|TAMS 0x0000000712200000, 0x0000000712200000| Complete 
| 124|0x0000000712400000, 0x0000000712600000, 0x0000000712600000|100%| E|CS|TAMS 0x0000000712400000, 0x0000000712400000| Complete 
| 125|0x0000000712600000, 0x0000000712800000, 0x0000000712800000|100%| E|CS|TAMS 0x0000000712600000, 0x0000000712600000| Complete 
| 126|0x0000000712800000, 0x0000000712a00000, 0x0000000712a00000|100%| E|CS|TAMS 0x0000000712800000, 0x0000000712800000| Complete 
| 127|0x0000000712a00000, 0x0000000712c00000, 0x0000000712c00000|100%| E|CS|TAMS 0x0000000712a00000, 0x0000000712a00000| Complete 
| 128|0x0000000712c00000, 0x0000000712e00000, 0x0000000712e00000|100%| E|CS|TAMS 0x0000000712c00000, 0x0000000712c00000| Complete 
| 129|0x0000000712e00000, 0x0000000713000000, 0x0000000713000000|100%| E|CS|TAMS 0x0000000712e00000, 0x0000000712e00000| Complete 
| 130|0x0000000713000000, 0x0000000713200000, 0x0000000713200000|100%| E|CS|TAMS 0x0000000713000000, 0x0000000713000000| Complete 
| 131|0x0000000713200000, 0x0000000713400000, 0x0000000713400000|100%| E|CS|TAMS 0x0000000713200000, 0x0000000713200000| Complete 
| 132|0x0000000713400000, 0x0000000713600000, 0x0000000713600000|100%| E|CS|TAMS 0x0000000713400000, 0x0000000713400000| Complete 
| 133|0x0000000713600000, 0x0000000713800000, 0x0000000713800000|100%| E|CS|TAMS 0x0000000713600000, 0x0000000713600000| Complete 
| 134|0x0000000713800000, 0x0000000713a00000, 0x0000000713a00000|100%| E|CS|TAMS 0x0000000713800000, 0x0000000713800000| Complete 
| 135|0x0000000713a00000, 0x0000000713c00000, 0x0000000713c00000|100%| E|CS|TAMS 0x0000000713a00000, 0x0000000713a00000| Complete 
| 136|0x0000000713c00000, 0x0000000713e00000, 0x0000000713e00000|100%| E|CS|TAMS 0x0000000713c00000, 0x0000000713c00000| Complete 
| 137|0x0000000713e00000, 0x0000000714000000, 0x0000000714000000|100%| E|CS|TAMS 0x0000000713e00000, 0x0000000713e00000| Complete 
| 138|0x0000000714000000, 0x0000000714200000, 0x0000000714200000|100%| E|CS|TAMS 0x0000000714000000, 0x0000000714000000| Complete 
| 139|0x0000000714200000, 0x0000000714400000, 0x0000000714400000|100%| E|CS|TAMS 0x0000000714200000, 0x0000000714200000| Complete 
| 140|0x0000000714400000, 0x0000000714600000, 0x0000000714600000|100%| E|CS|TAMS 0x0000000714400000, 0x0000000714400000| Complete 
| 141|0x0000000714600000, 0x0000000714800000, 0x0000000714800000|100%| E|CS|TAMS 0x0000000714600000, 0x0000000714600000| Complete 
| 142|0x0000000714800000, 0x0000000714a00000, 0x0000000714a00000|100%| E|CS|TAMS 0x0000000714800000, 0x0000000714800000| Complete 
| 143|0x0000000714a00000, 0x0000000714c00000, 0x0000000714c00000|100%| E|CS|TAMS 0x0000000714a00000, 0x0000000714a00000| Complete 
| 144|0x0000000714c00000, 0x0000000714e00000, 0x0000000714e00000|100%| E|CS|TAMS 0x0000000714c00000, 0x0000000714c00000| Complete 
| 145|0x0000000714e00000, 0x0000000715000000, 0x0000000715000000|100%| E|CS|TAMS 0x0000000714e00000, 0x0000000714e00000| Complete 
| 146|0x0000000715000000, 0x0000000715200000, 0x0000000715200000|100%| E|CS|TAMS 0x0000000715000000, 0x0000000715000000| Complete 
| 147|0x0000000715200000, 0x0000000715400000, 0x0000000715400000|100%| E|CS|TAMS 0x0000000715200000, 0x0000000715200000| Complete 
| 148|0x0000000715400000, 0x0000000715600000, 0x0000000715600000|100%| E|CS|TAMS 0x0000000715400000, 0x0000000715400000| Complete 
| 149|0x0000000715600000, 0x0000000715800000, 0x0000000715800000|100%| E|CS|TAMS 0x0000000715600000, 0x0000000715600000| Complete 
| 150|0x0000000715800000, 0x0000000715a00000, 0x0000000715a00000|100%| E|CS|TAMS 0x0000000715800000, 0x0000000715800000| Complete 
| 151|0x0000000715a00000, 0x0000000715c00000, 0x0000000715c00000|100%| E|CS|TAMS 0x0000000715a00000, 0x0000000715a00000| Complete 
| 152|0x0000000715c00000, 0x0000000715e00000, 0x0000000715e00000|100%| E|CS|TAMS 0x0000000715c00000, 0x0000000715c00000| Complete 
| 153|0x0000000715e00000, 0x0000000716000000, 0x0000000716000000|100%| E|CS|TAMS 0x0000000715e00000, 0x0000000715e00000| Complete 
| 154|0x0000000716000000, 0x0000000716200000, 0x0000000716200000|100%| E|CS|TAMS 0x0000000716000000, 0x0000000716000000| Complete 
| 155|0x0000000716200000, 0x0000000716400000, 0x0000000716400000|100%| E|CS|TAMS 0x0000000716200000, 0x0000000716200000| Complete 
| 156|0x0000000716400000, 0x0000000716600000, 0x0000000716600000|100%| E|CS|TAMS 0x0000000716400000, 0x0000000716400000| Complete 
| 157|0x0000000716600000, 0x0000000716800000, 0x0000000716800000|100%| E|CS|TAMS 0x0000000716600000, 0x0000000716600000| Complete 
| 158|0x0000000716800000, 0x0000000716a00000, 0x0000000716a00000|100%| E|CS|TAMS 0x0000000716800000, 0x0000000716800000| Complete 
| 159|0x0000000716a00000, 0x0000000716c00000, 0x0000000716c00000|100%| E|CS|TAMS 0x0000000716a00000, 0x0000000716a00000| Complete 
| 160|0x0000000716c00000, 0x0000000716e00000, 0x0000000716e00000|100%| E|CS|TAMS 0x0000000716c00000, 0x0000000716c00000| Complete 
| 161|0x0000000716e00000, 0x0000000717000000, 0x0000000717000000|100%| E|CS|TAMS 0x0000000716e00000, 0x0000000716e00000| Complete 
| 162|0x0000000717000000, 0x0000000717200000, 0x0000000717200000|100%| E|CS|TAMS 0x0000000717000000, 0x0000000717000000| Complete 
| 163|0x0000000717200000, 0x0000000717400000, 0x0000000717400000|100%| E|CS|TAMS 0x0000000717200000, 0x0000000717200000| Complete 
| 164|0x0000000717400000, 0x0000000717600000, 0x0000000717600000|100%| E|CS|TAMS 0x0000000717400000, 0x0000000717400000| Complete 
| 165|0x0000000717600000, 0x0000000717800000, 0x0000000717800000|100%| E|CS|TAMS 0x0000000717600000, 0x0000000717600000| Complete 
| 166|0x0000000717800000, 0x0000000717a00000, 0x0000000717a00000|100%| E|CS|TAMS 0x0000000717800000, 0x0000000717800000| Complete 
| 167|0x0000000717a00000, 0x0000000717c00000, 0x0000000717c00000|100%| E|CS|TAMS 0x0000000717a00000, 0x0000000717a00000| Complete 
| 168|0x0000000717c00000, 0x0000000717e00000, 0x0000000717e00000|100%| E|CS|TAMS 0x0000000717c00000, 0x0000000717c00000| Complete 
| 169|0x0000000717e00000, 0x0000000718000000, 0x0000000718000000|100%| E|CS|TAMS 0x0000000717e00000, 0x0000000717e00000| Complete 
| 170|0x0000000718000000, 0x0000000718200000, 0x0000000718200000|100%| E|CS|TAMS 0x0000000718000000, 0x0000000718000000| Complete 
| 171|0x0000000718200000, 0x0000000718400000, 0x0000000718400000|100%| E|CS|TAMS 0x0000000718200000, 0x0000000718200000| Complete 
| 172|0x0000000718400000, 0x0000000718600000, 0x0000000718600000|100%| E|CS|TAMS 0x0000000718400000, 0x0000000718400000| Complete 
| 173|0x0000000718600000, 0x0000000718800000, 0x0000000718800000|100%| E|CS|TAMS 0x0000000718600000, 0x0000000718600000| Complete 
| 174|0x0000000718800000, 0x0000000718a00000, 0x0000000718a00000|100%| E|CS|TAMS 0x0000000718800000, 0x0000000718800000| Complete 
| 175|0x0000000718a00000, 0x0000000718c00000, 0x0000000718c00000|100%| E|CS|TAMS 0x0000000718a00000, 0x0000000718a00000| Complete 
| 176|0x0000000718c00000, 0x0000000718e00000, 0x0000000718e00000|100%| E|CS|TAMS 0x0000000718c00000, 0x0000000718c00000| Complete 
| 177|0x0000000718e00000, 0x0000000719000000, 0x0000000719000000|100%| E|CS|TAMS 0x0000000718e00000, 0x0000000718e00000| Complete 
| 178|0x0000000719000000, 0x0000000719200000, 0x0000000719200000|100%| E|CS|TAMS 0x0000000719000000, 0x0000000719000000| Complete 
| 179|0x0000000719200000, 0x0000000719400000, 0x0000000719400000|100%| E|CS|TAMS 0x0000000719200000, 0x0000000719200000| Complete 

Card table byte_map: [0x0000017c53520000,0x0000017c53d10000] _byte_map_base: 0x0000017c4fd0a000

Marking Bits (Prev, Next): (CMBitMap*) 0x0000017c3bf5a290, (CMBitMap*) 0x0000017c3bf5a2d0
 Prev Bits: [0x0000017c54500000, 0x0000017c58450000)
 Next Bits: [0x0000017c58450000, 0x0000017c5c3a0000)

Polling page: 0x0000017c3b6d0000

Metaspace:

Usage:
  Non-class:     62.06 MB used.
      Class:      7.36 MB used.
       Both:     69.41 MB used.

Virtual space:
  Non-class space:       64.00 MB reserved,      62.31 MB ( 97%) committed,  8 nodes.
      Class space:        1.00 GB reserved,       7.56 MB ( <1%) committed,  1 nodes.
             Both:        1.06 GB reserved,      69.88 MB (  6%) committed. 

Chunk freelists:
   Non-Class:  912.00 KB
       Class:  321.00 KB
        Both:  1.20 MB

MaxMetaspaceSize: unlimited
CompressedClassSpaceSize: 1.00 GB
Initial GC threshold: 21.00 MB
Current GC threshold: 116.06 MB
CDS: on
MetaspaceReclaimPolicy: balanced
 - commit_granule_bytes: 65536.
 - commit_granule_words: 8192.
 - virtual_space_node_default_size: 1048576.
 - enlarge_chunks_in_place: 1.
 - new_chunks_are_fully_committed: 0.
 - uncommit_free_chunks: 1.
 - use_allocation_guard: 0.
 - handle_deallocations: 1.


Internal statistics:

num_allocs_failed_limit: 8.
num_arena_births: 748.
num_arena_deaths: 0.
num_vsnodes_births: 9.
num_vsnodes_deaths: 0.
num_space_committed: 1114.
num_space_uncommitted: 0.
num_chunks_returned_to_freelist: 8.
num_chunks_taken_from_freelist: 2708.
num_chunk_merges: 8.
num_chunk_splits: 1875.
num_chunks_enlarged: 1336.
num_purges: 0.
num_inconsistent_stats: 0.

CodeHeap 'non-profiled nmethods': size=120000Kb used=15788Kb max_used=15788Kb free=104211Kb
 bounds [0x0000017c4b4c0000, 0x0000017c4c430000, 0x0000017c529f0000]
CodeHeap 'profiled nmethods': size=120000Kb used=32429Kb max_used=33123Kb free=87570Kb
 bounds [0x0000017c43f90000, 0x0000017c460a0000, 0x0000017c4b4c0000]
CodeHeap 'non-nmethods': size=5760Kb used=2025Kb max_used=2188Kb free=3734Kb
 bounds [0x0000017c439f0000, 0x0000017c43c60000, 0x0000017c43f90000]
 total_blobs=14006 nmethods=12447 adapters=1469
 compilation: enabled
              stopped_count=0, restarted_count=0
 full_count=0

Compilation events (20 events):
Event: 633.398 Thread 0x0000017c63828b60 nmethod 16916 0x0000017c4c426410 code [0x0000017c4c4265a0, 0x0000017c4c426818]
Event: 633.425 Thread 0x0000017c5edfd790 nmethod 16920% 0x0000017c4c426910 code [0x0000017c4c426be0, 0x0000017c4c429598]
Event: 636.564 Thread 0x0000017c5ee06240 16921       3       java.nio.HeapByteBuffer::get (15 bytes)
Event: 636.564 Thread 0x0000017c5ee06240 nmethod 16921 0x0000017c45af3910 code [0x0000017c45af3ac0, 0x0000017c45af3cb8]
Event: 637.016 Thread 0x0000017c5ee06240 16922       3       net.runelite.client.plugins.timetracking.farming.PatchImplementation$13::forVarbitValue (221 bytes)
Event: 637.017 Thread 0x0000017c5ee06240 nmethod 16922 0x0000017c45aee690 code [0x0000017c45aee9c0, 0x0000017c45aeffd8]
Event: 638.928 Thread 0x0000017c5edfd790 16923       4       java.time.Duration::compareTo (28 bytes)
Event: 638.928 Thread 0x0000017c5edfd790 nmethod 16923 0x0000017c4c42ab10 code [0x0000017c4c42ac80, 0x0000017c4c42ad38]
Event: 662.264 Thread 0x0000017c5ee06240 16924 % !   3       ab::run @ 262 (418 bytes)
Event: 662.267 Thread 0x0000017c5ee06240 nmethod 16924% 0x0000017c45224c10 code [0x0000017c45225240, 0x0000017c45228138]
Event: 665.998 Thread 0x0000017c5ee06240 16925       3       okhttp3.internal.Util::delimiterOffset (30 bytes)
Event: 665.999 Thread 0x0000017c5ee06240 nmethod 16925 0x0000017c4543ca10 code [0x0000017c4543cc20, 0x0000017c4543d338]
Event: 665.999 Thread 0x0000017c5ee06240 16926       3       okio.Buffer::writeByte (6 bytes)
Event: 665.999 Thread 0x0000017c5ee06240 nmethod 16926 0x0000017c44781290 code [0x0000017c44781420, 0x0000017c44781568]
Event: 672.569 Thread 0x0000017c5ee06240 16927 % !   3       ab::run @ 322 (418 bytes)
Event: 672.570 Thread 0x0000017c5ee06240 nmethod 16927% 0x0000017c454df910 code [0x0000017c454dff40, 0x0000017c454e2e58]
Event: 673.228 Thread 0x0000017c5edfd790 16928       4       java.lang.AbstractStringBuilder::getBytes (44 bytes)
Event: 673.229 Thread 0x0000017c5edfd790 nmethod 16928 0x0000017c4c42ae10 code [0x0000017c4c42afa0, 0x0000017c4c42b238]
Event: 677.634 Thread 0x0000017c5ee06240 16929       3       java.util.logging.LogManager$LoggerContext::getGlobalLogger (6 bytes)
Event: 677.634 Thread 0x0000017c5ee06240 nmethod 16929 0x0000017c44cdf210 code [0x0000017c44cdf3a0, 0x0000017c44cdf4b8]

GC Heap History (20 events):
Event: 127.465 GC heap before
{Heap before GC invocations=38 (full 0):
 garbage-first heap   total 405504K, used 321739K [0x0000000702c00000, 0x0000000800000000)
  region size 2048K, 87 young (178176K), 1 survivors (2048K)
 Metaspace       used 70382K, committed 70912K, reserved 1114112K
  class space    used 7514K, committed 7744K, reserved 1048576K
}
Event: 127.467 GC heap after
{Heap after GC invocations=39 (full 0):
 garbage-first heap   total 405504K, used 146046K [0x0000000702c00000, 0x0000000800000000)
  region size 2048K, 1 young (2048K), 1 survivors (2048K)
 Metaspace       used 70382K, committed 70912K, reserved 1114112K
  class space    used 7514K, committed 7744K, reserved 1048576K
}
Event: 165.890 GC heap before
{Heap before GC invocations=40 (full 0):
 garbage-first heap   total 405504K, used 320126K [0x0000000702c00000, 0x0000000800000000)
  region size 2048K, 90 young (184320K), 1 survivors (2048K)
 Metaspace       used 70503K, committed 70976K, reserved 1114112K
  class space    used 7521K, committed 7744K, reserved 1048576K
}
Event: 165.896 GC heap after
{Heap after GC invocations=41 (full 0):
 garbage-first heap   total 405504K, used 165740K [0x0000000702c00000, 0x0000000800000000)
  region size 2048K, 12 young (24576K), 12 survivors (24576K)
 Metaspace       used 70503K, committed 70976K, reserved 1114112K
  class space    used 7521K, committed 7744K, reserved 1048576K
}
Event: 166.586 GC heap before
{Heap before GC invocations=41 (full 0):
 garbage-first heap   total 405504K, used 167788K [0x0000000702c00000, 0x0000000800000000)
  region size 2048K, 13 young (26624K), 12 survivors (24576K)
 Metaspace       used 70504K, committed 70976K, reserved 1114112K
  class space    used 7521K, committed 7744K, reserved 1048576K
}
Event: 166.594 GC heap after
{Heap after GC invocations=42 (full 0):
 garbage-first heap   total 405504K, used 165657K [0x0000000702c00000, 0x0000000800000000)
  region size 2048K, 2 young (4096K), 2 survivors (4096K)
 Metaspace       used 70504K, committed 70976K, reserved 1114112K
  class space    used 7521K, committed 7744K, reserved 1048576K
}
Event: 220.494 GC heap before
{Heap before GC invocations=42 (full 0):
 garbage-first heap   total 405504K, used 313113K [0x0000000702c00000, 0x0000000800000000)
  region size 2048K, 74 young (151552K), 2 survivors (4096K)
 Metaspace       used 70606K, committed 71104K, reserved 1114112K
  class space    used 7522K, committed 7744K, reserved 1048576K
}
Event: 220.496 GC heap after
{Heap after GC invocations=43 (full 0):
 garbage-first heap   total 405504K, used 163177K [0x0000000702c00000, 0x0000000800000000)
  region size 2048K, 1 young (2048K), 1 survivors (2048K)
 Metaspace       used 70606K, committed 71104K, reserved 1114112K
  class space    used 7522K, committed 7744K, reserved 1048576K
}
Event: 278.083 GC heap before
{Heap before GC invocations=44 (full 0):
 garbage-first heap   total 405504K, used 318825K [0x0000000702c00000, 0x0000000800000000)
  region size 2048K, 77 young (157696K), 1 survivors (2048K)
 Metaspace       used 70658K, committed 71104K, reserved 1114112K
  class space    used 7524K, committed 7744K, reserved 1048576K
}
Event: 278.084 GC heap after
{Heap after GC invocations=45 (full 0):
 garbage-first heap   total 405504K, used 162608K [0x0000000702c00000, 0x0000000800000000)
  region size 2048K, 1 young (2048K), 1 survivors (2048K)
 Metaspace       used 70658K, committed 71104K, reserved 1114112K
  class space    used 7524K, committed 7744K, reserved 1048576K
}
Event: 284.387 GC heap before
{Heap before GC invocations=45 (full 0):
 garbage-first heap   total 405504K, used 178992K [0x0000000702c00000, 0x0000000800000000)
  region size 2048K, 9 young (18432K), 1 survivors (2048K)
 Metaspace       used 70660K, committed 71104K, reserved 1114112K
  class space    used 7524K, committed 7744K, reserved 1048576K
}
Event: 284.389 GC heap after
{Heap after GC invocations=46 (full 0):
 garbage-first heap   total 405504K, used 159494K [0x0000000702c00000, 0x0000000800000000)
  region size 2048K, 1 young (2048K), 1 survivors (2048K)
 Metaspace       used 70660K, committed 71104K, reserved 1114112K
  class space    used 7524K, committed 7744K, reserved 1048576K
}
Event: 346.238 GC heap before
{Heap before GC invocations=46 (full 0):
 garbage-first heap   total 405504K, used 327430K [0x0000000702c00000, 0x0000000800000000)
  region size 2048K, 83 young (169984K), 1 survivors (2048K)
 Metaspace       used 70716K, committed 71232K, reserved 1114112K
  class space    used 7525K, committed 7744K, reserved 1048576K
}
Event: 346.239 GC heap after
{Heap after GC invocations=47 (full 0):
 garbage-first heap   total 405504K, used 159585K [0x0000000702c00000, 0x0000000800000000)
  region size 2048K, 1 young (2048K), 1 survivors (2048K)
 Metaspace       used 70716K, committed 71232K, reserved 1114112K
  class space    used 7525K, committed 7744K, reserved 1048576K
}
Event: 409.422 GC heap before
{Heap before GC invocations=48 (full 0):
 garbage-first heap   total 405504K, used 333665K [0x0000000702c00000, 0x0000000800000000)
  region size 2048K, 86 young (176128K), 1 survivors (2048K)
 Metaspace       used 70751K, committed 71232K, reserved 1114112K
  class space    used 7530K, committed 7744K, reserved 1048576K
}
Event: 409.424 GC heap after
{Heap after GC invocations=49 (full 0):
 garbage-first heap   total 405504K, used 160772K [0x0000000702c00000, 0x0000000800000000)
  region size 2048K, 1 young (2048K), 1 survivors (2048K)
 Metaspace       used 70751K, committed 71232K, reserved 1114112K
  class space    used 7530K, committed 7744K, reserved 1048576K
}
Event: 415.563 GC heap before
{Heap before GC invocations=49 (full 0):
 garbage-first heap   total 405504K, used 177156K [0x0000000702c00000, 0x0000000800000000)
  region size 2048K, 9 young (18432K), 1 survivors (2048K)
 Metaspace       used 70754K, committed 71232K, reserved 1114112K
  class space    used 7530K, committed 7744K, reserved 1048576K
}
Event: 415.568 GC heap after
{Heap after GC invocations=50 (full 0):
 garbage-first heap   total 405504K, used 157160K [0x0000000702c00000, 0x0000000800000000)
  region size 2048K, 1 young (2048K), 1 survivors (2048K)
 Metaspace       used 70754K, committed 71232K, reserved 1114112K
  class space    used 7530K, committed 7744K, reserved 1048576K
}
Event: 437.813 GC heap before
{Heap before GC invocations=50 (full 0):
 garbage-first heap   total 405504K, used 216552K [0x0000000702c00000, 0x0000000800000000)
  region size 2048K, 31 young (63488K), 1 survivors (2048K)
 Metaspace       used 70844K, committed 71296K, reserved 1114112K
  class space    used 7530K, committed 7744K, reserved 1048576K
}
Event: 437.870 GC heap after
{Heap after GC invocations=51 (full 1):
 garbage-first heap   total 368640K, used 101798K [0x0000000702c00000, 0x0000000800000000)
  region size 2048K, 0 young (0K), 0 survivors (0K)
 Metaspace       used 70844K, committed 71296K, reserved 1114112K
  class space    used 7530K, committed 7744K, reserved 1048576K
}

Deoptimization events (20 events):
Event: 677.634 Thread 0x0000017c6090a530 Uncommon trap: trap_request=0xffffffde fr.pc=0x0000017c4b9b08d4 relative=0x0000000000000234
Event: 677.634 Thread 0x0000017c6090a530 Uncommon trap: reason=class_check action=maybe_recompile pc=0x0000017c4b9b08d4 method=java.util.Collections$3.nextElement()Ljava/lang/Object; @ 4 c2
Event: 677.634 Thread 0x0000017c6090a530 DEOPT PACKING pc=0x0000017c4b9b08d4 sp=0x0000001c3dffeef0
Event: 677.634 Thread 0x0000017c6090a530 DEOPT UNPACKING pc=0x0000017c43a423a3 sp=0x0000001c3dffeeb0 mode 2
Event: 677.634 Thread 0x0000017c6090a530 Uncommon trap: trap_request=0xffffffde fr.pc=0x0000017c4b8a6004 relative=0x0000000000000084
Event: 677.634 Thread 0x0000017c6090a530 Uncommon trap: reason=class_check action=maybe_recompile pc=0x0000017c4b8a6004 method=java.util.Collections$3.hasMoreElements()Z @ 4 c2
Event: 677.634 Thread 0x0000017c6090a530 DEOPT PACKING pc=0x0000017c4b8a6004 sp=0x0000001c3dffef20
Event: 677.634 Thread 0x0000017c6090a530 DEOPT UNPACKING pc=0x0000017c43a423a3 sp=0x0000001c3dffeeb0 mode 2
Event: 677.634 Thread 0x0000017c6090a530 Uncommon trap: trap_request=0xffffffde fr.pc=0x0000017c4b9b08d4 relative=0x0000000000000234
Event: 677.634 Thread 0x0000017c6090a530 Uncommon trap: reason=class_check action=maybe_recompile pc=0x0000017c4b9b08d4 method=java.util.Collections$3.nextElement()Ljava/lang/Object; @ 4 c2
Event: 677.634 Thread 0x0000017c6090a530 DEOPT PACKING pc=0x0000017c4b9b08d4 sp=0x0000001c3dffeef0
Event: 677.634 Thread 0x0000017c6090a530 DEOPT UNPACKING pc=0x0000017c43a423a3 sp=0x0000001c3dffeeb0 mode 2
Event: 677.634 Thread 0x0000017c6090a530 Uncommon trap: trap_request=0xffffffde fr.pc=0x0000017c4b8a6004 relative=0x0000000000000084
Event: 677.634 Thread 0x0000017c6090a530 Uncommon trap: reason=class_check action=maybe_recompile pc=0x0000017c4b8a6004 method=java.util.Collections$3.hasMoreElements()Z @ 4 c2
Event: 677.634 Thread 0x0000017c6090a530 DEOPT PACKING pc=0x0000017c4b8a6004 sp=0x0000001c3dffef20
Event: 677.634 Thread 0x0000017c6090a530 DEOPT UNPACKING pc=0x0000017c43a423a3 sp=0x0000001c3dffeeb0 mode 2
Event: 677.634 Thread 0x0000017c6090a530 Uncommon trap: trap_request=0xffffffde fr.pc=0x0000017c4b9b08d4 relative=0x0000000000000234
Event: 677.634 Thread 0x0000017c6090a530 Uncommon trap: reason=class_check action=maybe_recompile pc=0x0000017c4b9b08d4 method=java.util.Collections$3.nextElement()Ljava/lang/Object; @ 4 c2
Event: 677.635 Thread 0x0000017c6090a530 DEOPT PACKING pc=0x0000017c4b9b08d4 sp=0x0000001c3dffeef0
Event: 677.635 Thread 0x0000017c6090a530 DEOPT UNPACKING pc=0x0000017c43a423a3 sp=0x0000001c3dffeeb0 mode 2

Classes unloaded (0 events):
No events

Classes redefined (0 events):
No events

Internal exceptions (20 events):
Event: 120.938 Thread 0x0000017c616465b0 Exception <a 'java/lang/NullPointerException'{0x000000071402ddf8}> (0x000000071402ddf8) 
thrown [c:\wsjdk\corretto17src\installers\windows\zip\corretto-build\buildroot\src\hotspot\share\interpreter\linkResolver.cpp, line 1357]
Event: 121.489 Thread 0x0000017c616465b0 Exception <a 'java/lang/NullPointerException'{0x0000000713c8e2b0}> (0x0000000713c8e2b0) 
thrown [c:\wsjdk\corretto17src\installers\windows\zip\corretto-build\buildroot\src\hotspot\share\interpreter\linkResolver.cpp, line 1357]
Event: 122.125 Thread 0x0000017c616465b0 Exception <a 'java/lang/NullPointerException'{0x000000071369c1f8}> (0x000000071369c1f8) 
thrown [c:\wsjdk\corretto17src\installers\windows\zip\corretto-build\buildroot\src\hotspot\share\interpreter\linkResolver.cpp, line 1357]
Event: 122.681 Thread 0x0000017c616465b0 Exception <a 'java/lang/NullPointerException'{0x000000071334b560}> (0x000000071334b560) 
thrown [c:\wsjdk\corretto17src\installers\windows\zip\corretto-build\buildroot\src\hotspot\share\interpreter\linkResolver.cpp, line 1357]
Event: 123.320 Thread 0x0000017c616465b0 Exception <a 'java/lang/NullPointerException'{0x0000000712c698a0}> (0x0000000712c698a0) 
thrown [c:\wsjdk\corretto17src\installers\windows\zip\corretto-build\buildroot\src\hotspot\share\interpreter\linkResolver.cpp, line 1357]
Event: 123.880 Thread 0x0000017c616465b0 Exception <a 'java/lang/NullPointerException'{0x00000007129eaec0}> (0x00000007129eaec0) 
thrown [c:\wsjdk\corretto17src\installers\windows\zip\corretto-build\buildroot\src\hotspot\share\interpreter\linkResolver.cpp, line 1357]
Event: 124.520 Thread 0x0000017c616465b0 Exception <a 'java/lang/NullPointerException'{0x0000000712397c10}> (0x0000000712397c10) 
thrown [c:\wsjdk\corretto17src\installers\windows\zip\corretto-build\buildroot\src\hotspot\share\interpreter\linkResolver.cpp, line 1357]
Event: 125.086 Thread 0x0000017c616465b0 Exception <a 'java/lang/NullPointerException'{0x0000000711c84c98}> (0x0000000711c84c98) 
thrown [c:\wsjdk\corretto17src\installers\windows\zip\corretto-build\buildroot\src\hotspot\share\interpreter\linkResolver.cpp, line 1357]
Event: 125.804 Thread 0x0000017c616465b0 Exception <a 'java/lang/NullPointerException'{0x000000071170a4b8}> (0x000000071170a4b8) 
thrown [c:\wsjdk\corretto17src\installers\windows\zip\corretto-build\buildroot\src\hotspot\share\interpreter\linkResolver.cpp, line 1357]
Event: 126.286 Thread 0x0000017c616465b0 Exception <a 'java/lang/NullPointerException'{0x00000007114d66a0}> (0x00000007114d66a0) 
thrown [c:\wsjdk\corretto17src\installers\windows\zip\corretto-build\buildroot\src\hotspot\share\interpreter\linkResolver.cpp, line 1357]
Event: 126.929 Thread 0x0000017c616465b0 Exception <a 'java/lang/NullPointerException'{0x0000000710e39a18}> (0x0000000710e39a18) 
thrown [c:\wsjdk\corretto17src\installers\windows\zip\corretto-build\buildroot\src\hotspot\share\interpreter\linkResolver.cpp, line 1357]
Event: 127.496 Thread 0x0000017c616465b0 Exception <a 'java/lang/NullPointerException'{0x0000000721639db8}> (0x0000000721639db8) 
thrown [c:\wsjdk\corretto17src\installers\windows\zip\corretto-build\buildroot\src\hotspot\share\interpreter\linkResolver.cpp, line 1357]
Event: 128.129 Thread 0x0000017c616465b0 Exception <a 'java/lang/NullPointerException'{0x000000071b0073a0}> (0x000000071b0073a0) 
thrown [c:\wsjdk\corretto17src\installers\windows\zip\corretto-build\buildroot\src\hotspot\share\interpreter\linkResolver.cpp, line 1357]
Event: 128.710 Thread 0x0000017c616465b0 Exception <a 'java/lang/NullPointerException'{0x000000071acc8340}> (0x000000071acc8340) 
thrown [c:\wsjdk\corretto17src\installers\windows\zip\corretto-build\buildroot\src\hotspot\share\interpreter\linkResolver.cpp, line 1357]
Event: 129.357 Thread 0x0000017c616465b0 Implicit null exception at 0x0000017c4c1fb131 to 0x0000017c4c1fbed4
Event: 129.369 Thread 0x0000017c616465b0 Exception <a 'java/lang/NullPointerException'{0x000000071a778d98}> (0x000000071a778d98) 
thrown [c:\wsjdk\corretto17src\installers\windows\zip\corretto-build\buildroot\src\hotspot\share\interpreter\linkResolver.cpp, line 1357]
Event: 155.291 Thread 0x0000017c6090aed0 Implicit null exception at 0x0000017c4be9f604 to 0x0000017c4bea0a44
Event: 395.291 Thread 0x0000017c61643590 Exception <a 'java/io/IOException'{0x0000000718204dc0}> (0x0000000718204dc0) 
thrown [c:\wsjdk\corretto17src\installers\windows\zip\corretto-build\buildroot\src\hotspot\share\prims\jni.cpp, line 516]
Event: 437.808 Thread 0x0000017c6475e720 Exception <a 'java/io/IOException'{0x0000000717bc06d0}> (0x0000000717bc06d0) 
thrown [c:\wsjdk\corretto17src\installers\windows\zip\corretto-build\buildroot\src\hotspot\share\prims\jni.cpp, line 516]
Event: 606.756 Thread 0x0000017c601c9c00 Implicit null exception at 0x0000017c4be8f120 to 0x0000017c4be8f252

VM Operations (20 events):
Event: 428.571 Executing VM operation: Cleanup
Event: 428.571 Executing VM operation: Cleanup done
Event: 437.813 Executing VM operation: G1CollectFull
Event: 437.870 Executing VM operation: G1CollectFull done
Event: 439.870 Executing VM operation: Cleanup
Event: 439.870 Executing VM operation: Cleanup done
Event: 440.871 Executing VM operation: Cleanup
Event: 440.871 Executing VM operation: Cleanup done
Event: 445.871 Executing VM operation: Cleanup
Event: 445.872 Executing VM operation: Cleanup done
Event: 598.914 Executing VM operation: Cleanup
Event: 598.914 Executing VM operation: Cleanup done
Event: 606.780 Executing VM operation: HandshakeAllThreads
Event: 606.780 Executing VM operation: HandshakeAllThreads done
Event: 606.780 Executing VM operation: Cleanup
Event: 606.780 Executing VM operation: Cleanup done
Event: 608.780 Executing VM operation: Cleanup
Event: 608.780 Executing VM operation: Cleanup done
Event: 617.782 Executing VM operation: Cleanup
Event: 617.782 Executing VM operation: Cleanup done

Events (20 events):
Event: 666.656 Thread 0x0000017c61642bf0 Thread exited: 0x0000017c61642bf0
Event: 666.905 Thread 0x0000017c61640a40 Thread exited: 0x0000017c61640a40
Event: 666.916 Thread 0x0000017c6090a530 Thread exited: 0x0000017c6090a530
Event: 666.927 Thread 0x0000017c6090aed0 Thread exited: 0x0000017c6090aed0
Event: 666.937 Thread 0x0000017c61646a80 Thread exited: 0x0000017c61646a80
Event: 666.947 Thread 0x0000017c616413e0 Thread exited: 0x0000017c616413e0
Event: 666.957 Thread 0x0000017c6090a060 Thread exited: 0x0000017c6090a060
Event: 677.633 loading class jdk/internal/misc/Signal$1
Event: 677.633 loading class jdk/internal/misc/Signal$1 done
Event: 677.634 Thread 0x0000017c609096c0 Thread added: 0x0000017c609096c0
Event: 677.634 Thread 0x0000017c6090a530 Thread added: 0x0000017c6090a530
Event: 677.634 Thread 0x0000017c6090a060 Thread added: 0x0000017c6090a060
Event: 677.634 Thread 0x0000017c6090aed0 Thread added: 0x0000017c6090aed0
Event: 677.634 Thread 0x0000017c61646a80 Thread added: 0x0000017c61646a80
Event: 677.634 Thread 0x0000017c6090aed0 Thread exited: 0x0000017c6090aed0
Event: 677.634 loading class sun/font/SunFontManager$8$1
Event: 677.634 loading class sun/font/SunFontManager$8$1 done
Event: 677.635 Thread 0x0000017c6090a530 Thread exited: 0x0000017c6090a530
Event: 677.636 Thread 0x0000017c61646a80 Thread exited: 0x0000017c61646a80
Event: 677.647 Thread 0x0000017c60ac5980 Thread exited: 0x0000017c60ac5980


Dynamic libraries:
0x00007ff618ef0000 - 0x00007ff618efd000 	C:\Users\johnn\.jdks\corretto-17.0.3\bin\java.exe
0x00007fff90ad0000 - 0x00007fff90cc8000 	C:\Windows\SYSTEM32\ntdll.dll
0x00007fff8f810000 - 0x00007fff8f8cd000 	C:\Windows\System32\KERNEL32.DLL
0x00007fff8e280000 - 0x00007fff8e54e000 	C:\Windows\System32\KERNELBASE.dll
0x00007fff8e6b0000 - 0x00007fff8e7b0000 	C:\Windows\System32\ucrtbase.dll
0x00007fff8b720000 - 0x00007fff8b738000 	C:\Users\johnn\.jdks\corretto-17.0.3\bin\jli.dll
0x00007fff7ac50000 - 0x00007fff7ac65000 	C:\Users\johnn\.jdks\corretto-17.0.3\bin\VCRUNTIME140.dll
0x00007fff8fd40000 - 0x00007fff8fee0000 	C:\Windows\System32\USER32.dll
0x00007fff76930000 - 0x00007fff76bca000 	C:\Windows\WinSxS\amd64_microsoft.windows.common-controls_6595b64144ccf1df_6.0.19041.1110_none_60b5254171f9507e\COMCTL32.dll
0x00007fff8e8c0000 - 0x00007fff8e8e2000 	C:\Windows\System32\win32u.dll
0x00007fff8fbc0000 - 0x00007fff8fc5e000 	C:\Windows\System32\msvcrt.dll
0x00007fff8f7e0000 - 0x00007fff8f80a000 	C:\Windows\System32\GDI32.dll
0x00007fff8e7b0000 - 0x00007fff8e8bb000 	C:\Windows\System32\gdi32full.dll
0x00007fff8ea40000 - 0x00007fff8eadd000 	C:\Windows\System32\msvcp_win.dll
0x00007fff8ff40000 - 0x00007fff8ff70000 	C:\Windows\System32\IMM32.DLL
0x00007fff36f80000 - 0x00007fff3701b000 	C:\Users\johnn\.jdks\corretto-17.0.3\bin\msvcp140.dll
0x00007ffec4370000 - 0x00007ffec4f8b000 	C:\Users\johnn\.jdks\corretto-17.0.3\bin\server\jvm.dll
0x00007fff909e0000 - 0x00007fff90a8e000 	C:\Windows\System32\ADVAPI32.dll
0x00007fff8f580000 - 0x00007fff8f61c000 	C:\Windows\System32\sechost.dll
0x00007fff8ecf0000 - 0x00007fff8ee15000 	C:\Windows\System32\RPCRT4.dll
0x00007fff8fc60000 - 0x00007fff8fc68000 	C:\Windows\System32\PSAPI.DLL
0x00007fff7a540000 - 0x00007fff7a549000 	C:\Windows\SYSTEM32\WSOCK32.dll
0x00007fff890a0000 - 0x00007fff890aa000 	C:\Windows\SYSTEM32\VERSION.dll
0x00007fff7ed40000 - 0x00007fff7ed67000 	C:\Windows\SYSTEM32\WINMM.dll
0x00007fff8fcd0000 - 0x00007fff8fd3b000 	C:\Windows\System32\WS2_32.dll
0x00007fff8c0e0000 - 0x00007fff8c0f2000 	C:\Windows\SYSTEM32\kernel.appcore.dll
0x00007fff8b770000 - 0x00007fff8b77a000 	C:\Users\johnn\.jdks\corretto-17.0.3\bin\jimage.dll
0x00007fff7e090000 - 0x00007fff7e274000 	C:\Windows\SYSTEM32\DBGHELP.DLL
0x00007fff798c0000 - 0x00007fff798ec000 	C:\Windows\SYSTEM32\dbgcore.DLL
0x00007fff8e1f0000 - 0x00007fff8e272000 	C:\Windows\System32\bcryptPrimitives.dll
0x00007fff8baa0000 - 0x00007fff8baae000 	C:\Users\johnn\.jdks\corretto-17.0.3\bin\instrument.dll
0x00007fff6bbf0000 - 0x00007fff6bc15000 	C:\Users\johnn\.jdks\corretto-17.0.3\bin\java.dll
0x00007fff34a10000 - 0x00007fff34ae6000 	C:\Users\johnn\.jdks\corretto-17.0.3\bin\jsvml.dll
0x00007fff8ee20000 - 0x00007fff8f563000 	C:\Windows\System32\SHELL32.dll
0x00007fff8c2e0000 - 0x00007fff8ca75000 	C:\Windows\SYSTEM32\windows.storage.dll
0x00007fff90660000 - 0x00007fff909b4000 	C:\Windows\System32\combase.dll
0x00007fff8dc50000 - 0x00007fff8dc80000 	C:\Windows\SYSTEM32\Wldp.dll
0x00007fff905b0000 - 0x00007fff9065d000 	C:\Windows\System32\SHCORE.dll
0x00007fff8fc70000 - 0x00007fff8fcc5000 	C:\Windows\System32\shlwapi.dll
0x00007fff8e130000 - 0x00007fff8e14f000 	C:\Windows\SYSTEM32\profapi.dll
0x00007fff740b0000 - 0x00007fff740c8000 	C:\Users\johnn\.jdks\corretto-17.0.3\bin\zip.dll
0x00007fff7a570000 - 0x00007fff7a589000 	C:\Users\johnn\.jdks\corretto-17.0.3\bin\net.dll
0x00007fff7fd50000 - 0x00007fff7fe5a000 	C:\Windows\SYSTEM32\WINHTTP.dll
0x00007fff8d9b0000 - 0x00007fff8da1a000 	C:\Windows\system32\mswsock.dll
0x00007fff793c0000 - 0x00007fff793d5000 	C:\Users\johnn\.jdks\corretto-17.0.3\bin\nio.dll
0x00007fff7eb60000 - 0x00007fff7eb7a000 	D:\IntelliJ IDEA Community Edition 2022.1.2\bin\breakgen64.dll
0x00007fff7b680000 - 0x00007fff7b690000 	C:\Users\johnn\.jdks\corretto-17.0.3\bin\verify.dll
0x00007fff7a550000 - 0x00007fff7a55e000 	C:\Users\johnn\.jdks\corretto-17.0.3\bin\sunmscapi.dll
0x00007fff8e550000 - 0x00007fff8e6a6000 	C:\Windows\System32\CRYPT32.dll
0x00007fff8dcc0000 - 0x00007fff8dce7000 	C:\Windows\SYSTEM32\ncrypt.dll
0x00007fff8dc80000 - 0x00007fff8dcbb000 	C:\Windows\SYSTEM32\NTASN1.dll
0x00007fff8dbb0000 - 0x00007fff8dbc8000 	C:\Windows\SYSTEM32\CRYPTSP.dll
0x00007fff8d2c0000 - 0x00007fff8d2f4000 	C:\Windows\system32\rsaenh.dll
0x00007fff8e8f0000 - 0x00007fff8e917000 	C:\Windows\System32\bcrypt.dll
0x00007fff8e0f0000 - 0x00007fff8e11e000 	C:\Windows\SYSTEM32\USERENV.dll
0x00007fff8dba0000 - 0x00007fff8dbac000 	C:\Windows\SYSTEM32\CRYPTBASE.dll
0x00007fff8d650000 - 0x00007fff8d68b000 	C:\Windows\SYSTEM32\IPHLPAPI.DLL
0x00007fff8f620000 - 0x00007fff8f628000 	C:\Windows\System32\NSI.dll
0x00007fff87bf0000 - 0x00007fff87c07000 	C:\Windows\SYSTEM32\dhcpcsvc6.DLL
0x00007fff88400000 - 0x00007fff8841d000 	C:\Windows\SYSTEM32\dhcpcsvc.DLL
0x00007fff8d690000 - 0x00007fff8d75a000 	C:\Windows\SYSTEM32\DNSAPI.dll
0x00007fff21180000 - 0x00007fff21327000 	C:\Users\johnn\.jdks\corretto-17.0.3\bin\awt.dll
0x00007fff8faf0000 - 0x00007fff8fbbd000 	C:\Windows\System32\OLEAUT32.dll
0x00007fff8b940000 - 0x00007fff8b9d0000 	C:\Windows\SYSTEM32\apphelp.dll
0x00007fff8bb60000 - 0x00007fff8bbfe000 	C:\Windows\system32\uxtheme.dll
0x00007fff4db00000 - 0x00007fff4dc38000 	C:\ProgramData\A-Volute\A-Volute.Nahimic\Modules\Scheduled\x64\AudioDevProps2.dll
0x00007fff8f8d0000 - 0x00007fff8f9fa000 	C:\Windows\System32\ole32.dll
0x00007fff59220000 - 0x00007fff592ce000 	C:\ProgramData\A-Volute\A-Volute.Nahimic\Modules\Scheduled\x64\NahimicOSD.dll
0x00007fff5a9f0000 - 0x00007fff5aa57000 	C:\ProgramData\A-Volute\A-Volute.Nahimic\Modules\Scheduled\x64\ProductInfo.dll
0x00007fff90020000 - 0x00007fff90135000 	C:\Windows\System32\MSCTF.dll
0x00007fff8bdf0000 - 0x00007fff8be1f000 	C:\Windows\system32\DWMAPI.DLL
0x00007fff6a700000 - 0x00007fff6a827000 	C:\Windows\system32\opengl32.dll
0x00007fff7a610000 - 0x00007fff7a63c000 	C:\Windows\SYSTEM32\GLU32.dll
0x00007fff352f0000 - 0x00007fff35376000 	C:\Users\johnn\.jdks\corretto-17.0.3\bin\freetype.dll
0x00007fff335f0000 - 0x00007fff33695000 	C:\Users\johnn\.jdks\corretto-17.0.3\bin\fontmanager.dll
0x00007fff686f0000 - 0x00007fff687e9000 	C:\Windows\SYSTEM32\textinputframework.dll
0x00007fff8b460000 - 0x00007fff8b552000 	C:\Windows\System32\CoreMessaging.dll
0x00007fff8b100000 - 0x00007fff8b45e000 	C:\Windows\System32\CoreUIComponents.dll
0x00007fff8cef0000 - 0x00007fff8cf23000 	C:\Windows\SYSTEM32\ntmarta.dll
0x00007fff8a9d0000 - 0x00007fff8ab24000 	C:\Windows\SYSTEM32\wintypes.dll
0x00007fff7e990000 - 0x00007fff7e999000 	C:\Users\johnn\.jdks\corretto-17.0.3\bin\management.dll
0x00007fff7e980000 - 0x00007fff7e98b000 	C:\Users\johnn\.jdks\corretto-17.0.3\bin\management_ext.dll
0x00007fff7fbf0000 - 0x00007fff7fbfa000 	C:\Windows\System32\rasadhlp.dll
0x00007fff7fcd0000 - 0x00007fff7fd50000 	C:\Windows\System32\fwpuclnt.dll
0x00007fff4eb80000 - 0x00007fff4ebc4000 	C:\Users\johnn\AppData\Local\Temp\jna-101303491\jna6318981049099128713.dll
0x00007fff23450000 - 0x00007fff234ec000 	C:\Users\johnn\AppData\Local\Temp\jna-101303491\jna5772765577925814190.dll
0x00007fff57640000 - 0x00007fff57651000 	C:\Users\johnn\.jdks\corretto-17.0.3\bin\jsound.dll
0x00007fff7ed70000 - 0x00007fff7ee0c000 	C:\Windows\SYSTEM32\DSOUND.dll
0x00007fff8d770000 - 0x00007fff8d7bb000 	C:\Windows\SYSTEM32\powrprof.dll
0x00007fff7ed10000 - 0x00007fff7ed36000 	C:\Windows\SYSTEM32\winmmbase.dll
0x00007fff8d630000 - 0x00007fff8d642000 	C:\Windows\SYSTEM32\UMPDC.dll
0x00007fff8ff70000 - 0x00007fff90019000 	C:\Windows\System32\clbcatq.dll
0x00007fff88550000 - 0x00007fff885d5000 	C:\Windows\System32\MMDevApi.dll
0x00007fff8dfa0000 - 0x00007fff8dfcc000 	C:\Windows\System32\DEVOBJ.dll
0x00007fff8eae0000 - 0x00007fff8eb2e000 	C:\Windows\System32\cfgmgr32.dll
0x00007fff88810000 - 0x00007fff88992000 	C:\Windows\SYSTEM32\AudioSes.dll
0x00007fff67c10000 - 0x00007fff67c53000 	C:\ProgramData\A-Volute\A-Volute.Nahimic\Modules\Scheduled\x64\ASM.Plugin.AudioDevProps2.dll
0x00007fff89b40000 - 0x00007fff89c36000 	C:\Windows\SYSTEM32\PropSys.dll
0x00007fff5cfe0000 - 0x00007fff5d026000 	C:\Windows\SYSTEM32\wdmaud.drv
0x00007fff7b690000 - 0x00007fff7b699000 	C:\Windows\SYSTEM32\ksuser.dll
0x00007fff889a0000 - 0x00007fff889aa000 	C:\Windows\SYSTEM32\AVRT.dll
0x00007fff891c0000 - 0x00007fff891cd000 	C:\Windows\SYSTEM32\msacm32.drv
0x00007fff6d310000 - 0x00007fff6d32e000 	C:\Windows\SYSTEM32\MSACM32.dll
0x00007fff87560000 - 0x00007fff8756b000 	C:\Windows\SYSTEM32\midimap.dll
0x00007fff20e20000 - 0x00007fff20e9f000 	C:\Users\johnn\.jdks\corretto-17.0.3\bin\mlib_image.dll
0x00007fff8bcf0000 - 0x00007fff8bd04000 	C:\Windows\SYSTEM32\resourcepolicyclient.dll
0x00007fff687f0000 - 0x00007fff68931000 	C:\Windows\System32\Windows.UI.dll
0x00007fff87e70000 - 0x00007fff87f11000 	C:\Windows\System32\WindowManagementAPI.dll
0x00007fff68440000 - 0x00007fff68592000 	C:\Windows\System32\InputHost.dll
0x00007fff87c10000 - 0x00007fff87e10000 	C:\Windows\SYSTEM32\twinapi.appcore.dll
0x00007fff50de0000 - 0x00007fff50e0d000 	C:\Users\johnn\.jdks\corretto-17.0.3\bin\javajpeg.dll
0x00007fff38cc0000 - 0x00007fff38d01000 	C:\Users\johnn\.jdks\corretto-17.0.3\bin\lcms.dll
0x00007fff7e960000 - 0x00007fff7e967000 	C:\Users\johnn\.jdks\corretto-17.0.3\bin\jawt.dll
0x00007fff38fe0000 - 0x00007fff39007000 	C:\Users\johnn\AppData\Local\Temp\10730334118355044691rlawt.dll
0x00007fff889b0000 - 0x00007fff889bb000 	C:\Windows\SYSTEM32\WINNSI.DLL
0x00007fff87660000 - 0x00007fff87814000 	C:\Windows\SYSTEM32\WindowsCodecs.dll
0x00007fff6b6f0000 - 0x00007fff6b72e000 	C:\Windows\system32\dataexchange.dll
0x00007fff89c40000 - 0x00007fff89ea3000 	C:\Windows\system32\d3d11.dll
0x00007fff8ab60000 - 0x00007fff8ad44000 	C:\Windows\system32\dcomp.dll
0x00007fff8cae0000 - 0x00007fff8cbd3000 	C:\Windows\system32\dxgi.dll
0x00007fff896e0000 - 0x00007fff8978e000 	C:\Windows\SYSTEM32\mscms.dll
0x00007fff89620000 - 0x00007fff89631000 	C:\Windows\SYSTEM32\ColorAdapterClient.dll
0x00007fff2b7f0000 - 0x00007fff2b833000 	C:\Windows\SYSTEM32\icm32.dll
0x00007fff88cc0000 - 0x00007fff88db7000 	C:\Windows\System32\AppXDeploymentClient.dll
0x00007ffeaa7b0000 - 0x00007ffeab775000 	C:\Windows\System32\DriverStore\FileRepository\iigd_dch.inf_amd64_a086f01cc7be643a\ig9icd64.dll
0x00007fff833f0000 - 0x00007fff8362f000 	C:\Windows\System32\DriverStore\FileRepository\iigd_dch.inf_amd64_a086f01cc7be643a\igdgmm64.dll
0x00007ffed5ed0000 - 0x00007ffed62e5000 	C:\Windows\System32\DriverStore\FileRepository\iigd_dch.inf_amd64_a086f01cc7be643a\igdml64.dll
0x00007fff80720000 - 0x00007fff83382000 	C:\Windows\System32\DriverStore\FileRepository\iigd_dch.inf_amd64_a086f01cc7be643a\igc64.dll

dbghelp: loaded successfully - version: 4.0.5 - missing functions: none
symbol engine: initialized successfully - sym options: 0x614 - pdb path: .;C:\Users\johnn\.jdks\corretto-17.0.3\bin;C:\Windows\SYSTEM32;C:\Windows\WinSxS\amd64_microsoft.windows.common-controls_6595b64144ccf1df_6.0.19041.1110_none_60b5254171f9507e;C:\Users\johnn\.jdks\corretto-17.0.3\bin\server;D:\IntelliJ IDEA Community Edition 2022.1.2\bin;C:\ProgramData\A-Volute\A-Volute.Nahimic\Modules\Scheduled\x64;C:\Users\johnn\AppData\Local\Temp\jna-101303491;C:\Users\johnn\AppData\Local\Temp;C:\Windows\System32\DriverStore\FileRepository\iigd_dch.inf_amd64_a086f01cc7be643a;C:\Users\johnn\AppData\Local\Temp\lwjgl-rl-amd64\3.3.1-build-7

VM Arguments:
jvm_args: -javaagent:D:\IntelliJ IDEA Community Edition 2022.1.2\lib\idea_rt.jar=53596:D:\IntelliJ IDEA Community Edition 2022.1.2\bin -Dfile.encoding=UTF-8 
java_command: net.runelite.client.RuneLite
java_class_path (initial): D:\Java\runelite-fork\runelite-client\target\classes;C:\Users\johnn\.m2\repository\org\slf4j\slf4j-api\1.7.25\slf4j-api-1.7.25.jar;C:\Users\johnn\.m2\repository\ch\qos\logback\logback-classic\1.2.9\logback-classic-1.2.9.jar;C:\Users\johnn\.m2\repository\ch\qos\logback\logback-core\1.2.9\logback-core-1.2.9.jar;C:\Users\johnn\.m2\repository\net\sf\jopt-simple\jopt-simple\5.0.1\jopt-simple-5.0.1.jar;C:\Users\johnn\.m2\repository\com\google\guava\guava\23.2-jre\guava-23.2-jre.jar;C:\Users\johnn\.m2\repository\com\google\inject\guice\4.1.0\guice-4.1.0-no_aop.jar;C:\Users\johnn\.m2\repository\javax\inject\javax.inject\1\javax.inject-1.jar;C:\Users\johnn\.m2\repository\aopalliance\aopalliance\1.0\aopalliance-1.0.jar;C:\Users\johnn\.m2\repository\com\google\code\gson\gson\2.8.5\gson-2.8.5.jar;C:\Users\johnn\.m2\repository\net\runelite\pushingpixels\substance\8.0.02\substance-8.0.02.jar;C:\Users\johnn\.m2\repository\net\runelite\pushingpixels\trident\1.5.00\trident-1.5.00.jar;C:\Users\johnn\.m2\repository\org\apache\commons\commons-text\1.2\commons-text-1.2.jar;C:\Users\johnn\.m2\repository\org\apache\commons\commons-lang3\3.7\commons-lang3-3.7.jar;C:\Users\johnn\.m2\repository\net\runelite\archive-patcher\archive-patcher-applier\1.2\archive-patcher-applier-1.2.jar;C:\Users\johnn\.m2\repository\net\java\dev\jna\jna\5.9.0\jna-5.9.0.jar;C:\Users\johnn\.m2\repository\net\java\dev\jna\jna-platform\5.9.0\jna-platform-5.9.0.jar;C:\Users\johnn\.m2\repository\com\google\code\findbugs\jsr305\3.0.2\jsr305-3.0.2.jar;C:\Users\johnn\.m2\repository\com\google\protobuf\protobuf-javalite\3.21.1\protobuf-javalite-3.21.1.jar;C:\Users\johnn\.m2\repository\net\runelite\rlawt\1.3\rlawt-1.3.jar;C:\Users\johnn\.m2\repository\net\runelite\jocl\jocl\1.0\jocl-1.0.jar;C:\Users\johnn\.m2\repository\net\runelite\jocl\jocl\1.0\jocl-1.0-macos-x64.jar;C:\Users\johnn\.m2\repository\net\runelite\jocl\jocl\1.0\jocl-1.0-macos-arm64.jar;C:\Users\johnn\.m2\repository\org\lwjgl\lwjgl\
Launcher Type: SUN_STANDARD

[Global flags]
     intx CICompilerCount                          = 4                                         {product} {ergonomic}
     uint ConcGCThreads                            = 2                                         {product} {ergonomic}
     uint G1ConcRefinementThreads                  = 8                                         {product} {ergonomic}
   size_t G1HeapRegionSize                         = 2097152                                   {product} {ergonomic}
    uintx GCDrainStackTargetSize                   = 64                                        {product} {ergonomic}
   size_t InitialHeapSize                          = 266338304                                 {product} {ergonomic}
   size_t MarkStackSize                            = 4194304                                   {product} {ergonomic}
   size_t MaxHeapSize                              = 4248829952                                {product} {ergonomic}
   size_t MaxNewSize                               = 2548039680                                {product} {ergonomic}
   size_t MinHeapDeltaBytes                        = 2097152                                   {product} {ergonomic}
   size_t MinHeapSize                              = 8388608                                   {product} {ergonomic}
    uintx NonNMethodCodeHeapSize                   = 5839372                                {pd product} {ergonomic}
    uintx NonProfiledCodeHeapSize                  = 122909434                              {pd product} {ergonomic}
    uintx ProfiledCodeHeapSize                     = 122909434                              {pd product} {ergonomic}
    uintx ReservedCodeCacheSize                    = 251658240                              {pd product} {ergonomic}
     bool SegmentedCodeCache                       = true                                      {product} {ergonomic}
   size_t SoftMaxHeapSize                          = 4248829952                             {manageable} {ergonomic}
     bool UseCompressedClassPointers               = true                           {product lp64_product} {ergonomic}
     bool UseCompressedOops                        = true                           {product lp64_product} {ergonomic}
     bool UseG1GC                                  = true                                      {product} {ergonomic}
     bool UseLargePagesIndividualAllocation        = false                                  {pd product} {ergonomic}

Logging:
Log output configuration:
 #0: stdout all=warning uptime,level,tags
 #1: stderr all=off uptime,level,tags

Environment Variables:
PATH=C:\Program Files (x86)\Common Files\Oracle\Java\javapath;C:\Windows\system32;C:\Windows;C:\Windows\System32\Wbem;C:\Windows\System32\WindowsPowerShell\v1.0\;C:\Windows\System32\OpenSSH\;C:\Program Files\NVIDIA Corporation\NVIDIA NvDLISR;C:\Program Files (x86)\NVIDIA Corporation\PhysX\Common;C:\Program Files\dotnet\;D:\Bitvise;C:\Program Files\Git\cmd;C:\Users\johnn\AppData\Local\Microsoft\WindowsApps;C:\Users\johnn\.dotnet\tools
USERNAME=johnn
OS=Windows_NT
PROCESSOR_IDENTIFIER=Intel64 Family 6 Model 165 Stepping 2, GenuineIntel



---------------  S Y S T E M  ---------------

OS:
 Windows 10 , 64 bit Build 19041 (10.0.19041.1889)
OS uptime: 3 days 1:48 hours

CPU: total 8 (initial active 8) (4 cores per cpu, 2 threads per core) family 6 model 165 stepping 2 microcode 0xe2, cx8, cmov, fxsr, ht, mmx, 3dnowpref, sse, sse2, sse3, ssse3, sse4.1, sse4.2, popcnt, lzcnt, tsc, tscinvbit, avx, avx2, aes, erms, clmul, bmi1, bmi2, adx, fma, vzeroupper, clflush, clflushopt

Memory: 4k page, system-wide physical 16205M (3868M free)
TotalPageFile size 23373M (AvailPageFile size 4007M)
current process WorkingSet (physical memory assigned to process): 963M, peak: 1147M
current process commit charge ("private bytes"): 942M, peak: 1169M

vm_info: OpenJDK 64-Bit Server VM (17.0.3+6-LTS) for windows-amd64 JRE (17.0.3+6-LTS), built on Apr 15 2022 22:16:02 by "Administrator" with MS VC++ 15.9 (VS2017)

END.
