#
# A fatal error has been detected by the Java Runtime Environment:
#
#  EXCEPTION_ACCESS_VIOLATION (0xc0000005) at pc=0x00007ffdaabe0e0e, pid=14660, tid=0x000000000000151c
#
# JRE version: Java(TM) SE Runtime Environment (8.0_201-b09) (build 1.8.0_201-b09)
# Java VM: Java HotSpot(TM) 64-Bit Server VM (25.201-b09 mixed mode windows-amd64 compressed oops)
# Problematic frame:
# C  [ig9icd64.dll+0x190e0e]
#
# Failed to write core dump. Minidumps are not enabled by default on client versions of Windows
#
# If you would like to submit a bug report, please visit:
#   http://bugreport.java.com/bugreport/crash.jsp
# The crash happened outside the Java Virtual Machine in native code.
# See problematic frame for where to report the bug.
#

---------------  T H R E A D  ---------------

Current thread (0x00000000203ea000):  JavaThread "Thread-5" daemon [_thread_in_native, id=5404, stack(0x0000000029f00000,0x000000002a000000)]

siginfo: ExceptionCode=0xc0000005, reading address 0x0000000000000008

Registers:
RAX=0x0000000000000000, RBX=0x00007ffdaaf39290, RCX=0x0000000035a471d0, RDX=0x0000000035354dc0
RSP=0x0000000029ffe450, RBP=0x0000000029ffe6c0, RSI=0x0000000029ffe680, RDI=0x0000000000000000
R8 =0x0000000009770000, R9 =0x0000000000000000, R10=0x0000000029ffe800, R11=0x0000000029ffe5e8
R12=0x0000000000000007, R13=0x0000000000000000, R14=0x0000000029ffe950, R15=0x0000000029ffe700
RIP=0x00007ffdaabe0e0e, EFLAGS=0x0000000000010246

Top of Stack: (sp=0x0000000029ffe450)
0x0000000029ffe450:   000000003596c540 0000000035354dc0
0x0000000029ffe460:   0000000024c10a50 0000000029ffe578
0x0000000029ffe470:   0000000000000000 0000000029ffe6c0
0x0000000029ffe480:   0000000029ffe4b0 0000000029ffe4f0
0x0000000029ffe490:   0000000029ffe538 0000000029ffe4c0
0x0000000029ffe4a0:   0000000029ffe558 0000000029ffe4d0
0x0000000029ffe4b0:   0000000029ffe600 0000000029ffe5b0
0x0000000029ffe4c0:   0000000000001a68 000000002c17a010
0x0000000029ffe4d0:   0000000035b23a90 0000000035b23a90
0x0000000029ffe4e0:   000000002c179d30 00007ffdab36165c
0x0000000029ffe4f0:   0000000035b228b0 0000000035ae64f0
0x0000000029ffe500:   0000000035b23a90 0000000024c54690
0x0000000029ffe510:   0000000029ffe700 0000000029ffe800
0x0000000029ffe520:   0000000035d57b10 0000000035d57b10
0x0000000029ffe530:   0000000000000000 0000000035ae64f0
0x0000000029ffe540:   0000000029ffe599 00007ffdaaa966d6 

Instructions: (pc=0x00007ffdaabe0e0e)
0x00007ffdaabe0dee:   48 85 c9 74 06 48 8b 41 20 eb 15 48 8b 80 98 00
0x00007ffdaabe0dfe:   00 00 48 85 c0 74 06 48 8b 40 20 eb 03 48 8b c7
0x00007ffdaabe0e0e:   48 8b 48 08 48 85 c9 74 54 81 79 14 5d 01 00 00
0x00007ffdaabe0e1e:   75 4b 81 26 ff ff 97 f6 81 0e 00 00 94 06 8b 81 


Register to memory mapping:

RAX=0x0000000000000000 is an unknown value
RBX=0x00007ffdaaf39290 is an unknown value
RCX=0x0000000035a471d0 is an unknown value
RDX=0x0000000035354dc0 is an unknown value
RSP=0x0000000029ffe450 is pointing into the stack for thread: 0x00000000203ea000
RBP=0x0000000029ffe6c0 is pointing into the stack for thread: 0x00000000203ea000
RSI=0x0000000029ffe680 is pointing into the stack for thread: 0x00000000203ea000
RDI=0x0000000000000000 is an unknown value
R8 =0x0000000009770000 is an unknown value
R9 =0x0000000000000000 is an unknown value
R10=0x0000000029ffe800 is pointing into the stack for thread: 0x00000000203ea000
R11=0x0000000029ffe5e8 is pointing into the stack for thread: 0x00000000203ea000
R12=0x0000000000000007 is an unknown value
R13=0x0000000000000000 is an unknown value
R14=0x0000000029ffe950 is pointing into the stack for thread: 0x00000000203ea000
R15=0x0000000029ffe700 is pointing into the stack for thread: 0x00000000203ea000


Stack: [0x0000000029f00000,0x000000002a000000],  sp=0x0000000029ffe450,  free space=1017k
Native frames: (J=compiled Java code, j=interpreted, Vv=VM code, C=native code)
C  [ig9icd64.dll+0x190e0e]
C  [ig9icd64.dll+0x4a0cbd]
C  [ig9icd64.dll+0x4a4d27]
C  [ig9icd64.dll+0x398298]
C  [ig9icd64.dll+0x353cc5]
C  [ig9icd64.dll+0x152415]
C  [ig9icd64.dll+0x143304]
C  [ig9icd64.dll+0x13ff36]
C  0x00000000039e87d7

Java frames: (J=compiled Java code, j=interpreted, Vv=VM code)
J 7676  jogamp.opengl.gl4.GL4bcImpl.dispatch_glTexSubImage2D1(IIIIIIIILjava/lang/Object;IZJ)V (0 bytes) @ 0x00000000039e8759 [0x00000000039e86c0+0x99]
J 11968 C2 net.runelite.client.plugins.gpu.GpuPlugin.drawUi(II)V (582 bytes) @ 0x0000000004a3eb50 [0x0000000004a3e6a0+0x4b0]
J 9934 C2 net.runelite.client.plugins.gpu.GpuPlugin.draw()V (2777 bytes) @ 0x0000000005741f44 [0x000000000573ff60+0x1fe4]
J 11944 C2 ah.p(Ljava/lang/Object;I)V (136 bytes) @ 0x00000000053bf110 [0x00000000053bf0a0+0x70]
j  ah.run()V+380
j  java.lang.Thread.run()V+11
v  ~StubRoutines::call_stub

---------------  P R O C E S S  ---------------

Java Threads: ( => current thread )
  0x0000000021e0b000 JavaThread "Thread-1" daemon [_thread_in_native, id=12728, stack(0x000000003f450000,0x000000003f550000)]
  0x0000000021e10000 JavaThread "Okio Watchdog" daemon [_thread_blocked, id=16576, stack(0x000000003f250000,0x000000003f350000)]
  0x0000000021e0c800 JavaThread "Thread-19" daemon [_thread_blocked, id=16616, stack(0x000000003c130000,0x000000003c230000)]
  0x0000000021e0e800 JavaThread "Thread-18" daemon [_thread_in_native, id=11704, stack(0x000000003c030000,0x000000003c130000)]
  0x00000000203eb800 JavaThread "Thread-17" daemon [_thread_blocked, id=2712, stack(0x000000003bd30000,0x000000003be30000)]
  0x0000000024599000 JavaThread "pool-5-thread-1" [_thread_blocked, id=15552, stack(0x000000003bb30000,0x000000003bc30000)]
  0x0000000024594000 JavaThread "Java Sound Event Dispatcher" daemon [_thread_blocked, id=14032, stack(0x000000003b830000,0x000000003b930000)]
  0x0000000024596000 JavaThread "DestroyJavaVM" [_thread_blocked, id=13508, stack(0x0000000003060000,0x0000000003160000)]
  0x000000002458a000 JavaThread "TimerQueue" daemon [_thread_blocked, id=17348, stack(0x000000002bb00000,0x000000002bc00000)]
  0x000000002458f800 JavaThread "pool-4-thread-1" [_thread_blocked, id=3516, stack(0x000000002b300000,0x000000002b400000)]
  0x000000002458e800 JavaThread "Thread-12" daemon [_thread_blocked, id=10556, stack(0x000000002b200000,0x000000002b300000)]
  0x0000000024591000 JavaThread "Trident pulse source thread" daemon [_thread_blocked, id=10416, stack(0x000000002a700000,0x000000002a800000)]
  0x000000002458d000 JavaThread "Trident callback thread" daemon [_thread_blocked, id=6916, stack(0x000000002a600000,0x000000002a700000)]
  0x000000002458c800 JavaThread "Substance heap status" daemon [_thread_blocked, id=5392, stack(0x000000002a300000,0x000000002a400000)]
  0x000000002458b800 JavaThread "Thread-6" daemon [_thread_blocked, id=13440, stack(0x000000002a000000,0x000000002a100000)]
=>0x00000000203ea000 JavaThread "Thread-5" daemon [_thread_in_native, id=5404, stack(0x0000000029f00000,0x000000002a000000)]
  0x00000000203e9000 JavaThread "Thread-4" daemon [_thread_blocked, id=9196, stack(0x0000000029e00000,0x0000000029f00000)]
  0x00000000203ef000 JavaThread "AWT-EventQueue-0" [_thread_blocked, id=13884, stack(0x0000000029320000,0x0000000029420000)]
  0x00000000203e8800 JavaThread "AWT-Shutdown" [_thread_blocked, id=2632, stack(0x0000000025e30000,0x0000000025f30000)]
  0x00000000203ee800 JavaThread "AWT-Windows" daemon [_thread_in_native, id=16592, stack(0x0000000025d30000,0x0000000025e30000)]
  0x00000000203ea800 JavaThread "Java2D Disposer" daemon [_thread_blocked, id=1300, stack(0x0000000023760000,0x0000000023860000)]
  0x00000000203ec000 JavaThread "OkHttp ConnectionPool" daemon [_thread_blocked, id=16504, stack(0x0000000022260000,0x0000000022360000)]
  0x00000000203cc800 JavaThread "pool-2-thread-1" [_thread_blocked, id=15708, stack(0x0000000021e60000,0x0000000021f60000)]
  0x000000001ef12800 JavaThread "Service Thread" daemon [_thread_blocked, id=4120, stack(0x000000001fa10000,0x000000001fb10000)]
  0x000000001ee74000 JavaThread "C1 CompilerThread3" daemon [_thread_blocked, id=6528, stack(0x000000001f910000,0x000000001fa10000)]
  0x000000001ee71000 JavaThread "C2 CompilerThread2" daemon [_thread_blocked, id=7392, stack(0x000000001f810000,0x000000001f910000)]
  0x000000001ee70000 JavaThread "C2 CompilerThread1" daemon [_thread_blocked, id=628, stack(0x000000001f710000,0x000000001f810000)]
  0x000000001ee6e000 JavaThread "C2 CompilerThread0" daemon [_thread_blocked, id=15716, stack(0x000000001f610000,0x000000001f710000)]
  0x000000001ed85000 JavaThread "Monitor Ctrl-Break" daemon [_thread_in_native, id=15260, stack(0x000000001f510000,0x000000001f610000)]
  0x000000001ec5c000 JavaThread "Attach Listener" daemon [_thread_blocked, id=14788, stack(0x000000001f410000,0x000000001f510000)]
  0x000000001ec5b800 JavaThread "Signal Dispatcher" daemon [_thread_blocked, id=17224, stack(0x000000001f310000,0x000000001f410000)]
  0x000000001ec41800 JavaThread "Finalizer" daemon [_thread_blocked, id=11008, stack(0x000000001f120000,0x000000001f220000)]
  0x000000001ec40800 JavaThread "Reference Handler" daemon [_thread_blocked, id=2624, stack(0x000000001f020000,0x000000001f120000)]

Other Threads:
  0x000000001ce39000 VMThread [stack: 0x000000001eb20000,0x000000001ec20000] [id=8228]
  0x000000001efe3800 WatcherThread [stack: 0x000000001fb10000,0x000000001fc10000] [id=4600]

VM state:not at safepoint (normal execution)

VM Mutex/Monitor currently owned by a thread: None

heap address: 0x00000006c1c00000, size: 4068 MB, Compressed Oops mode: Zero based, Oop shift amount: 3
Narrow klass base: 0x0000000000000000, Narrow klass shift: 3
Compressed class space size: 1073741824 Address: 0x00000007c0000000

Heap:
 PSYoungGen      total 1148928K, used 993594K [0x000000076b400000, 0x00000007b9480000, 0x00000007c0000000)
  eden space 1116672K, 86% used [0x000000076b400000,0x00000007a5ed1ca8,0x00000007af680000)
  from space 32256K, 99% used [0x00000007b2c80000,0x00000007b4bfcbd0,0x00000007b4c00000)
  to   space 55296K, 0% used [0x00000007af680000,0x00000007af680000,0x00000007b2c80000)
 ParOldGen       total 198144K, used 124093K [0x00000006c1c00000, 0x00000006cdd80000, 0x000000076b400000)
  object space 198144K, 62% used [0x00000006c1c00000,0x00000006c952f7f8,0x00000006cdd80000)
 Metaspace       used 60172K, capacity 63781K, committed 63912K, reserved 1105920K
  class space    used 6722K, capacity 7289K, committed 7336K, reserved 1048576K

Card table byte_map: [0x00000000127e0000,0x0000000012fe0000] byte_map_base: 0x000000000f1d2000

Marking Bits: (ParMarkBitMap*) 0x000000006a544ce0
 Begin Bits: [0x0000000013d30000, 0x0000000017cc0000)
 End Bits:   [0x0000000017cc0000, 0x000000001bc50000)

Polling page: 0x00000000017e0000

CodeCache: size=245760Kb used=41634Kb max_used=43565Kb free=204125Kb
 bounds [0x0000000003420000, 0x0000000006000000, 0x0000000012420000]
 total_blobs=10446 nmethods=9306 adapters=1049
 compilation: enabled

Compilation events (10 events):
Event: 327.253 Thread 0x000000001ee74000 12408       3       okio.RealBufferedSource::readUtf8LineStrict (235 bytes)
Event: 327.255 Thread 0x000000001ee74000 nmethod 12408 0x0000000004f22cd0 code [0x0000000004f23040, 0x0000000004f24df8]
Event: 327.264 Thread 0x000000001ee74000 12409       3       java.util.concurrent.CopyOnWriteArrayList::contains (22 bytes)
Event: 327.265 Thread 0x000000001ee74000 nmethod 12409 0x0000000003ecc9d0 code [0x0000000003eccb40, 0x0000000003eccdc8]
Event: 327.270 Thread 0x000000001ee74000 12410       3       java.lang.StringBuilder::append (8 bytes)
Event: 327.271 Thread 0x000000001ee74000 nmethod 12410 0x0000000004ffaf50 code [0x0000000004ffb0c0, 0x0000000004ffb248]
Event: 327.273 Thread 0x000000001ee74000 12411       3       java.lang.AbstractStringBuilder::append (191 bytes)
Event: 327.275 Thread 0x000000001ee74000 nmethod 12411 0x0000000004fc8150 code [0x0000000004fc8340, 0x0000000004fc8d78]
Event: 327.285 Thread 0x000000001ee74000 12412       3       java.lang.reflect.Method::invoke (62 bytes)
Event: 327.286 Thread 0x000000001ee74000 nmethod 12412 0x00000000055f9b90 code [0x00000000055f9d40, 0x00000000055fa2c8]

GC Heap History (10 events):
Event: 17.757 GC heap before
{Heap before GC invocations=11 (full 1):
 PSYoungGen      total 537600K, used 157515K [0x000000076b400000, 0x00000007a0180000, 0x00000007c0000000)
  eden space 523776K, 30% used [0x000000076b400000,0x0000000774dd2f90,0x000000078b380000)
  from space 13824K, 0% used [0x000000078b380000,0x000000078b380000,0x000000078c100000)
  to   space 13824K, 0% used [0x000000079f400000,0x000000079f400000,0x00000007a0180000)
 ParOldGen       total 90112K, used 10300K [0x00000006c1c00000, 0x00000006c7400000, 0x000000076b400000)
  object space 90112K, 11% used [0x00000006c1c00000,0x00000006c260f220,0x00000006c7400000)
 Metaspace       used 34726K, capacity 35177K, committed 35496K, reserved 1081344K
  class space    used 4079K, capacity 4230K, committed 4264K, reserved 1048576K
Event: 17.771 GC heap after
Heap after GC invocations=11 (full 1):
 PSYoungGen      total 790528K, used 13813K [0x000000076b400000, 0x00000007a0180000, 0x00000007c0000000)
  eden space 776704K, 0% used [0x000000076b400000,0x000000076b400000,0x000000079aa80000)
  from space 13824K, 99% used [0x000000079f400000,0x00000007a017d690,0x00000007a0180000)
  to   space 15360K, 0% used [0x000000079e380000,0x000000079e380000,0x000000079f280000)
 ParOldGen       total 90112K, used 10409K [0x00000006c1c00000, 0x00000006c7400000, 0x000000076b400000)
  object space 90112K, 11% used [0x00000006c1c00000,0x00000006c262a408,0x00000006c7400000)
 Metaspace       used 34726K, capacity 35177K, committed 35496K, reserved 1081344K
  class space    used 4079K, capacity 4230K, committed 4264K, reserved 1048576K
}
Event: 17.771 GC heap before
{Heap before GC invocations=12 (full 2):
 PSYoungGen      total 790528K, used 13813K [0x000000076b400000, 0x00000007a0180000, 0x00000007c0000000)
  eden space 776704K, 0% used [0x000000076b400000,0x000000076b400000,0x000000079aa80000)
  from space 13824K, 99% used [0x000000079f400000,0x00000007a017d690,0x00000007a0180000)
  to   space 15360K, 0% used [0x000000079e380000,0x000000079e380000,0x000000079f280000)
 ParOldGen       total 90112K, used 10409K [0x00000006c1c00000, 0x00000006c7400000, 0x000000076b400000)
  object space 90112K, 11% used [0x00000006c1c00000,0x00000006c262a408,0x00000006c7400000)
 Metaspace       used 34726K, capacity 35177K, committed 35496K, reserved 1081344K
  class space    used 4079K, capacity 4230K, committed 4264K, reserved 1048576K
Event: 17.846 GC heap after
Heap after GC invocations=12 (full 2):
 PSYoungGen      total 790528K, used 0K [0x000000076b400000, 0x00000007a0180000, 0x00000007c0000000)
  eden space 776704K, 0% used [0x000000076b400000,0x000000076b400000,0x000000079aa80000)
  from space 13824K, 0% used [0x000000079f400000,0x000000079f400000,0x00000007a0180000)
  to   space 15360K, 0% used [0x000000079e380000,0x000000079e380000,0x000000079f280000)
 ParOldGen       total 116224K, used 23025K [0x00000006c1c00000, 0x00000006c8d80000, 0x000000076b400000)
  object space 116224K, 19% used [0x00000006c1c00000,0x00000006c327c4f0,0x00000006c8d80000)
 Metaspace       used 34726K, capacity 35177K, committed 35496K, reserved 1081344K
  class space    used 4079K, capacity 4230K, committed 4264K, reserved 1048576K
}
Event: 39.805 GC heap before
{Heap before GC invocations=13 (full 2):
 PSYoungGen      total 790528K, used 460799K [0x000000076b400000, 0x00000007a0180000, 0x00000007c0000000)
  eden space 776704K, 59% used [0x000000076b400000,0x00000007875fffe8,0x000000079aa80000)
  from space 13824K, 0% used [0x000000079f400000,0x000000079f400000,0x00000007a0180000)
  to   space 15360K, 0% used [0x000000079e380000,0x000000079e380000,0x000000079f280000)
 ParOldGen       total 116224K, used 23025K [0x00000006c1c00000, 0x00000006c8d80000, 0x000000076b400000)
  object space 116224K, 19% used [0x00000006c1c00000,0x00000006c327c4f0,0x00000006c8d80000)
 Metaspace       used 55627K, capacity 59059K, committed 59160K, reserved 1101824K
  class space    used 6468K, capacity 6994K, committed 7080K, reserved 1048576K
Event: 39.858 GC heap after
Heap after GC invocations=13 (full 2):
 PSYoungGen      total 850432K, used 15354K [0x000000076b400000, 0x00000007b4c00000, 0x00000007c0000000)
  eden space 835072K, 0% used [0x000000076b400000,0x000000076b400000,0x000000079e380000)
  from space 15360K, 99% used [0x000000079e380000,0x000000079f27eaa8,0x000000079f280000)
  to   space 32256K, 0% used [0x00000007b2c80000,0x00000007b2c80000,0x00000007b4c00000)
 ParOldGen       total 116224K, used 63927K [0x00000006c1c00000, 0x00000006c8d80000, 0x000000076b400000)
  object space 116224K, 55% used [0x00000006c1c00000,0x00000006c5a6dd78,0x00000006c8d80000)
 Metaspace       used 55627K, capacity 59059K, committed 59160K, reserved 1101824K
  class space    used 6468K, capacity 6994K, committed 7080K, reserved 1048576K
}
Event: 39.859 GC heap before
{Heap before GC invocations=14 (full 3):
 PSYoungGen      total 850432K, used 15354K [0x000000076b400000, 0x00000007b4c00000, 0x00000007c0000000)
  eden space 835072K, 0% used [0x000000076b400000,0x000000076b400000,0x000000079e380000)
  from space 15360K, 99% used [0x000000079e380000,0x000000079f27eaa8,0x000000079f280000)
  to   space 32256K, 0% used [0x00000007b2c80000,0x00000007b2c80000,0x00000007b4c00000)
 ParOldGen       total 116224K, used 63927K [0x00000006c1c00000, 0x00000006c8d80000, 0x000000076b400000)
  object space 116224K, 55% used [0x00000006c1c00000,0x00000006c5a6dd78,0x00000006c8d80000)
 Metaspace       used 55627K, capacity 59059K, committed 59160K, reserved 1101824K
  class space    used 6468K, capacity 6994K, committed 7080K, reserved 1048576K
Event: 40.204 GC heap after
Heap after GC invocations=14 (full 3):
 PSYoungGen      total 850432K, used 0K [0x000000076b400000, 0x00000007b4c00000, 0x00000007c0000000)
  eden space 835072K, 0% used [0x000000076b400000,0x000000076b400000,0x000000079e380000)
  from space 15360K, 0% used [0x000000079e380000,0x000000079e380000,0x000000079f280000)
  to   space 32256K, 0% used [0x00000007b2c80000,0x00000007b2c80000,0x00000007b4c00000)
 ParOldGen       total 198144K, used 74951K [0x00000006c1c00000, 0x00000006cdd80000, 0x000000076b400000)
  object space 198144K, 37% used [0x00000006c1c00000,0x00000006c6531f60,0x00000006cdd80000)
 Metaspace       used 55627K, capacity 59059K, committed 59160K, reserved 1101824K
  class space    used 6468K, capacity 6994K, committed 7080K, reserved 1048576K
}
Event: 170.864 GC heap before
{Heap before GC invocations=15 (full 3):
 PSYoungGen      total 850432K, used 835072K [0x000000076b400000, 0x00000007b4c00000, 0x00000007c0000000)
  eden space 835072K, 100% used [0x000000076b400000,0x000000079e380000,0x000000079e380000)
  from space 15360K, 0% used [0x000000079e380000,0x000000079e380000,0x000000079f280000)
  to   space 32256K, 0% used [0x00000007b2c80000,0x00000007b2c80000,0x00000007b4c00000)
 ParOldGen       total 198144K, used 74951K [0x00000006c1c00000, 0x00000006cdd80000, 0x000000076b400000)
  object space 198144K, 37% used [0x00000006c1c00000,0x00000006c6531f60,0x00000006cdd80000)
 Metaspace       used 59486K, capacity 63085K, committed 63400K, reserved 1105920K
  class space    used 6647K, capacity 7209K, committed 7336K, reserved 1048576K
Event: 170.926 GC heap after
Heap after GC invocations=15 (full 3):
 PSYoungGen      total 1148928K, used 32242K [0x000000076b400000, 0x00000007b9480000, 0x00000007c0000000)
  eden space 1116672K, 0% used [0x000000076b400000,0x000000076b400000,0x00000007af680000)
  from space 32256K, 99% used [0x00000007b2c80000,0x00000007b4bfcbd0,0x00000007b4c00000)
  to   space 55296K, 0% used [0x00000007af680000,0x00000007af680000,0x00000007b2c80000)
 ParOldGen       total 198144K, used 124093K [0x00000006c1c00000, 0x00000006cdd80000, 0x000000076b400000)
  object space 198144K, 62% used [0x00000006c1c00000,0x00000006c952f7f8,0x00000006cdd80000)
 Metaspace       used 59486K, capacity 63085K, committed 63400K, reserved 1105920K
  class space    used 6647K, capacity 7209K, committed 7336K, reserved 1048576K
}

Deoptimization events (10 events):
Event: 327.182 Thread 0x00000000203ef000 Uncommon trap: reason=unstable_if action=reinterpret pc=0x0000000004305a4c method=java.awt.Container.isParentOf(Ljava/awt/Component;)Z @ 13
Event: 327.182 Thread 0x00000000203ef000 Uncommon trap: reason=unstable_if action=reinterpret pc=0x0000000004305a4c method=java.awt.Container.isParentOf(Ljava/awt/Component;)Z @ 13
Event: 327.182 Thread 0x00000000203ef000 Uncommon trap: reason=unstable_if action=reinterpret pc=0x0000000004305a4c method=java.awt.Container.isParentOf(Ljava/awt/Component;)Z @ 13
Event: 327.182 Thread 0x00000000203ef000 Uncommon trap: reason=unstable_if action=reinterpret pc=0x00000000041ea6cc method=java.awt.EventQueue.removeSourceEvents(Ljava/lang/Object;Z)V @ 51
Event: 327.264 Thread 0x0000000024590000 Uncommon trap: reason=class_check action=maybe_recompile pc=0x00000000053be18c method=jogamp.opengl.GLDrawableImpl.lockSurface()I @ 4
Event: 327.264 Thread 0x0000000024590000 Uncommon trap: reason=unstable_if action=reinterpret pc=0x0000000003c95e60 method=jogamp.common.util.locks.RecursiveLockImpl01Unfairish$SingleThreadSync.isOwner(Ljava/lang/Thread;)Z @ 5
Event: 327.265 Thread 0x0000000024590000 Uncommon trap: reason=unstable_if action=reinterpret pc=0x00000000049ab460 method=jogamp.common.util.locks.RecursiveLockImpl01Unfairish$SingleThreadSync.isOwner(Ljava/lang/Thread;)Z @ 5
Event: 327.265 Thread 0x0000000024590000 Uncommon trap: reason=class_check action=maybe_recompile pc=0x00000000053be18c method=jogamp.opengl.GLDrawableImpl.lockSurface()I @ 4
Event: 327.270 Thread 0x0000000024590000 Uncommon trap: reason=unstable_if action=reinterpret pc=0x00000000053bea78 method=jogamp.common.util.locks.RecursiveLockImpl01Unfairish.unlock(Ljava/lang/Runnable;)V @ 34
Event: 327.325 Thread 0x00000000203ea000 Uncommon trap: reason=unstable_if action=reinterpret pc=0x0000000005674c04 method=sun.java2d.d3d.D3DScreenUpdateManager.createGraphics(Lsun/java2d/SurfaceData;Lsun/awt/windows/WComponentPeer;Ljava/awt/Color;Ljava/awt/Color;Ljava/awt/Font;)Ljava/awt/Graphi

Classes redefined (0 events):
No events

Internal exceptions (10 events):
Event: 114.869 Thread 0x00000000203ea000 Implicit null exception at 0x0000000004f270cf to 0x0000000004f27925
Event: 116.089 Thread 0x00000000203ea000 Implicit null exception at 0x00000000051fc459 to 0x00000000051fc5d9
Event: 119.059 Thread 0x00000000203ea000 Implicit null exception at 0x0000000005146164 to 0x0000000005146275
Event: 119.059 Thread 0x00000000203ea000 Implicit null exception at 0x000000000565640b to 0x0000000005656871
Event: 127.542 Thread 0x00000000203ea000 Exception <a 'java/lang/NoSuchMethodError': java.lang.Object.inspectorAlwaysOnTop()Z> (0x000000078e3c0e00) thrown at [C:\re\workspace\8-2-build-windows-amd64-cygwin\jdk8u201\12322\hotspot\src\share\vm\interpreter\linkResolver.cpp, line 620]
Event: 127.580 Thread 0x00000000203ea000 Implicit null exception at 0x00000000058d9897 to 0x00000000058dad39
Event: 325.781 Thread 0x00000000203ef000 Implicit null exception at 0x00000000051186d3 to 0x000000000511a7dd
Event: 327.182 Thread 0x00000000203ef000 Implicit null exception at 0x000000000430b72c to 0x000000000430b949
Event: 327.194 Thread 0x00000000203ef000 Exception <a 'java/lang/NoSuchMethodError': java.lang.Object.inspectorAlwaysOnTop()Z> (0x00000007a4747d60) thrown at [C:\re\workspace\8-2-build-windows-amd64-cygwin\jdk8u201\12322\hotspot\src\share\vm\interpreter\linkResolver.cpp, line 620]
Event: 327.197 Thread 0x00000000203ef000 Exception <a 'java/net/SocketTimeoutException': Read timed out> (0x00000007a474aec0) thrown at [C:\re\workspace\8-2-build-windows-amd64-cygwin\jdk8u201\12322\hotspot\src\share\vm\prims\jni.cpp, line 735]

Events (10 events):
Event: 327.284 Executing VM operation: RevokeBias
Event: 327.285 Executing VM operation: RevokeBias done
Event: 327.285 Executing VM operation: RevokeBias
Event: 327.285 Executing VM operation: RevokeBias done
Event: 327.285 Thread 0x0000000021e12800 Thread exited: 0x0000000021e12800
Event: 327.287 Thread 0x00000000203ea000 DEOPT PACKING pc=0x0000000004e7cf82 sp=0x0000000029ffefe0
Event: 327.287 Thread 0x00000000203ea000 DEOPT UNPACKING pc=0x0000000003467890 sp=0x0000000029ffecf8 mode 0
Event: 327.325 Thread 0x00000000203ea000 Uncommon trap: trap_request=0xffffff65 fr.pc=0x0000000005674c04
Event: 327.325 Thread 0x00000000203ea000 DEOPT PACKING pc=0x0000000005674c04 sp=0x0000000029fff270
Event: 327.325 Thread 0x00000000203ea000 DEOPT UNPACKING pc=0x000000000346583b sp=0x0000000029fff090 mode 2


Dynamic libraries:
0x00007ff72ee60000 - 0x00007ff72ee97000 	C:\Program Files\Java\jdk1.8.0_201\bin\java.exe
0x00007ffdcefc0000 - 0x00007ffdcf1a1000 	C:\WINDOWS\SYSTEM32\ntdll.dll
0x00007ffdceb40000 - 0x00007ffdcebf2000 	C:\WINDOWS\System32\KERNEL32.DLL
0x00007ffdcc060000 - 0x00007ffdcc2d3000 	C:\WINDOWS\System32\KERNELBASE.dll
0x00007ffdceed0000 - 0x00007ffdcef71000 	C:\WINDOWS\System32\ADVAPI32.dll
0x00007ffdce540000 - 0x00007ffdce5de000 	C:\WINDOWS\System32\msvcrt.dll
0x00007ffdcc700000 - 0x00007ffdcc75b000 	C:\WINDOWS\System32\sechost.dll
0x00007ffdccd40000 - 0x00007ffdcce64000 	C:\WINDOWS\System32\RPCRT4.dll
0x00007ffdcc760000 - 0x00007ffdcc8f0000 	C:\WINDOWS\System32\USER32.dll
0x00007ffdcb390000 - 0x00007ffdcb3b0000 	C:\WINDOWS\System32\win32u.dll
0x00007ffdcec00000 - 0x00007ffdcec28000 	C:\WINDOWS\System32\GDI32.dll
0x00007ffdcbe10000 - 0x00007ffdcbfa2000 	C:\WINDOWS\System32\gdi32full.dll
0x00007ffdcc2e0000 - 0x00007ffdcc37f000 	C:\WINDOWS\System32\msvcp_win.dll
0x00007ffdcbd10000 - 0x00007ffdcbe0a000 	C:\WINDOWS\System32\ucrtbase.dll
0x00007ffdba010000 - 0x00007ffdba279000 	C:\WINDOWS\WinSxS\amd64_microsoft.windows.common-controls_6595b64144ccf1df_6.0.17134.590_none_fb3d9bff3069e088\COMCTL32.dll
0x00007ffdce670000 - 0x00007ffdce992000 	C:\WINDOWS\System32\combase.dll
0x00007ffdcc3d0000 - 0x00007ffdcc44a000 	C:\WINDOWS\System32\bcryptPrimitives.dll
0x00007ffdcc630000 - 0x00007ffdcc65d000 	C:\WINDOWS\System32\IMM32.DLL
0x000000006c790000 - 0x000000006c861000 	C:\Program Files\Java\jdk1.8.0_201\jre\bin\msvcr100.dll
0x0000000069d20000 - 0x000000006a5c4000 	C:\Program Files\Java\jdk1.8.0_201\jre\bin\server\jvm.dll
0x00007ffdceec0000 - 0x00007ffdceec8000 	C:\WINDOWS\System32\PSAPI.DLL
0x00007ffdc63d0000 - 0x00007ffdc63da000 	C:\WINDOWS\SYSTEM32\VERSION.dll
0x00007ffdc0090000 - 0x00007ffdc0099000 	C:\WINDOWS\SYSTEM32\WSOCK32.dll
0x00007ffdbe770000 - 0x00007ffdbe793000 	C:\WINDOWS\SYSTEM32\WINMM.dll
0x00007ffdcedf0000 - 0x00007ffdcee5c000 	C:\WINDOWS\System32\WS2_32.dll
0x00007ffdbe380000 - 0x00007ffdbe3aa000 	C:\WINDOWS\SYSTEM32\winmmbase.dll
0x00007ffdcc380000 - 0x00007ffdcc3c9000 	C:\WINDOWS\System32\cfgmgr32.dll
0x00007ffdc6df0000 - 0x00007ffdc6dff000 	C:\Program Files\Java\jdk1.8.0_201\jre\bin\verify.dll
0x00007ffdbe230000 - 0x00007ffdbe259000 	C:\Program Files\Java\jdk1.8.0_201\jre\bin\java.dll
0x00007ffdc4cf0000 - 0x00007ffdc4d13000 	C:\Program Files\Java\jdk1.8.0_201\jre\bin\instrument.dll
0x00007ffdc6170000 - 0x00007ffdc6186000 	C:\Program Files\Java\jdk1.8.0_201\jre\bin\zip.dll
0x00007ffdcce70000 - 0x00007ffdce2b0000 	C:\WINDOWS\System32\SHELL32.dll
0x00007ffdce2b0000 - 0x00007ffdce359000 	C:\WINDOWS\System32\shcore.dll
0x00007ffdcb3b0000 - 0x00007ffdcbabd000 	C:\WINDOWS\System32\windows.storage.dll
0x00007ffdcec30000 - 0x00007ffdcec81000 	C:\WINDOWS\System32\shlwapi.dll
0x00007ffdcb350000 - 0x00007ffdcb361000 	C:\WINDOWS\System32\kernel.appcore.dll
0x00007ffdcb330000 - 0x00007ffdcb34f000 	C:\WINDOWS\System32\profapi.dll
0x00007ffdcb2e0000 - 0x00007ffdcb32c000 	C:\WINDOWS\System32\powrprof.dll
0x00007ffdcb2d0000 - 0x00007ffdcb2da000 	C:\WINDOWS\System32\FLTLIB.DLL
0x00007ffdc20a0000 - 0x00007ffdc20ba000 	C:\Program Files\JetBrains\IntelliJ IDEA Community Edition 2018.3.3\bin\breakgen64.dll
0x00007ffdbe710000 - 0x00007ffdbe72a000 	C:\Program Files\Java\jdk1.8.0_201\jre\bin\net.dll
0x00007ffdbe3b0000 - 0x00007ffdbe579000 	C:\WINDOWS\SYSTEM32\urlmon.dll
0x00007ffdbda00000 - 0x00007ffdbdca5000 	C:\WINDOWS\SYSTEM32\iertutil.dll
0x00007ffdcad00000 - 0x00007ffdcad0b000 	C:\WINDOWS\SYSTEM32\CRYPTBASE.DLL
0x00007ffdcab50000 - 0x00007ffdcabb6000 	C:\WINDOWS\system32\mswsock.dll
0x00007ffdc1cf0000 - 0x00007ffdc1d14000 	C:\Program Files\Java\jdk1.8.0_201\jre\bin\sunec.dll
0x00007ffdca8d0000 - 0x00007ffdca908000 	C:\WINDOWS\SYSTEM32\IPHLPAPI.DLL
0x00007ffdcef80000 - 0x00007ffdcef88000 	C:\WINDOWS\System32\NSI.dll
0x00007ffdc4ba0000 - 0x00007ffdc4bb6000 	C:\WINDOWS\SYSTEM32\dhcpcsvc6.DLL
0x00007ffdc5040000 - 0x00007ffdc505a000 	C:\WINDOWS\SYSTEM32\dhcpcsvc.DLL
0x00007ffdbe140000 - 0x00007ffdbe151000 	C:\Program Files\Java\jdk1.8.0_201\jre\bin\nio.dll
0x00007ffdcad10000 - 0x00007ffdcad27000 	C:\WINDOWS\SYSTEM32\CRYPTSP.dll
0x00007ffdca730000 - 0x00007ffdca763000 	C:\WINDOWS\system32\rsaenh.dll
0x00007ffdcae30000 - 0x00007ffdcae55000 	C:\WINDOWS\SYSTEM32\bcrypt.dll
0x00007ffdcb1d0000 - 0x00007ffdcb1f8000 	C:\WINDOWS\SYSTEM32\USERENV.dll
0x00007ffdbe2f0000 - 0x00007ffdbe332000 	C:\Users\asus\AppData\Local\Temp\jna-3003984\jna7259175900916990212.dll
0x00007ffdbc800000 - 0x00007ffdbc89c000 	C:\Users\asus\AppData\Local\Temp\jna-3003984\jna4504476849667639900.dll
0x00007ffdca910000 - 0x00007ffdca9ce000 	C:\WINDOWS\SYSTEM32\DNSAPI.dll
0x00007ffdc3770000 - 0x00007ffdc377a000 	C:\Windows\System32\rasadhlp.dll
0x00007ffdc37b0000 - 0x00007ffdc3822000 	C:\WINDOWS\System32\fwpuclnt.dll
0x00007ffdb63a0000 - 0x00007ffdb6539000 	C:\Program Files\Java\jdk1.8.0_201\jre\bin\awt.dll
0x00007ffdcc560000 - 0x00007ffdcc623000 	C:\WINDOWS\System32\OLEAUT32.dll
0x00007ffdc8750000 - 0x00007ffdc87db000 	C:\WINDOWS\SYSTEM32\apphelp.dll
0x00007ffdc8a40000 - 0x00007ffdc8ad8000 	C:\WINDOWS\system32\uxtheme.dll
0x00007ffdce3c0000 - 0x00007ffdce533000 	C:\WINDOWS\System32\MSCTF.dll
0x00007ffdc96c0000 - 0x00007ffdc96e9000 	C:\WINDOWS\system32\dwmapi.dll
0x00007ffdcec90000 - 0x00007ffdcede1000 	C:\WINDOWS\System32\ole32.dll
0x00007ffdc6bb0000 - 0x00007ffdc6bbb000 	C:\Program Files\Java\jdk1.8.0_201\jre\bin\sunmscapi.dll
0x00007ffdcbb20000 - 0x00007ffdcbd02000 	C:\WINDOWS\System32\CRYPT32.dll
0x00007ffdcb370000 - 0x00007ffdcb382000 	C:\WINDOWS\System32\MSASN1.dll
0x00007ffdbc7b0000 - 0x00007ffdbc7f7000 	C:\Program Files\Java\jdk1.8.0_201\jre\bin\fontmanager.dll
0x00007ffdb6bf0000 - 0x00007ffdb6c92000 	C:\Program Files\Java\jdk1.8.0_201\jre\bin\mlib_image.dll
0x00007ffda14e0000 - 0x00007ffda1600000 	C:\WINDOWS\system32\opengl32.dll
0x00007ffda1470000 - 0x00007ffda149c000 	C:\WINDOWS\SYSTEM32\GLU32.dll
0x00007ffdbe600000 - 0x00007ffdbe62a000 	C:\Program Files\Java\jdk1.8.0_201\jre\bin\dcpr.dll
0x00007ffdbc760000 - 0x00007ffdbc7a2000 	C:\Program Files\Java\jdk1.8.0_201\jre\bin\t2k.dll
0x00007ffdcc660000 - 0x00007ffdcc700000 	C:\WINDOWS\System32\clbcatq.dll
0x00007ffdba670000 - 0x00007ffdba81e000 	C:\WINDOWS\SYSTEM32\WindowsCodecs.dll
0x00007ffda8480000 - 0x00007ffda84d8000 	C:\WINDOWS\system32\dataexchange.dll
0x00007ffdc72e0000 - 0x00007ffdc75eb000 	C:\WINDOWS\system32\d3d11.dll
0x00007ffdc7f80000 - 0x00007ffdc811c000 	C:\WINDOWS\system32\dcomp.dll
0x00007ffdca090000 - 0x00007ffdca14b000 	C:\WINDOWS\system32\dxgi.dll
0x00007ffdc9720000 - 0x00007ffdc98d8000 	C:\WINDOWS\system32\twinapi.appcore.dll
0x00007ffdc9690000 - 0x00007ffdc96b9000 	C:\WINDOWS\system32\RMCLIENT.dll
0x00007ffda82f0000 - 0x00007ffda8398000 	C:\WINDOWS\SYSTEM32\mscms.dll
0x00007ffdc3da0000 - 0x00007ffdc3db0000 	C:\WINDOWS\SYSTEM32\ColorAdapterClient.dll
0x00007ffdb6b10000 - 0x00007ffdb6b53000 	C:\WINDOWS\SYSTEM32\icm32.dll
0x00007ffdb31c0000 - 0x00007ffdb3256000 	C:\WINDOWS\System32\TextInputFramework.dll
0x00007ffdb3730000 - 0x00007ffdb3a4e000 	C:\WINDOWS\System32\CoreUIComponents.dll
0x00007ffdc8470000 - 0x00007ffdc854a000 	C:\WINDOWS\System32\CoreMessaging.dll
0x00007ffdca4d0000 - 0x00007ffdca501000 	C:\WINDOWS\SYSTEM32\ntmarta.dll
0x00007ffdc6c70000 - 0x00007ffdc6dbd000 	C:\WINDOWS\SYSTEM32\wintypes.dll
0x00007ffdbe9f0000 - 0x00007ffdbea5b000 	C:\WINDOWS\system32\Oleacc.dll
0x00007ffdc56f0000 - 0x00007ffdc56fb000 	C:\WINDOWS\SYSTEM32\WINNSI.DLL
0x00000000637c0000 - 0x00000000637cd000 	C:\Users\asus\AppData\Local\Temp\jogamp_0000\file_cache\jln5719507639112638130\jln4548714454110106831\natives\windows-amd64\gluegen-rt.dll
0x00007ffdc66b0000 - 0x00007ffdc66b7000 	C:\Program Files\Java\jdk1.8.0_201\jre\bin\jawt.dll
0x0000000029d60000 - 0x0000000029d6d000 	C:\Users\asus\AppData\Local\Temp\jogamp_0000\file_cache\jln5719507639112638130\jln4548714454110106831\natives\windows-amd64\nativewindow_awt.dll
0x000000006c100000 - 0x000000006c10f000 	C:\Users\asus\AppData\Local\Temp\jogamp_0000\file_cache\jln5719507639112638130\jln4548714454110106831\natives\windows-amd64\nativewindow_win32.dll
0x0000000064500000 - 0x00000000645b1000 	C:\Users\asus\AppData\Local\Temp\jogamp_0000\file_cache\jln5719507639112638130\jln4548714454110106831\natives\windows-amd64\jogl_desktop.dll
0x0000000064340000 - 0x00000000643a2000 	C:\Users\asus\AppData\Local\Temp\jogamp_0000\file_cache\jln5719507639112638130\jln4548714454110106831\natives\windows-amd64\jogl_mobile.dll
0x00007ffdaaa50000 - 0x00007ffdab93e000 	C:\WINDOWS\System32\DriverStore\FileRepository\igdlh64.inf_amd64_31ba00ea6900d67d\ig9icd64.dll
0x00007ffdbd370000 - 0x00007ffdbd3a1000 	C:\Program Files\Java\jdk1.8.0_201\jre\bin\jpeg.dll
0x00007ffdb6bb0000 - 0x00007ffdb6bee000 	C:\Program Files\Java\jdk1.8.0_201\jre\bin\lcms.dll
0x00007ffdae740000 - 0x00007ffdb0641000 	C:\WINDOWS\System32\DriverStore\FileRepository\igdlh64.inf_amd64_31ba00ea6900d67d\igc64.dll
0x00007ffdc6be0000 - 0x00007ffdc6bed000 	C:\Program Files\Java\jdk1.8.0_201\jre\bin\management.dll
0x00007ffdc60c0000 - 0x00007ffdc60cc000 	C:\Program Files\Java\jdk1.8.0_201\jre\bin\jsound.dll
0x00007ffdc5200000 - 0x00007ffdc520b000 	C:\Program Files\Java\jdk1.8.0_201\jre\bin\jsoundds.dll
0x00007ffdb6700000 - 0x00007ffdb678f000 	C:\WINDOWS\SYSTEM32\DSOUND.dll
0x00007ffdc4bc0000 - 0x00007ffdc4c36000 	C:\WINDOWS\SYSTEM32\MMDevAPI.DLL
0x00007ffdc8ec0000 - 0x00007ffdc9074000 	C:\WINDOWS\SYSTEM32\PROPSYS.dll
0x00007ffdcb0e0000 - 0x00007ffdcb107000 	C:\WINDOWS\SYSTEM32\DEVOBJ.dll
0x00007ffdc60d0000 - 0x00007ffdc6114000 	C:\WINDOWS\SYSTEM32\wdmaud.drv
0x00007ffdc66d0000 - 0x00007ffdc66da000 	C:\WINDOWS\SYSTEM32\AVRT.dll
0x00007ffdb8530000 - 0x00007ffdb8539000 	C:\WINDOWS\SYSTEM32\ksuser.dll
0x00007ffdbd8a0000 - 0x00007ffdbd9cc000 	C:\WINDOWS\SYSTEM32\AUDIOSES.DLL
0x00007ffdc6450000 - 0x00007ffdc645d000 	C:\WINDOWS\SYSTEM32\msacm32.drv
0x00007ffdc5730000 - 0x00007ffdc574c000 	C:\WINDOWS\SYSTEM32\MSACM32.dll
0x00007ffdc6440000 - 0x00007ffdc644a000 	C:\WINDOWS\SYSTEM32\midimap.dll
0x00007ffdb32b0000 - 0x00007ffdb33c4000 	C:\Windows\System32\Windows.UI.dll
0x00007ffdb3140000 - 0x00007ffdb31b9000 	C:\Windows\System32\InputHost.dll
0x00007ffdbd3b0000 - 0x00007ffdbd414000 	C:\WINDOWS\system32\Ninput.dll
0x00007ffdc9cd0000 - 0x00007ffdc9e99000 	C:\WINDOWS\SYSTEM32\dbghelp.dll

VM Arguments:
jvm_args: -ea -javaagent:C:\Program Files\JetBrains\IntelliJ IDEA Community Edition 2018.3.3\lib\idea_rt.jar=53860:C:\Program Files\JetBrains\IntelliJ IDEA Community Edition 2018.3.3\bin -Dfile.encoding=UTF-8 
java_command: net.runelite.client.RuneLite --debug --developer-mode
java_class_path (initial): C:\Program Files\Java\jdk1.8.0_201\jre\lib\charsets.jar;C:\Program Files\Java\jdk1.8.0_201\jre\lib\deploy.jar;C:\Program Files\Java\jdk1.8.0_201\jre\lib\ext\access-bridge-64.jar;C:\Program Files\Java\jdk1.8.0_201\jre\lib\ext\cldrdata.jar;C:\Program Files\Java\jdk1.8.0_201\jre\lib\ext\dnsns.jar;C:\Program Files\Java\jdk1.8.0_201\jre\lib\ext\jaccess.jar;C:\Program Files\Java\jdk1.8.0_201\jre\lib\ext\jfxrt.jar;C:\Program Files\Java\jdk1.8.0_201\jre\lib\ext\localedata.jar;C:\Program Files\Java\jdk1.8.0_201\jre\lib\ext\nashorn.jar;C:\Program Files\Java\jdk1.8.0_201\jre\lib\ext\sunec.jar;C:\Program Files\Java\jdk1.8.0_201\jre\lib\ext\sunjce_provider.jar;C:\Program Files\Java\jdk1.8.0_201\jre\lib\ext\sunmscapi.jar;C:\Program Files\Java\jdk1.8.0_201\jre\lib\ext\sunpkcs11.jar;C:\Program Files\Java\jdk1.8.0_201\jre\lib\ext\zipfs.jar;C:\Program Files\Java\jdk1.8.0_201\jre\lib\javaws.jar;C:\Program Files\Java\jdk1.8.0_201\jre\lib\jce.jar;C:\Program Files\Java\jdk1.8.0_201\jre\lib\jfr.jar;C:\Program Files\Java\jdk1.8.0_201\jre\lib\jfxswt.jar;C:\Program Files\Java\jdk1.8.0_201\jre\lib\jsse.jar;C:\Program Files\Java\jdk1.8.0_201\jre\lib\management-agent.jar;C:\Program Files\Java\jdk1.8.0_201\jre\lib\plugin.jar;C:\Program Files\Java\jdk1.8.0_201\jre\lib\resources.jar;C:\Program Files\Java\jdk1.8.0_201\jre\lib\rt.jar;C:\Users\asus\runelite\runelite-client\target\classes;C:\Users\asus\.m2\repository\org\slf4j\slf4j-api\1.7.25\slf4j-api-1.7.25.jar;C:\Users\asus\.m2\repository\ch\qos\logback\logback-classic\1.2.3\logback-classic-1.2.3.jar;C:\Users\asus\.m2\repository\ch\qos\logback\logback-core\1.2.3\logback-core-1.2.3.jar;C:\Users\asus\.m2\repository\net\sf\jopt-simple\jopt-simple\5.0.1\jopt-simple-5.0.1.jar;C:\Users\asus\.m2\repository\com\google\guava\guava\23.2-jre\guava-23.2-jre.jar;C:\Users\asus\.m2\repository\com\google\code\findbugs\jsr305\1.3.9\jsr305-1.3.9.jar;C:\Users\asus\.m2\repository\com\google\errorprone\error_prone_annotations\2.0.18\error_
Launcher Type: SUN_STANDARD

Environment Variables:
PATH=C:\Program Files (x86)\Common Files\Oracle\Java\javapath;C:\Program Files (x86)\Intel\iCLS Client\;C:\Program Files\Intel\iCLS Client\;C:\Windows\system32;C:\Windows;C:\Windows\System32\Wbem;C:\Windows\System32\WindowsPowerShell\v1.0\;C:\Program Files (x86)\NVIDIA Corporation\PhysX\Common;C:\Program Files (x86)\Intel\Intel(R) Management Engine Components\DAL;C:\Program Files\Intel\Intel(R) Management Engine Components\DAL;C:\Program Files (x86)\Intel\Intel(R) Management Engine Components\IPT;C:\Program Files\Intel\Intel(R) Management Engine Components\IPT;C:\WINDOWS\system32;C:\WINDOWS;C:\WINDOWS\System32\Wbem;C:\WINDOWS\System32\WindowsPowerShell\v1.0\;C:\WINDOWS\System32\OpenSSH\;C:\Documents\PuTTY\;C:\Program Files\Intel\WiFi\bin\;C:\Program Files\Common Files\Intel\WirelessCommon\;C:\cygwin\bin;C:\Program Files\Git\cmd;C:\Users\asus\AppData\Local\Microsoft\WindowsApps;C:\Users\asus\AppData\Local\GitHubDesktop\bin
USERNAME=asus
OS=Windows_NT
PROCESSOR_IDENTIFIER=Intel64 Family 6 Model 158 Stepping 9, GenuineIntel



---------------  S Y S T E M  ---------------

OS: Windows 10.0 , 64 bit Build 17134 (10.0.17134.556)

CPU:total 8 (initial active 8) (4 cores per cpu, 2 threads per core) family 6 model 158 stepping 9, cmov, cx8, fxsr, mmx, sse, sse2, sse3, ssse3, sse4.1, sse4.2, popcnt, avx, avx2, aes, clmul, erms, 3dnowpref, lzcnt, ht, tsc, tscinvbit, bmi1, bmi2, adx

Memory: 4k page, physical 16659216k(8166192k free), swap 19149584k(5959816k free)

vm_info: Java HotSpot(TM) 64-Bit Server VM (25.201-b09) for windows-amd64 JRE (1.8.0_201-b09), built on Dec 15 2018 18:36:39 by "java_re" with MS VC++ 10.0 (VS2010)

time: Tue Feb 19 10:06:40 2019
timezone: Eastern Standard Time
elapsed time: 327 seconds (0d 0h 5m 27s)

