#
# A fatal error has been detected by the Java Runtime Environment:
#
#  EXCEPTION_ACCESS_VIOLATION (0xc0000005) at pc=0x00007ffe3e0a0e0e, pid=8536, tid=0x0000000000001e68
#
# JRE version: Java(TM) SE Runtime Environment (8.0_201-b09) (build 1.8.0_201-b09)
# Java VM: Java HotSpot(TM) 64-Bit Server VM (25.201-b09 mixed mode windows-amd64 compressed oops)
# Problematic frame:
# C  [ig9icd64.dll+0x190e0e]
#
# Failed to write core dump. Minidumps are not enabled by default on client versions of Windows
#
# If you would like to submit a bug report, please visit:
#   http://bugreport.java.com/bugreport/crash.jsp
# The crash happened outside the Java Virtual Machine in native code.
# See problematic frame for where to report the bug.
#

---------------  T H R E A D  ---------------

Current thread (0x000000002086a000):  JavaThread "Thread-5" daemon [_thread_in_native, id=7784, stack(0x0000000027d60000,0x0000000027e60000)]

siginfo: ExceptionCode=0xc0000005, reading address 0x0000000000000008

Registers:
RAX=0x0000000000000000, RBX=0x00007ffe3e3f9290, RCX=0x0000000029f92d20, RDX=0x0000000032ab84c0
RSP=0x0000000027e5e0d0, RBP=0x0000000027e5e340, RSI=0x0000000027e5e300, RDI=0x0000000000000000
R8 =0x0000000009770000, R9 =0x0000000000000000, R10=0x0000000027e5e480, R11=0x0000000027e5e268
R12=0x0000000000000007, R13=0x0000000000000000, R14=0x0000000027e5e5d0, R15=0x0000000027e5e380
RIP=0x00007ffe3e0a0e0e, EFLAGS=0x0000000000010246

Top of Stack: (sp=0x0000000027e5e0d0)
0x0000000027e5e0d0:   000000003490c920 0000000032ab84c0
0x0000000027e5e0e0:   0000000000000000 0000000027e5e1f8
0x0000000027e5e0f0:   0000000000000000 0000000027e5e340
0x0000000027e5e100:   0000000027e5e130 0000000027e5e170
0x0000000027e5e110:   0000000027e5e1b8 0000000027e5e140
0x0000000027e5e120:   0000000027e5e1d8 0000000027e5e150
0x0000000027e5e130:   0000000027e5e300 0000000027e5e230
0x0000000027e5e140:   00000000000003a8 0000000034a22c90
0x0000000027e5e150:   0000000034d7c3f0 0000000034d7c3f0
0x0000000027e5e160:   0000000034a229b0 00007ffe3e82165c
0x0000000027e5e170:   0000000034d7cd90 0000000034c1bc20
0x0000000027e5e180:   0000000034d7c3f0 000000002344a0a0
0x0000000027e5e190:   0000000027e5e380 0000000027e5e480
0x0000000027e5e1a0:   0000000034c18560 0000000034c18560
0x0000000027e5e1b0:   0000000000000000 0000000034c1bc20
0x0000000027e5e1c0:   0000000027e5e219 00007ffe3df566d6 

Instructions: (pc=0x00007ffe3e0a0e0e)
0x00007ffe3e0a0dee:   48 85 c9 74 06 48 8b 41 20 eb 15 48 8b 80 98 00
0x00007ffe3e0a0dfe:   00 00 48 85 c0 74 06 48 8b 40 20 eb 03 48 8b c7
0x00007ffe3e0a0e0e:   48 8b 48 08 48 85 c9 74 54 81 79 14 5d 01 00 00
0x00007ffe3e0a0e1e:   75 4b 81 26 ff ff 97 f6 81 0e 00 00 94 06 8b 81 


Register to memory mapping:

RAX=0x0000000000000000 is an unknown value
RBX=0x00007ffe3e3f9290 is an unknown value
RCX=0x0000000029f92d20 is an unknown value
RDX=0x0000000032ab84c0 is an unknown value
RSP=0x0000000027e5e0d0 is pointing into the stack for thread: 0x000000002086a000
RBP=0x0000000027e5e340 is pointing into the stack for thread: 0x000000002086a000
RSI=0x0000000027e5e300 is pointing into the stack for thread: 0x000000002086a000
RDI=0x0000000000000000 is an unknown value
R8 =0x0000000009770000 is an unknown value
R9 =0x0000000000000000 is an unknown value
R10=0x0000000027e5e480 is pointing into the stack for thread: 0x000000002086a000
R11=0x0000000027e5e268 is pointing into the stack for thread: 0x000000002086a000
R12=0x0000000000000007 is an unknown value
R13=0x0000000000000000 is an unknown value
R14=0x0000000027e5e5d0 is pointing into the stack for thread: 0x000000002086a000
R15=0x0000000027e5e380 is pointing into the stack for thread: 0x000000002086a000


Stack: [0x0000000027d60000,0x0000000027e60000],  sp=0x0000000027e5e0d0,  free space=1016k
Native frames: (J=compiled Java code, j=interpreted, Vv=VM code, C=native code)
C  [ig9icd64.dll+0x190e0e]
C  [ig9icd64.dll+0x4a0cbd]
C  [ig9icd64.dll+0x4a4d27]
C  [ig9icd64.dll+0x398298]
C  [ig9icd64.dll+0x353cc5]
C  [ig9icd64.dll+0x152415]
C  [ig9icd64.dll+0x143304]
C  [ig9icd64.dll+0x13ff36]
C  0x0000000002cb8c67

Java frames: (J=compiled Java code, j=interpreted, Vv=VM code)
j  jogamp.opengl.gl4.GL4bcImpl.dispatch_glTexSubImage2D1(IIIIIIIILjava/lang/Object;IZJ)V+0
j  jogamp.opengl.gl4.GL4bcImpl.glTexSubImage2D(IIIIIIIILjava/nio/Buffer;)V+122
j  net.runelite.client.plugins.gpu.GpuPlugin.drawUi(II)V+251
j  net.runelite.client.plugins.gpu.GpuPlugin.draw()V+2751
j  bf.onPost(Ljava/lang/Object;)V+14
j  bf.c(Ljava/lang/Object;I)V+2
j  bf.run()V+381
j  java.lang.Thread.run()V+11
v  ~StubRoutines::call_stub

---------------  P R O C E S S  ---------------

Java Threads: ( => current thread )
  0x000000001f444000 JavaThread "Thread-1" daemon [_thread_in_native, id=19248, stack(0x000000003bb50000,0x000000003bc50000)]
  0x000000001f43c800 JavaThread "Thread-18" daemon [_thread_blocked, id=7592, stack(0x000000003b850000,0x000000003b950000)]
  0x000000001f43d000 JavaThread "pool-5-thread-1" [_thread_blocked, id=18488, stack(0x000000003b1d0000,0x000000003b2d0000)]
  0x000000001f43e800 JavaThread "Java Sound Event Dispatcher" daemon [_thread_blocked, id=18644, stack(0x000000003aed0000,0x000000003afd0000)]
  0x000000001f43e000 JavaThread "Thread-16" daemon [_thread_blocked, id=2496, stack(0x000000003ab60000,0x000000003ac60000)]
  0x0000000020870000 JavaThread "DestroyJavaVM" [_thread_blocked, id=15540, stack(0x0000000002870000,0x0000000002970000)]
  0x0000000027267800 JavaThread "Twitch" [_thread_in_native, id=18844, stack(0x0000000035950000,0x0000000035a50000)]
  0x000000002726a800 JavaThread "TimerQueue" daemon [_thread_blocked, id=16464, stack(0x00000000337d0000,0x00000000338d0000)]
  0x0000000027267000 JavaThread "OkHttp Dispatcher" [_thread_blocked, id=17852, stack(0x00000000336d0000,0x00000000337d0000)]
  0x000000002726a000 JavaThread "OkHttp Dispatcher" [_thread_blocked, id=18648, stack(0x00000000333d0000,0x00000000334d0000)]
  0x0000000027269000 JavaThread "OkHttp Dispatcher" [_thread_blocked, id=7440, stack(0x00000000332d0000,0x00000000333d0000)]
  0x0000000027265800 JavaThread "OkHttp Dispatcher" [_thread_blocked, id=21316, stack(0x00000000331d0000,0x00000000332d0000)]
  0x0000000027266000 JavaThread "OkHttp Dispatcher" [_thread_blocked, id=17684, stack(0x00000000330d0000,0x00000000331d0000)]
  0x0000000027268800 JavaThread "OkHttp Dispatcher" [_thread_blocked, id=4832, stack(0x0000000032fd0000,0x00000000330d0000)]
  0x0000000027264800 JavaThread "pool-4-thread-1" [_thread_in_native, id=12956, stack(0x0000000032ed0000,0x0000000032fd0000)]
  0x0000000027261000 JavaThread "Thread-12" daemon [_thread_blocked, id=12552, stack(0x00000000293d0000,0x00000000294d0000)]
  0x0000000027260000 JavaThread "Thread-11" daemon [_thread_in_native, id=10024, stack(0x00000000292d0000,0x00000000293d0000)]
  0x000000002725e000 JavaThread "Trident pulse source thread" daemon [_thread_blocked, id=4712, stack(0x00000000288d0000,0x00000000289d0000)]
  0x000000002725d000 JavaThread "Trident callback thread" daemon [_thread_blocked, id=6976, stack(0x00000000287d0000,0x00000000288d0000)]
  0x000000002725f800 JavaThread "Substance heap status" daemon [_thread_blocked, id=16636, stack(0x0000000028240000,0x0000000028340000)]
  0x0000000027261800 JavaThread "Thread-6" daemon [_thread_blocked, id=14588, stack(0x0000000027e60000,0x0000000027f60000)]
=>0x000000002086a000 JavaThread "Thread-5" daemon [_thread_in_native, id=7784, stack(0x0000000027d60000,0x0000000027e60000)]
  0x0000000020871000 JavaThread "Thread-4" daemon [_thread_blocked, id=9788, stack(0x0000000026a80000,0x0000000026b80000)]
  0x000000002086e000 JavaThread "AWT-EventQueue-0" [_thread_blocked, id=19620, stack(0x00000000263b0000,0x00000000264b0000)]
  0x000000002086f800 JavaThread "AWT-Shutdown" [_thread_blocked, id=13568, stack(0x00000000262b0000,0x00000000263b0000)]
  0x000000002086b800 JavaThread "AWT-Windows" daemon [_thread_in_native, id=12168, stack(0x00000000234b0000,0x00000000235b0000)]
  0x000000002086b000 JavaThread "Java2D Disposer" daemon [_thread_blocked, id=14524, stack(0x00000000231b0000,0x00000000232b0000)]
  0x000000002086d000 JavaThread "pool-3-thread-1" [_thread_blocked, id=19684, stack(0x00000000230b0000,0x00000000231b0000)]
  0x000000002086c800 JavaThread "Okio Watchdog" daemon [_thread_blocked, id=16556, stack(0x0000000021be0000,0x0000000021ce0000)]
  0x000000002086e800 JavaThread "OkHttp ConnectionPool" daemon [_thread_blocked, id=1348, stack(0x0000000021ae0000,0x0000000021be0000)]
  0x00000000207b0000 JavaThread "pool-2-thread-1" [_thread_blocked, id=15968, stack(0x00000000216e0000,0x00000000217e0000)]
  0x000000001e6eb000 JavaThread "Service Thread" daemon [_thread_blocked, id=19204, stack(0x000000001f290000,0x000000001f390000)]
  0x000000001e6f5000 JavaThread "C1 CompilerThread3" daemon [_thread_blocked, id=8272, stack(0x000000001f190000,0x000000001f290000)]
  0x000000001e6f2000 JavaThread "C2 CompilerThread2" daemon [_thread_blocked, id=6344, stack(0x000000001f090000,0x000000001f190000)]
  0x000000001e6f1800 JavaThread "C2 CompilerThread1" daemon [_thread_blocked, id=16708, stack(0x000000001ef90000,0x000000001f090000)]
  0x000000001e6f0800 JavaThread "C2 CompilerThread0" daemon [_thread_blocked, id=15596, stack(0x000000001ee90000,0x000000001ef90000)]
  0x000000001e6e9800 JavaThread "Monitor Ctrl-Break" daemon [_thread_in_native, id=12780, stack(0x000000001ed90000,0x000000001ee90000)]
  0x000000001e4dc000 JavaThread "Attach Listener" daemon [_thread_blocked, id=21484, stack(0x000000001ec90000,0x000000001ed90000)]
  0x000000001e4db000 JavaThread "Signal Dispatcher" daemon [_thread_blocked, id=10596, stack(0x000000001eb90000,0x000000001ec90000)]
  0x0000000002c9b800 JavaThread "Finalizer" daemon [_thread_blocked, id=6688, stack(0x000000001e9a0000,0x000000001eaa0000)]
  0x000000001e4c0800 JavaThread "Reference Handler" daemon [_thread_blocked, id=16688, stack(0x000000001e8a0000,0x000000001e9a0000)]

Other Threads:
  0x000000001c6b9000 VMThread [stack: 0x000000001e3a0000,0x000000001e4a0000] [id=9448]
  0x000000001e897000 WatcherThread [stack: 0x000000001fb90000,0x000000001fc90000] [id=7736]

VM state:not at safepoint (normal execution)

VM Mutex/Monitor currently owned by a thread: None

heap address: 0x00000006c1c00000, size: 4068 MB, Compressed Oops mode: Zero based, Oop shift amount: 3
Narrow klass base: 0x0000000000000000, Narrow klass shift: 3
Compressed class space size: 1073741824 Address: 0x00000007c0000000

Heap:
 PSYoungGen      total 790016K, used 481500K [0x000000076b400000, 0x00000007a0280000, 0x00000007c0000000)
  eden space 775680K, 62% used [0x000000076b400000,0x0000000788a37208,0x000000079a980000)
  from space 14336K, 0% used [0x000000079f480000,0x000000079f480000,0x00000007a0280000)
  to   space 15360K, 0% used [0x000000079e480000,0x000000079e480000,0x000000079f380000)
 ParOldGen       total 131584K, used 22821K [0x00000006c1c00000, 0x00000006c9c80000, 0x000000076b400000)
  object space 131584K, 17% used [0x00000006c1c00000,0x00000006c3249680,0x00000006c9c80000)
 Metaspace       used 55303K, capacity 58806K, committed 59008K, reserved 1101824K
  class space    used 6474K, capacity 6995K, committed 7040K, reserved 1048576K

Card table byte_map: [0x0000000012060000,0x0000000012860000] byte_map_base: 0x000000000ea52000

Marking Bits: (ParMarkBitMap*) 0x0000000067774ce0
 Begin Bits: [0x00000000135b0000, 0x0000000017540000)
 End Bits:   [0x0000000017540000, 0x000000001b4d0000)

Polling page: 0x0000000002980000

CodeCache: size=245760Kb used=22799Kb max_used=22858Kb free=222960Kb
 bounds [0x0000000002ca0000, 0x0000000004340000, 0x0000000011ca0000]
 total_blobs=7438 nmethods=6347 adapters=1001
 compilation: enabled

Compilation events (10 events):
Event: 22.342 Thread 0x000000001e6f5000 7566       3       java.util.IdentityHashMap$KeyIterator::next (13 bytes)
Event: 22.343 Thread 0x000000001e6f5000 nmethod 7566 0x0000000002fdfad0 code [0x0000000002fdfc40, 0x0000000002fdff28]
Event: 22.345 Thread 0x000000001e6f5000 7568       3       java.lang.StringBuilder::append (8 bytes)
Event: 22.345 Thread 0x000000001e6f5000 nmethod 7568 0x0000000002fdb550 code [0x0000000002fdb6c0, 0x0000000002fdb848]
Event: 22.346 Thread 0x000000001e6f5000 7569       3       java.lang.AbstractStringBuilder::append (191 bytes)
Event: 22.348 Thread 0x000000001e6f5000 nmethod 7569 0x00000000031bd490 code [0x00000000031bd680, 0x00000000031be0b8]
Event: 22.352 Thread 0x000000001e6f0800 7570       4       java.nio.ByteBuffer::arrayOffset (35 bytes)
Event: 22.353 Thread 0x000000001e6f0800 nmethod 7570 0x0000000003791a10 code [0x0000000003791b40, 0x0000000003791bd8]
Event: 22.402 Thread 0x000000001e6f5000 7571       3       ll::l (316 bytes)
Event: 22.402 Thread 0x000000001e6f5000 nmethod 7571 0x0000000003c27ad0 code [0x0000000003c27d20, 0x0000000003c28788]

GC Heap History (10 events):
Event: 4.144 GC heap before
{Heap before GC invocations=8 (full 0):
 PSYoungGen      total 274944K, used 267815K [0x000000076b400000, 0x000000078ce00000, 0x00000007c0000000)
  eden space 262144K, 99% used [0x000000076b400000,0x000000077b3b9a18,0x000000077b400000)
  from space 12800K, 46% used [0x000000077b400000,0x000000077b9d0258,0x000000077c080000)
  to   space 13312K, 0% used [0x000000078c100000,0x000000078c100000,0x000000078ce00000)
 ParOldGen       total 175104K, used 7902K [0x00000006c1c00000, 0x00000006cc700000, 0x000000076b400000)
  object space 175104K, 4% used [0x00000006c1c00000,0x00000006c23b7b10,0x00000006cc700000)
 Metaspace       used 17733K, capacity 17954K, committed 18176K, reserved 1064960K
  class space    used 2168K, capacity 2263K, committed 2304K, reserved 1048576K
Event: 4.147 GC heap after
Heap after GC invocations=8 (full 0):
 PSYoungGen      total 537088K, used 6572K [0x000000076b400000, 0x000000078cf00000, 0x00000007c0000000)
  eden space 523776K, 0% used [0x000000076b400000,0x000000076b400000,0x000000078b380000)
  from space 13312K, 49% used [0x000000078c100000,0x000000078c76b0d0,0x000000078ce00000)
  to   space 13824K, 0% used [0x000000078b380000,0x000000078b380000,0x000000078c100000)
 ParOldGen       total 175104K, used 8222K [0x00000006c1c00000, 0x00000006cc700000, 0x000000076b400000)
  object space 175104K, 4% used [0x00000006c1c00000,0x00000006c2407b88,0x00000006cc700000)
 Metaspace       used 17733K, capacity 17954K, committed 18176K, reserved 1064960K
  class space    used 2168K, capacity 2263K, committed 2304K, reserved 1048576K
}
Event: 4.394 GC heap before
{Heap before GC invocations=9 (full 0):
 PSYoungGen      total 537088K, used 38603K [0x000000076b400000, 0x000000078cf00000, 0x00000007c0000000)
  eden space 523776K, 6% used [0x000000076b400000,0x000000076d347ee0,0x000000078b380000)
  from space 13312K, 49% used [0x000000078c100000,0x000000078c76b0d0,0x000000078ce00000)
  to   space 13824K, 0% used [0x000000078b380000,0x000000078b380000,0x000000078c100000)
 ParOldGen       total 175104K, used 8222K [0x00000006c1c00000, 0x00000006cc700000, 0x000000076b400000)
  object space 175104K, 4% used [0x00000006c1c00000,0x00000006c2407b88,0x00000006cc700000)
 Metaspace       used 20840K, capacity 21124K, committed 21296K, reserved 1069056K
  class space    used 2337K, capacity 2426K, committed 2432K, reserved 1048576K
Event: 4.399 GC heap after
Heap after GC invocations=9 (full 0):
 PSYoungGen      total 537600K, used 5250K [0x000000076b400000, 0x00000007a0280000, 0x00000007c0000000)
  eden space 523776K, 0% used [0x000000076b400000,0x000000076b400000,0x000000078b380000)
  from space 13824K, 37% used [0x000000078b380000,0x000000078b8a08f8,0x000000078c100000)
  to   space 14336K, 0% used [0x000000079f480000,0x000000079f480000,0x00000007a0280000)
 ParOldGen       total 175104K, used 8962K [0x00000006c1c00000, 0x00000006cc700000, 0x000000076b400000)
  object space 175104K, 5% used [0x00000006c1c00000,0x00000006c24c0818,0x00000006cc700000)
 Metaspace       used 20840K, capacity 21124K, committed 21296K, reserved 1069056K
  class space    used 2337K, capacity 2426K, committed 2432K, reserved 1048576K
}
Event: 4.399 GC heap before
{Heap before GC invocations=10 (full 1):
 PSYoungGen      total 537600K, used 5250K [0x000000076b400000, 0x00000007a0280000, 0x00000007c0000000)
  eden space 523776K, 0% used [0x000000076b400000,0x000000076b400000,0x000000078b380000)
  from space 13824K, 37% used [0x000000078b380000,0x000000078b8a08f8,0x000000078c100000)
  to   space 14336K, 0% used [0x000000079f480000,0x000000079f480000,0x00000007a0280000)
 ParOldGen       total 175104K, used 8962K [0x00000006c1c00000, 0x00000006cc700000, 0x000000076b400000)
  object space 175104K, 5% used [0x00000006c1c00000,0x00000006c24c0818,0x00000006cc700000)
 Metaspace       used 20840K, capacity 21124K, committed 21296K, reserved 1069056K
  class space    used 2337K, capacity 2426K, committed 2432K, reserved 1048576K
Event: 4.448 GC heap after
Heap after GC invocations=10 (full 1):
 PSYoungGen      total 537600K, used 0K [0x000000076b400000, 0x00000007a0280000, 0x00000007c0000000)
  eden space 523776K, 0% used [0x000000076b400000,0x000000076b400000,0x000000078b380000)
  from space 13824K, 0% used [0x000000078b380000,0x000000078b380000,0x000000078c100000)
  to   space 14336K, 0% used [0x000000079f480000,0x000000079f480000,0x00000007a0280000)
 ParOldGen       total 90112K, used 10116K [0x00000006c1c00000, 0x00000006c7400000, 0x000000076b400000)
  object space 90112K, 11% used [0x00000006c1c00000,0x00000006c25e1318,0x00000006c7400000)
 Metaspace       used 20840K, capacity 21124K, committed 21296K, reserved 1069056K
  class space    used 2337K, capacity 2426K, committed 2432K, reserved 1048576K
}
Event: 7.159 GC heap before
{Heap before GC invocations=11 (full 1):
 PSYoungGen      total 537600K, used 171934K [0x000000076b400000, 0x00000007a0280000, 0x00000007c0000000)
  eden space 523776K, 32% used [0x000000076b400000,0x0000000775be78e8,0x000000078b380000)
  from space 13824K, 0% used [0x000000078b380000,0x000000078b380000,0x000000078c100000)
  to   space 14336K, 0% used [0x000000079f480000,0x000000079f480000,0x00000007a0280000)
 ParOldGen       total 90112K, used 10116K [0x00000006c1c00000, 0x00000006c7400000, 0x000000076b400000)
  object space 90112K, 11% used [0x00000006c1c00000,0x00000006c25e1318,0x00000006c7400000)
 Metaspace       used 34695K, capacity 35208K, committed 35456K, reserved 1081344K
  class space    used 4045K, capacity 4195K, committed 4224K, reserved 1048576K
Event: 7.181 GC heap after
Heap after GC invocations=11 (full 1):
 PSYoungGen      total 790016K, used 13928K [0x000000076b400000, 0x00000007a0280000, 0x00000007c0000000)
  eden space 775680K, 0% used [0x000000076b400000,0x000000076b400000,0x000000079a980000)
  from space 14336K, 97% used [0x000000079f480000,0x00000007a021a1f0,0x00000007a0280000)
  to   space 15360K, 0% used [0x000000079e480000,0x000000079e480000,0x000000079f380000)
 ParOldGen       total 90112K, used 10124K [0x00000006c1c00000, 0x00000006c7400000, 0x000000076b400000)
  object space 90112K, 11% used [0x00000006c1c00000,0x00000006c25e3318,0x00000006c7400000)
 Metaspace       used 34695K, capacity 35208K, committed 35456K, reserved 1081344K
  class space    used 4045K, capacity 4195K, committed 4224K, reserved 1048576K
}
Event: 7.181 GC heap before
{Heap before GC invocations=12 (full 2):
 PSYoungGen      total 790016K, used 13928K [0x000000076b400000, 0x00000007a0280000, 0x00000007c0000000)
  eden space 775680K, 0% used [0x000000076b400000,0x000000076b400000,0x000000079a980000)
  from space 14336K, 97% used [0x000000079f480000,0x00000007a021a1f0,0x00000007a0280000)
  to   space 15360K, 0% used [0x000000079e480000,0x000000079e480000,0x000000079f380000)
 ParOldGen       total 90112K, used 10124K [0x00000006c1c00000, 0x00000006c7400000, 0x000000076b400000)
  object space 90112K, 11% used [0x00000006c1c00000,0x00000006c25e3318,0x00000006c7400000)
 Metaspace       used 34695K, capacity 35208K, committed 35456K, reserved 1081344K
  class space    used 4045K, capacity 4195K, committed 4224K, reserved 1048576K
Event: 7.298 GC heap after
Heap after GC invocations=12 (full 2):
 PSYoungGen      total 790016K, used 0K [0x000000076b400000, 0x00000007a0280000, 0x00000007c0000000)
  eden space 775680K, 0% used [0x000000076b400000,0x000000076b400000,0x000000079a980000)
  from space 14336K, 0% used [0x000000079f480000,0x000000079f480000,0x00000007a0280000)
  to   space 15360K, 0% used [0x000000079e480000,0x000000079e480000,0x000000079f380000)
 ParOldGen       total 131584K, used 22821K [0x00000006c1c00000, 0x00000006c9c80000, 0x000000076b400000)
  object space 131584K, 17% used [0x00000006c1c00000,0x00000006c3249680,0x00000006c9c80000)
 Metaspace       used 34695K, capacity 35208K, committed 35456K, reserved 1081344K
  class space    used 4045K, capacity 4195K, committed 4224K, reserved 1048576K
}

Deoptimization events (10 events):
Event: 20.259 Thread 0x000000002086a000 Uncommon trap: reason=bimorphic action=maybe_recompile pc=0x0000000003e47e10 method=javax.imageio.stream.FileCacheImageInputStream.readUntil(J)J @ 64
Event: 20.284 Thread 0x000000002086a000 Uncommon trap: reason=unstable_if action=reinterpret pc=0x00000000039630dc method=java.awt.image.ComponentColorModel.getAlpha(Ljava/lang/Object;)I @ 4
Event: 20.284 Thread 0x000000002086a000 Uncommon trap: reason=unstable_if action=reinterpret pc=0x0000000003920d5c method=java.awt.image.ComponentColorModel.extractComponent(Ljava/lang/Object;II)I @ 4
Event: 20.284 Thread 0x000000002086a000 Uncommon trap: reason=unstable_if action=reinterpret pc=0x000000000395b78c method=java.awt.image.ComponentColorModel.getAlpha(Ljava/lang/Object;)I @ 4
Event: 20.284 Thread 0x000000002086a000 Uncommon trap: reason=unstable_if action=reinterpret pc=0x000000000395691c method=java.awt.image.ComponentColorModel.getAlpha(Ljava/lang/Object;)I @ 4
Event: 20.420 Thread 0x000000002086a000 Uncommon trap: reason=bimorphic action=maybe_recompile pc=0x0000000004162a00 method=hv.rl$unlink()V @ 1
Event: 20.420 Thread 0x000000002086a000 Uncommon trap: reason=bimorphic action=maybe_recompile pc=0x0000000004162a00 method=hv.rl$unlink()V @ 1
Event: 20.420 Thread 0x000000002086a000 Uncommon trap: reason=bimorphic action=maybe_recompile pc=0x0000000004162a00 method=hv.rl$unlink()V @ 1
Event: 20.420 Thread 0x000000002086a000 Uncommon trap: reason=bimorphic action=maybe_recompile pc=0x0000000004162a00 method=hv.rl$unlink()V @ 1
Event: 20.880 Thread 0x000000002086a000 Uncommon trap: reason=unstable_if action=reinterpret pc=0x00000000034123ac method=java.lang.ThreadLocal$ThreadLocalMap.getEntry(Ljava/lang/ThreadLocal;)Ljava/lang/ThreadLocal$ThreadLocalMap$Entry; @ 29

Classes redefined (0 events):
No events

Internal exceptions (10 events):
Event: 7.329 Thread 0x000000002086e000 Exception <a 'java/lang/NoSuchMethodError': java.lang.Object.lambda$static$5(Lorg/pushingpixels/substance/api/colorscheme/SubstanceColorScheme;)Ljava/awt/Color;> (0x000000076b4768e0) thrown at [C:\re\workspace\8-2-build-windows-amd64-cygwin\jdk8u201\12322
Event: 7.330 Thread 0x000000002086e000 Exception <a 'java/lang/NoSuchMethodError': java.lang.Object.lambda$static$6(Lorg/pushingpixels/substance/api/colorscheme/SubstanceColorScheme;)Ljava/awt/Color;> (0x000000076b478e38) thrown at [C:\re\workspace\8-2-build-windows-amd64-cygwin\jdk8u201\12322
Event: 7.659 Thread 0x000000002086e000 Implicit null exception at 0x0000000002eb36d6 to 0x0000000002eb3a81
Event: 7.660 Thread 0x000000002086e000 Implicit null exception at 0x0000000002ea40d6 to 0x0000000002ea4479
Event: 8.003 Thread 0x000000002086a000 Exception <a 'java/lang/NullPointerException'> (0x000000076f8f6a98) thrown at [C:\re\workspace\8-2-build-windows-amd64-cygwin\jdk8u201\12322\hotspot\src\share\vm\interpreter\linkResolver.cpp, line 1185]
Event: 9.182 Thread 0x000000002086a000 Implicit null exception at 0x0000000002e1490f to 0x0000000002e14f35
Event: 9.701 Thread 0x000000002086e000 Exception <a 'java/lang/NoSuchMethodError': java.lang.Object.inspectorAlwaysOnTop()Z> (0x00000007758782a8) thrown at [C:\re\workspace\8-2-build-windows-amd64-cygwin\jdk8u201\12322\hotspot\src\share\vm\interpreter\linkResolver.cpp, line 620]
Event: 11.292 Thread 0x00000000207b0000 Exception <a 'java/lang/NoSuchMethodError': java.lang.Object.lambda$comparingInt$7b0bb60$1(Ljava/util/function/ToIntFunction;Ljava/lang/Object;Ljava/lang/Object;)I> (0x0000000771e54140) thrown at [C:\re\workspace\8-2-build-windows-amd64-cygwin\jdk8u201\12
Event: 11.843 Thread 0x000000002086e000 Implicit null exception at 0x0000000003c22c15 to 0x0000000003c22ea9
Event: 17.559 Thread 0x0000000020870000 Implicit null exception at 0x00000000031bd80c to 0x00000000031bde2d

Events (10 events):
Event: 22.361 loading class jogamp/opengl/egl/EGLDisplayUtil$1
Event: 22.361 loading class jogamp/opengl/egl/EGLDisplayUtil$1 done
Event: 22.361 Thread 0x000000001f446800 DEOPT PACKING pc=0x0000000004078a53 sp=0x000000003cf8e870
Event: 22.361 Thread 0x000000001f446800 DEOPT UNPACKING pc=0x0000000002ce7890 sp=0x000000003cf8e660 mode 0
Event: 22.362 Executing VM operation: RevokeBias
Event: 22.362 Executing VM operation: RevokeBias done
Event: 22.362 Executing VM operation: RevokeBias
Event: 22.362 Executing VM operation: RevokeBias done
Event: 22.363 Thread 0x000000001f446800 Thread exited: 0x000000001f446800
Event: 22.403 Thread 0x000000001e6f5000 flushing nmethod 0x00000000036b4350


Dynamic libraries:
0x00007ff674c20000 - 0x00007ff674c57000 	C:\Program Files\Java\jdk1.8.0_201\bin\java.exe
0x00007ffe8cb00000 - 0x00007ffe8cce1000 	C:\WINDOWS\SYSTEM32\ntdll.dll
0x00007ffe8c120000 - 0x00007ffe8c1d2000 	C:\WINDOWS\System32\KERNEL32.DLL
0x00007ffe88f20000 - 0x00007ffe89193000 	C:\WINDOWS\System32\KERNELBASE.dll
0x00007ffe8bfa0000 - 0x00007ffe8c041000 	C:\WINDOWS\System32\ADVAPI32.dll
0x00007ffe8a530000 - 0x00007ffe8a5ce000 	C:\WINDOWS\System32\msvcrt.dll
0x00007ffe8c350000 - 0x00007ffe8c3ab000 	C:\WINDOWS\System32\sechost.dll
0x00007ffe8a600000 - 0x00007ffe8a724000 	C:\WINDOWS\System32\RPCRT4.dll
0x00007ffe8c940000 - 0x00007ffe8cad0000 	C:\WINDOWS\System32\USER32.dll
0x00007ffe89af0000 - 0x00007ffe89b10000 	C:\WINDOWS\System32\win32u.dll
0x00007ffe8c890000 - 0x00007ffe8c8b8000 	C:\WINDOWS\System32\GDI32.dll
0x00007ffe89950000 - 0x00007ffe89ae2000 	C:\WINDOWS\System32\gdi32full.dll
0x00007ffe898b0000 - 0x00007ffe8994f000 	C:\WINDOWS\System32\msvcp_win.dll
0x00007ffe89d00000 - 0x00007ffe89dfa000 	C:\WINDOWS\System32\ucrtbase.dll
0x00007ffe796c0000 - 0x00007ffe79929000 	C:\WINDOWS\WinSxS\amd64_microsoft.windows.common-controls_6595b64144ccf1df_6.0.17134.590_none_fb3d9bff3069e088\COMCTL32.dll
0x00007ffe89f90000 - 0x00007ffe8a2b2000 	C:\WINDOWS\System32\combase.dll
0x00007ffe89e00000 - 0x00007ffe89e7a000 	C:\WINDOWS\System32\bcryptPrimitives.dll
0x00007ffe8a5d0000 - 0x00007ffe8a5fd000 	C:\WINDOWS\System32\IMM32.DLL
0x0000000067800000 - 0x00000000678d1000 	C:\Program Files\Java\jdk1.8.0_201\jre\bin\msvcr100.dll
0x0000000066f50000 - 0x00000000677f4000 	C:\Program Files\Java\jdk1.8.0_201\jre\bin\server\jvm.dll
0x00007ffe8c1e0000 - 0x00007ffe8c1e8000 	C:\WINDOWS\System32\PSAPI.DLL
0x00007ffe84b60000 - 0x00007ffe84b83000 	C:\WINDOWS\SYSTEM32\WINMM.dll
0x00007ffe764f0000 - 0x00007ffe764f9000 	C:\WINDOWS\SYSTEM32\WSOCK32.dll
0x00007ffe83540000 - 0x00007ffe8354a000 	C:\WINDOWS\SYSTEM32\VERSION.dll
0x00007ffe8c0b0000 - 0x00007ffe8c11c000 	C:\WINDOWS\System32\WS2_32.dll
0x00007ffe84b10000 - 0x00007ffe84b3a000 	C:\WINDOWS\SYSTEM32\WINMMBASE.dll
0x00007ffe88ed0000 - 0x00007ffe88f19000 	C:\WINDOWS\System32\cfgmgr32.dll
0x00007ffe7a420000 - 0x00007ffe7a42f000 	C:\Program Files\Java\jdk1.8.0_201\jre\bin\verify.dll
0x00007ffe79c30000 - 0x00007ffe79c59000 	C:\Program Files\Java\jdk1.8.0_201\jre\bin\java.dll
0x00007ffe72c40000 - 0x00007ffe72c63000 	C:\Program Files\Java\jdk1.8.0_201\jre\bin\instrument.dll
0x00007ffe79ae0000 - 0x00007ffe79af6000 	C:\Program Files\Java\jdk1.8.0_201\jre\bin\zip.dll
0x00007ffe8ab60000 - 0x00007ffe8bfa0000 	C:\WINDOWS\System32\SHELL32.dll
0x00007ffe8a7d0000 - 0x00007ffe8a879000 	C:\WINDOWS\System32\shcore.dll
0x00007ffe891a0000 - 0x00007ffe898ad000 	C:\WINDOWS\System32\windows.storage.dll
0x00007ffe8c3b0000 - 0x00007ffe8c401000 	C:\WINDOWS\System32\shlwapi.dll
0x00007ffe88eb0000 - 0x00007ffe88ec1000 	C:\WINDOWS\System32\kernel.appcore.dll
0x00007ffe88e40000 - 0x00007ffe88e5f000 	C:\WINDOWS\System32\profapi.dll
0x00007ffe88e60000 - 0x00007ffe88eac000 	C:\WINDOWS\System32\powrprof.dll
0x00007ffe88e10000 - 0x00007ffe88e1a000 	C:\WINDOWS\System32\FLTLIB.DLL
0x00007ffe71bb0000 - 0x00007ffe71bca000 	C:\Program Files\JetBrains\IntelliJ IDEA Community Edition 2018.3.3\bin\breakgen64.dll
0x00007ffe78ee0000 - 0x00007ffe78efa000 	C:\Program Files\Java\jdk1.8.0_201\jre\bin\net.dll
0x00007ffe7b1f0000 - 0x00007ffe7b3b9000 	C:\WINDOWS\SYSTEM32\urlmon.dll
0x00007ffe79410000 - 0x00007ffe796b5000 	C:\WINDOWS\SYSTEM32\iertutil.dll
0x00007ffe88840000 - 0x00007ffe8884b000 	C:\WINDOWS\SYSTEM32\CRYPTBASE.DLL
0x00007ffe88690000 - 0x00007ffe886f6000 	C:\WINDOWS\system32\mswsock.dll
0x00007ffe71b80000 - 0x00007ffe71ba4000 	C:\Program Files\Java\jdk1.8.0_201\jre\bin\sunec.dll
0x00007ffe88410000 - 0x00007ffe88448000 	C:\WINDOWS\SYSTEM32\IPHLPAPI.DLL
0x00007ffe8a880000 - 0x00007ffe8a888000 	C:\WINDOWS\System32\NSI.dll
0x00007ffe810a0000 - 0x00007ffe810b6000 	C:\WINDOWS\SYSTEM32\dhcpcsvc6.DLL
0x00007ffe81260000 - 0x00007ffe8127a000 	C:\WINDOWS\SYSTEM32\dhcpcsvc.DLL
0x00007ffe76850000 - 0x00007ffe76861000 	C:\Program Files\Java\jdk1.8.0_201\jre\bin\nio.dll
0x00007ffe88850000 - 0x00007ffe88867000 	C:\WINDOWS\SYSTEM32\CRYPTSP.dll
0x00007ffe88270000 - 0x00007ffe882a3000 	C:\WINDOWS\system32\rsaenh.dll
0x00007ffe88970000 - 0x00007ffe88995000 	C:\WINDOWS\SYSTEM32\bcrypt.dll
0x00007ffe88d10000 - 0x00007ffe88d38000 	C:\WINDOWS\SYSTEM32\USERENV.dll
0x00007ffe71b30000 - 0x00007ffe71b72000 	C:\Users\asus\AppData\Local\Temp\jna-3003984\jna7535326562318783735.dll
0x00007ffe6f0a0000 - 0x00007ffe6f13c000 	C:\Users\asus\AppData\Local\Temp\jna-3003984\jna754208720104413633.dll
0x00007ffe88450000 - 0x00007ffe8850e000 	C:\WINDOWS\SYSTEM32\DNSAPI.dll
0x00007ffe7c910000 - 0x00007ffe7c91a000 	C:\Windows\System32\rasadhlp.dll
0x00007ffe7cf10000 - 0x00007ffe7cf82000 	C:\WINDOWS\System32\fwpuclnt.dll
0x00007ffe66880000 - 0x00007ffe66a19000 	C:\Program Files\Java\jdk1.8.0_201\jre\bin\awt.dll
0x00007ffe8a2c0000 - 0x00007ffe8a383000 	C:\WINDOWS\System32\OLEAUT32.dll
0x00007ffe86450000 - 0x00007ffe864db000 	C:\WINDOWS\SYSTEM32\apphelp.dll
0x00007ffe86580000 - 0x00007ffe86618000 	C:\WINDOWS\system32\uxtheme.dll
0x00007ffe8a8f0000 - 0x00007ffe8aa63000 	C:\WINDOWS\System32\MSCTF.dll
0x00007ffe86fe0000 - 0x00007ffe87009000 	C:\WINDOWS\system32\dwmapi.dll
0x00007ffe8c1f0000 - 0x00007ffe8c341000 	C:\WINDOWS\System32\ole32.dll
0x00007ffe81410000 - 0x00007ffe8141b000 	C:\Program Files\Java\jdk1.8.0_201\jre\bin\sunmscapi.dll
0x00007ffe89b10000 - 0x00007ffe89cf2000 	C:\WINDOWS\System32\CRYPT32.dll
0x00007ffe88e20000 - 0x00007ffe88e32000 	C:\WINDOWS\System32\MSASN1.dll
0x00007ffe71ae0000 - 0x00007ffe71b27000 	C:\Program Files\Java\jdk1.8.0_201\jre\bin\fontmanager.dll
0x00007ffe6eaa0000 - 0x00007ffe6eb42000 	C:\Program Files\Java\jdk1.8.0_201\jre\bin\mlib_image.dll
0x00007ffe773d0000 - 0x00007ffe774f0000 	C:\WINDOWS\system32\opengl32.dll
0x00007ffe82690000 - 0x00007ffe826bc000 	C:\WINDOWS\SYSTEM32\GLU32.dll
0x00007ffe712f0000 - 0x00007ffe7131a000 	C:\Program Files\Java\jdk1.8.0_201\jre\bin\dcpr.dll
0x00007ffe70e60000 - 0x00007ffe70ea2000 	C:\Program Files\Java\jdk1.8.0_201\jre\bin\t2k.dll
0x00007ffe8a730000 - 0x00007ffe8a7d0000 	C:\WINDOWS\System32\clbcatq.dll
0x00007ffe83780000 - 0x00007ffe8392e000 	C:\WINDOWS\SYSTEM32\WindowsCodecs.dll
0x00007ffe6cbe0000 - 0x00007ffe6cc38000 	C:\WINDOWS\system32\dataexchange.dll
0x00007ffe85d70000 - 0x00007ffe85f0c000 	C:\WINDOWS\system32\dcomp.dll
0x00007ffe85490000 - 0x00007ffe8579b000 	C:\WINDOWS\system32\d3d11.dll
0x00007ffe87bd0000 - 0x00007ffe87c8b000 	C:\WINDOWS\system32\dxgi.dll
0x00007ffe870f0000 - 0x00007ffe872a8000 	C:\WINDOWS\system32\twinapi.appcore.dll
0x00007ffe870c0000 - 0x00007ffe870e9000 	C:\WINDOWS\system32\RMCLIENT.dll
0x00007ffe81420000 - 0x00007ffe814c8000 	C:\WINDOWS\SYSTEM32\mscms.dll
0x00007ffe84c50000 - 0x00007ffe84c60000 	C:\WINDOWS\SYSTEM32\ColorAdapterClient.dll
0x00007ffe70b40000 - 0x00007ffe70b83000 	C:\WINDOWS\SYSTEM32\icm32.dll
0x00007ffe77be0000 - 0x00007ffe77c76000 	C:\WINDOWS\System32\TextInputFramework.dll
0x00007ffe86250000 - 0x00007ffe8632a000 	C:\WINDOWS\System32\CoreMessaging.dll
0x00007ffe83210000 - 0x00007ffe8352e000 	C:\WINDOWS\System32\CoreUIComponents.dll
0x00007ffe87f00000 - 0x00007ffe87f31000 	C:\WINDOWS\SYSTEM32\ntmarta.dll
0x00007ffe844a0000 - 0x00007ffe845ed000 	C:\WINDOWS\SYSTEM32\wintypes.dll
0x00007ffe7d540000 - 0x00007ffe7d5ab000 	C:\WINDOWS\system32\Oleacc.dll
0x00000000637c0000 - 0x00000000637cd000 	C:\Users\asus\AppData\Local\Temp\jogamp_0000\file_cache\jln8879208750383880833\jln2171089021377136439\natives\windows-amd64\gluegen-rt.dll
0x00007ffe79be0000 - 0x00007ffe79be7000 	C:\Program Files\Java\jdk1.8.0_201\jre\bin\jawt.dll
0x000000006a440000 - 0x000000006a44d000 	C:\Users\asus\AppData\Local\Temp\jogamp_0000\file_cache\jln8879208750383880833\jln2171089021377136439\natives\windows-amd64\nativewindow_awt.dll
0x000000006c100000 - 0x000000006c10f000 	C:\Users\asus\AppData\Local\Temp\jogamp_0000\file_cache\jln8879208750383880833\jln2171089021377136439\natives\windows-amd64\nativewindow_win32.dll
0x0000000064500000 - 0x00000000645b1000 	C:\Users\asus\AppData\Local\Temp\jogamp_0000\file_cache\jln8879208750383880833\jln2171089021377136439\natives\windows-amd64\jogl_desktop.dll
0x0000000064340000 - 0x00000000643a2000 	C:\Users\asus\AppData\Local\Temp\jogamp_0000\file_cache\jln8879208750383880833\jln2171089021377136439\natives\windows-amd64\jogl_mobile.dll
0x00007ffe3df10000 - 0x00007ffe3edfe000 	C:\WINDOWS\System32\DriverStore\FileRepository\igdlh64.inf_amd64_31ba00ea6900d67d\ig9icd64.dll
0x00007ffe7d7e0000 - 0x00007ffe7f6e1000 	C:\WINDOWS\System32\DriverStore\FileRepository\igdlh64.inf_amd64_31ba00ea6900d67d\igc64.dll
0x00007ffe81820000 - 0x00007ffe8182b000 	C:\WINDOWS\SYSTEM32\WINNSI.DLL
0x00007ffe70400000 - 0x00007ffe70431000 	C:\Program Files\Java\jdk1.8.0_201\jre\bin\jpeg.dll
0x00007ffe6f210000 - 0x00007ffe6f24e000 	C:\Program Files\Java\jdk1.8.0_201\jre\bin\lcms.dll
0x00007ffe79ab0000 - 0x00007ffe79abd000 	C:\Program Files\Java\jdk1.8.0_201\jre\bin\management.dll
0x00007ffe77220000 - 0x00007ffe7722c000 	C:\Program Files\Java\jdk1.8.0_201\jre\bin\jsound.dll
0x00007ffe770b0000 - 0x00007ffe770bb000 	C:\Program Files\Java\jdk1.8.0_201\jre\bin\jsoundds.dll
0x00007ffe6e610000 - 0x00007ffe6e69f000 	C:\WINDOWS\SYSTEM32\DSOUND.dll
0x00007ffe81170000 - 0x00007ffe811e6000 	C:\WINDOWS\SYSTEM32\MMDevAPI.DLL
0x00007ffe88c20000 - 0x00007ffe88c47000 	C:\WINDOWS\SYSTEM32\DEVOBJ.dll
0x00007ffe86a00000 - 0x00007ffe86bb4000 	C:\WINDOWS\SYSTEM32\PROPSYS.dll
0x00007ffe4f800000 - 0x00007ffe4f844000 	C:\WINDOWS\SYSTEM32\wdmaud.drv
0x00007ffe82da0000 - 0x00007ffe82da9000 	C:\WINDOWS\SYSTEM32\ksuser.dll
0x00007ffe83b00000 - 0x00007ffe83b0a000 	C:\WINDOWS\SYSTEM32\AVRT.dll
0x00007ffe73130000 - 0x00007ffe7325c000 	C:\WINDOWS\SYSTEM32\AUDIOSES.DLL
0x00007ffe79a20000 - 0x00007ffe79a2d000 	C:\WINDOWS\SYSTEM32\msacm32.drv
0x00007ffe70be0000 - 0x00007ffe70bfc000 	C:\WINDOWS\SYSTEM32\MSACM32.dll
0x00007ffe78ff0000 - 0x00007ffe78ffa000 	C:\WINDOWS\SYSTEM32\midimap.dll
0x00007ffe87810000 - 0x00007ffe879d9000 	C:\WINDOWS\SYSTEM32\dbghelp.dll

VM Arguments:
jvm_args: -ea -javaagent:C:\Program Files\JetBrains\IntelliJ IDEA Community Edition 2018.3.3\lib\idea_rt.jar=56997:C:\Program Files\JetBrains\IntelliJ IDEA Community Edition 2018.3.3\bin -Dfile.encoding=UTF-8 
java_command: net.runelite.client.RuneLite --debug --developer-mode
java_class_path (initial): C:\Program Files\Java\jdk1.8.0_201\jre\lib\charsets.jar;C:\Program Files\Java\jdk1.8.0_201\jre\lib\deploy.jar;C:\Program Files\Java\jdk1.8.0_201\jre\lib\ext\access-bridge-64.jar;C:\Program Files\Java\jdk1.8.0_201\jre\lib\ext\cldrdata.jar;C:\Program Files\Java\jdk1.8.0_201\jre\lib\ext\dnsns.jar;C:\Program Files\Java\jdk1.8.0_201\jre\lib\ext\jaccess.jar;C:\Program Files\Java\jdk1.8.0_201\jre\lib\ext\jfxrt.jar;C:\Program Files\Java\jdk1.8.0_201\jre\lib\ext\localedata.jar;C:\Program Files\Java\jdk1.8.0_201\jre\lib\ext\nashorn.jar;C:\Program Files\Java\jdk1.8.0_201\jre\lib\ext\sunec.jar;C:\Program Files\Java\jdk1.8.0_201\jre\lib\ext\sunjce_provider.jar;C:\Program Files\Java\jdk1.8.0_201\jre\lib\ext\sunmscapi.jar;C:\Program Files\Java\jdk1.8.0_201\jre\lib\ext\sunpkcs11.jar;C:\Program Files\Java\jdk1.8.0_201\jre\lib\ext\zipfs.jar;C:\Program Files\Java\jdk1.8.0_201\jre\lib\javaws.jar;C:\Program Files\Java\jdk1.8.0_201\jre\lib\jce.jar;C:\Program Files\Java\jdk1.8.0_201\jre\lib\jfr.jar;C:\Program Files\Java\jdk1.8.0_201\jre\lib\jfxswt.jar;C:\Program Files\Java\jdk1.8.0_201\jre\lib\jsse.jar;C:\Program Files\Java\jdk1.8.0_201\jre\lib\management-agent.jar;C:\Program Files\Java\jdk1.8.0_201\jre\lib\plugin.jar;C:\Program Files\Java\jdk1.8.0_201\jre\lib\resources.jar;C:\Program Files\Java\jdk1.8.0_201\jre\lib\rt.jar;C:\Users\asus\runelite\runelite-client\target\classes;C:\Users\asus\.m2\repository\org\slf4j\slf4j-api\1.7.25\slf4j-api-1.7.25.jar;C:\Users\asus\.m2\repository\ch\qos\logback\logback-classic\1.2.3\logback-classic-1.2.3.jar;C:\Users\asus\.m2\repository\ch\qos\logback\logback-core\1.2.3\logback-core-1.2.3.jar;C:\Users\asus\.m2\repository\net\sf\jopt-simple\jopt-simple\5.0.1\jopt-simple-5.0.1.jar;C:\Users\asus\.m2\repository\com\google\guava\guava\23.2-jre\guava-23.2-jre.jar;C:\Users\asus\.m2\repository\com\google\code\findbugs\jsr305\1.3.9\jsr305-1.3.9.jar;C:\Users\asus\.m2\repository\com\google\errorprone\error_prone_annotations\2.0.18\error_
Launcher Type: SUN_STANDARD

Environment Variables:
PATH=C:\Program Files (x86)\Common Files\Oracle\Java\javapath;C:\Program Files (x86)\Intel\iCLS Client\;C:\Program Files\Intel\iCLS Client\;C:\Windows\system32;C:\Windows;C:\Windows\System32\Wbem;C:\Windows\System32\WindowsPowerShell\v1.0\;C:\Program Files (x86)\NVIDIA Corporation\PhysX\Common;C:\Program Files (x86)\Intel\Intel(R) Management Engine Components\DAL;C:\Program Files\Intel\Intel(R) Management Engine Components\DAL;C:\Program Files (x86)\Intel\Intel(R) Management Engine Components\IPT;C:\Program Files\Intel\Intel(R) Management Engine Components\IPT;C:\WINDOWS\system32;C:\WINDOWS;C:\WINDOWS\System32\Wbem;C:\WINDOWS\System32\WindowsPowerShell\v1.0\;C:\WINDOWS\System32\OpenSSH\;C:\Documents\PuTTY\;C:\Program Files\Intel\WiFi\bin\;C:\Program Files\Common Files\Intel\WirelessCommon\;C:\cygwin\bin;C:\Program Files\Git\cmd;C:\Users\asus\AppData\Local\Microsoft\WindowsApps;C:\Users\asus\AppData\Local\GitHubDesktop\bin
USERNAME=asus
OS=Windows_NT
PROCESSOR_IDENTIFIER=Intel64 Family 6 Model 158 Stepping 9, GenuineIntel



---------------  S Y S T E M  ---------------

OS: Windows 10.0 , 64 bit Build 17134 (10.0.17134.556)

CPU:total 8 (initial active 8) (4 cores per cpu, 2 threads per core) family 6 model 158 stepping 9, cmov, cx8, fxsr, mmx, sse, sse2, sse3, ssse3, sse4.1, sse4.2, popcnt, avx, avx2, aes, clmul, erms, 3dnowpref, lzcnt, ht, tsc, tscinvbit, bmi1, bmi2, adx

Memory: 4k page, physical 16659216k(7713904k free), swap 19149584k(5096112k free)

vm_info: Java HotSpot(TM) 64-Bit Server VM (25.201-b09) for windows-amd64 JRE (1.8.0_201-b09), built on Dec 15 2018 18:36:39 by "java_re" with MS VC++ 10.0 (VS2010)

time: Mon Mar 11 20:16:18 2019
timezone: Eastern Daylight Time
elapsed time: 22 seconds (0d 0h 0m 22s)

