#
# A fatal error has been detected by the Java Runtime Environment:
#
#  EXCEPTION_ACCESS_VIOLATION (0xc0000005) at pc=0x00007ff829326252, pid=18364, tid=9328
#
# JRE version: Java(TM) SE Runtime Environment 18.9 (11.0.9+7) (build 11.0.9+7-LTS)
# Java VM: Java HotSpot(TM) 64-Bit Server VM 18.9 (11.0.9+7-LTS, mixed mode, tiered, compressed oops, g1 gc, windows-amd64)
# Problematic frame:
# C  [igxelpicd64.dll+0x286252]
#
# No core dump will be written. Minidumps are not enabled by default on client versions of Windows
#
# If you would like to submit a bug report, please visit:
#   https://bugreport.java.com/bugreport/crash.jsp
#

---------------  S U M M A R Y ------------

Command Line: -agentlib:jdwp=transport=dt_socket,address=127.0.0.1:50675,suspend=y,server=n -javaagent:C:\Users\matma\AppData\Local\JetBrains\IdeaIC2022.2\captureAgent\debugger-agent.jar -Dfile.encoding=UTF-8 net.runelite.client.RuneLite

Host: 11th Gen Intel(R) Core(TM) i7-11600H @ 2.90GHz, 12 cores, 15G,  Windows 10 , 64 bit Build 22621 (10.0.22621.608)
Time: Thu Nov  3 14:10:14 2022 W. Australia Standard Time elapsed time: 3456.457464 seconds (0d 0h 57m 36s)

---------------  T H R E A D  ---------------

Current thread (0x0000023019f53000):  VMThread "VM Thread" [stack: 0x00000085f3a00000,0x00000085f3b00000] [id=9328]

Stack: [0x00000085f3a00000,0x00000085f3b00000],  sp=0x00000085f3afe460,  free space=1017k
Native frames: (J=compiled Java code, j=interpreted, Vv=VM code, C=native code)
C  [igxelpicd64.dll+0x286252]


siginfo: EXCEPTION_ACCESS_VIOLATION (0xc0000005), reading address 0x0000000000035bb8


Register to memory mapping:

RIP=0x00007ff829326252 igxelpicd64.dll
RAX=0x0000023022ff8480 points into unknown readable memory: 00 00 00 00 00 00 00 00
RBX=0x0000023022ff8370 points into unknown readable memory: c0 60 d6 22 30 02 00 00
RCX=0x0000000001369339 is an unknown value
RDX=0x00000000fffffff0 is an unknown value
RSP=0x00000085f3afe460 points into unknown readable memory: 80 5a af 23 30 02 00 00
RBP=0x0 is NULL
RSI=0x0000023022ff8950 points into unknown readable memory: 70 ec ff 22 30 02 00 00
RDI=0x000002301f26ce60 points into unknown readable memory: 00 fe ba be 00 00 00 34
R8 =0x0000000000000014 is an unknown value
R9 =0x0 is NULL
R10=0x0 is NULL
R11=0x0000000000000246 is an unknown value
R12=0x0000023023fa6900 points into unknown readable memory: 00 80 01 00 00 00 00 00
R13=0x0000023022ffec70 points into unknown readable memory: c0 60 d6 22 30 02 00 00
R14=0x0000000001369300 is an unknown value
R15=0x0000000000000016 is an unknown value


Registers:
RAX=0x0000023022ff8480, RBX=0x0000023022ff8370, RCX=0x0000000001369339, RDX=0x00000000fffffff0
RSP=0x00000085f3afe460, RBP=0x0000000000000000, RSI=0x0000023022ff8950, RDI=0x000002301f26ce60
R8 =0x0000000000000014, R9 =0x0000000000000000, R10=0x0000000000000000, R11=0x0000000000000246
R12=0x0000023023fa6900, R13=0x0000023022ffec70, R14=0x0000000001369300, R15=0x0000000000000016
RIP=0x00007ff829326252, EFLAGS=0x0000000000010202

Top of Stack: (sp=0x00000085f3afe460)
0x00000085f3afe460:   0000023023af5a80 0000000000000000
0x00000085f3afe470:   00000085f3afe500 00007ff8ca8d2db4
0x00000085f3afe480:   00007ff846bb9f80 00007ff8ca8c53c1
0x00000085f3afe490:   00000000000007cf 00007ff846942bbf
0x00000085f3afe4a0:   0000000000000019 0000000001369377
0x00000085f3afe4b0:   0000b8021aca0000 0000023023fa69f8
0x00000085f3afe4c0:   0000000000000000 0000000000000000
0x00000085f3afe4d0:   00000085f3afe5e0 00007ff82910e31f
0x00000085f3afe4e0:   0000023023af5a80 000002301f26ce60
0x00000085f3afe4f0:   00000085f3afe600 00000085f3afe600
0x00000085f3afe500:   00000085000025a8 00007ff800000000
0x00000085f3afe510:   0000000000000000 00007ff8ca8c1771
0x00000085f3afe520:   00000085f3afe708 00007ff8ca84db04
0x00000085f3afe530:   0000023073ed0b34 00000000000000c0
0x00000085f3afe540:   0000023073ed0b4c 0000023073ed0b08
0x00000085f3afe550:   00000085f3afe668 00000085f3afe8a8 

Instructions: (pc=0x00007ff829326252)
0x00007ff829326232:   83 62 01 00 00 4a 8d 04 cd 22 00 00 00 49 03 c1
0x00007ff829326242:   48 8d 04 c3 48 85 c0 0f 85 77 01 00 00 49 8b ca
0x00007ff829326252:   48 3b 8d b8 5b 03 00 0f 87 58 09 78 00 48 8d 93
0x00007ff829326262:   10 01 00 00 4c 39 93 60 06 00 00 0f 85 c3 0a 78 


Stack slot to memory mapping:
stack at sp + 0 slots: 0x0000023023af5a80 points into unknown readable memory: ff ff ff ff ff ff ff ff
stack at sp + 1 slots: 0x0 is NULL
stack at sp + 2 slots: 0x00000085f3afe500 points into unknown readable memory: a8 25 00 00 85 00 00 00
stack at sp + 3 slots: 0x00007ff8ca8d2db4 ntdll.dll
stack at sp + 4 slots: 0x00007ff846bb9f80 jvm.dll
stack at sp + 5 slots: 0x00007ff8ca8c53c1 ntdll.dll
stack at sp + 6 slots: 0x00000000000007cf is an unknown value
stack at sp + 7 slots: 0x00007ff846942bbf jvm.dll

VM_Operation (0x00000085f32ff200): Exit, mode: safepoint, requested by thread 0x000002302170a000


---------------  P R O C E S S  ---------------

Threads class SMR info:
_java_thread_list=0x000002303a64aab0, length=27, elements={
0x0000023019f57000, 0x0000023019f62000, 0x0000023019f6e000, 0x000002301a856800,
0x000002301a85a000, 0x000002301a85d000, 0x000002301a85f000, 0x000002301a9e0000,
0x000002301ab67800, 0x000002301ad4e800, 0x000002301bac9800, 0x000002301b9e4800,
0x000002301bc56000, 0x000002301c000000, 0x000002301be15000, 0x0000023021710800,
0x0000023021711800, 0x0000023021713000, 0x0000023021714000, 0x000002302170e000,
0x0000023021714800, 0x000002302170a000, 0x000002301be17000, 0x000002301be16000,
0x000002301be17800, 0x000002301be1b000, 0x000002301be18800
}

Java Threads: ( => current thread )
  0x0000023019f57000 JavaThread "Reference Handler" daemon [_thread_blocked, id=23576, stack(0x00000085f3b00000,0x00000085f3c00000)]
  0x0000023019f62000 JavaThread "Finalizer" daemon [_thread_blocked, id=26804, stack(0x00000085f3c00000,0x00000085f3d00000)]
  0x0000023019f6e000 JavaThread "Signal Dispatcher" daemon [_thread_blocked, id=25968, stack(0x00000085f3d00000,0x00000085f3e00000)]
  0x000002301a856800 JavaThread "Attach Listener" daemon [_thread_blocked, id=24352, stack(0x00000085f3e00000,0x00000085f3f00000)]
  0x000002301a85a000 JavaThread "C2 CompilerThread0" daemon [_thread_blocked, id=22800, stack(0x00000085f3f00000,0x00000085f4000000)]
  0x000002301a85d000 JavaThread "C1 CompilerThread0" daemon [_thread_blocked, id=14216, stack(0x00000085f4000000,0x00000085f4100000)]
  0x000002301a85f000 JavaThread "Sweeper thread" daemon [_thread_blocked, id=2968, stack(0x00000085f4100000,0x00000085f4200000)]
  0x000002301a9e0000 JavaThread "Common-Cleaner" daemon [_thread_blocked, id=1312, stack(0x00000085f4200000,0x00000085f4300000)]
  0x000002301ab67800 JavaThread "JDWP Event Helper Thread" daemon [_thread_blocked, id=20320, stack(0x00000085f4500000,0x00000085f4600000)]
  0x000002301ad4e800 JavaThread "Service Thread" daemon [_thread_blocked, id=19044, stack(0x00000085f4700000,0x00000085f4800000)]
  0x000002301bac9800 JavaThread "Java2D Disposer" daemon [_thread_blocked, id=20524, stack(0x00000085f4e00000,0x00000085f4f00000)]
  0x000002301b9e4800 JavaThread "AWT-Shutdown" [_thread_blocked, id=12436, stack(0x00000085f4f00000,0x00000085f5000000)]
  0x000002301bc56000 JavaThread "AWT-EventQueue-0" [_thread_in_native, id=27752, stack(0x00000085f5100000,0x00000085f5200000)]
  0x000002301c000000 JavaThread "TimerQueue" daemon [_thread_blocked, id=25508, stack(0x00000085f5400000,0x00000085f5500000)]
  0x000002301be15000 JavaThread "pool-2-thread-1" [_thread_blocked, id=13076, stack(0x00000085f6300000,0x00000085f6400000)]
  0x0000023021710800 JavaThread "Java Sound Event Dispatcher" daemon [_thread_blocked, id=21668, stack(0x00000085f6b00000,0x00000085f6c00000)]
  0x0000023021711800 JavaThread "Substance heap status" daemon [_thread_blocked, id=5696, stack(0x00000085f7600000,0x00000085f7700000)]
  0x0000023021713000 JavaThread "Trident callback thread" daemon [_thread_blocked, id=10564, stack(0x00000085f7900000,0x00000085f7a00000)]
  0x0000023021714000 JavaThread "Trident pulse source thread" daemon [_thread_blocked, id=2212, stack(0x00000085f7a00000,0x00000085f7b00000)]
  0x000002302170e000 JavaThread "pool-5-thread-1" [_thread_blocked, id=8736, stack(0x00000085f7b00000,0x00000085f7c00000)]
  0x0000023021714800 JavaThread "DestroyJavaVM" [_thread_blocked, id=26260, stack(0x00000085f3400000,0x00000085f3500000)]
  0x000002302170a000 JavaThread "SIGINT handler" daemon [_thread_blocked, id=23052, stack(0x00000085f3200000,0x00000085f3300000)]
  0x000002301be17000 JavaThread "OkHttp https://api.runelite.net/..." [_thread_blocked, id=11104, stack(0x00000085f4400000,0x00000085f4500000)]
  0x000002301be16000 JavaThread "OkHttp api.runelite.net Writer" [_thread_blocked, id=3024, stack(0x00000085f5000000,0x00000085f5100000)]
  0x000002301be17800 JavaThread "OkHttp api.runelite.net" [_thread_blocked, id=10452, stack(0x00000085f5600000,0x00000085f5700000)]
  0x000002301be1b000 JavaThread "OkHttp ConnectionPool" daemon [_thread_blocked, id=23388, stack(0x00000085f5700000,0x00000085f5800000)]
  0x000002301be18800 JavaThread "Okio Watchdog" daemon [_thread_blocked, id=23028, stack(0x00000085f5800000,0x00000085f5900000)]

Other Threads:
=>0x0000023019f53000 VMThread "VM Thread" [stack: 0x00000085f3a00000,0x00000085f3b00000] [id=9328]
  0x00000230742d1800 GCTaskThread "GC Thread#0" [stack: 0x00000085f3500000,0x00000085f3600000] [id=9504]
  0x000002301b8bd000 GCTaskThread "GC Thread#1" [stack: 0x00000085f4900000,0x00000085f4a00000] [id=19816]
  0x000002301b8e2000 GCTaskThread "GC Thread#2" [stack: 0x00000085f4a00000,0x00000085f4b00000] [id=22376]
  0x000002301b8e3000 GCTaskThread "GC Thread#3" [stack: 0x00000085f4b00000,0x00000085f4c00000] [id=11948]
  0x000002301b8e3800 GCTaskThread "GC Thread#4" [stack: 0x00000085f4c00000,0x00000085f4d00000] [id=24772]
  0x000002301b9bf800 GCTaskThread "GC Thread#5" [stack: 0x00000085f4d00000,0x00000085f4e00000] [id=19840]
  0x000002301c352000 GCTaskThread "GC Thread#6" [stack: 0x00000085f4300000,0x00000085f4400000] [id=9572]
  0x000002301bdc9000 GCTaskThread "GC Thread#7" [stack: 0x00000085f5d00000,0x00000085f5e00000] [id=15460]
  0x000002301c17e800 GCTaskThread "GC Thread#8" [stack: 0x00000085f5e00000,0x00000085f5f00000] [id=17456]
  0x000002301c17a000 GCTaskThread "GC Thread#9" [stack: 0x00000085f5f00000,0x00000085f6000000] [id=16516]
  0x000002307432c800 ConcurrentGCThread "G1 Main Marker" [stack: 0x00000085f3600000,0x00000085f3700000] [id=7800]
  0x000002307432e800 ConcurrentGCThread "G1 Conc#0" [stack: 0x00000085f3700000,0x00000085f3800000] [id=11616]
  0x000002301b9f2800 ConcurrentGCThread "G1 Conc#1" [stack: 0x00000085f5200000,0x00000085f5300000] [id=14092]
  0x000002301b9c9000 ConcurrentGCThread "G1 Conc#2" [stack: 0x00000085f5300000,0x00000085f5400000] [id=19580]
  0x0000023019e37800 ConcurrentGCThread "G1 Refine#0" [stack: 0x00000085f3800000,0x00000085f3900000] [id=27256]
  0x0000023024ffa000 ConcurrentGCThread "G1 Refine#1" [stack: 0x00000085f7300000,0x00000085f7400000] [id=23000]
  0x0000023023f28000 ConcurrentGCThread "G1 Refine#2" [stack: 0x00000085f7400000,0x00000085f7500000] [id=21868]
  0x000002301f1c5800 ConcurrentGCThread "G1 Refine#3" [stack: 0x00000085f7500000,0x00000085f7600000] [id=8708]
  0x0000023019e3a800 ConcurrentGCThread "G1 Young RemSet Sampling" [stack: 0x00000085f3900000,0x00000085f3a00000] [id=9492]

Threads with active compile tasks:

VM state:at safepoint (shutting down)

VM Mutex/Monitor currently owned by a thread:  ([mutex/lock_event])
[0x00000230742b5540] Threads_lock - owner thread: 0x0000023019f53000

Heap address: 0x0000000704000000, size: 4032 MB, Compressed Oops mode: Zero based, Oop shift amount: 3
Narrow klass base: 0x0000000800000000, Narrow klass shift: 0
Compressed class space size: 1073741824 Address: 0x0000000800000000

Heap:
 garbage-first heap   total 310272K, used 193743K [0x0000000704000000, 0x0000000800000000)
  region size 1024K, 58 young (59392K), 2 survivors (2048K)
 Metaspace       used 83584K, capacity 86001K, committed 86192K, reserved 1126400K
  class space    used 8660K, capacity 9664K, committed 9728K, reserved 1048576K
Heap Regions: E=young(eden), S=young(survivor), O=old, HS=humongous(starts), HC=humongous(continues), CS=collection set, F=free, A=archive, TAMS=top-at-mark-start (previous, next)
|   0|0x0000000704000000, 0x0000000704100000, 0x0000000704100000|100%| O|  |TAMS 0x0000000704100000, 0x0000000704000000| Untracked 
|   1|0x0000000704100000, 0x0000000704200000, 0x0000000704200000|100%| O|  |TAMS 0x0000000704200000, 0x0000000704100000| Untracked 
|   2|0x0000000704200000, 0x0000000704300000, 0x0000000704300000|100%| O|  |TAMS 0x0000000704300000, 0x0000000704200000| Untracked 
|   3|0x0000000704300000, 0x0000000704400000, 0x0000000704400000|100%| O|  |TAMS 0x0000000704400000, 0x0000000704300000| Untracked 
|   4|0x0000000704400000, 0x0000000704500000, 0x0000000704500000|100%| O|  |TAMS 0x0000000704500000, 0x0000000704400000| Untracked 
|   5|0x0000000704500000, 0x0000000704600000, 0x0000000704600000|100%| O|  |TAMS 0x0000000704600000, 0x0000000704500000| Untracked 
|   6|0x0000000704600000, 0x0000000704700000, 0x0000000704700000|100%| O|  |TAMS 0x0000000704700000, 0x0000000704600000| Untracked 
|   7|0x0000000704700000, 0x0000000704800000, 0x0000000704800000|100%| O|  |TAMS 0x0000000704800000, 0x0000000704700000| Untracked 
|   8|0x0000000704800000, 0x0000000704900000, 0x0000000704900000|100%| O|  |TAMS 0x0000000704900000, 0x0000000704800000| Untracked 
|   9|0x0000000704900000, 0x0000000704a00000, 0x0000000704a00000|100%|HS|  |TAMS 0x0000000704a00000, 0x0000000704900000| Complete 
|  10|0x0000000704a00000, 0x0000000704b00000, 0x0000000704b00000|100%|HC|  |TAMS 0x0000000704b00000, 0x0000000704a00000| Complete 
|  11|0x0000000704b00000, 0x0000000704c00000, 0x0000000704c00000|100%| O|  |TAMS 0x0000000704c00000, 0x0000000704b00000| Untracked 
|  12|0x0000000704c00000, 0x0000000704d00000, 0x0000000704d00000|100%| O|  |TAMS 0x0000000704d00000, 0x0000000704c00000| Untracked 
|  13|0x0000000704d00000, 0x0000000704e00000, 0x0000000704e00000|100%| O|  |TAMS 0x0000000704e00000, 0x0000000704d00000| Untracked 
|  14|0x0000000704e00000, 0x0000000704f00000, 0x0000000704f00000|100%| O|  |TAMS 0x0000000704f00000, 0x0000000704e00000| Untracked 
|  15|0x0000000704f00000, 0x0000000705000000, 0x0000000705000000|100%| O|  |TAMS 0x0000000705000000, 0x0000000704f00000| Untracked 
|  16|0x0000000705000000, 0x0000000705100000, 0x0000000705100000|100%| O|  |TAMS 0x0000000705100000, 0x0000000705000000| Untracked 
|  17|0x0000000705100000, 0x0000000705200000, 0x0000000705200000|100%| O|  |TAMS 0x0000000705200000, 0x0000000705100000| Untracked 
|  18|0x0000000705200000, 0x0000000705300000, 0x0000000705300000|100%| O|  |TAMS 0x0000000705300000, 0x0000000705200000| Untracked 
|  19|0x0000000705300000, 0x0000000705400000, 0x0000000705400000|100%| O|  |TAMS 0x0000000705400000, 0x0000000705300000| Untracked 
|  20|0x0000000705400000, 0x0000000705500000, 0x0000000705500000|100%| O|  |TAMS 0x0000000705500000, 0x0000000705400000| Untracked 
|  21|0x0000000705500000, 0x0000000705600000, 0x0000000705600000|100%| O|  |TAMS 0x0000000705600000, 0x0000000705500000| Untracked 
|  22|0x0000000705600000, 0x0000000705700000, 0x0000000705700000|100%| O|  |TAMS 0x0000000705700000, 0x0000000705600000| Untracked 
|  23|0x0000000705700000, 0x0000000705800000, 0x0000000705800000|100%| O|  |TAMS 0x0000000705800000, 0x0000000705700000| Untracked 
|  24|0x0000000705800000, 0x0000000705900000, 0x0000000705900000|100%| O|  |TAMS 0x0000000705900000, 0x0000000705800000| Untracked 
|  25|0x0000000705900000, 0x0000000705a00000, 0x0000000705a00000|100%| O|  |TAMS 0x0000000705a00000, 0x0000000705900000| Untracked 
|  26|0x0000000705a00000, 0x0000000705b00000, 0x0000000705b00000|100%| O|  |TAMS 0x0000000705b00000, 0x0000000705a00000| Untracked 
|  27|0x0000000705b00000, 0x0000000705c00000, 0x0000000705c00000|100%| O|  |TAMS 0x0000000705c00000, 0x0000000705b00000| Untracked 
|  28|0x0000000705c00000, 0x0000000705d00000, 0x0000000705d00000|100%| O|  |TAMS 0x0000000705d00000, 0x0000000705c00000| Untracked 
|  29|0x0000000705d00000, 0x0000000705e00000, 0x0000000705e00000|100%| O|  |TAMS 0x0000000705e00000, 0x0000000705d00000| Untracked 
|  30|0x0000000705e00000, 0x0000000705f00000, 0x0000000705f00000|100%| O|  |TAMS 0x0000000705f00000, 0x0000000705e00000| Untracked 
|  31|0x0000000705f00000, 0x0000000706000000, 0x0000000706000000|100%| O|  |TAMS 0x0000000706000000, 0x0000000705f00000| Untracked 
|  32|0x0000000706000000, 0x0000000706100000, 0x0000000706100000|100%| O|  |TAMS 0x0000000706100000, 0x0000000706000000| Untracked 
|  33|0x0000000706100000, 0x0000000706200000, 0x0000000706200000|100%| O|  |TAMS 0x0000000706200000, 0x0000000706100000| Untracked 
|  34|0x0000000706200000, 0x0000000706300000, 0x0000000706300000|100%| O|  |TAMS 0x0000000706300000, 0x0000000706200000| Untracked 
|  35|0x0000000706300000, 0x0000000706400000, 0x0000000706400000|100%| O|  |TAMS 0x0000000706400000, 0x0000000706300000| Untracked 
|  36|0x0000000706400000, 0x0000000706500000, 0x0000000706500000|100%| O|  |TAMS 0x0000000706500000, 0x0000000706400000| Untracked 
|  37|0x0000000706500000, 0x0000000706600000, 0x0000000706600000|100%| O|  |TAMS 0x0000000706600000, 0x0000000706500000| Untracked 
|  38|0x0000000706600000, 0x0000000706700000, 0x0000000706700000|100%| O|  |TAMS 0x0000000706700000, 0x0000000706600000| Untracked 
|  39|0x0000000706700000, 0x0000000706800000, 0x0000000706800000|100%| O|  |TAMS 0x0000000706700000, 0x0000000706700000| Untracked 
|  40|0x0000000706800000, 0x0000000706900000, 0x0000000706900000|100%| O|  |TAMS 0x0000000706800000, 0x0000000706800000| Untracked 
|  41|0x0000000706900000, 0x0000000706a00000, 0x0000000706a00000|100%| O|  |TAMS 0x0000000706900000, 0x0000000706900000| Untracked 
|  42|0x0000000706a00000, 0x0000000706ae7c00, 0x0000000706b00000| 90%| O|  |TAMS 0x0000000706a00000, 0x0000000706a00000| Untracked 
|  43|0x0000000706b00000, 0x0000000706b00000, 0x0000000706c00000|  0%| F|  |TAMS 0x0000000706b00000, 0x0000000706b00000| Untracked 
|  44|0x0000000706c00000, 0x0000000706c00000, 0x0000000706d00000|  0%| F|  |TAMS 0x0000000706c00000, 0x0000000706c00000| Untracked 
|  45|0x0000000706d00000, 0x0000000706e00000, 0x0000000706e00000|100%| O|  |TAMS 0x0000000706e00000, 0x0000000706d00000| Untracked 
|  46|0x0000000706e00000, 0x0000000706f00000, 0x0000000706f00000|100%| O|  |TAMS 0x0000000706f00000, 0x0000000706e00000| Untracked 
|  47|0x0000000706f00000, 0x0000000706f00000, 0x0000000707000000|  0%| F|  |TAMS 0x0000000706f00000, 0x0000000706f00000| Untracked 
|  48|0x0000000707000000, 0x0000000707100000, 0x0000000707100000|100%| O|  |TAMS 0x0000000707100000, 0x0000000707000000| Untracked 
|  49|0x0000000707100000, 0x0000000707200000, 0x0000000707200000|100%| O|  |TAMS 0x0000000707200000, 0x0000000707100000| Untracked 
|  50|0x0000000707200000, 0x0000000707300000, 0x0000000707300000|100%| O|  |TAMS 0x0000000707300000, 0x0000000707200000| Untracked 
|  51|0x0000000707300000, 0x0000000707400000, 0x0000000707400000|100%| O|  |TAMS 0x0000000707400000, 0x0000000707300000| Untracked 
|  52|0x0000000707400000, 0x0000000707500000, 0x0000000707500000|100%| O|  |TAMS 0x0000000707500000, 0x0000000707400000| Untracked 
|  53|0x0000000707500000, 0x0000000707500000, 0x0000000707600000|  0%| F|  |TAMS 0x0000000707500000, 0x0000000707500000| Untracked 
|  54|0x0000000707600000, 0x0000000707600000, 0x0000000707700000|  0%| F|  |TAMS 0x0000000707600000, 0x0000000707600000| Untracked 
|  55|0x0000000707700000, 0x0000000707800000, 0x0000000707800000|100%| O|  |TAMS 0x0000000707800000, 0x0000000707700000| Untracked 
|  56|0x0000000707800000, 0x0000000707900000, 0x0000000707900000|100%| O|  |TAMS 0x0000000707900000, 0x0000000707800000| Untracked 
|  57|0x0000000707900000, 0x0000000707a00000, 0x0000000707a00000|100%| O|  |TAMS 0x0000000707a00000, 0x0000000707900000| Untracked 
|  58|0x0000000707a00000, 0x0000000707b00000, 0x0000000707b00000|100%| O|  |TAMS 0x0000000707b00000, 0x0000000707a00000| Untracked 
|  59|0x0000000707b00000, 0x0000000707c00000, 0x0000000707c00000|100%| O|  |TAMS 0x0000000707c00000, 0x0000000707b00000| Untracked 
|  60|0x0000000707c00000, 0x0000000707d00000, 0x0000000707d00000|100%| O|  |TAMS 0x0000000707d00000, 0x0000000707c00000| Untracked 
|  61|0x0000000707d00000, 0x0000000707e00000, 0x0000000707e00000|100%| O|  |TAMS 0x0000000707e00000, 0x0000000707d00000| Untracked 
|  62|0x0000000707e00000, 0x0000000707f00000, 0x0000000707f00000|100%|HS|  |TAMS 0x0000000707f00000, 0x0000000707e00000| Complete 
|  63|0x0000000707f00000, 0x0000000708000000, 0x0000000708000000|100%|HC|  |TAMS 0x0000000708000000, 0x0000000707f00000| Complete 
|  64|0x0000000708000000, 0x0000000708100000, 0x0000000708100000|100%| O|  |TAMS 0x0000000708100000, 0x0000000708000000| Untracked 
|  65|0x0000000708100000, 0x0000000708200000, 0x0000000708200000|100%| O|  |TAMS 0x0000000708200000, 0x0000000708100000| Untracked 
|  66|0x0000000708200000, 0x0000000708300000, 0x0000000708300000|100%| O|  |TAMS 0x0000000708300000, 0x0000000708200000| Untracked 
|  67|0x0000000708300000, 0x0000000708400000, 0x0000000708400000|100%| O|  |TAMS 0x0000000708400000, 0x0000000708300000| Untracked 
|  68|0x0000000708400000, 0x0000000708500000, 0x0000000708500000|100%| O|  |TAMS 0x0000000708500000, 0x0000000708400000| Untracked 
|  69|0x0000000708500000, 0x0000000708600000, 0x0000000708600000|100%| O|  |TAMS 0x0000000708600000, 0x0000000708500000| Untracked 
|  70|0x0000000708600000, 0x0000000708700000, 0x0000000708700000|100%| O|  |TAMS 0x0000000708700000, 0x0000000708600000| Untracked 
|  71|0x0000000708700000, 0x0000000708700000, 0x0000000708800000|  0%| F|  |TAMS 0x0000000708700000, 0x0000000708700000| Untracked 
|  72|0x0000000708800000, 0x0000000708900000, 0x0000000708900000|100%| O|  |TAMS 0x0000000708900000, 0x0000000708800000| Untracked 
|  73|0x0000000708900000, 0x0000000708a00000, 0x0000000708a00000|100%| O|  |TAMS 0x0000000708a00000, 0x0000000708900000| Untracked 
|  74|0x0000000708a00000, 0x0000000708b00000, 0x0000000708b00000|100%| O|  |TAMS 0x0000000708b00000, 0x0000000708a00000| Untracked 
|  75|0x0000000708b00000, 0x0000000708c00000, 0x0000000708c00000|100%| O|  |TAMS 0x0000000708c00000, 0x0000000708b00000| Untracked 
|  76|0x0000000708c00000, 0x0000000708d00000, 0x0000000708d00000|100%| O|  |TAMS 0x0000000708d00000, 0x0000000708c00000| Untracked 
|  77|0x0000000708d00000, 0x0000000708e00000, 0x0000000708e00000|100%| O|  |TAMS 0x0000000708e00000, 0x0000000708d00000| Untracked 
|  78|0x0000000708e00000, 0x0000000708f00000, 0x0000000708f00000|100%| O|  |TAMS 0x0000000708f00000, 0x0000000708e00000| Untracked 
|  79|0x0000000708f00000, 0x0000000709000000, 0x0000000709000000|100%| O|  |TAMS 0x0000000709000000, 0x0000000708f00000| Untracked 
|  80|0x0000000709000000, 0x0000000709000000, 0x0000000709100000|  0%| F|  |TAMS 0x0000000709000000, 0x0000000709000000| Untracked 
|  81|0x0000000709100000, 0x0000000709200000, 0x0000000709200000|100%| O|  |TAMS 0x0000000709200000, 0x0000000709100000| Untracked 
|  82|0x0000000709200000, 0x0000000709300000, 0x0000000709300000|100%| O|  |TAMS 0x0000000709300000, 0x0000000709200000| Untracked 
|  83|0x0000000709300000, 0x0000000709400000, 0x0000000709400000|100%| O|  |TAMS 0x0000000709400000, 0x0000000709300000| Untracked 
|  84|0x0000000709400000, 0x0000000709500000, 0x0000000709500000|100%| O|  |TAMS 0x0000000709500000, 0x0000000709400000| Untracked 
|  85|0x0000000709500000, 0x0000000709600000, 0x0000000709600000|100%| O|  |TAMS 0x00000007095f9000, 0x0000000709500000| Untracked 
|  86|0x0000000709600000, 0x0000000709700000, 0x0000000709700000|100%| O|  |TAMS 0x0000000709600000, 0x0000000709600000| Untracked 
|  87|0x0000000709700000, 0x0000000709800000, 0x0000000709800000|100%| O|  |TAMS 0x0000000709700000, 0x0000000709700000| Untracked 
|  88|0x0000000709800000, 0x0000000709800000, 0x0000000709900000|  0%| F|  |TAMS 0x0000000709800000, 0x0000000709800000| Untracked 
|  89|0x0000000709900000, 0x0000000709a00000, 0x0000000709a00000|100%| O|  |TAMS 0x0000000709900000, 0x0000000709900000| Untracked 
|  90|0x0000000709a00000, 0x0000000709b00000, 0x0000000709b00000|100%| O|  |TAMS 0x0000000709a00000, 0x0000000709a00000| Untracked 
|  91|0x0000000709b00000, 0x0000000709b00000, 0x0000000709c00000|  0%| F|  |TAMS 0x0000000709b00000, 0x0000000709b00000| Untracked 
|  92|0x0000000709c00000, 0x0000000709c00000, 0x0000000709d00000|  0%| F|  |TAMS 0x0000000709c00000, 0x0000000709c00000| Untracked 
|  93|0x0000000709d00000, 0x0000000709d00000, 0x0000000709e00000|  0%| F|  |TAMS 0x0000000709d00000, 0x0000000709d00000| Untracked 
|  94|0x0000000709e00000, 0x0000000709f00000, 0x0000000709f00000|100%| O|  |TAMS 0x0000000709f00000, 0x0000000709e00000| Untracked 
|  95|0x0000000709f00000, 0x000000070a000000, 0x000000070a000000|100%| O|  |TAMS 0x000000070a000000, 0x0000000709f00000| Untracked 
|  96|0x000000070a000000, 0x000000070a100000, 0x000000070a100000|100%| O|  |TAMS 0x000000070a100000, 0x000000070a000000| Untracked 
|  97|0x000000070a100000, 0x000000070a200000, 0x000000070a200000|100%| O|  |TAMS 0x000000070a200000, 0x000000070a100000| Untracked 
|  98|0x000000070a200000, 0x000000070a200000, 0x000000070a300000|  0%| F|  |TAMS 0x000000070a200000, 0x000000070a200000| Untracked 
|  99|0x000000070a300000, 0x000000070a400000, 0x000000070a400000|100%| O|  |TAMS 0x000000070a400000, 0x000000070a300000| Untracked 
| 100|0x000000070a400000, 0x000000070a500000, 0x000000070a500000|100%| O|  |TAMS 0x000000070a500000, 0x000000070a400000| Untracked 
| 101|0x000000070a500000, 0x000000070a600000, 0x000000070a600000|100%| O|  |TAMS 0x000000070a600000, 0x000000070a500000| Untracked 
| 102|0x000000070a600000, 0x000000070a600000, 0x000000070a700000|  0%| F|  |TAMS 0x000000070a600000, 0x000000070a600000| Untracked 
| 103|0x000000070a700000, 0x000000070a700000, 0x000000070a800000|  0%| F|  |TAMS 0x000000070a700000, 0x000000070a700000| Untracked 
| 104|0x000000070a800000, 0x000000070a900000, 0x000000070a900000|100%| O|  |TAMS 0x000000070a900000, 0x000000070a800000| Untracked 
| 105|0x000000070a900000, 0x000000070a900000, 0x000000070aa00000|  0%| F|  |TAMS 0x000000070a900000, 0x000000070a900000| Untracked 
| 106|0x000000070aa00000, 0x000000070aa00000, 0x000000070ab00000|  0%| F|  |TAMS 0x000000070aa00000, 0x000000070aa00000| Untracked 
| 107|0x000000070ab00000, 0x000000070ac00000, 0x000000070ac00000|100%|HS|  |TAMS 0x000000070ac00000, 0x000000070ab00000| Complete 
| 108|0x000000070ac00000, 0x000000070ad00000, 0x000000070ad00000|100%|HC|  |TAMS 0x000000070ad00000, 0x000000070ac00000| Complete 
| 109|0x000000070ad00000, 0x000000070ae00000, 0x000000070ae00000|100%|HS|  |TAMS 0x000000070ae00000, 0x000000070ad00000| Complete 
| 110|0x000000070ae00000, 0x000000070af00000, 0x000000070af00000|100%| O|  |TAMS 0x000000070af00000, 0x000000070ae00000| Untracked 
| 111|0x000000070af00000, 0x000000070b000000, 0x000000070b000000|100%| O|  |TAMS 0x000000070b000000, 0x000000070af00000| Untracked 
| 112|0x000000070b000000, 0x000000070b100000, 0x000000070b100000|100%|HS|  |TAMS 0x000000070b100000, 0x000000070b000000| Complete 
| 113|0x000000070b100000, 0x000000070b200000, 0x000000070b200000|100%|HS|  |TAMS 0x000000070b200000, 0x000000070b100000| Complete 
| 114|0x000000070b200000, 0x000000070b300000, 0x000000070b300000|100%| O|  |TAMS 0x000000070b300000, 0x000000070b200000| Untracked 
| 115|0x000000070b300000, 0x000000070b400000, 0x000000070b400000|100%| O|  |TAMS 0x000000070b400000, 0x000000070b300000| Untracked 
| 116|0x000000070b400000, 0x000000070b500000, 0x000000070b500000|100%| O|  |TAMS 0x000000070b500000, 0x000000070b400000| Untracked 
| 117|0x000000070b500000, 0x000000070b600000, 0x000000070b600000|100%| O|  |TAMS 0x000000070b600000, 0x000000070b500000| Untracked 
| 118|0x000000070b600000, 0x000000070b700000, 0x000000070b700000|100%| O|  |TAMS 0x000000070b700000, 0x000000070b600000| Untracked 
| 119|0x000000070b700000, 0x000000070b800000, 0x000000070b800000|100%| O|  |TAMS 0x000000070b800000, 0x000000070b700000| Untracked 
| 120|0x000000070b800000, 0x000000070b900000, 0x000000070b900000|100%| O|  |TAMS 0x000000070b900000, 0x000000070b800000| Untracked 
| 121|0x000000070b900000, 0x000000070ba00000, 0x000000070ba00000|100%| O|  |TAMS 0x000000070ba00000, 0x000000070b900000| Untracked 
| 122|0x000000070ba00000, 0x000000070bb00000, 0x000000070bb00000|100%| O|  |TAMS 0x000000070bb00000, 0x000000070ba00000| Untracked 
| 123|0x000000070bb00000, 0x000000070bc00000, 0x000000070bc00000|100%| O|  |TAMS 0x000000070bc00000, 0x000000070bb00000| Untracked 
| 124|0x000000070bc00000, 0x000000070bd00000, 0x000000070bd00000|100%| O|  |TAMS 0x000000070bd00000, 0x000000070bc00000| Untracked 
| 125|0x000000070bd00000, 0x000000070be00000, 0x000000070be00000|100%| O|  |TAMS 0x000000070be00000, 0x000000070bd00000| Untracked 
| 126|0x000000070be00000, 0x000000070bf00000, 0x000000070bf00000|100%| O|  |TAMS 0x000000070bf00000, 0x000000070be00000| Untracked 
| 127|0x000000070bf00000, 0x000000070c000000, 0x000000070c000000|100%| O|  |TAMS 0x000000070c000000, 0x000000070bf00000| Untracked 
| 128|0x000000070c000000, 0x000000070c100000, 0x000000070c100000|100%| O|  |TAMS 0x000000070c100000, 0x000000070c000000| Untracked 
| 129|0x000000070c100000, 0x000000070c200000, 0x000000070c200000|100%| O|  |TAMS 0x000000070c200000, 0x000000070c100000| Untracked 
| 130|0x000000070c200000, 0x000000070c300000, 0x000000070c300000|100%| O|  |TAMS 0x000000070c300000, 0x000000070c200000| Untracked 
| 131|0x000000070c300000, 0x000000070c400000, 0x000000070c400000|100%|HS|  |TAMS 0x000000070c400000, 0x000000070c300000| Complete 
| 132|0x000000070c400000, 0x000000070c500000, 0x000000070c500000|100%|HC|  |TAMS 0x000000070c500000, 0x000000070c400000| Complete 
| 133|0x000000070c500000, 0x000000070c600000, 0x000000070c600000|100%|HC|  |TAMS 0x000000070c600000, 0x000000070c500000| Complete 
| 134|0x000000070c600000, 0x000000070c700000, 0x000000070c700000|100%| O|  |TAMS 0x000000070c700000, 0x000000070c600000| Untracked 
| 135|0x000000070c700000, 0x000000070c800000, 0x000000070c800000|100%| O|  |TAMS 0x000000070c800000, 0x000000070c700000| Untracked 
| 136|0x000000070c800000, 0x000000070c800000, 0x000000070c900000|  0%| F|  |TAMS 0x000000070c800000, 0x000000070c800000| Untracked 
| 137|0x000000070c900000, 0x000000070c900000, 0x000000070ca00000|  0%| F|  |TAMS 0x000000070c900000, 0x000000070c900000| Untracked 
| 138|0x000000070ca00000, 0x000000070ca00000, 0x000000070cb00000|  0%| F|  |TAMS 0x000000070ca00000, 0x000000070ca00000| Untracked 
| 139|0x000000070cb00000, 0x000000070cb00000, 0x000000070cc00000|  0%| F|  |TAMS 0x000000070cb00000, 0x000000070cb00000| Untracked 
| 140|0x000000070cc00000, 0x000000070cc00000, 0x000000070cd00000|  0%| F|  |TAMS 0x000000070cc00000, 0x000000070cc00000| Untracked 
| 141|0x000000070cd00000, 0x000000070cd00000, 0x000000070ce00000|  0%| F|  |TAMS 0x000000070cd00000, 0x000000070cd00000| Untracked 
| 142|0x000000070ce00000, 0x000000070ce00000, 0x000000070cf00000|  0%| F|  |TAMS 0x000000070ce00000, 0x000000070ce00000| Untracked 
| 143|0x000000070cf00000, 0x000000070cf00000, 0x000000070d000000|  0%| F|  |TAMS 0x000000070cf00000, 0x000000070cf00000| Untracked 
| 144|0x000000070d000000, 0x000000070d000000, 0x000000070d100000|  0%| F|  |TAMS 0x000000070d000000, 0x000000070d000000| Untracked 
| 145|0x000000070d100000, 0x000000070d100000, 0x000000070d200000|  0%| F|  |TAMS 0x000000070d100000, 0x000000070d100000| Untracked 
| 146|0x000000070d200000, 0x000000070d200000, 0x000000070d300000|  0%| F|  |TAMS 0x000000070d200000, 0x000000070d200000| Untracked 
| 147|0x000000070d300000, 0x000000070d300000, 0x000000070d400000|  0%| F|  |TAMS 0x000000070d300000, 0x000000070d300000| Untracked 
| 148|0x000000070d400000, 0x000000070d400000, 0x000000070d500000|  0%| F|  |TAMS 0x000000070d400000, 0x000000070d400000| Untracked 
| 149|0x000000070d500000, 0x000000070d600000, 0x000000070d600000|100%| O|  |TAMS 0x000000070d600000, 0x000000070d500000| Untracked 
| 150|0x000000070d600000, 0x000000070d700000, 0x000000070d700000|100%| O|  |TAMS 0x000000070d700000, 0x000000070d600000| Untracked 
| 151|0x000000070d700000, 0x000000070d800000, 0x000000070d800000|100%| O|  |TAMS 0x000000070d800000, 0x000000070d700000| Untracked 
| 152|0x000000070d800000, 0x000000070d900000, 0x000000070d900000|100%| O|  |TAMS 0x000000070d900000, 0x000000070d800000| Untracked 
| 153|0x000000070d900000, 0x000000070da00000, 0x000000070da00000|100%| O|  |TAMS 0x000000070da00000, 0x000000070d900000| Untracked 
| 154|0x000000070da00000, 0x000000070db00000, 0x000000070db00000|100%| O|  |TAMS 0x000000070db00000, 0x000000070da00000| Untracked 
| 155|0x000000070db00000, 0x000000070db00000, 0x000000070dc00000|  0%| F|  |TAMS 0x000000070db00000, 0x000000070db00000| Untracked 
| 156|0x000000070dc00000, 0x000000070dc00000, 0x000000070dd00000|  0%| F|  |TAMS 0x000000070dc00000, 0x000000070dc00000| Untracked 
| 157|0x000000070dd00000, 0x000000070dd00000, 0x000000070de00000|  0%| F|  |TAMS 0x000000070dd00000, 0x000000070dd00000| Untracked 
| 158|0x000000070de00000, 0x000000070de00000, 0x000000070df00000|  0%| F|  |TAMS 0x000000070de00000, 0x000000070de00000| Untracked 
| 159|0x000000070df00000, 0x000000070df00000, 0x000000070e000000|  0%| F|  |TAMS 0x000000070df00000, 0x000000070df00000| Untracked 
| 160|0x000000070e000000, 0x000000070e100000, 0x000000070e100000|100%| O|  |TAMS 0x000000070e100000, 0x000000070e000000| Untracked 
| 161|0x000000070e100000, 0x000000070e200000, 0x000000070e200000|100%| O|  |TAMS 0x000000070e200000, 0x000000070e100000| Untracked 
| 162|0x000000070e200000, 0x000000070e300000, 0x000000070e300000|100%| O|  |TAMS 0x000000070e300000, 0x000000070e200000| Untracked 
| 163|0x000000070e300000, 0x000000070e300000, 0x000000070e400000|  0%| F|  |TAMS 0x000000070e300000, 0x000000070e300000| Untracked 
| 164|0x000000070e400000, 0x000000070e500000, 0x000000070e500000|100%| O|  |TAMS 0x000000070e500000, 0x000000070e400000| Untracked 
| 165|0x000000070e500000, 0x000000070e600000, 0x000000070e600000|100%| O|  |TAMS 0x000000070e600000, 0x000000070e500000| Untracked 
| 166|0x000000070e600000, 0x000000070e700000, 0x000000070e700000|100%| O|  |TAMS 0x000000070e700000, 0x000000070e600000| Untracked 
| 167|0x000000070e700000, 0x000000070e700000, 0x000000070e800000|  0%| F|  |TAMS 0x000000070e700000, 0x000000070e700000| Untracked 
| 168|0x000000070e800000, 0x000000070e900000, 0x000000070e900000|100%| O|  |TAMS 0x000000070e900000, 0x000000070e800000| Untracked 
| 169|0x000000070e900000, 0x000000070e900000, 0x000000070ea00000|  0%| F|  |TAMS 0x000000070e900000, 0x000000070e900000| Untracked 
| 170|0x000000070ea00000, 0x000000070ea4c1f0, 0x000000070eb00000| 29%| S|CS|TAMS 0x000000070ea00000, 0x000000070ea00000| Complete 
| 171|0x000000070eb00000, 0x000000070ec00000, 0x000000070ec00000|100%| S|CS|TAMS 0x000000070eb00000, 0x000000070eb00000| Complete 
| 172|0x000000070ec00000, 0x000000070ec00000, 0x000000070ed00000|  0%| F|  |TAMS 0x000000070ec00000, 0x000000070ec00000| Untracked 
| 173|0x000000070ed00000, 0x000000070ed00000, 0x000000070ee00000|  0%| F|  |TAMS 0x000000070ed00000, 0x000000070ed00000| Untracked 
| 174|0x000000070ee00000, 0x000000070ee00000, 0x000000070ef00000|  0%| F|  |TAMS 0x000000070ee00000, 0x000000070ee00000| Untracked 
| 175|0x000000070ef00000, 0x000000070ef00000, 0x000000070f000000|  0%| F|  |TAMS 0x000000070ef00000, 0x000000070ef00000| Untracked 
| 176|0x000000070f000000, 0x000000070f000000, 0x000000070f100000|  0%| F|  |TAMS 0x000000070f000000, 0x000000070f000000| Untracked 
| 177|0x000000070f100000, 0x000000070f100000, 0x000000070f200000|  0%| F|  |TAMS 0x000000070f100000, 0x000000070f100000| Untracked 
| 178|0x000000070f200000, 0x000000070f200000, 0x000000070f300000|  0%| F|  |TAMS 0x000000070f200000, 0x000000070f200000| Untracked 
| 179|0x000000070f300000, 0x000000070f300000, 0x000000070f400000|  0%| F|  |TAMS 0x000000070f300000, 0x000000070f300000| Untracked 
| 180|0x000000070f400000, 0x000000070f400000, 0x000000070f500000|  0%| F|  |TAMS 0x000000070f400000, 0x000000070f400000| Untracked 
| 181|0x000000070f500000, 0x000000070f500000, 0x000000070f600000|  0%| F|  |TAMS 0x000000070f500000, 0x000000070f500000| Untracked 
| 182|0x000000070f600000, 0x000000070f600000, 0x000000070f700000|  0%| F|  |TAMS 0x000000070f600000, 0x000000070f600000| Untracked 
| 183|0x000000070f700000, 0x000000070f700000, 0x000000070f800000|  0%| F|  |TAMS 0x000000070f700000, 0x000000070f700000| Untracked 
| 184|0x000000070f800000, 0x000000070f800000, 0x000000070f900000|  0%| F|  |TAMS 0x000000070f800000, 0x000000070f800000| Untracked 
| 185|0x000000070f900000, 0x000000070f900000, 0x000000070fa00000|  0%| F|  |TAMS 0x000000070f900000, 0x000000070f900000| Untracked 
| 186|0x000000070fa00000, 0x000000070fa00000, 0x000000070fb00000|  0%| F|  |TAMS 0x000000070fa00000, 0x000000070fa00000| Untracked 
| 187|0x000000070fb00000, 0x000000070fb00000, 0x000000070fc00000|  0%| F|  |TAMS 0x000000070fb00000, 0x000000070fb00000| Untracked 
| 188|0x000000070fc00000, 0x000000070fc00000, 0x000000070fd00000|  0%| F|  |TAMS 0x000000070fc00000, 0x000000070fc00000| Untracked 
| 189|0x000000070fd00000, 0x000000070fd00000, 0x000000070fe00000|  0%| F|  |TAMS 0x000000070fd00000, 0x000000070fd00000| Untracked 
| 190|0x000000070fe00000, 0x000000070fe00000, 0x000000070ff00000|  0%| F|  |TAMS 0x000000070fe00000, 0x000000070fe00000| Untracked 
| 191|0x000000070ff00000, 0x000000070ff00000, 0x0000000710000000|  0%| F|  |TAMS 0x000000070ff00000, 0x000000070ff00000| Untracked 
| 192|0x0000000710000000, 0x0000000710000000, 0x0000000710100000|  0%| F|  |TAMS 0x0000000710000000, 0x0000000710000000| Untracked 
| 193|0x0000000710100000, 0x0000000710100000, 0x0000000710200000|  0%| F|  |TAMS 0x0000000710100000, 0x0000000710100000| Untracked 
| 194|0x0000000710200000, 0x0000000710200000, 0x0000000710300000|  0%| F|  |TAMS 0x0000000710200000, 0x0000000710200000| Untracked 
| 195|0x0000000710300000, 0x0000000710300000, 0x0000000710400000|  0%| F|  |TAMS 0x0000000710300000, 0x0000000710300000| Untracked 
| 196|0x0000000710400000, 0x0000000710400000, 0x0000000710500000|  0%| F|  |TAMS 0x0000000710400000, 0x0000000710400000| Untracked 
| 197|0x0000000710500000, 0x0000000710500000, 0x0000000710600000|  0%| F|  |TAMS 0x0000000710500000, 0x0000000710500000| Untracked 
| 198|0x0000000710600000, 0x0000000710600000, 0x0000000710700000|  0%| F|  |TAMS 0x0000000710600000, 0x0000000710600000| Untracked 
| 199|0x0000000710700000, 0x0000000710700000, 0x0000000710800000|  0%| F|  |TAMS 0x0000000710700000, 0x0000000710700000| Untracked 
| 200|0x0000000710800000, 0x0000000710800000, 0x0000000710900000|  0%| F|  |TAMS 0x0000000710800000, 0x0000000710800000| Untracked 
| 201|0x0000000710900000, 0x0000000710900000, 0x0000000710a00000|  0%| F|  |TAMS 0x0000000710900000, 0x0000000710900000| Untracked 
| 202|0x0000000710a00000, 0x0000000710a00000, 0x0000000710b00000|  0%| F|  |TAMS 0x0000000710a00000, 0x0000000710a00000| Untracked 
| 203|0x0000000710b00000, 0x0000000710b00000, 0x0000000710c00000|  0%| F|  |TAMS 0x0000000710b00000, 0x0000000710b00000| Untracked 
| 204|0x0000000710c00000, 0x0000000710c00000, 0x0000000710d00000|  0%| F|  |TAMS 0x0000000710c00000, 0x0000000710c00000| Untracked 
| 205|0x0000000710d00000, 0x0000000710d00000, 0x0000000710e00000|  0%| F|  |TAMS 0x0000000710d00000, 0x0000000710d00000| Untracked 
| 206|0x0000000710e00000, 0x0000000710e00000, 0x0000000710f00000|  0%| F|  |TAMS 0x0000000710e00000, 0x0000000710e00000| Untracked 
| 207|0x0000000710f00000, 0x0000000710f00000, 0x0000000711000000|  0%| F|  |TAMS 0x0000000710f00000, 0x0000000710f00000| Untracked 
| 208|0x0000000711000000, 0x0000000711000000, 0x0000000711100000|  0%| F|  |TAMS 0x0000000711000000, 0x0000000711000000| Untracked 
| 209|0x0000000711100000, 0x0000000711100000, 0x0000000711200000|  0%| F|  |TAMS 0x0000000711100000, 0x0000000711100000| Untracked 
| 210|0x0000000711200000, 0x0000000711200000, 0x0000000711300000|  0%| F|  |TAMS 0x0000000711200000, 0x0000000711200000| Untracked 
| 211|0x0000000711300000, 0x0000000711300000, 0x0000000711400000|  0%| F|  |TAMS 0x0000000711300000, 0x0000000711300000| Untracked 
| 212|0x0000000711400000, 0x0000000711400000, 0x0000000711500000|  0%| F|  |TAMS 0x0000000711400000, 0x0000000711400000| Untracked 
| 213|0x0000000711500000, 0x0000000711500000, 0x0000000711600000|  0%| F|  |TAMS 0x0000000711500000, 0x0000000711500000| Untracked 
| 214|0x0000000711600000, 0x0000000711600000, 0x0000000711700000|  0%| F|  |TAMS 0x0000000711600000, 0x0000000711600000| Untracked 
| 215|0x0000000711700000, 0x0000000711700000, 0x0000000711800000|  0%| F|  |TAMS 0x0000000711700000, 0x0000000711700000| Untracked 
| 216|0x0000000711800000, 0x0000000711800000, 0x0000000711900000|  0%| F|  |TAMS 0x0000000711800000, 0x0000000711800000| Untracked 
| 217|0x0000000711900000, 0x0000000711900000, 0x0000000711a00000|  0%| F|  |TAMS 0x0000000711900000, 0x0000000711900000| Untracked 
| 218|0x0000000711a00000, 0x0000000711a00000, 0x0000000711b00000|  0%| F|  |TAMS 0x0000000711a00000, 0x0000000711a00000| Untracked 
| 219|0x0000000711b00000, 0x0000000711b00000, 0x0000000711c00000|  0%| F|  |TAMS 0x0000000711b00000, 0x0000000711b00000| Untracked 
| 220|0x0000000711c00000, 0x0000000711c00000, 0x0000000711d00000|  0%| F|  |TAMS 0x0000000711c00000, 0x0000000711c00000| Untracked 
| 221|0x0000000711d00000, 0x0000000711d00000, 0x0000000711e00000|  0%| F|  |TAMS 0x0000000711d00000, 0x0000000711d00000| Untracked 
| 222|0x0000000711e00000, 0x0000000711e00000, 0x0000000711f00000|  0%| F|  |TAMS 0x0000000711e00000, 0x0000000711e00000| Untracked 
| 223|0x0000000711f00000, 0x0000000711f00000, 0x0000000712000000|  0%| F|  |TAMS 0x0000000711f00000, 0x0000000711f00000| Untracked 
| 224|0x0000000712000000, 0x0000000712000000, 0x0000000712100000|  0%| F|  |TAMS 0x0000000712000000, 0x0000000712000000| Untracked 
| 225|0x0000000712100000, 0x0000000712100000, 0x0000000712200000|  0%| F|  |TAMS 0x0000000712100000, 0x0000000712100000| Untracked 
| 226|0x0000000712200000, 0x0000000712200000, 0x0000000712300000|  0%| F|  |TAMS 0x0000000712200000, 0x0000000712200000| Untracked 
| 227|0x0000000712300000, 0x0000000712300000, 0x0000000712400000|  0%| F|  |TAMS 0x0000000712300000, 0x0000000712300000| Untracked 
| 228|0x0000000712400000, 0x0000000712400000, 0x0000000712500000|  0%| F|  |TAMS 0x0000000712400000, 0x0000000712400000| Untracked 
| 229|0x0000000712500000, 0x0000000712500000, 0x0000000712600000|  0%| F|  |TAMS 0x0000000712500000, 0x0000000712500000| Untracked 
| 230|0x0000000712600000, 0x0000000712600000, 0x0000000712700000|  0%| F|  |TAMS 0x0000000712600000, 0x0000000712600000| Untracked 
| 231|0x0000000712700000, 0x0000000712700000, 0x0000000712800000|  0%| F|  |TAMS 0x0000000712700000, 0x0000000712700000| Untracked 
| 232|0x0000000712800000, 0x0000000712800000, 0x0000000712900000|  0%| F|  |TAMS 0x0000000712800000, 0x0000000712800000| Untracked 
| 233|0x0000000712900000, 0x0000000712900000, 0x0000000712a00000|  0%| F|  |TAMS 0x0000000712900000, 0x0000000712900000| Untracked 
| 234|0x0000000712a00000, 0x0000000712a00000, 0x0000000712b00000|  0%| F|  |TAMS 0x0000000712a00000, 0x0000000712a00000| Untracked 
| 235|0x0000000712b00000, 0x0000000712b00000, 0x0000000712c00000|  0%| F|  |TAMS 0x0000000712b00000, 0x0000000712b00000| Untracked 
| 236|0x0000000712c00000, 0x0000000712c00000, 0x0000000712d00000|  0%| F|  |TAMS 0x0000000712c00000, 0x0000000712c00000| Untracked 
| 237|0x0000000712d00000, 0x0000000712d00000, 0x0000000712e00000|  0%| F|  |TAMS 0x0000000712d00000, 0x0000000712d00000| Untracked 
| 238|0x0000000712e00000, 0x0000000712e00000, 0x0000000712f00000|  0%| F|  |TAMS 0x0000000712e00000, 0x0000000712e00000| Untracked 
| 239|0x0000000712f00000, 0x0000000712f00000, 0x0000000713000000|  0%| F|  |TAMS 0x0000000712f00000, 0x0000000712f00000| Untracked 
| 240|0x0000000713000000, 0x0000000713000000, 0x0000000713100000|  0%| F|  |TAMS 0x0000000713000000, 0x0000000713000000| Untracked 
| 241|0x0000000713100000, 0x0000000713100000, 0x0000000713200000|  0%| F|  |TAMS 0x0000000713100000, 0x0000000713100000| Untracked 
| 242|0x0000000713200000, 0x0000000713200000, 0x0000000713300000|  0%| F|  |TAMS 0x0000000713200000, 0x0000000713200000| Untracked 
| 243|0x0000000713300000, 0x0000000713300000, 0x0000000713400000|  0%| F|  |TAMS 0x0000000713300000, 0x0000000713300000| Untracked 
| 244|0x0000000713400000, 0x0000000713400000, 0x0000000713500000|  0%| F|  |TAMS 0x0000000713400000, 0x0000000713400000| Untracked 
| 245|0x0000000713500000, 0x0000000713500000, 0x0000000713600000|  0%| F|  |TAMS 0x0000000713500000, 0x0000000713500000| Untracked 
| 246|0x0000000713600000, 0x0000000713600000, 0x0000000713700000|  0%| F|  |TAMS 0x0000000713600000, 0x0000000713600000| Untracked 
| 247|0x0000000713700000, 0x0000000713700800, 0x0000000713800000|  0%| E|  |TAMS 0x0000000713700000, 0x0000000713700000| Complete 
| 248|0x0000000713800000, 0x0000000713900000, 0x0000000713900000|100%| E|CS|TAMS 0x0000000713800000, 0x0000000713800000| Complete 
| 249|0x0000000713900000, 0x0000000713a00000, 0x0000000713a00000|100%| E|CS|TAMS 0x0000000713900000, 0x0000000713900000| Complete 
| 250|0x0000000713a00000, 0x0000000713b00000, 0x0000000713b00000|100%| E|CS|TAMS 0x0000000713a00000, 0x0000000713a00000| Complete 
| 251|0x0000000713b00000, 0x0000000713c00000, 0x0000000713c00000|100%| E|CS|TAMS 0x0000000713b00000, 0x0000000713b00000| Complete 
| 252|0x0000000713c00000, 0x0000000713d00000, 0x0000000713d00000|100%| E|CS|TAMS 0x0000000713c00000, 0x0000000713c00000| Complete 
| 253|0x0000000713d00000, 0x0000000713e00000, 0x0000000713e00000|100%| E|CS|TAMS 0x0000000713d00000, 0x0000000713d00000| Complete 
| 254|0x0000000713e00000, 0x0000000713f00000, 0x0000000713f00000|100%| E|CS|TAMS 0x0000000713e00000, 0x0000000713e00000| Complete 
| 255|0x0000000713f00000, 0x0000000714000000, 0x0000000714000000|100%| E|CS|TAMS 0x0000000713f00000, 0x0000000713f00000| Complete 
| 256|0x0000000714000000, 0x0000000714100000, 0x0000000714100000|100%| E|CS|TAMS 0x0000000714000000, 0x0000000714000000| Complete 
| 257|0x0000000714100000, 0x0000000714200000, 0x0000000714200000|100%| E|CS|TAMS 0x0000000714100000, 0x0000000714100000| Complete 
| 258|0x0000000714200000, 0x0000000714300000, 0x0000000714300000|100%| E|CS|TAMS 0x0000000714200000, 0x0000000714200000| Complete 
| 259|0x0000000714300000, 0x0000000714400000, 0x0000000714400000|100%| E|CS|TAMS 0x0000000714300000, 0x0000000714300000| Complete 
| 260|0x0000000714400000, 0x0000000714500000, 0x0000000714500000|100%| E|CS|TAMS 0x0000000714400000, 0x0000000714400000| Complete 
| 261|0x0000000714500000, 0x0000000714600000, 0x0000000714600000|100%| E|CS|TAMS 0x0000000714500000, 0x0000000714500000| Complete 
| 262|0x0000000714600000, 0x0000000714700000, 0x0000000714700000|100%| E|CS|TAMS 0x0000000714600000, 0x0000000714600000| Complete 
| 263|0x0000000714700000, 0x0000000714800000, 0x0000000714800000|100%| E|CS|TAMS 0x0000000714700000, 0x0000000714700000| Complete 
| 264|0x0000000714800000, 0x0000000714900000, 0x0000000714900000|100%| E|CS|TAMS 0x0000000714800000, 0x0000000714800000| Complete 
| 265|0x0000000714900000, 0x0000000714a00000, 0x0000000714a00000|100%| E|CS|TAMS 0x0000000714900000, 0x0000000714900000| Complete 
| 266|0x0000000714a00000, 0x0000000714b00000, 0x0000000714b00000|100%| E|CS|TAMS 0x0000000714a00000, 0x0000000714a00000| Complete 
| 267|0x0000000714b00000, 0x0000000714c00000, 0x0000000714c00000|100%| E|CS|TAMS 0x0000000714b00000, 0x0000000714b00000| Complete 
| 268|0x0000000714c00000, 0x0000000714d00000, 0x0000000714d00000|100%| E|CS|TAMS 0x0000000714c00000, 0x0000000714c00000| Complete 
| 269|0x0000000714d00000, 0x0000000714e00000, 0x0000000714e00000|100%| E|CS|TAMS 0x0000000714d00000, 0x0000000714d00000| Complete 
| 270|0x0000000714e00000, 0x0000000714f00000, 0x0000000714f00000|100%| E|CS|TAMS 0x0000000714e00000, 0x0000000714e00000| Complete 
| 271|0x0000000714f00000, 0x0000000715000000, 0x0000000715000000|100%| E|CS|TAMS 0x0000000714f00000, 0x0000000714f00000| Complete 
| 272|0x0000000715000000, 0x0000000715100000, 0x0000000715100000|100%| E|CS|TAMS 0x0000000715000000, 0x0000000715000000| Complete 
| 273|0x0000000715100000, 0x0000000715200000, 0x0000000715200000|100%| E|CS|TAMS 0x0000000715100000, 0x0000000715100000| Complete 
| 274|0x0000000715200000, 0x0000000715300000, 0x0000000715300000|100%| E|CS|TAMS 0x0000000715200000, 0x0000000715200000| Complete 
| 275|0x0000000715300000, 0x0000000715400000, 0x0000000715400000|100%| E|CS|TAMS 0x0000000715300000, 0x0000000715300000| Complete 
| 276|0x0000000715400000, 0x0000000715500000, 0x0000000715500000|100%| E|CS|TAMS 0x0000000715400000, 0x0000000715400000| Complete 
| 277|0x0000000715500000, 0x0000000715600000, 0x0000000715600000|100%| E|CS|TAMS 0x0000000715500000, 0x0000000715500000| Complete 
| 278|0x0000000715600000, 0x0000000715700000, 0x0000000715700000|100%| E|CS|TAMS 0x0000000715600000, 0x0000000715600000| Complete 
| 279|0x0000000715700000, 0x0000000715800000, 0x0000000715800000|100%| E|CS|TAMS 0x0000000715700000, 0x0000000715700000| Complete 
| 280|0x0000000715800000, 0x0000000715900000, 0x0000000715900000|100%| E|CS|TAMS 0x0000000715800000, 0x0000000715800000| Complete 
| 281|0x0000000715900000, 0x0000000715a00000, 0x0000000715a00000|100%| E|CS|TAMS 0x0000000715900000, 0x0000000715900000| Complete 
| 282|0x0000000715a00000, 0x0000000715b00000, 0x0000000715b00000|100%| E|CS|TAMS 0x0000000715a00000, 0x0000000715a00000| Complete 
| 283|0x0000000715b00000, 0x0000000715c00000, 0x0000000715c00000|100%| E|CS|TAMS 0x0000000715b00000, 0x0000000715b00000| Complete 
| 284|0x0000000715c00000, 0x0000000715d00000, 0x0000000715d00000|100%| E|CS|TAMS 0x0000000715c00000, 0x0000000715c00000| Complete 
| 285|0x0000000715d00000, 0x0000000715e00000, 0x0000000715e00000|100%| E|CS|TAMS 0x0000000715d00000, 0x0000000715d00000| Complete 
| 286|0x0000000715e00000, 0x0000000715f00000, 0x0000000715f00000|100%| E|CS|TAMS 0x0000000715e00000, 0x0000000715e00000| Complete 
| 287|0x0000000715f00000, 0x0000000716000000, 0x0000000716000000|100%| E|CS|TAMS 0x0000000715f00000, 0x0000000715f00000| Complete 
| 288|0x0000000716000000, 0x0000000716100000, 0x0000000716100000|100%| E|CS|TAMS 0x0000000716000000, 0x0000000716000000| Complete 
| 289|0x0000000716100000, 0x0000000716200000, 0x0000000716200000|100%| E|CS|TAMS 0x0000000716100000, 0x0000000716100000| Complete 
| 290|0x0000000716200000, 0x0000000716300000, 0x0000000716300000|100%| E|CS|TAMS 0x0000000716200000, 0x0000000716200000| Complete 
| 291|0x0000000716300000, 0x0000000716400000, 0x0000000716400000|100%| E|CS|TAMS 0x0000000716300000, 0x0000000716300000| Complete 
| 292|0x0000000716400000, 0x0000000716500000, 0x0000000716500000|100%| E|CS|TAMS 0x0000000716400000, 0x0000000716400000| Complete 
| 293|0x0000000716500000, 0x0000000716600000, 0x0000000716600000|100%| E|CS|TAMS 0x0000000716500000, 0x0000000716500000| Complete 
| 294|0x0000000716600000, 0x0000000716700000, 0x0000000716700000|100%| E|CS|TAMS 0x0000000716600000, 0x0000000716600000| Complete 
| 295|0x0000000716700000, 0x0000000716800000, 0x0000000716800000|100%| E|CS|TAMS 0x0000000716700000, 0x0000000716700000| Complete 
| 296|0x0000000716800000, 0x0000000716900000, 0x0000000716900000|100%| E|CS|TAMS 0x0000000716800000, 0x0000000716800000| Complete 
| 297|0x0000000716900000, 0x0000000716a00000, 0x0000000716a00000|100%| E|CS|TAMS 0x0000000716900000, 0x0000000716900000| Complete 
| 298|0x0000000716a00000, 0x0000000716b00000, 0x0000000716b00000|100%| E|CS|TAMS 0x0000000716a00000, 0x0000000716a00000| Complete 
| 299|0x0000000716b00000, 0x0000000716c00000, 0x0000000716c00000|100%| E|CS|TAMS 0x0000000716b00000, 0x0000000716b00000| Complete 
| 300|0x0000000716c00000, 0x0000000716d00000, 0x0000000716d00000|100%| E|CS|TAMS 0x0000000716c00000, 0x0000000716c00000| Complete 
| 301|0x0000000716d00000, 0x0000000716e00000, 0x0000000716e00000|100%| E|CS|TAMS 0x0000000716d00000, 0x0000000716d00000| Complete 
| 302|0x0000000716e00000, 0x0000000716f00000, 0x0000000716f00000|100%| E|CS|TAMS 0x0000000716e00000, 0x0000000716e00000| Complete 

Card table byte_map: [0x000002307f380000,0x000002307fb60000] _byte_map_base: 0x000002307bb60000

Marking Bits (Prev, Next): (CMBitMap*) 0x000002307431bf98, (CMBitMap*) 0x000002307431bfd0
 Prev Bits: [0x000002300f7e0000, 0x00000230136e0000)
 Next Bits: [0x00000230136e0000, 0x00000230175e0000)

Polling page: 0x0000023074390000

Metaspace:

Usage:
  Non-class:     74.55 MB capacity,    73.17 MB ( 98%) used,     1.06 MB (  1%) free+waste,   332.06 KB ( <1%) overhead. 
      Class:      9.44 MB capacity,     8.46 MB ( 90%) used,   856.73 KB (  9%) free+waste,   146.88 KB (  2%) overhead. 
       Both:     83.99 MB capacity,    81.63 MB ( 97%) used,     1.89 MB (  2%) free+waste,   478.94 KB ( <1%) overhead. 

Virtual space:
  Non-class space:       76.00 MB reserved,      74.67 MB ( 98%) committed 
      Class space:        1.00 GB reserved,       9.50 MB ( <1%) committed 
             Both:        1.07 GB reserved,      84.17 MB (  8%) committed 

Chunk freelists:
   Non-Class:  7.88 KB
       Class:  0 bytes
        Both:  7.88 KB

CodeHeap 'non-profiled nmethods': size=120000Kb used=19414Kb max_used=19414Kb free=100586Kb
 bounds [0x0000023007ad0000, 0x0000023008dd0000, 0x000002300f000000]
CodeHeap 'profiled nmethods': size=120000Kb used=34065Kb max_used=35739Kb free=85934Kb
 bounds [0x00000230005a0000, 0x0000023002a20000, 0x0000023007ad0000]
CodeHeap 'non-nmethods': size=5760Kb used=1971Kb max_used=2102Kb free=3789Kb
 bounds [0x0000023000000000, 0x0000023000270000, 0x00000230005a0000]
 total_blobs=13646 nmethods=12089 adapters=1474
 compilation: enabled
              stopped_count=0, restarted_count=0
 full_count=0

Compilation events (10 events):
Event: 3455.930 Thread 0x000002301a85d000 17372       3       sun.security.jca.ProviderList$ServiceList$1::<init> (10 bytes)
Event: 3455.930 Thread 0x000002301a85d000 nmethod 17372 0x000002300138b090 code [0x000002300138b240, 0x000002300138b458]
Event: 3455.930 Thread 0x000002301a85d000 17373       3       sun.security.jca.ProviderList$ServiceList$1::hasNext (20 bytes)
Event: 3455.931 Thread 0x000002301a85d000 nmethod 17373 0x00000230013b9b90 code [0x00000230013b9d40, 0x00000230013b9f50]
Event: 3455.931 Thread 0x000002301a85d000 17374       3       sun.security.jca.ProviderList$ServiceList$1::next (5 bytes)
Event: 3455.931 Thread 0x000002301a85d000 nmethod 17374 0x000002300123e090 code [0x000002300123e240, 0x000002300123e3d0]
Event: 3455.931 Thread 0x000002301a85d000 17375       3       java.nio.ByteBuffer::put (9 bytes)
Event: 3455.931 Thread 0x000002301a85d000 nmethod 17375 0x0000023001502710 code [0x00000230015028c0, 0x0000023001502b10]
Event: 3455.932 Thread 0x000002301a85d000 17376       3       okio.ByteString::toAsciiLowercase (111 bytes)
Event: 3455.932 Thread 0x000002301a85d000 nmethod 17376 0x0000023001906190 code [0x0000023001906380, 0x0000023001906b30]

GC Heap History (10 events):
Event: 3399.513 GC heap before
{Heap before GC invocations=293 (full 0):
 garbage-first heap   total 310272K, used 275059K [0x0000000704000000, 0x0000000800000000)
  region size 1024K, 136 young (139264K), 1 survivors (1024K)
 Metaspace       used 83407K, capacity 85873K, committed 86192K, reserved 1126400K
  class space    used 8638K, capacity 9646K, committed 9728K, reserved 1048576K
}
Event: 3399.515 GC heap after
{Heap after GC invocations=294 (full 0):
 garbage-first heap   total 310272K, used 136799K [0x0000000704000000, 0x0000000800000000)
  region size 1024K, 1 young (1024K), 1 survivors (1024K)
 Metaspace       used 83407K, capacity 85873K, committed 86192K, reserved 1126400K
  class space    used 8638K, capacity 9646K, committed 9728K, reserved 1048576K
}
Event: 3413.446 GC heap before
{Heap before GC invocations=294 (full 0):
 garbage-first heap   total 310272K, used 275039K [0x0000000704000000, 0x0000000800000000)
  region size 1024K, 136 young (139264K), 1 survivors (1024K)
 Metaspace       used 83408K, capacity 85873K, committed 86192K, reserved 1126400K
  class space    used 8638K, capacity 9646K, committed 9728K, reserved 1048576K
}
Event: 3413.448 GC heap after
{Heap after GC invocations=295 (full 0):
 garbage-first heap   total 310272K, used 136914K [0x0000000704000000, 0x0000000800000000)
  region size 1024K, 1 young (1024K), 1 survivors (1024K)
 Metaspace       used 83408K, capacity 85873K, committed 86192K, reserved 1126400K
  class space    used 8638K, capacity 9646K, committed 9728K, reserved 1048576K
}
Event: 3426.429 GC heap before
{Heap before GC invocations=295 (full 0):
 garbage-first heap   total 310272K, used 275154K [0x0000000704000000, 0x0000000800000000)
  region size 1024K, 136 young (139264K), 1 survivors (1024K)
 Metaspace       used 83430K, capacity 85873K, committed 86192K, reserved 1126400K
  class space    used 8638K, capacity 9646K, committed 9728K, reserved 1048576K
}
Event: 3426.432 GC heap after
{Heap after GC invocations=296 (full 0):
 garbage-first heap   total 310272K, used 138030K [0x0000000704000000, 0x0000000800000000)
  region size 1024K, 2 young (2048K), 2 survivors (2048K)
 Metaspace       used 83430K, capacity 85873K, committed 86192K, reserved 1126400K
  class space    used 8638K, capacity 9646K, committed 9728K, reserved 1048576K
}
Event: 3438.180 GC heap before
{Heap before GC invocations=296 (full 0):
 garbage-first heap   total 310272K, used 274222K [0x0000000704000000, 0x0000000800000000)
  region size 1024K, 135 young (138240K), 2 survivors (2048K)
 Metaspace       used 83518K, capacity 85934K, committed 86192K, reserved 1126400K
  class space    used 8647K, capacity 9663K, committed 9728K, reserved 1048576K
}
Event: 3438.183 GC heap after
{Heap after GC invocations=297 (full 0):
 garbage-first heap   total 310272K, used 138376K [0x0000000704000000, 0x0000000800000000)
  region size 1024K, 3 young (3072K), 3 survivors (3072K)
 Metaspace       used 83518K, capacity 85934K, committed 86192K, reserved 1126400K
  class space    used 8647K, capacity 9663K, committed 9728K, reserved 1048576K
}
Event: 3450.739 GC heap before
{Heap before GC invocations=297 (full 0):
 garbage-first heap   total 310272K, used 272520K [0x0000000704000000, 0x0000000800000000)
  region size 1024K, 134 young (137216K), 3 survivors (3072K)
 Metaspace       used 83520K, capacity 85934K, committed 86192K, reserved 1126400K
  class space    used 8647K, capacity 9663K, committed 9728K, reserved 1048576K
}
Event: 3450.742 GC heap after
{Heap after GC invocations=298 (full 0):
 garbage-first heap   total 310272K, used 137423K [0x0000000704000000, 0x0000000800000000)
  region size 1024K, 2 young (2048K), 2 survivors (2048K)
 Metaspace       used 83520K, capacity 85934K, committed 86192K, reserved 1126400K
  class space    used 8647K, capacity 9663K, committed 9728K, reserved 1048576K
}

Deoptimization events (10 events):
Event: 3431.612 Thread 0x000002301bc56000 Uncommon trap: reason=bimorphic_or_optimized_type_check action=maybe_recompile pc=0x000002300872c928 method=net.runelite.client.ui.DynamicGridLayout$$Lambda$1323/0x00000008008a1840.apply(Ljava/lang/Object;)Ljava/lang/Object; @ 4 c2
Event: 3431.612 Thread 0x000002301bc56000 Uncommon trap: reason=bimorphic_or_optimized_type_check action=maybe_recompile pc=0x000002300872c928 method=net.runelite.client.ui.DynamicGridLayout$$Lambda$1323/0x00000008008a1840.apply(Ljava/lang/Object;)Ljava/lang/Object; @ 4 c2
Event: 3431.612 Thread 0x000002301bc56000 Uncommon trap: reason=bimorphic_or_optimized_type_check action=maybe_recompile pc=0x0000023008bcfd24 method=net.runelite.client.ui.DynamicGridLayout$$Lambda$1323/0x00000008008a1840.apply(Ljava/lang/Object;)Ljava/lang/Object; @ 4 c2
Event: 3432.959 Thread 0x000002301be16000 Uncommon trap: reason=unstable_if action=reinterpret pc=0x0000023008083378 method=com.google.common.collect.RegularImmutableMap.get(Ljava/lang/Object;[Lcom/google/common/collect/ImmutableMapEntry;I)Ljava/lang/Object; @ 5 c2
Event: 3432.960 Thread 0x000002301be16000 Uncommon trap: reason=unstable_if action=reinterpret pc=0x0000023007ccc560 method=com.google.common.collect.RegularImmutableMap.get(Ljava/lang/Object;[Lcom/google/common/collect/ImmutableMapEntry;I)Ljava/lang/Object; @ 5 c2
Event: 3432.960 Thread 0x000002301be16000 Uncommon trap: reason=unstable_if action=reinterpret pc=0x000002300832ed7c method=rl7.hasNext()Z @ 63 c2
Event: 3432.960 Thread 0x000002301be16000 Uncommon trap: reason=unstable_if action=reinterpret pc=0x00000230086f8cdc method=rl7.kk()Lpk; @ 84 c2
Event: 3438.177 Thread 0x000002301bc56000 Uncommon trap: reason=bimorphic_or_optimized_type_check action=maybe_recompile pc=0x0000023008c21e98 method=javax.swing.ToolTipManager.mouseMoved(Ljava/awt/event/MouseEvent;)V @ 33 c2
Event: 3455.839 Thread 0x000002301be16000 Uncommon trap: reason=unstable_if action=reinterpret pc=0x000002300866a94c method=sun.java2d.d3d.D3DScreenUpdateManager.createGraphics(Lsun/java2d/SurfaceData;Lsun/awt/windows/WComponentPeer;Ljava/awt/Color;Ljava/awt/Color;Ljava/awt/Font;)Ljava/awt/Graphi
Event: 3455.852 Thread 0x0000023021717000 Uncommon trap: reason=unstable_if action=reinterpret pc=0x0000023008ca6d80 method=ow.a(I)Z @ 4 c2

Classes redefined (0 events):
No events

Internal exceptions (10 events):
Event: 2785.766 Thread 0x000002301bc56000 Implicit null exception at 0x0000023008bd3088 to 0x0000023008bd5312
Event: 2961.057 Thread 0x000002302170e000 Implicit null exception at 0x0000023008b4cad3 to 0x0000023008b4d24e
Event: 3090.371 Thread 0x000002301be15000 Implicit null exception at 0x0000023008403b23 to 0x0000023008407db2
Event: 3369.685 Thread 0x000002301be17000 Exception <a 'java/net/SocketException'{0x00000007101c12b0}: Socket closed> (0x00000007101c12b0) thrown at [./open/src/hotspot/share/prims/jni.cpp, line 632]
Event: 3392.243 Thread 0x000002301be16000 Implicit null exception at 0x00000230021dd8f5 to 0x00000230021df4fb
Event: 3392.243 Thread 0x000002301be16000 Exception <a 'java/lang/NullPointerException'{0x0000000713028980}> (0x0000000713028980) thrown at [./open/src/hotspot/share/runtime/sharedRuntime.cpp, line 584]
Event: 3432.959 Thread 0x000002301be16000 Implicit null exception at 0x000002300808315a to 0x000002300808335e
Event: 3432.960 Thread 0x000002301be16000 Implicit null exception at 0x0000023007ccc3be to 0x0000023007ccc54e
Event: 3455.848 Thread 0x000002301be16000 Exception <a 'java/lang/RuntimeException'{0x0000000713b65cd0}: unable to SwapBuffers (6)> (0x0000000713b65cd0) thrown at [./open/src/hotspot/share/prims/jni.cpp, line 632]
Event: 3455.853 Thread 0x0000023021716800 Exception <a 'java/net/SocketException'{0x00000007139712b0}: Socket closed> (0x00000007139712b0) thrown at [./open/src/hotspot/share/prims/jni.cpp, line 632]

Events (10 events):
Event: 3455.931 Thread 0x000002301be16000 Thread added: 0x000002301be16000
Event: 3455.931 Thread 0x000002301be17800 Thread added: 0x000002301be17800
Event: 3455.931 Thread 0x000002301be1b000 Thread added: 0x000002301be1b000
Event: 3455.931 Executing VM operation: RevokeBias
Event: 3455.931 Executing VM operation: RevokeBias done
Event: 3455.932 Executing VM operation: RevokeBias
Event: 3455.932 Executing VM operation: RevokeBias done
Event: 3455.932 Thread 0x000002301be18800 Thread added: 0x000002301be18800
Event: 3455.933 Thread 0x0000023021719000 Thread exited: 0x0000023021719000
Event: 3455.935 Executing VM operation: Exit


Dynamic libraries:
0x00007ff66eb00000 - 0x00007ff66eb0f000 	C:\Program Files\Java\jdk-11.0.9\bin\java.exe
0x00007ff8ca830000 - 0x00007ff8caa44000 	C:\WINDOWS\SYSTEM32\ntdll.dll
0x00007ff8c8630000 - 0x00007ff8c86f2000 	C:\WINDOWS\System32\KERNEL32.DLL
0x00007ff8c8290000 - 0x00007ff8c862c000 	C:\WINDOWS\System32\KERNELBASE.dll
0x00007ff8c7d70000 - 0x00007ff8c7e81000 	C:\WINDOWS\System32\ucrtbase.dll
0x00007ff8b6260000 - 0x00007ff8b6278000 	C:\Program Files\Java\jdk-11.0.9\bin\jli.dll
0x00007ff8b6140000 - 0x00007ff8b6155000 	C:\Program Files\Java\jdk-11.0.9\bin\VCRUNTIME140.dll
0x00007ff8c8700000 - 0x00007ff8c87ae000 	C:\WINDOWS\System32\ADVAPI32.dll
0x00007ff8c9ed0000 - 0x00007ff8c9f77000 	C:\WINDOWS\System32\msvcrt.dll
0x00007ff8c91d0000 - 0x00007ff8c9274000 	C:\WINDOWS\System32\sechost.dll
0x00007ff8c8a10000 - 0x00007ff8c8b25000 	C:\WINDOWS\System32\RPCRT4.dll
0x00007ff8c8b30000 - 0x00007ff8c8cda000 	C:\WINDOWS\System32\USER32.dll
0x00007ff8a8740000 - 0x00007ff8a89ce000 	C:\WINDOWS\WinSxS\amd64_microsoft.windows.common-controls_6595b64144ccf1df_6.0.22621.608_none_a9444ca7c10bb01d\COMCTL32.dll
0x00007ff8c8820000 - 0x00007ff8c8849000 	C:\WINDOWS\System32\GDI32.dll
0x00007ff8c80c0000 - 0x00007ff8c80e6000 	C:\WINDOWS\System32\win32u.dll
0x00007ff8c80f0000 - 0x00007ff8c8202000 	C:\WINDOWS\System32\gdi32full.dll
0x00007ff8c7c60000 - 0x00007ff8c7cfa000 	C:\WINDOWS\System32\msvcp_win.dll
0x00007ff8bb930000 - 0x00007ff8bb93a000 	C:\WINDOWS\SYSTEM32\VERSION.dll
0x00007ff8ca460000 - 0x00007ff8ca491000 	C:\WINDOWS\System32\IMM32.DLL
0x00007ff8738b0000 - 0x00007ff87394b000 	C:\Program Files\Java\jdk-11.0.9\bin\msvcp140.dll
0x00007ff846330000 - 0x00007ff846e27000 	C:\Program Files\Java\jdk-11.0.9\bin\server\jvm.dll
0x00007ff8ca500000 - 0x00007ff8ca508000 	C:\WINDOWS\System32\PSAPI.DLL
0x00007ff8bc340000 - 0x00007ff8bc374000 	C:\WINDOWS\SYSTEM32\WINMM.dll
0x00007ff89ffd0000 - 0x00007ff89ffd9000 	C:\WINDOWS\SYSTEM32\WSOCK32.dll
0x00007ff8ca510000 - 0x00007ff8ca581000 	C:\WINDOWS\System32\WS2_32.dll
0x00007ff8c6dd0000 - 0x00007ff8c6de8000 	C:\WINDOWS\SYSTEM32\kernel.appcore.dll
0x00007ff8bfbe0000 - 0x00007ff8bfbf0000 	C:\Program Files\Java\jdk-11.0.9\bin\verify.dll
0x00007ff8c5030000 - 0x00007ff8c525e000 	C:\WINDOWS\SYSTEM32\DBGHELP.DLL
0x00007ff8ca010000 - 0x00007ff8ca399000 	C:\WINDOWS\System32\combase.dll
0x00007ff8ca710000 - 0x00007ff8ca7e7000 	C:\WINDOWS\System32\OLEAUT32.dll
0x00007ff8ba020000 - 0x00007ff8ba052000 	C:\WINDOWS\SYSTEM32\dbgcore.DLL
0x00007ff8c8210000 - 0x00007ff8c828b000 	C:\WINDOWS\System32\bcryptPrimitives.dll
0x00007ff8b4cc0000 - 0x00007ff8b4ce8000 	C:\Program Files\Java\jdk-11.0.9\bin\java.dll
0x00007ff8b6130000 - 0x00007ff8b613a000 	C:\Program Files\Java\jdk-11.0.9\bin\jimage.dll
0x00007ff8a53e0000 - 0x00007ff8a5418000 	C:\Program Files\Java\jdk-11.0.9\bin\jdwp.dll
0x00007ff8b4c90000 - 0x00007ff8b4c9e000 	C:\Program Files\Java\jdk-11.0.9\bin\instrument.dll
0x00007ff8b4ca0000 - 0x00007ff8b4cb6000 	C:\Program Files\Java\jdk-11.0.9\bin\zip.dll
0x00007ff8c95d0000 - 0x00007ff8c9dad000 	C:\WINDOWS\System32\SHELL32.dll
0x00007ff8c5c90000 - 0x00007ff8c6547000 	C:\WINDOWS\SYSTEM32\windows.storage.dll
0x00007ff8c5b40000 - 0x00007ff8c5c7d000 	C:\WINDOWS\SYSTEM32\wintypes.dll
0x00007ff8c9280000 - 0x00007ff8c9371000 	C:\WINDOWS\System32\SHCORE.dll
0x00007ff8ca4a0000 - 0x00007ff8ca4fe000 	C:\WINDOWS\System32\shlwapi.dll
0x00007ff8c7b90000 - 0x00007ff8c7bb1000 	C:\WINDOWS\SYSTEM32\profapi.dll
0x00007ff8ab6b0000 - 0x00007ff8ab6ba000 	C:\Program Files\Java\jdk-11.0.9\bin\dt_socket.dll
0x00007ff8c7230000 - 0x00007ff8c7299000 	C:\WINDOWS\system32\mswsock.dll
0x00007ff8b4c70000 - 0x00007ff8b4c89000 	C:\Program Files\Java\jdk-11.0.9\bin\net.dll
0x00007ff8be020000 - 0x00007ff8be14f000 	C:\WINDOWS\SYSTEM32\WINHTTP.dll
0x00007ff8ab560000 - 0x00007ff8ab572000 	C:\Program Files\Java\jdk-11.0.9\bin\nio.dll
0x00007ff8aa560000 - 0x00007ff8aa56d000 	C:\Program Files\Java\jdk-11.0.9\bin\sunmscapi.dll
0x00007ff8c7e90000 - 0x00007ff8c7ff6000 	C:\WINDOWS\System32\CRYPT32.dll
0x00007ff8c75e0000 - 0x00007ff8c760d000 	C:\WINDOWS\SYSTEM32\ncrypt.dll
0x00007ff8c75a0000 - 0x00007ff8c75d7000 	C:\WINDOWS\SYSTEM32\NTASN1.dll
0x00007ff8aa1d0000 - 0x00007ff8aa1f5000 	C:\Program Files\Java\jdk-11.0.9\bin\sunec.dll
0x00007ff8c7470000 - 0x00007ff8c748b000 	C:\WINDOWS\SYSTEM32\CRYPTSP.dll
0x00007ff8c6d40000 - 0x00007ff8c6d75000 	C:\WINDOWS\system32\rsaenh.dll
0x00007ff8c7320000 - 0x00007ff8c7348000 	C:\WINDOWS\SYSTEM32\USERENV.dll
0x00007ff8c7610000 - 0x00007ff8c7638000 	C:\WINDOWS\SYSTEM32\bcrypt.dll
0x00007ff8c7490000 - 0x00007ff8c749c000 	C:\WINDOWS\SYSTEM32\CRYPTBASE.dll
0x00007ff8c6850000 - 0x00007ff8c687d000 	C:\WINDOWS\SYSTEM32\IPHLPAPI.DLL
0x00007ff8c9400000 - 0x00007ff8c9409000 	C:\WINDOWS\System32\NSI.dll
0x00007ff8bd050000 - 0x00007ff8bd069000 	C:\WINDOWS\SYSTEM32\dhcpcsvc6.DLL
0x00007ff8bcff0000 - 0x00007ff8bd00f000 	C:\WINDOWS\SYSTEM32\dhcpcsvc.DLL
0x00007ff8c6880000 - 0x00007ff8c6972000 	C:\WINDOWS\SYSTEM32\DNSAPI.dll
0x00007ff852c80000 - 0x00007ff852e1a000 	C:\Program Files\Java\jdk-11.0.9\bin\awt.dll
0x00007ff8c10b0000 - 0x00007ff8c1147000 	C:\WINDOWS\SYSTEM32\apphelp.dll
0x00007ff8c11d0000 - 0x00007ff8c127b000 	C:\WINDOWS\system32\uxtheme.dll
0x00007ff8c9db0000 - 0x00007ff8c9ece000 	C:\WINDOWS\System32\MSCTF.dll
0x00007ff8c9420000 - 0x00007ff8c95bc000 	C:\WINDOWS\System32\ole32.dll
0x00007ff8c1450000 - 0x00007ff8c147b000 	C:\WINDOWS\system32\DWMAPI.DLL
0x00007ff8b1410000 - 0x00007ff8b1510000 	C:\WINDOWS\system32\opengl32.dll
0x00007ff8b5010000 - 0x00007ff8b503d000 	C:\WINDOWS\SYSTEM32\GLU32.dll
0x00007ff8c4f00000 - 0x00007ff8c4f36000 	C:\WINDOWS\SYSTEM32\dxcore.dll
0x00007ff8825e0000 - 0x00007ff882662000 	C:\Program Files\Java\jdk-11.0.9\bin\freetype.dll
0x00007ff856f90000 - 0x00007ff857036000 	C:\Program Files\Java\jdk-11.0.9\bin\fontmanager.dll
0x00007ff8ab580000 - 0x00007ff8ab6ad000 	C:\WINDOWS\SYSTEM32\textinputframework.dll
0x00007ff8c0940000 - 0x00007ff8c0a73000 	C:\WINDOWS\SYSTEM32\CoreMessaging.dll
0x00007ff8bb260000 - 0x00007ff8bb5cc000 	C:\WINDOWS\SYSTEM32\CoreUIComponents.dll
0x00007ff8aa580000 - 0x00007ff8aa589000 	C:\Program Files\Java\jdk-11.0.9\bin\management.dll
0x00007ff8aa570000 - 0x00007ff8aa57b000 	C:\Program Files\Java\jdk-11.0.9\bin\management_ext.dll
0x00007ff8bc330000 - 0x00007ff8bc33a000 	C:\Windows\System32\rasadhlp.dll
0x00007ff8bc220000 - 0x00007ff8bc2a3000 	C:\WINDOWS\System32\fwpuclnt.dll
0x00007ff882790000 - 0x00007ff8827d4000 	C:\Users\matma\AppData\Local\Temp\jna-103668468\jna13886401409948042073.dll
0x00007ff865350000 - 0x00007ff8653ec000 	C:\Users\matma\AppData\Local\Temp\jna-103668468\jna9050152390704693885.dll
0x00007ff8a9c30000 - 0x00007ff8a9c41000 	C:\Program Files\Java\jdk-11.0.9\bin\jsound.dll
0x00007ff8b4850000 - 0x00007ff8b48f2000 	C:\WINDOWS\SYSTEM32\DSOUND.dll
0x00007ff8b4320000 - 0x00007ff8b43d1000 	C:\WINDOWS\SYSTEM32\ResampleDmo.DLL
0x00007ff8c6ba0000 - 0x00007ff8c6bed000 	C:\WINDOWS\SYSTEM32\powrprof.dll
0x00007ff8a40f0000 - 0x00007ff8a4119000 	C:\WINDOWS\SYSTEM32\winmmbase.dll
0x00007ff8ab120000 - 0x00007ff8ab12b000 	C:\WINDOWS\SYSTEM32\msdmo.dll
0x00007ff8c6b80000 - 0x00007ff8c6b93000 	C:\WINDOWS\SYSTEM32\UMPDC.dll
0x00007ff8ca3a0000 - 0x00007ff8ca457000 	C:\WINDOWS\System32\clbcatq.dll
0x00007ff8b1990000 - 0x00007ff8b1a2d000 	C:\WINDOWS\System32\MMDevApi.dll
0x00007ff8c7920000 - 0x00007ff8c794c000 	C:\WINDOWS\System32\DEVOBJ.dll
0x00007ff8c7950000 - 0x00007ff8c799f000 	C:\WINDOWS\SYSTEM32\cfgmgr32.dll
0x00007ff8811d0000 - 0x00007ff881216000 	C:\WINDOWS\SYSTEM32\wdmaud.drv
0x00007ff89dea0000 - 0x00007ff89dea9000 	C:\WINDOWS\SYSTEM32\ksuser.dll
0x00007ff8bce10000 - 0x00007ff8bce1b000 	C:\WINDOWS\SYSTEM32\AVRT.dll
0x00007ff8aba50000 - 0x00007ff8abc34000 	C:\WINDOWS\SYSTEM32\AUDIOSES.DLL
0x00007ff8a9c20000 - 0x00007ff8a9c2e000 	C:\WINDOWS\SYSTEM32\msacm32.drv
0x00007ff8a65f0000 - 0x00007ff8a660e000 	C:\WINDOWS\SYSTEM32\MSACM32.dll
0x00007ff8a8b50000 - 0x00007ff8a8b5b000 	C:\WINDOWS\SYSTEM32\midimap.dll
0x00007ff8c5770000 - 0x00007ff8c5785000 	C:\WINDOWS\SYSTEM32\resourcepolicyclient.dll
0x00007ff8b1650000 - 0x00007ff8b17c4000 	C:\Windows\System32\Windows.UI.dll
0x00007ff8a7af0000 - 0x00007ff8a7b1d000 	C:\Program Files\Java\jdk-11.0.9\bin\javajpeg.dll
0x00007ff87bdc0000 - 0x00007ff87be3f000 	C:\Program Files\Java\jdk-11.0.9\bin\mlib_image.dll
0x00007ff8a85e0000 - 0x00007ff8a85e7000 	C:\Program Files\Java\jdk-11.0.9\bin\jawt.dll
0x00007ff885440000 - 0x00007ff885467000 	C:\Users\matma\AppData\Local\Temp\7578400562760265895rlawt.dll
0x00007ff8c4de0000 - 0x00007ff8c4ded000 	C:\WINDOWS\SYSTEM32\WINNSI.DLL
0x00007ff8bf190000 - 0x00007ff8bf340000 	C:\WINDOWS\SYSTEM32\WindowsCodecs.dll
0x00007ff8aa6c0000 - 0x00007ff8aa71e000 	C:\WINDOWS\system32\dataexchange.dll
0x00007ff8b9a80000 - 0x00007ff8b9cea000 	C:\WINDOWS\system32\twinapi.appcore.dll
0x00007ff8bcdc0000 - 0x00007ff8bce09000 	C:\WINDOWS\SYSTEM32\directxdatabasehelper.dll
0x00007ff8bdaa0000 - 0x00007ff8bdb5d000 	C:\WINDOWS\SYSTEM32\mscms.dll
0x00007ff8bca30000 - 0x00007ff8bcb5c000 	C:\Windows\System32\AppXDeploymentClient.dll
0x00007ff8b4e40000 - 0x00007ff8b4e89000 	C:\WINDOWS\SYSTEM32\icm32.dll
0x00007ff8290a0000 - 0x00007ff82a150000 	C:\WINDOWS\System32\DriverStore\FileRepository\iigd_dch.inf_amd64_a4e86d7e8f40267a\igxelpicd64.dll
0x00007ff8c1340000 - 0x00007ff8c1437000 	C:\WINDOWS\system32\dxgi.dll
0x00007ff850be0000 - 0x00007ff850d05000 	C:\WINDOWS\System32\DriverStore\FileRepository\iigd_dch.inf_amd64_a4e86d7e8f40267a\igdml64.dll
0x00007ff8b63c0000 - 0x00007ff8b67d2000 	C:\WINDOWS\System32\DriverStore\FileRepository\iigd_dch.inf_amd64_a4e86d7e8f40267a\igdgmm64.dll
0x00007ff8c7d00000 - 0x00007ff8c7d69000 	C:\WINDOWS\System32\WINTRUST.dll
0x00007ff8c7900000 - 0x00007ff8c7912000 	C:\WINDOWS\SYSTEM32\MSASN1.dll
0x00007ff8accf0000 - 0x00007ff8b1140000 	C:\WINDOWS\System32\DriverStore\FileRepository\iigd_dch.inf_amd64_a4e86d7e8f40267a\igc64.dll
0x00007ff87b960000 - 0x00007ff87b9d5000 	C:\Users\matma\AppData\Local\Temp\lwjgl-rl-amd64\3.3.1-build-7\lwjgl.dll
0x00007ff8757a0000 - 0x00007ff8757fd000 	C:\Users\matma\AppData\Local\Temp\lwjgl-rl-amd64\3.3.1-build-7\lwjgl_opengl.dll
0x00007ff8b2400000 - 0x00007ff8b24b0000 	C:\WINDOWS\SYSTEM32\TextShaping.dll

dbghelp: loaded successfully - version: 4.0.5 - missing functions: none
symbol engine: initialized successfully - sym options: 0x614 - pdb path: .;C:\Program Files\Java\jdk-11.0.9\bin;C:\WINDOWS\SYSTEM32;C:\WINDOWS\WinSxS\amd64_microsoft.windows.common-controls_6595b64144ccf1df_6.0.22621.608_none_a9444ca7c10bb01d;C:\Program Files\Java\jdk-11.0.9\bin\server;C:\Users\matma\AppData\Local\Temp\jna-103668468;C:\Users\matma\AppData\Local\Temp;C:\WINDOWS\System32\DriverStore\FileRepository\iigd_dch.inf_amd64_a4e86d7e8f40267a;C:\Users\matma\AppData\Local\Temp\lwjgl-rl-amd64\3.3.1-build-7

VM Arguments:
jvm_args: -agentlib:jdwp=transport=dt_socket,address=127.0.0.1:50675,suspend=y,server=n -javaagent:C:\Users\matma\AppData\Local\JetBrains\IdeaIC2022.2\captureAgent\debugger-agent.jar -Dfile.encoding=UTF-8 
java_command: net.runelite.client.RuneLite
java_class_path (initial): C:\Users\matma\IdeaProjects\runelite\runelite-client\target\classes;C:\Users\matma\.m2\repository\org\slf4j\slf4j-api\1.7.25\slf4j-api-1.7.25.jar;C:\Users\matma\.m2\repository\ch\qos\logback\logback-classic\1.2.9\logback-classic-1.2.9.jar;C:\Users\matma\.m2\repository\ch\qos\logback\logback-core\1.2.9\logback-core-1.2.9.jar;C:\Users\matma\.m2\repository\net\sf\jopt-simple\jopt-simple\5.0.1\jopt-simple-5.0.1.jar;C:\Users\matma\.m2\repository\com\google\guava\guava\23.2-jre\guava-23.2-jre.jar;C:\Users\matma\.m2\repository\com\google\inject\guice\4.1.0\guice-4.1.0-no_aop.jar;C:\Users\matma\.m2\repository\javax\inject\javax.inject\1\javax.inject-1.jar;C:\Users\matma\.m2\repository\aopalliance\aopalliance\1.0\aopalliance-1.0.jar;C:\Users\matma\.m2\repository\com\google\code\gson\gson\2.8.5\gson-2.8.5.jar;C:\Users\matma\.m2\repository\net\runelite\pushingpixels\substance\8.0.02\substance-8.0.02.jar;C:\Users\matma\.m2\repository\net\runelite\pushingpixels\trident\1.5.00\trident-1.5.00.jar;C:\Users\matma\.m2\repository\org\apache\commons\commons-text\1.2\commons-text-1.2.jar;C:\Users\matma\.m2\repository\org\apache\commons\commons-lang3\3.7\commons-lang3-3.7.jar;C:\Users\matma\.m2\repository\net\runelite\archive-patcher\archive-patcher-applier\1.2\archive-patcher-applier-1.2.jar;C:\Users\matma\.m2\repository\net\java\dev\jna\jna\5.9.0\jna-5.9.0.jar;C:\Users\matma\.m2\repository\net\java\dev\jna\jna-platform\5.9.0\jna-platform-5.9.0.jar;C:\Users\matma\.m2\repository\com\google\code\findbugs\jsr305\3.0.2\jsr305-3.0.2.jar;C:\Users\matma\.m2\repository\com\google\protobuf\protobuf-javalite\3.21.1\protobuf-javalite-3.21.1.jar;C:\Users\matma\.m2\repository\net\runelite\rlawt\1.3\rlawt-1.3.jar;C:\Users\matma\.m2\repository\net\runelite\jocl\jocl\1.0\jocl-1.0.jar;C:\Users\matma\.m2\repository\net\runelite\jocl\jocl\1.0\jocl-1.0-macos-x64.jar;C:\Users\matma\.m2\repository\net\runelite\jocl\jocl\1.0\jocl-1.0-macos-arm64.jar;C:\Users\matma\.m2\repository\o
Launcher Type: SUN_STANDARD

[Global flags]
     intx CICompilerCount                          = 4                                         {product} {ergonomic}
     uint ConcGCThreads                            = 3                                         {product} {ergonomic}
     uint G1ConcRefinementThreads                  = 10                                        {product} {ergonomic}
   size_t G1HeapRegionSize                         = 1048576                                   {product} {ergonomic}
    uintx GCDrainStackTargetSize                   = 64                                        {product} {ergonomic}
   size_t InitialHeapSize                          = 264241152                                 {product} {ergonomic}
   size_t MarkStackSize                            = 4194304                                   {product} {ergonomic}
   size_t MaxHeapSize                              = 4227858432                                {product} {ergonomic}
   size_t MaxNewSize                               = 2536505344                                {product} {ergonomic}
   size_t MinHeapDeltaBytes                        = 1048576                                   {product} {ergonomic}
    uintx NonNMethodCodeHeapSize                   = 5836300                                {pd product} {ergonomic}
    uintx NonProfiledCodeHeapSize                  = 122910970                              {pd product} {ergonomic}
    uintx ProfiledCodeHeapSize                     = 122910970                              {pd product} {ergonomic}
    uintx ReservedCodeCacheSize                    = 251658240                              {pd product} {ergonomic}
     bool SegmentedCodeCache                       = true                                      {product} {ergonomic}
     bool UseCompressedClassPointers               = true                                 {lp64_product} {ergonomic}
     bool UseCompressedOops                        = true                                 {lp64_product} {ergonomic}
     bool UseG1GC                                  = true                                      {product} {ergonomic}
     bool UseLargePagesIndividualAllocation        = false                                  {pd product} {ergonomic}

Logging:
Log output configuration:
 #0: stdout all=warning uptime,level,tags
 #1: stderr all=off uptime,level,tags

Environment Variables:
JAVA_HOME=C:\Program Files\Java\jdk-11.0.9
PATH=C:\Program Files\Common Files\Oracle\Java\javapath;C:\Program Files (x86)\Common Files\Oracle\Java\javapath;C:\Windows\system32;C:\Windows;C:\Windows\System32\Wbem;C:\Windows\System32\WindowsPowerShell\v1.0\;C:\Windows\System32\OpenSSH\;C:\Program Files (x86)\NVIDIA Corporation\PhysX\Common;C:\Program Files\NVIDIA Corporation\NVIDIA NvDLISR;C:\WINDOWS\system32;C:\WINDOWS;C:\WINDOWS\System32\Wbem;C:\WINDOWS\System32\WindowsPowerShell\v1.0\;C:\WINDOWS\System32\OpenSSH\;C:\Program Files\dotnet\;C:\ProgramData\chocolatey\bin;C:\Program Files\Git\cmd;C:\Program Files\nodejs\;C:\Users\matma\AppData\Local\Android\Sdk\platform-tools;;C:\Program Files (x86)\gnupg\bin;C:\Users\matma\AppData\Local\Microsoft\WindowsApps;;C:\Users\matma\AppData\Local\Programs\Microsoft VS Code\bin;C:\Users\matma\AppData\Roaming\npm
USERNAME=matma
OS=Windows_NT
PROCESSOR_IDENTIFIER=Intel64 Family 6 Model 141 Stepping 1, GenuineIntel



---------------  S Y S T E M  ---------------

OS: Windows 10 , 64 bit Build 22621 (10.0.22621.608)
HyperV virtualization detected

CPU:total 12 (initial active 12) (6 cores per cpu, 2 threads per core) family 6 model 141 stepping 1, cmov, cx8, fxsr, mmx, sse, sse2, sse3, ssse3, sse4.1, sse4.2, popcnt, avx, avx2, aes, clmul, erms, 3dnowpref, lzcnt, ht, tsc, tscinvbit, bmi1, bmi2, adx, evex, sha, fma

Memory: 4k page, system-wide physical 16122M (3211M free)
TotalPageFile size 24058M (AvailPageFile size 5697M)
current process WorkingSet (physical memory assigned to process): 647M, peak: 933M
current process commit charge ("private bytes"): 765M, peak: 911M

vm_info: Java HotSpot(TM) 64-Bit Server VM (11.0.9+7-LTS) for windows-amd64 JRE (11.0.9+7-LTS), built on Sep 15 2020 16:47:03 by "mach5one" with MS VC++ 15.9 (VS2017)

END.
