#
# A fatal error has been detected by the Java Runtime Environment:
#
#  EXCEPTION_ACCESS_VIOLATION (0xc0000005) at pc=0x00007ffe3d750e0e, pid=3284, tid=0x000000000000255c
#
# JRE version: Java(TM) SE Runtime Environment (8.0_201-b09) (build 1.8.0_201-b09)
# Java VM: Java HotSpot(TM) 64-Bit Server VM (25.201-b09 mixed mode windows-amd64 compressed oops)
# Problematic frame:
# C  [ig9icd64.dll+0x190e0e]
#
# Failed to write core dump. Minidumps are not enabled by default on client versions of Windows
#
# If you would like to submit a bug report, please visit:
#   http://bugreport.java.com/bugreport/crash.jsp
# The crash happened outside the Java Virtual Machine in native code.
# See problematic frame for where to report the bug.
#

---------------  T H R E A D  ---------------

Current thread (0x0000000020161000):  JavaThread "Thread-5" daemon [_thread_in_native, id=9564, stack(0x0000000027780000,0x0000000027880000)]

siginfo: ExceptionCode=0xc0000005, reading address 0x0000000000000008

Registers:
RAX=0x0000000000000000, RBX=0x00007ffe3daa9290, RCX=0x0000000024216f10, RDX=0x0000000033136c00
RSP=0x000000002787e610, RBP=0x000000002787e880, RSI=0x000000002787e840, RDI=0x0000000000000000
R8 =0x0000000009770000, R9 =0x0000000000000000, R10=0x000000002787e9c0, R11=0x000000002787e7a8
R12=0x0000000000000007, R13=0x0000000000000000, R14=0x000000002787eb10, R15=0x000000002787e8c0
RIP=0x00007ffe3d750e0e, EFLAGS=0x0000000000010246

Top of Stack: (sp=0x000000002787e610)
0x000000002787e610:   0000000033230420 0000000033136c00
0x000000002787e620:   0000000024262f40 000000002787e738
0x000000002787e630:   0000000000000000 000000002787e880
0x000000002787e640:   000000002787e670 000000002787e6b0
0x000000002787e650:   000000002787e6f8 000000002787e680
0x000000002787e660:   000000002787e718 000000002787e690
0x000000002787e670:   000000002787e800 000000002787e770
0x000000002787e680:   0000000000000ef8 000000002a6c5840
0x000000002787e690:   0000000033a1b940 0000000033a1b940
0x000000002787e6a0:   000000002a6c5560 00007ffe3ded165c
0x000000002787e6b0:   0000000033a1afa0 0000000037350740
0x000000002787e6c0:   0000000033a1b940 0000000024259fd0
0x000000002787e6d0:   000000002787e8c0 000000002787e9c0
0x000000002787e6e0:   0000000033c03660 0000000033c03660
0x000000002787e6f0:   0000000000000000 0000000037350740
0x000000002787e700:   000000002787e759 00007ffe3d6066d6 

Instructions: (pc=0x00007ffe3d750e0e)
0x00007ffe3d750dee:   48 85 c9 74 06 48 8b 41 20 eb 15 48 8b 80 98 00
0x00007ffe3d750dfe:   00 00 48 85 c0 74 06 48 8b 40 20 eb 03 48 8b c7
0x00007ffe3d750e0e:   48 8b 48 08 48 85 c9 74 54 81 79 14 5d 01 00 00
0x00007ffe3d750e1e:   75 4b 81 26 ff ff 97 f6 81 0e 00 00 94 06 8b 81 


Register to memory mapping:

RAX=0x0000000000000000 is an unknown value
RBX=0x00007ffe3daa9290 is an unknown value
RCX=0x0000000024216f10 is an unknown value
RDX=0x0000000033136c00 is an unknown value
RSP=0x000000002787e610 is pointing into the stack for thread: 0x0000000020161000
RBP=0x000000002787e880 is pointing into the stack for thread: 0x0000000020161000
RSI=0x000000002787e840 is pointing into the stack for thread: 0x0000000020161000
RDI=0x0000000000000000 is an unknown value
R8 =0x0000000009770000 is an unknown value
R9 =0x0000000000000000 is an unknown value
R10=0x000000002787e9c0 is pointing into the stack for thread: 0x0000000020161000
R11=0x000000002787e7a8 is pointing into the stack for thread: 0x0000000020161000
R12=0x0000000000000007 is an unknown value
R13=0x0000000000000000 is an unknown value
R14=0x000000002787eb10 is pointing into the stack for thread: 0x0000000020161000
R15=0x000000002787e8c0 is pointing into the stack for thread: 0x0000000020161000


Stack: [0x0000000027780000,0x0000000027880000],  sp=0x000000002787e610,  free space=1017k
Native frames: (J=compiled Java code, j=interpreted, Vv=VM code, C=native code)
C  [ig9icd64.dll+0x190e0e]
C  [ig9icd64.dll+0x4a0cbd]
C  [ig9icd64.dll+0x4a4d27]
C  [ig9icd64.dll+0x398298]
C  [ig9icd64.dll+0x353cc5]
C  [ig9icd64.dll+0x152415]
C  [ig9icd64.dll+0x143304]
C  [ig9icd64.dll+0x13ff36]
C  0x0000000003a31457

Java frames: (J=compiled Java code, j=interpreted, Vv=VM code)
J 6818  jogamp.opengl.gl4.GL4bcImpl.dispatch_glTexSubImage2D1(IIIIIIIILjava/lang/Object;IZJ)V (0 bytes) @ 0x0000000003a313d9 [0x0000000003a31340+0x99]
J 10344 C2 net.runelite.client.plugins.gpu.GpuPlugin.drawUi(II)V (561 bytes) @ 0x0000000003a12cbc [0x0000000003a12800+0x4bc]
J 9202 C2 net.runelite.client.plugins.gpu.GpuPlugin.draw()V (2777 bytes) @ 0x00000000044a3560 [0x00000000044a0e60+0x2700]
J 6702 C1 ah.onPost(Ljava/lang/Object;)V (20 bytes) @ 0x00000000039c197c [0x00000000039c1840+0x13c]
j  ah.p(Ljava/lang/Object;I)V+2
j  ah.run()V+380
j  java.lang.Thread.run()V+11
v  ~StubRoutines::call_stub

---------------  P R O C E S S  ---------------

Java Threads: ( => current thread )
  0x000000002317b000 JavaThread "Thread-1" daemon [_thread_in_native, id=13120, stack(0x00000000605e0000,0x00000000606e0000)]
  0x0000000023172800 JavaThread "Okio Watchdog" daemon [_thread_blocked, id=7764, stack(0x000000005ffe0000,0x00000000600e0000)]
  0x0000000023176800 JavaThread "Thread-27" daemon [_thread_blocked, id=15696, stack(0x0000000039a00000,0x0000000039b00000)]
  0x0000000023174000 JavaThread "Thread-26" daemon [_thread_in_native, id=19284, stack(0x0000000039900000,0x0000000039a00000)]
  0x0000000023178800 JavaThread "Thread-18" daemon [_thread_blocked, id=20124, stack(0x0000000038700000,0x0000000038800000)]
  0x000000002317b800 JavaThread "pool-5-thread-1" [_thread_blocked, id=10076, stack(0x000000002a040000,0x000000002a140000)]
  0x0000000023177000 JavaThread "Java Sound Event Dispatcher" daemon [_thread_blocked, id=6292, stack(0x0000000029c40000,0x0000000029d40000)]
  0x000000002317e000 JavaThread "DestroyJavaVM" [_thread_blocked, id=9408, stack(0x00000000022c0000,0x00000000023c0000)]
  0x000000002316f800 JavaThread "TimerQueue" daemon [_thread_blocked, id=17396, stack(0x00000000297c0000,0x00000000298c0000)]
  0x0000000023175800 JavaThread "pool-4-thread-1" [_thread_blocked, id=8620, stack(0x00000000294c0000,0x00000000295c0000)]
  0x0000000023170800 JavaThread "Thread-12" daemon [_thread_blocked, id=11792, stack(0x0000000028dc0000,0x0000000028ec0000)]
  0x0000000023175000 JavaThread "Trident pulse source thread" daemon [_thread_blocked, id=3668, stack(0x00000000282c0000,0x00000000283c0000)]
  0x0000000023173800 JavaThread "Trident callback thread" daemon [_thread_blocked, id=2736, stack(0x00000000281c0000,0x00000000282c0000)]
  0x0000000023172000 JavaThread "Substance heap status" daemon [_thread_blocked, id=12284, stack(0x0000000027b80000,0x0000000027c80000)]
  0x0000000023171000 JavaThread "Thread-6" daemon [_thread_blocked, id=18416, stack(0x0000000027880000,0x0000000027980000)]
=>0x0000000020161000 JavaThread "Thread-5" daemon [_thread_in_native, id=9564, stack(0x0000000027780000,0x0000000027880000)]
  0x0000000020160800 JavaThread "Thread-4" daemon [_thread_blocked, id=16308, stack(0x0000000027680000,0x0000000027780000)]
  0x000000002015d800 JavaThread "AWT-EventQueue-0" [_thread_blocked, id=8248, stack(0x0000000026b80000,0x0000000026c80000)]
  0x000000002015f000 JavaThread "AWT-Shutdown" [_thread_blocked, id=13796, stack(0x0000000026a80000,0x0000000026b80000)]
  0x0000000020162800 JavaThread "AWT-Windows" daemon [_thread_in_native, id=18816, stack(0x0000000024270000,0x0000000024370000)]
  0x000000002015e000 JavaThread "Java2D Disposer" daemon [_thread_blocked, id=19700, stack(0x0000000023f70000,0x0000000024070000)]
  0x0000000020162000 JavaThread "OkHttp ConnectionPool" daemon [_thread_blocked, id=21368, stack(0x00000000214c0000,0x00000000215c0000)]
  0x000000001f605800 JavaThread "pool-2-thread-1" [_thread_blocked, id=16976, stack(0x00000000210c0000,0x00000000211c0000)]
  0x000000001e0ca800 JavaThread "Service Thread" daemon [_thread_blocked, id=13380, stack(0x000000001ec70000,0x000000001ed70000)]
  0x000000001e0da800 JavaThread "C1 CompilerThread3" daemon [_thread_blocked, id=3124, stack(0x000000001eb70000,0x000000001ec70000)]
  0x000000001e0d2000 JavaThread "C2 CompilerThread2" daemon [_thread_blocked, id=8952, stack(0x000000001ea70000,0x000000001eb70000)]
  0x000000001e0cd000 JavaThread "C2 CompilerThread1" daemon [_thread_blocked, id=20020, stack(0x000000001e970000,0x000000001ea70000)]
  0x000000001e0cc000 JavaThread "C2 CompilerThread0" daemon [_thread_blocked, id=13724, stack(0x000000001e870000,0x000000001e970000)]
  0x000000001e0c9000 JavaThread "Monitor Ctrl-Break" daemon [_thread_in_native, id=14288, stack(0x000000001e770000,0x000000001e870000)]
  0x000000001deb7800 JavaThread "Attach Listener" daemon [_thread_blocked, id=19044, stack(0x000000001e670000,0x000000001e770000)]
  0x000000001c0be800 JavaThread "Signal Dispatcher" daemon [_thread_blocked, id=1420, stack(0x000000001e570000,0x000000001e670000)]
  0x000000000268a000 JavaThread "Finalizer" daemon [_thread_blocked, id=17656, stack(0x000000001e380000,0x000000001e480000)]
  0x000000001dea0800 JavaThread "Reference Handler" daemon [_thread_blocked, id=12940, stack(0x000000001e280000,0x000000001e380000)]

Other Threads:
  0x000000001c0a9000 VMThread [stack: 0x000000001dd80000,0x000000001de80000] [id=15248]
  0x000000001e257800 WatcherThread [stack: 0x000000001ed70000,0x000000001ee70000] [id=252]

VM state:not at safepoint (normal execution)

VM Mutex/Monitor currently owned by a thread: None

heap address: 0x00000006c1c00000, size: 4068 MB, Compressed Oops mode: Zero based, Oop shift amount: 3
Narrow klass base: 0x0000000000000000, Narrow klass shift: 3
Compressed class space size: 1073741824 Address: 0x00000007c0000000

Heap:
 PSYoungGen      total 850432K, used 726458K [0x000000076b400000, 0x00000007ae880000, 0x00000007c0000000)
  eden space 835072K, 86% used [0x000000076b400000,0x000000079796e948,0x000000079e380000)
  from space 15360K, 0% used [0x000000079e380000,0x000000079e380000,0x000000079f280000)
  to   space 34816K, 0% used [0x00000007ac680000,0x00000007ac680000,0x00000007ae880000)
 ParOldGen       total 220672K, used 69132K [0x00000006c1c00000, 0x00000006cf380000, 0x000000076b400000)
  object space 220672K, 31% used [0x00000006c1c00000,0x00000006c5f831e8,0x00000006cf380000)
 Metaspace       used 59020K, capacity 62678K, committed 62808K, reserved 1105920K
  class space    used 6673K, capacity 7261K, committed 7296K, reserved 1048576K

Card table byte_map: [0x0000000011a50000,0x0000000012250000] byte_map_base: 0x000000000e442000

Marking Bits: (ParMarkBitMap*) 0x0000000067774ce0
 Begin Bits: [0x0000000012fa0000, 0x0000000016f30000)
 End Bits:   [0x0000000016f30000, 0x000000001aec0000)

Polling page: 0x0000000000730000

CodeCache: size=245760Kb used=34846Kb max_used=35186Kb free=210913Kb
 bounds [0x0000000002690000, 0x00000000049b0000, 0x0000000011690000]
 total_blobs=9453 nmethods=8327 adapters=1036
 compilation: enabled

Compilation events (10 events):
Event: 214.182 Thread 0x000000001e0da800 10687   !   3       com.sun.crypto.provider.GCTR::doFinal (130 bytes)
Event: 214.184 Thread 0x000000001e0da800 nmethod 10687 0x0000000004711610 code [0x0000000004711800, 0x0000000004712288]
Event: 214.184 Thread 0x000000001e0da800 10688       3       java.util.concurrent.CopyOnWriteArrayList::contains (22 bytes)
Event: 214.185 Thread 0x000000001e0da800 nmethod 10688 0x0000000004711150 code [0x00000000047112c0, 0x0000000004711548]
Event: 214.196 Thread 0x000000001e0cc000 10689       4       java.nio.ByteBuffer::arrayOffset (35 bytes)
Event: 214.199 Thread 0x000000001e0da800 10690       3       java.lang.StringBuilder::append (8 bytes)
Event: 214.199 Thread 0x000000001e0da800 nmethod 10690 0x0000000004710dd0 code [0x0000000004710f40, 0x00000000047110c8]
Event: 214.200 Thread 0x000000001e0cc000 nmethod 10689 0x00000000030155d0 code [0x0000000003015700, 0x0000000003015798]
Event: 214.201 Thread 0x000000001e0da800 10691       3       java.lang.AbstractStringBuilder::append (191 bytes)
Event: 214.204 Thread 0x000000001e0da800 nmethod 10691 0x000000000470fc50 code [0x000000000470fe40, 0x0000000004710878]

GC Heap History (10 events):
Event: 4.712 GC heap before
{Heap before GC invocations=10 (full 1):
 PSYoungGen      total 538112K, used 5140K [0x000000076b400000, 0x00000007a0280000, 0x00000007c0000000)
  eden space 523776K, 0% used [0x000000076b400000,0x000000076b400000,0x000000078b380000)
  from space 14336K, 35% used [0x000000078b380000,0x000000078b885170,0x000000078c180000)
  to   space 14336K, 0% used [0x000000079f480000,0x000000079f480000,0x00000007a0280000)
 ParOldGen       total 175104K, used 9103K [0x00000006c1c00000, 0x00000006cc700000, 0x000000076b400000)
  object space 175104K, 5% used [0x00000006c1c00000,0x00000006c24e3fb8,0x00000006cc700000)
 Metaspace       used 20801K, capacity 21036K, committed 21248K, reserved 1069056K
  class space    used 2339K, capacity 2458K, committed 2560K, reserved 1048576K
Event: 4.760 GC heap after
Heap after GC invocations=10 (full 1):
 PSYoungGen      total 538112K, used 0K [0x000000076b400000, 0x00000007a0280000, 0x00000007c0000000)
  eden space 523776K, 0% used [0x000000076b400000,0x000000076b400000,0x000000078b380000)
  from space 14336K, 0% used [0x000000078b380000,0x000000078b380000,0x000000078c180000)
  to   space 14336K, 0% used [0x000000079f480000,0x000000079f480000,0x00000007a0280000)
 ParOldGen       total 90624K, used 10304K [0x00000006c1c00000, 0x00000006c7480000, 0x000000076b400000)
  object space 90624K, 11% used [0x00000006c1c00000,0x00000006c26102c0,0x00000006c7480000)
 Metaspace       used 20801K, capacity 21036K, committed 21248K, reserved 1069056K
  class space    used 2339K, capacity 2458K, committed 2560K, reserved 1048576K
}
Event: 7.752 GC heap before
{Heap before GC invocations=11 (full 1):
 PSYoungGen      total 538112K, used 167825K [0x000000076b400000, 0x00000007a0280000, 0x00000007c0000000)
  eden space 523776K, 32% used [0x000000076b400000,0x00000007757e4658,0x000000078b380000)
  from space 14336K, 0% used [0x000000078b380000,0x000000078b380000,0x000000078c180000)
  to   space 14336K, 0% used [0x000000079f480000,0x000000079f480000,0x00000007a0280000)
 ParOldGen       total 90624K, used 10304K [0x00000006c1c00000, 0x00000006c7480000, 0x000000076b400000)
  object space 90624K, 11% used [0x00000006c1c00000,0x00000006c26102c0,0x00000006c7480000)
 Metaspace       used 34490K, capacity 35012K, committed 35416K, reserved 1081344K
  class space    used 4043K, capacity 4197K, committed 4224K, reserved 1048576K
Event: 7.772 GC heap after
Heap after GC invocations=11 (full 1):
 PSYoungGen      total 788480K, used 13146K [0x000000076b400000, 0x00000007a0180000, 0x00000007c0000000)
  eden space 775168K, 0% used [0x000000076b400000,0x000000076b400000,0x000000079a900000)
  from space 13312K, 98% used [0x000000079f480000,0x00000007a0156aa0,0x00000007a0180000)
  to   space 15360K, 0% used [0x000000079e380000,0x000000079e380000,0x000000079f280000)
 ParOldGen       total 90624K, used 10312K [0x00000006c1c00000, 0x00000006c7480000, 0x000000076b400000)
  object space 90624K, 11% used [0x00000006c1c00000,0x00000006c26122c0,0x00000006c7480000)
 Metaspace       used 34490K, capacity 35012K, committed 35416K, reserved 1081344K
  class space    used 4043K, capacity 4197K, committed 4224K, reserved 1048576K
}
Event: 7.772 GC heap before
{Heap before GC invocations=12 (full 2):
 PSYoungGen      total 788480K, used 13146K [0x000000076b400000, 0x00000007a0180000, 0x00000007c0000000)
  eden space 775168K, 0% used [0x000000076b400000,0x000000076b400000,0x000000079a900000)
  from space 13312K, 98% used [0x000000079f480000,0x00000007a0156aa0,0x00000007a0180000)
  to   space 15360K, 0% used [0x000000079e380000,0x000000079e380000,0x000000079f280000)
 ParOldGen       total 90624K, used 10312K [0x00000006c1c00000, 0x00000006c7480000, 0x000000076b400000)
  object space 90624K, 11% used [0x00000006c1c00000,0x00000006c26122c0,0x00000006c7480000)
 Metaspace       used 34490K, capacity 35012K, committed 35416K, reserved 1081344K
  class space    used 4043K, capacity 4197K, committed 4224K, reserved 1048576K
Event: 7.895 GC heap after
Heap after GC invocations=12 (full 2):
 PSYoungGen      total 788480K, used 0K [0x000000076b400000, 0x00000007a0180000, 0x00000007c0000000)
  eden space 775168K, 0% used [0x000000076b400000,0x000000076b400000,0x000000079a900000)
  from space 13312K, 0% used [0x000000079f480000,0x000000079f480000,0x00000007a0180000)
  to   space 15360K, 0% used [0x000000079e380000,0x000000079e380000,0x000000079f280000)
 ParOldGen       total 132096K, used 22289K [0x00000006c1c00000, 0x00000006c9d00000, 0x000000076b400000)
  object space 132096K, 16% used [0x00000006c1c00000,0x00000006c31c4488,0x00000006c9d00000)
 Metaspace       used 34490K, capacity 35012K, committed 35416K, reserved 1081344K
  class space    used 4043K, capacity 4197K, committed 4224K, reserved 1048576K
}
Event: 45.820 GC heap before
{Heap before GC invocations=13 (full 2):
 PSYoungGen      total 788480K, used 472236K [0x000000076b400000, 0x00000007a0180000, 0x00000007c0000000)
  eden space 775168K, 60% used [0x000000076b400000,0x000000078812b248,0x000000079a900000)
  from space 13312K, 0% used [0x000000079f480000,0x000000079f480000,0x00000007a0180000)
  to   space 15360K, 0% used [0x000000079e380000,0x000000079e380000,0x000000079f280000)
 ParOldGen       total 132096K, used 22289K [0x00000006c1c00000, 0x00000006c9d00000, 0x000000076b400000)
  object space 132096K, 16% used [0x00000006c1c00000,0x00000006c31c4488,0x00000006c9d00000)
 Metaspace       used 55271K, capacity 58798K, committed 58968K, reserved 1101824K
  class space    used 6460K, capacity 7009K, committed 7040K, reserved 1048576K
Event: 45.849 GC heap after
Heap after GC invocations=13 (full 2):
 PSYoungGen      total 850432K, used 15337K [0x000000076b400000, 0x00000007ae880000, 0x00000007c0000000)
  eden space 835072K, 0% used [0x000000076b400000,0x000000076b400000,0x000000079e380000)
  from space 15360K, 99% used [0x000000079e380000,0x000000079f27a468,0x000000079f280000)
  to   space 34816K, 0% used [0x00000007ac680000,0x00000007ac680000,0x00000007ae880000)
 ParOldGen       total 132096K, used 70577K [0x00000006c1c00000, 0x00000006c9d00000, 0x000000076b400000)
  object space 132096K, 53% used [0x00000006c1c00000,0x00000006c60ec750,0x00000006c9d00000)
 Metaspace       used 55271K, capacity 58798K, committed 58968K, reserved 1101824K
  class space    used 6460K, capacity 7009K, committed 7040K, reserved 1048576K
}
Event: 45.849 GC heap before
{Heap before GC invocations=14 (full 3):
 PSYoungGen      total 850432K, used 15337K [0x000000076b400000, 0x00000007ae880000, 0x00000007c0000000)
  eden space 835072K, 0% used [0x000000076b400000,0x000000076b400000,0x000000079e380000)
  from space 15360K, 99% used [0x000000079e380000,0x000000079f27a468,0x000000079f280000)
  to   space 34816K, 0% used [0x00000007ac680000,0x00000007ac680000,0x00000007ae880000)
 ParOldGen       total 132096K, used 70577K [0x00000006c1c00000, 0x00000006c9d00000, 0x000000076b400000)
  object space 132096K, 53% used [0x00000006c1c00000,0x00000006c60ec750,0x00000006c9d00000)
 Metaspace       used 55271K, capacity 58798K, committed 58968K, reserved 1101824K
  class space    used 6460K, capacity 7009K, committed 7040K, reserved 1048576K
Event: 46.109 GC heap after
Heap after GC invocations=14 (full 3):
 PSYoungGen      total 850432K, used 0K [0x000000076b400000, 0x00000007ae880000, 0x00000007c0000000)
  eden space 835072K, 0% used [0x000000076b400000,0x000000076b400000,0x000000079e380000)
  from space 15360K, 0% used [0x000000079e380000,0x000000079e380000,0x000000079f280000)
  to   space 34816K, 0% used [0x00000007ac680000,0x00000007ac680000,0x00000007ae880000)
 ParOldGen       total 220672K, used 69132K [0x00000006c1c00000, 0x00000006cf380000, 0x000000076b400000)
  object space 220672K, 31% used [0x00000006c1c00000,0x00000006c5f831e8,0x00000006cf380000)
 Metaspace       used 55271K, capacity 58798K, committed 58968K, reserved 1101824K
  class space    used 6460K, capacity 7009K, committed 7040K, reserved 1048576K
}

Deoptimization events (10 events):
Event: 214.120 Thread 0x000000002015d800 Uncommon trap: reason=class_check action=maybe_recompile pc=0x0000000003678364 method=java.awt.KeyboardFocusManager.clearMostRecentFocusOwner(Ljava/awt/Component;)V @ 56
Event: 214.120 Thread 0x000000002015d800 Uncommon trap: reason=unstable_if action=reinterpret pc=0x00000000036994d8 method=java.awt.Container.isParentOf(Ljava/awt/Component;)Z @ 13
Event: 214.120 Thread 0x000000002015d800 Uncommon trap: reason=unstable_if action=reinterpret pc=0x00000000036994d8 method=java.awt.Container.isParentOf(Ljava/awt/Component;)Z @ 13
Event: 214.120 Thread 0x000000002015d800 Uncommon trap: reason=unstable_if action=reinterpret pc=0x00000000036994d8 method=java.awt.Container.isParentOf(Ljava/awt/Component;)Z @ 13
Event: 214.120 Thread 0x000000002015d800 Uncommon trap: reason=unstable_if action=reinterpret pc=0x00000000036994d8 method=java.awt.Container.isParentOf(Ljava/awt/Component;)Z @ 13
Event: 214.199 Thread 0x0000000023178000 Uncommon trap: reason=class_check action=maybe_recompile pc=0x0000000003a2dd4c method=jogamp.opengl.GLDrawableImpl.lockSurface()I @ 4
Event: 214.199 Thread 0x0000000023178000 Uncommon trap: reason=unstable_if action=reinterpret pc=0x00000000030526e0 method=jogamp.common.util.locks.RecursiveLockImpl01Unfairish$SingleThreadSync.isOwner(Ljava/lang/Thread;)Z @ 5
Event: 214.199 Thread 0x0000000023178000 Uncommon trap: reason=class_check action=maybe_recompile pc=0x0000000003a2dd4c method=jogamp.opengl.GLDrawableImpl.lockSurface()I @ 4
Event: 214.205 Thread 0x0000000023178000 Uncommon trap: reason=unstable_if action=reinterpret pc=0x0000000003926f78 method=jogamp.common.util.locks.RecursiveLockImpl01Unfairish.unlock(Ljava/lang/Runnable;)V @ 34
Event: 214.299 Thread 0x0000000020161000 Uncommon trap: reason=unstable_if action=reinterpret pc=0x000000000407b2c4 method=sun.java2d.d3d.D3DScreenUpdateManager.createGraphics(Lsun/java2d/SurfaceData;Lsun/awt/windows/WComponentPeer;Ljava/awt/Color;Ljava/awt/Color;Ljava/awt/Font;)Ljava/awt/Graphi

Classes redefined (0 events):
No events

Internal exceptions (10 events):
Event: 62.507 Thread 0x0000000020161000 Implicit null exception at 0x000000000409e6a4 to 0x000000000409e7b5
Event: 62.507 Thread 0x0000000020161000 Implicit null exception at 0x000000000448998b to 0x0000000004489df9
Event: 71.455 Thread 0x000000002015d800 Implicit null exception at 0x0000000003675d6c to 0x0000000003675f89
Event: 85.055 Thread 0x0000000020161000 Implicit null exception at 0x0000000002f97fd8 to 0x0000000002f9807d
Event: 97.664 Thread 0x0000000020161000 Implicit null exception at 0x0000000002f97fd8 to 0x0000000002f9807d
Event: 169.090 Thread 0x0000000020161000 Implicit null exception at 0x0000000003986cfa to 0x000000000398715d
Event: 169.115 Thread 0x0000000020161000 Implicit null exception at 0x00000000044daa14 to 0x00000000044dafe5
Event: 210.079 Thread 0x000000002015d800 Implicit null exception at 0x0000000003eb866d to 0x0000000003eb96ad
Event: 214.120 Thread 0x000000002015d800 Implicit null exception at 0x0000000002a6ab2c to 0x0000000002a6ad49
Event: 214.124 Thread 0x000000002015d800 Exception <a 'java/net/SocketTimeoutException': Read timed out> (0x0000000796341540) thrown at [C:\re\workspace\8-2-build-windows-amd64-cygwin\jdk8u201\12322\hotspot\src\share\vm\prims\jni.cpp, line 735]

Events (10 events):
Event: 214.221 loading class jogamp/opengl/egl/EGLDisplayUtil$1
Event: 214.221 loading class jogamp/opengl/egl/EGLDisplayUtil$1 done
Event: 214.222 Executing VM operation: RevokeBias
Event: 214.222 Executing VM operation: RevokeBias done
Event: 214.222 Executing VM operation: RevokeBias
Event: 214.222 Executing VM operation: RevokeBias done
Event: 214.223 Thread 0x0000000020164000 Thread exited: 0x0000000020164000
Event: 214.299 Thread 0x0000000020161000 Uncommon trap: trap_request=0xffffff65 fr.pc=0x000000000407b2c4
Event: 214.299 Thread 0x0000000020161000 DEOPT PACKING pc=0x000000000407b2c4 sp=0x000000002787f420
Event: 214.299 Thread 0x0000000020161000 DEOPT UNPACKING pc=0x00000000026d583b sp=0x000000002787f240 mode 2


Dynamic libraries:
0x00007ff688980000 - 0x00007ff6889b7000 	C:\Program Files\Java\jdk1.8.0_201\bin\java.exe
0x00007ffe8cb00000 - 0x00007ffe8cce1000 	C:\WINDOWS\SYSTEM32\ntdll.dll
0x00007ffe8c120000 - 0x00007ffe8c1d2000 	C:\WINDOWS\System32\KERNEL32.DLL
0x00007ffe88f20000 - 0x00007ffe89193000 	C:\WINDOWS\System32\KERNELBASE.dll
0x00007ffe8bfa0000 - 0x00007ffe8c041000 	C:\WINDOWS\System32\ADVAPI32.dll
0x00007ffe8a530000 - 0x00007ffe8a5ce000 	C:\WINDOWS\System32\msvcrt.dll
0x00007ffe8c350000 - 0x00007ffe8c3ab000 	C:\WINDOWS\System32\sechost.dll
0x00007ffe8a600000 - 0x00007ffe8a724000 	C:\WINDOWS\System32\RPCRT4.dll
0x00007ffe8c940000 - 0x00007ffe8cad0000 	C:\WINDOWS\System32\USER32.dll
0x00007ffe89af0000 - 0x00007ffe89b10000 	C:\WINDOWS\System32\win32u.dll
0x00007ffe8c890000 - 0x00007ffe8c8b8000 	C:\WINDOWS\System32\GDI32.dll
0x00007ffe89950000 - 0x00007ffe89ae2000 	C:\WINDOWS\System32\gdi32full.dll
0x00007ffe898b0000 - 0x00007ffe8994f000 	C:\WINDOWS\System32\msvcp_win.dll
0x00007ffe89d00000 - 0x00007ffe89dfa000 	C:\WINDOWS\System32\ucrtbase.dll
0x00007ffe796c0000 - 0x00007ffe79929000 	C:\WINDOWS\WinSxS\amd64_microsoft.windows.common-controls_6595b64144ccf1df_6.0.17134.590_none_fb3d9bff3069e088\COMCTL32.dll
0x00007ffe89f90000 - 0x00007ffe8a2b2000 	C:\WINDOWS\System32\combase.dll
0x00007ffe89e00000 - 0x00007ffe89e7a000 	C:\WINDOWS\System32\bcryptPrimitives.dll
0x00007ffe8a5d0000 - 0x00007ffe8a5fd000 	C:\WINDOWS\System32\IMM32.DLL
0x00007ffe87f00000 - 0x00007ffe87f31000 	C:\WINDOWS\SYSTEM32\ntmarta.dll
0x00007ffe88d40000 - 0x00007ffe88d70000 	C:\WINDOWS\SYSTEM32\SspiCli.dll
0x0000000067800000 - 0x00000000678d1000 	C:\Program Files\Java\jdk1.8.0_201\jre\bin\msvcr100.dll
0x0000000066f50000 - 0x00000000677f4000 	C:\Program Files\Java\jdk1.8.0_201\jre\bin\server\jvm.dll
0x00007ffe8c1e0000 - 0x00007ffe8c1e8000 	C:\WINDOWS\System32\PSAPI.DLL
0x00007ffe764f0000 - 0x00007ffe764f9000 	C:\WINDOWS\SYSTEM32\WSOCK32.dll
0x00007ffe8c0b0000 - 0x00007ffe8c11c000 	C:\WINDOWS\System32\WS2_32.dll
0x00007ffe84b60000 - 0x00007ffe84b83000 	C:\WINDOWS\SYSTEM32\WINMM.dll
0x00007ffe83540000 - 0x00007ffe8354a000 	C:\WINDOWS\SYSTEM32\VERSION.dll
0x00007ffe84b10000 - 0x00007ffe84b3a000 	C:\WINDOWS\SYSTEM32\WINMMBASE.dll
0x00007ffe88ed0000 - 0x00007ffe88f19000 	C:\WINDOWS\System32\cfgmgr32.dll
0x00007ffe7ad50000 - 0x00007ffe7ad5f000 	C:\Program Files\Java\jdk1.8.0_201\jre\bin\verify.dll
0x00007ffe78f30000 - 0x00007ffe78f59000 	C:\Program Files\Java\jdk1.8.0_201\jre\bin\java.dll
0x00007ffe79b00000 - 0x00007ffe79b23000 	C:\Program Files\Java\jdk1.8.0_201\jre\bin\instrument.dll
0x00007ffe76a40000 - 0x00007ffe76a56000 	C:\Program Files\Java\jdk1.8.0_201\jre\bin\zip.dll
0x00007ffe8ab60000 - 0x00007ffe8bfa0000 	C:\WINDOWS\System32\SHELL32.dll
0x00007ffe8a7d0000 - 0x00007ffe8a879000 	C:\WINDOWS\System32\shcore.dll
0x00007ffe891a0000 - 0x00007ffe898ad000 	C:\WINDOWS\System32\windows.storage.dll
0x00007ffe8c3b0000 - 0x00007ffe8c401000 	C:\WINDOWS\System32\shlwapi.dll
0x00007ffe88eb0000 - 0x00007ffe88ec1000 	C:\WINDOWS\System32\kernel.appcore.dll
0x00007ffe88e40000 - 0x00007ffe88e5f000 	C:\WINDOWS\System32\profapi.dll
0x00007ffe88e60000 - 0x00007ffe88eac000 	C:\WINDOWS\System32\powrprof.dll
0x00007ffe88e10000 - 0x00007ffe88e1a000 	C:\WINDOWS\System32\FLTLIB.DLL
0x00007ffe79a80000 - 0x00007ffe79a9a000 	C:\Program Files\JetBrains\IntelliJ IDEA Community Edition 2018.3.3\bin\breakgen64.dll
0x00007ffe76a20000 - 0x00007ffe76a3a000 	C:\Program Files\Java\jdk1.8.0_201\jre\bin\net.dll
0x00007ffe7b1f0000 - 0x00007ffe7b3b9000 	C:\WINDOWS\SYSTEM32\urlmon.dll
0x00007ffe79410000 - 0x00007ffe796b5000 	C:\WINDOWS\SYSTEM32\iertutil.dll
0x00007ffe88840000 - 0x00007ffe8884b000 	C:\WINDOWS\SYSTEM32\CRYPTBASE.DLL
0x00007ffe88690000 - 0x00007ffe886f6000 	C:\WINDOWS\system32\mswsock.dll
0x00007ffe711b0000 - 0x00007ffe711d4000 	C:\Program Files\Java\jdk1.8.0_201\jre\bin\sunec.dll
0x00007ffe88410000 - 0x00007ffe88448000 	C:\WINDOWS\SYSTEM32\IPHLPAPI.DLL
0x00007ffe8a880000 - 0x00007ffe8a888000 	C:\WINDOWS\System32\NSI.dll
0x00007ffe810a0000 - 0x00007ffe810b6000 	C:\WINDOWS\SYSTEM32\dhcpcsvc6.DLL
0x00007ffe81260000 - 0x00007ffe8127a000 	C:\WINDOWS\SYSTEM32\dhcpcsvc.DLL
0x00007ffe76a00000 - 0x00007ffe76a11000 	C:\Program Files\Java\jdk1.8.0_201\jre\bin\nio.dll
0x00007ffe88850000 - 0x00007ffe88867000 	C:\WINDOWS\SYSTEM32\CRYPTSP.dll
0x00007ffe88270000 - 0x00007ffe882a3000 	C:\WINDOWS\system32\rsaenh.dll
0x00007ffe88970000 - 0x00007ffe88995000 	C:\WINDOWS\SYSTEM32\bcrypt.dll
0x00007ffe88d10000 - 0x00007ffe88d38000 	C:\WINDOWS\SYSTEM32\USERENV.dll
0x00007ffe6e3a0000 - 0x00007ffe6e3e2000 	C:\Users\asus\AppData\Local\Temp\jna-3003984\jna7281425157557779841.dll
0x00007ffe60a60000 - 0x00007ffe60afc000 	C:\Users\asus\AppData\Local\Temp\jna-3003984\jna6265183160960407073.dll
0x00007ffe88450000 - 0x00007ffe8850e000 	C:\WINDOWS\SYSTEM32\DNSAPI.dll
0x00007ffe7c910000 - 0x00007ffe7c91a000 	C:\Windows\System32\rasadhlp.dll
0x00007ffe7cf10000 - 0x00007ffe7cf82000 	C:\WINDOWS\System32\fwpuclnt.dll
0x00007ffe4adf0000 - 0x00007ffe4af89000 	C:\Program Files\Java\jdk1.8.0_201\jre\bin\awt.dll
0x00007ffe8a2c0000 - 0x00007ffe8a383000 	C:\WINDOWS\System32\OLEAUT32.dll
0x00007ffe86450000 - 0x00007ffe864db000 	C:\WINDOWS\SYSTEM32\apphelp.dll
0x00007ffe86580000 - 0x00007ffe86618000 	C:\WINDOWS\system32\uxtheme.dll
0x00007ffe8a8f0000 - 0x00007ffe8aa63000 	C:\WINDOWS\System32\MSCTF.dll
0x00007ffe86fe0000 - 0x00007ffe87009000 	C:\WINDOWS\system32\dwmapi.dll
0x00007ffe8c1f0000 - 0x00007ffe8c341000 	C:\WINDOWS\System32\ole32.dll
0x00007ffe813d0000 - 0x00007ffe813db000 	C:\Program Files\Java\jdk1.8.0_201\jre\bin\sunmscapi.dll
0x00007ffe89b10000 - 0x00007ffe89cf2000 	C:\WINDOWS\System32\CRYPT32.dll
0x00007ffe88e20000 - 0x00007ffe88e32000 	C:\WINDOWS\System32\MSASN1.dll
0x00007ffe6d3f0000 - 0x00007ffe6d437000 	C:\Program Files\Java\jdk1.8.0_201\jre\bin\fontmanager.dll
0x00007ffe51a80000 - 0x00007ffe51b22000 	C:\Program Files\Java\jdk1.8.0_201\jre\bin\mlib_image.dll
0x00007ffe773d0000 - 0x00007ffe774f0000 	C:\WINDOWS\system32\opengl32.dll
0x00007ffe82690000 - 0x00007ffe826bc000 	C:\WINDOWS\SYSTEM32\GLU32.dll
0x00007ffe70dd0000 - 0x00007ffe70dfa000 	C:\Program Files\Java\jdk1.8.0_201\jre\bin\dcpr.dll
0x00007ffe6a120000 - 0x00007ffe6a162000 	C:\Program Files\Java\jdk1.8.0_201\jre\bin\t2k.dll
0x00007ffe8a730000 - 0x00007ffe8a7d0000 	C:\WINDOWS\System32\clbcatq.dll
0x00007ffe83780000 - 0x00007ffe8392e000 	C:\WINDOWS\SYSTEM32\WindowsCodecs.dll
0x00007ffe6cbe0000 - 0x00007ffe6cc38000 	C:\WINDOWS\system32\dataexchange.dll
0x00007ffe85490000 - 0x00007ffe8579b000 	C:\WINDOWS\system32\d3d11.dll
0x00007ffe85d70000 - 0x00007ffe85f0c000 	C:\WINDOWS\system32\dcomp.dll
0x00007ffe87bd0000 - 0x00007ffe87c8b000 	C:\WINDOWS\system32\dxgi.dll
0x00007ffe870f0000 - 0x00007ffe872a8000 	C:\WINDOWS\system32\twinapi.appcore.dll
0x00007ffe870c0000 - 0x00007ffe870e9000 	C:\WINDOWS\system32\RMCLIENT.dll
0x00007ffe81420000 - 0x00007ffe814c8000 	C:\WINDOWS\SYSTEM32\mscms.dll
0x00007ffe84c50000 - 0x00007ffe84c60000 	C:\WINDOWS\SYSTEM32\ColorAdapterClient.dll
0x00007ffe68d30000 - 0x00007ffe68d73000 	C:\WINDOWS\SYSTEM32\icm32.dll
0x00007ffe77be0000 - 0x00007ffe77c76000 	C:\WINDOWS\System32\TextInputFramework.dll
0x00007ffe83210000 - 0x00007ffe8352e000 	C:\WINDOWS\System32\CoreUIComponents.dll
0x00007ffe86250000 - 0x00007ffe8632a000 	C:\WINDOWS\System32\CoreMessaging.dll
0x00007ffe844a0000 - 0x00007ffe845ed000 	C:\WINDOWS\SYSTEM32\wintypes.dll
0x00007ffe7d540000 - 0x00007ffe7d5ab000 	C:\WINDOWS\system32\Oleacc.dll
0x00007ffe7a540000 - 0x00007ffe7a54c000 	C:\Program Files\Java\jdk1.8.0_201\jre\bin\jsound.dll
0x00007ffe79af0000 - 0x00007ffe79afb000 	C:\Program Files\Java\jdk1.8.0_201\jre\bin\jsoundds.dll
0x00007ffe519f0000 - 0x00007ffe51a7f000 	C:\WINDOWS\SYSTEM32\DSOUND.dll
0x00007ffe81170000 - 0x00007ffe811e6000 	C:\WINDOWS\SYSTEM32\MMDevAPI.DLL
0x00007ffe88c20000 - 0x00007ffe88c47000 	C:\WINDOWS\SYSTEM32\DEVOBJ.dll
0x00007ffe86a00000 - 0x00007ffe86bb4000 	C:\WINDOWS\SYSTEM32\PROPSYS.dll
0x00007ffe4f800000 - 0x00007ffe4f844000 	C:\WINDOWS\SYSTEM32\wdmaud.drv
0x00007ffe82da0000 - 0x00007ffe82da9000 	C:\WINDOWS\SYSTEM32\ksuser.dll
0x00007ffe83b00000 - 0x00007ffe83b0a000 	C:\WINDOWS\SYSTEM32\AVRT.dll
0x00007ffe73130000 - 0x00007ffe7325c000 	C:\WINDOWS\SYSTEM32\AUDIOSES.DLL
0x00007ffe79a20000 - 0x00007ffe79a2d000 	C:\WINDOWS\SYSTEM32\msacm32.drv
0x00007ffe70be0000 - 0x00007ffe70bfc000 	C:\WINDOWS\SYSTEM32\MSACM32.dll
0x00007ffe78ff0000 - 0x00007ffe78ffa000 	C:\WINDOWS\SYSTEM32\midimap.dll
0x00007ffe7a400000 - 0x00007ffe7a40d000 	C:\Program Files\Java\jdk1.8.0_201\jre\bin\management.dll
0x00000000637c0000 - 0x00000000637cd000 	C:\Users\asus\AppData\Local\Temp\jogamp_0000\file_cache\jln5119592588818321618\jln5794705380104359929\natives\windows-amd64\gluegen-rt.dll
0x00007ffe79ae0000 - 0x00007ffe79ae7000 	C:\Program Files\Java\jdk1.8.0_201\jre\bin\jawt.dll
0x000000006a440000 - 0x000000006a44d000 	C:\Users\asus\AppData\Local\Temp\jogamp_0000\file_cache\jln5119592588818321618\jln5794705380104359929\natives\windows-amd64\nativewindow_awt.dll
0x000000006c100000 - 0x000000006c10f000 	C:\Users\asus\AppData\Local\Temp\jogamp_0000\file_cache\jln5119592588818321618\jln5794705380104359929\natives\windows-amd64\nativewindow_win32.dll
0x0000000064500000 - 0x00000000645b1000 	C:\Users\asus\AppData\Local\Temp\jogamp_0000\file_cache\jln5119592588818321618\jln5794705380104359929\natives\windows-amd64\jogl_desktop.dll
0x0000000064340000 - 0x00000000643a2000 	C:\Users\asus\AppData\Local\Temp\jogamp_0000\file_cache\jln5119592588818321618\jln5794705380104359929\natives\windows-amd64\jogl_mobile.dll
0x00007ffe3d5c0000 - 0x00007ffe3e4ae000 	C:\WINDOWS\System32\DriverStore\FileRepository\igdlh64.inf_amd64_31ba00ea6900d67d\ig9icd64.dll
0x00007ffe7d7e0000 - 0x00007ffe7f6e1000 	C:\WINDOWS\System32\DriverStore\FileRepository\igdlh64.inf_amd64_31ba00ea6900d67d\igc64.dll
0x00007ffe671a0000 - 0x00007ffe671d1000 	C:\Program Files\Java\jdk1.8.0_201\jre\bin\jpeg.dll
0x00007ffe87810000 - 0x00007ffe879d9000 	C:\WINDOWS\SYSTEM32\dbghelp.dll

VM Arguments:
jvm_args: -ea -javaagent:C:\Program Files\JetBrains\IntelliJ IDEA Community Edition 2018.3.3\lib\idea_rt.jar=49603:C:\Program Files\JetBrains\IntelliJ IDEA Community Edition 2018.3.3\bin -Dfile.encoding=UTF-8 
java_command: net.runelite.client.RuneLite --debug --developer-mode
java_class_path (initial): C:\Program Files\Java\jdk1.8.0_201\jre\lib\charsets.jar;C:\Program Files\Java\jdk1.8.0_201\jre\lib\deploy.jar;C:\Program Files\Java\jdk1.8.0_201\jre\lib\ext\access-bridge-64.jar;C:\Program Files\Java\jdk1.8.0_201\jre\lib\ext\cldrdata.jar;C:\Program Files\Java\jdk1.8.0_201\jre\lib\ext\dnsns.jar;C:\Program Files\Java\jdk1.8.0_201\jre\lib\ext\jaccess.jar;C:\Program Files\Java\jdk1.8.0_201\jre\lib\ext\jfxrt.jar;C:\Program Files\Java\jdk1.8.0_201\jre\lib\ext\localedata.jar;C:\Program Files\Java\jdk1.8.0_201\jre\lib\ext\nashorn.jar;C:\Program Files\Java\jdk1.8.0_201\jre\lib\ext\sunec.jar;C:\Program Files\Java\jdk1.8.0_201\jre\lib\ext\sunjce_provider.jar;C:\Program Files\Java\jdk1.8.0_201\jre\lib\ext\sunmscapi.jar;C:\Program Files\Java\jdk1.8.0_201\jre\lib\ext\sunpkcs11.jar;C:\Program Files\Java\jdk1.8.0_201\jre\lib\ext\zipfs.jar;C:\Program Files\Java\jdk1.8.0_201\jre\lib\javaws.jar;C:\Program Files\Java\jdk1.8.0_201\jre\lib\jce.jar;C:\Program Files\Java\jdk1.8.0_201\jre\lib\jfr.jar;C:\Program Files\Java\jdk1.8.0_201\jre\lib\jfxswt.jar;C:\Program Files\Java\jdk1.8.0_201\jre\lib\jsse.jar;C:\Program Files\Java\jdk1.8.0_201\jre\lib\management-agent.jar;C:\Program Files\Java\jdk1.8.0_201\jre\lib\plugin.jar;C:\Program Files\Java\jdk1.8.0_201\jre\lib\resources.jar;C:\Program Files\Java\jdk1.8.0_201\jre\lib\rt.jar;C:\Users\asus\runelite\runelite-client\target\classes;C:\Users\asus\.m2\repository\org\slf4j\slf4j-api\1.7.25\slf4j-api-1.7.25.jar;C:\Users\asus\.m2\repository\ch\qos\logback\logback-classic\1.2.3\logback-classic-1.2.3.jar;C:\Users\asus\.m2\repository\ch\qos\logback\logback-core\1.2.3\logback-core-1.2.3.jar;C:\Users\asus\.m2\repository\net\sf\jopt-simple\jopt-simple\5.0.1\jopt-simple-5.0.1.jar;C:\Users\asus\.m2\repository\com\google\guava\guava\23.2-jre\guava-23.2-jre.jar;C:\Users\asus\.m2\repository\com\google\code\findbugs\jsr305\1.3.9\jsr305-1.3.9.jar;C:\Users\asus\.m2\repository\com\google\errorprone\error_prone_annotations\2.0.18\error_
Launcher Type: SUN_STANDARD

Environment Variables:
PATH=C:\Program Files (x86)\Common Files\Oracle\Java\javapath;C:\Program Files (x86)\Intel\iCLS Client\;C:\Program Files\Intel\iCLS Client\;C:\Windows\system32;C:\Windows;C:\Windows\System32\Wbem;C:\Windows\System32\WindowsPowerShell\v1.0\;C:\Program Files (x86)\NVIDIA Corporation\PhysX\Common;C:\Program Files (x86)\Intel\Intel(R) Management Engine Components\DAL;C:\Program Files\Intel\Intel(R) Management Engine Components\DAL;C:\Program Files (x86)\Intel\Intel(R) Management Engine Components\IPT;C:\Program Files\Intel\Intel(R) Management Engine Components\IPT;C:\WINDOWS\system32;C:\WINDOWS;C:\WINDOWS\System32\Wbem;C:\WINDOWS\System32\WindowsPowerShell\v1.0\;C:\WINDOWS\System32\OpenSSH\;C:\Documents\PuTTY\;C:\Program Files\Intel\WiFi\bin\;C:\Program Files\Common Files\Intel\WirelessCommon\;C:\cygwin\bin;C:\Program Files\Git\cmd;C:\Users\asus\AppData\Local\Microsoft\WindowsApps;C:\Users\asus\AppData\Local\GitHubDesktop\bin
USERNAME=asus
OS=Windows_NT
PROCESSOR_IDENTIFIER=Intel64 Family 6 Model 158 Stepping 9, GenuineIntel



---------------  S Y S T E M  ---------------

OS: Windows 10.0 , 64 bit Build 17134 (10.0.17134.556)

CPU:total 8 (initial active 8) (4 cores per cpu, 2 threads per core) family 6 model 158 stepping 9, cmov, cx8, fxsr, mmx, sse, sse2, sse3, ssse3, sse4.1, sse4.2, popcnt, avx, avx2, aes, clmul, erms, 3dnowpref, lzcnt, ht, tsc, tscinvbit, bmi1, bmi2, adx

Memory: 4k page, physical 16659216k(8424536k free), swap 19149584k(5653496k free)

vm_info: Java HotSpot(TM) 64-Bit Server VM (25.201-b09) for windows-amd64 JRE (1.8.0_201-b09), built on Dec 15 2018 18:36:39 by "java_re" with MS VC++ 10.0 (VS2010)

time: Fri Mar 01 12:00:46 2019
timezone: Eastern Standard Time
elapsed time: 214 seconds (0d 0h 3m 34s)

