#
# A fatal error has been detected by the Java Runtime Environment:
#
#  EXCEPTION_ACCESS_VIOLATION (0xc0000005) at pc=0x00007ffe3da60e0e, pid=19356, tid=0x00000000000007fc
#
# JRE version: Java(TM) SE Runtime Environment (8.0_201-b09) (build 1.8.0_201-b09)
# Java VM: Java HotSpot(TM) 64-Bit Server VM (25.201-b09 mixed mode windows-amd64 compressed oops)
# Problematic frame:
# C  [ig9icd64.dll+0x190e0e]
#
# Failed to write core dump. Minidumps are not enabled by default on client versions of Windows
#
# If you would like to submit a bug report, please visit:
#   http://bugreport.java.com/bugreport/crash.jsp
# The crash happened outside the Java Virtual Machine in native code.
# See problematic frame for where to report the bug.
#

---------------  T H R E A D  ---------------

Current thread (0x0000000020734000):  JavaThread "Thread-5" daemon [_thread_in_native, id=2044, stack(0x0000000027d30000,0x0000000027e30000)]

siginfo: ExceptionCode=0xc0000005, reading address 0x0000000000000008

Registers:
RAX=0x0000000000000000, RBX=0x00007ffe3ddb9290, RCX=0x00000000234b0220, RDX=0x0000000033a2b040
RSP=0x0000000027e2e100, RBP=0x0000000027e2e370, RSI=0x0000000027e2e330, RDI=0x0000000000000000
R8 =0x0000000009770000, R9 =0x0000000000000000, R10=0x0000000027e2e4b0, R11=0x0000000027e2e298
R12=0x0000000000000007, R13=0x0000000000000000, R14=0x0000000027e2e600, R15=0x0000000027e2e3b0
RIP=0x00007ffe3da60e0e, EFLAGS=0x0000000000010246

Top of Stack: (sp=0x0000000027e2e100)
0x0000000027e2e100:   0000000033c24ca0 0000000033a2b040
0x0000000027e2e110:   00000000234ac940 0000000027e2e228
0x0000000027e2e120:   0000000000000000 0000000027e2e370
0x0000000027e2e130:   0000000027e2e160 0000000027e2e1a0
0x0000000027e2e140:   0000000027e2e1e8 0000000027e2e170
0x0000000027e2e150:   0000000027e2e208 0000000027e2e180
0x0000000027e2e160:   0000000027e2e300 0000000027e2e260
0x0000000027e2e170:   0000000000000498 000000002b14eef0
0x0000000027e2e180:   000000003da9ea90 000000003da9ea90
0x0000000027e2e190:   000000002b14ec10 00007ffe3e1e165c
0x0000000027e2e1a0:   000000003da9f380 000000003d025bb0
0x0000000027e2e1b0:   000000003da9ea90 0000000023472330
0x0000000027e2e1c0:   0000000027e2e3b0 0000000027e2e4b0
0x0000000027e2e1d0:   000000003d027710 000000003d027710
0x0000000027e2e1e0:   0000000000000000 000000003d025bb0
0x0000000027e2e1f0:   0000000027e2e249 00007ffe3d9166d6 

Instructions: (pc=0x00007ffe3da60e0e)
0x00007ffe3da60dee:   48 85 c9 74 06 48 8b 41 20 eb 15 48 8b 80 98 00
0x00007ffe3da60dfe:   00 00 48 85 c0 74 06 48 8b 40 20 eb 03 48 8b c7
0x00007ffe3da60e0e:   48 8b 48 08 48 85 c9 74 54 81 79 14 5d 01 00 00
0x00007ffe3da60e1e:   75 4b 81 26 ff ff 97 f6 81 0e 00 00 94 06 8b 81 


Register to memory mapping:

RAX=0x0000000000000000 is an unknown value
RBX=0x00007ffe3ddb9290 is an unknown value
RCX=0x00000000234b0220 is an unknown value
RDX=0x0000000033a2b040 is an unknown value
RSP=0x0000000027e2e100 is pointing into the stack for thread: 0x0000000020734000
RBP=0x0000000027e2e370 is pointing into the stack for thread: 0x0000000020734000
RSI=0x0000000027e2e330 is pointing into the stack for thread: 0x0000000020734000
RDI=0x0000000000000000 is an unknown value
R8 =0x0000000009770000 is an unknown value
R9 =0x0000000000000000 is an unknown value
R10=0x0000000027e2e4b0 is pointing into the stack for thread: 0x0000000020734000
R11=0x0000000027e2e298 is pointing into the stack for thread: 0x0000000020734000
R12=0x0000000000000007 is an unknown value
R13=0x0000000000000000 is an unknown value
R14=0x0000000027e2e600 is pointing into the stack for thread: 0x0000000020734000
R15=0x0000000027e2e3b0 is pointing into the stack for thread: 0x0000000020734000


Stack: [0x0000000027d30000,0x0000000027e30000],  sp=0x0000000027e2e100,  free space=1016k
Native frames: (J=compiled Java code, j=interpreted, Vv=VM code, C=native code)
C  [ig9icd64.dll+0x190e0e]
C  [ig9icd64.dll+0x4a0cbd]
C  [ig9icd64.dll+0x4a4d27]
C  [ig9icd64.dll+0x398298]
C  [ig9icd64.dll+0x353cc5]
C  [ig9icd64.dll+0x152415]
C  [ig9icd64.dll+0x143304]
C  [ig9icd64.dll+0x13ff36]
C  0x0000000004419817

Java frames: (J=compiled Java code, j=interpreted, Vv=VM code)
J 7718  jogamp.opengl.gl4.GL4bcImpl.dispatch_glTexSubImage2D1(IIIIIIIILjava/lang/Object;IZJ)V (0 bytes) @ 0x0000000004419799 [0x0000000004419700+0x99]
J 12562 C2 net.runelite.client.plugins.gpu.GpuPlugin.drawUi(II)V (561 bytes) @ 0x0000000004fa12a8 [0x0000000004fa0e00+0x4a8]
J 10455 C2 net.runelite.client.plugins.gpu.GpuPlugin.draw()V (2777 bytes) @ 0x0000000004591524 [0x000000000458ec00+0x2924]
J 12453 C2 bf.c(Ljava/lang/Object;I)V (150 bytes) @ 0x0000000005469fcc [0x0000000005469f60+0x6c]
j  bf.run()V+381
j  java.lang.Thread.run()V+11
v  ~StubRoutines::call_stub

---------------  P R O C E S S  ---------------

Java Threads: ( => current thread )
  0x0000000020aa7000 JavaThread "Okio Watchdog" daemon [_thread_blocked, id=15120, stack(0x000000007eb40000,0x000000007ec40000)]
  0x0000000020a9f800 JavaThread "OkHttp ConnectionPool" daemon [_thread_blocked, id=19312, stack(0x000000007ea40000,0x000000007eb40000)]
  0x0000000020aa4000 JavaThread "Twitch" [_thread_in_native, id=1680, stack(0x000000007e640000,0x000000007e740000)]
  0x0000000020a9e800 JavaThread "Thread-20" daemon [_thread_blocked, id=11108, stack(0x0000000043560000,0x0000000043660000)]
  0x0000000020a9b000 JavaThread "Thread-19" daemon [_thread_in_native, id=5564, stack(0x0000000043460000,0x0000000043560000)]
  0x0000000020a9e000 JavaThread "Thread-18" daemon [_thread_blocked, id=19488, stack(0x0000000041f90000,0x0000000042090000)]
  0x0000000020a9b800 JavaThread "pool-5-thread-1" [_thread_blocked, id=20684, stack(0x0000000041c90000,0x0000000041d90000)]
  0x0000000020732800 JavaThread "Java Sound Event Dispatcher" daemon [_thread_blocked, id=2800, stack(0x0000000041990000,0x0000000041a90000)]
  0x0000000021fec000 JavaThread "DestroyJavaVM" [_thread_blocked, id=5632, stack(0x0000000002920000,0x0000000002a20000)]
  0x0000000021fed000 JavaThread "TimerQueue" daemon [_thread_blocked, id=4456, stack(0x0000000034850000,0x0000000034950000)]
  0x0000000021fe0000 JavaThread "pool-4-thread-1" [_thread_blocked, id=10020, stack(0x0000000033f50000,0x0000000034050000)]
  0x0000000021fe4800 JavaThread "Thread-12" daemon [_thread_blocked, id=9128, stack(0x0000000028d60000,0x0000000028e60000)]
  0x0000000021fe3000 JavaThread "Trident pulse source thread" daemon [_thread_blocked, id=6652, stack(0x0000000028a60000,0x0000000028b60000)]
  0x0000000021fe2800 JavaThread "Trident callback thread" daemon [_thread_blocked, id=17552, stack(0x0000000028960000,0x0000000028a60000)]
  0x0000000021fe1800 JavaThread "Substance heap status" daemon [_thread_blocked, id=15936, stack(0x0000000028340000,0x0000000028440000)]
  0x0000000021fe6000 JavaThread "Thread-6" daemon [_thread_blocked, id=5052, stack(0x0000000027e30000,0x0000000027f30000)]
=>0x0000000020734000 JavaThread "Thread-5" daemon [_thread_in_native, id=2044, stack(0x0000000027d30000,0x0000000027e30000)]
  0x0000000020733800 JavaThread "Thread-4" daemon [_thread_blocked, id=5816, stack(0x0000000027c30000,0x0000000027d30000)]
  0x0000000020735000 JavaThread "AWT-EventQueue-0" [_thread_blocked, id=11144, stack(0x0000000026360000,0x0000000026460000)]
  0x0000000020732000 JavaThread "AWT-Shutdown" [_thread_blocked, id=15264, stack(0x0000000026260000,0x0000000026360000)]
  0x0000000020731000 JavaThread "Java2D Disposer" daemon [_thread_blocked, id=15572, stack(0x00000000231d0000,0x00000000232d0000)]
  0x000000001fc7c800 JavaThread "pool-2-thread-1" [_thread_blocked, id=7548, stack(0x0000000021700000,0x0000000021800000)]
  0x000000001e70b000 JavaThread "Service Thread" daemon [_thread_blocked, id=17288, stack(0x000000001f2b0000,0x000000001f3b0000)]
  0x000000001e711000 JavaThread "C1 CompilerThread3" daemon [_thread_blocked, id=13156, stack(0x000000001f1b0000,0x000000001f2b0000)]
  0x000000001e70e000 JavaThread "C2 CompilerThread2" daemon [_thread_blocked, id=16632, stack(0x000000001f0b0000,0x000000001f1b0000)]
  0x000000001e70d800 JavaThread "C2 CompilerThread1" daemon [_thread_blocked, id=19392, stack(0x000000001efb0000,0x000000001f0b0000)]
  0x000000001e70c800 JavaThread "C2 CompilerThread0" daemon [_thread_blocked, id=12364, stack(0x000000001eeb0000,0x000000001efb0000)]
  0x000000001e709800 JavaThread "Monitor Ctrl-Break" daemon [_thread_in_native, id=9268, stack(0x000000001edb0000,0x000000001eeb0000)]
  0x000000001e4f2800 JavaThread "Attach Listener" daemon [_thread_blocked, id=19748, stack(0x000000001ecb0000,0x000000001edb0000)]
  0x000000001c70e800 JavaThread "Signal Dispatcher" daemon [_thread_blocked, id=17468, stack(0x000000001ebb0000,0x000000001ecb0000)]
  0x0000000002cda800 JavaThread "Finalizer" daemon [_thread_blocked, id=19232, stack(0x000000001e9c0000,0x000000001eac0000)]
  0x000000001e4e0800 JavaThread "Reference Handler" daemon [_thread_blocked, id=21304, stack(0x000000001e8c0000,0x000000001e9c0000)]

Other Threads:
  0x000000001c6f9000 VMThread [stack: 0x000000001e3c0000,0x000000001e4c0000] [id=7964]
  0x000000001e873000 WatcherThread [stack: 0x000000001f3b0000,0x000000001f4b0000] [id=20164]

VM state:not at safepoint (normal execution)

VM Mutex/Monitor currently owned by a thread: None

heap address: 0x00000006c1c00000, size: 4068 MB, Compressed Oops mode: Zero based, Oop shift amount: 3
Narrow klass base: 0x0000000000000000, Narrow klass shift: 3
Compressed class space size: 1073741824 Address: 0x00000007c0000000

Heap:
 PSYoungGen      total 1094144K, used 157658K [0x000000076b400000, 0x00000007c0000000, 0x00000007c0000000)
  eden space 1003008K, 9% used [0x000000076b400000,0x0000000770e6bc30,0x00000007a8780000)
  from space 91136K, 71% used [0x00000007a8780000,0x00000007ac70ac58,0x00000007ae080000)
  to   space 97792K, 0% used [0x00000007ba080000,0x00000007ba080000,0x00000007c0000000)
 ParOldGen       total 298496K, used 166741K [0x00000006c1c00000, 0x00000006d3f80000, 0x000000076b400000)
  object space 298496K, 55% used [0x00000006c1c00000,0x00000006cbed5480,0x00000006d3f80000)
 Metaspace       used 61422K, capacity 65232K, committed 65408K, reserved 1107968K
  class space    used 6839K, capacity 7428K, committed 7552K, reserved 1048576K

Card table byte_map: [0x00000000120a0000,0x00000000128a0000] byte_map_base: 0x000000000ea92000

Marking Bits: (ParMarkBitMap*) 0x0000000067774ce0
 Begin Bits: [0x00000000135f0000, 0x0000000017580000)
 End Bits:   [0x0000000017580000, 0x000000001b510000)

Polling page: 0x0000000000b30000

CodeCache: size=245760Kb used=43958Kb max_used=43961Kb free=201801Kb
 bounds [0x0000000002ce0000, 0x0000000005810000, 0x0000000011ce0000]
 total_blobs=11133 nmethods=9999 adapters=1044
 compilation: enabled

Compilation events (10 events):
Event: 476.618 Thread 0x000000001e711000 13088       3       okhttp3.Headers::get (33 bytes)
Event: 476.619 Thread 0x000000001e711000 nmethod 13088 0x00000000057ed290 code [0x00000000057ed400, 0x00000000057ed748]
Event: 476.619 Thread 0x000000001e711000 13087       3       okhttp3.Headers::get (9 bytes)
Event: 476.620 Thread 0x000000001e711000 nmethod 13087 0x00000000057fb7d0 code [0x00000000057fb960, 0x00000000057fbd28]
Event: 476.620 Thread 0x000000001e711000 13089       3       java.util.concurrent.CopyOnWriteArrayList::contains (22 bytes)
Event: 476.621 Thread 0x000000001e711000 nmethod 13089 0x00000000057fb310 code [0x00000000057fb480, 0x00000000057fb708]
Event: 476.639 Thread 0x000000001e711000 13090       3       java.lang.StringBuilder::append (8 bytes)
Event: 476.640 Thread 0x000000001e711000 nmethod 13090 0x00000000057db790 code [0x00000000057db900, 0x00000000057dba88]
Event: 476.641 Thread 0x000000001e711000 13091       3       java.lang.AbstractStringBuilder::append (191 bytes)
Event: 476.643 Thread 0x000000001e711000 nmethod 13091 0x0000000005805d10 code [0x0000000005805f00, 0x0000000005806938]

GC Heap History (10 events):
Event: 7.927 GC heap before
{Heap before GC invocations=12 (full 2):
 PSYoungGen      total 791552K, used 13800K [0x000000076b400000, 0x00000007a0280000, 0x00000007c0000000)
  eden space 777728K, 0% used [0x000000076b400000,0x000000076b400000,0x000000079ab80000)
  from space 13824K, 99% used [0x000000079f500000,0x00000007a027a0f8,0x00000007a0280000)
  to   space 15360K, 0% used [0x000000079e480000,0x000000079e480000,0x000000079f380000)
 ParOldGen       total 90624K, used 10233K [0x00000006c1c00000, 0x00000006c7480000, 0x000000076b400000)
  object space 90624K, 11% used [0x00000006c1c00000,0x00000006c25fe6a8,0x00000006c7480000)
 Metaspace       used 34680K, capacity 35208K, committed 35456K, reserved 1081344K
  class space    used 4045K, capacity 4195K, committed 4224K, reserved 1048576K
Event: 8.054 GC heap after
Heap after GC invocations=12 (full 2):
 PSYoungGen      total 791552K, used 0K [0x000000076b400000, 0x00000007a0280000, 0x00000007c0000000)
  eden space 777728K, 0% used [0x000000076b400000,0x000000076b400000,0x000000079ab80000)
  from space 13824K, 0% used [0x000000079f500000,0x000000079f500000,0x00000007a0280000)
  to   space 15360K, 0% used [0x000000079e480000,0x000000079e480000,0x000000079f380000)
 ParOldGen       total 134656K, used 22865K [0x00000006c1c00000, 0x00000006c9f80000, 0x000000076b400000)
  object space 134656K, 16% used [0x00000006c1c00000,0x00000006c3254420,0x00000006c9f80000)
 Metaspace       used 34680K, capacity 35208K, committed 35456K, reserved 1081344K
  class space    used 4045K, capacity 4195K, committed 4224K, reserved 1048576K
}
Event: 23.405 GC heap before
{Heap before GC invocations=13 (full 2):
 PSYoungGen      total 791552K, used 549271K [0x000000076b400000, 0x00000007a0280000, 0x00000007c0000000)
  eden space 777728K, 70% used [0x000000076b400000,0x000000078cc65e48,0x000000079ab80000)
  from space 13824K, 0% used [0x000000079f500000,0x000000079f500000,0x00000007a0280000)
  to   space 15360K, 0% used [0x000000079e480000,0x000000079e480000,0x000000079f380000)
 ParOldGen       total 134656K, used 22865K [0x00000006c1c00000, 0x00000006c9f80000, 0x000000076b400000)
  object space 134656K, 16% used [0x00000006c1c00000,0x00000006c3254420,0x00000006c9f80000)
 Metaspace       used 55467K, capacity 59018K, committed 59096K, reserved 1101824K
  class space    used 6483K, capacity 6997K, committed 7040K, reserved 1048576K
Event: 23.492 GC heap after
Heap after GC invocations=13 (full 2):
 PSYoungGen      total 851456K, used 15354K [0x000000076b400000, 0x00000007b2300000, 0x00000007c0000000)
  eden space 836096K, 0% used [0x000000076b400000,0x000000076b400000,0x000000079e480000)
  from space 15360K, 99% used [0x000000079e480000,0x000000079f37e978,0x000000079f380000)
  to   space 68096K, 0% used [0x00000007ae080000,0x00000007ae080000,0x00000007b2300000)
 ParOldGen       total 165888K, used 160270K [0x00000006c1c00000, 0x00000006cbe00000, 0x000000076b400000)
  object space 165888K, 96% used [0x00000006c1c00000,0x00000006cb8839c8,0x00000006cbe00000)
 Metaspace       used 55467K, capacity 59018K, committed 59096K, reserved 1101824K
  class space    used 6483K, capacity 6997K, committed 7040K, reserved 1048576K
}
Event: 23.492 GC heap before
{Heap before GC invocations=14 (full 3):
 PSYoungGen      total 851456K, used 15354K [0x000000076b400000, 0x00000007b2300000, 0x00000007c0000000)
  eden space 836096K, 0% used [0x000000076b400000,0x000000076b400000,0x000000079e480000)
  from space 15360K, 99% used [0x000000079e480000,0x000000079f37e978,0x000000079f380000)
  to   space 68096K, 0% used [0x00000007ae080000,0x00000007ae080000,0x00000007b2300000)
 ParOldGen       total 165888K, used 160270K [0x00000006c1c00000, 0x00000006cbe00000, 0x000000076b400000)
  object space 165888K, 96% used [0x00000006c1c00000,0x00000006cb8839c8,0x00000006cbe00000)
 Metaspace       used 55467K, capacity 59018K, committed 59096K, reserved 1101824K
  class space    used 6483K, capacity 6997K, committed 7040K, reserved 1048576K
Event: 23.847 GC heap after
Heap after GC invocations=14 (full 3):
 PSYoungGen      total 851456K, used 0K [0x000000076b400000, 0x00000007b2300000, 0x00000007c0000000)
  eden space 836096K, 0% used [0x000000076b400000,0x000000076b400000,0x000000079e480000)
  from space 15360K, 0% used [0x000000079e480000,0x000000079e480000,0x000000079f380000)
  to   space 68096K, 0% used [0x00000007ae080000,0x00000007ae080000,0x00000007b2300000)
 ParOldGen       total 298496K, used 106464K [0x00000006c1c00000, 0x00000006d3f80000, 0x000000076b400000)
  object space 298496K, 35% used [0x00000006c1c00000,0x00000006c83f80b0,0x00000006d3f80000)
 Metaspace       used 55467K, capacity 59018K, committed 59096K, reserved 1101824K
  class space    used 6483K, capacity 6997K, committed 7040K, reserved 1048576K
}
Event: 220.668 GC heap before
{Heap before GC invocations=15 (full 3):
 PSYoungGen      total 851456K, used 836096K [0x000000076b400000, 0x00000007b2300000, 0x00000007c0000000)
  eden space 836096K, 100% used [0x000000076b400000,0x000000079e480000,0x000000079e480000)
  from space 15360K, 0% used [0x000000079e480000,0x000000079e480000,0x000000079f380000)
  to   space 68096K, 0% used [0x00000007ae080000,0x00000007ae080000,0x00000007b2300000)
 ParOldGen       total 298496K, used 106464K [0x00000006c1c00000, 0x00000006d3f80000, 0x000000076b400000)
  object space 298496K, 35% used [0x00000006c1c00000,0x00000006c83f80b0,0x00000006d3f80000)
 Metaspace       used 60695K, capacity 64560K, committed 64768K, reserved 1105920K
  class space    used 6773K, capacity 7384K, committed 7424K, reserved 1048576K
Event: 220.739 GC heap after
Heap after GC invocations=15 (full 3):
 PSYoungGen      total 1071104K, used 68083K [0x000000076b400000, 0x00000007b8380000, 0x00000007c0000000)
  eden space 1003008K, 0% used [0x000000076b400000,0x000000076b400000,0x00000007a8780000)
  from space 68096K, 99% used [0x00000007ae080000,0x00000007b22fcd10,0x00000007b2300000)
  to   space 91136K, 0% used [0x00000007a8780000,0x00000007a8780000,0x00000007ae080000)
 ParOldGen       total 298496K, used 136487K [0x00000006c1c00000, 0x00000006d3f80000, 0x000000076b400000)
  object space 298496K, 45% used [0x00000006c1c00000,0x00000006ca149c70,0x00000006d3f80000)
 Metaspace       used 60695K, capacity 64560K, committed 64768K, reserved 1105920K
  class space    used 6773K, capacity 7384K, committed 7424K, reserved 1048576K
}
Event: 471.575 GC heap before
{Heap before GC invocations=16 (full 3):
 PSYoungGen      total 1071104K, used 1070627K [0x000000076b400000, 0x00000007b8380000, 0x00000007c0000000)
  eden space 1003008K, 99% used [0x000000076b400000,0x00000007a870c010,0x00000007a8780000)
  from space 68096K, 99% used [0x00000007ae080000,0x00000007b22fcd10,0x00000007b2300000)
  to   space 91136K, 0% used [0x00000007a8780000,0x00000007a8780000,0x00000007ae080000)
 ParOldGen       total 298496K, used 136487K [0x00000006c1c00000, 0x00000006d3f80000, 0x000000076b400000)
  object space 298496K, 45% used [0x00000006c1c00000,0x00000006ca149c70,0x00000006d3f80000)
 Metaspace       used 61106K, capacity 64930K, committed 65024K, reserved 1107968K
  class space    used 6781K, capacity 7391K, committed 7424K, reserved 1048576K
Event: 471.623 GC heap after
Heap after GC invocations=16 (full 3):
 PSYoungGen      total 1094144K, used 65067K [0x000000076b400000, 0x00000007c0000000, 0x00000007c0000000)
  eden space 1003008K, 0% used [0x000000076b400000,0x000000076b400000,0x00000007a8780000)
  from space 91136K, 71% used [0x00000007a8780000,0x00000007ac70ac58,0x00000007ae080000)
  to   space 97792K, 0% used [0x00000007ba080000,0x00000007ba080000,0x00000007c0000000)
 ParOldGen       total 298496K, used 166741K [0x00000006c1c00000, 0x00000006d3f80000, 0x000000076b400000)
  object space 298496K, 55% used [0x00000006c1c00000,0x00000006cbed5480,0x00000006d3f80000)
 Metaspace       used 61106K, capacity 64930K, committed 65024K, reserved 1107968K
  class space    used 6781K, capacity 7391K, committed 7424K, reserved 1048576K
}

Deoptimization events (10 events):
Event: 475.670 Thread 0x0000000020735000 Uncommon trap: reason=class_check action=maybe_recompile pc=0x00000000055509f4 method=java.awt.Toolkit$ToolkitEventMulticaster.eventDispatched(Ljava/awt/AWTEvent;)V @ 4
Event: 476.072 Thread 0x0000000020735000 Uncommon trap: reason=unstable_if action=reinterpret pc=0x00000000041015f8 method=javax.swing.JButton.removeNotify()V @ 14
Event: 476.074 Thread 0x0000000020735000 Uncommon trap: reason=unstable_if action=reinterpret pc=0x00000000040e0c4c method=javax.swing.JComponent.unregisterWithKeyboardManager()V @ 11
Event: 476.633 Thread 0x0000000021fe7000 Uncommon trap: reason=class_check action=maybe_recompile pc=0x0000000003d9650c method=jogamp.opengl.GLDrawableImpl.lockSurface()I @ 4
Event: 476.633 Thread 0x0000000021fe7000 Uncommon trap: reason=unstable_if action=reinterpret pc=0x00000000050b2d20 method=jogamp.common.util.locks.RecursiveLockImpl01Unfairish$SingleThreadSync.isOwner(Ljava/lang/Thread;)Z @ 5
Event: 476.633 Thread 0x0000000021fe7000 Uncommon trap: reason=unstable_if action=reinterpret pc=0x0000000003a3ffe0 method=jogamp.common.util.locks.RecursiveLockImpl01Unfairish$SingleThreadSync.isOwner(Ljava/lang/Thread;)Z @ 5
Event: 476.633 Thread 0x0000000021fe7000 Uncommon trap: reason=class_check action=maybe_recompile pc=0x0000000003d9650c method=jogamp.opengl.GLDrawableImpl.lockSurface()I @ 4
Event: 476.639 Thread 0x0000000021fe7000 Uncommon trap: reason=unstable_if action=reinterpret pc=0x00000000053bfe78 method=jogamp.common.util.locks.RecursiveLockImpl01Unfairish.unlock(Ljava/lang/Runnable;)V @ 34
Event: 476.663 Thread 0x0000000020734000 Uncommon trap: reason=unstable_if action=reinterpret pc=0x0000000004b839c4 method=sun.java2d.d3d.D3DScreenUpdateManager.createGraphics(Lsun/java2d/SurfaceData;Lsun/awt/windows/WComponentPeer;Ljava/awt/Color;Ljava/awt/Color;Ljava/awt/Font;)Ljava/awt/Graphi
Event: 476.670 Thread 0x0000000020734000 Uncommon trap: reason=unstable_if action=reinterpret pc=0x0000000004f68604 method=jogamp.opengl.windows.wgl.WindowsWGLDrawable.swapBuffersImpl(Z)V @ 26

Classes redefined (0 events):
No events

Internal exceptions (10 events):
Event: 157.712 Thread 0x0000000020735000 Implicit null exception at 0x0000000005284bcb to 0x0000000005285a35
Event: 164.627 Thread 0x0000000020735000 Exception <a 'java/lang/NoSuchMethodError': java.lang.Object.inspectorAlwaysOnTop()Z> (0x000000078fb55aa0) thrown at [C:\re\workspace\8-2-build-windows-amd64-cygwin\jdk8u201\12322\hotspot\src\share\vm\interpreter\linkResolver.cpp, line 620]
Event: 176.749 Thread 0x0000000020735000 Exception <a 'java/lang/NoSuchMethodError': java.lang.Object.inspectorAlwaysOnTop()Z> (0x0000000792a55d80) thrown at [C:\re\workspace\8-2-build-windows-amd64-cygwin\jdk8u201\12322\hotspot\src\share\vm\interpreter\linkResolver.cpp, line 620]
Event: 180.798 Thread 0x0000000020734000 Implicit null exception at 0x00000000040e4aef to 0x00000000040e52a1
Event: 192.129 Thread 0x0000000020735000 Exception <a 'java/lang/NoSuchMethodError': java.lang.Object.inspectorAlwaysOnTop()Z> (0x0000000797031ff8) thrown at [C:\re\workspace\8-2-build-windows-amd64-cygwin\jdk8u201\12322\hotspot\src\share\vm\interpreter\linkResolver.cpp, line 620]
Event: 192.512 Thread 0x0000000020735000 Implicit null exception at 0x0000000003e6fd5f to 0x0000000003e6ffc5
Event: 219.222 Thread 0x0000000020734000 Implicit null exception at 0x0000000004f5d657 to 0x0000000004f5dd41
Event: 226.447 Thread 0x0000000020734000 Implicit null exception at 0x00000000040e4213 to 0x00000000040e437d
Event: 427.958 Thread 0x0000000020737000 Implicit null exception at 0x00000000045b142b to 0x00000000045b232d
Event: 428.952 Thread 0x0000000020735000 Exception <a 'java/lang/NoSuchMethodError': java.lang.Object.inspectorAlwaysOnTop()Z> (0x000000079ca68f10) thrown at [C:\re\workspace\8-2-build-windows-amd64-cygwin\jdk8u201\12322\hotspot\src\share\vm\interpreter\linkResolver.cpp, line 620]

Events (10 events):
Event: 476.660 Thread 0x0000000020aa1000 Thread exited: 0x0000000020aa1000
Event: 476.663 Thread 0x0000000020734000 Uncommon trap: trap_request=0xffffff65 fr.pc=0x0000000004b839c4
Event: 476.663 Thread 0x0000000020734000 DEOPT PACKING pc=0x0000000004b839c4 sp=0x0000000027e2ed20
Event: 476.663 Thread 0x0000000020734000 DEOPT UNPACKING pc=0x0000000002d2583b sp=0x0000000027e2ec40 mode 2
Event: 476.670 Thread 0x0000000020734000 Uncommon trap: trap_request=0xffffff65 fr.pc=0x0000000004f68604
Event: 476.670 Thread 0x0000000020734000 DEOPT PACKING pc=0x0000000004f68604 sp=0x0000000027e2ee20
Event: 476.670 Thread 0x0000000020734000 DEOPT UNPACKING pc=0x0000000002d2583b sp=0x0000000027e2ed60 mode 2
Event: 476.768 Executing VM operation: RevokeBias
Event: 476.768 Executing VM operation: RevokeBias done
Event: 476.768 Thread 0x0000000020736800 Thread exited: 0x0000000020736800


Dynamic libraries:
0x00007ff674c20000 - 0x00007ff674c57000 	C:\Program Files\Java\jdk1.8.0_201\bin\java.exe
0x00007ffe8cb00000 - 0x00007ffe8cce1000 	C:\WINDOWS\SYSTEM32\ntdll.dll
0x00007ffe8c120000 - 0x00007ffe8c1d2000 	C:\WINDOWS\System32\KERNEL32.DLL
0x00007ffe88f20000 - 0x00007ffe89193000 	C:\WINDOWS\System32\KERNELBASE.dll
0x00007ffe8bfa0000 - 0x00007ffe8c041000 	C:\WINDOWS\System32\ADVAPI32.dll
0x00007ffe8a530000 - 0x00007ffe8a5ce000 	C:\WINDOWS\System32\msvcrt.dll
0x00007ffe8c350000 - 0x00007ffe8c3ab000 	C:\WINDOWS\System32\sechost.dll
0x00007ffe8a600000 - 0x00007ffe8a724000 	C:\WINDOWS\System32\RPCRT4.dll
0x00007ffe8c940000 - 0x00007ffe8cad0000 	C:\WINDOWS\System32\USER32.dll
0x00007ffe89af0000 - 0x00007ffe89b10000 	C:\WINDOWS\System32\win32u.dll
0x00007ffe8c890000 - 0x00007ffe8c8b8000 	C:\WINDOWS\System32\GDI32.dll
0x00007ffe89950000 - 0x00007ffe89ae2000 	C:\WINDOWS\System32\gdi32full.dll
0x00007ffe898b0000 - 0x00007ffe8994f000 	C:\WINDOWS\System32\msvcp_win.dll
0x00007ffe89d00000 - 0x00007ffe89dfa000 	C:\WINDOWS\System32\ucrtbase.dll
0x00007ffe796c0000 - 0x00007ffe79929000 	C:\WINDOWS\WinSxS\amd64_microsoft.windows.common-controls_6595b64144ccf1df_6.0.17134.590_none_fb3d9bff3069e088\COMCTL32.dll
0x00007ffe89f90000 - 0x00007ffe8a2b2000 	C:\WINDOWS\System32\combase.dll
0x00007ffe89e00000 - 0x00007ffe89e7a000 	C:\WINDOWS\System32\bcryptPrimitives.dll
0x00007ffe8a5d0000 - 0x00007ffe8a5fd000 	C:\WINDOWS\System32\IMM32.DLL
0x0000000067800000 - 0x00000000678d1000 	C:\Program Files\Java\jdk1.8.0_201\jre\bin\msvcr100.dll
0x0000000066f50000 - 0x00000000677f4000 	C:\Program Files\Java\jdk1.8.0_201\jre\bin\server\jvm.dll
0x00007ffe8c1e0000 - 0x00007ffe8c1e8000 	C:\WINDOWS\System32\PSAPI.DLL
0x00007ffe764f0000 - 0x00007ffe764f9000 	C:\WINDOWS\SYSTEM32\WSOCK32.dll
0x00007ffe84b60000 - 0x00007ffe84b83000 	C:\WINDOWS\SYSTEM32\WINMM.dll
0x00007ffe8c0b0000 - 0x00007ffe8c11c000 	C:\WINDOWS\System32\WS2_32.dll
0x00007ffe83540000 - 0x00007ffe8354a000 	C:\WINDOWS\SYSTEM32\VERSION.dll
0x00007ffe84b10000 - 0x00007ffe84b3a000 	C:\WINDOWS\SYSTEM32\winmmbase.dll
0x00007ffe88ed0000 - 0x00007ffe88f19000 	C:\WINDOWS\System32\cfgmgr32.dll
0x00007ffe7a420000 - 0x00007ffe7a42f000 	C:\Program Files\Java\jdk1.8.0_201\jre\bin\verify.dll
0x00007ffe79c30000 - 0x00007ffe79c59000 	C:\Program Files\Java\jdk1.8.0_201\jre\bin\java.dll
0x00007ffe76990000 - 0x00007ffe769b3000 	C:\Program Files\Java\jdk1.8.0_201\jre\bin\instrument.dll
0x00007ffe79ae0000 - 0x00007ffe79af6000 	C:\Program Files\Java\jdk1.8.0_201\jre\bin\zip.dll
0x00007ffe8ab60000 - 0x00007ffe8bfa0000 	C:\WINDOWS\System32\SHELL32.dll
0x00007ffe8a7d0000 - 0x00007ffe8a879000 	C:\WINDOWS\System32\shcore.dll
0x00007ffe891a0000 - 0x00007ffe898ad000 	C:\WINDOWS\System32\windows.storage.dll
0x00007ffe8c3b0000 - 0x00007ffe8c401000 	C:\WINDOWS\System32\shlwapi.dll
0x00007ffe88eb0000 - 0x00007ffe88ec1000 	C:\WINDOWS\System32\kernel.appcore.dll
0x00007ffe88e40000 - 0x00007ffe88e5f000 	C:\WINDOWS\System32\profapi.dll
0x00007ffe88e60000 - 0x00007ffe88eac000 	C:\WINDOWS\System32\powrprof.dll
0x00007ffe88e10000 - 0x00007ffe88e1a000 	C:\WINDOWS\System32\FLTLIB.DLL
0x00007ffe72c50000 - 0x00007ffe72c6a000 	C:\Program Files\JetBrains\IntelliJ IDEA Community Edition 2018.3.3\bin\breakgen64.dll
0x00007ffe78ee0000 - 0x00007ffe78efa000 	C:\Program Files\Java\jdk1.8.0_201\jre\bin\net.dll
0x00007ffe7b1f0000 - 0x00007ffe7b3b9000 	C:\WINDOWS\SYSTEM32\urlmon.dll
0x00007ffe79410000 - 0x00007ffe796b5000 	C:\WINDOWS\SYSTEM32\iertutil.dll
0x00007ffe88840000 - 0x00007ffe8884b000 	C:\WINDOWS\SYSTEM32\CRYPTBASE.DLL
0x00007ffe88690000 - 0x00007ffe886f6000 	C:\WINDOWS\system32\mswsock.dll
0x00007ffe71d60000 - 0x00007ffe71d84000 	C:\Program Files\Java\jdk1.8.0_201\jre\bin\sunec.dll
0x00007ffe88410000 - 0x00007ffe88448000 	C:\WINDOWS\SYSTEM32\IPHLPAPI.DLL
0x00007ffe8a880000 - 0x00007ffe8a888000 	C:\WINDOWS\System32\NSI.dll
0x00007ffe810a0000 - 0x00007ffe810b6000 	C:\WINDOWS\SYSTEM32\dhcpcsvc6.DLL
0x00007ffe81260000 - 0x00007ffe8127a000 	C:\WINDOWS\SYSTEM32\dhcpcsvc.DLL
0x00007ffe76850000 - 0x00007ffe76861000 	C:\Program Files\Java\jdk1.8.0_201\jre\bin\nio.dll
0x00007ffe88850000 - 0x00007ffe88867000 	C:\WINDOWS\SYSTEM32\CRYPTSP.dll
0x00007ffe88270000 - 0x00007ffe882a3000 	C:\WINDOWS\system32\rsaenh.dll
0x00007ffe88970000 - 0x00007ffe88995000 	C:\WINDOWS\SYSTEM32\bcrypt.dll
0x00007ffe88d10000 - 0x00007ffe88d38000 	C:\WINDOWS\SYSTEM32\USERENV.dll
0x00007ffe71b80000 - 0x00007ffe71bc2000 	C:\Users\asus\AppData\Local\Temp\jna-3003984\jna7577191963784774880.dll
0x00007ffe71ae0000 - 0x00007ffe71b7c000 	C:\Users\asus\AppData\Local\Temp\jna-3003984\jna4974142976885316920.dll
0x00007ffe88450000 - 0x00007ffe8850e000 	C:\WINDOWS\SYSTEM32\DNSAPI.dll
0x00007ffe7c910000 - 0x00007ffe7c91a000 	C:\Windows\System32\rasadhlp.dll
0x00007ffe7cf10000 - 0x00007ffe7cf82000 	C:\WINDOWS\System32\fwpuclnt.dll
0x00007ffe51900000 - 0x00007ffe51a99000 	C:\Program Files\Java\jdk1.8.0_201\jre\bin\awt.dll
0x00007ffe8a2c0000 - 0x00007ffe8a383000 	C:\WINDOWS\System32\OLEAUT32.dll
0x00007ffe86450000 - 0x00007ffe864db000 	C:\WINDOWS\SYSTEM32\apphelp.dll
0x00007ffe86580000 - 0x00007ffe86618000 	C:\WINDOWS\system32\uxtheme.dll
0x00007ffe8a8f0000 - 0x00007ffe8aa63000 	C:\WINDOWS\System32\MSCTF.dll
0x00007ffe86fe0000 - 0x00007ffe87009000 	C:\WINDOWS\system32\dwmapi.dll
0x00007ffe8c1f0000 - 0x00007ffe8c341000 	C:\WINDOWS\System32\ole32.dll
0x00007ffe81410000 - 0x00007ffe8141b000 	C:\Program Files\Java\jdk1.8.0_201\jre\bin\sunmscapi.dll
0x00007ffe89b10000 - 0x00007ffe89cf2000 	C:\WINDOWS\System32\CRYPT32.dll
0x00007ffe88e20000 - 0x00007ffe88e32000 	C:\WINDOWS\System32\MSASN1.dll
0x00007ffe70e60000 - 0x00007ffe70ea7000 	C:\Program Files\Java\jdk1.8.0_201\jre\bin\fontmanager.dll
0x00007ffe6f110000 - 0x00007ffe6f1b2000 	C:\Program Files\Java\jdk1.8.0_201\jre\bin\mlib_image.dll
0x00007ffe773d0000 - 0x00007ffe774f0000 	C:\WINDOWS\system32\opengl32.dll
0x00007ffe82690000 - 0x00007ffe826bc000 	C:\WINDOWS\SYSTEM32\GLU32.dll
0x00007ffe70dd0000 - 0x00007ffe70dfa000 	C:\Program Files\Java\jdk1.8.0_201\jre\bin\dcpr.dll
0x00007ffe70b40000 - 0x00007ffe70b82000 	C:\Program Files\Java\jdk1.8.0_201\jre\bin\t2k.dll
0x00007ffe8a730000 - 0x00007ffe8a7d0000 	C:\WINDOWS\System32\clbcatq.dll
0x00007ffe83780000 - 0x00007ffe8392e000 	C:\WINDOWS\SYSTEM32\WindowsCodecs.dll
0x00007ffe6cbe0000 - 0x00007ffe6cc38000 	C:\WINDOWS\system32\dataexchange.dll
0x00007ffe85490000 - 0x00007ffe8579b000 	C:\WINDOWS\system32\d3d11.dll
0x00007ffe85d70000 - 0x00007ffe85f0c000 	C:\WINDOWS\system32\dcomp.dll
0x00007ffe87bd0000 - 0x00007ffe87c8b000 	C:\WINDOWS\system32\dxgi.dll
0x00007ffe870f0000 - 0x00007ffe872a8000 	C:\WINDOWS\system32\twinapi.appcore.dll
0x00007ffe870c0000 - 0x00007ffe870e9000 	C:\WINDOWS\system32\RMCLIENT.dll
0x00007ffe81420000 - 0x00007ffe814c8000 	C:\WINDOWS\SYSTEM32\mscms.dll
0x00007ffe84c50000 - 0x00007ffe84c60000 	C:\WINDOWS\SYSTEM32\ColorAdapterClient.dll
0x00007ffe70330000 - 0x00007ffe70373000 	C:\WINDOWS\SYSTEM32\icm32.dll
0x00007ffe77be0000 - 0x00007ffe77c76000 	C:\WINDOWS\System32\TextInputFramework.dll
0x00007ffe86250000 - 0x00007ffe8632a000 	C:\WINDOWS\System32\CoreMessaging.dll
0x00007ffe83210000 - 0x00007ffe8352e000 	C:\WINDOWS\System32\CoreUIComponents.dll
0x00007ffe87f00000 - 0x00007ffe87f31000 	C:\WINDOWS\SYSTEM32\ntmarta.dll
0x00007ffe844a0000 - 0x00007ffe845ed000 	C:\WINDOWS\SYSTEM32\wintypes.dll
0x00000000637c0000 - 0x00000000637cd000 	C:\Users\asus\AppData\Local\Temp\jogamp_0000\file_cache\jln885334119968424648\jln5479304457643144518\natives\windows-amd64\gluegen-rt.dll
0x00007ffe813c0000 - 0x00007ffe813c7000 	C:\Program Files\Java\jdk1.8.0_201\jre\bin\jawt.dll
0x000000006a440000 - 0x000000006a44d000 	C:\Users\asus\AppData\Local\Temp\jogamp_0000\file_cache\jln885334119968424648\jln5479304457643144518\natives\windows-amd64\nativewindow_awt.dll
0x000000006c100000 - 0x000000006c10f000 	C:\Users\asus\AppData\Local\Temp\jogamp_0000\file_cache\jln885334119968424648\jln5479304457643144518\natives\windows-amd64\nativewindow_win32.dll
0x0000000064500000 - 0x00000000645b1000 	C:\Users\asus\AppData\Local\Temp\jogamp_0000\file_cache\jln885334119968424648\jln5479304457643144518\natives\windows-amd64\jogl_desktop.dll
0x0000000064340000 - 0x00000000643a2000 	C:\Users\asus\AppData\Local\Temp\jogamp_0000\file_cache\jln885334119968424648\jln5479304457643144518\natives\windows-amd64\jogl_mobile.dll
0x00007ffe3d8d0000 - 0x00007ffe3e7be000 	C:\WINDOWS\System32\DriverStore\FileRepository\igdlh64.inf_amd64_31ba00ea6900d67d\ig9icd64.dll
0x00007ffe7d7e0000 - 0x00007ffe7f6e1000 	C:\WINDOWS\System32\DriverStore\FileRepository\igdlh64.inf_amd64_31ba00ea6900d67d\igc64.dll
0x00007ffe81820000 - 0x00007ffe8182b000 	C:\WINDOWS\SYSTEM32\WINNSI.DLL
0x00007ffe6f210000 - 0x00007ffe6f241000 	C:\Program Files\Java\jdk1.8.0_201\jre\bin\jpeg.dll
0x00007ffe6f0d0000 - 0x00007ffe6f10e000 	C:\Program Files\Java\jdk1.8.0_201\jre\bin\lcms.dll
0x00007ffe79ab0000 - 0x00007ffe79abd000 	C:\Program Files\Java\jdk1.8.0_201\jre\bin\management.dll
0x00007ffe7ad50000 - 0x00007ffe7ad5c000 	C:\Program Files\Java\jdk1.8.0_201\jre\bin\jsound.dll
0x00007ffe79be0000 - 0x00007ffe79beb000 	C:\Program Files\Java\jdk1.8.0_201\jre\bin\jsoundds.dll
0x00007ffe683c0000 - 0x00007ffe6844f000 	C:\WINDOWS\SYSTEM32\DSOUND.dll
0x00007ffe81170000 - 0x00007ffe811e6000 	C:\WINDOWS\SYSTEM32\MMDevAPI.DLL
0x00007ffe88c20000 - 0x00007ffe88c47000 	C:\WINDOWS\SYSTEM32\DEVOBJ.dll
0x00007ffe86a00000 - 0x00007ffe86bb4000 	C:\WINDOWS\SYSTEM32\PROPSYS.dll
0x00007ffe4f800000 - 0x00007ffe4f844000 	C:\WINDOWS\SYSTEM32\wdmaud.drv
0x00007ffe82da0000 - 0x00007ffe82da9000 	C:\WINDOWS\SYSTEM32\ksuser.dll
0x00007ffe83b00000 - 0x00007ffe83b0a000 	C:\WINDOWS\SYSTEM32\AVRT.dll
0x00007ffe73130000 - 0x00007ffe7325c000 	C:\WINDOWS\SYSTEM32\AUDIOSES.DLL
0x00007ffe79a20000 - 0x00007ffe79a2d000 	C:\WINDOWS\SYSTEM32\msacm32.drv
0x00007ffe70be0000 - 0x00007ffe70bfc000 	C:\WINDOWS\SYSTEM32\MSACM32.dll
0x00007ffe78ff0000 - 0x00007ffe78ffa000 	C:\WINDOWS\SYSTEM32\midimap.dll
0x00007ffe83550000 - 0x00007ffe835b4000 	C:\WINDOWS\system32\Ninput.dll
0x00007ffe87810000 - 0x00007ffe879d9000 	C:\WINDOWS\SYSTEM32\dbghelp.dll

VM Arguments:
jvm_args: -ea -javaagent:C:\Program Files\JetBrains\IntelliJ IDEA Community Edition 2018.3.3\lib\idea_rt.jar=57642:C:\Program Files\JetBrains\IntelliJ IDEA Community Edition 2018.3.3\bin -Dfile.encoding=UTF-8 
java_command: net.runelite.client.RuneLite --debug --developer-mode
java_class_path (initial): C:\Program Files\Java\jdk1.8.0_201\jre\lib\charsets.jar;C:\Program Files\Java\jdk1.8.0_201\jre\lib\deploy.jar;C:\Program Files\Java\jdk1.8.0_201\jre\lib\ext\access-bridge-64.jar;C:\Program Files\Java\jdk1.8.0_201\jre\lib\ext\cldrdata.jar;C:\Program Files\Java\jdk1.8.0_201\jre\lib\ext\dnsns.jar;C:\Program Files\Java\jdk1.8.0_201\jre\lib\ext\jaccess.jar;C:\Program Files\Java\jdk1.8.0_201\jre\lib\ext\jfxrt.jar;C:\Program Files\Java\jdk1.8.0_201\jre\lib\ext\localedata.jar;C:\Program Files\Java\jdk1.8.0_201\jre\lib\ext\nashorn.jar;C:\Program Files\Java\jdk1.8.0_201\jre\lib\ext\sunec.jar;C:\Program Files\Java\jdk1.8.0_201\jre\lib\ext\sunjce_provider.jar;C:\Program Files\Java\jdk1.8.0_201\jre\lib\ext\sunmscapi.jar;C:\Program Files\Java\jdk1.8.0_201\jre\lib\ext\sunpkcs11.jar;C:\Program Files\Java\jdk1.8.0_201\jre\lib\ext\zipfs.jar;C:\Program Files\Java\jdk1.8.0_201\jre\lib\javaws.jar;C:\Program Files\Java\jdk1.8.0_201\jre\lib\jce.jar;C:\Program Files\Java\jdk1.8.0_201\jre\lib\jfr.jar;C:\Program Files\Java\jdk1.8.0_201\jre\lib\jfxswt.jar;C:\Program Files\Java\jdk1.8.0_201\jre\lib\jsse.jar;C:\Program Files\Java\jdk1.8.0_201\jre\lib\management-agent.jar;C:\Program Files\Java\jdk1.8.0_201\jre\lib\plugin.jar;C:\Program Files\Java\jdk1.8.0_201\jre\lib\resources.jar;C:\Program Files\Java\jdk1.8.0_201\jre\lib\rt.jar;C:\Users\asus\runelite\runelite-client\target\classes;C:\Users\asus\.m2\repository\org\slf4j\slf4j-api\1.7.25\slf4j-api-1.7.25.jar;C:\Users\asus\.m2\repository\ch\qos\logback\logback-classic\1.2.3\logback-classic-1.2.3.jar;C:\Users\asus\.m2\repository\ch\qos\logback\logback-core\1.2.3\logback-core-1.2.3.jar;C:\Users\asus\.m2\repository\net\sf\jopt-simple\jopt-simple\5.0.1\jopt-simple-5.0.1.jar;C:\Users\asus\.m2\repository\com\google\guava\guava\23.2-jre\guava-23.2-jre.jar;C:\Users\asus\.m2\repository\com\google\code\findbugs\jsr305\1.3.9\jsr305-1.3.9.jar;C:\Users\asus\.m2\repository\com\google\errorprone\error_prone_annotations\2.0.18\error_
Launcher Type: SUN_STANDARD

Environment Variables:
PATH=C:\Program Files (x86)\Common Files\Oracle\Java\javapath;C:\Program Files (x86)\Intel\iCLS Client\;C:\Program Files\Intel\iCLS Client\;C:\Windows\system32;C:\Windows;C:\Windows\System32\Wbem;C:\Windows\System32\WindowsPowerShell\v1.0\;C:\Program Files (x86)\NVIDIA Corporation\PhysX\Common;C:\Program Files (x86)\Intel\Intel(R) Management Engine Components\DAL;C:\Program Files\Intel\Intel(R) Management Engine Components\DAL;C:\Program Files (x86)\Intel\Intel(R) Management Engine Components\IPT;C:\Program Files\Intel\Intel(R) Management Engine Components\IPT;C:\WINDOWS\system32;C:\WINDOWS;C:\WINDOWS\System32\Wbem;C:\WINDOWS\System32\WindowsPowerShell\v1.0\;C:\WINDOWS\System32\OpenSSH\;C:\Documents\PuTTY\;C:\Program Files\Intel\WiFi\bin\;C:\Program Files\Common Files\Intel\WirelessCommon\;C:\cygwin\bin;C:\Program Files\Git\cmd;C:\Users\asus\AppData\Local\Microsoft\WindowsApps;C:\Users\asus\AppData\Local\GitHubDesktop\bin
USERNAME=asus
OS=Windows_NT
PROCESSOR_IDENTIFIER=Intel64 Family 6 Model 158 Stepping 9, GenuineIntel



---------------  S Y S T E M  ---------------

OS: Windows 10.0 , 64 bit Build 17134 (10.0.17134.556)

CPU:total 8 (initial active 8) (4 cores per cpu, 2 threads per core) family 6 model 158 stepping 9, cmov, cx8, fxsr, mmx, sse, sse2, sse3, ssse3, sse4.1, sse4.2, popcnt, avx, avx2, aes, clmul, erms, 3dnowpref, lzcnt, ht, tsc, tscinvbit, bmi1, bmi2, adx

Memory: 4k page, physical 16659216k(7859596k free), swap 19149584k(4010104k free)

vm_info: Java HotSpot(TM) 64-Bit Server VM (25.201-b09) for windows-amd64 JRE (1.8.0_201-b09), built on Dec 15 2018 18:36:39 by "java_re" with MS VC++ 10.0 (VS2010)

time: Mon Mar 11 21:09:33 2019
timezone: Eastern Daylight Time
elapsed time: 476 seconds (0d 0h 7m 56s)

