#
# A fatal error has been detected by the Java Runtime Environment:
#
#  EXCEPTION_ACCESS_VIOLATION (0xc0000005) at pc=0x00007ffe3e0a0e0e, pid=16868, tid=0x00000000000010ec
#
# JRE version: Java(TM) SE Runtime Environment (8.0_201-b09) (build 1.8.0_201-b09)
# Java VM: Java HotSpot(TM) 64-Bit Server VM (25.201-b09 mixed mode windows-amd64 compressed oops)
# Problematic frame:
# C  [ig9icd64.dll+0x190e0e]
#
# Failed to write core dump. Minidumps are not enabled by default on client versions of Windows
#
# If you would like to submit a bug report, please visit:
#   http://bugreport.java.com/bugreport/crash.jsp
# The crash happened outside the Java Virtual Machine in native code.
# See problematic frame for where to report the bug.
#

---------------  T H R E A D  ---------------

Current thread (0x000000001fee9000):  JavaThread "Thread-5" daemon [_thread_in_native, id=4332, stack(0x00000000281c0000,0x00000000282c0000)]

siginfo: ExceptionCode=0xc0000005, reading address 0x0000000000000008

Registers:
RAX=0x0000000000000000, RBX=0x00007ffe3e3f9290, RCX=0x0000000034faadd0, RDX=0x00000000336c0040
RSP=0x00000000282be170, RBP=0x00000000282be3e0, RSI=0x00000000282be3a0, RDI=0x0000000000000000
R8 =0x0000000009770000, R9 =0x0000000000000000, R10=0x00000000282be520, R11=0x00000000282be308
R12=0x0000000000000007, R13=0x0000000000000000, R14=0x00000000282be670, R15=0x00000000282be420
RIP=0x00007ffe3e0a0e0e, EFLAGS=0x0000000000010246

Top of Stack: (sp=0x00000000282be170)
0x00000000282be170:   0000000034f49dc0 00000000336c0040
0x00000000282be180:   0000000000001018 00000000282be298
0x00000000282be190:   0000000000000000 00000000282be3e0
0x00000000282be1a0:   00000000282be1d0 00000000282be210
0x00000000282be1b0:   00000000282be258 00000000282be1e0
0x00000000282be1c0:   00000000282be278 00000000282be1f0
0x00000000282be1d0:   00000000282be400 00000000282be2d0
0x00000000282be1e0:   0000000000000ef8 0000000034feff60
0x00000000282be1f0:   0000000035586480 0000000035586480
0x00000000282be200:   0000000034fefc80 00007ffe3e82165c
0x00000000282be210:   00000000352f70e0 000000003840cdf0
0x00000000282be220:   0000000035586480 00000000237ade60
0x00000000282be230:   00000000282be420 00000000282be520
0x00000000282be240:   00000000352d16a0 00000000352d16a0
0x00000000282be250:   0000000000000000 000000003840cdf0
0x00000000282be260:   00000000282be2b9 00007ffe3df566d6 

Instructions: (pc=0x00007ffe3e0a0e0e)
0x00007ffe3e0a0dee:   48 85 c9 74 06 48 8b 41 20 eb 15 48 8b 80 98 00
0x00007ffe3e0a0dfe:   00 00 48 85 c0 74 06 48 8b 40 20 eb 03 48 8b c7
0x00007ffe3e0a0e0e:   48 8b 48 08 48 85 c9 74 54 81 79 14 5d 01 00 00
0x00007ffe3e0a0e1e:   75 4b 81 26 ff ff 97 f6 81 0e 00 00 94 06 8b 81 


Register to memory mapping:

RAX=0x0000000000000000 is an unknown value
RBX=0x00007ffe3e3f9290 is an unknown value
RCX=0x0000000034faadd0 is an unknown value
RDX=0x00000000336c0040 is an unknown value
RSP=0x00000000282be170 is pointing into the stack for thread: 0x000000001fee9000
RBP=0x00000000282be3e0 is pointing into the stack for thread: 0x000000001fee9000
RSI=0x00000000282be3a0 is pointing into the stack for thread: 0x000000001fee9000
RDI=0x0000000000000000 is an unknown value
R8 =0x0000000009770000 is an unknown value
R9 =0x0000000000000000 is an unknown value
R10=0x00000000282be520 is pointing into the stack for thread: 0x000000001fee9000
R11=0x00000000282be308 is pointing into the stack for thread: 0x000000001fee9000
R12=0x0000000000000007 is an unknown value
R13=0x0000000000000000 is an unknown value
R14=0x00000000282be670 is pointing into the stack for thread: 0x000000001fee9000
R15=0x00000000282be420 is pointing into the stack for thread: 0x000000001fee9000


Stack: [0x00000000281c0000,0x00000000282c0000],  sp=0x00000000282be170,  free space=1016k
Native frames: (J=compiled Java code, j=interpreted, Vv=VM code, C=native code)
C  [ig9icd64.dll+0x190e0e]
C  [ig9icd64.dll+0x4a0cbd]
C  [ig9icd64.dll+0x4a4d27]
C  [ig9icd64.dll+0x398298]
C  [ig9icd64.dll+0x353cc5]
C  [ig9icd64.dll+0x152415]
C  [ig9icd64.dll+0x143304]
C  [ig9icd64.dll+0x13ff36]
C  0x00000000046d58d7

Java frames: (J=compiled Java code, j=interpreted, Vv=VM code)
J 7454  jogamp.opengl.gl4.GL4bcImpl.dispatch_glTexSubImage2D1(IIIIIIIILjava/lang/Object;IZJ)V (0 bytes) @ 0x00000000046d5859 [0x00000000046d57c0+0x99]
J 7453 C1 jogamp.opengl.gl4.GL4bcImpl.glTexSubImage2D(IIIIIIIILjava/nio/Buffer;)V (126 bytes) @ 0x00000000046d69cc [0x00000000046d5cc0+0xd0c]
J 8855 C1 net.runelite.client.plugins.gpu.GpuPlugin.drawUi(II)V (561 bytes) @ 0x000000000506086c [0x000000000505fae0+0xd8c]
J 7671 C1 net.runelite.client.plugins.gpu.GpuPlugin.draw()V (2777 bytes) @ 0x0000000004723dec [0x000000000471ac00+0x91ec]
J 7418 C1 bf.c(Ljava/lang/Object;I)V (150 bytes) @ 0x00000000046ab31c [0x00000000046ab100+0x21c]
j  bf.run()V+381
j  java.lang.Thread.run()V+11
v  ~StubRoutines::call_stub

---------------  P R O C E S S  ---------------

Java Threads: ( => current thread )
  0x0000000027771800 JavaThread "Image Fetcher 0" daemon [_thread_blocked, id=9404, stack(0x0000000063000000,0x0000000063100000)]
  0x000000002776d000 JavaThread "Twitch" [_thread_in_native, id=4756, stack(0x0000000062d00000,0x0000000062e00000)]
  0x000000002776a000 JavaThread "Thread-20" daemon [_thread_blocked, id=18424, stack(0x000000003bba0000,0x000000003bca0000)]
  0x000000002776e800 JavaThread "Thread-19" daemon [_thread_in_native, id=12904, stack(0x000000003baa0000,0x000000003bba0000)]
  0x000000002776f000 JavaThread "Thread-18" daemon [_thread_blocked, id=9524, stack(0x000000003a380000,0x000000003a480000)]
  0x00000000275b1800 JavaThread "pool-5-thread-1" [_thread_blocked, id=19444, stack(0x000000003a280000,0x000000003a380000)]
  0x000000001fee7800 JavaThread "Java Sound Event Dispatcher" daemon [_thread_blocked, id=12296, stack(0x0000000039e80000,0x0000000039f80000)]
  0x00000000275b1000 JavaThread "DestroyJavaVM" [_thread_blocked, id=5572, stack(0x0000000002c90000,0x0000000002d90000)]
  0x00000000275ad000 JavaThread "OkHttp Dispatcher" [_thread_blocked, id=648, stack(0x0000000033460000,0x0000000033560000)]
  0x00000000275ae800 JavaThread "OkHttp Dispatcher" [_thread_blocked, id=16908, stack(0x0000000033360000,0x0000000033460000)]
  0x00000000275ae000 JavaThread "OkHttp Dispatcher" [_thread_blocked, id=1132, stack(0x0000000032a60000,0x0000000032b60000)]
  0x00000000275b2800 JavaThread "OkHttp Dispatcher" [_thread_blocked, id=21088, stack(0x0000000032960000,0x0000000032a60000)]
  0x00000000275a5800 JavaThread "OkHttp Dispatcher" [_thread_blocked, id=11224, stack(0x0000000032860000,0x0000000032960000)]
  0x00000000275aa000 JavaThread "OkHttp Dispatcher" [_thread_blocked, id=7880, stack(0x0000000032760000,0x0000000032860000)]
  0x00000000275ac800 JavaThread "TimerQueue" daemon [_thread_blocked, id=632, stack(0x000000002a660000,0x000000002a760000)]
  0x00000000275a9800 JavaThread "pool-4-thread-1" [_thread_blocked, id=17712, stack(0x000000002a360000,0x000000002a460000)]
  0x00000000275a5000 JavaThread "Thread-13" daemon [_thread_blocked, id=14268, stack(0x0000000029860000,0x0000000029960000)]
  0x00000000275a6800 JavaThread "Thread-12" daemon [_thread_blocked, id=4616, stack(0x0000000029760000,0x0000000029860000)]
  0x00000000275a4000 JavaThread "Trident pulse source thread" daemon [_thread_blocked, id=20476, stack(0x0000000028c60000,0x0000000028d60000)]
  0x00000000275a7000 JavaThread "Trident callback thread" daemon [_thread_blocked, id=17980, stack(0x0000000028b60000,0x0000000028c60000)]
  0x00000000275a8800 JavaThread "Substance heap status" daemon [_thread_blocked, id=13528, stack(0x00000000285d0000,0x00000000286d0000)]
  0x00000000275ab000 JavaThread "Thread-6" daemon [_thread_blocked, id=19332, stack(0x00000000284d0000,0x00000000285d0000)]
=>0x000000001fee9000 JavaThread "Thread-5" daemon [_thread_in_native, id=4332, stack(0x00000000281c0000,0x00000000282c0000)]
  0x000000001fee8000 JavaThread "Thread-4" daemon [_thread_blocked, id=5724, stack(0x00000000280c0000,0x00000000281c0000)]
  0x000000001fee6800 JavaThread "AWT-EventQueue-0" [_thread_blocked, id=6020, stack(0x0000000026720000,0x0000000026820000)]
  0x000000001fee6000 JavaThread "AWT-Shutdown" [_thread_blocked, id=18324, stack(0x0000000026620000,0x0000000026720000)]
  0x000000001fee2000 JavaThread "Java2D Disposer" daemon [_thread_blocked, id=100, stack(0x0000000023520000,0x0000000023620000)]
  0x000000001fee3800 JavaThread "Okio Watchdog" daemon [_thread_blocked, id=19660, stack(0x0000000021f50000,0x0000000022050000)]
  0x000000001fee4800 JavaThread "OkHttp ConnectionPool" daemon [_thread_blocked, id=18024, stack(0x0000000021e50000,0x0000000021f50000)]
  0x0000000020aaa000 JavaThread "pool-2-thread-1" [_thread_blocked, id=2320, stack(0x0000000021a50000,0x0000000021b50000)]
  0x000000001ea5c000 JavaThread "Service Thread" daemon [_thread_blocked, id=18020, stack(0x000000001f600000,0x000000001f700000)]
  0x000000001ea66000 JavaThread "C1 CompilerThread3" daemon [_thread_blocked, id=2112, stack(0x000000001f500000,0x000000001f600000)]
  0x000000001ea63000 JavaThread "C2 CompilerThread2" daemon [_thread_in_native, id=8464, stack(0x000000001f400000,0x000000001f500000)]
  0x000000001ea5e800 JavaThread "C2 CompilerThread1" daemon [_thread_blocked, id=12908, stack(0x000000001f300000,0x000000001f400000)]
  0x000000001ea5d800 JavaThread "C2 CompilerThread0" daemon [_thread_blocked, id=20812, stack(0x000000001f200000,0x000000001f300000)]
  0x000000001ea5a800 JavaThread "Monitor Ctrl-Break" daemon [_thread_in_native, id=21188, stack(0x000000001f100000,0x000000001f200000)]
  0x000000001e84d800 JavaThread "Attach Listener" daemon [_thread_blocked, id=7776, stack(0x000000001f000000,0x000000001f100000)]
  0x000000001e84c800 JavaThread "Signal Dispatcher" daemon [_thread_blocked, id=14616, stack(0x000000001ef00000,0x000000001f000000)]
  0x000000001e831000 JavaThread "Finalizer" daemon [_thread_blocked, id=20696, stack(0x000000001ed10000,0x000000001ee10000)]
  0x000000001e830800 JavaThread "Reference Handler" daemon [_thread_blocked, id=16008, stack(0x000000001ec10000,0x000000001ed10000)]

Other Threads:
  0x000000001ca48800 VMThread [stack: 0x000000001e710000,0x000000001e810000] [id=13276]
  0x000000001f720800 WatcherThread [stack: 0x000000001ff00000,0x0000000020000000] [id=14012]

VM state:not at safepoint (normal execution)

VM Mutex/Monitor currently owned by a thread: None

heap address: 0x00000006c1c00000, size: 4068 MB, Compressed Oops mode: Zero based, Oop shift amount: 3
Narrow klass base: 0x0000000000000000, Narrow klass shift: 3
Compressed class space size: 1073741824 Address: 0x00000007c0000000

Heap:
 PSYoungGen      total 850432K, used 279018K [0x000000076b400000, 0x00000007ae100000, 0x00000007c0000000)
  eden space 835072K, 33% used [0x000000076b400000,0x000000077c47a910,0x000000079e380000)
  from space 15360K, 0% used [0x000000079e380000,0x000000079e380000,0x000000079f280000)
  to   space 30208K, 0% used [0x00000007ac380000,0x00000007ac380000,0x00000007ae100000)
 ParOldGen       total 221184K, used 70502K [0x00000006c1c00000, 0x00000006cf400000, 0x000000076b400000)
  object space 221184K, 31% used [0x00000006c1c00000,0x00000006c60d9b38,0x00000006cf400000)
 Metaspace       used 59841K, capacity 63646K, committed 63744K, reserved 1105920K
  class space    used 6781K, capacity 7363K, committed 7424K, reserved 1048576K

Card table byte_map: [0x00000000123a0000,0x0000000012ba0000] byte_map_base: 0x000000000ed92000

Marking Bits: (ParMarkBitMap*) 0x0000000067774ce0
 Begin Bits: [0x00000000138f0000, 0x0000000017880000)
 End Bits:   [0x0000000017880000, 0x000000001b810000)

Polling page: 0x0000000001290000

CodeCache: size=245760Kb used=47642Kb max_used=48406Kb free=198117Kb
 bounds [0x0000000002fe0000, 0x0000000005ff0000, 0x0000000011fe0000]
 total_blobs=9573 nmethods=8442 adapters=1041
 compilation: enabled

Compilation events (10 events):
Event: 53.380 Thread 0x000000001ea66000 nmethod 10473 0x000000000455eb50 code [0x000000000455ecc0, 0x000000000455ef48]
Event: 53.385 Thread 0x000000001ea5e800 nmethod 10471 0x0000000003ffcd10 code [0x0000000003ffce60, 0x0000000003ffd0b8]
Event: 53.392 Thread 0x000000001ea66000 10474       3       java.lang.StringBuilder::append (8 bytes)
Event: 53.393 Thread 0x000000001ea66000 nmethod 10474 0x000000000457a590 code [0x000000000457a700, 0x000000000457a888]
Event: 53.394 Thread 0x000000001ea66000 10476       3       hv::ji (57 bytes)
Event: 53.395 Thread 0x000000001ea66000 nmethod 10476 0x0000000004579dd0 code [0x0000000004579f60, 0x000000000457a408]
Event: 53.396 Thread 0x000000001ea66000 10475       3       java.lang.AbstractStringBuilder::append (191 bytes)
Event: 53.398 Thread 0x000000001ea66000 nmethod 10475 0x0000000004dfbd10 code [0x0000000004dfbf00, 0x0000000004dfc938]
Event: 53.411 Thread 0x000000001ea5d800 10477       4       client::getBoostedSkillLevel (12 bytes)
Event: 53.413 Thread 0x000000001ea5d800 nmethod 10477 0x0000000003e22410 code [0x0000000003e22560, 0x0000000003e22618]

GC Heap History (10 events):
Event: 4.505 GC heap before
{Heap before GC invocations=10 (full 1):
 PSYoungGen      total 537600K, used 5485K [0x000000076b400000, 0x00000007a0180000, 0x00000007c0000000)
  eden space 523776K, 0% used [0x000000076b400000,0x000000076b400000,0x000000078b380000)
  from space 13824K, 39% used [0x000000078b380000,0x000000078b8db4a0,0x000000078c100000)
  to   space 13824K, 0% used [0x000000079f400000,0x000000079f400000,0x00000007a0180000)
 ParOldGen       total 175104K, used 8965K [0x00000006c1c00000, 0x00000006cc700000, 0x000000076b400000)
  object space 175104K, 5% used [0x00000006c1c00000,0x00000006c24c17f0,0x00000006cc700000)
 Metaspace       used 20892K, capacity 21124K, committed 21296K, reserved 1069056K
  class space    used 2342K, capacity 2426K, committed 2432K, reserved 1048576K
Event: 4.553 GC heap after
Heap after GC invocations=10 (full 1):
 PSYoungGen      total 537600K, used 0K [0x000000076b400000, 0x00000007a0180000, 0x00000007c0000000)
  eden space 523776K, 0% used [0x000000076b400000,0x000000076b400000,0x000000078b380000)
  from space 13824K, 0% used [0x000000078b380000,0x000000078b380000,0x000000078c100000)
  to   space 13824K, 0% used [0x000000079f400000,0x000000079f400000,0x00000007a0180000)
 ParOldGen       total 92672K, used 10358K [0x00000006c1c00000, 0x00000006c7680000, 0x000000076b400000)
  object space 92672K, 11% used [0x00000006c1c00000,0x00000006c261d9e0,0x00000006c7680000)
 Metaspace       used 20892K, capacity 21124K, committed 21296K, reserved 1069056K
  class space    used 2342K, capacity 2426K, committed 2432K, reserved 1048576K
}
Event: 7.873 GC heap before
{Heap before GC invocations=11 (full 1):
 PSYoungGen      total 537600K, used 167343K [0x000000076b400000, 0x00000007a0180000, 0x00000007c0000000)
  eden space 523776K, 31% used [0x000000076b400000,0x000000077576be48,0x000000078b380000)
  from space 13824K, 0% used [0x000000078b380000,0x000000078b380000,0x000000078c100000)
  to   space 13824K, 0% used [0x000000079f400000,0x000000079f400000,0x00000007a0180000)
 ParOldGen       total 92672K, used 10358K [0x00000006c1c00000, 0x00000006c7680000, 0x000000076b400000)
  object space 92672K, 11% used [0x00000006c1c00000,0x00000006c261d9e0,0x00000006c7680000)
 Metaspace       used 34669K, capacity 35236K, committed 35456K, reserved 1081344K
  class space    used 4034K, capacity 4209K, committed 4224K, reserved 1048576K
Event: 7.894 GC heap after
Heap after GC invocations=11 (full 1):
 PSYoungGen      total 780288K, used 13625K [0x000000076b400000, 0x00000007a0180000, 0x00000007c0000000)
  eden space 766464K, 0% used [0x000000076b400000,0x000000076b400000,0x000000079a080000)
  from space 13824K, 98% used [0x000000079f400000,0x00000007a014e728,0x00000007a0180000)
  to   space 15360K, 0% used [0x000000079e380000,0x000000079e380000,0x000000079f280000)
 ParOldGen       total 92672K, used 10366K [0x00000006c1c00000, 0x00000006c7680000, 0x000000076b400000)
  object space 92672K, 11% used [0x00000006c1c00000,0x00000006c261f9e0,0x00000006c7680000)
 Metaspace       used 34669K, capacity 35236K, committed 35456K, reserved 1081344K
  class space    used 4034K, capacity 4209K, committed 4224K, reserved 1048576K
}
Event: 7.894 GC heap before
{Heap before GC invocations=12 (full 2):
 PSYoungGen      total 780288K, used 13625K [0x000000076b400000, 0x00000007a0180000, 0x00000007c0000000)
  eden space 766464K, 0% used [0x000000076b400000,0x000000076b400000,0x000000079a080000)
  from space 13824K, 98% used [0x000000079f400000,0x00000007a014e728,0x00000007a0180000)
  to   space 15360K, 0% used [0x000000079e380000,0x000000079e380000,0x000000079f280000)
 ParOldGen       total 92672K, used 10366K [0x00000006c1c00000, 0x00000006c7680000, 0x000000076b400000)
  object space 92672K, 11% used [0x00000006c1c00000,0x00000006c261f9e0,0x00000006c7680000)
 Metaspace       used 34669K, capacity 35236K, committed 35456K, reserved 1081344K
  class space    used 4034K, capacity 4209K, committed 4224K, reserved 1048576K
Event: 7.993 GC heap after
Heap after GC invocations=12 (full 2):
 PSYoungGen      total 780288K, used 0K [0x000000076b400000, 0x00000007a0180000, 0x00000007c0000000)
  eden space 766464K, 0% used [0x000000076b400000,0x000000076b400000,0x000000079a080000)
  from space 13824K, 0% used [0x000000079f400000,0x000000079f400000,0x00000007a0180000)
  to   space 15360K, 0% used [0x000000079e380000,0x000000079e380000,0x000000079f280000)
 ParOldGen       total 133120K, used 22753K [0x00000006c1c00000, 0x00000006c9e00000, 0x000000076b400000)
  object space 133120K, 17% used [0x00000006c1c00000,0x00000006c32387c0,0x00000006c9e00000)
 Metaspace       used 34669K, capacity 35236K, committed 35456K, reserved 1081344K
  class space    used 4034K, capacity 4209K, committed 4224K, reserved 1048576K
}
Event: 26.205 GC heap before
{Heap before GC invocations=13 (full 2):
 PSYoungGen      total 780288K, used 437064K [0x000000076b400000, 0x00000007a0180000, 0x00000007c0000000)
  eden space 766464K, 57% used [0x000000076b400000,0x0000000785ed23c0,0x000000079a080000)
  from space 13824K, 0% used [0x000000079f400000,0x000000079f400000,0x00000007a0180000)
  to   space 15360K, 0% used [0x000000079e380000,0x000000079e380000,0x000000079f280000)
 ParOldGen       total 133120K, used 22753K [0x00000006c1c00000, 0x00000006c9e00000, 0x000000076b400000)
  object space 133120K, 17% used [0x00000006c1c00000,0x00000006c32387c0,0x00000006c9e00000)
 Metaspace       used 55538K, capacity 59050K, committed 59096K, reserved 1101824K
  class space    used 6500K, capacity 7031K, committed 7040K, reserved 1048576K
Event: 26.266 GC heap after
Heap after GC invocations=13 (full 2):
 PSYoungGen      total 850432K, used 15356K [0x000000076b400000, 0x00000007ae100000, 0x00000007c0000000)
  eden space 835072K, 0% used [0x000000076b400000,0x000000076b400000,0x000000079e380000)
  from space 15360K, 99% used [0x000000079e380000,0x000000079f27f398,0x000000079f280000)
  to   space 30208K, 0% used [0x00000007ac380000,0x00000007ac380000,0x00000007ae100000)
 ParOldGen       total 133120K, used 59604K [0x00000006c1c00000, 0x00000006c9e00000, 0x000000076b400000)
  object space 133120K, 44% used [0x00000006c1c00000,0x00000006c56351d0,0x00000006c9e00000)
 Metaspace       used 55538K, capacity 59050K, committed 59096K, reserved 1101824K
  class space    used 6500K, capacity 7031K, committed 7040K, reserved 1048576K
}
Event: 26.266 GC heap before
{Heap before GC invocations=14 (full 3):
 PSYoungGen      total 850432K, used 15356K [0x000000076b400000, 0x00000007ae100000, 0x00000007c0000000)
  eden space 835072K, 0% used [0x000000076b400000,0x000000076b400000,0x000000079e380000)
  from space 15360K, 99% used [0x000000079e380000,0x000000079f27f398,0x000000079f280000)
  to   space 30208K, 0% used [0x00000007ac380000,0x00000007ac380000,0x00000007ae100000)
 ParOldGen       total 133120K, used 59604K [0x00000006c1c00000, 0x00000006c9e00000, 0x000000076b400000)
  object space 133120K, 44% used [0x00000006c1c00000,0x00000006c56351d0,0x00000006c9e00000)
 Metaspace       used 55538K, capacity 59050K, committed 59096K, reserved 1101824K
  class space    used 6500K, capacity 7031K, committed 7040K, reserved 1048576K
Event: 26.619 GC heap after
Heap after GC invocations=14 (full 3):
 PSYoungGen      total 850432K, used 0K [0x000000076b400000, 0x00000007ae100000, 0x00000007c0000000)
  eden space 835072K, 0% used [0x000000076b400000,0x000000076b400000,0x000000079e380000)
  from space 15360K, 0% used [0x000000079e380000,0x000000079e380000,0x000000079f280000)
  to   space 30208K, 0% used [0x00000007ac380000,0x00000007ac380000,0x00000007ae100000)
 ParOldGen       total 221184K, used 70502K [0x00000006c1c00000, 0x00000006cf400000, 0x000000076b400000)
  object space 221184K, 31% used [0x00000006c1c00000,0x00000006c60d9b38,0x00000006cf400000)
 Metaspace       used 55538K, capacity 59050K, committed 59096K, reserved 1101824K
  class space    used 6500K, capacity 7031K, committed 7040K, reserved 1048576K
}

Deoptimization events (10 events):
Event: 53.281 Thread 0x000000001fee6800 Uncommon trap: reason=class_check action=maybe_recompile pc=0x00000000042d3ad0 method=java.awt.KeyboardFocusManager.clearMostRecentFocusOwner(Ljava/awt/Component;)V @ 56
Event: 53.282 Thread 0x000000001fee6800 Uncommon trap: reason=unstable_if action=reinterpret pc=0x000000000430e418 method=java.awt.KeyboardFocusManager.getPermanentFocusOwner()Ljava/awt/Component; @ 8
Event: 53.282 Thread 0x00000000275a7000 Uncommon trap: reason=unstable_if action=reinterpret pc=0x00000000043357d4 method=sun.awt.PostEventQueue.flush()V @ 23
Event: 53.283 Thread 0x000000001fee6800 Uncommon trap: reason=unstable_if action=reinterpret pc=0x0000000004310c4c method=java.awt.Container.isParentOf(Ljava/awt/Component;)Z @ 13
Event: 53.283 Thread 0x000000001fee6800 Uncommon trap: reason=unstable_if action=reinterpret pc=0x000000000431288c method=javax.swing.JComponent.unregisterWithKeyboardManager()V @ 11
Event: 53.283 Thread 0x000000001fee6800 Uncommon trap: reason=unstable_if action=reinterpret pc=0x0000000004310c4c method=java.awt.Container.isParentOf(Ljava/awt/Component;)Z @ 13
Event: 53.283 Thread 0x000000001fee6800 Uncommon trap: reason=unstable_if action=reinterpret pc=0x0000000004310c4c method=java.awt.Container.isParentOf(Ljava/awt/Component;)Z @ 13
Event: 53.283 Thread 0x000000001fee6800 Uncommon trap: reason=unstable_if action=reinterpret pc=0x0000000004310c4c method=java.awt.Container.isParentOf(Ljava/awt/Component;)Z @ 13
Event: 53.283 Thread 0x000000001fee6800 Uncommon trap: reason=unstable_if action=reinterpret pc=0x0000000004310c4c method=java.awt.Container.isParentOf(Ljava/awt/Component;)Z @ 13
Event: 53.283 Thread 0x000000001fee6800 Uncommon trap: reason=unstable_if action=reinterpret pc=0x00000000042ee0b4 method=java.awt.EventQueue.removeSourceEvents(Ljava/lang/Object;Z)V @ 51

Classes redefined (0 events):
No events

Internal exceptions (10 events):
Event: 39.497 Thread 0x00000000275a8000 Exception <a 'java/net/SocketTimeoutException': Read timed out> (0x00000007766d2d50) thrown at [C:\re\workspace\8-2-build-windows-amd64-cygwin\jdk8u201\12322\hotspot\src\share\vm\prims\jni.cpp, line 735]
Event: 40.322 Thread 0x000000001fee9000 Implicit null exception at 0x0000000004ea8070 to 0x0000000004ea8309
Event: 41.081 Thread 0x000000001fee6800 Implicit null exception at 0x0000000004c4fe0c to 0x0000000004c523a9
Event: 41.081 Thread 0x000000001fee6800 Implicit null exception at 0x0000000004c16413 to 0x0000000004c16ab5
Event: 43.860 Thread 0x000000001fee9000 Implicit null exception at 0x0000000004e42758 to 0x0000000004e42c11
Event: 51.302 Thread 0x000000001fee6800 Implicit null exception at 0x000000000416ca42 to 0x000000000416ccd1
Event: 51.305 Thread 0x000000001fee6800 Implicit null exception at 0x000000000426ff52 to 0x0000000004271959
Event: 52.168 Thread 0x000000001fee6800 Implicit null exception at 0x00000000042d52ec to 0x00000000042d5509
Event: 53.282 Thread 0x000000001fee6800 Implicit null exception at 0x000000000430e1ec to 0x000000000430e409
Event: 53.288 Thread 0x000000001fee6800 Exception <a 'java/net/SocketTimeoutException': Read timed out> (0x000000077b3b0930) thrown at [C:\re\workspace\8-2-build-windows-amd64-cygwin\jdk8u201\12322\hotspot\src\share\vm\prims\jni.cpp, line 735]

Events (10 events):
Event: 53.410 loading class jogamp/opengl/egl/EGLDisplayUtil$1
Event: 53.410 loading class jogamp/opengl/egl/EGLDisplayUtil$1 done
Event: 53.411 Executing VM operation: RevokeBias
Event: 53.411 Executing VM operation: RevokeBias done
Event: 53.411 Executing VM operation: RevokeBias
Event: 53.412 Executing VM operation: RevokeBias done
Event: 53.412 Thread 0x0000000027776000 Thread exited: 0x0000000027776000
Event: 53.562 Executing VM operation: RevokeBias
Event: 53.562 Executing VM operation: RevokeBias done
Event: 53.562 Thread 0x000000001fee3000 Thread exited: 0x000000001fee3000


Dynamic libraries:
0x00007ff674c20000 - 0x00007ff674c57000 	C:\Program Files\Java\jdk1.8.0_201\bin\java.exe
0x00007ffe8cb00000 - 0x00007ffe8cce1000 	C:\WINDOWS\SYSTEM32\ntdll.dll
0x00007ffe8c120000 - 0x00007ffe8c1d2000 	C:\WINDOWS\System32\KERNEL32.DLL
0x00007ffe88f20000 - 0x00007ffe89193000 	C:\WINDOWS\System32\KERNELBASE.dll
0x00007ffe8bfa0000 - 0x00007ffe8c041000 	C:\WINDOWS\System32\ADVAPI32.dll
0x00007ffe8a530000 - 0x00007ffe8a5ce000 	C:\WINDOWS\System32\msvcrt.dll
0x00007ffe8c350000 - 0x00007ffe8c3ab000 	C:\WINDOWS\System32\sechost.dll
0x00007ffe8a600000 - 0x00007ffe8a724000 	C:\WINDOWS\System32\RPCRT4.dll
0x00007ffe8c940000 - 0x00007ffe8cad0000 	C:\WINDOWS\System32\USER32.dll
0x00007ffe89af0000 - 0x00007ffe89b10000 	C:\WINDOWS\System32\win32u.dll
0x00007ffe8c890000 - 0x00007ffe8c8b8000 	C:\WINDOWS\System32\GDI32.dll
0x00007ffe89950000 - 0x00007ffe89ae2000 	C:\WINDOWS\System32\gdi32full.dll
0x00007ffe898b0000 - 0x00007ffe8994f000 	C:\WINDOWS\System32\msvcp_win.dll
0x00007ffe89d00000 - 0x00007ffe89dfa000 	C:\WINDOWS\System32\ucrtbase.dll
0x00007ffe796c0000 - 0x00007ffe79929000 	C:\WINDOWS\WinSxS\amd64_microsoft.windows.common-controls_6595b64144ccf1df_6.0.17134.590_none_fb3d9bff3069e088\COMCTL32.dll
0x00007ffe89f90000 - 0x00007ffe8a2b2000 	C:\WINDOWS\System32\combase.dll
0x00007ffe89e00000 - 0x00007ffe89e7a000 	C:\WINDOWS\System32\bcryptPrimitives.dll
0x00007ffe8a5d0000 - 0x00007ffe8a5fd000 	C:\WINDOWS\System32\IMM32.DLL
0x0000000067800000 - 0x00000000678d1000 	C:\Program Files\Java\jdk1.8.0_201\jre\bin\msvcr100.dll
0x0000000066f50000 - 0x00000000677f4000 	C:\Program Files\Java\jdk1.8.0_201\jre\bin\server\jvm.dll
0x00007ffe8c1e0000 - 0x00007ffe8c1e8000 	C:\WINDOWS\System32\PSAPI.DLL
0x00007ffe764f0000 - 0x00007ffe764f9000 	C:\WINDOWS\SYSTEM32\WSOCK32.dll
0x00007ffe84b60000 - 0x00007ffe84b83000 	C:\WINDOWS\SYSTEM32\WINMM.dll
0x00007ffe83540000 - 0x00007ffe8354a000 	C:\WINDOWS\SYSTEM32\VERSION.dll
0x00007ffe8c0b0000 - 0x00007ffe8c11c000 	C:\WINDOWS\System32\WS2_32.dll
0x00007ffe84b10000 - 0x00007ffe84b3a000 	C:\WINDOWS\SYSTEM32\WINMMBASE.dll
0x00007ffe88ed0000 - 0x00007ffe88f19000 	C:\WINDOWS\System32\cfgmgr32.dll
0x00007ffe7a430000 - 0x00007ffe7a43f000 	C:\Program Files\Java\jdk1.8.0_201\jre\bin\verify.dll
0x00007ffe76a00000 - 0x00007ffe76a29000 	C:\Program Files\Java\jdk1.8.0_201\jre\bin\java.dll
0x00007ffe79c30000 - 0x00007ffe79c53000 	C:\Program Files\Java\jdk1.8.0_201\jre\bin\instrument.dll
0x00007ffe78ee0000 - 0x00007ffe78ef6000 	C:\Program Files\Java\jdk1.8.0_201\jre\bin\zip.dll
0x00007ffe8ab60000 - 0x00007ffe8bfa0000 	C:\WINDOWS\System32\SHELL32.dll
0x00007ffe8a7d0000 - 0x00007ffe8a879000 	C:\WINDOWS\System32\shcore.dll
0x00007ffe891a0000 - 0x00007ffe898ad000 	C:\WINDOWS\System32\windows.storage.dll
0x00007ffe8c3b0000 - 0x00007ffe8c401000 	C:\WINDOWS\System32\shlwapi.dll
0x00007ffe88eb0000 - 0x00007ffe88ec1000 	C:\WINDOWS\System32\kernel.appcore.dll
0x00007ffe88e40000 - 0x00007ffe88e5f000 	C:\WINDOWS\System32\profapi.dll
0x00007ffe88e60000 - 0x00007ffe88eac000 	C:\WINDOWS\System32\powrprof.dll
0x00007ffe88e10000 - 0x00007ffe88e1a000 	C:\WINDOWS\System32\FLTLIB.DLL
0x00007ffe79b10000 - 0x00007ffe79b2a000 	C:\Program Files\JetBrains\IntelliJ IDEA Community Edition 2018.3.3\bin\breakgen64.dll
0x00007ffe73710000 - 0x00007ffe7372a000 	C:\Program Files\Java\jdk1.8.0_201\jre\bin\net.dll
0x00007ffe7b1f0000 - 0x00007ffe7b3b9000 	C:\WINDOWS\SYSTEM32\urlmon.dll
0x00007ffe79410000 - 0x00007ffe796b5000 	C:\WINDOWS\SYSTEM32\iertutil.dll
0x00007ffe88840000 - 0x00007ffe8884b000 	C:\WINDOWS\SYSTEM32\CRYPTBASE.DLL
0x00007ffe88690000 - 0x00007ffe886f6000 	C:\WINDOWS\system32\mswsock.dll
0x00007ffe79ae0000 - 0x00007ffe79b04000 	C:\Program Files\Java\jdk1.8.0_201\jre\bin\sunec.dll
0x00007ffe88410000 - 0x00007ffe88448000 	C:\WINDOWS\SYSTEM32\IPHLPAPI.DLL
0x00007ffe8a880000 - 0x00007ffe8a888000 	C:\WINDOWS\System32\NSI.dll
0x00007ffe810a0000 - 0x00007ffe810b6000 	C:\WINDOWS\SYSTEM32\dhcpcsvc6.DLL
0x00007ffe81260000 - 0x00007ffe8127a000 	C:\WINDOWS\SYSTEM32\dhcpcsvc.DLL
0x00007ffe72c50000 - 0x00007ffe72c61000 	C:\Program Files\Java\jdk1.8.0_201\jre\bin\nio.dll
0x00007ffe88850000 - 0x00007ffe88867000 	C:\WINDOWS\SYSTEM32\CRYPTSP.dll
0x00007ffe88270000 - 0x00007ffe882a3000 	C:\WINDOWS\system32\rsaenh.dll
0x00007ffe88970000 - 0x00007ffe88995000 	C:\WINDOWS\SYSTEM32\bcrypt.dll
0x00007ffe88d10000 - 0x00007ffe88d38000 	C:\WINDOWS\SYSTEM32\USERENV.dll
0x00007ffe71b80000 - 0x00007ffe71bc2000 	C:\Users\asus\AppData\Local\Temp\jna-3003984\jna4220358071418771527.dll
0x00007ffe71ae0000 - 0x00007ffe71b7c000 	C:\Users\asus\AppData\Local\Temp\jna-3003984\jna5456971448840717806.dll
0x00007ffe88450000 - 0x00007ffe8850e000 	C:\WINDOWS\SYSTEM32\DNSAPI.dll
0x00007ffe7c910000 - 0x00007ffe7c91a000 	C:\Windows\System32\rasadhlp.dll
0x00007ffe7cf10000 - 0x00007ffe7cf82000 	C:\WINDOWS\System32\fwpuclnt.dll
0x00007ffe51b20000 - 0x00007ffe51cb9000 	C:\Program Files\Java\jdk1.8.0_201\jre\bin\awt.dll
0x00007ffe8a2c0000 - 0x00007ffe8a383000 	C:\WINDOWS\System32\OLEAUT32.dll
0x00007ffe86450000 - 0x00007ffe864db000 	C:\WINDOWS\SYSTEM32\apphelp.dll
0x00007ffe86580000 - 0x00007ffe86618000 	C:\WINDOWS\system32\uxtheme.dll
0x00007ffe8a8f0000 - 0x00007ffe8aa63000 	C:\WINDOWS\System32\MSCTF.dll
0x00007ffe86fe0000 - 0x00007ffe87009000 	C:\WINDOWS\system32\dwmapi.dll
0x00007ffe8c1f0000 - 0x00007ffe8c341000 	C:\WINDOWS\System32\ole32.dll
0x00007ffe7aed0000 - 0x00007ffe7aedb000 	C:\Program Files\Java\jdk1.8.0_201\jre\bin\sunmscapi.dll
0x00007ffe89b10000 - 0x00007ffe89cf2000 	C:\WINDOWS\System32\CRYPT32.dll
0x00007ffe88e20000 - 0x00007ffe88e32000 	C:\WINDOWS\System32\MSASN1.dll
0x00007ffe71a90000 - 0x00007ffe71ad7000 	C:\Program Files\Java\jdk1.8.0_201\jre\bin\fontmanager.dll
0x00007ffe71410000 - 0x00007ffe714b2000 	C:\Program Files\Java\jdk1.8.0_201\jre\bin\mlib_image.dll
0x00007ffe773d0000 - 0x00007ffe774f0000 	C:\WINDOWS\system32\opengl32.dll
0x00007ffe82690000 - 0x00007ffe826bc000 	C:\WINDOWS\SYSTEM32\GLU32.dll
0x00007ffe71d70000 - 0x00007ffe71d9a000 	C:\Program Files\Java\jdk1.8.0_201\jre\bin\dcpr.dll
0x00007ffe71a40000 - 0x00007ffe71a82000 	C:\Program Files\Java\jdk1.8.0_201\jre\bin\t2k.dll
0x00007ffe8a730000 - 0x00007ffe8a7d0000 	C:\WINDOWS\System32\clbcatq.dll
0x00007ffe83780000 - 0x00007ffe8392e000 	C:\WINDOWS\SYSTEM32\WindowsCodecs.dll
0x00007ffe6cbe0000 - 0x00007ffe6cc38000 	C:\WINDOWS\system32\dataexchange.dll
0x00007ffe85490000 - 0x00007ffe8579b000 	C:\WINDOWS\system32\d3d11.dll
0x00007ffe85d70000 - 0x00007ffe85f0c000 	C:\WINDOWS\system32\dcomp.dll
0x00007ffe87bd0000 - 0x00007ffe87c8b000 	C:\WINDOWS\system32\dxgi.dll
0x00007ffe870f0000 - 0x00007ffe872a8000 	C:\WINDOWS\system32\twinapi.appcore.dll
0x00007ffe870c0000 - 0x00007ffe870e9000 	C:\WINDOWS\system32\RMCLIENT.dll
0x00007ffe81420000 - 0x00007ffe814c8000 	C:\WINDOWS\SYSTEM32\mscms.dll
0x00007ffe84c50000 - 0x00007ffe84c60000 	C:\WINDOWS\SYSTEM32\ColorAdapterClient.dll
0x00007ffe713c0000 - 0x00007ffe71403000 	C:\WINDOWS\SYSTEM32\icm32.dll
0x00007ffe77be0000 - 0x00007ffe77c76000 	C:\WINDOWS\System32\TextInputFramework.dll
0x00007ffe86250000 - 0x00007ffe8632a000 	C:\WINDOWS\System32\CoreMessaging.dll
0x00007ffe83210000 - 0x00007ffe8352e000 	C:\WINDOWS\System32\CoreUIComponents.dll
0x00007ffe87f00000 - 0x00007ffe87f31000 	C:\WINDOWS\SYSTEM32\ntmarta.dll
0x00007ffe844a0000 - 0x00007ffe845ed000 	C:\WINDOWS\SYSTEM32\wintypes.dll
0x00007ffe7d540000 - 0x00007ffe7d5ab000 	C:\WINDOWS\system32\Oleacc.dll
0x00000000637c0000 - 0x00000000637cd000 	C:\Users\asus\AppData\Local\Temp\jogamp_0000\file_cache\jln2353707359635819795\jln4861454737770531141\natives\windows-amd64\gluegen-rt.dll
0x00007ffe79db0000 - 0x00007ffe79db7000 	C:\Program Files\Java\jdk1.8.0_201\jre\bin\jawt.dll
0x000000006a440000 - 0x000000006a44d000 	C:\Users\asus\AppData\Local\Temp\jogamp_0000\file_cache\jln2353707359635819795\jln4861454737770531141\natives\windows-amd64\nativewindow_awt.dll
0x000000006c100000 - 0x000000006c10f000 	C:\Users\asus\AppData\Local\Temp\jogamp_0000\file_cache\jln2353707359635819795\jln4861454737770531141\natives\windows-amd64\nativewindow_win32.dll
0x0000000064500000 - 0x00000000645b1000 	C:\Users\asus\AppData\Local\Temp\jogamp_0000\file_cache\jln2353707359635819795\jln4861454737770531141\natives\windows-amd64\jogl_desktop.dll
0x0000000064340000 - 0x00000000643a2000 	C:\Users\asus\AppData\Local\Temp\jogamp_0000\file_cache\jln2353707359635819795\jln4861454737770531141\natives\windows-amd64\jogl_mobile.dll
0x00007ffe3df10000 - 0x00007ffe3edfe000 	C:\WINDOWS\System32\DriverStore\FileRepository\igdlh64.inf_amd64_31ba00ea6900d67d\ig9icd64.dll
0x00007ffe81820000 - 0x00007ffe8182b000 	C:\WINDOWS\SYSTEM32\WINNSI.DLL
0x00007ffe7d7e0000 - 0x00007ffe7f6e1000 	C:\WINDOWS\System32\DriverStore\FileRepository\igdlh64.inf_amd64_31ba00ea6900d67d\igc64.dll
0x00007ffe71e10000 - 0x00007ffe71e41000 	C:\Program Files\Java\jdk1.8.0_201\jre\bin\jpeg.dll
0x00007ffe71dd0000 - 0x00007ffe71e0e000 	C:\Program Files\Java\jdk1.8.0_201\jre\bin\lcms.dll
0x00007ffe7ad60000 - 0x00007ffe7ad6d000 	C:\Program Files\Java\jdk1.8.0_201\jre\bin\management.dll
0x00007ffe79ab0000 - 0x00007ffe79abc000 	C:\Program Files\Java\jdk1.8.0_201\jre\bin\jsound.dll
0x00007ffe78eb0000 - 0x00007ffe78ebb000 	C:\Program Files\Java\jdk1.8.0_201\jre\bin\jsoundds.dll
0x00007ffe70e50000 - 0x00007ffe70edf000 	C:\WINDOWS\SYSTEM32\DSOUND.dll
0x00007ffe81170000 - 0x00007ffe811e6000 	C:\WINDOWS\SYSTEM32\MMDevAPI.DLL
0x00007ffe88c20000 - 0x00007ffe88c47000 	C:\WINDOWS\SYSTEM32\DEVOBJ.dll
0x00007ffe86a00000 - 0x00007ffe86bb4000 	C:\WINDOWS\SYSTEM32\PROPSYS.dll
0x00007ffe4f800000 - 0x00007ffe4f844000 	C:\WINDOWS\SYSTEM32\wdmaud.drv
0x00007ffe82da0000 - 0x00007ffe82da9000 	C:\WINDOWS\SYSTEM32\ksuser.dll
0x00007ffe83b00000 - 0x00007ffe83b0a000 	C:\WINDOWS\SYSTEM32\AVRT.dll
0x00007ffe73130000 - 0x00007ffe7325c000 	C:\WINDOWS\SYSTEM32\AUDIOSES.DLL
0x00007ffe79a20000 - 0x00007ffe79a2d000 	C:\WINDOWS\SYSTEM32\msacm32.drv
0x00007ffe70be0000 - 0x00007ffe70bfc000 	C:\WINDOWS\SYSTEM32\MSACM32.dll
0x00007ffe78ff0000 - 0x00007ffe78ffa000 	C:\WINDOWS\SYSTEM32\midimap.dll
0x00007ffe87810000 - 0x00007ffe879d9000 	C:\WINDOWS\SYSTEM32\dbghelp.dll

VM Arguments:
jvm_args: -ea -javaagent:C:\Program Files\JetBrains\IntelliJ IDEA Community Edition 2018.3.3\lib\idea_rt.jar=55197:C:\Program Files\JetBrains\IntelliJ IDEA Community Edition 2018.3.3\bin -Dfile.encoding=UTF-8 
java_command: net.runelite.client.RuneLite --debug --developer-mode
java_class_path (initial): C:\Program Files\Java\jdk1.8.0_201\jre\lib\charsets.jar;C:\Program Files\Java\jdk1.8.0_201\jre\lib\deploy.jar;C:\Program Files\Java\jdk1.8.0_201\jre\lib\ext\access-bridge-64.jar;C:\Program Files\Java\jdk1.8.0_201\jre\lib\ext\cldrdata.jar;C:\Program Files\Java\jdk1.8.0_201\jre\lib\ext\dnsns.jar;C:\Program Files\Java\jdk1.8.0_201\jre\lib\ext\jaccess.jar;C:\Program Files\Java\jdk1.8.0_201\jre\lib\ext\jfxrt.jar;C:\Program Files\Java\jdk1.8.0_201\jre\lib\ext\localedata.jar;C:\Program Files\Java\jdk1.8.0_201\jre\lib\ext\nashorn.jar;C:\Program Files\Java\jdk1.8.0_201\jre\lib\ext\sunec.jar;C:\Program Files\Java\jdk1.8.0_201\jre\lib\ext\sunjce_provider.jar;C:\Program Files\Java\jdk1.8.0_201\jre\lib\ext\sunmscapi.jar;C:\Program Files\Java\jdk1.8.0_201\jre\lib\ext\sunpkcs11.jar;C:\Program Files\Java\jdk1.8.0_201\jre\lib\ext\zipfs.jar;C:\Program Files\Java\jdk1.8.0_201\jre\lib\javaws.jar;C:\Program Files\Java\jdk1.8.0_201\jre\lib\jce.jar;C:\Program Files\Java\jdk1.8.0_201\jre\lib\jfr.jar;C:\Program Files\Java\jdk1.8.0_201\jre\lib\jfxswt.jar;C:\Program Files\Java\jdk1.8.0_201\jre\lib\jsse.jar;C:\Program Files\Java\jdk1.8.0_201\jre\lib\management-agent.jar;C:\Program Files\Java\jdk1.8.0_201\jre\lib\plugin.jar;C:\Program Files\Java\jdk1.8.0_201\jre\lib\resources.jar;C:\Program Files\Java\jdk1.8.0_201\jre\lib\rt.jar;C:\Users\asus\runelite\runelite-client\target\classes;C:\Users\asus\.m2\repository\org\slf4j\slf4j-api\1.7.25\slf4j-api-1.7.25.jar;C:\Users\asus\.m2\repository\ch\qos\logback\logback-classic\1.2.3\logback-classic-1.2.3.jar;C:\Users\asus\.m2\repository\ch\qos\logback\logback-core\1.2.3\logback-core-1.2.3.jar;C:\Users\asus\.m2\repository\net\sf\jopt-simple\jopt-simple\5.0.1\jopt-simple-5.0.1.jar;C:\Users\asus\.m2\repository\com\google\guava\guava\23.2-jre\guava-23.2-jre.jar;C:\Users\asus\.m2\repository\com\google\code\findbugs\jsr305\1.3.9\jsr305-1.3.9.jar;C:\Users\asus\.m2\repository\com\google\errorprone\error_prone_annotations\2.0.18\error_
Launcher Type: SUN_STANDARD

Environment Variables:
PATH=C:\Program Files (x86)\Common Files\Oracle\Java\javapath;C:\Program Files (x86)\Intel\iCLS Client\;C:\Program Files\Intel\iCLS Client\;C:\Windows\system32;C:\Windows;C:\Windows\System32\Wbem;C:\Windows\System32\WindowsPowerShell\v1.0\;C:\Program Files (x86)\NVIDIA Corporation\PhysX\Common;C:\Program Files (x86)\Intel\Intel(R) Management Engine Components\DAL;C:\Program Files\Intel\Intel(R) Management Engine Components\DAL;C:\Program Files (x86)\Intel\Intel(R) Management Engine Components\IPT;C:\Program Files\Intel\Intel(R) Management Engine Components\IPT;C:\WINDOWS\system32;C:\WINDOWS;C:\WINDOWS\System32\Wbem;C:\WINDOWS\System32\WindowsPowerShell\v1.0\;C:\WINDOWS\System32\OpenSSH\;C:\Documents\PuTTY\;C:\Program Files\Intel\WiFi\bin\;C:\Program Files\Common Files\Intel\WirelessCommon\;C:\cygwin\bin;C:\Program Files\Git\cmd;C:\Users\asus\AppData\Local\Microsoft\WindowsApps;C:\Users\asus\AppData\Local\GitHubDesktop\bin
USERNAME=asus
OS=Windows_NT
PROCESSOR_IDENTIFIER=Intel64 Family 6 Model 158 Stepping 9, GenuineIntel



---------------  S Y S T E M  ---------------

OS: Windows 10.0 , 64 bit Build 17134 (10.0.17134.556)

CPU:total 8 (initial active 8) (4 cores per cpu, 2 threads per core) family 6 model 158 stepping 9, cmov, cx8, fxsr, mmx, sse, sse2, sse3, ssse3, sse4.1, sse4.2, popcnt, avx, avx2, aes, clmul, erms, 3dnowpref, lzcnt, ht, tsc, tscinvbit, bmi1, bmi2, adx

Memory: 4k page, physical 16659216k(7373952k free), swap 19149584k(4378848k free)

vm_info: Java HotSpot(TM) 64-Bit Server VM (25.201-b09) for windows-amd64 JRE (1.8.0_201-b09), built on Dec 15 2018 18:36:39 by "java_re" with MS VC++ 10.0 (VS2010)

time: Mon Mar 11 12:36:56 2019
timezone: Eastern Daylight Time
elapsed time: 53 seconds (0d 0h 0m 53s)

