#
# A fatal error has been detected by the Java Runtime Environment:
#
#  EXCEPTION_ACCESS_VIOLATION (0xc0000005) at pc=0x00007ffe1d180e0e, pid=15996, tid=0x0000000000003d1c
#
# JRE version: Java(TM) SE Runtime Environment (8.0_201-b09) (build 1.8.0_201-b09)
# Java VM: Java HotSpot(TM) 64-Bit Server VM (25.201-b09 mixed mode windows-amd64 compressed oops)
# Problematic frame:
# C  [ig9icd64.dll+0x190e0e]
#
# Failed to write core dump. Minidumps are not enabled by default on client versions of Windows
#
# If you would like to submit a bug report, please visit:
#   http://bugreport.java.com/bugreport/crash.jsp
# The crash happened outside the Java Virtual Machine in native code.
# See problematic frame for where to report the bug.
#

---------------  T H R E A D  ---------------

Current thread (0x0000000020405000):  JavaThread "Thread-5" daemon [_thread_in_native, id=15644, stack(0x0000000026500000,0x0000000026600000)]

siginfo: ExceptionCode=0xc0000005, reading address 0x0000000000000008

Registers:
RAX=0x0000000000000000, RBX=0x00007ffe1d4d9290, RCX=0x0000000029b83d10, RDX=0x00000000326b8200
RSP=0x00000000265fe5f0, RBP=0x00000000265fe860, RSI=0x00000000265fe820, RDI=0x0000000000000000
R8 =0x0000000009770000, R9 =0x0000000000000000, R10=0x00000000265fe9a0, R11=0x00000000265fe788
R12=0x0000000000000007, R13=0x0000000000000000, R14=0x00000000265feaf0, R15=0x00000000265fe8a0
RIP=0x00007ffe1d180e0e, EFLAGS=0x0000000000010246

Top of Stack: (sp=0x00000000265fe5f0)
0x00000000265fe5f0:   0000000032ef1ea0 00000000326b8200
0x00000000265fe600:   0000000000bd6560 00000000265fe718
0x00000000265fe610:   0000000000000000 00000000265fe860
0x00000000265fe620:   00000000265fe650 00000000265fe690
0x00000000265fe630:   00000000265fe6d8 00000000265fe660
0x00000000265fe640:   00000000265fe6f8 00000000265fe670
0x00000000265fe650:   00000000265fe800 00000000265fe750
0x00000000265fe660:   0000000000000c08 0000000029bbcea0
0x00000000265fe670:   0000000036916cb0 0000000036916cb0
0x00000000265fe680:   0000000029bbcbc0 00007ffe1d90165c
0x00000000265fe690:   0000000036916ec0 00000000335ff980
0x00000000265fe6a0:   0000000036916cb0 000000002311de30
0x00000000265fe6b0:   00000000265fe8a0 00000000265fe9a0
0x00000000265fe6c0:   00000000335fb9a0 00000000335fb9a0
0x00000000265fe6d0:   0000000000000000 00000000335ff980
0x00000000265fe6e0:   00000000265fe739 00007ffe1d0366d6 

Instructions: (pc=0x00007ffe1d180e0e)
0x00007ffe1d180dee:   48 85 c9 74 06 48 8b 41 20 eb 15 48 8b 80 98 00
0x00007ffe1d180dfe:   00 00 48 85 c0 74 06 48 8b 40 20 eb 03 48 8b c7
0x00007ffe1d180e0e:   48 8b 48 08 48 85 c9 74 54 81 79 14 5d 01 00 00
0x00007ffe1d180e1e:   75 4b 81 26 ff ff 97 f6 81 0e 00 00 94 06 8b 81 


Register to memory mapping:

RAX=0x0000000000000000 is an unknown value
RBX=0x00007ffe1d4d9290 is an unknown value
RCX=0x0000000029b83d10 is an unknown value
RDX=0x00000000326b8200 is an unknown value
RSP=0x00000000265fe5f0 is pointing into the stack for thread: 0x0000000020405000
RBP=0x00000000265fe860 is pointing into the stack for thread: 0x0000000020405000
RSI=0x00000000265fe820 is pointing into the stack for thread: 0x0000000020405000
RDI=0x0000000000000000 is an unknown value
R8 =0x0000000009770000 is an unknown value
R9 =0x0000000000000000 is an unknown value
R10=0x00000000265fe9a0 is pointing into the stack for thread: 0x0000000020405000
R11=0x00000000265fe788 is pointing into the stack for thread: 0x0000000020405000
R12=0x0000000000000007 is an unknown value
R13=0x0000000000000000 is an unknown value
R14=0x00000000265feaf0 is pointing into the stack for thread: 0x0000000020405000
R15=0x00000000265fe8a0 is pointing into the stack for thread: 0x0000000020405000


Stack: [0x0000000026500000,0x0000000026600000],  sp=0x00000000265fe5f0,  free space=1017k
Native frames: (J=compiled Java code, j=interpreted, Vv=VM code, C=native code)
C  [ig9icd64.dll+0x190e0e]
C  [ig9icd64.dll+0x4a0cbd]
C  [ig9icd64.dll+0x4a4d27]
C  [ig9icd64.dll+0x398298]
C  [ig9icd64.dll+0x353cc5]
C  [ig9icd64.dll+0x152415]
C  [ig9icd64.dll+0x143304]
C  [ig9icd64.dll+0x13ff36]
C  0x0000000003d24a17

Java frames: (J=compiled Java code, j=interpreted, Vv=VM code)
J 6738  jogamp.opengl.gl4.GL4bcImpl.dispatch_glTexSubImage2D1(IIIIIIIILjava/lang/Object;IZJ)V (0 bytes) @ 0x0000000003d24999 [0x0000000003d24900+0x99]
J 11611 C2 net.runelite.client.plugins.gpu.GpuPlugin.drawUi(II)V (561 bytes) @ 0x0000000004b92e8c [0x0000000004b929c0+0x4cc]
J 9522 C2 net.runelite.client.plugins.gpu.GpuPlugin.draw()V (2777 bytes) @ 0x0000000004356898 [0x0000000004354fa0+0x18f8]
J 11521 C2 ah.p(Ljava/lang/Object;I)V (136 bytes) @ 0x00000000045ef850 [0x00000000045ef7e0+0x70]
j  ah.run()V+380
j  java.lang.Thread.run()V+11
v  ~StubRoutines::call_stub

---------------  P R O C E S S  ---------------

Java Threads: ( => current thread )
  0x0000000021cc3800 JavaThread "Thread-1" daemon [_thread_in_native, id=2264, stack(0x0000000066c00000,0x0000000066d00000)]
  0x0000000021cc5000 JavaThread "Okio Watchdog" daemon [_thread_blocked, id=9612, stack(0x0000000064160000,0x0000000064260000)]
  0x0000000021cbf000 JavaThread "Twitch" [_thread_in_native, id=17340, stack(0x0000000063680000,0x0000000063780000)]
  0x0000000021cbc000 JavaThread "Thread-21" daemon [_thread_blocked, id=7964, stack(0x000000003b8e0000,0x000000003b9e0000)]
  0x0000000021cc1000 JavaThread "Thread-20" daemon [_thread_in_native, id=9884, stack(0x000000003b7e0000,0x000000003b8e0000)]
  0x0000000021cbe000 JavaThread "Thread-18" daemon [_thread_blocked, id=9552, stack(0x000000003a1e0000,0x000000003a2e0000)]
  0x0000000021cb9800 JavaThread "pool-5-thread-1" [_thread_in_native, id=4492, stack(0x000000003a0e0000,0x000000003a1e0000)]
  0x0000000021cbb000 JavaThread "Java Sound Event Dispatcher" daemon [_thread_blocked, id=21384, stack(0x0000000039de0000,0x0000000039ee0000)]
  0x0000000021cbd800 JavaThread "DestroyJavaVM" [_thread_blocked, id=8000, stack(0x0000000002500000,0x0000000002600000)]
  0x000000001e4aa800 JavaThread "TimerQueue" daemon [_thread_blocked, id=20496, stack(0x0000000029340000,0x0000000029440000)]
  0x000000001e4ab000 JavaThread "pool-4-thread-1" [_thread_blocked, id=18256, stack(0x0000000028e40000,0x0000000028f40000)]
  0x000000001e4a6000 JavaThread "Thread-12" daemon [_thread_blocked, id=9016, stack(0x0000000028d40000,0x0000000028e40000)]
  0x000000001e4a9000 JavaThread "Trident pulse source thread" daemon [_thread_blocked, id=17680, stack(0x0000000028020000,0x0000000028120000)]
  0x000000001e4a8000 JavaThread "Trident callback thread" daemon [_thread_blocked, id=19844, stack(0x0000000027f20000,0x0000000028020000)]
  0x000000001e4a7800 JavaThread "Substance heap status" daemon [_thread_blocked, id=18136, stack(0x00000000279b0000,0x0000000027ab0000)]
  0x000000001e4a9800 JavaThread "Thread-6" daemon [_thread_blocked, id=20344, stack(0x0000000026600000,0x0000000026700000)]
=>0x0000000020405000 JavaThread "Thread-5" daemon [_thread_in_native, id=15644, stack(0x0000000026500000,0x0000000026600000)]
  0x0000000020404000 JavaThread "Thread-4" daemon [_thread_blocked, id=16772, stack(0x0000000026400000,0x0000000026500000)]
  0x0000000020402800 JavaThread "AWT-EventQueue-0" [_thread_blocked, id=12244, stack(0x0000000025e00000,0x0000000025f00000)]
  0x0000000020402000 JavaThread "AWT-Shutdown" [_thread_blocked, id=19552, stack(0x0000000025d00000,0x0000000025e00000)]
  0x0000000020401000 JavaThread "AWT-Windows" daemon [_thread_in_native, id=14776, stack(0x0000000023170000,0x0000000023270000)]
  0x0000000020400800 JavaThread "Java2D Disposer" daemon [_thread_blocked, id=17928, stack(0x0000000022e70000,0x0000000022f70000)]
  0x0000000020406800 JavaThread "OkHttp ConnectionPool" daemon [_thread_blocked, id=18840, stack(0x00000000217a0000,0x00000000218a0000)]
  0x000000001f8ed800 JavaThread "pool-2-thread-1" [_thread_blocked, id=7192, stack(0x00000000213a0000,0x00000000214a0000)]
  0x000000001e3aa800 JavaThread "Service Thread" daemon [_thread_blocked, id=16068, stack(0x000000001ef50000,0x000000001f050000)]
  0x000000001e3bc800 JavaThread "C1 CompilerThread3" daemon [_thread_blocked, id=17488, stack(0x000000001ee50000,0x000000001ef50000)]
  0x000000001e3b0000 JavaThread "C2 CompilerThread2" daemon [_thread_blocked, id=19852, stack(0x000000001ed50000,0x000000001ee50000)]
  0x000000001e3ad000 JavaThread "C2 CompilerThread1" daemon [_thread_blocked, id=10544, stack(0x000000001ec50000,0x000000001ed50000)]
  0x000000001e3ac000 JavaThread "C2 CompilerThread0" daemon [_thread_blocked, id=17300, stack(0x000000001eb50000,0x000000001ec50000)]
  0x000000001e3a9000 JavaThread "Monitor Ctrl-Break" daemon [_thread_in_native, id=13628, stack(0x000000001ea50000,0x000000001eb50000)]
  0x000000001e197800 JavaThread "Attach Listener" daemon [_thread_blocked, id=18388, stack(0x000000001e950000,0x000000001ea50000)]
  0x000000001c38e800 JavaThread "Signal Dispatcher" daemon [_thread_blocked, id=21024, stack(0x000000001e850000,0x000000001e950000)]
  0x000000000295a000 JavaThread "Finalizer" daemon [_thread_blocked, id=12820, stack(0x000000001e660000,0x000000001e760000)]
  0x000000001e180800 JavaThread "Reference Handler" daemon [_thread_blocked, id=15384, stack(0x000000001e560000,0x000000001e660000)]

Other Threads:
  0x000000001c379000 VMThread [stack: 0x000000001e060000,0x000000001e160000] [id=21028]
  0x000000001e4e9000 WatcherThread [stack: 0x000000001f050000,0x000000001f150000] [id=20752]

VM state:not at safepoint (normal execution)

VM Mutex/Monitor currently owned by a thread: None

heap address: 0x00000006c1c00000, size: 4068 MB, Compressed Oops mode: Zero based, Oop shift amount: 3
Narrow klass base: 0x0000000000000000, Narrow klass shift: 3
Compressed class space size: 1073741824 Address: 0x00000007c0000000

Heap:
 PSYoungGen      total 1219072K, used 194343K [0x000000076b400000, 0x00000007bb980000, 0x00000007c0000000)
  eden space 1181184K, 13% used [0x000000076b400000,0x0000000774e944e0,0x00000007b3580000)
  from space 37888K, 95% used [0x00000007b5f80000,0x00000007b82b58a8,0x00000007b8480000)
  to   space 43008K, 0% used [0x00000007b3580000,0x00000007b3580000,0x00000007b5f80000)
 ParOldGen       total 203264K, used 112594K [0x00000006c1c00000, 0x00000006ce280000, 0x000000076b400000)
  object space 203264K, 55% used [0x00000006c1c00000,0x00000006c89f4860,0x00000006ce280000)
 Metaspace       used 59929K, capacity 63610K, committed 63656K, reserved 1105920K
  class space    used 6718K, capacity 7319K, committed 7336K, reserved 1048576K

Card table byte_map: [0x0000000011d20000,0x0000000012520000] byte_map_base: 0x000000000e712000

Marking Bits: (ParMarkBitMap*) 0x0000000067774ce0
 Begin Bits: [0x0000000013270000, 0x0000000017200000)
 End Bits:   [0x0000000017200000, 0x000000001b190000)

Polling page: 0x0000000000a80000

CodeCache: size=245760Kb used=42322Kb max_used=42405Kb free=203437Kb
 bounds [0x0000000002960000, 0x0000000005330000, 0x0000000011960000]
 total_blobs=10391 nmethods=9262 adapters=1039
 compilation: enabled

Compilation events (10 events):
Event: 202.811 Thread 0x000000001e3ad000 12129       4       java.lang.StringCoding::safeTrim (24 bytes)
Event: 202.812 Thread 0x000000001e3bc800 12130       3       java.lang.Class::getSimpleName (120 bytes)
Event: 202.814 Thread 0x000000001e3bc800 nmethod 12130 0x00000000048dfe10 code [0x00000000048e0100, 0x00000000048e1838]
Event: 202.814 Thread 0x000000001e3bc800 12131       3       java.util.concurrent.CopyOnWriteArrayList::contains (22 bytes)
Event: 202.815 Thread 0x000000001e3ad000 nmethod 12129 0x0000000003761350 code [0x00000000037614a0, 0x00000000037616f8]
Event: 202.815 Thread 0x000000001e3bc800 nmethod 12131 0x00000000047a61d0 code [0x00000000047a6340, 0x00000000047a65c8]
Event: 202.820 Thread 0x000000001e3bc800 12132       3       java.lang.StringBuilder::append (8 bytes)
Event: 202.820 Thread 0x000000001e3bc800 nmethod 12132 0x0000000003774290 code [0x0000000003774400, 0x0000000003774588]
Event: 202.821 Thread 0x000000001e3bc800 12133       3       java.lang.AbstractStringBuilder::append (191 bytes)
Event: 202.822 Thread 0x000000001e3bc800 nmethod 12133 0x0000000003bb1150 code [0x0000000003bb1340, 0x0000000003bb1d78]

GC Heap History (10 events):
Event: 14.046 GC heap before
{Heap before GC invocations=11 (full 1):
 PSYoungGen      total 538112K, used 167673K [0x000000076b400000, 0x00000007a0380000, 0x00000007c0000000)
  eden space 524288K, 31% used [0x000000076b400000,0x00000007757be4c8,0x000000078b400000)
  from space 13824K, 0% used [0x000000078b400000,0x000000078b400000,0x000000078c180000)
  to   space 14336K, 0% used [0x000000079f580000,0x000000079f580000,0x00000007a0380000)
 ParOldGen       total 87040K, used 10367K [0x00000006c1c00000, 0x00000006c7100000, 0x000000076b400000)
  object space 87040K, 11% used [0x00000006c1c00000,0x00000006c261fef8,0x00000006c7100000)
 Metaspace       used 34690K, capacity 35172K, committed 35496K, reserved 1081344K
  class space    used 4062K, capacity 4229K, committed 4264K, reserved 1048576K
Event: 14.056 GC heap after
Heap after GC invocations=11 (full 1):
 PSYoungGen      total 807936K, used 13284K [0x000000076b400000, 0x00000007a0280000, 0x00000007c0000000)
  eden space 794624K, 0% used [0x000000076b400000,0x000000076b400000,0x000000079bc00000)
  from space 13312K, 99% used [0x000000079f580000,0x00000007a02791e8,0x00000007a0280000)
  to   space 15360K, 0% used [0x000000079e480000,0x000000079e480000,0x000000079f380000)
 ParOldGen       total 87040K, used 10383K [0x00000006c1c00000, 0x00000006c7100000, 0x000000076b400000)
  object space 87040K, 11% used [0x00000006c1c00000,0x00000006c2623ef8,0x00000006c7100000)
 Metaspace       used 34690K, capacity 35172K, committed 35496K, reserved 1081344K
  class space    used 4062K, capacity 4229K, committed 4264K, reserved 1048576K
}
Event: 14.056 GC heap before
{Heap before GC invocations=12 (full 2):
 PSYoungGen      total 807936K, used 13284K [0x000000076b400000, 0x00000007a0280000, 0x00000007c0000000)
  eden space 794624K, 0% used [0x000000076b400000,0x000000076b400000,0x000000079bc00000)
  from space 13312K, 99% used [0x000000079f580000,0x00000007a02791e8,0x00000007a0280000)
  to   space 15360K, 0% used [0x000000079e480000,0x000000079e480000,0x000000079f380000)
 ParOldGen       total 87040K, used 10383K [0x00000006c1c00000, 0x00000006c7100000, 0x000000076b400000)
  object space 87040K, 11% used [0x00000006c1c00000,0x00000006c2623ef8,0x00000006c7100000)
 Metaspace       used 34690K, capacity 35172K, committed 35496K, reserved 1081344K
  class space    used 4062K, capacity 4229K, committed 4264K, reserved 1048576K
Event: 14.108 GC heap after
Heap after GC invocations=12 (full 2):
 PSYoungGen      total 807936K, used 0K [0x000000076b400000, 0x00000007a0280000, 0x00000007c0000000)
  eden space 794624K, 0% used [0x000000076b400000,0x000000076b400000,0x000000079bc00000)
  from space 13312K, 0% used [0x000000079f580000,0x000000079f580000,0x00000007a0280000)
  to   space 15360K, 0% used [0x000000079e480000,0x000000079e480000,0x000000079f380000)
 ParOldGen       total 110080K, used 22426K [0x00000006c1c00000, 0x00000006c8780000, 0x000000076b400000)
  object space 110080K, 20% used [0x00000006c1c00000,0x00000006c31e6ae0,0x00000006c8780000)
 Metaspace       used 34690K, capacity 35172K, committed 35496K, reserved 1081344K
  class space    used 4062K, capacity 4229K, committed 4264K, reserved 1048576K
}
Event: 67.785 GC heap before
{Heap before GC invocations=13 (full 2):
 PSYoungGen      total 807936K, used 491206K [0x000000076b400000, 0x00000007a0280000, 0x00000007c0000000)
  eden space 794624K, 61% used [0x000000076b400000,0x00000007893b1ac8,0x000000079bc00000)
  from space 13312K, 0% used [0x000000079f580000,0x000000079f580000,0x00000007a0280000)
  to   space 15360K, 0% used [0x000000079e480000,0x000000079e480000,0x000000079f380000)
 ParOldGen       total 110080K, used 22426K [0x00000006c1c00000, 0x00000006c8780000, 0x000000076b400000)
  object space 110080K, 20% used [0x00000006c1c00000,0x00000006c31e6ae0,0x00000006c8780000)
 Metaspace       used 55619K, capacity 59078K, committed 59160K, reserved 1101824K
  class space    used 6465K, capacity 7011K, committed 7080K, reserved 1048576K
Event: 67.821 GC heap after
Heap after GC invocations=13 (full 2):
 PSYoungGen      total 851456K, used 15341K [0x000000076b400000, 0x00000007b8480000, 0x00000007c0000000)
  eden space 836096K, 0% used [0x000000076b400000,0x000000076b400000,0x000000079e480000)
  from space 15360K, 99% used [0x000000079e480000,0x000000079f37b470,0x000000079f380000)
  to   space 37888K, 0% used [0x00000007b5f80000,0x00000007b5f80000,0x00000007b8480000)
 ParOldGen       total 110080K, used 79100K [0x00000006c1c00000, 0x00000006c8780000, 0x000000076b400000)
  object space 110080K, 71% used [0x00000006c1c00000,0x00000006c693f0c0,0x00000006c8780000)
 Metaspace       used 55619K, capacity 59078K, committed 59160K, reserved 1101824K
  class space    used 6465K, capacity 7011K, committed 7080K, reserved 1048576K
}
Event: 67.821 GC heap before
{Heap before GC invocations=14 (full 3):
 PSYoungGen      total 851456K, used 15341K [0x000000076b400000, 0x00000007b8480000, 0x00000007c0000000)
  eden space 836096K, 0% used [0x000000076b400000,0x000000076b400000,0x000000079e480000)
  from space 15360K, 99% used [0x000000079e480000,0x000000079f37b470,0x000000079f380000)
  to   space 37888K, 0% used [0x00000007b5f80000,0x00000007b5f80000,0x00000007b8480000)
 ParOldGen       total 110080K, used 79100K [0x00000006c1c00000, 0x00000006c8780000, 0x000000076b400000)
  object space 110080K, 71% used [0x00000006c1c00000,0x00000006c693f0c0,0x00000006c8780000)
 Metaspace       used 55619K, capacity 59078K, committed 59160K, reserved 1101824K
  class space    used 6465K, capacity 7011K, committed 7080K, reserved 1048576K
Event: 68.092 GC heap after
Heap after GC invocations=14 (full 3):
 PSYoungGen      total 851456K, used 0K [0x000000076b400000, 0x00000007b8480000, 0x00000007c0000000)
  eden space 836096K, 0% used [0x000000076b400000,0x000000076b400000,0x000000079e480000)
  from space 15360K, 0% used [0x000000079e480000,0x000000079e480000,0x000000079f380000)
  to   space 37888K, 0% used [0x00000007b5f80000,0x00000007b5f80000,0x00000007b8480000)
 ParOldGen       total 203264K, used 86738K [0x00000006c1c00000, 0x00000006ce280000, 0x000000076b400000)
  object space 203264K, 42% used [0x00000006c1c00000,0x00000006c70b4a40,0x00000006ce280000)
 Metaspace       used 55619K, capacity 59078K, committed 59160K, reserved 1101824K
  class space    used 6465K, capacity 7011K, committed 7080K, reserved 1048576K
}
Event: 189.808 GC heap before
{Heap before GC invocations=15 (full 3):
 PSYoungGen      total 851456K, used 836096K [0x000000076b400000, 0x00000007b8480000, 0x00000007c0000000)
  eden space 836096K, 100% used [0x000000076b400000,0x000000079e480000,0x000000079e480000)
  from space 15360K, 0% used [0x000000079e480000,0x000000079e480000,0x000000079f380000)
  to   space 37888K, 0% used [0x00000007b5f80000,0x00000007b5f80000,0x00000007b8480000)
 ParOldGen       total 203264K, used 86738K [0x00000006c1c00000, 0x00000006ce280000, 0x000000076b400000)
  object space 203264K, 42% used [0x00000006c1c00000,0x00000006c70b4a40,0x00000006ce280000)
 Metaspace       used 59550K, capacity 63234K, committed 63400K, reserved 1105920K
  class space    used 6658K, capacity 7215K, committed 7336K, reserved 1048576K
Event: 189.849 GC heap after
Heap after GC invocations=15 (full 3):
 PSYoungGen      total 1219072K, used 36054K [0x000000076b400000, 0x00000007bb980000, 0x00000007c0000000)
  eden space 1181184K, 0% used [0x000000076b400000,0x000000076b400000,0x00000007b3580000)
  from space 37888K, 95% used [0x00000007b5f80000,0x00000007b82b58a8,0x00000007b8480000)
  to   space 43008K, 0% used [0x00000007b3580000,0x00000007b3580000,0x00000007b5f80000)
 ParOldGen       total 203264K, used 112594K [0x00000006c1c00000, 0x00000006ce280000, 0x000000076b400000)
  object space 203264K, 55% used [0x00000006c1c00000,0x00000006c89f4860,0x00000006ce280000)
 Metaspace       used 59550K, capacity 63234K, committed 63400K, reserved 1105920K
  class space    used 6658K, capacity 7215K, committed 7336K, reserved 1048576K
}

Deoptimization events (10 events):
Event: 202.709 Thread 0x0000000020402800 Uncommon trap: reason=unstable_if action=reinterpret pc=0x0000000004bee838 method=java.awt.EventQueue.cacheEQItem(Lsun/awt/EventQueueItem;)V @ 23
Event: 202.710 Thread 0x0000000020402800 Uncommon trap: reason=unstable_if action=reinterpret pc=0x0000000004da7efc method=java.awt.EventQueue.cacheEQItem(Lsun/awt/EventQueueItem;)V @ 23
Event: 202.710 Thread 0x0000000020402800 Uncommon trap: reason=unstable_if action=reinterpret pc=0x00000000038a7ac0 method=javax.swing.JButton.removeNotify()V @ 14
Event: 202.711 Thread 0x0000000020402800 Uncommon trap: reason=unstable_if action=reinterpret pc=0x0000000003891a14 method=javax.swing.JComponent.unregisterWithKeyboardManager()V @ 11
Event: 202.819 Thread 0x000000001e4ac800 Uncommon trap: reason=class_check action=maybe_recompile pc=0x0000000004da9b0c method=jogamp.opengl.GLDrawableImpl.lockSurface()I @ 4
Event: 202.819 Thread 0x000000001e4ac800 Uncommon trap: reason=unstable_if action=reinterpret pc=0x0000000003d07260 method=jogamp.common.util.locks.RecursiveLockImpl01Unfairish$SingleThreadSync.isOwner(Ljava/lang/Thread;)Z @ 5
Event: 202.819 Thread 0x000000001e4ac800 Uncommon trap: reason=unstable_if action=reinterpret pc=0x0000000002aef8e0 method=jogamp.common.util.locks.RecursiveLockImpl01Unfairish$SingleThreadSync.isOwner(Ljava/lang/Thread;)Z @ 5
Event: 202.819 Thread 0x000000001e4ac800 Uncommon trap: reason=class_check action=maybe_recompile pc=0x0000000004da9b0c method=jogamp.opengl.GLDrawableImpl.lockSurface()I @ 4
Event: 202.822 Thread 0x000000001e4ac800 Uncommon trap: reason=unstable_if action=reinterpret pc=0x0000000004d58938 method=jogamp.common.util.locks.RecursiveLockImpl01Unfairish.unlock(Ljava/lang/Runnable;)V @ 34
Event: 202.841 Thread 0x0000000020405000 Uncommon trap: reason=unstable_if action=reinterpret pc=0x0000000004697ed4 method=sun.java2d.d3d.D3DScreenUpdateManager.createGraphics(Lsun/java2d/SurfaceData;Lsun/awt/windows/WComponentPeer;Ljava/awt/Color;Ljava/awt/Color;Ljava/awt/Font;)Ljava/awt/Graphi

Classes redefined (0 events):
No events

Internal exceptions (10 events):
Event: 98.863 Thread 0x0000000020402800 Implicit null exception at 0x00000000038d7cc2 to 0x00000000038d7f49
Event: 98.863 Thread 0x0000000020402800 Implicit null exception at 0x00000000038af3f0 to 0x00000000038af669
Event: 98.865 Thread 0x0000000020402800 Implicit null exception at 0x00000000038ec402 to 0x00000000038f044d
Event: 99.525 Thread 0x0000000020405000 Implicit null exception at 0x00000000032f8798 to 0x00000000032f883d
Event: 146.911 Thread 0x0000000020402800 Implicit null exception at 0x0000000004b924bc to 0x0000000004b93665
Event: 153.603 Thread 0x0000000020405000 Implicit null exception at 0x0000000004d7cdd5 to 0x0000000004d7cf7d
Event: 160.880 Thread 0x0000000020405000 Implicit null exception at 0x0000000003264afb to 0x0000000003264e75
Event: 201.377 Thread 0x0000000020402800 Implicit null exception at 0x0000000004b6709e to 0x0000000004b69275
Event: 202.724 Thread 0x0000000020402800 Exception <a 'java/lang/NoSuchMethodError': java.lang.Object.inspectorAlwaysOnTop()Z> (0x0000000772fb4740) thrown at [C:\re\workspace\8-2-build-windows-amd64-cygwin\jdk8u201\12322\hotspot\src\share\vm\interpreter\linkResolver.cpp, line 620]
Event: 202.726 Thread 0x0000000020402800 Exception <a 'java/net/SocketTimeoutException': Read timed out> (0x0000000772fb7c90) thrown at [C:\re\workspace\8-2-build-windows-amd64-cygwin\jdk8u201\12322\hotspot\src\share\vm\prims\jni.cpp, line 735]

Events (10 events):
Event: 202.833 loading class jogamp/opengl/egl/EGLDisplayUtil$1
Event: 202.833 loading class jogamp/opengl/egl/EGLDisplayUtil$1 done
Event: 202.834 Executing VM operation: RevokeBias
Event: 202.834 Executing VM operation: RevokeBias done
Event: 202.834 Executing VM operation: RevokeBias
Event: 202.834 Executing VM operation: RevokeBias done
Event: 202.834 Thread 0x0000000021cc2000 Thread exited: 0x0000000021cc2000
Event: 202.841 Thread 0x0000000020405000 Uncommon trap: trap_request=0xffffff65 fr.pc=0x0000000004697ed4
Event: 202.841 Thread 0x0000000020405000 DEOPT PACKING pc=0x0000000004697ed4 sp=0x00000000265ff3c0
Event: 202.841 Thread 0x0000000020405000 DEOPT UNPACKING pc=0x00000000029a583b sp=0x00000000265ff1e0 mode 2


Dynamic libraries:
0x00007ff688980000 - 0x00007ff6889b7000 	C:\Program Files\Java\jdk1.8.0_201\bin\java.exe
0x00007ffe8cb00000 - 0x00007ffe8cce1000 	C:\WINDOWS\SYSTEM32\ntdll.dll
0x00007ffe8c120000 - 0x00007ffe8c1d2000 	C:\WINDOWS\System32\KERNEL32.DLL
0x00007ffe88f20000 - 0x00007ffe89193000 	C:\WINDOWS\System32\KERNELBASE.dll
0x00007ffe8bfa0000 - 0x00007ffe8c041000 	C:\WINDOWS\System32\ADVAPI32.dll
0x00007ffe8a530000 - 0x00007ffe8a5ce000 	C:\WINDOWS\System32\msvcrt.dll
0x00007ffe8c350000 - 0x00007ffe8c3ab000 	C:\WINDOWS\System32\sechost.dll
0x00007ffe8a600000 - 0x00007ffe8a724000 	C:\WINDOWS\System32\RPCRT4.dll
0x00007ffe8c940000 - 0x00007ffe8cad0000 	C:\WINDOWS\System32\USER32.dll
0x00007ffe89af0000 - 0x00007ffe89b10000 	C:\WINDOWS\System32\win32u.dll
0x00007ffe8c890000 - 0x00007ffe8c8b8000 	C:\WINDOWS\System32\GDI32.dll
0x00007ffe89950000 - 0x00007ffe89ae2000 	C:\WINDOWS\System32\gdi32full.dll
0x00007ffe898b0000 - 0x00007ffe8994f000 	C:\WINDOWS\System32\msvcp_win.dll
0x00007ffe89d00000 - 0x00007ffe89dfa000 	C:\WINDOWS\System32\ucrtbase.dll
0x00007ffe796c0000 - 0x00007ffe79929000 	C:\WINDOWS\WinSxS\amd64_microsoft.windows.common-controls_6595b64144ccf1df_6.0.17134.590_none_fb3d9bff3069e088\COMCTL32.dll
0x00007ffe89f90000 - 0x00007ffe8a2b2000 	C:\WINDOWS\System32\combase.dll
0x00007ffe89e00000 - 0x00007ffe89e7a000 	C:\WINDOWS\System32\bcryptPrimitives.dll
0x00007ffe8a5d0000 - 0x00007ffe8a5fd000 	C:\WINDOWS\System32\IMM32.DLL
0x00007ffe87f00000 - 0x00007ffe87f31000 	C:\WINDOWS\SYSTEM32\ntmarta.dll
0x00007ffe88d40000 - 0x00007ffe88d70000 	C:\WINDOWS\SYSTEM32\SspiCli.dll
0x0000000067800000 - 0x00000000678d1000 	C:\Program Files\Java\jdk1.8.0_201\jre\bin\msvcr100.dll
0x0000000066f50000 - 0x00000000677f4000 	C:\Program Files\Java\jdk1.8.0_201\jre\bin\server\jvm.dll
0x00007ffe8c1e0000 - 0x00007ffe8c1e8000 	C:\WINDOWS\System32\PSAPI.DLL
0x00007ffe764f0000 - 0x00007ffe764f9000 	C:\WINDOWS\SYSTEM32\WSOCK32.dll
0x00007ffe8c0b0000 - 0x00007ffe8c11c000 	C:\WINDOWS\System32\WS2_32.dll
0x00007ffe84b60000 - 0x00007ffe84b83000 	C:\WINDOWS\SYSTEM32\WINMM.dll
0x00007ffe83540000 - 0x00007ffe8354a000 	C:\WINDOWS\SYSTEM32\VERSION.dll
0x00007ffe84b10000 - 0x00007ffe84b3a000 	C:\WINDOWS\SYSTEM32\WINMMBASE.dll
0x00007ffe88ed0000 - 0x00007ffe88f19000 	C:\WINDOWS\System32\cfgmgr32.dll
0x00007ffe7ad50000 - 0x00007ffe7ad5f000 	C:\Program Files\Java\jdk1.8.0_201\jre\bin\verify.dll
0x00007ffe78f30000 - 0x00007ffe78f59000 	C:\Program Files\Java\jdk1.8.0_201\jre\bin\java.dll
0x00007ffe711b0000 - 0x00007ffe711d3000 	C:\Program Files\Java\jdk1.8.0_201\jre\bin\instrument.dll
0x00007ffe76a40000 - 0x00007ffe76a56000 	C:\Program Files\Java\jdk1.8.0_201\jre\bin\zip.dll
0x00007ffe8ab60000 - 0x00007ffe8bfa0000 	C:\WINDOWS\System32\SHELL32.dll
0x00007ffe8a7d0000 - 0x00007ffe8a879000 	C:\WINDOWS\System32\shcore.dll
0x00007ffe891a0000 - 0x00007ffe898ad000 	C:\WINDOWS\System32\windows.storage.dll
0x00007ffe8c3b0000 - 0x00007ffe8c401000 	C:\WINDOWS\System32\shlwapi.dll
0x00007ffe88eb0000 - 0x00007ffe88ec1000 	C:\WINDOWS\System32\kernel.appcore.dll
0x00007ffe88e40000 - 0x00007ffe88e5f000 	C:\WINDOWS\System32\profapi.dll
0x00007ffe88e60000 - 0x00007ffe88eac000 	C:\WINDOWS\System32\powrprof.dll
0x00007ffe88e10000 - 0x00007ffe88e1a000 	C:\WINDOWS\System32\FLTLIB.DLL
0x00007ffe77060000 - 0x00007ffe7707a000 	C:\Program Files\JetBrains\IntelliJ IDEA Community Edition 2018.3.3\bin\breakgen64.dll
0x00007ffe76a20000 - 0x00007ffe76a3a000 	C:\Program Files\Java\jdk1.8.0_201\jre\bin\net.dll
0x00007ffe7b1f0000 - 0x00007ffe7b3b9000 	C:\WINDOWS\SYSTEM32\urlmon.dll
0x00007ffe79410000 - 0x00007ffe796b5000 	C:\WINDOWS\SYSTEM32\iertutil.dll
0x00007ffe88840000 - 0x00007ffe8884b000 	C:\WINDOWS\SYSTEM32\CRYPTBASE.DLL
0x00007ffe88690000 - 0x00007ffe886f6000 	C:\WINDOWS\system32\mswsock.dll
0x00007ffe70dd0000 - 0x00007ffe70df4000 	C:\Program Files\Java\jdk1.8.0_201\jre\bin\sunec.dll
0x00007ffe88410000 - 0x00007ffe88448000 	C:\WINDOWS\SYSTEM32\IPHLPAPI.DLL
0x00007ffe8a880000 - 0x00007ffe8a888000 	C:\WINDOWS\System32\NSI.dll
0x00007ffe810a0000 - 0x00007ffe810b6000 	C:\WINDOWS\SYSTEM32\dhcpcsvc6.DLL
0x00007ffe81260000 - 0x00007ffe8127a000 	C:\WINDOWS\SYSTEM32\dhcpcsvc.DLL
0x00007ffe76a00000 - 0x00007ffe76a11000 	C:\Program Files\Java\jdk1.8.0_201\jre\bin\nio.dll
0x00007ffe88850000 - 0x00007ffe88867000 	C:\WINDOWS\SYSTEM32\CRYPTSP.dll
0x00007ffe88270000 - 0x00007ffe882a3000 	C:\WINDOWS\system32\rsaenh.dll
0x00007ffe88970000 - 0x00007ffe88995000 	C:\WINDOWS\SYSTEM32\bcrypt.dll
0x00007ffe88d10000 - 0x00007ffe88d38000 	C:\WINDOWS\SYSTEM32\USERENV.dll
0x00007ffe6e3a0000 - 0x00007ffe6e3e2000 	C:\Users\asus\AppData\Local\Temp\jna-3003984\jna5635631599836067696.dll
0x00007ffe60a60000 - 0x00007ffe60afc000 	C:\Users\asus\AppData\Local\Temp\jna-3003984\jna1041354956068526375.dll
0x00007ffe88450000 - 0x00007ffe8850e000 	C:\WINDOWS\SYSTEM32\DNSAPI.dll
0x00007ffe7c910000 - 0x00007ffe7c91a000 	C:\Windows\System32\rasadhlp.dll
0x00007ffe7cf10000 - 0x00007ffe7cf82000 	C:\WINDOWS\System32\fwpuclnt.dll
0x00007ffe4b410000 - 0x00007ffe4b5a9000 	C:\Program Files\Java\jdk1.8.0_201\jre\bin\awt.dll
0x00007ffe8a2c0000 - 0x00007ffe8a383000 	C:\WINDOWS\System32\OLEAUT32.dll
0x00007ffe86450000 - 0x00007ffe864db000 	C:\WINDOWS\SYSTEM32\apphelp.dll
0x00007ffe86580000 - 0x00007ffe86618000 	C:\WINDOWS\system32\uxtheme.dll
0x00007ffe8a8f0000 - 0x00007ffe8aa63000 	C:\WINDOWS\System32\MSCTF.dll
0x00007ffe86fe0000 - 0x00007ffe87009000 	C:\WINDOWS\system32\dwmapi.dll
0x00007ffe8c1f0000 - 0x00007ffe8c341000 	C:\WINDOWS\System32\ole32.dll
0x00007ffe6a120000 - 0x00007ffe6a167000 	C:\Program Files\Java\jdk1.8.0_201\jre\bin\fontmanager.dll
0x00007ffe7a400000 - 0x00007ffe7a40b000 	C:\Program Files\Java\jdk1.8.0_201\jre\bin\sunmscapi.dll
0x00007ffe89b10000 - 0x00007ffe89cf2000 	C:\WINDOWS\System32\CRYPT32.dll
0x00007ffe88e20000 - 0x00007ffe88e32000 	C:\WINDOWS\System32\MSASN1.dll
0x00007ffe519d0000 - 0x00007ffe51a72000 	C:\Program Files\Java\jdk1.8.0_201\jre\bin\mlib_image.dll
0x00007ffe773d0000 - 0x00007ffe774f0000 	C:\WINDOWS\system32\opengl32.dll
0x00007ffe82690000 - 0x00007ffe826bc000 	C:\WINDOWS\SYSTEM32\GLU32.dll
0x00007ffe79be0000 - 0x00007ffe79c0a000 	C:\Program Files\Java\jdk1.8.0_201\jre\bin\dcpr.dll
0x00007ffe6d3f0000 - 0x00007ffe6d432000 	C:\Program Files\Java\jdk1.8.0_201\jre\bin\t2k.dll
0x00007ffe8a730000 - 0x00007ffe8a7d0000 	C:\WINDOWS\System32\clbcatq.dll
0x00007ffe83780000 - 0x00007ffe8392e000 	C:\WINDOWS\SYSTEM32\WindowsCodecs.dll
0x00007ffe6cbe0000 - 0x00007ffe6cc38000 	C:\WINDOWS\system32\dataexchange.dll
0x00007ffe85490000 - 0x00007ffe8579b000 	C:\WINDOWS\system32\d3d11.dll
0x00007ffe85d70000 - 0x00007ffe85f0c000 	C:\WINDOWS\system32\dcomp.dll
0x00007ffe87bd0000 - 0x00007ffe87c8b000 	C:\WINDOWS\system32\dxgi.dll
0x00007ffe870f0000 - 0x00007ffe872a8000 	C:\WINDOWS\system32\twinapi.appcore.dll
0x00007ffe870c0000 - 0x00007ffe870e9000 	C:\WINDOWS\system32\RMCLIENT.dll
0x00007ffe81420000 - 0x00007ffe814c8000 	C:\WINDOWS\SYSTEM32\mscms.dll
0x00007ffe84c50000 - 0x00007ffe84c60000 	C:\WINDOWS\SYSTEM32\ColorAdapterClient.dll
0x00007ffe67190000 - 0x00007ffe671d3000 	C:\WINDOWS\SYSTEM32\icm32.dll
0x00007ffe77be0000 - 0x00007ffe77c76000 	C:\WINDOWS\System32\TextInputFramework.dll
0x00007ffe83210000 - 0x00007ffe8352e000 	C:\WINDOWS\System32\CoreUIComponents.dll
0x00007ffe86250000 - 0x00007ffe8632a000 	C:\WINDOWS\System32\CoreMessaging.dll
0x00007ffe844a0000 - 0x00007ffe845ed000 	C:\WINDOWS\SYSTEM32\wintypes.dll
0x00007ffe7d540000 - 0x00007ffe7d5ab000 	C:\WINDOWS\system32\Oleacc.dll
0x00000000637c0000 - 0x00000000637cd000 	C:\Users\asus\AppData\Local\Temp\jogamp_0000\file_cache\jln3061876741242334118\jln6491923635016457936\natives\windows-amd64\gluegen-rt.dll
0x00007ffe79bd0000 - 0x00007ffe79bd7000 	C:\Program Files\Java\jdk1.8.0_201\jre\bin\jawt.dll
0x000000006a440000 - 0x000000006a44d000 	C:\Users\asus\AppData\Local\Temp\jogamp_0000\file_cache\jln3061876741242334118\jln6491923635016457936\natives\windows-amd64\nativewindow_awt.dll
0x000000006c100000 - 0x000000006c10f000 	C:\Users\asus\AppData\Local\Temp\jogamp_0000\file_cache\jln3061876741242334118\jln6491923635016457936\natives\windows-amd64\nativewindow_win32.dll
0x0000000064500000 - 0x00000000645b1000 	C:\Users\asus\AppData\Local\Temp\jogamp_0000\file_cache\jln3061876741242334118\jln6491923635016457936\natives\windows-amd64\jogl_desktop.dll
0x0000000064340000 - 0x00000000643a2000 	C:\Users\asus\AppData\Local\Temp\jogamp_0000\file_cache\jln3061876741242334118\jln6491923635016457936\natives\windows-amd64\jogl_mobile.dll
0x00007ffe1cff0000 - 0x00007ffe1dede000 	C:\WINDOWS\System32\DriverStore\FileRepository\igdlh64.inf_amd64_31ba00ea6900d67d\ig9icd64.dll
0x00007ffe7d7e0000 - 0x00007ffe7f6e1000 	C:\WINDOWS\System32\DriverStore\FileRepository\igdlh64.inf_amd64_31ba00ea6900d67d\igc64.dll
0x00007ffe7ad60000 - 0x00007ffe7ad6d000 	C:\Program Files\Java\jdk1.8.0_201\jre\bin\management.dll
0x00007ffe79b40000 - 0x00007ffe79b4c000 	C:\Program Files\Java\jdk1.8.0_201\jre\bin\jsound.dll
0x00007ffe79b30000 - 0x00007ffe79b3b000 	C:\Program Files\Java\jdk1.8.0_201\jre\bin\jsoundds.dll
0x00007ffe4e8d0000 - 0x00007ffe4e95f000 	C:\WINDOWS\SYSTEM32\DSOUND.dll
0x00007ffe81170000 - 0x00007ffe811e6000 	C:\WINDOWS\SYSTEM32\MMDevAPI.DLL
0x00007ffe88c20000 - 0x00007ffe88c47000 	C:\WINDOWS\SYSTEM32\DEVOBJ.dll
0x00007ffe86a00000 - 0x00007ffe86bb4000 	C:\WINDOWS\SYSTEM32\PROPSYS.dll
0x00007ffe4f800000 - 0x00007ffe4f844000 	C:\WINDOWS\SYSTEM32\wdmaud.drv
0x00007ffe82da0000 - 0x00007ffe82da9000 	C:\WINDOWS\SYSTEM32\ksuser.dll
0x00007ffe83b00000 - 0x00007ffe83b0a000 	C:\WINDOWS\SYSTEM32\AVRT.dll
0x00007ffe73130000 - 0x00007ffe7325c000 	C:\WINDOWS\SYSTEM32\AUDIOSES.DLL
0x00007ffe79a20000 - 0x00007ffe79a2d000 	C:\WINDOWS\SYSTEM32\msacm32.drv
0x00007ffe70be0000 - 0x00007ffe70bfc000 	C:\WINDOWS\SYSTEM32\MSACM32.dll
0x00007ffe78ff0000 - 0x00007ffe78ffa000 	C:\WINDOWS\SYSTEM32\midimap.dll
0x00007ffe70440000 - 0x00007ffe70471000 	C:\Program Files\Java\jdk1.8.0_201\jre\bin\jpeg.dll
0x00007ffe87810000 - 0x00007ffe879d9000 	C:\WINDOWS\SYSTEM32\dbghelp.dll

VM Arguments:
jvm_args: -ea -javaagent:C:\Program Files\JetBrains\IntelliJ IDEA Community Edition 2018.3.3\lib\idea_rt.jar=64902:C:\Program Files\JetBrains\IntelliJ IDEA Community Edition 2018.3.3\bin -Dfile.encoding=UTF-8 
java_command: net.runelite.client.RuneLite --debug --developer-mode
java_class_path (initial): C:\Program Files\Java\jdk1.8.0_201\jre\lib\charsets.jar;C:\Program Files\Java\jdk1.8.0_201\jre\lib\deploy.jar;C:\Program Files\Java\jdk1.8.0_201\jre\lib\ext\access-bridge-64.jar;C:\Program Files\Java\jdk1.8.0_201\jre\lib\ext\cldrdata.jar;C:\Program Files\Java\jdk1.8.0_201\jre\lib\ext\dnsns.jar;C:\Program Files\Java\jdk1.8.0_201\jre\lib\ext\jaccess.jar;C:\Program Files\Java\jdk1.8.0_201\jre\lib\ext\jfxrt.jar;C:\Program Files\Java\jdk1.8.0_201\jre\lib\ext\localedata.jar;C:\Program Files\Java\jdk1.8.0_201\jre\lib\ext\nashorn.jar;C:\Program Files\Java\jdk1.8.0_201\jre\lib\ext\sunec.jar;C:\Program Files\Java\jdk1.8.0_201\jre\lib\ext\sunjce_provider.jar;C:\Program Files\Java\jdk1.8.0_201\jre\lib\ext\sunmscapi.jar;C:\Program Files\Java\jdk1.8.0_201\jre\lib\ext\sunpkcs11.jar;C:\Program Files\Java\jdk1.8.0_201\jre\lib\ext\zipfs.jar;C:\Program Files\Java\jdk1.8.0_201\jre\lib\javaws.jar;C:\Program Files\Java\jdk1.8.0_201\jre\lib\jce.jar;C:\Program Files\Java\jdk1.8.0_201\jre\lib\jfr.jar;C:\Program Files\Java\jdk1.8.0_201\jre\lib\jfxswt.jar;C:\Program Files\Java\jdk1.8.0_201\jre\lib\jsse.jar;C:\Program Files\Java\jdk1.8.0_201\jre\lib\management-agent.jar;C:\Program Files\Java\jdk1.8.0_201\jre\lib\plugin.jar;C:\Program Files\Java\jdk1.8.0_201\jre\lib\resources.jar;C:\Program Files\Java\jdk1.8.0_201\jre\lib\rt.jar;C:\Users\asus\runelite\runelite-client\target\classes;C:\Users\asus\.m2\repository\org\slf4j\slf4j-api\1.7.25\slf4j-api-1.7.25.jar;C:\Users\asus\.m2\repository\ch\qos\logback\logback-classic\1.2.3\logback-classic-1.2.3.jar;C:\Users\asus\.m2\repository\ch\qos\logback\logback-core\1.2.3\logback-core-1.2.3.jar;C:\Users\asus\.m2\repository\net\sf\jopt-simple\jopt-simple\5.0.1\jopt-simple-5.0.1.jar;C:\Users\asus\.m2\repository\com\google\guava\guava\23.2-jre\guava-23.2-jre.jar;C:\Users\asus\.m2\repository\com\google\code\findbugs\jsr305\1.3.9\jsr305-1.3.9.jar;C:\Users\asus\.m2\repository\com\google\errorprone\error_prone_annotations\2.0.18\error_
Launcher Type: SUN_STANDARD

Environment Variables:
PATH=C:\Program Files (x86)\Common Files\Oracle\Java\javapath;C:\Program Files (x86)\Intel\iCLS Client\;C:\Program Files\Intel\iCLS Client\;C:\Windows\system32;C:\Windows;C:\Windows\System32\Wbem;C:\Windows\System32\WindowsPowerShell\v1.0\;C:\Program Files (x86)\NVIDIA Corporation\PhysX\Common;C:\Program Files (x86)\Intel\Intel(R) Management Engine Components\DAL;C:\Program Files\Intel\Intel(R) Management Engine Components\DAL;C:\Program Files (x86)\Intel\Intel(R) Management Engine Components\IPT;C:\Program Files\Intel\Intel(R) Management Engine Components\IPT;C:\WINDOWS\system32;C:\WINDOWS;C:\WINDOWS\System32\Wbem;C:\WINDOWS\System32\WindowsPowerShell\v1.0\;C:\WINDOWS\System32\OpenSSH\;C:\Documents\PuTTY\;C:\Program Files\Intel\WiFi\bin\;C:\Program Files\Common Files\Intel\WirelessCommon\;C:\cygwin\bin;C:\Program Files\Git\cmd;C:\Users\asus\AppData\Local\Microsoft\WindowsApps;C:\Users\asus\AppData\Local\GitHubDesktop\bin
USERNAME=asus
OS=Windows_NT
PROCESSOR_IDENTIFIER=Intel64 Family 6 Model 158 Stepping 9, GenuineIntel



---------------  S Y S T E M  ---------------

OS: Windows 10.0 , 64 bit Build 17134 (10.0.17134.556)

CPU:total 8 (initial active 8) (4 cores per cpu, 2 threads per core) family 6 model 158 stepping 9, cmov, cx8, fxsr, mmx, sse, sse2, sse3, ssse3, sse4.1, sse4.2, popcnt, avx, avx2, aes, clmul, erms, 3dnowpref, lzcnt, ht, tsc, tscinvbit, bmi1, bmi2, adx

Memory: 4k page, physical 16659216k(7499660k free), swap 19149584k(4881572k free)

vm_info: Java HotSpot(TM) 64-Bit Server VM (25.201-b09) for windows-amd64 JRE (1.8.0_201-b09), built on Dec 15 2018 18:36:39 by "java_re" with MS VC++ 10.0 (VS2010)

time: Thu Feb 28 20:22:26 2019
timezone: Eastern Standard Time
elapsed time: 202 seconds (0d 0h 3m 22s)

