#
# A fatal error has been detected by the Java Runtime Environment:
#
#  EXCEPTION_ACCESS_VIOLATION (0xc0000005) at pc=0x00007ffdaadc0e0e, pid=12680, tid=0x00000000000042c4
#
# JRE version: Java(TM) SE Runtime Environment (8.0_201-b09) (build 1.8.0_201-b09)
# Java VM: Java HotSpot(TM) 64-Bit Server VM (25.201-b09 mixed mode windows-amd64 compressed oops)
# Problematic frame:
# C  [ig9icd64.dll+0x190e0e]
#
# Failed to write core dump. Minidumps are not enabled by default on client versions of Windows
#
# If you would like to submit a bug report, please visit:
#   http://bugreport.java.com/bugreport/crash.jsp
# The crash happened outside the Java Virtual Machine in native code.
# See problematic frame for where to report the bug.
#

---------------  T H R E A D  ---------------

Current thread (0x000000001f6dc800):  JavaThread "Thread-5" daemon [_thread_in_native, id=17092, stack(0x0000000028360000,0x0000000028460000)]

siginfo: ExceptionCode=0xc0000005, reading address 0x0000000000000008

Registers:
RAX=0x0000000000000000, RBX=0x00007ffdab119290, RCX=0x000000002450c5a0, RDX=0x00000000351c8040
RSP=0x000000002845e0f0, RBP=0x000000002845e360, RSI=0x000000002845e320, RDI=0x0000000000000000
R8 =0x0000000009770000, R9 =0x0000000000000000, R10=0x000000002845e4a0, R11=0x000000002845e288
R12=0x0000000000000007, R13=0x0000000000000000, R14=0x000000002845e5f0, R15=0x000000002845e3a0
RIP=0x00007ffdaadc0e0e, EFLAGS=0x0000000000010246

Top of Stack: (sp=0x000000002845e0f0)
0x000000002845e0f0:   0000000034ddd0e0 00000000351c8040
0x000000002845e100:   000000002845e710 000000002845e218
0x000000002845e110:   0000000000000000 000000002845e360
0x000000002845e120:   000000002845e150 000000002845e190
0x000000002845e130:   000000002845e1d8 000000002845e160
0x000000002845e140:   000000002845e1f8 000000002845e170
0x000000002845e150:   000000002845e300 000000002845e250
0x000000002845e160:   0000000000000268 000000002c29ac90
0x000000002845e170:   0000000038ef72b0 0000000038ef72b0
0x000000002845e180:   000000002c29a9b0 00007ffdab54165c
0x000000002845e190:   0000000038ef8800 00000000358a7320
0x000000002845e1a0:   0000000038ef72b0 000000002452b100
0x000000002845e1b0:   000000002845e3a0 000000002845e4a0
0x000000002845e1c0:   00000000352c0ad0 00000000352c0ad0
0x000000002845e1d0:   0000000000000000 00000000358a7320
0x000000002845e1e0:   000000002845e239 00007ffdaac766d6 

Instructions: (pc=0x00007ffdaadc0e0e)
0x00007ffdaadc0dee:   48 85 c9 74 06 48 8b 41 20 eb 15 48 8b 80 98 00
0x00007ffdaadc0dfe:   00 00 48 85 c0 74 06 48 8b 40 20 eb 03 48 8b c7
0x00007ffdaadc0e0e:   48 8b 48 08 48 85 c9 74 54 81 79 14 5d 01 00 00
0x00007ffdaadc0e1e:   75 4b 81 26 ff ff 97 f6 81 0e 00 00 94 06 8b 81 


Register to memory mapping:

RAX=0x0000000000000000 is an unknown value
RBX=0x00007ffdab119290 is an unknown value
RCX=0x000000002450c5a0 is an unknown value
RDX=0x00000000351c8040 is an unknown value
RSP=0x000000002845e0f0 is pointing into the stack for thread: 0x000000001f6dc800
RBP=0x000000002845e360 is pointing into the stack for thread: 0x000000001f6dc800
RSI=0x000000002845e320 is pointing into the stack for thread: 0x000000001f6dc800
RDI=0x0000000000000000 is an unknown value
R8 =0x0000000009770000 is an unknown value
R9 =0x0000000000000000 is an unknown value
R10=0x000000002845e4a0 is pointing into the stack for thread: 0x000000001f6dc800
R11=0x000000002845e288 is pointing into the stack for thread: 0x000000001f6dc800
R12=0x0000000000000007 is an unknown value
R13=0x0000000000000000 is an unknown value
R14=0x000000002845e5f0 is pointing into the stack for thread: 0x000000001f6dc800
R15=0x000000002845e3a0 is pointing into the stack for thread: 0x000000001f6dc800


Stack: [0x0000000028360000,0x0000000028460000],  sp=0x000000002845e0f0,  free space=1016k
Native frames: (J=compiled Java code, j=interpreted, Vv=VM code, C=native code)
C  [ig9icd64.dll+0x190e0e]
C  [ig9icd64.dll+0x4a0cbd]
C  [ig9icd64.dll+0x4a4d27]
C  [ig9icd64.dll+0x398298]
C  [ig9icd64.dll+0x353cc5]
C  [ig9icd64.dll+0x152415]
C  [ig9icd64.dll+0x143304]
C  [ig9icd64.dll+0x13ff36]
C  0x0000000003e9f197

Java frames: (J=compiled Java code, j=interpreted, Vv=VM code)
J 7519  jogamp.opengl.gl4.GL4bcImpl.dispatch_glTexSubImage2D1(IIIIIIIILjava/lang/Object;IZJ)V (0 bytes) @ 0x0000000003e9f119 [0x0000000003e9f080+0x99]
J 7518 C1 jogamp.opengl.gl4.GL4bcImpl.glTexSubImage2D(IIIIIIIILjava/nio/Buffer;)V (126 bytes) @ 0x0000000003ea028c [0x0000000003e9f580+0xd0c]
J 7648 C1 net.runelite.client.plugins.gpu.GpuPlugin.drawUi(II)V (582 bytes) @ 0x0000000002a4312c [0x0000000002a423a0+0xd8c]
J 7567 C1 net.runelite.client.plugins.gpu.GpuPlugin.draw()V (2777 bytes) @ 0x0000000003edb0a4 [0x0000000003ed1ec0+0x91e4]
J 7480 C1 ah.p(Ljava/lang/Object;I)V (136 bytes) @ 0x0000000003e827bc [0x0000000003e825a0+0x21c]
j  ah.run()V+380
j  java.lang.Thread.run()V+11
v  ~StubRoutines::call_stub

---------------  P R O C E S S  ---------------

Java Threads: ( => current thread )
  0x0000000020fa5800 JavaThread "Image Fetcher 0" daemon [_thread_blocked, id=10876, stack(0x000000003b260000,0x000000003b360000)]
  0x000000001f6db000 JavaThread "Thread-17" daemon [_thread_blocked, id=16752, stack(0x000000003b160000,0x000000003b260000)]
  0x0000000022462800 JavaThread "pool-5-thread-1" [_thread_blocked, id=15404, stack(0x000000003af60000,0x000000003b060000)]
  0x0000000022463800 JavaThread "Java Sound Event Dispatcher" daemon [_thread_blocked, id=8308, stack(0x000000003ac60000,0x000000003ad60000)]
  0x0000000022461000 JavaThread "DestroyJavaVM" [_thread_blocked, id=6660, stack(0x0000000002540000,0x0000000002640000)]
  0x0000000022462000 JavaThread "OkHttp Dispatcher" [_thread_blocked, id=3824, stack(0x000000002ba30000,0x000000002bb30000)]
  0x000000002245e000 JavaThread "OkHttp Dispatcher" [_thread_blocked, id=10944, stack(0x000000002b930000,0x000000002ba30000)]
  0x000000002245f800 JavaThread "OkHttp Dispatcher" [_thread_blocked, id=5660, stack(0x000000002b830000,0x000000002b930000)]
  0x000000002245d800 JavaThread "OkHttp Dispatcher" [_thread_blocked, id=17052, stack(0x000000002b630000,0x000000002b730000)]
  0x000000002245c800 JavaThread "OkHttp Dispatcher" [_thread_blocked, id=16932, stack(0x000000002b530000,0x000000002b630000)]
  0x0000000022455800 JavaThread "OkHttp Dispatcher" [_thread_blocked, id=13892, stack(0x000000002b230000,0x000000002b330000)]
  0x0000000022455000 JavaThread "TimerQueue" daemon [_thread_blocked, id=14204, stack(0x000000002af30000,0x000000002b030000)]
  0x000000002245c000 JavaThread "Thread-13" daemon [_thread_blocked, id=12948, stack(0x0000000029b60000,0x0000000029c60000)]
  0x000000002245b000 JavaThread "pool-4-thread-1" [_thread_blocked, id=4324, stack(0x0000000029a60000,0x0000000029b60000)]
  0x0000000022454000 JavaThread "Thread-12" daemon [_thread_blocked, id=4576, stack(0x0000000029960000,0x0000000029a60000)]
  0x0000000022459800 JavaThread "Trident pulse source thread" daemon [_thread_blocked, id=11456, stack(0x0000000028e60000,0x0000000028f60000)]
  0x0000000022457800 JavaThread "Trident callback thread" daemon [_thread_blocked, id=7540, stack(0x0000000028d60000,0x0000000028e60000)]
  0x0000000022458000 JavaThread "Substance heap status" daemon [_thread_blocked, id=7128, stack(0x0000000028960000,0x0000000028a60000)]
  0x0000000022459000 JavaThread "Thread-6" daemon [_thread_blocked, id=3076, stack(0x0000000028460000,0x0000000028560000)]
=>0x000000001f6dc800 JavaThread "Thread-5" daemon [_thread_in_native, id=17092, stack(0x0000000028360000,0x0000000028460000)]
  0x000000001f6e0000 JavaThread "Thread-4" daemon [_thread_blocked, id=1784, stack(0x0000000028260000,0x0000000028360000)]
  0x000000001f6df800 JavaThread "AWT-EventQueue-0" [_thread_blocked, id=15228, stack(0x0000000027790000,0x0000000027890000)]
  0x000000001f6de000 JavaThread "AWT-Shutdown" [_thread_blocked, id=528, stack(0x0000000027690000,0x0000000027790000)]
  0x000000001f6da000 JavaThread "Java2D Disposer" daemon [_thread_blocked, id=12764, stack(0x0000000024370000,0x0000000024470000)]
  0x000000001f6db800 JavaThread "pool-3-thread-1" [_thread_blocked, id=11812, stack(0x0000000023c60000,0x0000000023d60000)]
  0x000000001f6de800 JavaThread "Okio Watchdog" daemon [_thread_blocked, id=6760, stack(0x0000000021860000,0x0000000021960000)]
  0x000000001f6dd000 JavaThread "OkHttp ConnectionPool" daemon [_thread_blocked, id=16972, stack(0x0000000021760000,0x0000000021860000)]
  0x000000001f741000 JavaThread "pool-2-thread-1" [_thread_blocked, id=9204, stack(0x0000000021360000,0x0000000021460000)]
  0x000000001e393000 JavaThread "Service Thread" daemon [_thread_blocked, id=6008, stack(0x000000001ef10000,0x000000001f010000)]
  0x000000001e374800 JavaThread "C1 CompilerThread3" daemon [_thread_blocked, id=8680, stack(0x000000001ee10000,0x000000001ef10000)]
  0x000000001e372000 JavaThread "C2 CompilerThread2" daemon [_thread_blocked, id=11468, stack(0x000000001ed10000,0x000000001ee10000)]
  0x000000001e371000 JavaThread "C2 CompilerThread1" daemon [_thread_blocked, id=8320, stack(0x000000001ec10000,0x000000001ed10000)]
  0x000000001e370800 JavaThread "C2 CompilerThread0" daemon [_thread_blocked, id=15660, stack(0x000000001eb10000,0x000000001ec10000)]
  0x000000001e244800 JavaThread "Monitor Ctrl-Break" daemon [_thread_in_native, id=7932, stack(0x000000001ea10000,0x000000001eb10000)]
  0x000000001e159000 JavaThread "Attach Listener" daemon [_thread_blocked, id=11904, stack(0x000000001e910000,0x000000001ea10000)]
  0x000000001e158000 JavaThread "Signal Dispatcher" daemon [_thread_blocked, id=13504, stack(0x000000001e810000,0x000000001e910000)]
  0x000000001e141000 JavaThread "Finalizer" daemon [_thread_blocked, id=724, stack(0x000000001e620000,0x000000001e720000)]
  0x000000001e140800 JavaThread "Reference Handler" daemon [_thread_blocked, id=13028, stack(0x000000001e520000,0x000000001e620000)]

Other Threads:
  0x000000001c348800 VMThread [stack: 0x000000001e020000,0x000000001e120000] [id=4388]
  0x000000001f03b800 WatcherThread [stack: 0x000000001f810000,0x000000001f910000] [id=6400]

VM state:not at safepoint (normal execution)

VM Mutex/Monitor currently owned by a thread: None

heap address: 0x00000006c1c00000, size: 4068 MB, Compressed Oops mode: Zero based, Oop shift amount: 3
Narrow klass base: 0x0000000000000000, Narrow klass shift: 3
Compressed class space size: 1073741824 Address: 0x00000007c0000000

Heap:
 PSYoungGen      total 784384K, used 530966K [0x000000076b400000, 0x00000007a0380000, 0x00000007c0000000)
  eden space 770048K, 68% used [0x000000076b400000,0x000000078ba858f0,0x000000079a400000)
  from space 14336K, 0% used [0x000000079f580000,0x000000079f580000,0x00000007a0380000)
  to   space 15360K, 0% used [0x000000079e580000,0x000000079e580000,0x000000079f480000)
 ParOldGen       total 140288K, used 23014K [0x00000006c1c00000, 0x00000006ca500000, 0x000000076b400000)
  object space 140288K, 16% used [0x00000006c1c00000,0x00000006c3279a30,0x00000006ca500000)
 Metaspace       used 55569K, capacity 59021K, committed 59160K, reserved 1101824K
  class space    used 6477K, capacity 6995K, committed 7080K, reserved 1048576K

Card table byte_map: [0x0000000011ca0000,0x00000000124a0000] byte_map_base: 0x000000000e692000

Marking Bits: (ParMarkBitMap*) 0x000000006a544ce0
 Begin Bits: [0x00000000131f0000, 0x0000000017180000)
 End Bits:   [0x0000000017180000, 0x000000001b110000)

Polling page: 0x00000000003f0000

CodeCache: size=245760Kb used=23175Kb max_used=23175Kb free=222584Kb
 bounds [0x00000000028e0000, 0x0000000003fb0000, 0x00000000118e0000]
 total_blobs=7714 nmethods=6622 adapters=1002
 compilation: enabled

Compilation events (10 events):
Event: 59.713 Thread 0x000000001e374800 7947       3       java.util.concurrent.CopyOnWriteArrayList::contains (22 bytes)
Event: 59.714 Thread 0x000000001e374800 nmethod 7947 0x0000000003fa1450 code [0x0000000003fa15c0, 0x0000000003fa1848]
Event: 59.717 Thread 0x000000001e374800 7948       3       java.util.logging.LogManager$LoggerContext::ensureDefaultLogger (70 bytes)
Event: 59.727 Thread 0x000000001e374800 nmethod 7948 0x0000000003fa07d0 code [0x0000000003fa0980, 0x0000000003fa1228]
Event: 59.728 Thread 0x000000001e374800 7949  s!   3       sun.nio.ch.NativeThreadSet::signalAndWait (134 bytes)
Event: 59.730 Thread 0x000000001e374800 nmethod 7949 0x0000000003f9fad0 code [0x0000000003f9fc80, 0x0000000003fa0478]
Event: 59.733 Thread 0x000000001e374800 7950       3       java.lang.StringBuilder::append (8 bytes)
Event: 59.733 Thread 0x000000001e374800 nmethod 7950 0x0000000002af8650 code [0x0000000002af87c0, 0x0000000002af8948]
Event: 59.734 Thread 0x000000001e374800 7951       3       java.lang.AbstractStringBuilder::append (191 bytes)
Event: 59.736 Thread 0x000000001e374800 nmethod 7951 0x0000000003f9e910 code [0x0000000003f9eb00, 0x0000000003f9f538]

GC Heap History (10 events):
Event: 3.715 GC heap before
{Heap before GC invocations=8 (full 0):
 PSYoungGen      total 275456K, used 269105K [0x000000076b400000, 0x000000078cf00000, 0x00000007c0000000)
  eden space 262144K, 99% used [0x000000076b400000,0x000000077b3edf80,0x000000077b400000)
  from space 13312K, 52% used [0x000000077b400000,0x000000077bade638,0x000000077c100000)
  to   space 13824K, 0% used [0x000000078c180000,0x000000078c180000,0x000000078cf00000)
 ParOldGen       total 175104K, used 7528K [0x00000006c1c00000, 0x00000006cc700000, 0x000000076b400000)
  object space 175104K, 4% used [0x00000006c1c00000,0x00000006c235a040,0x00000006cc700000)
 Metaspace       used 17701K, capacity 17954K, committed 18176K, reserved 1064960K
  class space    used 2163K, capacity 2263K, committed 2304K, reserved 1048576K
Event: 3.718 GC heap after
Heap after GC invocations=8 (full 0):
 PSYoungGen      total 538112K, used 7504K [0x000000076b400000, 0x000000078cf00000, 0x00000007c0000000)
  eden space 524288K, 0% used [0x000000076b400000,0x000000076b400000,0x000000078b400000)
  from space 13824K, 54% used [0x000000078c180000,0x000000078c8d42b0,0x000000078cf00000)
  to   space 13824K, 0% used [0x000000078b400000,0x000000078b400000,0x000000078c180000)
 ParOldGen       total 175104K, used 8000K [0x00000006c1c00000, 0x00000006cc700000, 0x000000076b400000)
  object space 175104K, 4% used [0x00000006c1c00000,0x00000006c23d0040,0x00000006cc700000)
 Metaspace       used 17701K, capacity 17954K, committed 18176K, reserved 1064960K
  class space    used 2163K, capacity 2263K, committed 2304K, reserved 1048576K
}
Event: 3.923 GC heap before
{Heap before GC invocations=9 (full 0):
 PSYoungGen      total 538112K, used 35349K [0x000000076b400000, 0x000000078cf00000, 0x00000007c0000000)
  eden space 524288K, 5% used [0x000000076b400000,0x000000076cf312c0,0x000000078b400000)
  from space 13824K, 54% used [0x000000078c180000,0x000000078c8d42b0,0x000000078cf00000)
  to   space 13824K, 0% used [0x000000078b400000,0x000000078b400000,0x000000078c180000)
 ParOldGen       total 175104K, used 8000K [0x00000006c1c00000, 0x00000006cc700000, 0x000000076b400000)
  object space 175104K, 4% used [0x00000006c1c00000,0x00000006c23d0040,0x00000006cc700000)
 Metaspace       used 20844K, capacity 21131K, committed 21296K, reserved 1069056K
  class space    used 2338K, capacity 2426K, committed 2432K, reserved 1048576K
Event: 3.927 GC heap after
Heap after GC invocations=9 (full 0):
 PSYoungGen      total 538112K, used 5145K [0x000000076b400000, 0x00000007a0380000, 0x00000007c0000000)
  eden space 524288K, 0% used [0x000000076b400000,0x000000076b400000,0x000000078b400000)
  from space 13824K, 37% used [0x000000078b400000,0x000000078b9065d8,0x000000078c180000)
  to   space 14336K, 0% used [0x000000079f580000,0x000000079f580000,0x00000007a0380000)
 ParOldGen       total 175104K, used 9113K [0x00000006c1c00000, 0x00000006cc700000, 0x000000076b400000)
  object space 175104K, 5% used [0x00000006c1c00000,0x00000006c24e6618,0x00000006cc700000)
 Metaspace       used 20844K, capacity 21131K, committed 21296K, reserved 1069056K
  class space    used 2338K, capacity 2426K, committed 2432K, reserved 1048576K
}
Event: 3.927 GC heap before
{Heap before GC invocations=10 (full 1):
 PSYoungGen      total 538112K, used 5145K [0x000000076b400000, 0x00000007a0380000, 0x00000007c0000000)
  eden space 524288K, 0% used [0x000000076b400000,0x000000076b400000,0x000000078b400000)
  from space 13824K, 37% used [0x000000078b400000,0x000000078b9065d8,0x000000078c180000)
  to   space 14336K, 0% used [0x000000079f580000,0x000000079f580000,0x00000007a0380000)
 ParOldGen       total 175104K, used 9113K [0x00000006c1c00000, 0x00000006cc700000, 0x000000076b400000)
  object space 175104K, 5% used [0x00000006c1c00000,0x00000006c24e6618,0x00000006cc700000)
 Metaspace       used 20844K, capacity 21131K, committed 21296K, reserved 1069056K
  class space    used 2338K, capacity 2426K, committed 2432K, reserved 1048576K
Event: 3.972 GC heap after
Heap after GC invocations=10 (full 1):
 PSYoungGen      total 538112K, used 0K [0x000000076b400000, 0x00000007a0380000, 0x00000007c0000000)
  eden space 524288K, 0% used [0x000000076b400000,0x000000076b400000,0x000000078b400000)
  from space 13824K, 0% used [0x000000078b400000,0x000000078b400000,0x000000078c180000)
  to   space 14336K, 0% used [0x000000079f580000,0x000000079f580000,0x00000007a0380000)
 ParOldGen       total 91648K, used 10352K [0x00000006c1c00000, 0x00000006c7580000, 0x000000076b400000)
  object space 91648K, 11% used [0x00000006c1c00000,0x00000006c261c298,0x00000006c7580000)
 Metaspace       used 20844K, capacity 21131K, committed 21296K, reserved 1069056K
  class space    used 2338K, capacity 2426K, committed 2432K, reserved 1048576K
}
Event: 6.347 GC heap before
{Heap before GC invocations=11 (full 1):
 PSYoungGen      total 538112K, used 157229K [0x000000076b400000, 0x00000007a0380000, 0x00000007c0000000)
  eden space 524288K, 29% used [0x000000076b400000,0x0000000774d8b730,0x000000078b400000)
  from space 13824K, 0% used [0x000000078b400000,0x000000078b400000,0x000000078c180000)
  to   space 14336K, 0% used [0x000000079f580000,0x000000079f580000,0x00000007a0380000)
 ParOldGen       total 91648K, used 10352K [0x00000006c1c00000, 0x00000006c7580000, 0x000000076b400000)
  object space 91648K, 11% used [0x00000006c1c00000,0x00000006c261c298,0x00000006c7580000)
 Metaspace       used 34691K, capacity 35177K, committed 35496K, reserved 1081344K
  class space    used 4072K, capacity 4230K, committed 4264K, reserved 1048576K
Event: 6.368 GC heap after
Heap after GC invocations=11 (full 1):
 PSYoungGen      total 784384K, used 13839K [0x000000076b400000, 0x00000007a0380000, 0x00000007c0000000)
  eden space 770048K, 0% used [0x000000076b400000,0x000000076b400000,0x000000079a400000)
  from space 14336K, 96% used [0x000000079f580000,0x00000007a0303f18,0x00000007a0380000)
  to   space 15360K, 0% used [0x000000079e580000,0x000000079e580000,0x000000079f480000)
 ParOldGen       total 91648K, used 10360K [0x00000006c1c00000, 0x00000006c7580000, 0x000000076b400000)
  object space 91648K, 11% used [0x00000006c1c00000,0x00000006c261e298,0x00000006c7580000)
 Metaspace       used 34691K, capacity 35177K, committed 35496K, reserved 1081344K
  class space    used 4072K, capacity 4230K, committed 4264K, reserved 1048576K
}
Event: 6.368 GC heap before
{Heap before GC invocations=12 (full 2):
 PSYoungGen      total 784384K, used 13839K [0x000000076b400000, 0x00000007a0380000, 0x00000007c0000000)
  eden space 770048K, 0% used [0x000000076b400000,0x000000076b400000,0x000000079a400000)
  from space 14336K, 96% used [0x000000079f580000,0x00000007a0303f18,0x00000007a0380000)
  to   space 15360K, 0% used [0x000000079e580000,0x000000079e580000,0x000000079f480000)
 ParOldGen       total 91648K, used 10360K [0x00000006c1c00000, 0x00000006c7580000, 0x000000076b400000)
  object space 91648K, 11% used [0x00000006c1c00000,0x00000006c261e298,0x00000006c7580000)
 Metaspace       used 34691K, capacity 35177K, committed 35496K, reserved 1081344K
  class space    used 4072K, capacity 4230K, committed 4264K, reserved 1048576K
Event: 6.512 GC heap after
Heap after GC invocations=12 (full 2):
 PSYoungGen      total 784384K, used 0K [0x000000076b400000, 0x00000007a0380000, 0x00000007c0000000)
  eden space 770048K, 0% used [0x000000076b400000,0x000000076b400000,0x000000079a400000)
  from space 14336K, 0% used [0x000000079f580000,0x000000079f580000,0x00000007a0380000)
  to   space 15360K, 0% used [0x000000079e580000,0x000000079e580000,0x000000079f480000)
 ParOldGen       total 140288K, used 23014K [0x00000006c1c00000, 0x00000006ca500000, 0x000000076b400000)
  object space 140288K, 16% used [0x00000006c1c00000,0x00000006c3279a30,0x00000006ca500000)
 Metaspace       used 34691K, capacity 35177K, committed 35496K, reserved 1081344K
  class space    used 4072K, capacity 4230K, committed 4264K, reserved 1048576K
}

Deoptimization events (10 events):
Event: 58.671 Thread 0x000000001f6df800 Uncommon trap: reason=bimorphic action=maybe_recompile pc=0x0000000002cce888 method=java.awt.Component.validate()V @ 74
Event: 58.675 Thread 0x000000001f6df800 Uncommon trap: reason=unstable_if action=reinterpret pc=0x00000000038a62e8 method=java.awt.Container.validateTree()V @ 8
Event: 58.676 Thread 0x000000001f6df800 Uncommon trap: reason=unstable_if action=reinterpret pc=0x0000000002ccea10 method=java.awt.Component.validate()V @ 18
Event: 58.676 Thread 0x000000001f6df800 Uncommon trap: reason=unstable_if action=reinterpret pc=0x0000000002b066b8 method=java.awt.Component.updateGraphicsData(Ljava/awt/GraphicsConfiguration;)Z @ 25
Event: 58.678 Thread 0x000000001f6df800 Uncommon trap: reason=bimorphic action=maybe_recompile pc=0x00000000039ef974 method=java.awt.Container.createHierarchyEvents(ILjava/awt/Component;Ljava/awt/Container;JZ)I @ 48
Event: 58.680 Thread 0x000000001f6df800 Uncommon trap: reason=class_check action=maybe_recompile pc=0x000000000397fa2c method=javax.swing.RepaintManager.addDirtyRegion0(Ljava/awt/Container;IIII)V @ 91
Event: 58.680 Thread 0x000000001f6df800 Uncommon trap: reason=bimorphic action=maybe_recompile pc=0x000000000377b978 method=java.awt.Component.getBackground()Ljava/awt/Color; @ 21
Event: 59.483 Thread 0x000000001f6df800 Uncommon trap: reason=class_check action=maybe_recompile pc=0x00000000037245a4 method=java.awt.KeyboardFocusManager.clearMostRecentFocusOwner(Ljava/awt/Component;)V @ 56
Event: 59.602 Thread 0x000000001f6df800 Uncommon trap: reason=unstable_if action=reinterpret pc=0x0000000003881f14 method=java.util.regex.Pattern$5.isSatisfiedBy(I)Z @ 19
Event: 59.727 Thread 0x0000000022456800 Uncommon trap: reason=unstable_if action=reinterpret pc=0x0000000003696be0 method=jogamp.common.util.locks.RecursiveLockImpl01Unfairish$SingleThreadSync.isOwner(Ljava/lang/Thread;)Z @ 5

Classes redefined (0 events):
No events

Internal exceptions (10 events):
Event: 8.784 Thread 0x000000001f6df800 Exception <a 'java/lang/NoSuchMethodError': java.lang.Object.inspectorAlwaysOnTop()Z> (0x000000077b11f080) thrown at [C:\re\workspace\8-2-build-windows-amd64-cygwin\jdk8u201\12322\hotspot\src\share\vm\interpreter\linkResolver.cpp, line 620]
Event: 8.810 Thread 0x000000001f6df800 Implicit null exception at 0x000000000359622d to 0x00000000035969bc
Event: 10.357 Thread 0x000000001f6df800 Implicit null exception at 0x00000000037b5d6c to 0x00000000037b5f89
Event: 10.394 Thread 0x000000001f6df800 Implicit null exception at 0x00000000038c92f3 to 0x00000000038c9a41
Event: 10.394 Thread 0x000000001f6df800 Implicit null exception at 0x00000000039145cf to 0x0000000003915c31
Event: 10.394 Thread 0x000000001f6df800 Implicit null exception at 0x00000000038c92f3 to 0x00000000038c9a41
Event: 11.605 Thread 0x000000001f6df800 Exception <a 'java/lang/NoSuchMethodError': java.lang.Object.lambda$identity$2(Ljava/lang/Object;)Ljava/lang/Object;> (0x0000000780258cd8) thrown at [C:\re\workspace\8-2-build-windows-amd64-cygwin\jdk8u201\12322\hotspot\src\share\vm\interpreter\linkResolv
Event: 37.784 Thread 0x000000002245a800 Exception <a 'java/net/SocketTimeoutException': Read timed out> (0x00000007885a5900) thrown at [C:\re\workspace\8-2-build-windows-amd64-cygwin\jdk8u201\12322\hotspot\src\share\vm\prims\jni.cpp, line 735]
Event: 58.651 Thread 0x000000001f6df800 Implicit null exception at 0x00000000036eb13f to 0x00000000036eb241
Event: 58.653 Thread 0x000000001f6df800 Implicit null exception at 0x00000000038e2f1d to 0x00000000038e572d

Events (10 events):
Event: 59.744 loading class jogamp/opengl/egl/EGLDisplayUtil$1
Event: 59.744 loading class jogamp/opengl/egl/EGLDisplayUtil$1 done
Event: 59.745 Thread 0x0000000020faa000 DEOPT PACKING pc=0x0000000003c7c253 sp=0x000000003b86e460
Event: 59.745 Thread 0x0000000020faa000 DEOPT UNPACKING pc=0x0000000002927890 sp=0x000000003b86e250 mode 0
Event: 59.745 Executing VM operation: RevokeBias
Event: 59.745 Executing VM operation: RevokeBias done
Event: 59.745 Executing VM operation: RevokeBias
Event: 59.746 Executing VM operation: RevokeBias done
Event: 59.746 Thread 0x0000000020faa000 Thread exited: 0x0000000020faa000
Event: 59.763 Thread 0x000000001f6d9800 Thread exited: 0x000000001f6d9800


Dynamic libraries:
0x00007ff72ee60000 - 0x00007ff72ee97000 	C:\Program Files\Java\jdk1.8.0_201\bin\java.exe
0x00007ffdcefc0000 - 0x00007ffdcf1a1000 	C:\WINDOWS\SYSTEM32\ntdll.dll
0x00007ffdceb40000 - 0x00007ffdcebf2000 	C:\WINDOWS\System32\KERNEL32.DLL
0x00007ffdcc060000 - 0x00007ffdcc2d3000 	C:\WINDOWS\System32\KERNELBASE.dll
0x00007ffdceed0000 - 0x00007ffdcef71000 	C:\WINDOWS\System32\ADVAPI32.dll
0x00007ffdce540000 - 0x00007ffdce5de000 	C:\WINDOWS\System32\msvcrt.dll
0x00007ffdcc700000 - 0x00007ffdcc75b000 	C:\WINDOWS\System32\sechost.dll
0x00007ffdccd40000 - 0x00007ffdcce64000 	C:\WINDOWS\System32\RPCRT4.dll
0x00007ffdcc760000 - 0x00007ffdcc8f0000 	C:\WINDOWS\System32\USER32.dll
0x00007ffdcb390000 - 0x00007ffdcb3b0000 	C:\WINDOWS\System32\win32u.dll
0x00007ffdcec00000 - 0x00007ffdcec28000 	C:\WINDOWS\System32\GDI32.dll
0x00007ffdcbe10000 - 0x00007ffdcbfa2000 	C:\WINDOWS\System32\gdi32full.dll
0x00007ffdcc2e0000 - 0x00007ffdcc37f000 	C:\WINDOWS\System32\msvcp_win.dll
0x00007ffdcbd10000 - 0x00007ffdcbe0a000 	C:\WINDOWS\System32\ucrtbase.dll
0x00007ffdba010000 - 0x00007ffdba279000 	C:\WINDOWS\WinSxS\amd64_microsoft.windows.common-controls_6595b64144ccf1df_6.0.17134.590_none_fb3d9bff3069e088\COMCTL32.dll
0x00007ffdce670000 - 0x00007ffdce992000 	C:\WINDOWS\System32\combase.dll
0x00007ffdcc3d0000 - 0x00007ffdcc44a000 	C:\WINDOWS\System32\bcryptPrimitives.dll
0x00007ffdcc630000 - 0x00007ffdcc65d000 	C:\WINDOWS\System32\IMM32.DLL
0x000000006c790000 - 0x000000006c861000 	C:\Program Files\Java\jdk1.8.0_201\jre\bin\msvcr100.dll
0x0000000069d20000 - 0x000000006a5c4000 	C:\Program Files\Java\jdk1.8.0_201\jre\bin\server\jvm.dll
0x00007ffdceec0000 - 0x00007ffdceec8000 	C:\WINDOWS\System32\PSAPI.DLL
0x00007ffdc0090000 - 0x00007ffdc0099000 	C:\WINDOWS\SYSTEM32\WSOCK32.dll
0x00007ffdbe770000 - 0x00007ffdbe793000 	C:\WINDOWS\SYSTEM32\WINMM.dll
0x00007ffdc63d0000 - 0x00007ffdc63da000 	C:\WINDOWS\SYSTEM32\VERSION.dll
0x00007ffdcedf0000 - 0x00007ffdcee5c000 	C:\WINDOWS\System32\WS2_32.dll
0x00007ffdbe380000 - 0x00007ffdbe3aa000 	C:\WINDOWS\SYSTEM32\winmmbase.dll
0x00007ffdcc380000 - 0x00007ffdcc3c9000 	C:\WINDOWS\System32\cfgmgr32.dll
0x00007ffdc6df0000 - 0x00007ffdc6dff000 	C:\Program Files\Java\jdk1.8.0_201\jre\bin\verify.dll
0x00007ffdbe230000 - 0x00007ffdbe259000 	C:\Program Files\Java\jdk1.8.0_201\jre\bin\java.dll
0x00007ffdc20a0000 - 0x00007ffdc20c3000 	C:\Program Files\Java\jdk1.8.0_201\jre\bin\instrument.dll
0x00007ffdc6170000 - 0x00007ffdc6186000 	C:\Program Files\Java\jdk1.8.0_201\jre\bin\zip.dll
0x00007ffdcce70000 - 0x00007ffdce2b0000 	C:\WINDOWS\System32\SHELL32.dll
0x00007ffdce2b0000 - 0x00007ffdce359000 	C:\WINDOWS\System32\shcore.dll
0x00007ffdcb3b0000 - 0x00007ffdcbabd000 	C:\WINDOWS\System32\windows.storage.dll
0x00007ffdcec30000 - 0x00007ffdcec81000 	C:\WINDOWS\System32\shlwapi.dll
0x00007ffdcb350000 - 0x00007ffdcb361000 	C:\WINDOWS\System32\kernel.appcore.dll
0x00007ffdcb330000 - 0x00007ffdcb34f000 	C:\WINDOWS\System32\profapi.dll
0x00007ffdcb2e0000 - 0x00007ffdcb32c000 	C:\WINDOWS\System32\powrprof.dll
0x00007ffdcb2d0000 - 0x00007ffdcb2da000 	C:\WINDOWS\System32\FLTLIB.DLL
0x00007ffdc2ab0000 - 0x00007ffdc2aca000 	C:\Program Files\JetBrains\IntelliJ IDEA Community Edition 2018.3.3\bin\breakgen64.dll
0x00007ffdbe710000 - 0x00007ffdbe72a000 	C:\Program Files\Java\jdk1.8.0_201\jre\bin\net.dll
0x00007ffdbe3b0000 - 0x00007ffdbe579000 	C:\WINDOWS\SYSTEM32\urlmon.dll
0x00007ffdbda00000 - 0x00007ffdbdca5000 	C:\WINDOWS\SYSTEM32\iertutil.dll
0x00007ffdcad00000 - 0x00007ffdcad0b000 	C:\WINDOWS\SYSTEM32\CRYPTBASE.DLL
0x00007ffdcab50000 - 0x00007ffdcabb6000 	C:\WINDOWS\system32\mswsock.dll
0x00007ffdc1cf0000 - 0x00007ffdc1d14000 	C:\Program Files\Java\jdk1.8.0_201\jre\bin\sunec.dll
0x00007ffdca8d0000 - 0x00007ffdca908000 	C:\WINDOWS\SYSTEM32\IPHLPAPI.DLL
0x00007ffdcef80000 - 0x00007ffdcef88000 	C:\WINDOWS\System32\NSI.dll
0x00007ffdc4ba0000 - 0x00007ffdc4bb6000 	C:\WINDOWS\SYSTEM32\dhcpcsvc6.DLL
0x00007ffdc5040000 - 0x00007ffdc505a000 	C:\WINDOWS\SYSTEM32\dhcpcsvc.DLL
0x00007ffdbe140000 - 0x00007ffdbe151000 	C:\Program Files\Java\jdk1.8.0_201\jre\bin\nio.dll
0x00007ffdcad10000 - 0x00007ffdcad27000 	C:\WINDOWS\SYSTEM32\CRYPTSP.dll
0x00007ffdca730000 - 0x00007ffdca763000 	C:\WINDOWS\system32\rsaenh.dll
0x00007ffdcae30000 - 0x00007ffdcae55000 	C:\WINDOWS\SYSTEM32\bcrypt.dll
0x00007ffdcb1d0000 - 0x00007ffdcb1f8000 	C:\WINDOWS\SYSTEM32\USERENV.dll
0x00007ffdbe2f0000 - 0x00007ffdbe332000 	C:\Users\asus\AppData\Local\Temp\jna-3003984\jna6763892638443988282.dll
0x00007ffdbc800000 - 0x00007ffdbc89c000 	C:\Users\asus\AppData\Local\Temp\jna-3003984\jna3899280418981964373.dll
0x00007ffdca910000 - 0x00007ffdca9ce000 	C:\WINDOWS\SYSTEM32\DNSAPI.dll
0x00007ffdc3770000 - 0x00007ffdc377a000 	C:\Windows\System32\rasadhlp.dll
0x00007ffdc37b0000 - 0x00007ffdc3822000 	C:\WINDOWS\System32\fwpuclnt.dll
0x00007ffdb6b00000 - 0x00007ffdb6c99000 	C:\Program Files\Java\jdk1.8.0_201\jre\bin\awt.dll
0x00007ffdcc560000 - 0x00007ffdcc623000 	C:\WINDOWS\System32\OLEAUT32.dll
0x00007ffdc8750000 - 0x00007ffdc87db000 	C:\WINDOWS\SYSTEM32\apphelp.dll
0x00007ffdc8a40000 - 0x00007ffdc8ad8000 	C:\WINDOWS\system32\uxtheme.dll
0x00007ffdce3c0000 - 0x00007ffdce533000 	C:\WINDOWS\System32\MSCTF.dll
0x00007ffdc96c0000 - 0x00007ffdc96e9000 	C:\WINDOWS\system32\dwmapi.dll
0x00007ffdcec90000 - 0x00007ffdcede1000 	C:\WINDOWS\System32\ole32.dll
0x00007ffdc6bb0000 - 0x00007ffdc6bbb000 	C:\Program Files\Java\jdk1.8.0_201\jre\bin\sunmscapi.dll
0x00007ffdcbb20000 - 0x00007ffdcbd02000 	C:\WINDOWS\System32\CRYPT32.dll
0x00007ffdcb370000 - 0x00007ffdcb382000 	C:\WINDOWS\System32\MSASN1.dll
0x00007ffdbc7b0000 - 0x00007ffdbc7f7000 	C:\Program Files\Java\jdk1.8.0_201\jre\bin\fontmanager.dll
0x00007ffdb6490000 - 0x00007ffdb6532000 	C:\Program Files\Java\jdk1.8.0_201\jre\bin\mlib_image.dll
0x00007ffda14e0000 - 0x00007ffda1600000 	C:\WINDOWS\system32\opengl32.dll
0x00007ffda1470000 - 0x00007ffda149c000 	C:\WINDOWS\SYSTEM32\GLU32.dll
0x00007ffdbe600000 - 0x00007ffdbe62a000 	C:\Program Files\Java\jdk1.8.0_201\jre\bin\dcpr.dll
0x00007ffdbc760000 - 0x00007ffdbc7a2000 	C:\Program Files\Java\jdk1.8.0_201\jre\bin\t2k.dll
0x00007ffdcc660000 - 0x00007ffdcc700000 	C:\WINDOWS\System32\clbcatq.dll
0x00007ffdba670000 - 0x00007ffdba81e000 	C:\WINDOWS\SYSTEM32\WindowsCodecs.dll
0x00007ffda8480000 - 0x00007ffda84d8000 	C:\WINDOWS\system32\dataexchange.dll
0x00007ffdc72e0000 - 0x00007ffdc75eb000 	C:\WINDOWS\system32\d3d11.dll
0x00007ffdc7f80000 - 0x00007ffdc811c000 	C:\WINDOWS\system32\dcomp.dll
0x00007ffdca090000 - 0x00007ffdca14b000 	C:\WINDOWS\system32\dxgi.dll
0x00007ffdc9720000 - 0x00007ffdc98d8000 	C:\WINDOWS\system32\twinapi.appcore.dll
0x00007ffdc9690000 - 0x00007ffdc96b9000 	C:\WINDOWS\system32\RMCLIENT.dll
0x00007ffda82f0000 - 0x00007ffda8398000 	C:\WINDOWS\SYSTEM32\mscms.dll
0x00007ffdc3da0000 - 0x00007ffdc3db0000 	C:\WINDOWS\SYSTEM32\ColorAdapterClient.dll
0x00007ffdb6f30000 - 0x00007ffdb6f73000 	C:\WINDOWS\SYSTEM32\icm32.dll
0x00007ffdb31c0000 - 0x00007ffdb3256000 	C:\WINDOWS\System32\TextInputFramework.dll
0x00007ffdb3730000 - 0x00007ffdb3a4e000 	C:\WINDOWS\System32\CoreUIComponents.dll
0x00007ffdc8470000 - 0x00007ffdc854a000 	C:\WINDOWS\System32\CoreMessaging.dll
0x00007ffdca4d0000 - 0x00007ffdca501000 	C:\WINDOWS\SYSTEM32\ntmarta.dll
0x00007ffdc6c70000 - 0x00007ffdc6dbd000 	C:\WINDOWS\SYSTEM32\wintypes.dll
0x00007ffdbe9f0000 - 0x00007ffdbea5b000 	C:\WINDOWS\system32\Oleacc.dll
0x00007ffdc56f0000 - 0x00007ffdc56fb000 	C:\WINDOWS\SYSTEM32\WINNSI.DLL
0x00000000637c0000 - 0x00000000637cd000 	C:\Users\asus\AppData\Local\Temp\jogamp_0000\file_cache\jln8847798103968718286\jln8785700892044009453\natives\windows-amd64\gluegen-rt.dll
0x00007ffdc66b0000 - 0x00007ffdc66b7000 	C:\Program Files\Java\jdk1.8.0_201\jre\bin\jawt.dll
0x00000000281b0000 - 0x00000000281bd000 	C:\Users\asus\AppData\Local\Temp\jogamp_0000\file_cache\jln8847798103968718286\jln8785700892044009453\natives\windows-amd64\nativewindow_awt.dll
0x000000006c100000 - 0x000000006c10f000 	C:\Users\asus\AppData\Local\Temp\jogamp_0000\file_cache\jln8847798103968718286\jln8785700892044009453\natives\windows-amd64\nativewindow_win32.dll
0x0000000064500000 - 0x00000000645b1000 	C:\Users\asus\AppData\Local\Temp\jogamp_0000\file_cache\jln8847798103968718286\jln8785700892044009453\natives\windows-amd64\jogl_desktop.dll
0x00007ffdbd370000 - 0x00007ffdbd3a1000 	C:\Program Files\Java\jdk1.8.0_201\jre\bin\jpeg.dll
0x00007ffdb6750000 - 0x00007ffdb678e000 	C:\Program Files\Java\jdk1.8.0_201\jre\bin\lcms.dll
0x0000000064340000 - 0x00000000643a2000 	C:\Users\asus\AppData\Local\Temp\jogamp_0000\file_cache\jln8847798103968718286\jln8785700892044009453\natives\windows-amd64\jogl_mobile.dll
0x00007ffdc6be0000 - 0x00007ffdc6bed000 	C:\Program Files\Java\jdk1.8.0_201\jre\bin\management.dll
0x00007ffdaac30000 - 0x00007ffdabb1e000 	C:\WINDOWS\System32\DriverStore\FileRepository\igdlh64.inf_amd64_31ba00ea6900d67d\ig9icd64.dll
0x00007ffdae740000 - 0x00007ffdb0641000 	C:\WINDOWS\System32\DriverStore\FileRepository\igdlh64.inf_amd64_31ba00ea6900d67d\igc64.dll
0x00007ffdc60c0000 - 0x00007ffdc60cc000 	C:\Program Files\Java\jdk1.8.0_201\jre\bin\jsound.dll
0x00007ffdc5950000 - 0x00007ffdc595b000 	C:\Program Files\Java\jdk1.8.0_201\jre\bin\jsoundds.dll
0x00007ffdb6400000 - 0x00007ffdb648f000 	C:\WINDOWS\SYSTEM32\DSOUND.dll
0x00007ffdc4bc0000 - 0x00007ffdc4c36000 	C:\WINDOWS\SYSTEM32\MMDevAPI.DLL
0x00007ffdcb0e0000 - 0x00007ffdcb107000 	C:\WINDOWS\SYSTEM32\DEVOBJ.dll
0x00007ffdc8ec0000 - 0x00007ffdc9074000 	C:\WINDOWS\SYSTEM32\PROPSYS.dll
0x00007ffdc60d0000 - 0x00007ffdc6114000 	C:\WINDOWS\SYSTEM32\wdmaud.drv
0x00007ffdb8530000 - 0x00007ffdb8539000 	C:\WINDOWS\SYSTEM32\ksuser.dll
0x00007ffdc66d0000 - 0x00007ffdc66da000 	C:\WINDOWS\SYSTEM32\AVRT.dll
0x00007ffdbd8a0000 - 0x00007ffdbd9cc000 	C:\WINDOWS\SYSTEM32\AUDIOSES.DLL
0x00007ffdc6450000 - 0x00007ffdc645d000 	C:\WINDOWS\SYSTEM32\msacm32.drv
0x00007ffdc5730000 - 0x00007ffdc574c000 	C:\WINDOWS\SYSTEM32\MSACM32.dll
0x00007ffdc6440000 - 0x00007ffdc644a000 	C:\WINDOWS\SYSTEM32\midimap.dll
0x00007ffdb32b0000 - 0x00007ffdb33c4000 	C:\Windows\System32\Windows.UI.dll
0x00007ffdb3140000 - 0x00007ffdb31b9000 	C:\Windows\System32\InputHost.dll
0x00007ffdc9cd0000 - 0x00007ffdc9e99000 	C:\WINDOWS\SYSTEM32\dbghelp.dll

VM Arguments:
jvm_args: -ea -javaagent:C:\Program Files\JetBrains\IntelliJ IDEA Community Edition 2018.3.3\lib\idea_rt.jar=53952:C:\Program Files\JetBrains\IntelliJ IDEA Community Edition 2018.3.3\bin -Dfile.encoding=UTF-8 
java_command: net.runelite.client.RuneLite --debug --developer-mode
java_class_path (initial): C:\Program Files\Java\jdk1.8.0_201\jre\lib\charsets.jar;C:\Program Files\Java\jdk1.8.0_201\jre\lib\deploy.jar;C:\Program Files\Java\jdk1.8.0_201\jre\lib\ext\access-bridge-64.jar;C:\Program Files\Java\jdk1.8.0_201\jre\lib\ext\cldrdata.jar;C:\Program Files\Java\jdk1.8.0_201\jre\lib\ext\dnsns.jar;C:\Program Files\Java\jdk1.8.0_201\jre\lib\ext\jaccess.jar;C:\Program Files\Java\jdk1.8.0_201\jre\lib\ext\jfxrt.jar;C:\Program Files\Java\jdk1.8.0_201\jre\lib\ext\localedata.jar;C:\Program Files\Java\jdk1.8.0_201\jre\lib\ext\nashorn.jar;C:\Program Files\Java\jdk1.8.0_201\jre\lib\ext\sunec.jar;C:\Program Files\Java\jdk1.8.0_201\jre\lib\ext\sunjce_provider.jar;C:\Program Files\Java\jdk1.8.0_201\jre\lib\ext\sunmscapi.jar;C:\Program Files\Java\jdk1.8.0_201\jre\lib\ext\sunpkcs11.jar;C:\Program Files\Java\jdk1.8.0_201\jre\lib\ext\zipfs.jar;C:\Program Files\Java\jdk1.8.0_201\jre\lib\javaws.jar;C:\Program Files\Java\jdk1.8.0_201\jre\lib\jce.jar;C:\Program Files\Java\jdk1.8.0_201\jre\lib\jfr.jar;C:\Program Files\Java\jdk1.8.0_201\jre\lib\jfxswt.jar;C:\Program Files\Java\jdk1.8.0_201\jre\lib\jsse.jar;C:\Program Files\Java\jdk1.8.0_201\jre\lib\management-agent.jar;C:\Program Files\Java\jdk1.8.0_201\jre\lib\plugin.jar;C:\Program Files\Java\jdk1.8.0_201\jre\lib\resources.jar;C:\Program Files\Java\jdk1.8.0_201\jre\lib\rt.jar;C:\Users\asus\runelite\runelite-client\target\classes;C:\Users\asus\.m2\repository\org\slf4j\slf4j-api\1.7.25\slf4j-api-1.7.25.jar;C:\Users\asus\.m2\repository\ch\qos\logback\logback-classic\1.2.3\logback-classic-1.2.3.jar;C:\Users\asus\.m2\repository\ch\qos\logback\logback-core\1.2.3\logback-core-1.2.3.jar;C:\Users\asus\.m2\repository\net\sf\jopt-simple\jopt-simple\5.0.1\jopt-simple-5.0.1.jar;C:\Users\asus\.m2\repository\com\google\guava\guava\23.2-jre\guava-23.2-jre.jar;C:\Users\asus\.m2\repository\com\google\code\findbugs\jsr305\1.3.9\jsr305-1.3.9.jar;C:\Users\asus\.m2\repository\com\google\errorprone\error_prone_annotations\2.0.18\error_
Launcher Type: SUN_STANDARD

Environment Variables:
PATH=C:\Program Files (x86)\Common Files\Oracle\Java\javapath;C:\Program Files (x86)\Intel\iCLS Client\;C:\Program Files\Intel\iCLS Client\;C:\Windows\system32;C:\Windows;C:\Windows\System32\Wbem;C:\Windows\System32\WindowsPowerShell\v1.0\;C:\Program Files (x86)\NVIDIA Corporation\PhysX\Common;C:\Program Files (x86)\Intel\Intel(R) Management Engine Components\DAL;C:\Program Files\Intel\Intel(R) Management Engine Components\DAL;C:\Program Files (x86)\Intel\Intel(R) Management Engine Components\IPT;C:\Program Files\Intel\Intel(R) Management Engine Components\IPT;C:\WINDOWS\system32;C:\WINDOWS;C:\WINDOWS\System32\Wbem;C:\WINDOWS\System32\WindowsPowerShell\v1.0\;C:\WINDOWS\System32\OpenSSH\;C:\Documents\PuTTY\;C:\Program Files\Intel\WiFi\bin\;C:\Program Files\Common Files\Intel\WirelessCommon\;C:\cygwin\bin;C:\Program Files\Git\cmd;C:\Users\asus\AppData\Local\Microsoft\WindowsApps;C:\Users\asus\AppData\Local\GitHubDesktop\bin
USERNAME=asus
OS=Windows_NT
PROCESSOR_IDENTIFIER=Intel64 Family 6 Model 158 Stepping 9, GenuineIntel



---------------  S Y S T E M  ---------------

OS: Windows 10.0 , 64 bit Build 17134 (10.0.17134.556)

CPU:total 8 (initial active 8) (4 cores per cpu, 2 threads per core) family 6 model 158 stepping 9, cmov, cx8, fxsr, mmx, sse, sse2, sse3, ssse3, sse4.1, sse4.2, popcnt, avx, avx2, aes, clmul, erms, 3dnowpref, lzcnt, ht, tsc, tscinvbit, bmi1, bmi2, adx

Memory: 4k page, physical 16659216k(9057864k free), swap 19149584k(6858996k free)

vm_info: Java HotSpot(TM) 64-Bit Server VM (25.201-b09) for windows-amd64 JRE (1.8.0_201-b09), built on Dec 15 2018 18:36:39 by "java_re" with MS VC++ 10.0 (VS2010)

time: Tue Feb 19 10:09:52 2019
timezone: Eastern Standard Time
elapsed time: 59 seconds (0d 0h 0m 59s)

