#
# A fatal error has been detected by the Java Runtime Environment:
#
#  EXCEPTION_ACCESS_VIOLATION (0xc0000005) at pc=0x00007ffe3cc10e0e, pid=19916, tid=0x0000000000001da8
#
# JRE version: Java(TM) SE Runtime Environment (8.0_201-b09) (build 1.8.0_201-b09)
# Java VM: Java HotSpot(TM) 64-Bit Server VM (25.201-b09 mixed mode windows-amd64 compressed oops)
# Problematic frame:
# C  [ig9icd64.dll+0x190e0e]
#
# Failed to write core dump. Minidumps are not enabled by default on client versions of Windows
#
# If you would like to submit a bug report, please visit:
#   http://bugreport.java.com/bugreport/crash.jsp
# The crash happened outside the Java Virtual Machine in native code.
# See problematic frame for where to report the bug.
#

---------------  T H R E A D  ---------------

Current thread (0x0000000020505800):  JavaThread "Thread-5" daemon [_thread_in_native, id=7592, stack(0x00000000279f0000,0x0000000027af0000)]

siginfo: ExceptionCode=0xc0000005, reading address 0x0000000000000008

Registers:
RAX=0x0000000000000000, RBX=0x00007ffe3cf69290, RCX=0x000000002b847170, RDX=0x0000000034522280
RSP=0x0000000027aee760, RBP=0x0000000027aee9d0, RSI=0x0000000027aee990, RDI=0x0000000000000000
R8 =0x0000000009770000, R9 =0x0000000000000000, R10=0x0000000027aeeb10, R11=0x0000000027aee8f8
R12=0x0000000000000007, R13=0x0000000000000000, R14=0x0000000027aeec60, R15=0x0000000027aeea10
RIP=0x00007ffe3cc10e0e, EFLAGS=0x0000000000010246

Top of Stack: (sp=0x0000000027aee760)
0x0000000027aee760:   00000000349a6380 0000000034522280
0x0000000027aee770:   000000002461cf30 0000000027aee888
0x0000000027aee780:   0000000000000000 0000000027aee9d0
0x0000000027aee790:   0000000027aee7c0 0000000027aee800
0x0000000027aee7a0:   0000000027aee848 0000000027aee7d0
0x0000000027aee7b0:   0000000027aee868 0000000027aee7e0
0x0000000027aee7c0:   0000000027aeea00 0000000027aee8c0
0x0000000027aee7d0:   0000000000000c08 000000002b93e0d0
0x0000000027aee7e0:   00000000350ba870 00000000350ba870
0x0000000027aee7f0:   000000002b93ddf0 00007ffe3d39165c
0x0000000027aee800:   0000000035132a10 000000003868d510
0x0000000027aee810:   00000000350ba870 0000000024619710
0x0000000027aee820:   0000000027aeea10 0000000027aeeb10
0x0000000027aee830:   00000000351124d0 00000000351124d0
0x0000000027aee840:   0000000000000000 000000003868d510
0x0000000027aee850:   0000000027aee8a9 00007ffe3cac66d6 

Instructions: (pc=0x00007ffe3cc10e0e)
0x00007ffe3cc10dee:   48 85 c9 74 06 48 8b 41 20 eb 15 48 8b 80 98 00
0x00007ffe3cc10dfe:   00 00 48 85 c0 74 06 48 8b 40 20 eb 03 48 8b c7
0x00007ffe3cc10e0e:   48 8b 48 08 48 85 c9 74 54 81 79 14 5d 01 00 00
0x00007ffe3cc10e1e:   75 4b 81 26 ff ff 97 f6 81 0e 00 00 94 06 8b 81 


Register to memory mapping:

RAX=0x0000000000000000 is an unknown value
RBX=0x00007ffe3cf69290 is an unknown value
RCX=0x000000002b847170 is an unknown value
RDX=0x0000000034522280 is an unknown value
RSP=0x0000000027aee760 is pointing into the stack for thread: 0x0000000020505800
RBP=0x0000000027aee9d0 is pointing into the stack for thread: 0x0000000020505800
RSI=0x0000000027aee990 is pointing into the stack for thread: 0x0000000020505800
RDI=0x0000000000000000 is an unknown value
R8 =0x0000000009770000 is an unknown value
R9 =0x0000000000000000 is an unknown value
R10=0x0000000027aeeb10 is pointing into the stack for thread: 0x0000000020505800
R11=0x0000000027aee8f8 is pointing into the stack for thread: 0x0000000020505800
R12=0x0000000000000007 is an unknown value
R13=0x0000000000000000 is an unknown value
R14=0x0000000027aeec60 is pointing into the stack for thread: 0x0000000020505800
R15=0x0000000027aeea10 is pointing into the stack for thread: 0x0000000020505800


Stack: [0x00000000279f0000,0x0000000027af0000],  sp=0x0000000027aee760,  free space=1017k
Native frames: (J=compiled Java code, j=interpreted, Vv=VM code, C=native code)
C  [ig9icd64.dll+0x190e0e]
C  [ig9icd64.dll+0x4a0cbd]
C  [ig9icd64.dll+0x4a4d27]
C  [ig9icd64.dll+0x398298]
C  [ig9icd64.dll+0x353cc5]
C  [ig9icd64.dll+0x152415]
C  [ig9icd64.dll+0x143304]
C  [ig9icd64.dll+0x13ff36]
C  0x000000000412ec17

Java frames: (J=compiled Java code, j=interpreted, Vv=VM code)
J 7552  jogamp.opengl.gl4.GL4bcImpl.dispatch_glTexSubImage2D1(IIIIIIIILjava/lang/Object;IZJ)V (0 bytes) @ 0x000000000412eb99 [0x000000000412eb00+0x99]
J 12268 C2 net.runelite.client.plugins.gpu.GpuPlugin.drawUi(II)V (561 bytes) @ 0x000000000505964c [0x0000000005059180+0x4cc]
J 10108 C2 net.runelite.client.plugins.gpu.GpuPlugin.draw()V (2777 bytes) @ 0x0000000004bc3850 [0x0000000004bc2060+0x17f0]
J 12212 C2 ah.p(Ljava/lang/Object;I)V (136 bytes) @ 0x00000000032ac3b0 [0x00000000032ac340+0x70]
j  ah.run()V+380
j  java.lang.Thread.run()V+11
v  ~StubRoutines::call_stub

---------------  P R O C E S S  ---------------

Java Threads: ( => current thread )
  0x0000000020507000 JavaThread "Okio Watchdog" daemon [_thread_blocked, id=17300, stack(0x000000002aaf0000,0x000000002abf0000)]
  0x0000000028eb5800 JavaThread "Thread-21" daemon [_thread_blocked, id=19060, stack(0x000000003c980000,0x000000003ca80000)]
  0x0000000028eb4000 JavaThread "Thread-20" daemon [_thread_in_native, id=17692, stack(0x000000003c880000,0x000000003c980000)]
  0x0000000028eb1000 JavaThread "Thread-18" daemon [_thread_blocked, id=12976, stack(0x000000003b880000,0x000000003b980000)]
  0x0000000028eb1800 JavaThread "pool-5-thread-1" [_thread_blocked, id=15092, stack(0x000000003b780000,0x000000003b880000)]
  0x0000000028eaf800 JavaThread "Java Sound Event Dispatcher" daemon [_thread_blocked, id=11924, stack(0x000000003b480000,0x000000003b580000)]
  0x000000001ffa8800 JavaThread "DestroyJavaVM" [_thread_blocked, id=20320, stack(0x0000000002710000,0x0000000002810000)]
  0x0000000020508800 JavaThread "TimerQueue" daemon [_thread_blocked, id=14568, stack(0x000000002a4f0000,0x000000002a5f0000)]
  0x0000000020502800 JavaThread "pool-4-thread-1" [_thread_blocked, id=16068, stack(0x000000002a1f0000,0x000000002a2f0000)]
  0x0000000020500800 JavaThread "Thread-12" daemon [_thread_blocked, id=10764, stack(0x000000002a0f0000,0x000000002a1f0000)]
  0x0000000020502000 JavaThread "Trident pulse source thread" daemon [_thread_blocked, id=9976, stack(0x0000000028620000,0x0000000028720000)]
  0x0000000020504000 JavaThread "Trident callback thread" daemon [_thread_blocked, id=20856, stack(0x0000000028520000,0x0000000028620000)]
  0x00000000204ff800 JavaThread "Substance heap status" daemon [_thread_blocked, id=13064, stack(0x0000000028000000,0x0000000028100000)]
  0x0000000020506800 JavaThread "Thread-6" daemon [_thread_blocked, id=13848, stack(0x0000000027af0000,0x0000000027bf0000)]
=>0x0000000020505800 JavaThread "Thread-5" daemon [_thread_in_native, id=7592, stack(0x00000000279f0000,0x0000000027af0000)]
  0x0000000020501000 JavaThread "Thread-4" daemon [_thread_blocked, id=14860, stack(0x00000000278f0000,0x00000000279f0000)]
  0x000000001ffa6000 JavaThread "AWT-EventQueue-0" [_thread_blocked, id=19552, stack(0x00000000270f0000,0x00000000271f0000)]
  0x000000001ffaa800 JavaThread "AWT-Shutdown" [_thread_blocked, id=2164, stack(0x0000000024830000,0x0000000024930000)]
  0x000000001ffa4000 JavaThread "Java2D Disposer" daemon [_thread_blocked, id=8780, stack(0x0000000024450000,0x0000000024550000)]
  0x000000001ffa4800 JavaThread "OkHttp ConnectionPool" daemon [_thread_blocked, id=16780, stack(0x0000000021850000,0x0000000021950000)]
  0x000000001fe39000 JavaThread "pool-2-thread-1" [_thread_blocked, id=18644, stack(0x0000000021450000,0x0000000021550000)]
  0x000000001e4bb800 JavaThread "Service Thread" daemon [_thread_blocked, id=17988, stack(0x000000001f000000,0x000000001f100000)]
  0x000000001e469000 JavaThread "C1 CompilerThread3" daemon [_thread_blocked, id=7748, stack(0x000000001ef00000,0x000000001f000000)]
  0x000000001e460000 JavaThread "C2 CompilerThread2" daemon [_thread_blocked, id=11644, stack(0x000000001ee00000,0x000000001ef00000)]
  0x000000001e45b800 JavaThread "C2 CompilerThread1" daemon [_thread_blocked, id=1004, stack(0x000000001ed00000,0x000000001ee00000)]
  0x000000001e459000 JavaThread "C2 CompilerThread0" daemon [_thread_blocked, id=8160, stack(0x000000001ec00000,0x000000001ed00000)]
  0x000000001e456800 JavaThread "Monitor Ctrl-Break" daemon [_thread_in_native, id=16716, stack(0x000000001eb00000,0x000000001ec00000)]
  0x000000001e244800 JavaThread "Attach Listener" daemon [_thread_blocked, id=14168, stack(0x000000001ea00000,0x000000001eb00000)]
  0x000000001c43e800 JavaThread "Signal Dispatcher" daemon [_thread_blocked, id=7624, stack(0x000000001e900000,0x000000001ea00000)]
  0x0000000002a0a000 JavaThread "Finalizer" daemon [_thread_blocked, id=15036, stack(0x000000001e710000,0x000000001e810000)]
  0x000000001e230800 JavaThread "Reference Handler" daemon [_thread_blocked, id=17592, stack(0x000000001e610000,0x000000001e710000)]

Other Threads:
  0x000000001c429000 VMThread [stack: 0x000000001e110000,0x000000001e210000] [id=248]
  0x000000001e59c000 WatcherThread [stack: 0x000000001f100000,0x000000001f200000] [id=8404]

VM state:not at safepoint (normal execution)

VM Mutex/Monitor currently owned by a thread: None

heap address: 0x00000006c1c00000, size: 4068 MB, Compressed Oops mode: Zero based, Oop shift amount: 3
Narrow klass base: 0x0000000000000000, Narrow klass shift: 3
Compressed class space size: 1073741824 Address: 0x00000007c0000000

Heap:
 PSYoungGen      total 1098240K, used 544409K [0x000000076b400000, 0x00000007b6a80000, 0x00000007c0000000)
  eden space 1056256K, 47% used [0x000000076b400000,0x0000000789eb4d58,0x00000007abb80000)
  from space 41984K, 99% used [0x00000007aeb00000,0x00000007b13f1748,0x00000007b1400000)
  to   space 48640K, 0% used [0x00000007abb80000,0x00000007abb80000,0x00000007aeb00000)
 ParOldGen       total 228352K, used 104082K [0x00000006c1c00000, 0x00000006cfb00000, 0x000000076b400000)
  object space 228352K, 45% used [0x00000006c1c00000,0x00000006c81a49a0,0x00000006cfb00000)
 Metaspace       used 60488K, capacity 64214K, committed 64424K, reserved 1105920K
  class space    used 6748K, capacity 7327K, committed 7336K, reserved 1048576K

Card table byte_map: [0x0000000011dd0000,0x00000000125d0000] byte_map_base: 0x000000000e7c2000

Marking Bits: (ParMarkBitMap*) 0x0000000067774ce0
 Begin Bits: [0x0000000013320000, 0x00000000172b0000)
 End Bits:   [0x00000000172b0000, 0x000000001b240000)

Polling page: 0x0000000002590000

CodeCache: size=245760Kb used=45557Kb max_used=45559Kb free=200202Kb
 bounds [0x0000000002a10000, 0x00000000056f0000, 0x0000000011a10000]
 total_blobs=10850 nmethods=9717 adapters=1042
 compilation: enabled

Compilation events (10 events):
Event: 277.798 Thread 0x000000001e469000 12795       3       com.google.common.collect.ArrayListMultimap::clear (5 bytes)
Event: 277.798 Thread 0x000000001e469000 nmethod 12795 0x0000000002d61bd0 code [0x0000000002d61d40, 0x0000000002d61ec8]
Event: 277.799 Thread 0x000000001e469000 12796       3       net.runelite.client.plugins.cluescrolls.ClueScrollPlugin$$Lambda$194/1599566873::invoke (12 bytes)
Event: 277.800 Thread 0x000000001e469000 nmethod 12796 0x00000000031336d0 code [0x0000000003133840, 0x0000000003133ac8]
Event: 277.801 Thread 0x000000001e469000 12797       3       net.runelite.client.plugins.cluescrolls.ClueScrollPlugin::onGameTick (250 bytes)
Event: 277.803 Thread 0x000000001e469000 nmethod 12797 0x0000000004d1b810 code [0x0000000004d1bb00, 0x0000000004d1d298]
Event: 277.805 Thread 0x000000001e469000 12798       3       net.runelite.client.plugins.cluescrolls.ClueScrollPlugin::findClueScroll (214 bytes)
Event: 277.808 Thread 0x000000001e469000 nmethod 12798 0x0000000004d17050 code [0x0000000004d17500, 0x0000000004d1a0f8]
Event: 277.809 Thread 0x000000001e469000 12799       3       net.runelite.client.plugins.woodcutting.WoodcuttingPlugin$$Lambda$618/1596144422::invoke (12 bytes)
Event: 277.810 Thread 0x000000001e469000 nmethod 12799 0x00000000033add50 code [0x00000000033adec0, 0x00000000033ae148]

GC Heap History (10 events):
Event: 7.166 GC heap before
{Heap before GC invocations=11 (full 1):
 PSYoungGen      total 538112K, used 162644K [0x000000076b400000, 0x00000007a0380000, 0x00000007c0000000)
  eden space 524288K, 31% used [0x000000076b400000,0x00000007752d51a0,0x000000078b400000)
  from space 13824K, 0% used [0x000000078b400000,0x000000078b400000,0x000000078c180000)
  to   space 14336K, 0% used [0x000000079f580000,0x000000079f580000,0x00000007a0380000)
 ParOldGen       total 90624K, used 10295K [0x00000006c1c00000, 0x00000006c7480000, 0x000000076b400000)
  object space 90624K, 11% used [0x00000006c1c00000,0x00000006c260dfb0,0x00000006c7480000)
 Metaspace       used 34716K, capacity 35178K, committed 35496K, reserved 1081344K
  class space    used 4072K, capacity 4230K, committed 4264K, reserved 1048576K
Event: 7.180 GC heap after
Heap after GC invocations=11 (full 1):
 PSYoungGen      total 791552K, used 13950K [0x000000076b400000, 0x00000007a0380000, 0x00000007c0000000)
  eden space 777216K, 0% used [0x000000076b400000,0x000000076b400000,0x000000079ab00000)
  from space 14336K, 97% used [0x000000079f580000,0x00000007a031f960,0x00000007a0380000)
  to   space 15360K, 0% used [0x000000079e580000,0x000000079e580000,0x000000079f480000)
 ParOldGen       total 90624K, used 10303K [0x00000006c1c00000, 0x00000006c7480000, 0x000000076b400000)
  object space 90624K, 11% used [0x00000006c1c00000,0x00000006c260ffb0,0x00000006c7480000)
 Metaspace       used 34716K, capacity 35178K, committed 35496K, reserved 1081344K
  class space    used 4072K, capacity 4230K, committed 4264K, reserved 1048576K
}
Event: 7.180 GC heap before
{Heap before GC invocations=12 (full 2):
 PSYoungGen      total 791552K, used 13950K [0x000000076b400000, 0x00000007a0380000, 0x00000007c0000000)
  eden space 777216K, 0% used [0x000000076b400000,0x000000076b400000,0x000000079ab00000)
  from space 14336K, 97% used [0x000000079f580000,0x00000007a031f960,0x00000007a0380000)
  to   space 15360K, 0% used [0x000000079e580000,0x000000079e580000,0x000000079f480000)
 ParOldGen       total 90624K, used 10303K [0x00000006c1c00000, 0x00000006c7480000, 0x000000076b400000)
  object space 90624K, 11% used [0x00000006c1c00000,0x00000006c260ffb0,0x00000006c7480000)
 Metaspace       used 34716K, capacity 35178K, committed 35496K, reserved 1081344K
  class space    used 4072K, capacity 4230K, committed 4264K, reserved 1048576K
Event: 7.250 GC heap after
Heap after GC invocations=12 (full 2):
 PSYoungGen      total 791552K, used 0K [0x000000076b400000, 0x00000007a0380000, 0x00000007c0000000)
  eden space 777216K, 0% used [0x000000076b400000,0x000000076b400000,0x000000079ab00000)
  from space 14336K, 0% used [0x000000079f580000,0x000000079f580000,0x00000007a0380000)
  to   space 15360K, 0% used [0x000000079e580000,0x000000079e580000,0x000000079f480000)
 ParOldGen       total 128000K, used 23032K [0x00000006c1c00000, 0x00000006c9900000, 0x000000076b400000)
  object space 128000K, 17% used [0x00000006c1c00000,0x00000006c327e340,0x00000006c9900000)
 Metaspace       used 34716K, capacity 35178K, committed 35496K, reserved 1081344K
  class space    used 4072K, capacity 4230K, committed 4264K, reserved 1048576K
}
Event: 45.565 GC heap before
{Heap before GC invocations=13 (full 2):
 PSYoungGen      total 791552K, used 495247K [0x000000076b400000, 0x00000007a0380000, 0x00000007c0000000)
  eden space 777216K, 63% used [0x000000076b400000,0x00000007897a3ff8,0x000000079ab00000)
  from space 14336K, 0% used [0x000000079f580000,0x000000079f580000,0x00000007a0380000)
  to   space 15360K, 0% used [0x000000079e580000,0x000000079e580000,0x000000079f480000)
 ParOldGen       total 128000K, used 23032K [0x00000006c1c00000, 0x00000006c9900000, 0x000000076b400000)
  object space 128000K, 17% used [0x00000006c1c00000,0x00000006c327e340,0x00000006c9900000)
 Metaspace       used 55545K, capacity 59050K, committed 59160K, reserved 1101824K
  class space    used 6466K, capacity 6987K, committed 7080K, reserved 1048576K
Event: 45.611 GC heap after
Heap after GC invocations=13 (full 2):
 PSYoungGen      total 852480K, used 15356K [0x000000076b400000, 0x00000007b1400000, 0x00000007c0000000)
  eden space 837120K, 0% used [0x000000076b400000,0x000000076b400000,0x000000079e580000)
  from space 15360K, 99% used [0x000000079e580000,0x000000079f47f018,0x000000079f480000)
  to   space 41984K, 0% used [0x00000007aeb00000,0x00000007aeb00000,0x00000007b1400000)
 ParOldGen       total 128000K, used 91025K [0x00000006c1c00000, 0x00000006c9900000, 0x000000076b400000)
  object space 128000K, 71% used [0x00000006c1c00000,0x00000006c74e4598,0x00000006c9900000)
 Metaspace       used 55545K, capacity 59050K, committed 59160K, reserved 1101824K
  class space    used 6466K, capacity 6987K, committed 7080K, reserved 1048576K
}
Event: 45.611 GC heap before
{Heap before GC invocations=14 (full 3):
 PSYoungGen      total 852480K, used 15356K [0x000000076b400000, 0x00000007b1400000, 0x00000007c0000000)
  eden space 837120K, 0% used [0x000000076b400000,0x000000076b400000,0x000000079e580000)
  from space 15360K, 99% used [0x000000079e580000,0x000000079f47f018,0x000000079f480000)
  to   space 41984K, 0% used [0x00000007aeb00000,0x00000007aeb00000,0x00000007b1400000)
 ParOldGen       total 128000K, used 91025K [0x00000006c1c00000, 0x00000006c9900000, 0x000000076b400000)
  object space 128000K, 71% used [0x00000006c1c00000,0x00000006c74e4598,0x00000006c9900000)
 Metaspace       used 55545K, capacity 59050K, committed 59160K, reserved 1101824K
  class space    used 6466K, capacity 6987K, committed 7080K, reserved 1048576K
Event: 45.868 GC heap after
Heap after GC invocations=14 (full 3):
 PSYoungGen      total 852480K, used 0K [0x000000076b400000, 0x00000007b1400000, 0x00000007c0000000)
  eden space 837120K, 0% used [0x000000076b400000,0x000000076b400000,0x000000079e580000)
  from space 15360K, 0% used [0x000000079e580000,0x000000079e580000,0x000000079f480000)
  to   space 41984K, 0% used [0x00000007aeb00000,0x00000007aeb00000,0x00000007b1400000)
 ParOldGen       total 228352K, used 78226K [0x00000006c1c00000, 0x00000006cfb00000, 0x000000076b400000)
  object space 228352K, 34% used [0x00000006c1c00000,0x00000006c6864b80,0x00000006cfb00000)
 Metaspace       used 55545K, capacity 59050K, committed 59160K, reserved 1101824K
  class space    used 6466K, capacity 6987K, committed 7080K, reserved 1048576K
}
Event: 211.419 GC heap before
{Heap before GC invocations=15 (full 3):
 PSYoungGen      total 852480K, used 837120K [0x000000076b400000, 0x00000007b1400000, 0x00000007c0000000)
  eden space 837120K, 100% used [0x000000076b400000,0x000000079e580000,0x000000079e580000)
  from space 15360K, 0% used [0x000000079e580000,0x000000079e580000,0x000000079f480000)
  to   space 41984K, 0% used [0x00000007aeb00000,0x00000007aeb00000,0x00000007b1400000)
 ParOldGen       total 228352K, used 78226K [0x00000006c1c00000, 0x00000006cfb00000, 0x000000076b400000)
  object space 228352K, 34% used [0x00000006c1c00000,0x00000006c6864b80,0x00000006cfb00000)
 Metaspace       used 60009K, capacity 63802K, committed 63912K, reserved 1105920K
  class space    used 6681K, capacity 7283K, committed 7336K, reserved 1048576K
Event: 211.447 GC heap after
Heap after GC invocations=15 (full 3):
 PSYoungGen      total 1098240K, used 41925K [0x000000076b400000, 0x00000007b6a80000, 0x00000007c0000000)
  eden space 1056256K, 0% used [0x000000076b400000,0x000000076b400000,0x00000007abb80000)
  from space 41984K, 99% used [0x00000007aeb00000,0x00000007b13f1748,0x00000007b1400000)
  to   space 48640K, 0% used [0x00000007abb80000,0x00000007abb80000,0x00000007aeb00000)
 ParOldGen       total 228352K, used 104082K [0x00000006c1c00000, 0x00000006cfb00000, 0x000000076b400000)
  object space 228352K, 45% used [0x00000006c1c00000,0x00000006c81a49a0,0x00000006cfb00000)
 Metaspace       used 60009K, capacity 63802K, committed 63912K, reserved 1105920K
  class space    used 6681K, capacity 7283K, committed 7336K, reserved 1048576K
}

Deoptimization events (10 events):
Event: 277.706 Thread 0x000000001ffa6000 Uncommon trap: reason=unstable_if action=reinterpret pc=0x0000000003915140 method=javax.swing.JButton.removeNotify()V @ 14
Event: 277.706 Thread 0x000000001ffa6000 Uncommon trap: reason=class_check action=maybe_recompile pc=0x0000000004f2db6c method=java.awt.KeyboardFocusManager.clearMostRecentFocusOwner(Ljava/awt/Component;)V @ 67
Event: 277.707 Thread 0x000000001ffa6000 Uncommon trap: reason=unstable_if action=reinterpret pc=0x00000000039f9e88 method=javax.swing.JComponent.unregisterWithKeyboardManager()V @ 11
Event: 277.793 Thread 0x000000002050c800 Uncommon trap: reason=class_check action=maybe_recompile pc=0x0000000004a64d4c method=jogamp.opengl.GLDrawableImpl.lockSurface()I @ 4
Event: 277.793 Thread 0x000000002050c800 Uncommon trap: reason=unstable_if action=reinterpret pc=0x000000000447c5e0 method=jogamp.common.util.locks.RecursiveLockImpl01Unfairish$SingleThreadSync.isOwner(Ljava/lang/Thread;)Z @ 5
Event: 277.793 Thread 0x000000002050c800 Uncommon trap: reason=unstable_if action=reinterpret pc=0x0000000004441ae0 method=jogamp.common.util.locks.RecursiveLockImpl01Unfairish$SingleThreadSync.isOwner(Ljava/lang/Thread;)Z @ 5
Event: 277.793 Thread 0x000000002050c800 Uncommon trap: reason=class_check action=maybe_recompile pc=0x0000000004a64d4c method=jogamp.opengl.GLDrawableImpl.lockSurface()I @ 4
Event: 277.797 Thread 0x000000002050c800 Uncommon trap: reason=unstable_if action=reinterpret pc=0x0000000004e9a4f8 method=jogamp.common.util.locks.RecursiveLockImpl01Unfairish.unlock(Ljava/lang/Runnable;)V @ 34
Event: 277.819 Thread 0x0000000020505800 Uncommon trap: reason=unstable_if action=reinterpret pc=0x00000000049976bc method=sun.java2d.d3d.D3DScreenUpdateManager.createGraphics(Lsun/java2d/SurfaceData;Lsun/awt/windows/WComponentPeer;Ljava/awt/Color;Ljava/awt/Color;Ljava/awt/Font;)Ljava/awt/Graphi
Event: 277.824 Thread 0x0000000020505800 Uncommon trap: reason=unstable_if action=reinterpret pc=0x000000000419fcc4 method=jogamp.opengl.windows.wgl.WindowsWGLDrawable.swapBuffersImpl(Z)V @ 26

Classes redefined (0 events):
No events

Internal exceptions (10 events):
Event: 171.835 Thread 0x0000000020505800 Implicit null exception at 0x000000000532573a to 0x0000000005326e79
Event: 211.195 Thread 0x0000000020505800 Exception <a 'java/lang/NullPointerException'> (0x000000079e43f058) thrown at [C:\re\workspace\8-2-build-windows-amd64-cygwin\jdk8u201\12322\hotspot\src\share\vm\interpreter\linkResolver.cpp, line 1185]
Event: 231.832 Thread 0x0000000028eba800 Implicit null exception at 0x0000000004e4c65b to 0x0000000004e4d5e5
Event: 238.985 Thread 0x0000000020505800 Exception <a 'java/lang/NullPointerException'> (0x000000077df12660) thrown at [C:\re\workspace\8-2-build-windows-amd64-cygwin\jdk8u201\12322\hotspot\src\share\vm\interpreter\linkResolver.cpp, line 1185]
Event: 239.010 Thread 0x0000000020505800 Implicit null exception at 0x00000000051e0533 to 0x00000000051e49e9
Event: 239.841 Thread 0x0000000020505800 Implicit null exception at 0x0000000005327a9a to 0x0000000005328171
Event: 257.222 Thread 0x0000000020505800 Implicit null exception at 0x0000000003e32c36 to 0x0000000003e33de5
Event: 257.223 Thread 0x0000000020505800 Implicit null exception at 0x00000000048febc2 to 0x00000000048fff59
Event: 275.605 Thread 0x000000001ffa6000 Implicit null exception at 0x0000000005092b13 to 0x0000000005094c7d
Event: 277.710 Thread 0x000000001ffa6000 Exception <a 'java/net/SocketTimeoutException': Read timed out> (0x0000000788d9e750) thrown at [C:\re\workspace\8-2-build-windows-amd64-cygwin\jdk8u201\12322\hotspot\src\share\vm\prims\jni.cpp, line 735]

Events (10 events):
Event: 277.809 Thread 0x000000001e469000 flushing nmethod 0x0000000003678cd0
Event: 277.818 Thread 0x0000000020505800 Uncommon trap: trap_request=0xffffff65 fr.pc=0x00000000049976bc
Event: 277.819 Thread 0x0000000020505800 DEOPT PACKING pc=0x00000000049976bc sp=0x0000000027aef530
Event: 277.819 Thread 0x0000000020505800 DEOPT UNPACKING pc=0x0000000002a5583b sp=0x0000000027aef350 mode 2
Event: 277.824 Thread 0x0000000020505800 Uncommon trap: trap_request=0xffffff65 fr.pc=0x000000000419fcc4
Event: 277.824 Thread 0x0000000020505800 DEOPT PACKING pc=0x000000000419fcc4 sp=0x0000000027aef480
Event: 277.824 Thread 0x0000000020505800 DEOPT UNPACKING pc=0x0000000002a5583b sp=0x0000000027aef3c0 mode 2
Event: 277.897 Executing VM operation: RevokeBias
Event: 277.897 Executing VM operation: RevokeBias done
Event: 277.897 Thread 0x000000001ffa5800 Thread exited: 0x000000001ffa5800


Dynamic libraries:
0x00007ff688980000 - 0x00007ff6889b7000 	C:\Program Files\Java\jdk1.8.0_201\bin\java.exe
0x00007ffe8cb00000 - 0x00007ffe8cce1000 	C:\WINDOWS\SYSTEM32\ntdll.dll
0x00007ffe8c120000 - 0x00007ffe8c1d2000 	C:\WINDOWS\System32\KERNEL32.DLL
0x00007ffe88f20000 - 0x00007ffe89193000 	C:\WINDOWS\System32\KERNELBASE.dll
0x00007ffe8bfa0000 - 0x00007ffe8c041000 	C:\WINDOWS\System32\ADVAPI32.dll
0x00007ffe8a530000 - 0x00007ffe8a5ce000 	C:\WINDOWS\System32\msvcrt.dll
0x00007ffe8c350000 - 0x00007ffe8c3ab000 	C:\WINDOWS\System32\sechost.dll
0x00007ffe8a600000 - 0x00007ffe8a724000 	C:\WINDOWS\System32\RPCRT4.dll
0x00007ffe8c940000 - 0x00007ffe8cad0000 	C:\WINDOWS\System32\USER32.dll
0x00007ffe89af0000 - 0x00007ffe89b10000 	C:\WINDOWS\System32\win32u.dll
0x00007ffe8c890000 - 0x00007ffe8c8b8000 	C:\WINDOWS\System32\GDI32.dll
0x00007ffe89950000 - 0x00007ffe89ae2000 	C:\WINDOWS\System32\gdi32full.dll
0x00007ffe898b0000 - 0x00007ffe8994f000 	C:\WINDOWS\System32\msvcp_win.dll
0x00007ffe89d00000 - 0x00007ffe89dfa000 	C:\WINDOWS\System32\ucrtbase.dll
0x00007ffe796c0000 - 0x00007ffe79929000 	C:\WINDOWS\WinSxS\amd64_microsoft.windows.common-controls_6595b64144ccf1df_6.0.17134.590_none_fb3d9bff3069e088\COMCTL32.dll
0x00007ffe89f90000 - 0x00007ffe8a2b2000 	C:\WINDOWS\System32\combase.dll
0x00007ffe89e00000 - 0x00007ffe89e7a000 	C:\WINDOWS\System32\bcryptPrimitives.dll
0x00007ffe8a5d0000 - 0x00007ffe8a5fd000 	C:\WINDOWS\System32\IMM32.DLL
0x00007ffe87f00000 - 0x00007ffe87f31000 	C:\WINDOWS\SYSTEM32\ntmarta.dll
0x00007ffe88d40000 - 0x00007ffe88d70000 	C:\WINDOWS\SYSTEM32\SspiCli.dll
0x0000000067800000 - 0x00000000678d1000 	C:\Program Files\Java\jdk1.8.0_201\jre\bin\msvcr100.dll
0x0000000066f50000 - 0x00000000677f4000 	C:\Program Files\Java\jdk1.8.0_201\jre\bin\server\jvm.dll
0x00007ffe8c1e0000 - 0x00007ffe8c1e8000 	C:\WINDOWS\System32\PSAPI.DLL
0x00007ffe764f0000 - 0x00007ffe764f9000 	C:\WINDOWS\SYSTEM32\WSOCK32.dll
0x00007ffe8c0b0000 - 0x00007ffe8c11c000 	C:\WINDOWS\System32\WS2_32.dll
0x00007ffe84b60000 - 0x00007ffe84b83000 	C:\WINDOWS\SYSTEM32\WINMM.dll
0x00007ffe83540000 - 0x00007ffe8354a000 	C:\WINDOWS\SYSTEM32\VERSION.dll
0x00007ffe84b10000 - 0x00007ffe84b3a000 	C:\WINDOWS\SYSTEM32\WINMMBASE.dll
0x00007ffe88ed0000 - 0x00007ffe88f19000 	C:\WINDOWS\System32\cfgmgr32.dll
0x00007ffe7ad50000 - 0x00007ffe7ad5f000 	C:\Program Files\Java\jdk1.8.0_201\jre\bin\verify.dll
0x00007ffe78f30000 - 0x00007ffe78f59000 	C:\Program Files\Java\jdk1.8.0_201\jre\bin\java.dll
0x00007ffe70de0000 - 0x00007ffe70e03000 	C:\Program Files\Java\jdk1.8.0_201\jre\bin\instrument.dll
0x00007ffe76a40000 - 0x00007ffe76a56000 	C:\Program Files\Java\jdk1.8.0_201\jre\bin\zip.dll
0x00007ffe8ab60000 - 0x00007ffe8bfa0000 	C:\WINDOWS\System32\SHELL32.dll
0x00007ffe8a7d0000 - 0x00007ffe8a879000 	C:\WINDOWS\System32\shcore.dll
0x00007ffe891a0000 - 0x00007ffe898ad000 	C:\WINDOWS\System32\windows.storage.dll
0x00007ffe8c3b0000 - 0x00007ffe8c401000 	C:\WINDOWS\System32\shlwapi.dll
0x00007ffe88eb0000 - 0x00007ffe88ec1000 	C:\WINDOWS\System32\kernel.appcore.dll
0x00007ffe88e40000 - 0x00007ffe88e5f000 	C:\WINDOWS\System32\profapi.dll
0x00007ffe88e60000 - 0x00007ffe88eac000 	C:\WINDOWS\System32\powrprof.dll
0x00007ffe88e10000 - 0x00007ffe88e1a000 	C:\WINDOWS\System32\FLTLIB.DLL
0x00007ffe70460000 - 0x00007ffe7047a000 	C:\Program Files\JetBrains\IntelliJ IDEA Community Edition 2018.3.3\bin\breakgen64.dll
0x00007ffe76a20000 - 0x00007ffe76a3a000 	C:\Program Files\Java\jdk1.8.0_201\jre\bin\net.dll
0x00007ffe7b1f0000 - 0x00007ffe7b3b9000 	C:\WINDOWS\SYSTEM32\urlmon.dll
0x00007ffe79410000 - 0x00007ffe796b5000 	C:\WINDOWS\SYSTEM32\iertutil.dll
0x00007ffe88840000 - 0x00007ffe8884b000 	C:\WINDOWS\SYSTEM32\CRYPTBASE.DLL
0x00007ffe88690000 - 0x00007ffe886f6000 	C:\WINDOWS\system32\mswsock.dll
0x00007ffe70330000 - 0x00007ffe70354000 	C:\Program Files\Java\jdk1.8.0_201\jre\bin\sunec.dll
0x00007ffe88410000 - 0x00007ffe88448000 	C:\WINDOWS\SYSTEM32\IPHLPAPI.DLL
0x00007ffe8a880000 - 0x00007ffe8a888000 	C:\WINDOWS\System32\NSI.dll
0x00007ffe810a0000 - 0x00007ffe810b6000 	C:\WINDOWS\SYSTEM32\dhcpcsvc6.DLL
0x00007ffe81260000 - 0x00007ffe8127a000 	C:\WINDOWS\SYSTEM32\dhcpcsvc.DLL
0x00007ffe76a00000 - 0x00007ffe76a11000 	C:\Program Files\Java\jdk1.8.0_201\jre\bin\nio.dll
0x00007ffe88850000 - 0x00007ffe88867000 	C:\WINDOWS\SYSTEM32\CRYPTSP.dll
0x00007ffe88270000 - 0x00007ffe882a3000 	C:\WINDOWS\system32\rsaenh.dll
0x00007ffe88970000 - 0x00007ffe88995000 	C:\WINDOWS\SYSTEM32\bcrypt.dll
0x00007ffe88d10000 - 0x00007ffe88d38000 	C:\WINDOWS\SYSTEM32\USERENV.dll
0x00007ffe6e3a0000 - 0x00007ffe6e3e2000 	C:\Users\asus\AppData\Local\Temp\jna-3003984\jna3641637551591928045.dll
0x00007ffe60a60000 - 0x00007ffe60afc000 	C:\Users\asus\AppData\Local\Temp\jna-3003984\jna8083477808470247091.dll
0x00007ffe88450000 - 0x00007ffe8850e000 	C:\WINDOWS\SYSTEM32\DNSAPI.dll
0x00007ffe7c910000 - 0x00007ffe7c91a000 	C:\Windows\System32\rasadhlp.dll
0x00007ffe7cf10000 - 0x00007ffe7cf82000 	C:\WINDOWS\System32\fwpuclnt.dll
0x00007ffe510f0000 - 0x00007ffe51289000 	C:\Program Files\Java\jdk1.8.0_201\jre\bin\awt.dll
0x00007ffe8a2c0000 - 0x00007ffe8a383000 	C:\WINDOWS\System32\OLEAUT32.dll
0x00007ffe86450000 - 0x00007ffe864db000 	C:\WINDOWS\SYSTEM32\apphelp.dll
0x00007ffe86580000 - 0x00007ffe86618000 	C:\WINDOWS\system32\uxtheme.dll
0x00007ffe8a8f0000 - 0x00007ffe8aa63000 	C:\WINDOWS\System32\MSCTF.dll
0x00007ffe86fe0000 - 0x00007ffe87009000 	C:\WINDOWS\system32\dwmapi.dll
0x00007ffe8c1f0000 - 0x00007ffe8c341000 	C:\WINDOWS\System32\ole32.dll
0x00007ffe84bd0000 - 0x00007ffe84bdb000 	C:\Program Files\Java\jdk1.8.0_201\jre\bin\sunmscapi.dll
0x00007ffe89b10000 - 0x00007ffe89cf2000 	C:\WINDOWS\System32\CRYPT32.dll
0x00007ffe88e20000 - 0x00007ffe88e32000 	C:\WINDOWS\System32\MSASN1.dll
0x00007ffe6d3f0000 - 0x00007ffe6d437000 	C:\Program Files\Java\jdk1.8.0_201\jre\bin\fontmanager.dll
0x00007ffe51980000 - 0x00007ffe51a22000 	C:\Program Files\Java\jdk1.8.0_201\jre\bin\mlib_image.dll
0x00007ffe773d0000 - 0x00007ffe774f0000 	C:\WINDOWS\system32\opengl32.dll
0x00007ffe82690000 - 0x00007ffe826bc000 	C:\WINDOWS\SYSTEM32\GLU32.dll
0x00007ffe6d3c0000 - 0x00007ffe6d3ea000 	C:\Program Files\Java\jdk1.8.0_201\jre\bin\dcpr.dll
0x00007ffe6a120000 - 0x00007ffe6a162000 	C:\Program Files\Java\jdk1.8.0_201\jre\bin\t2k.dll
0x00007ffe8a730000 - 0x00007ffe8a7d0000 	C:\WINDOWS\System32\clbcatq.dll
0x00007ffe83780000 - 0x00007ffe8392e000 	C:\WINDOWS\SYSTEM32\WindowsCodecs.dll
0x00007ffe6cbe0000 - 0x00007ffe6cc38000 	C:\WINDOWS\system32\dataexchange.dll
0x00007ffe85490000 - 0x00007ffe8579b000 	C:\WINDOWS\system32\d3d11.dll
0x00007ffe85d70000 - 0x00007ffe85f0c000 	C:\WINDOWS\system32\dcomp.dll
0x00007ffe87bd0000 - 0x00007ffe87c8b000 	C:\WINDOWS\system32\dxgi.dll
0x00007ffe870f0000 - 0x00007ffe872a8000 	C:\WINDOWS\system32\twinapi.appcore.dll
0x00007ffe870c0000 - 0x00007ffe870e9000 	C:\WINDOWS\system32\RMCLIENT.dll
0x00007ffe81420000 - 0x00007ffe814c8000 	C:\WINDOWS\SYSTEM32\mscms.dll
0x00007ffe84c50000 - 0x00007ffe84c60000 	C:\WINDOWS\SYSTEM32\ColorAdapterClient.dll
0x00007ffe68d30000 - 0x00007ffe68d73000 	C:\WINDOWS\SYSTEM32\icm32.dll
0x00007ffe77be0000 - 0x00007ffe77c76000 	C:\WINDOWS\System32\TextInputFramework.dll
0x00007ffe83210000 - 0x00007ffe8352e000 	C:\WINDOWS\System32\CoreUIComponents.dll
0x00007ffe86250000 - 0x00007ffe8632a000 	C:\WINDOWS\System32\CoreMessaging.dll
0x00007ffe844a0000 - 0x00007ffe845ed000 	C:\WINDOWS\SYSTEM32\wintypes.dll
0x00007ffe81820000 - 0x00007ffe8182b000 	C:\WINDOWS\SYSTEM32\WINNSI.DLL
0x00000000637c0000 - 0x00000000637cd000 	C:\Users\asus\AppData\Local\Temp\jogamp_0000\file_cache\jln9027468949796551338\jln2132806585930468595\natives\windows-amd64\gluegen-rt.dll
0x00007ffe7a540000 - 0x00007ffe7a547000 	C:\Program Files\Java\jdk1.8.0_201\jre\bin\jawt.dll
0x000000006a440000 - 0x000000006a44d000 	C:\Users\asus\AppData\Local\Temp\jogamp_0000\file_cache\jln9027468949796551338\jln2132806585930468595\natives\windows-amd64\nativewindow_awt.dll
0x000000006c100000 - 0x000000006c10f000 	C:\Users\asus\AppData\Local\Temp\jogamp_0000\file_cache\jln9027468949796551338\jln2132806585930468595\natives\windows-amd64\nativewindow_win32.dll
0x00007ffe671a0000 - 0x00007ffe671d1000 	C:\Program Files\Java\jdk1.8.0_201\jre\bin\jpeg.dll
0x00007ffe66890000 - 0x00007ffe668ce000 	C:\Program Files\Java\jdk1.8.0_201\jre\bin\lcms.dll
0x0000000064500000 - 0x00000000645b1000 	C:\Users\asus\AppData\Local\Temp\jogamp_0000\file_cache\jln9027468949796551338\jln2132806585930468595\natives\windows-amd64\jogl_desktop.dll
0x0000000064340000 - 0x00000000643a2000 	C:\Users\asus\AppData\Local\Temp\jogamp_0000\file_cache\jln9027468949796551338\jln2132806585930468595\natives\windows-amd64\jogl_mobile.dll
0x00007ffe3ca80000 - 0x00007ffe3d96e000 	C:\WINDOWS\System32\DriverStore\FileRepository\igdlh64.inf_amd64_31ba00ea6900d67d\ig9icd64.dll
0x00007ffe7d7e0000 - 0x00007ffe7f6e1000 	C:\WINDOWS\System32\DriverStore\FileRepository\igdlh64.inf_amd64_31ba00ea6900d67d\igc64.dll
0x00007ffe7ad60000 - 0x00007ffe7ad6d000 	C:\Program Files\Java\jdk1.8.0_201\jre\bin\management.dll
0x00007ffe7a3f0000 - 0x00007ffe7a3fc000 	C:\Program Files\Java\jdk1.8.0_201\jre\bin\jsound.dll
0x00007ffe79df0000 - 0x00007ffe79dfb000 	C:\Program Files\Java\jdk1.8.0_201\jre\bin\jsoundds.dll
0x00007ffe50b80000 - 0x00007ffe50c0f000 	C:\WINDOWS\SYSTEM32\DSOUND.dll
0x00007ffe81170000 - 0x00007ffe811e6000 	C:\WINDOWS\SYSTEM32\MMDevAPI.DLL
0x00007ffe88c20000 - 0x00007ffe88c47000 	C:\WINDOWS\SYSTEM32\DEVOBJ.dll
0x00007ffe86a00000 - 0x00007ffe86bb4000 	C:\WINDOWS\SYSTEM32\PROPSYS.dll
0x00007ffe4f800000 - 0x00007ffe4f844000 	C:\WINDOWS\SYSTEM32\wdmaud.drv
0x00007ffe82da0000 - 0x00007ffe82da9000 	C:\WINDOWS\SYSTEM32\ksuser.dll
0x00007ffe83b00000 - 0x00007ffe83b0a000 	C:\WINDOWS\SYSTEM32\AVRT.dll
0x00007ffe73130000 - 0x00007ffe7325c000 	C:\WINDOWS\SYSTEM32\AUDIOSES.DLL
0x00007ffe79a20000 - 0x00007ffe79a2d000 	C:\WINDOWS\SYSTEM32\msacm32.drv
0x00007ffe70be0000 - 0x00007ffe70bfc000 	C:\WINDOWS\SYSTEM32\MSACM32.dll
0x00007ffe78ff0000 - 0x00007ffe78ffa000 	C:\WINDOWS\SYSTEM32\midimap.dll
0x00007ffe87810000 - 0x00007ffe879d9000 	C:\WINDOWS\SYSTEM32\dbghelp.dll

VM Arguments:
jvm_args: -ea -javaagent:C:\Program Files\JetBrains\IntelliJ IDEA Community Edition 2018.3.3\lib\idea_rt.jar=63367:C:\Program Files\JetBrains\IntelliJ IDEA Community Edition 2018.3.3\bin -Dfile.encoding=UTF-8 
java_command: net.runelite.client.RuneLite --debug --developer-mode
java_class_path (initial): C:\Program Files\Java\jdk1.8.0_201\jre\lib\charsets.jar;C:\Program Files\Java\jdk1.8.0_201\jre\lib\deploy.jar;C:\Program Files\Java\jdk1.8.0_201\jre\lib\ext\access-bridge-64.jar;C:\Program Files\Java\jdk1.8.0_201\jre\lib\ext\cldrdata.jar;C:\Program Files\Java\jdk1.8.0_201\jre\lib\ext\dnsns.jar;C:\Program Files\Java\jdk1.8.0_201\jre\lib\ext\jaccess.jar;C:\Program Files\Java\jdk1.8.0_201\jre\lib\ext\jfxrt.jar;C:\Program Files\Java\jdk1.8.0_201\jre\lib\ext\localedata.jar;C:\Program Files\Java\jdk1.8.0_201\jre\lib\ext\nashorn.jar;C:\Program Files\Java\jdk1.8.0_201\jre\lib\ext\sunec.jar;C:\Program Files\Java\jdk1.8.0_201\jre\lib\ext\sunjce_provider.jar;C:\Program Files\Java\jdk1.8.0_201\jre\lib\ext\sunmscapi.jar;C:\Program Files\Java\jdk1.8.0_201\jre\lib\ext\sunpkcs11.jar;C:\Program Files\Java\jdk1.8.0_201\jre\lib\ext\zipfs.jar;C:\Program Files\Java\jdk1.8.0_201\jre\lib\javaws.jar;C:\Program Files\Java\jdk1.8.0_201\jre\lib\jce.jar;C:\Program Files\Java\jdk1.8.0_201\jre\lib\jfr.jar;C:\Program Files\Java\jdk1.8.0_201\jre\lib\jfxswt.jar;C:\Program Files\Java\jdk1.8.0_201\jre\lib\jsse.jar;C:\Program Files\Java\jdk1.8.0_201\jre\lib\management-agent.jar;C:\Program Files\Java\jdk1.8.0_201\jre\lib\plugin.jar;C:\Program Files\Java\jdk1.8.0_201\jre\lib\resources.jar;C:\Program Files\Java\jdk1.8.0_201\jre\lib\rt.jar;C:\Users\asus\runelite\runelite-client\target\classes;C:\Users\asus\.m2\repository\org\slf4j\slf4j-api\1.7.25\slf4j-api-1.7.25.jar;C:\Users\asus\.m2\repository\ch\qos\logback\logback-classic\1.2.3\logback-classic-1.2.3.jar;C:\Users\asus\.m2\repository\ch\qos\logback\logback-core\1.2.3\logback-core-1.2.3.jar;C:\Users\asus\.m2\repository\net\sf\jopt-simple\jopt-simple\5.0.1\jopt-simple-5.0.1.jar;C:\Users\asus\.m2\repository\com\google\guava\guava\23.2-jre\guava-23.2-jre.jar;C:\Users\asus\.m2\repository\com\google\code\findbugs\jsr305\1.3.9\jsr305-1.3.9.jar;C:\Users\asus\.m2\repository\com\google\errorprone\error_prone_annotations\2.0.18\error_
Launcher Type: SUN_STANDARD

Environment Variables:
PATH=C:\Program Files (x86)\Common Files\Oracle\Java\javapath;C:\Program Files (x86)\Intel\iCLS Client\;C:\Program Files\Intel\iCLS Client\;C:\Windows\system32;C:\Windows;C:\Windows\System32\Wbem;C:\Windows\System32\WindowsPowerShell\v1.0\;C:\Program Files (x86)\NVIDIA Corporation\PhysX\Common;C:\Program Files (x86)\Intel\Intel(R) Management Engine Components\DAL;C:\Program Files\Intel\Intel(R) Management Engine Components\DAL;C:\Program Files (x86)\Intel\Intel(R) Management Engine Components\IPT;C:\Program Files\Intel\Intel(R) Management Engine Components\IPT;C:\WINDOWS\system32;C:\WINDOWS;C:\WINDOWS\System32\Wbem;C:\WINDOWS\System32\WindowsPowerShell\v1.0\;C:\WINDOWS\System32\OpenSSH\;C:\Documents\PuTTY\;C:\Program Files\Intel\WiFi\bin\;C:\Program Files\Common Files\Intel\WirelessCommon\;C:\cygwin\bin;C:\Program Files\Git\cmd;C:\Users\asus\AppData\Local\Microsoft\WindowsApps;C:\Users\asus\AppData\Local\GitHubDesktop\bin
USERNAME=asus
OS=Windows_NT
PROCESSOR_IDENTIFIER=Intel64 Family 6 Model 158 Stepping 9, GenuineIntel



---------------  S Y S T E M  ---------------

OS: Windows 10.0 , 64 bit Build 17134 (10.0.17134.556)

CPU:total 8 (initial active 8) (4 cores per cpu, 2 threads per core) family 6 model 158 stepping 9, cmov, cx8, fxsr, mmx, sse, sse2, sse3, ssse3, sse4.1, sse4.2, popcnt, avx, avx2, aes, clmul, erms, 3dnowpref, lzcnt, ht, tsc, tscinvbit, bmi1, bmi2, adx

Memory: 4k page, physical 16659216k(7096568k free), swap 19149584k(2608952k free)

vm_info: Java HotSpot(TM) 64-Bit Server VM (25.201-b09) for windows-amd64 JRE (1.8.0_201-b09), built on Dec 15 2018 18:36:39 by "java_re" with MS VC++ 10.0 (VS2010)

time: Thu Feb 28 01:29:25 2019
timezone: Eastern Standard Time
elapsed time: 278 seconds (0d 0h 4m 38s)

