#
# A fatal error has been detected by the Java Runtime Environment:
#
#  EXCEPTION_ACCESS_VIOLATION (0xc0000005) at pc=0x00007ffe3d660e0e, pid=15212, tid=0x0000000000002dc4
#
# JRE version: Java(TM) SE Runtime Environment (8.0_201-b09) (build 1.8.0_201-b09)
# Java VM: Java HotSpot(TM) 64-Bit Server VM (25.201-b09 mixed mode windows-amd64 compressed oops)
# Problematic frame:
# C  [ig9icd64.dll+0x190e0e]
#
# Failed to write core dump. Minidumps are not enabled by default on client versions of Windows
#
# If you would like to submit a bug report, please visit:
#   http://bugreport.java.com/bugreport/crash.jsp
# The crash happened outside the Java Virtual Machine in native code.
# See problematic frame for where to report the bug.
#

---------------  T H R E A D  ---------------

Current thread (0x000000001fb49000):  JavaThread "Thread-5" daemon [_thread_in_native, id=11716, stack(0x0000000027e00000,0x0000000027f00000)]

siginfo: ExceptionCode=0xc0000005, reading address 0x0000000000000008

Registers:
RAX=0x0000000000000000, RBX=0x00007ffe3d9b9290, RCX=0x0000000033eb7c60, RDX=0x0000000034330ac0
RSP=0x0000000027efe540, RBP=0x0000000027efe7b0, RSI=0x0000000027efe770, RDI=0x0000000000000000
R8 =0x0000000009770000, R9 =0x0000000000000000, R10=0x0000000027efe8f0, R11=0x0000000027efe6d8
R12=0x0000000000000007, R13=0x0000000000000000, R14=0x0000000027efea40, R15=0x0000000027efe7f0
RIP=0x00007ffe3d660e0e, EFLAGS=0x0000000000010246

Top of Stack: (sp=0x0000000027efe540)
0x0000000027efe540:   0000000033eeae60 0000000034330ac0
0x0000000027efe550:   00000000248d5c00 0000000027efe668
0x0000000027efe560:   0000000000000000 0000000027efe7b0
0x0000000027efe570:   0000000027efe5a0 0000000027efe5e0
0x0000000027efe580:   0000000027efe628 0000000027efe5b0
0x0000000027efe590:   0000000027efe648 0000000027efe5c0
0x0000000027efe5a0:   0000000027efe700 0000000027efe6a0
0x0000000027efe5b0:   0000000000000c08 000000002b46d7f0
0x0000000027efe5c0:   00000000248597e0 00000000248597e0
0x0000000027efe5d0:   000000002b46d510 00007ffe3dde165c
0x0000000027efe5e0:   0000000024858fa0 0000000039051bc0
0x0000000027efe5f0:   00000000248597e0 00000000248989d0
0x0000000027efe600:   0000000027efe7f0 0000000027efe8f0
0x0000000027efe610:   0000000039050e10 0000000039050e10
0x0000000027efe620:   0000000000000000 0000000039051bc0
0x0000000027efe630:   0000000027efe689 00007ffe3d5166d6 

Instructions: (pc=0x00007ffe3d660e0e)
0x00007ffe3d660dee:   48 85 c9 74 06 48 8b 41 20 eb 15 48 8b 80 98 00
0x00007ffe3d660dfe:   00 00 48 85 c0 74 06 48 8b 40 20 eb 03 48 8b c7
0x00007ffe3d660e0e:   48 8b 48 08 48 85 c9 74 54 81 79 14 5d 01 00 00
0x00007ffe3d660e1e:   75 4b 81 26 ff ff 97 f6 81 0e 00 00 94 06 8b 81 


Register to memory mapping:

RAX=0x0000000000000000 is an unknown value
RBX=0x00007ffe3d9b9290 is an unknown value
RCX=0x0000000033eb7c60 is an unknown value
RDX=0x0000000034330ac0 is an unknown value
RSP=0x0000000027efe540 is pointing into the stack for thread: 0x000000001fb49000
RBP=0x0000000027efe7b0 is pointing into the stack for thread: 0x000000001fb49000
RSI=0x0000000027efe770 is pointing into the stack for thread: 0x000000001fb49000
RDI=0x0000000000000000 is an unknown value
R8 =0x0000000009770000 is an unknown value
R9 =0x0000000000000000 is an unknown value
R10=0x0000000027efe8f0 is pointing into the stack for thread: 0x000000001fb49000
R11=0x0000000027efe6d8 is pointing into the stack for thread: 0x000000001fb49000
R12=0x0000000000000007 is an unknown value
R13=0x0000000000000000 is an unknown value
R14=0x0000000027efea40 is pointing into the stack for thread: 0x000000001fb49000
R15=0x0000000027efe7f0 is pointing into the stack for thread: 0x000000001fb49000


Stack: [0x0000000027e00000,0x0000000027f00000],  sp=0x0000000027efe540,  free space=1017k
Native frames: (J=compiled Java code, j=interpreted, Vv=VM code, C=native code)
C  [ig9icd64.dll+0x190e0e]
C  [ig9icd64.dll+0x4a0cbd]
C  [ig9icd64.dll+0x4a4d27]
C  [ig9icd64.dll+0x398298]
C  [ig9icd64.dll+0x353cc5]
C  [ig9icd64.dll+0x152415]
C  [ig9icd64.dll+0x143304]
C  [ig9icd64.dll+0x13ff36]
C  0x00000000041303d7

Java frames: (J=compiled Java code, j=interpreted, Vv=VM code)
J 6795  jogamp.opengl.gl4.GL4bcImpl.dispatch_glTexSubImage2D1(IIIIIIIILjava/lang/Object;IZJ)V (0 bytes) @ 0x0000000004130359 [0x00000000041302c0+0x99]
J 10221 C2 net.runelite.client.plugins.gpu.GpuPlugin.drawUi(II)V (561 bytes) @ 0x0000000004c2233c [0x0000000004c21e80+0x4bc]
J 9417 C2 net.runelite.client.plugins.gpu.GpuPlugin.draw()V (2777 bytes) @ 0x0000000004d903f0 [0x0000000004d8ec20+0x17d0]
J 6754 C1 ah.onPost(Ljava/lang/Object;)V (20 bytes) @ 0x00000000040f0c7c [0x00000000040f0b40+0x13c]
j  ah.p(Ljava/lang/Object;I)V+2
j  ah.run()V+380
j  java.lang.Thread.run()V+11
v  ~StubRoutines::call_stub

---------------  P R O C E S S  ---------------

Java Threads: ( => current thread )
  0x0000000023637000 JavaThread "Okio Watchdog" daemon [_thread_blocked, id=6240, stack(0x0000000055cc0000,0x0000000055dc0000)]
  0x0000000023639000 JavaThread "Thread-24" daemon [_thread_blocked, id=6232, stack(0x000000003d840000,0x000000003d940000)]
  0x0000000023636000 JavaThread "Thread-23" daemon [_thread_in_native, id=3372, stack(0x000000003d740000,0x000000003d840000)]
  0x000000002363b800 JavaThread "Thread-18" daemon [_thread_blocked, id=19500, stack(0x000000003b640000,0x000000003b740000)]
  0x000000002363a800 JavaThread "pool-5-thread-1" [_thread_blocked, id=5692, stack(0x000000003b540000,0x000000003b640000)]
  0x000000002363f000 JavaThread "Java Sound Event Dispatcher" daemon [_thread_blocked, id=14028, stack(0x000000003b240000,0x000000003b340000)]
  0x000000002363d800 JavaThread "DestroyJavaVM" [_thread_blocked, id=17940, stack(0x0000000002910000,0x0000000002a10000)]
  0x0000000023631000 JavaThread "TimerQueue" daemon [_thread_blocked, id=19268, stack(0x000000002a7f0000,0x000000002a8f0000)]
  0x0000000023635800 JavaThread "pool-4-thread-1" [_thread_blocked, id=16444, stack(0x000000002a4f0000,0x000000002a5f0000)]
  0x0000000023637800 JavaThread "Thread-12" daemon [_thread_blocked, id=2168, stack(0x000000002a3f0000,0x000000002a4f0000)]
  0x0000000023630000 JavaThread "Trident pulse source thread" daemon [_thread_blocked, id=12200, stack(0x00000000298f0000,0x00000000299f0000)]
  0x0000000023633000 JavaThread "Trident callback thread" daemon [_thread_blocked, id=6792, stack(0x00000000297f0000,0x00000000298f0000)]
  0x0000000023632800 JavaThread "Substance heap status" daemon [_thread_blocked, id=21072, stack(0x0000000028420000,0x0000000028520000)]
  0x0000000023634800 JavaThread "Thread-6" daemon [_thread_blocked, id=10384, stack(0x0000000027f00000,0x0000000028000000)]
=>0x000000001fb49000 JavaThread "Thread-5" daemon [_thread_in_native, id=11716, stack(0x0000000027e00000,0x0000000027f00000)]
  0x000000001fb47800 JavaThread "Thread-4" daemon [_thread_blocked, id=7184, stack(0x0000000027d00000,0x0000000027e00000)]
  0x000000001fb46000 JavaThread "AWT-EventQueue-0" [_thread_blocked, id=15860, stack(0x0000000027200000,0x0000000027300000)]
  0x000000001fb4a800 JavaThread "AWT-Shutdown" [_thread_blocked, id=17372, stack(0x0000000027100000,0x0000000027200000)]
  0x000000001fb45000 JavaThread "Java2D Disposer" daemon [_thread_blocked, id=96, stack(0x0000000024710000,0x0000000024810000)]
  0x000000001fb4b800 JavaThread "OkHttp ConnectionPool" daemon [_thread_blocked, id=11196, stack(0x0000000021b10000,0x0000000021c10000)]
  0x000000001fb0e000 JavaThread "pool-2-thread-1" [_thread_blocked, id=17620, stack(0x0000000020740000,0x0000000020840000)]
  0x000000001e7b8800 JavaThread "Service Thread" daemon [_thread_blocked, id=10348, stack(0x000000001f2c0000,0x000000001f3c0000)]
  0x000000001e72d000 JavaThread "C1 CompilerThread3" daemon [_thread_blocked, id=17920, stack(0x000000001f1c0000,0x000000001f2c0000)]
  0x000000001e720000 JavaThread "C2 CompilerThread2" daemon [_thread_blocked, id=16184, stack(0x000000001f0c0000,0x000000001f1c0000)]
  0x000000001e71f800 JavaThread "C2 CompilerThread1" daemon [_thread_in_native, id=19632, stack(0x000000001efc0000,0x000000001f0c0000)]
  0x000000001e71a800 JavaThread "C2 CompilerThread0" daemon [_thread_blocked, id=6300, stack(0x000000001eec0000,0x000000001efc0000)]
  0x000000001e717800 JavaThread "Monitor Ctrl-Break" daemon [_thread_in_native, id=20724, stack(0x000000001edc0000,0x000000001eec0000)]
  0x000000001e509000 JavaThread "Attach Listener" daemon [_thread_blocked, id=4288, stack(0x000000001ecc0000,0x000000001edc0000)]
  0x000000001e508000 JavaThread "Signal Dispatcher" daemon [_thread_blocked, id=20396, stack(0x000000001ebc0000,0x000000001ecc0000)]
  0x000000001e4f1000 JavaThread "Finalizer" daemon [_thread_blocked, id=11244, stack(0x000000001e9d0000,0x000000001ead0000)]
  0x000000001c70d800 JavaThread "Reference Handler" daemon [_thread_blocked, id=14432, stack(0x000000001e8d0000,0x000000001e9d0000)]

Other Threads:
  0x000000001c708800 VMThread [stack: 0x000000001e3d0000,0x000000001e4d0000] [id=11452]
  0x000000001e8a1000 WatcherThread [stack: 0x000000001f3c0000,0x000000001f4c0000] [id=1284]

VM state:not at safepoint (normal execution)

VM Mutex/Monitor currently owned by a thread: None

heap address: 0x00000006c1c00000, size: 4068 MB, Compressed Oops mode: Zero based, Oop shift amount: 3
Narrow klass base: 0x0000000000000000, Narrow klass shift: 3
Compressed class space size: 1073741824 Address: 0x00000007c0000000

Heap:
 PSYoungGen      total 1119744K, used 576351K [0x000000076b400000, 0x00000007b5e00000, 0x00000007c0000000)
  eden space 1082880K, 53% used [0x000000076b400000,0x000000078e6d7de0,0x00000007ad580000)
  from space 36864K, 0% used [0x00000007af900000,0x00000007af900000,0x00000007b1d00000)
  to   space 36352K, 0% used [0x00000007ad580000,0x00000007ad580000,0x00000007af900000)
 ParOldGen       total 239104K, used 89038K [0x00000006c1c00000, 0x00000006d0580000, 0x000000076b400000)
  object space 239104K, 37% used [0x00000006c1c00000,0x00000006c72f3b00,0x00000006d0580000)
 Metaspace       used 58919K, capacity 62640K, committed 62888K, reserved 1105920K
  class space    used 6669K, capacity 7262K, committed 7336K, reserved 1048576K

Card table byte_map: [0x00000000120b0000,0x00000000128b0000] byte_map_base: 0x000000000eaa2000

Marking Bits: (ParMarkBitMap*) 0x0000000067774ce0
 Begin Bits: [0x0000000013600000, 0x0000000017590000)
 End Bits:   [0x0000000017590000, 0x000000001b520000)

Polling page: 0x0000000000df0000

CodeCache: size=245760Kb used=33737Kb max_used=33781Kb free=212022Kb
 bounds [0x0000000002cf0000, 0x0000000004e20000, 0x0000000011cf0000]
 total_blobs=9435 nmethods=8310 adapters=1035
 compilation: enabled

Compilation events (10 events):
Event: 186.665 Thread 0x000000001e71a800 10621       4       sun.dc.pr.Rasterizer::setPenT4 (27 bytes)
Event: 186.665 Thread 0x000000001e72d000 10620       2       sun.dc.pr.Rasterizer::setPenDiameter (27 bytes)
Event: 186.665 Thread 0x000000001e720000 10623       4       sun.dc.pr.Rasterizer::setCaps (27 bytes)
Event: 186.665 Thread 0x000000001e72d000 nmethod 10620 0x0000000002e64810 code [0x0000000002e64980, 0x0000000002e64b78]
Event: 186.666 Thread 0x000000001e71a800 nmethod 10621 0x000000000419c4d0 code [0x000000000419c620, 0x000000000419c6e8]
Event: 186.666 Thread 0x000000001e720000 nmethod 10623 0x000000000309a190 code [0x000000000309a2e0, 0x000000000309a3a8]
Event: 186.667 Thread 0x000000001e72d000 10622       2       sun.dc.pr.Rasterizer::setPenFitting (28 bytes)
Event: 186.668 Thread 0x000000001e72d000 nmethod 10622 0x000000000315aad0 code [0x000000000315ac40, 0x000000000315ae38]
Event: 186.670 Thread 0x000000001e72d000 10624       2       sun.dc.pr.Rasterizer::setCorners (28 bytes)
Event: 186.671 Thread 0x000000001e72d000 nmethod 10624 0x000000000315a650 code [0x000000000315a7c0, 0x000000000315a9b8]

GC Heap History (10 events):
Event: 6.366 GC heap before
{Heap before GC invocations=11 (full 1):
 PSYoungGen      total 537600K, used 167033K [0x000000076b400000, 0x00000007a0280000, 0x00000007c0000000)
  eden space 524288K, 31% used [0x000000076b400000,0x000000077571e790,0x000000078b400000)
  from space 13312K, 0% used [0x000000078b400000,0x000000078b400000,0x000000078c100000)
  to   space 13824K, 0% used [0x000000079f500000,0x000000079f500000,0x00000007a0280000)
 ParOldGen       total 88576K, used 10419K [0x00000006c1c00000, 0x00000006c7280000, 0x000000076b400000)
  object space 88576K, 11% used [0x00000006c1c00000,0x00000006c262cc00,0x00000006c7280000)
 Metaspace       used 34689K, capacity 35172K, committed 35496K, reserved 1081344K
  class space    used 4072K, capacity 4229K, committed 4264K, reserved 1048576K
Event: 6.383 GC heap after
Heap after GC invocations=11 (full 1):
 PSYoungGen      total 799744K, used 13190K [0x000000076b400000, 0x00000007a0200000, 0x00000007c0000000)
  eden space 786432K, 0% used [0x000000076b400000,0x000000076b400000,0x000000079b400000)
  from space 13312K, 99% used [0x000000079f500000,0x00000007a01e1ac8,0x00000007a0200000)
  to   space 14848K, 0% used [0x000000079e500000,0x000000079e500000,0x000000079f380000)
 ParOldGen       total 88576K, used 10427K [0x00000006c1c00000, 0x00000006c7280000, 0x000000076b400000)
  object space 88576K, 11% used [0x00000006c1c00000,0x00000006c262ec00,0x00000006c7280000)
 Metaspace       used 34689K, capacity 35172K, committed 35496K, reserved 1081344K
  class space    used 4072K, capacity 4229K, committed 4264K, reserved 1048576K
}
Event: 6.383 GC heap before
{Heap before GC invocations=12 (full 2):
 PSYoungGen      total 799744K, used 13190K [0x000000076b400000, 0x00000007a0200000, 0x00000007c0000000)
  eden space 786432K, 0% used [0x000000076b400000,0x000000076b400000,0x000000079b400000)
  from space 13312K, 99% used [0x000000079f500000,0x00000007a01e1ac8,0x00000007a0200000)
  to   space 14848K, 0% used [0x000000079e500000,0x000000079e500000,0x000000079f380000)
 ParOldGen       total 88576K, used 10427K [0x00000006c1c00000, 0x00000006c7280000, 0x000000076b400000)
  object space 88576K, 11% used [0x00000006c1c00000,0x00000006c262ec00,0x00000006c7280000)
 Metaspace       used 34689K, capacity 35172K, committed 35496K, reserved 1081344K
  class space    used 4072K, capacity 4229K, committed 4264K, reserved 1048576K
Event: 6.445 GC heap after
Heap after GC invocations=12 (full 2):
 PSYoungGen      total 799744K, used 0K [0x000000076b400000, 0x00000007a0200000, 0x00000007c0000000)
  eden space 786432K, 0% used [0x000000076b400000,0x000000076b400000,0x000000079b400000)
  from space 13312K, 0% used [0x000000079f500000,0x000000079f500000,0x00000007a0200000)
  to   space 14848K, 0% used [0x000000079e500000,0x000000079e500000,0x000000079f380000)
 ParOldGen       total 124416K, used 22448K [0x00000006c1c00000, 0x00000006c9580000, 0x000000076b400000)
  object space 124416K, 18% used [0x00000006c1c00000,0x00000006c31ec170,0x00000006c9580000)
 Metaspace       used 34689K, capacity 35172K, committed 35496K, reserved 1081344K
  class space    used 4072K, capacity 4229K, committed 4264K, reserved 1048576K
}
Event: 73.616 GC heap before
{Heap before GC invocations=13 (full 2):
 PSYoungGen      total 799744K, used 500343K [0x000000076b400000, 0x00000007a0200000, 0x00000007c0000000)
  eden space 786432K, 63% used [0x000000076b400000,0x0000000789c9deb0,0x000000079b400000)
  from space 13312K, 0% used [0x000000079f500000,0x000000079f500000,0x00000007a0200000)
  to   space 14848K, 0% used [0x000000079e500000,0x000000079e500000,0x000000079f380000)
 ParOldGen       total 124416K, used 22448K [0x00000006c1c00000, 0x00000006c9580000, 0x000000076b400000)
  object space 124416K, 18% used [0x00000006c1c00000,0x00000006c31ec170,0x00000006c9580000)
 Metaspace       used 55553K, capacity 59148K, committed 59416K, reserved 1101824K
  class space    used 6465K, capacity 7012K, committed 7080K, reserved 1048576K
Event: 73.653 GC heap after
Heap after GC invocations=13 (full 2):
 PSYoungGen      total 851456K, used 14840K [0x000000076b400000, 0x00000007b1d00000, 0x00000007c0000000)
  eden space 836608K, 0% used [0x000000076b400000,0x000000076b400000,0x000000079e500000)
  from space 14848K, 99% used [0x000000079e500000,0x000000079f37e0a8,0x000000079f380000)
  to   space 36864K, 0% used [0x00000007af900000,0x00000007af900000,0x00000007b1d00000)
 ParOldGen       total 124416K, used 78008K [0x00000006c1c00000, 0x00000006c9580000, 0x000000076b400000)
  object space 124416K, 62% used [0x00000006c1c00000,0x00000006c682e350,0x00000006c9580000)
 Metaspace       used 55553K, capacity 59148K, committed 59416K, reserved 1101824K
  class space    used 6465K, capacity 7012K, committed 7080K, reserved 1048576K
}
Event: 74.290 GC heap before
{Heap before GC invocations=14 (full 2):
 PSYoungGen      total 851456K, used 74910K [0x000000076b400000, 0x00000007b1d00000, 0x00000007c0000000)
  eden space 836608K, 7% used [0x000000076b400000,0x000000076eea9a60,0x000000079e500000)
  from space 14848K, 99% used [0x000000079e500000,0x000000079f37e0a8,0x000000079f380000)
  to   space 36864K, 0% used [0x00000007af900000,0x00000007af900000,0x00000007b1d00000)
 ParOldGen       total 124416K, used 78008K [0x00000006c1c00000, 0x00000006c9580000, 0x000000076b400000)
  object space 124416K, 62% used [0x00000006c1c00000,0x00000006c682e350,0x00000006c9580000)
 Metaspace       used 55882K, capacity 59400K, committed 59492K, reserved 1101824K
  class space    used 6499K, capacity 7050K, committed 7080K, reserved 1048576K
Event: 74.309 GC heap after
Heap after GC invocations=14 (full 2):
 PSYoungGen      total 1119744K, used 6207K [0x000000076b400000, 0x00000007b5e00000, 0x00000007c0000000)
  eden space 1082880K, 0% used [0x000000076b400000,0x000000076b400000,0x00000007ad580000)
  from space 36864K, 16% used [0x00000007af900000,0x00000007aff0fe30,0x00000007b1d00000)
  to   space 36352K, 0% used [0x00000007ad580000,0x00000007ad580000,0x00000007af900000)
 ParOldGen       total 124416K, used 115818K [0x00000006c1c00000, 0x00000006c9580000, 0x000000076b400000)
  object space 124416K, 93% used [0x00000006c1c00000,0x00000006c8d1a988,0x00000006c9580000)
 Metaspace       used 55882K, capacity 59400K, committed 59492K, reserved 1101824K
  class space    used 6499K, capacity 7050K, committed 7080K, reserved 1048576K
}
Event: 74.309 GC heap before
{Heap before GC invocations=15 (full 3):
 PSYoungGen      total 1119744K, used 6207K [0x000000076b400000, 0x00000007b5e00000, 0x00000007c0000000)
  eden space 1082880K, 0% used [0x000000076b400000,0x000000076b400000,0x00000007ad580000)
  from space 36864K, 16% used [0x00000007af900000,0x00000007aff0fe30,0x00000007b1d00000)
  to   space 36352K, 0% used [0x00000007ad580000,0x00000007ad580000,0x00000007af900000)
 ParOldGen       total 124416K, used 115818K [0x00000006c1c00000, 0x00000006c9580000, 0x000000076b400000)
  object space 124416K, 93% used [0x00000006c1c00000,0x00000006c8d1a988,0x00000006c9580000)
 Metaspace       used 55882K, capacity 59400K, committed 59492K, reserved 1101824K
  class space    used 6499K, capacity 7050K, committed 7080K, reserved 1048576K
Event: 74.557 GC heap after
Heap after GC invocations=15 (full 3):
 PSYoungGen      total 1119744K, used 0K [0x000000076b400000, 0x00000007b5e00000, 0x00000007c0000000)
  eden space 1082880K, 0% used [0x000000076b400000,0x000000076b400000,0x00000007ad580000)
  from space 36864K, 0% used [0x00000007af900000,0x00000007af900000,0x00000007b1d00000)
  to   space 36352K, 0% used [0x00000007ad580000,0x00000007ad580000,0x00000007af900000)
 ParOldGen       total 239104K, used 89038K [0x00000006c1c00000, 0x00000006d0580000, 0x000000076b400000)
  object space 239104K, 37% used [0x00000006c1c00000,0x00000006c72f3b00,0x00000006d0580000)
 Metaspace       used 55882K, capacity 59400K, committed 59492K, reserved 1101824K
  class space    used 6499K, capacity 7050K, committed 7080K, reserved 1048576K
}

Deoptimization events (10 events):
Event: 186.485 Thread 0x000000001fb46000 Uncommon trap: reason=unstable_if action=reinterpret pc=0x00000000033c28cc method=java.awt.Container.isParentOf(Ljava/awt/Component;)Z @ 13
Event: 186.485 Thread 0x000000001fb46000 Uncommon trap: reason=unstable_if action=reinterpret pc=0x00000000033c28cc method=java.awt.Container.isParentOf(Ljava/awt/Component;)Z @ 13
Event: 186.486 Thread 0x000000001fb46000 Uncommon trap: reason=unstable_if action=reinterpret pc=0x00000000033c28cc method=java.awt.Container.isParentOf(Ljava/awt/Component;)Z @ 13
Event: 186.486 Thread 0x000000001fb46000 Uncommon trap: reason=unstable_if action=reinterpret pc=0x0000000003ad0cc0 method=java.awt.EventQueue.removeSourceEvents(Ljava/lang/Object;Z)V @ 51
Event: 186.607 Thread 0x0000000023638800 Uncommon trap: reason=class_check action=maybe_recompile pc=0x0000000003af668c method=jogamp.opengl.GLDrawableImpl.lockSurface()I @ 4
Event: 186.607 Thread 0x0000000023638800 Uncommon trap: reason=unstable_if action=reinterpret pc=0x00000000038b3760 method=jogamp.common.util.locks.RecursiveLockImpl01Unfairish$SingleThreadSync.isOwner(Ljava/lang/Thread;)Z @ 5
Event: 186.607 Thread 0x0000000023638800 Uncommon trap: reason=unstable_if action=reinterpret pc=0x00000000030debe0 method=jogamp.common.util.locks.RecursiveLockImpl01Unfairish$SingleThreadSync.isOwner(Ljava/lang/Thread;)Z @ 5
Event: 186.607 Thread 0x0000000023638800 Uncommon trap: reason=class_check action=maybe_recompile pc=0x0000000003af668c method=jogamp.opengl.GLDrawableImpl.lockSurface()I @ 4
Event: 186.612 Thread 0x0000000023638800 Uncommon trap: reason=unstable_if action=reinterpret pc=0x00000000049adb78 method=jogamp.common.util.locks.RecursiveLockImpl01Unfairish.unlock(Ljava/lang/Runnable;)V @ 34
Event: 186.665 Thread 0x000000001fb49000 Uncommon trap: reason=unstable_if action=reinterpret pc=0x0000000004c9e138 method=sun.java2d.d3d.D3DScreenUpdateManager.createGraphics(Lsun/java2d/SurfaceData;Lsun/awt/windows/WComponentPeer;Ljava/awt/Color;Ljava/awt/Color;Ljava/awt/Font;)Ljava/awt/Graphi

Classes redefined (0 events):
No events

Internal exceptions (10 events):
Event: 83.799 Thread 0x000000001fb49000 Implicit null exception at 0x0000000003800d58 to 0x0000000003800dfd
Event: 84.160 Thread 0x000000001fb49000 Implicit null exception at 0x000000000452f619 to 0x000000000452fa39
Event: 91.035 Thread 0x000000001fb49000 Implicit null exception at 0x0000000003800d58 to 0x0000000003800dfd
Event: 105.498 Thread 0x000000001fb46000 Implicit null exception at 0x0000000003acfaec to 0x0000000003acfd09
Event: 114.204 Thread 0x000000001fb49000 Implicit null exception at 0x0000000003e41be4 to 0x0000000003e41cf5
Event: 114.205 Thread 0x000000001fb49000 Implicit null exception at 0x0000000004b5f523 to 0x0000000004b5f9bf
Event: 183.776 Thread 0x000000001fb46000 Implicit null exception at 0x0000000004b3a2d8 to 0x0000000004b3ab45
Event: 186.485 Thread 0x000000001fb46000 Implicit null exception at 0x00000000033bf12c to 0x00000000033bf349
Event: 186.489 Thread 0x000000001fb46000 Exception <a 'java/lang/NoSuchMethodError': java.lang.Object.inspectorAlwaysOnTop()Z> (0x000000078cf2e340) thrown at [C:\re\workspace\8-2-build-windows-amd64-cygwin\jdk8u201\12322\hotspot\src\share\vm\interpreter\linkResolver.cpp, line 620]
Event: 186.495 Thread 0x000000001fb46000 Exception <a 'java/net/SocketTimeoutException': Read timed out> (0x000000078cf318d8) thrown at [C:\re\workspace\8-2-build-windows-amd64-cygwin\jdk8u201\12322\hotspot\src\share\vm\prims\jni.cpp, line 735]

Events (10 events):
Event: 186.637 Thread 0x000000001e720000 flushing nmethod 0x0000000003099fd0
Event: 186.637 Thread 0x000000001e720000 flushing nmethod 0x0000000003159a90
Event: 186.664 Executing VM operation: RevokeBias
Event: 186.664 Executing VM operation: RevokeBias done
Event: 186.664 Thread 0x000000001fb46800 Thread exited: 0x000000001fb46800
Event: 186.665 Thread 0x000000001fb49000 Uncommon trap: trap_request=0xffffff65 fr.pc=0x0000000004c9e138
Event: 186.665 Thread 0x000000001fb49000 DEOPT PACKING pc=0x0000000004c9e138 sp=0x0000000027eff350
Event: 186.665 Thread 0x000000001fb49000 DEOPT UNPACKING pc=0x0000000002d3583b sp=0x0000000027eff170 mode 2
Event: 186.672 Thread 0x000000001e72d000 flushing nmethod 0x00000000034dd150
Event: 186.674 Thread 0x000000001e72d000 flushing nmethod 0x00000000035e9610


Dynamic libraries:
0x00007ff688980000 - 0x00007ff6889b7000 	C:\Program Files\Java\jdk1.8.0_201\bin\java.exe
0x00007ffe8cb00000 - 0x00007ffe8cce1000 	C:\WINDOWS\SYSTEM32\ntdll.dll
0x00007ffe8c120000 - 0x00007ffe8c1d2000 	C:\WINDOWS\System32\KERNEL32.DLL
0x00007ffe88f20000 - 0x00007ffe89193000 	C:\WINDOWS\System32\KERNELBASE.dll
0x00007ffe8bfa0000 - 0x00007ffe8c041000 	C:\WINDOWS\System32\ADVAPI32.dll
0x00007ffe8a530000 - 0x00007ffe8a5ce000 	C:\WINDOWS\System32\msvcrt.dll
0x00007ffe8c350000 - 0x00007ffe8c3ab000 	C:\WINDOWS\System32\sechost.dll
0x00007ffe8a600000 - 0x00007ffe8a724000 	C:\WINDOWS\System32\RPCRT4.dll
0x00007ffe8c940000 - 0x00007ffe8cad0000 	C:\WINDOWS\System32\USER32.dll
0x00007ffe89af0000 - 0x00007ffe89b10000 	C:\WINDOWS\System32\win32u.dll
0x00007ffe8c890000 - 0x00007ffe8c8b8000 	C:\WINDOWS\System32\GDI32.dll
0x00007ffe89950000 - 0x00007ffe89ae2000 	C:\WINDOWS\System32\gdi32full.dll
0x00007ffe898b0000 - 0x00007ffe8994f000 	C:\WINDOWS\System32\msvcp_win.dll
0x00007ffe89d00000 - 0x00007ffe89dfa000 	C:\WINDOWS\System32\ucrtbase.dll
0x00007ffe796c0000 - 0x00007ffe79929000 	C:\WINDOWS\WinSxS\amd64_microsoft.windows.common-controls_6595b64144ccf1df_6.0.17134.590_none_fb3d9bff3069e088\COMCTL32.dll
0x00007ffe89f90000 - 0x00007ffe8a2b2000 	C:\WINDOWS\System32\combase.dll
0x00007ffe89e00000 - 0x00007ffe89e7a000 	C:\WINDOWS\System32\bcryptPrimitives.dll
0x00007ffe8a5d0000 - 0x00007ffe8a5fd000 	C:\WINDOWS\System32\IMM32.DLL
0x00007ffe87f00000 - 0x00007ffe87f31000 	C:\WINDOWS\SYSTEM32\ntmarta.dll
0x00007ffe88d40000 - 0x00007ffe88d70000 	C:\WINDOWS\SYSTEM32\SspiCli.dll
0x0000000067800000 - 0x00000000678d1000 	C:\Program Files\Java\jdk1.8.0_201\jre\bin\msvcr100.dll
0x0000000066f50000 - 0x00000000677f4000 	C:\Program Files\Java\jdk1.8.0_201\jre\bin\server\jvm.dll
0x00007ffe8c1e0000 - 0x00007ffe8c1e8000 	C:\WINDOWS\System32\PSAPI.DLL
0x00007ffe764f0000 - 0x00007ffe764f9000 	C:\WINDOWS\SYSTEM32\WSOCK32.dll
0x00007ffe8c0b0000 - 0x00007ffe8c11c000 	C:\WINDOWS\System32\WS2_32.dll
0x00007ffe84b60000 - 0x00007ffe84b83000 	C:\WINDOWS\SYSTEM32\WINMM.dll
0x00007ffe83540000 - 0x00007ffe8354a000 	C:\WINDOWS\SYSTEM32\VERSION.dll
0x00007ffe84b10000 - 0x00007ffe84b3a000 	C:\WINDOWS\SYSTEM32\WINMMBASE.dll
0x00007ffe88ed0000 - 0x00007ffe88f19000 	C:\WINDOWS\System32\cfgmgr32.dll
0x00007ffe7ad50000 - 0x00007ffe7ad5f000 	C:\Program Files\Java\jdk1.8.0_201\jre\bin\verify.dll
0x00007ffe78f30000 - 0x00007ffe78f59000 	C:\Program Files\Java\jdk1.8.0_201\jre\bin\java.dll
0x00007ffe79b20000 - 0x00007ffe79b43000 	C:\Program Files\Java\jdk1.8.0_201\jre\bin\instrument.dll
0x00007ffe76a40000 - 0x00007ffe76a56000 	C:\Program Files\Java\jdk1.8.0_201\jre\bin\zip.dll
0x00007ffe8ab60000 - 0x00007ffe8bfa0000 	C:\WINDOWS\System32\SHELL32.dll
0x00007ffe8a7d0000 - 0x00007ffe8a879000 	C:\WINDOWS\System32\shcore.dll
0x00007ffe891a0000 - 0x00007ffe898ad000 	C:\WINDOWS\System32\windows.storage.dll
0x00007ffe8c3b0000 - 0x00007ffe8c401000 	C:\WINDOWS\System32\shlwapi.dll
0x00007ffe88eb0000 - 0x00007ffe88ec1000 	C:\WINDOWS\System32\kernel.appcore.dll
0x00007ffe88e40000 - 0x00007ffe88e5f000 	C:\WINDOWS\System32\profapi.dll
0x00007ffe88e60000 - 0x00007ffe88eac000 	C:\WINDOWS\System32\powrprof.dll
0x00007ffe88e10000 - 0x00007ffe88e1a000 	C:\WINDOWS\System32\FLTLIB.DLL
0x00007ffe79b00000 - 0x00007ffe79b1a000 	C:\Program Files\JetBrains\IntelliJ IDEA Community Edition 2018.3.3\bin\breakgen64.dll
0x00007ffe76a20000 - 0x00007ffe76a3a000 	C:\Program Files\Java\jdk1.8.0_201\jre\bin\net.dll
0x00007ffe7b1f0000 - 0x00007ffe7b3b9000 	C:\WINDOWS\SYSTEM32\urlmon.dll
0x00007ffe79410000 - 0x00007ffe796b5000 	C:\WINDOWS\SYSTEM32\iertutil.dll
0x00007ffe88840000 - 0x00007ffe8884b000 	C:\WINDOWS\SYSTEM32\CRYPTBASE.DLL
0x00007ffe88690000 - 0x00007ffe886f6000 	C:\WINDOWS\system32\mswsock.dll
0x00007ffe711b0000 - 0x00007ffe711d4000 	C:\Program Files\Java\jdk1.8.0_201\jre\bin\sunec.dll
0x00007ffe88410000 - 0x00007ffe88448000 	C:\WINDOWS\SYSTEM32\IPHLPAPI.DLL
0x00007ffe8a880000 - 0x00007ffe8a888000 	C:\WINDOWS\System32\NSI.dll
0x00007ffe810a0000 - 0x00007ffe810b6000 	C:\WINDOWS\SYSTEM32\dhcpcsvc6.DLL
0x00007ffe81260000 - 0x00007ffe8127a000 	C:\WINDOWS\SYSTEM32\dhcpcsvc.DLL
0x00007ffe76a00000 - 0x00007ffe76a11000 	C:\Program Files\Java\jdk1.8.0_201\jre\bin\nio.dll
0x00007ffe88850000 - 0x00007ffe88867000 	C:\WINDOWS\SYSTEM32\CRYPTSP.dll
0x00007ffe88270000 - 0x00007ffe882a3000 	C:\WINDOWS\system32\rsaenh.dll
0x00007ffe88970000 - 0x00007ffe88995000 	C:\WINDOWS\SYSTEM32\bcrypt.dll
0x00007ffe88d10000 - 0x00007ffe88d38000 	C:\WINDOWS\SYSTEM32\USERENV.dll
0x00007ffe6e3a0000 - 0x00007ffe6e3e2000 	C:\Users\asus\AppData\Local\Temp\jna-3003984\jna5783131406520296475.dll
0x00007ffe60a60000 - 0x00007ffe60afc000 	C:\Users\asus\AppData\Local\Temp\jna-3003984\jna6633963911498582564.dll
0x00007ffe88450000 - 0x00007ffe8850e000 	C:\WINDOWS\SYSTEM32\DNSAPI.dll
0x00007ffe7c910000 - 0x00007ffe7c91a000 	C:\Windows\System32\rasadhlp.dll
0x00007ffe7cf10000 - 0x00007ffe7cf82000 	C:\WINDOWS\System32\fwpuclnt.dll
0x00007ffe50db0000 - 0x00007ffe50f49000 	C:\Program Files\Java\jdk1.8.0_201\jre\bin\awt.dll
0x00007ffe8a2c0000 - 0x00007ffe8a383000 	C:\WINDOWS\System32\OLEAUT32.dll
0x00007ffe86450000 - 0x00007ffe864db000 	C:\WINDOWS\SYSTEM32\apphelp.dll
0x00007ffe86580000 - 0x00007ffe86618000 	C:\WINDOWS\system32\uxtheme.dll
0x00007ffe8a8f0000 - 0x00007ffe8aa63000 	C:\WINDOWS\System32\MSCTF.dll
0x00007ffe86fe0000 - 0x00007ffe87009000 	C:\WINDOWS\system32\dwmapi.dll
0x00007ffe8c1f0000 - 0x00007ffe8c341000 	C:\WINDOWS\System32\ole32.dll
0x00007ffe7a540000 - 0x00007ffe7a54b000 	C:\Program Files\Java\jdk1.8.0_201\jre\bin\sunmscapi.dll
0x00007ffe89b10000 - 0x00007ffe89cf2000 	C:\WINDOWS\System32\CRYPT32.dll
0x00007ffe88e20000 - 0x00007ffe88e32000 	C:\WINDOWS\System32\MSASN1.dll
0x00007ffe6a120000 - 0x00007ffe6a167000 	C:\Program Files\Java\jdk1.8.0_201\jre\bin\fontmanager.dll
0x00007ffe519d0000 - 0x00007ffe51a72000 	C:\Program Files\Java\jdk1.8.0_201\jre\bin\mlib_image.dll
0x00007ffe773d0000 - 0x00007ffe774f0000 	C:\WINDOWS\system32\opengl32.dll
0x00007ffe82690000 - 0x00007ffe826bc000 	C:\WINDOWS\SYSTEM32\GLU32.dll
0x00007ffe70dd0000 - 0x00007ffe70dfa000 	C:\Program Files\Java\jdk1.8.0_201\jre\bin\dcpr.dll
0x00007ffe68d30000 - 0x00007ffe68d72000 	C:\Program Files\Java\jdk1.8.0_201\jre\bin\t2k.dll
0x00007ffe8a730000 - 0x00007ffe8a7d0000 	C:\WINDOWS\System32\clbcatq.dll
0x00007ffe83780000 - 0x00007ffe8392e000 	C:\WINDOWS\SYSTEM32\WindowsCodecs.dll
0x00007ffe6cbe0000 - 0x00007ffe6cc38000 	C:\WINDOWS\system32\dataexchange.dll
0x00007ffe85490000 - 0x00007ffe8579b000 	C:\WINDOWS\system32\d3d11.dll
0x00007ffe85d70000 - 0x00007ffe85f0c000 	C:\WINDOWS\system32\dcomp.dll
0x00007ffe87bd0000 - 0x00007ffe87c8b000 	C:\WINDOWS\system32\dxgi.dll
0x00007ffe870f0000 - 0x00007ffe872a8000 	C:\WINDOWS\system32\twinapi.appcore.dll
0x00007ffe870c0000 - 0x00007ffe870e9000 	C:\WINDOWS\system32\RMCLIENT.dll
0x00007ffe81420000 - 0x00007ffe814c8000 	C:\WINDOWS\SYSTEM32\mscms.dll
0x00007ffe84c50000 - 0x00007ffe84c60000 	C:\WINDOWS\SYSTEM32\ColorAdapterClient.dll
0x00007ffe67190000 - 0x00007ffe671d3000 	C:\WINDOWS\SYSTEM32\icm32.dll
0x00007ffe77be0000 - 0x00007ffe77c76000 	C:\WINDOWS\System32\TextInputFramework.dll
0x00007ffe83210000 - 0x00007ffe8352e000 	C:\WINDOWS\System32\CoreUIComponents.dll
0x00007ffe86250000 - 0x00007ffe8632a000 	C:\WINDOWS\System32\CoreMessaging.dll
0x00007ffe844a0000 - 0x00007ffe845ed000 	C:\WINDOWS\SYSTEM32\wintypes.dll
0x00007ffe7d540000 - 0x00007ffe7d5ab000 	C:\WINDOWS\system32\Oleacc.dll
0x00000000637c0000 - 0x00000000637cd000 	C:\Users\asus\AppData\Local\Temp\jogamp_0000\file_cache\jln2669076236663306436\jln9175373990082376526\natives\windows-amd64\gluegen-rt.dll
0x00007ffe7a400000 - 0x00007ffe7a407000 	C:\Program Files\Java\jdk1.8.0_201\jre\bin\jawt.dll
0x000000006a440000 - 0x000000006a44d000 	C:\Users\asus\AppData\Local\Temp\jogamp_0000\file_cache\jln2669076236663306436\jln9175373990082376526\natives\windows-amd64\nativewindow_awt.dll
0x000000006c100000 - 0x000000006c10f000 	C:\Users\asus\AppData\Local\Temp\jogamp_0000\file_cache\jln2669076236663306436\jln9175373990082376526\natives\windows-amd64\nativewindow_win32.dll
0x0000000064500000 - 0x00000000645b1000 	C:\Users\asus\AppData\Local\Temp\jogamp_0000\file_cache\jln2669076236663306436\jln9175373990082376526\natives\windows-amd64\jogl_desktop.dll
0x0000000064340000 - 0x00000000643a2000 	C:\Users\asus\AppData\Local\Temp\jogamp_0000\file_cache\jln2669076236663306436\jln9175373990082376526\natives\windows-amd64\jogl_mobile.dll
0x00007ffe3d4d0000 - 0x00007ffe3e3be000 	C:\WINDOWS\System32\DriverStore\FileRepository\igdlh64.inf_amd64_31ba00ea6900d67d\ig9icd64.dll
0x00007ffe7d7e0000 - 0x00007ffe7f6e1000 	C:\WINDOWS\System32\DriverStore\FileRepository\igdlh64.inf_amd64_31ba00ea6900d67d\igc64.dll
0x00007ffe7ad60000 - 0x00007ffe7ad6d000 	C:\Program Files\Java\jdk1.8.0_201\jre\bin\management.dll
0x00007ffe79be0000 - 0x00007ffe79bec000 	C:\Program Files\Java\jdk1.8.0_201\jre\bin\jsound.dll
0x00007ffe79af0000 - 0x00007ffe79afb000 	C:\Program Files\Java\jdk1.8.0_201\jre\bin\jsoundds.dll
0x00007ffe4c700000 - 0x00007ffe4c78f000 	C:\WINDOWS\SYSTEM32\DSOUND.dll
0x00007ffe81170000 - 0x00007ffe811e6000 	C:\WINDOWS\SYSTEM32\MMDevAPI.DLL
0x00007ffe88c20000 - 0x00007ffe88c47000 	C:\WINDOWS\SYSTEM32\DEVOBJ.dll
0x00007ffe86a00000 - 0x00007ffe86bb4000 	C:\WINDOWS\SYSTEM32\PROPSYS.dll
0x00007ffe4f800000 - 0x00007ffe4f844000 	C:\WINDOWS\SYSTEM32\wdmaud.drv
0x00007ffe82da0000 - 0x00007ffe82da9000 	C:\WINDOWS\SYSTEM32\ksuser.dll
0x00007ffe83b00000 - 0x00007ffe83b0a000 	C:\WINDOWS\SYSTEM32\AVRT.dll
0x00007ffe73130000 - 0x00007ffe7325c000 	C:\WINDOWS\SYSTEM32\AUDIOSES.DLL
0x00007ffe79a20000 - 0x00007ffe79a2d000 	C:\WINDOWS\SYSTEM32\msacm32.drv
0x00007ffe70be0000 - 0x00007ffe70bfc000 	C:\WINDOWS\SYSTEM32\MSACM32.dll
0x00007ffe78ff0000 - 0x00007ffe78ffa000 	C:\WINDOWS\SYSTEM32\midimap.dll
0x00007ffe70440000 - 0x00007ffe70471000 	C:\Program Files\Java\jdk1.8.0_201\jre\bin\jpeg.dll
0x00007ffe87810000 - 0x00007ffe879d9000 	C:\WINDOWS\SYSTEM32\dbghelp.dll

VM Arguments:
jvm_args: -ea -javaagent:C:\Program Files\JetBrains\IntelliJ IDEA Community Edition 2018.3.3\lib\idea_rt.jar=65039:C:\Program Files\JetBrains\IntelliJ IDEA Community Edition 2018.3.3\bin -Dfile.encoding=UTF-8 
java_command: net.runelite.client.RuneLite --debug --developer-mode
java_class_path (initial): C:\Program Files\Java\jdk1.8.0_201\jre\lib\charsets.jar;C:\Program Files\Java\jdk1.8.0_201\jre\lib\deploy.jar;C:\Program Files\Java\jdk1.8.0_201\jre\lib\ext\access-bridge-64.jar;C:\Program Files\Java\jdk1.8.0_201\jre\lib\ext\cldrdata.jar;C:\Program Files\Java\jdk1.8.0_201\jre\lib\ext\dnsns.jar;C:\Program Files\Java\jdk1.8.0_201\jre\lib\ext\jaccess.jar;C:\Program Files\Java\jdk1.8.0_201\jre\lib\ext\jfxrt.jar;C:\Program Files\Java\jdk1.8.0_201\jre\lib\ext\localedata.jar;C:\Program Files\Java\jdk1.8.0_201\jre\lib\ext\nashorn.jar;C:\Program Files\Java\jdk1.8.0_201\jre\lib\ext\sunec.jar;C:\Program Files\Java\jdk1.8.0_201\jre\lib\ext\sunjce_provider.jar;C:\Program Files\Java\jdk1.8.0_201\jre\lib\ext\sunmscapi.jar;C:\Program Files\Java\jdk1.8.0_201\jre\lib\ext\sunpkcs11.jar;C:\Program Files\Java\jdk1.8.0_201\jre\lib\ext\zipfs.jar;C:\Program Files\Java\jdk1.8.0_201\jre\lib\javaws.jar;C:\Program Files\Java\jdk1.8.0_201\jre\lib\jce.jar;C:\Program Files\Java\jdk1.8.0_201\jre\lib\jfr.jar;C:\Program Files\Java\jdk1.8.0_201\jre\lib\jfxswt.jar;C:\Program Files\Java\jdk1.8.0_201\jre\lib\jsse.jar;C:\Program Files\Java\jdk1.8.0_201\jre\lib\management-agent.jar;C:\Program Files\Java\jdk1.8.0_201\jre\lib\plugin.jar;C:\Program Files\Java\jdk1.8.0_201\jre\lib\resources.jar;C:\Program Files\Java\jdk1.8.0_201\jre\lib\rt.jar;C:\Users\asus\runelite\runelite-client\target\classes;C:\Users\asus\.m2\repository\org\slf4j\slf4j-api\1.7.25\slf4j-api-1.7.25.jar;C:\Users\asus\.m2\repository\ch\qos\logback\logback-classic\1.2.3\logback-classic-1.2.3.jar;C:\Users\asus\.m2\repository\ch\qos\logback\logback-core\1.2.3\logback-core-1.2.3.jar;C:\Users\asus\.m2\repository\net\sf\jopt-simple\jopt-simple\5.0.1\jopt-simple-5.0.1.jar;C:\Users\asus\.m2\repository\com\google\guava\guava\23.2-jre\guava-23.2-jre.jar;C:\Users\asus\.m2\repository\com\google\code\findbugs\jsr305\1.3.9\jsr305-1.3.9.jar;C:\Users\asus\.m2\repository\com\google\errorprone\error_prone_annotations\2.0.18\error_
Launcher Type: SUN_STANDARD

Environment Variables:
PATH=C:\Program Files (x86)\Common Files\Oracle\Java\javapath;C:\Program Files (x86)\Intel\iCLS Client\;C:\Program Files\Intel\iCLS Client\;C:\Windows\system32;C:\Windows;C:\Windows\System32\Wbem;C:\Windows\System32\WindowsPowerShell\v1.0\;C:\Program Files (x86)\NVIDIA Corporation\PhysX\Common;C:\Program Files (x86)\Intel\Intel(R) Management Engine Components\DAL;C:\Program Files\Intel\Intel(R) Management Engine Components\DAL;C:\Program Files (x86)\Intel\Intel(R) Management Engine Components\IPT;C:\Program Files\Intel\Intel(R) Management Engine Components\IPT;C:\WINDOWS\system32;C:\WINDOWS;C:\WINDOWS\System32\Wbem;C:\WINDOWS\System32\WindowsPowerShell\v1.0\;C:\WINDOWS\System32\OpenSSH\;C:\Documents\PuTTY\;C:\Program Files\Intel\WiFi\bin\;C:\Program Files\Common Files\Intel\WirelessCommon\;C:\cygwin\bin;C:\Program Files\Git\cmd;C:\Users\asus\AppData\Local\Microsoft\WindowsApps;C:\Users\asus\AppData\Local\GitHubDesktop\bin
USERNAME=asus
OS=Windows_NT
PROCESSOR_IDENTIFIER=Intel64 Family 6 Model 158 Stepping 9, GenuineIntel



---------------  S Y S T E M  ---------------

OS: Windows 10.0 , 64 bit Build 17134 (10.0.17134.556)

CPU:total 8 (initial active 8) (4 cores per cpu, 2 threads per core) family 6 model 158 stepping 9, cmov, cx8, fxsr, mmx, sse, sse2, sse3, ssse3, sse4.1, sse4.2, popcnt, avx, avx2, aes, clmul, erms, 3dnowpref, lzcnt, ht, tsc, tscinvbit, bmi1, bmi2, adx

Memory: 4k page, physical 16659216k(8563100k free), swap 19149584k(5774204k free)

vm_info: Java HotSpot(TM) 64-Bit Server VM (25.201-b09) for windows-amd64 JRE (1.8.0_201-b09), built on Dec 15 2018 18:36:39 by "java_re" with MS VC++ 10.0 (VS2010)

time: Thu Feb 28 20:38:02 2019
timezone: Eastern Standard Time
elapsed time: 186 seconds (0d 0h 3m 6s)

