#
# A fatal error has been detected by the Java Runtime Environment:
#
#  EXCEPTION_ACCESS_VIOLATION (0xc0000005) at pc=0x00007ffe2f0a0e0e, pid=11392, tid=0x0000000000001900
#
# JRE version: Java(TM) SE Runtime Environment (8.0_201-b09) (build 1.8.0_201-b09)
# Java VM: Java HotSpot(TM) 64-Bit Server VM (25.201-b09 mixed mode windows-amd64 compressed oops)
# Problematic frame:
# C  [ig9icd64.dll+0x190e0e]
#
# Failed to write core dump. Minidumps are not enabled by default on client versions of Windows
#
# If you would like to submit a bug report, please visit:
#   http://bugreport.java.com/bugreport/crash.jsp
# The crash happened outside the Java Virtual Machine in native code.
# See problematic frame for where to report the bug.
#

---------------  T H R E A D  ---------------

Current thread (0x00000000206e7000):  JavaThread "Thread-5" daemon [_thread_in_native, id=6400, stack(0x00000000283c0000,0x00000000284c0000)]

siginfo: ExceptionCode=0xc0000005, reading address 0x0000000000000008

Registers:
RAX=0x0000000000000000, RBX=0x00007ffe2f3f9290, RCX=0x0000000027570ef0, RDX=0x0000000033b93a00
RSP=0x00000000284be310, RBP=0x00000000284be580, RSI=0x00000000284be540, RDI=0x0000000000000000
R8 =0x0000000009770000, R9 =0x0000000000000000, R10=0x00000000284be6c0, R11=0x00000000284be4a8
R12=0x0000000000000007, R13=0x0000000000000000, R14=0x00000000284be810, R15=0x00000000284be5c0
RIP=0x00007ffe2f0a0e0e, EFLAGS=0x0000000000010246

Top of Stack: (sp=0x00000000284be310)
0x00000000284be310:   0000000033fface0 0000000033b93a00
0x00000000284be320:   0000000004b05bd0 00000000284be438
0x00000000284be330:   0000000000000000 00000000284be580
0x00000000284be340:   00000000284be370 00000000284be3b0
0x00000000284be350:   00000000284be3f8 00000000284be380
0x00000000284be360:   00000000284be418 00000000284be390
0x00000000284be370:   00000000284be500 00000000284be470
0x00000000284be380:   0000000000001a68 000000002757aad0
0x00000000284be390:   0000000038654630 0000000038654630
0x00000000284be3a0:   000000002757a7f0 00007ffe2f82165c
0x00000000284be3b0:   00000000386553f0 000000003474cbb0
0x00000000284be3c0:   0000000038654630 0000000027590be0
0x00000000284be3d0:   00000000284be5c0 00000000284be6c0
0x00000000284be3e0:   000000003864e6f0 000000003864e6f0
0x00000000284be3f0:   0000000000000000 000000003474cbb0
0x00000000284be400:   00000000284be459 00007ffe2ef566d6 

Instructions: (pc=0x00007ffe2f0a0e0e)
0x00007ffe2f0a0dee:   48 85 c9 74 06 48 8b 41 20 eb 15 48 8b 80 98 00
0x00007ffe2f0a0dfe:   00 00 48 85 c0 74 06 48 8b 40 20 eb 03 48 8b c7
0x00007ffe2f0a0e0e:   48 8b 48 08 48 85 c9 74 54 81 79 14 5d 01 00 00
0x00007ffe2f0a0e1e:   75 4b 81 26 ff ff 97 f6 81 0e 00 00 94 06 8b 81 


Register to memory mapping:

RAX=0x0000000000000000 is an unknown value
RBX=0x00007ffe2f3f9290 is an unknown value
RCX=0x0000000027570ef0 is an unknown value
RDX=0x0000000033b93a00 is an unknown value
RSP=0x00000000284be310 is pointing into the stack for thread: 0x00000000206e7000
RBP=0x00000000284be580 is pointing into the stack for thread: 0x00000000206e7000
RSI=0x00000000284be540 is pointing into the stack for thread: 0x00000000206e7000
RDI=0x0000000000000000 is an unknown value
R8 =0x0000000009770000 is an unknown value
R9 =0x0000000000000000 is an unknown value
R10=0x00000000284be6c0 is pointing into the stack for thread: 0x00000000206e7000
R11=0x00000000284be4a8 is pointing into the stack for thread: 0x00000000206e7000
R12=0x0000000000000007 is an unknown value
R13=0x0000000000000000 is an unknown value
R14=0x00000000284be810 is pointing into the stack for thread: 0x00000000206e7000
R15=0x00000000284be5c0 is pointing into the stack for thread: 0x00000000206e7000


Stack: [0x00000000283c0000,0x00000000284c0000],  sp=0x00000000284be310,  free space=1016k
Native frames: (J=compiled Java code, j=interpreted, Vv=VM code, C=native code)
C  [ig9icd64.dll+0x190e0e]
C  [ig9icd64.dll+0x4a0cbd]
C  [ig9icd64.dll+0x4a4d27]
C  [ig9icd64.dll+0x398298]
C  [ig9icd64.dll+0x353cc5]
C  [ig9icd64.dll+0x152415]
C  [ig9icd64.dll+0x143304]
C  [ig9icd64.dll+0x13ff36]
C  0x00000000031fe917

Java frames: (J=compiled Java code, j=interpreted, Vv=VM code)
J 6778  jogamp.opengl.gl4.GL4bcImpl.dispatch_glTexSubImage2D1(IIIIIIIILjava/lang/Object;IZJ)V (0 bytes) @ 0x00000000031fe899 [0x00000000031fe800+0x99]
J 7146 C2 net.runelite.client.plugins.gpu.GpuPlugin.drawUi(II)V (582 bytes) @ 0x00000000044b0a8c [0x00000000044b0600+0x48c]
J 9075 C2 net.runelite.client.plugins.gpu.GpuPlugin.draw()V (2777 bytes) @ 0x00000000049b91a8 [0x00000000049b79e0+0x17c8]
J 6742 C1 ah.onPost(Ljava/lang/Object;)V (20 bytes) @ 0x000000000435223c [0x0000000004352100+0x13c]
j  ah.p(Ljava/lang/Object;I)V+2
J 11099% C2 ah.run()V (441 bytes) @ 0x0000000004396774 [0x00000000043966c0+0xb4]
j  java.lang.Thread.run()V+11
v  ~StubRoutines::call_stub

---------------  P R O C E S S  ---------------

Java Threads: ( => current thread )
  0x00000000228c8000 JavaThread "Okio Watchdog" daemon [_thread_blocked, id=12556, stack(0x000000004b4c0000,0x000000004b5c0000)]
  0x00000000228cb000 JavaThread "OkHttp ConnectionPool" daemon [_thread_blocked, id=6992, stack(0x000000004b2c0000,0x000000004b3c0000)]
  0x00000000228d0000 JavaThread "Thread-17" daemon [_thread_blocked, id=6568, stack(0x000000003a1d0000,0x000000003a2d0000)]
  0x00000000228c6800 JavaThread "pool-5-thread-1" [_thread_blocked, id=12388, stack(0x0000000039fd0000,0x000000003a0d0000)]
  0x00000000228cd000 JavaThread "Java Sound Event Dispatcher" daemon [_thread_blocked, id=6928, stack(0x0000000039ad0000,0x0000000039bd0000)]
  0x00000000228c5800 JavaThread "DestroyJavaVM" [_thread_blocked, id=14504, stack(0x0000000002c00000,0x0000000002d00000)]
  0x00000000228c8800 JavaThread "pool-4-thread-1" [_thread_blocked, id=9956, stack(0x000000002a690000,0x000000002a790000)]
  0x00000000228cb800 JavaThread "TimerQueue" daemon [_thread_blocked, id=13616, stack(0x000000002a490000,0x000000002a590000)]
  0x00000000228ca000 JavaThread "Trident pulse source thread" daemon [_thread_blocked, id=5060, stack(0x0000000028dc0000,0x0000000028ec0000)]
  0x00000000228c3800 JavaThread "Trident callback thread" daemon [_thread_blocked, id=10288, stack(0x0000000028cc0000,0x0000000028dc0000)]
  0x00000000228c7000 JavaThread "Substance heap status" daemon [_thread_blocked, id=14492, stack(0x00000000287c0000,0x00000000288c0000)]
  0x00000000228c9800 JavaThread "Thread-6" daemon [_thread_blocked, id=13820, stack(0x00000000284c0000,0x00000000285c0000)]
=>0x00000000206e7000 JavaThread "Thread-5" daemon [_thread_in_native, id=6400, stack(0x00000000283c0000,0x00000000284c0000)]
  0x00000000206ed800 JavaThread "Thread-4" daemon [_thread_blocked, id=10456, stack(0x00000000282c0000,0x00000000283c0000)]
  0x00000000206e9000 JavaThread "AWT-EventQueue-0" [_thread_blocked, id=2660, stack(0x00000000277e0000,0x00000000278e0000)]
  0x00000000206ea000 JavaThread "AWT-Shutdown" [_thread_blocked, id=14132, stack(0x0000000024f40000,0x0000000025040000)]
  0x00000000206ea800 JavaThread "Java2D Disposer" daemon [_thread_blocked, id=11324, stack(0x00000000249d0000,0x0000000024ad0000)]
  0x00000000200cc800 JavaThread "pool-2-thread-1" [_thread_blocked, id=10576, stack(0x0000000021b30000,0x0000000021c30000)]
  0x000000001eabe800 JavaThread "Service Thread" daemon [_thread_blocked, id=760, stack(0x000000001f6e0000,0x000000001f7e0000)]
  0x000000001eaa4000 JavaThread "C1 CompilerThread3" daemon [_thread_blocked, id=3116, stack(0x000000001f5e0000,0x000000001f6e0000)]
  0x000000001ea9f800 JavaThread "C2 CompilerThread2" daemon [_thread_blocked, id=10368, stack(0x000000001f4e0000,0x000000001f5e0000)]
  0x000000001ea3d000 JavaThread "C2 CompilerThread1" daemon [_thread_blocked, id=5976, stack(0x000000001f3e0000,0x000000001f4e0000)]
  0x000000001ea3b000 JavaThread "C2 CompilerThread0" daemon [_thread_blocked, id=4812, stack(0x000000001f2e0000,0x000000001f3e0000)]
  0x000000001e916000 JavaThread "Monitor Ctrl-Break" daemon [_thread_in_native, id=6336, stack(0x000000001f1e0000,0x000000001f2e0000)]
  0x000000001e82d000 JavaThread "Attach Listener" daemon [_thread_blocked, id=10148, stack(0x000000001f0e0000,0x000000001f1e0000)]
  0x000000001e82c000 JavaThread "Signal Dispatcher" daemon [_thread_blocked, id=2832, stack(0x000000001efe0000,0x000000001f0e0000)]
  0x000000001e811000 JavaThread "Finalizer" daemon [_thread_blocked, id=4784, stack(0x000000001ecf0000,0x000000001edf0000)]
  0x000000001e810800 JavaThread "Reference Handler" daemon [_thread_blocked, id=9564, stack(0x000000001ebf0000,0x000000001ecf0000)]

Other Threads:
  0x000000001c9e8800 VMThread [stack: 0x000000001e6f0000,0x000000001e7f0000] [id=11924]
  0x000000001eb2d000 WatcherThread [stack: 0x000000001f7e0000,0x000000001f8e0000] [id=3360]

VM state:not at safepoint (normal execution)

VM Mutex/Monitor currently owned by a thread: None

heap address: 0x00000006c1c00000, size: 4068 MB, Compressed Oops mode: Zero based, Oop shift amount: 3
Narrow klass base: 0x0000000000000000, Narrow klass shift: 3
Compressed class space size: 1073741824 Address: 0x00000007c0000000

Heap:
 PSYoungGen      total 1094656K, used 861586K [0x000000076b400000, 0x00000007b6f00000, 0x00000007c0000000)
  eden space 1051136K, 80% used [0x000000076b400000,0x000000079ed939f0,0x00000007ab680000)
  from space 43520K, 37% used [0x00000007ade80000,0x00000007aee51168,0x00000007b0900000)
  to   space 40960K, 0% used [0x00000007ab680000,0x00000007ab680000,0x00000007ade80000)
 ParOldGen       total 237568K, used 85338K [0x00000006c1c00000, 0x00000006d0400000, 0x000000076b400000)
  object space 237568K, 35% used [0x00000006c1c00000,0x00000006c6f569e0,0x00000006d0400000)
 Metaspace       used 58734K, capacity 62365K, committed 62504K, reserved 1103872K
  class space    used 6604K, capacity 7163K, committed 7208K, reserved 1048576K

Card table byte_map: [0x0000000012390000,0x0000000012b90000] byte_map_base: 0x000000000ed82000

Marking Bits: (ParMarkBitMap*) 0x0000000067854ce0
 Begin Bits: [0x00000000138e0000, 0x0000000017870000)
 End Bits:   [0x0000000017870000, 0x000000001b800000)

Polling page: 0x0000000000e00000

CodeCache: size=245760Kb used=38139Kb max_used=39940Kb free=207620Kb
 bounds [0x0000000002fd0000, 0x0000000005710000, 0x0000000011fd0000]
 total_blobs=9582 nmethods=8458 adapters=1034
 compilation: enabled

Compilation events (10 events):
Event: 9691.002 Thread 0x000000001eaa4000 11189       3       java.util.concurrent.CopyOnWriteArrayList::contains (22 bytes)
Event: 9691.003 Thread 0x000000001eaa4000 nmethod 11189 0x00000000048e4b90 code [0x00000000048e4d00, 0x00000000048e4f88]
Event: 9691.015 Thread 0x000000001eaa4000 11190  s!   3       sun.nio.ch.NativeThreadSet::signalAndWait (134 bytes)
Event: 9691.015 Thread 0x000000001ea3b000 11191       4       java.lang.Integer::formatUnsignedInt (48 bytes)
Event: 9691.017 Thread 0x000000001eaa4000 nmethod 11190 0x00000000046fae10 code [0x00000000046fafc0, 0x00000000046fb7b8]
Event: 9691.018 Thread 0x000000001eaa4000 11192       3       java.lang.StringBuilder::append (8 bytes)
Event: 9691.018 Thread 0x000000001eaa4000 nmethod 11192 0x00000000048e47d0 code [0x00000000048e4940, 0x00000000048e4ac8]
Event: 9691.020 Thread 0x000000001eaa4000 11193       3       java.lang.AbstractStringBuilder::append (191 bytes)
Event: 9691.021 Thread 0x000000001ea3b000 nmethod 11191 0x00000000032aa910 code [0x00000000032aaa60, 0x00000000032aac58]
Event: 9691.022 Thread 0x000000001eaa4000 nmethod 11193 0x0000000003604b10 code [0x0000000003604d00, 0x0000000003605738]

GC Heap History (10 events):
Event: 12.931 GC heap before
{Heap before GC invocations=11 (full 1):
 PSYoungGen      total 538112K, used 161609K [0x000000076b400000, 0x00000007a0380000, 0x00000007c0000000)
  eden space 524288K, 30% used [0x000000076b400000,0x00000007751d2440,0x000000078b400000)
  from space 13824K, 0% used [0x000000078b400000,0x000000078b400000,0x000000078c180000)
  to   space 14336K, 0% used [0x000000079f580000,0x000000079f580000,0x00000007a0380000)
 ParOldGen       total 93184K, used 10342K [0x00000006c1c00000, 0x00000006c7700000, 0x000000076b400000)
  object space 93184K, 11% used [0x00000006c1c00000,0x00000006c2619a58,0x00000006c7700000)
 Metaspace       used 34660K, capacity 35175K, committed 35496K, reserved 1081344K
  class space    used 4071K, capacity 4229K, committed 4264K, reserved 1048576K
Event: 12.959 GC heap after
Heap after GC invocations=11 (full 1):
 PSYoungGen      total 776192K, used 13286K [0x000000076b400000, 0x00000007a0280000, 0x00000007c0000000)
  eden space 762880K, 0% used [0x000000076b400000,0x000000076b400000,0x0000000799d00000)
  from space 13312K, 99% used [0x000000079f580000,0x00000007a0279958,0x00000007a0280000)
  to   space 15360K, 0% used [0x000000079e480000,0x000000079e480000,0x000000079f380000)
 ParOldGen       total 93184K, used 10350K [0x00000006c1c00000, 0x00000006c7700000, 0x000000076b400000)
  object space 93184K, 11% used [0x00000006c1c00000,0x00000006c261ba58,0x00000006c7700000)
 Metaspace       used 34660K, capacity 35175K, committed 35496K, reserved 1081344K
  class space    used 4071K, capacity 4229K, committed 4264K, reserved 1048576K
}
Event: 12.959 GC heap before
{Heap before GC invocations=12 (full 2):
 PSYoungGen      total 776192K, used 13286K [0x000000076b400000, 0x00000007a0280000, 0x00000007c0000000)
  eden space 762880K, 0% used [0x000000076b400000,0x000000076b400000,0x0000000799d00000)
  from space 13312K, 99% used [0x000000079f580000,0x00000007a0279958,0x00000007a0280000)
  to   space 15360K, 0% used [0x000000079e480000,0x000000079e480000,0x000000079f380000)
 ParOldGen       total 93184K, used 10350K [0x00000006c1c00000, 0x00000006c7700000, 0x000000076b400000)
  object space 93184K, 11% used [0x00000006c1c00000,0x00000006c261ba58,0x00000006c7700000)
 Metaspace       used 34660K, capacity 35175K, committed 35496K, reserved 1081344K
  class space    used 4071K, capacity 4229K, committed 4264K, reserved 1048576K
Event: 13.088 GC heap after
Heap after GC invocations=12 (full 2):
 PSYoungGen      total 776192K, used 0K [0x000000076b400000, 0x00000007a0280000, 0x00000007c0000000)
  eden space 762880K, 0% used [0x000000076b400000,0x000000076b400000,0x0000000799d00000)
  from space 13312K, 0% used [0x000000079f580000,0x000000079f580000,0x00000007a0280000)
  to   space 15360K, 0% used [0x000000079e480000,0x000000079e480000,0x000000079f380000)
 ParOldGen       total 130048K, used 22381K [0x00000006c1c00000, 0x00000006c9b00000, 0x000000076b400000)
  object space 130048K, 17% used [0x00000006c1c00000,0x00000006c31db750,0x00000006c9b00000)
 Metaspace       used 34660K, capacity 35175K, committed 35496K, reserved 1081344K
  class space    used 4071K, capacity 4229K, committed 4264K, reserved 1048576K
}
Event: 151.712 GC heap before
{Heap before GC invocations=13 (full 2):
 PSYoungGen      total 776192K, used 499669K [0x000000076b400000, 0x00000007a0280000, 0x00000007c0000000)
  eden space 762880K, 65% used [0x000000076b400000,0x0000000789bf5448,0x0000000799d00000)
  from space 13312K, 0% used [0x000000079f580000,0x000000079f580000,0x00000007a0280000)
  to   space 15360K, 0% used [0x000000079e480000,0x000000079e480000,0x000000079f380000)
 ParOldGen       total 130048K, used 22381K [0x00000006c1c00000, 0x00000006c9b00000, 0x000000076b400000)
  object space 130048K, 17% used [0x00000006c1c00000,0x00000006c31db750,0x00000006c9b00000)
 Metaspace       used 55572K, capacity 59017K, committed 59160K, reserved 1101824K
  class space    used 6463K, capacity 7001K, committed 7080K, reserved 1048576K
Event: 151.766 GC heap after
Heap after GC invocations=13 (full 2):
 PSYoungGen      total 851456K, used 15348K [0x000000076b400000, 0x00000007b0900000, 0x00000007c0000000)
  eden space 836096K, 0% used [0x000000076b400000,0x000000076b400000,0x000000079e480000)
  from space 15360K, 99% used [0x000000079e480000,0x000000079f37d2d8,0x000000079f380000)
  to   space 43520K, 0% used [0x00000007ade80000,0x00000007ade80000,0x00000007b0900000)
 ParOldGen       total 130048K, used 93705K [0x00000006c1c00000, 0x00000006c9b00000, 0x000000076b400000)
  object space 130048K, 72% used [0x00000006c1c00000,0x00000006c77824a8,0x00000006c9b00000)
 Metaspace       used 55572K, capacity 59017K, committed 59160K, reserved 1101824K
  class space    used 6463K, capacity 7001K, committed 7080K, reserved 1048576K
}
Event: 151.766 GC heap before
{Heap before GC invocations=14 (full 3):
 PSYoungGen      total 851456K, used 15348K [0x000000076b400000, 0x00000007b0900000, 0x00000007c0000000)
  eden space 836096K, 0% used [0x000000076b400000,0x000000076b400000,0x000000079e480000)
  from space 15360K, 99% used [0x000000079e480000,0x000000079f37d2d8,0x000000079f380000)
  to   space 43520K, 0% used [0x00000007ade80000,0x00000007ade80000,0x00000007b0900000)
 ParOldGen       total 130048K, used 93705K [0x00000006c1c00000, 0x00000006c9b00000, 0x000000076b400000)
  object space 130048K, 72% used [0x00000006c1c00000,0x00000006c77824a8,0x00000006c9b00000)
 Metaspace       used 55572K, capacity 59017K, committed 59160K, reserved 1101824K
  class space    used 6463K, capacity 7001K, committed 7080K, reserved 1048576K
Event: 152.008 GC heap after
Heap after GC invocations=14 (full 3):
 PSYoungGen      total 851456K, used 0K [0x000000076b400000, 0x00000007b0900000, 0x00000007c0000000)
  eden space 836096K, 0% used [0x000000076b400000,0x000000076b400000,0x000000079e480000)
  from space 15360K, 0% used [0x000000079e480000,0x000000079e480000,0x000000079f380000)
  to   space 43520K, 0% used [0x00000007ade80000,0x00000007ade80000,0x00000007b0900000)
 ParOldGen       total 237568K, used 85330K [0x00000006c1c00000, 0x00000006d0400000, 0x000000076b400000)
  object space 237568K, 35% used [0x00000006c1c00000,0x00000006c6f549e0,0x00000006d0400000)
 Metaspace       used 55572K, capacity 59017K, committed 59160K, reserved 1101824K
  class space    used 6463K, capacity 7001K, committed 7080K, reserved 1048576K
}
Event: 347.650 GC heap before
{Heap before GC invocations=15 (full 3):
 PSYoungGen      total 851456K, used 836096K [0x000000076b400000, 0x00000007b0900000, 0x00000007c0000000)
  eden space 836096K, 100% used [0x000000076b400000,0x000000079e480000,0x000000079e480000)
  from space 15360K, 0% used [0x000000079e480000,0x000000079e480000,0x000000079f380000)
  to   space 43520K, 0% used [0x00000007ade80000,0x00000007ade80000,0x00000007b0900000)
 ParOldGen       total 237568K, used 85330K [0x00000006c1c00000, 0x00000006d0400000, 0x000000076b400000)
  object space 237568K, 35% used [0x00000006c1c00000,0x00000006c6f549e0,0x00000006d0400000)
 Metaspace       used 58414K, capacity 62053K, committed 62248K, reserved 1103872K
  class space    used 6585K, capacity 7127K, committed 7208K, reserved 1048576K
Event: 347.720 GC heap after
Heap after GC invocations=15 (full 3):
 PSYoungGen      total 1094656K, used 16196K [0x000000076b400000, 0x00000007b6f00000, 0x00000007c0000000)
  eden space 1051136K, 0% used [0x000000076b400000,0x000000076b400000,0x00000007ab680000)
  from space 43520K, 37% used [0x00000007ade80000,0x00000007aee51168,0x00000007b0900000)
  to   space 40960K, 0% used [0x00000007ab680000,0x00000007ab680000,0x00000007ade80000)
 ParOldGen       total 237568K, used 85338K [0x00000006c1c00000, 0x00000006d0400000, 0x000000076b400000)
  object space 237568K, 35% used [0x00000006c1c00000,0x00000006c6f569e0,0x00000006d0400000)
 Metaspace       used 58414K, capacity 62053K, committed 62248K, reserved 1103872K
  class space    used 6585K, capacity 7127K, committed 7208K, reserved 1048576K
}

Deoptimization events (10 events):
Event: 9690.526 Thread 0x00000000206e9000 Uncommon trap: reason=class_check action=maybe_recompile pc=0x00000000051a43b0 method=sun.dc.DuctusRenderingEngine.getAATileGenerator(Ljava/awt/Shape;Ljava/awt/geom/AffineTransform;Lsun/java2d/pipe/Region;Ljava/awt/BasicStroke;ZZ[I)Lsun/java2d/pipe/AATile
Event: 9690.527 Thread 0x00000000206e9000 Uncommon trap: reason=class_check action=maybe_recompile pc=0x00000000051a43b0 method=sun.dc.DuctusRenderingEngine.getAATileGenerator(Ljava/awt/Shape;Ljava/awt/geom/AffineTransform;Lsun/java2d/pipe/Region;Ljava/awt/BasicStroke;ZZ[I)Lsun/java2d/pipe/AATile
Event: 9690.870 Thread 0x00000000206e9000 Uncommon trap: reason=unstable_if action=reinterpret pc=0x00000000042f8c68 method=java.awt.event.MouseEvent.<init>(Ljava/awt/Component;IJIIIIIIZI)V @ 203
Event: 9691.016 Thread 0x00000000228c5000 Uncommon trap: reason=class_check action=maybe_recompile pc=0x0000000004273d8c method=jogamp.opengl.GLDrawableImpl.lockSurface()I @ 4
Event: 9691.016 Thread 0x00000000228c5000 Uncommon trap: reason=unstable_if action=reinterpret pc=0x0000000003a58c60 method=jogamp.common.util.locks.RecursiveLockImpl01Unfairish$SingleThreadSync.isOwner(Ljava/lang/Thread;)Z @ 5
Event: 9691.016 Thread 0x00000000228c5000 Uncommon trap: reason=unstable_if action=reinterpret pc=0x0000000003c56220 method=jogamp.common.util.locks.RecursiveLockImpl01Unfairish$SingleThreadSync.isOwner(Ljava/lang/Thread;)Z @ 5
Event: 9691.016 Thread 0x00000000228c5000 Uncommon trap: reason=class_check action=maybe_recompile pc=0x0000000004273d8c method=jogamp.opengl.GLDrawableImpl.lockSurface()I @ 4
Event: 9691.022 Thread 0x00000000228c5000 Uncommon trap: reason=unstable_if action=reinterpret pc=0x00000000042745b8 method=jogamp.common.util.locks.RecursiveLockImpl01Unfairish.unlock(Ljava/lang/Runnable;)V @ 34
Event: 9691.035 Thread 0x00000000206e7000 Uncommon trap: reason=unstable_if action=reinterpret pc=0x0000000004f67a7c method=ah.p(Ljava/lang/Object;I)V @ 83
Event: 9691.076 Thread 0x00000000206e7000 Uncommon trap: reason=unstable_if action=reinterpret pc=0x00000000051e1aa0 method=sun.java2d.d3d.D3DScreenUpdateManager.createGraphics(Lsun/java2d/SurfaceData;Lsun/awt/windows/WComponentPeer;Ljava/awt/Color;Ljava/awt/Color;Ljava/awt/Font;)Ljava/awt/Graphi

Classes redefined (0 events):
No events

Internal exceptions (10 events):
Event: 7758.276 Thread 0x00000000228cb000 Exception <a 'sun/net/ConnectionResetException': > (0x00000007766f0c10) thrown at [C:\re\workspace\8-2-build-windows-amd64-cygwin\jdk8u201\12322\hotspot\src\share\vm\prims\jni.cpp, line 735]
Event: 7758.276 Thread 0x00000000228cb000 Exception <a 'sun/net/ConnectionResetException': > (0x00000007766f0e40) thrown at [C:\re\workspace\8-2-build-windows-amd64-cygwin\jdk8u201\12322\hotspot\src\share\vm\prims\jni.cpp, line 735]
Event: 7758.305 Thread 0x00000000200cc800 Exception <a 'java/net/SocketException': Connection reset by peer: socket write error> (0x000000076bddfce0) thrown at [C:\re\workspace\8-2-build-windows-amd64-cygwin\jdk8u201\12322\hotspot\src\share\vm\prims\jni.cpp, line 735]
Event: 7758.305 Thread 0x00000000200cc800 Exception <a 'java/net/SocketException': Connection reset by peer: socket write error> (0x000000076bde0890) thrown at [C:\re\workspace\8-2-build-windows-amd64-cygwin\jdk8u201\12322\hotspot\src\share\vm\prims\jni.cpp, line 735]
Event: 7761.590 Thread 0x00000000200cc800 Exception <a 'java/net/UnknownHostException': api.runelite.net> (0x000000076bdf53e0) thrown at [C:\re\workspace\8-2-build-windows-amd64-cygwin\jdk8u201\12322\hotspot\src\share\vm\prims\jni.cpp, line 735]
Event: 7764.089 Thread 0x00000000206ed800 Exception <a 'java/net/UnknownHostException': oldschool171.runescape.com> (0x000000077fa2b418) thrown at [C:\re\workspace\8-2-build-windows-amd64-cygwin\jdk8u201\12322\hotspot\src\share\vm\prims\jni.cpp, line 735]
Event: 7764.125 Thread 0x00000000228c8000 Exception <a 'java/net/SocketException': Software caused connection abort: socket write error> (0x00000007801de238) thrown at [C:\re\workspace\8-2-build-windows-amd64-cygwin\jdk8u201\12322\hotspot\src\share\vm\prims\jni.cpp, line 735]
Event: 7776.531 Thread 0x00000000206eb800 Exception <a 'java/net/SocketException': Connection reset by peer: socket write error> (0x00000007815385e8) thrown at [C:\re\workspace\8-2-build-windows-amd64-cygwin\jdk8u201\12322\hotspot\src\share\vm\prims\jni.cpp, line 735]
Event: 7824.142 Thread 0x00000000228c8000 Implicit null exception at 0x0000000004f2b208 to 0x0000000004f2b38d
Event: 9690.943 Thread 0x00000000206e9000 Exception <a 'java/net/SocketTimeoutException': Read timed out> (0x000000079dc5de80) thrown at [C:\re\workspace\8-2-build-windows-amd64-cygwin\jdk8u201\12322\hotspot\src\share\vm\prims\jni.cpp, line 735]

Events (10 events):
Event: 9691.040 Executing VM operation: RevokeBias done
Event: 9691.040 Executing VM operation: RevokeBias
Event: 9691.040 Executing VM operation: RevokeBias done
Event: 9691.040 Thread 0x0000000023765800 Thread exited: 0x0000000023765800
Event: 9691.070 Executing VM operation: RevokeBias
Event: 9691.070 Executing VM operation: RevokeBias done
Event: 9691.070 Thread 0x00000000206ed000 Thread exited: 0x00000000206ed000
Event: 9691.076 Thread 0x00000000206e7000 Uncommon trap: trap_request=0xffffff65 fr.pc=0x00000000051e1aa0
Event: 9691.076 Thread 0x00000000206e7000 DEOPT PACKING pc=0x00000000051e1aa0 sp=0x00000000284bf120
Event: 9691.076 Thread 0x00000000206e7000 DEOPT UNPACKING pc=0x000000000301583b sp=0x00000000284bef50 mode 2


Dynamic libraries:
0x00007ff641860000 - 0x00007ff641897000 	C:\Program Files\Java\jdk1.8.0_201\bin\java.exe
0x00007ffe8cb00000 - 0x00007ffe8cce1000 	C:\WINDOWS\SYSTEM32\ntdll.dll
0x00007ffe8c120000 - 0x00007ffe8c1d2000 	C:\WINDOWS\System32\KERNEL32.DLL
0x00007ffe88f20000 - 0x00007ffe89193000 	C:\WINDOWS\System32\KERNELBASE.dll
0x00007ffe8bfa0000 - 0x00007ffe8c041000 	C:\WINDOWS\System32\ADVAPI32.dll
0x00007ffe8a530000 - 0x00007ffe8a5ce000 	C:\WINDOWS\System32\msvcrt.dll
0x00007ffe8c350000 - 0x00007ffe8c3ab000 	C:\WINDOWS\System32\sechost.dll
0x00007ffe8a600000 - 0x00007ffe8a724000 	C:\WINDOWS\System32\RPCRT4.dll
0x00007ffe8c940000 - 0x00007ffe8cad0000 	C:\WINDOWS\System32\USER32.dll
0x00007ffe89af0000 - 0x00007ffe89b10000 	C:\WINDOWS\System32\win32u.dll
0x00007ffe8c890000 - 0x00007ffe8c8b8000 	C:\WINDOWS\System32\GDI32.dll
0x00007ffe89950000 - 0x00007ffe89ae2000 	C:\WINDOWS\System32\gdi32full.dll
0x00007ffe898b0000 - 0x00007ffe8994f000 	C:\WINDOWS\System32\msvcp_win.dll
0x00007ffe89d00000 - 0x00007ffe89dfa000 	C:\WINDOWS\System32\ucrtbase.dll
0x00007ffe796c0000 - 0x00007ffe79929000 	C:\WINDOWS\WinSxS\amd64_microsoft.windows.common-controls_6595b64144ccf1df_6.0.17134.590_none_fb3d9bff3069e088\COMCTL32.dll
0x00007ffe89f90000 - 0x00007ffe8a2b2000 	C:\WINDOWS\System32\combase.dll
0x00007ffe89e00000 - 0x00007ffe89e7a000 	C:\WINDOWS\System32\bcryptPrimitives.dll
0x00007ffe8a5d0000 - 0x00007ffe8a5fd000 	C:\WINDOWS\System32\IMM32.DLL
0x00000000678e0000 - 0x00000000679b1000 	C:\Program Files\Java\jdk1.8.0_201\jre\bin\msvcr100.dll
0x0000000067030000 - 0x00000000678d4000 	C:\Program Files\Java\jdk1.8.0_201\jre\bin\server\jvm.dll
0x00007ffe8c1e0000 - 0x00007ffe8c1e8000 	C:\WINDOWS\System32\PSAPI.DLL
0x00007ffe764f0000 - 0x00007ffe764f9000 	C:\WINDOWS\SYSTEM32\WSOCK32.dll
0x00007ffe8c0b0000 - 0x00007ffe8c11c000 	C:\WINDOWS\System32\WS2_32.dll
0x00007ffe84b60000 - 0x00007ffe84b83000 	C:\WINDOWS\SYSTEM32\WINMM.dll
0x00007ffe83540000 - 0x00007ffe8354a000 	C:\WINDOWS\SYSTEM32\VERSION.dll
0x00007ffe84b10000 - 0x00007ffe84b3a000 	C:\WINDOWS\SYSTEM32\WINMMBASE.dll
0x00007ffe88ed0000 - 0x00007ffe88f19000 	C:\WINDOWS\System32\cfgmgr32.dll
0x00007ffe77020000 - 0x00007ffe7702f000 	C:\Program Files\Java\jdk1.8.0_201\jre\bin\verify.dll
0x00007ffe72c40000 - 0x00007ffe72c69000 	C:\Program Files\Java\jdk1.8.0_201\jre\bin\java.dll
0x00007ffe70b30000 - 0x00007ffe70b53000 	C:\Program Files\Java\jdk1.8.0_201\jre\bin\instrument.dll
0x00007ffe76850000 - 0x00007ffe76866000 	C:\Program Files\Java\jdk1.8.0_201\jre\bin\zip.dll
0x00007ffe8ab60000 - 0x00007ffe8bfa0000 	C:\WINDOWS\System32\SHELL32.dll
0x00007ffe8a7d0000 - 0x00007ffe8a879000 	C:\WINDOWS\System32\shcore.dll
0x00007ffe891a0000 - 0x00007ffe898ad000 	C:\WINDOWS\System32\windows.storage.dll
0x00007ffe8c3b0000 - 0x00007ffe8c401000 	C:\WINDOWS\System32\shlwapi.dll
0x00007ffe88eb0000 - 0x00007ffe88ec1000 	C:\WINDOWS\System32\kernel.appcore.dll
0x00007ffe88e40000 - 0x00007ffe88e5f000 	C:\WINDOWS\System32\profapi.dll
0x00007ffe88e60000 - 0x00007ffe88eac000 	C:\WINDOWS\System32\powrprof.dll
0x00007ffe88e10000 - 0x00007ffe88e1a000 	C:\WINDOWS\System32\FLTLIB.DLL
0x00007ffe709d0000 - 0x00007ffe709ea000 	C:\Program Files\JetBrains\IntelliJ IDEA Community Edition 2018.3.3\bin\breakgen64.dll
0x00007ffe70df0000 - 0x00007ffe70e0a000 	C:\Program Files\Java\jdk1.8.0_201\jre\bin\net.dll
0x00007ffe7b1f0000 - 0x00007ffe7b3b9000 	C:\WINDOWS\SYSTEM32\urlmon.dll
0x00007ffe79410000 - 0x00007ffe796b5000 	C:\WINDOWS\SYSTEM32\iertutil.dll
0x00007ffe88840000 - 0x00007ffe8884b000 	C:\WINDOWS\SYSTEM32\CRYPTBASE.DLL
0x00007ffe88690000 - 0x00007ffe886f6000 	C:\WINDOWS\system32\mswsock.dll
0x00007ffe6acd0000 - 0x00007ffe6acf4000 	C:\Program Files\Java\jdk1.8.0_201\jre\bin\sunec.dll
0x00007ffe88410000 - 0x00007ffe88448000 	C:\WINDOWS\SYSTEM32\IPHLPAPI.DLL
0x00007ffe8a880000 - 0x00007ffe8a888000 	C:\WINDOWS\System32\NSI.dll
0x00007ffe810a0000 - 0x00007ffe810b6000 	C:\WINDOWS\SYSTEM32\dhcpcsvc6.DLL
0x00007ffe81260000 - 0x00007ffe8127a000 	C:\WINDOWS\SYSTEM32\dhcpcsvc.DLL
0x00007ffe70dd0000 - 0x00007ffe70de1000 	C:\Program Files\Java\jdk1.8.0_201\jre\bin\nio.dll
0x00007ffe88850000 - 0x00007ffe88867000 	C:\WINDOWS\SYSTEM32\CRYPTSP.dll
0x00007ffe88270000 - 0x00007ffe882a3000 	C:\WINDOWS\system32\rsaenh.dll
0x00007ffe88970000 - 0x00007ffe88995000 	C:\WINDOWS\SYSTEM32\bcrypt.dll
0x00007ffe88d10000 - 0x00007ffe88d38000 	C:\WINDOWS\SYSTEM32\USERENV.dll
0x00007ffe68b60000 - 0x00007ffe68ba2000 	C:\Users\asus\AppData\Local\Temp\jna-3003984\jna4397382518110039347.dll
0x00007ffe557b0000 - 0x00007ffe5584c000 	C:\Users\asus\AppData\Local\Temp\jna-3003984\jna8894905217435506874.dll
0x00007ffe88450000 - 0x00007ffe8850e000 	C:\WINDOWS\SYSTEM32\DNSAPI.dll
0x00007ffe7c910000 - 0x00007ffe7c91a000 	C:\Windows\System32\rasadhlp.dll
0x00007ffe7cf10000 - 0x00007ffe7cf82000 	C:\WINDOWS\System32\fwpuclnt.dll
0x00007ffe48540000 - 0x00007ffe486d9000 	C:\Program Files\Java\jdk1.8.0_201\jre\bin\awt.dll
0x00007ffe8a2c0000 - 0x00007ffe8a383000 	C:\WINDOWS\System32\OLEAUT32.dll
0x00007ffe86450000 - 0x00007ffe864db000 	C:\WINDOWS\SYSTEM32\apphelp.dll
0x00007ffe86580000 - 0x00007ffe86618000 	C:\WINDOWS\system32\uxtheme.dll
0x00007ffe8a8f0000 - 0x00007ffe8aa63000 	C:\WINDOWS\System32\MSCTF.dll
0x00007ffe86fe0000 - 0x00007ffe87009000 	C:\WINDOWS\system32\dwmapi.dll
0x00007ffe8c1f0000 - 0x00007ffe8c341000 	C:\WINDOWS\System32\ole32.dll
0x00007ffe84f80000 - 0x00007ffe84f8b000 	C:\Program Files\Java\jdk1.8.0_201\jre\bin\sunmscapi.dll
0x00007ffe89b10000 - 0x00007ffe89cf2000 	C:\WINDOWS\System32\CRYPT32.dll
0x00007ffe88e20000 - 0x00007ffe88e32000 	C:\WINDOWS\System32\MSASN1.dll
0x00007ffe4d6b0000 - 0x00007ffe4d752000 	C:\Program Files\Java\jdk1.8.0_201\jre\bin\mlib_image.dll
0x00007ffe70d80000 - 0x00007ffe70dc7000 	C:\Program Files\Java\jdk1.8.0_201\jre\bin\fontmanager.dll
0x00007ffe773d0000 - 0x00007ffe774f0000 	C:\WINDOWS\system32\opengl32.dll
0x00007ffe82690000 - 0x00007ffe826bc000 	C:\WINDOWS\SYSTEM32\GLU32.dll
0x00007ffe6d3e0000 - 0x00007ffe6d40a000 	C:\Program Files\Java\jdk1.8.0_201\jre\bin\dcpr.dll
0x00007ffe6b3b0000 - 0x00007ffe6b3f2000 	C:\Program Files\Java\jdk1.8.0_201\jre\bin\t2k.dll
0x00007ffe8a730000 - 0x00007ffe8a7d0000 	C:\WINDOWS\System32\clbcatq.dll
0x00007ffe83780000 - 0x00007ffe8392e000 	C:\WINDOWS\SYSTEM32\WindowsCodecs.dll
0x00007ffe6cbe0000 - 0x00007ffe6cc38000 	C:\WINDOWS\system32\dataexchange.dll
0x00007ffe85490000 - 0x00007ffe8579b000 	C:\WINDOWS\system32\d3d11.dll
0x00007ffe85d70000 - 0x00007ffe85f0c000 	C:\WINDOWS\system32\dcomp.dll
0x00007ffe87bd0000 - 0x00007ffe87c8b000 	C:\WINDOWS\system32\dxgi.dll
0x00007ffe870f0000 - 0x00007ffe872a8000 	C:\WINDOWS\system32\twinapi.appcore.dll
0x00007ffe870c0000 - 0x00007ffe870e9000 	C:\WINDOWS\system32\RMCLIENT.dll
0x00007ffe81420000 - 0x00007ffe814c8000 	C:\WINDOWS\SYSTEM32\mscms.dll
0x00007ffe84c50000 - 0x00007ffe84c60000 	C:\WINDOWS\SYSTEM32\ColorAdapterClient.dll
0x00007ffe600a0000 - 0x00007ffe600e3000 	C:\WINDOWS\SYSTEM32\icm32.dll
0x00007ffe7d540000 - 0x00007ffe7d5ab000 	C:\WINDOWS\system32\Oleacc.dll
0x00000000637c0000 - 0x00000000637cd000 	C:\Users\asus\AppData\Local\Temp\jogamp_0000\file_cache\jln505581143380567580\jln2057344598713158239\natives\windows-amd64\gluegen-rt.dll
0x00007ffe79ba0000 - 0x00007ffe79ba7000 	C:\Program Files\Java\jdk1.8.0_201\jre\bin\jawt.dll
0x000000006a440000 - 0x000000006a44d000 	C:\Users\asus\AppData\Local\Temp\jogamp_0000\file_cache\jln505581143380567580\jln2057344598713158239\natives\windows-amd64\nativewindow_awt.dll
0x000000006c100000 - 0x000000006c10f000 	C:\Users\asus\AppData\Local\Temp\jogamp_0000\file_cache\jln505581143380567580\jln2057344598713158239\natives\windows-amd64\nativewindow_win32.dll
0x0000000064500000 - 0x00000000645b1000 	C:\Users\asus\AppData\Local\Temp\jogamp_0000\file_cache\jln505581143380567580\jln2057344598713158239\natives\windows-amd64\jogl_desktop.dll
0x0000000064340000 - 0x00000000643a2000 	C:\Users\asus\AppData\Local\Temp\jogamp_0000\file_cache\jln505581143380567580\jln2057344598713158239\natives\windows-amd64\jogl_mobile.dll
0x00007ffe84fa0000 - 0x00007ffe84fad000 	C:\Program Files\Java\jdk1.8.0_201\jre\bin\management.dll
0x00007ffe2ef10000 - 0x00007ffe2fdfe000 	C:\WINDOWS\System32\DriverStore\FileRepository\igdlh64.inf_amd64_31ba00ea6900d67d\ig9icd64.dll
0x00007ffe7d7e0000 - 0x00007ffe7f6e1000 	C:\WINDOWS\System32\DriverStore\FileRepository\igdlh64.inf_amd64_31ba00ea6900d67d\igc64.dll
0x00007ffe79b90000 - 0x00007ffe79b9c000 	C:\Program Files\Java\jdk1.8.0_201\jre\bin\jsound.dll
0x00007ffe79aa0000 - 0x00007ffe79aab000 	C:\Program Files\Java\jdk1.8.0_201\jre\bin\jsoundds.dll
0x00007ffe57c00000 - 0x00007ffe57c8f000 	C:\WINDOWS\SYSTEM32\DSOUND.dll
0x00007ffe81170000 - 0x00007ffe811e6000 	C:\WINDOWS\SYSTEM32\MMDevAPI.DLL
0x00007ffe88c20000 - 0x00007ffe88c47000 	C:\WINDOWS\SYSTEM32\DEVOBJ.dll
0x00007ffe86a00000 - 0x00007ffe86bb4000 	C:\WINDOWS\SYSTEM32\PROPSYS.dll
0x00007ffe4f800000 - 0x00007ffe4f844000 	C:\WINDOWS\SYSTEM32\wdmaud.drv
0x00007ffe82da0000 - 0x00007ffe82da9000 	C:\WINDOWS\SYSTEM32\ksuser.dll
0x00007ffe83b00000 - 0x00007ffe83b0a000 	C:\WINDOWS\SYSTEM32\AVRT.dll
0x00007ffe73130000 - 0x00007ffe7325c000 	C:\WINDOWS\SYSTEM32\AUDIOSES.DLL
0x00007ffe844a0000 - 0x00007ffe845ed000 	C:\WINDOWS\SYSTEM32\wintypes.dll
0x00007ffe79a20000 - 0x00007ffe79a2d000 	C:\WINDOWS\SYSTEM32\msacm32.drv
0x00007ffe70be0000 - 0x00007ffe70bfc000 	C:\WINDOWS\SYSTEM32\MSACM32.dll
0x00007ffe78ff0000 - 0x00007ffe78ffa000 	C:\WINDOWS\SYSTEM32\midimap.dll
0x00007ffe775c0000 - 0x00007ffe776d4000 	C:\Windows\System32\Windows.UI.dll
0x00007ffe78f70000 - 0x00007ffe78fe9000 	C:\Windows\System32\InputHost.dll
0x00007ffe77be0000 - 0x00007ffe77c76000 	C:\Windows\System32\TextInputFramework.dll
0x00007ffe83210000 - 0x00007ffe8352e000 	C:\Windows\System32\CoreUIComponents.dll
0x00007ffe86250000 - 0x00007ffe8632a000 	C:\Windows\System32\CoreMessaging.dll
0x00007ffe87f00000 - 0x00007ffe87f31000 	C:\WINDOWS\SYSTEM32\ntmarta.dll
0x00007ffe68ab0000 - 0x00007ffe68ae1000 	C:\Program Files\Java\jdk1.8.0_201\jre\bin\jpeg.dll
0x00007ffe81bf0000 - 0x00007ffe8228b000 	C:\Windows\System32\OneCoreUAPCommonProxyStub.dll
0x00007ffe84f40000 - 0x00007ffe84f5b000 	C:\Windows\System32\Windows.Shell.ServiceHostBuilder.dll
0x00007ffe6cb90000 - 0x00007ffe6cbe0000 	C:\WINDOWS\SYSTEM32\msIso.dll
0x00007ffe5cff0000 - 0x00007ffe5d034000 	C:\WINDOWS\SYSTEM32\edputil.dll
0x00007ffe789b0000 - 0x00007ffe789bc000 	C:\WINDOWS\SYSTEM32\Secur32.dll
0x00007ffe88d40000 - 0x00007ffe88d70000 	C:\WINDOWS\SYSTEM32\SSPICLI.DLL
0x00007ffe57b60000 - 0x00007ffe57b9f000 	C:\WINDOWS\SYSTEM32\MLANG.dll
0x00007ffe75e40000 - 0x00007ffe762fd000 	C:\WINDOWS\SYSTEM32\WININET.dll
0x00007ffe70aa0000 - 0x00007ffe70ae3000 	C:\Windows\System32\Windows.UI.AppDefaults.dll
0x00007ffe888e0000 - 0x00007ffe888f8000 	C:\Windows\System32\Wldp.dll

VM Arguments:
jvm_args: -ea -javaagent:C:\Program Files\JetBrains\IntelliJ IDEA Community Edition 2018.3.3\lib\idea_rt.jar=53426:C:\Program Files\JetBrains\IntelliJ IDEA Community Edition 2018.3.3\bin -Dfile.encoding=UTF-8 
java_command: net.runelite.client.RuneLite --debug --developer-mode
java_class_path (initial): C:\Program Files\Java\jdk1.8.0_201\jre\lib\charsets.jar;C:\Program Files\Java\jdk1.8.0_201\jre\lib\deploy.jar;C:\Program Files\Java\jdk1.8.0_201\jre\lib\ext\access-bridge-64.jar;C:\Program Files\Java\jdk1.8.0_201\jre\lib\ext\cldrdata.jar;C:\Program Files\Java\jdk1.8.0_201\jre\lib\ext\dnsns.jar;C:\Program Files\Java\jdk1.8.0_201\jre\lib\ext\jaccess.jar;C:\Program Files\Java\jdk1.8.0_201\jre\lib\ext\jfxrt.jar;C:\Program Files\Java\jdk1.8.0_201\jre\lib\ext\localedata.jar;C:\Program Files\Java\jdk1.8.0_201\jre\lib\ext\nashorn.jar;C:\Program Files\Java\jdk1.8.0_201\jre\lib\ext\sunec.jar;C:\Program Files\Java\jdk1.8.0_201\jre\lib\ext\sunjce_provider.jar;C:\Program Files\Java\jdk1.8.0_201\jre\lib\ext\sunmscapi.jar;C:\Program Files\Java\jdk1.8.0_201\jre\lib\ext\sunpkcs11.jar;C:\Program Files\Java\jdk1.8.0_201\jre\lib\ext\zipfs.jar;C:\Program Files\Java\jdk1.8.0_201\jre\lib\javaws.jar;C:\Program Files\Java\jdk1.8.0_201\jre\lib\jce.jar;C:\Program Files\Java\jdk1.8.0_201\jre\lib\jfr.jar;C:\Program Files\Java\jdk1.8.0_201\jre\lib\jfxswt.jar;C:\Program Files\Java\jdk1.8.0_201\jre\lib\jsse.jar;C:\Program Files\Java\jdk1.8.0_201\jre\lib\management-agent.jar;C:\Program Files\Java\jdk1.8.0_201\jre\lib\plugin.jar;C:\Program Files\Java\jdk1.8.0_201\jre\lib\resources.jar;C:\Program Files\Java\jdk1.8.0_201\jre\lib\rt.jar;C:\Users\asus\runelite\runelite-client\target\classes;C:\Users\asus\.m2\repository\org\slf4j\slf4j-api\1.7.25\slf4j-api-1.7.25.jar;C:\Users\asus\.m2\repository\ch\qos\logback\logback-classic\1.2.3\logback-classic-1.2.3.jar;C:\Users\asus\.m2\repository\ch\qos\logback\logback-core\1.2.3\logback-core-1.2.3.jar;C:\Users\asus\.m2\repository\net\sf\jopt-simple\jopt-simple\5.0.1\jopt-simple-5.0.1.jar;C:\Users\asus\.m2\repository\com\google\guava\guava\23.2-jre\guava-23.2-jre.jar;C:\Users\asus\.m2\repository\com\google\code\findbugs\jsr305\1.3.9\jsr305-1.3.9.jar;C:\Users\asus\.m2\repository\com\google\errorprone\error_prone_annotations\2.0.18\error_
Launcher Type: SUN_STANDARD

Environment Variables:
PATH=C:\Program Files (x86)\Common Files\Oracle\Java\javapath;C:\Program Files (x86)\Intel\iCLS Client\;C:\Program Files\Intel\iCLS Client\;C:\Windows\system32;C:\Windows;C:\Windows\System32\Wbem;C:\Windows\System32\WindowsPowerShell\v1.0\;C:\Program Files (x86)\NVIDIA Corporation\PhysX\Common;C:\Program Files (x86)\Intel\Intel(R) Management Engine Components\DAL;C:\Program Files\Intel\Intel(R) Management Engine Components\DAL;C:\Program Files (x86)\Intel\Intel(R) Management Engine Components\IPT;C:\Program Files\Intel\Intel(R) Management Engine Components\IPT;C:\WINDOWS\system32;C:\WINDOWS;C:\WINDOWS\System32\Wbem;C:\WINDOWS\System32\WindowsPowerShell\v1.0\;C:\WINDOWS\System32\OpenSSH\;C:\Documents\PuTTY\;C:\Program Files\Intel\WiFi\bin\;C:\Program Files\Common Files\Intel\WirelessCommon\;C:\cygwin\bin;C:\Program Files\Git\cmd;C:\Users\asus\AppData\Local\Microsoft\WindowsApps;C:\Users\asus\AppData\Local\GitHubDesktop\bin
USERNAME=asus
OS=Windows_NT
PROCESSOR_IDENTIFIER=Intel64 Family 6 Model 158 Stepping 9, GenuineIntel



---------------  S Y S T E M  ---------------

OS: Windows 10.0 , 64 bit Build 17134 (10.0.17134.556)

CPU:total 8 (initial active 8) (4 cores per cpu, 2 threads per core) family 6 model 158 stepping 9, cmov, cx8, fxsr, mmx, sse, sse2, sse3, ssse3, sse4.1, sse4.2, popcnt, avx, avx2, aes, clmul, erms, 3dnowpref, lzcnt, ht, tsc, tscinvbit, bmi1, bmi2, adx

Memory: 4k page, physical 16659216k(9600300k free), swap 19149584k(9655852k free)

vm_info: Java HotSpot(TM) 64-Bit Server VM (25.201-b09) for windows-amd64 JRE (1.8.0_201-b09), built on Dec 15 2018 18:36:39 by "java_re" with MS VC++ 10.0 (VS2010)

time: Fri Feb 22 12:23:50 2019
timezone: Eastern Standard Time
elapsed time: 9691 seconds (0d 2h 41m 31s)

