#
# A fatal error has been detected by the Java Runtime Environment:
#
#  EXCEPTION_ACCESS_VIOLATION (0xc0000005) at pc=0x00007ffe3d390e0e, pid=9760, tid=0x0000000000000694
#
# JRE version: Java(TM) SE Runtime Environment (8.0_201-b09) (build 1.8.0_201-b09)
# Java VM: Java HotSpot(TM) 64-Bit Server VM (25.201-b09 mixed mode windows-amd64 compressed oops)
# Problematic frame:
# C  [ig9icd64.dll+0x190e0e]
#
# Failed to write core dump. Minidumps are not enabled by default on client versions of Windows
#
# If you would like to submit a bug report, please visit:
#   http://bugreport.java.com/bugreport/crash.jsp
# The crash happened outside the Java Virtual Machine in native code.
# See problematic frame for where to report the bug.
#

---------------  T H R E A D  ---------------

Current thread (0x00000000203e5800):  JavaThread "Thread-5" daemon [_thread_in_native, id=1684, stack(0x0000000027b60000,0x0000000027c60000)]

siginfo: ExceptionCode=0xc0000005, reading address 0x0000000000000008

Registers:
RAX=0x0000000000000000, RBX=0x00007ffe3d6e9290, RCX=0x000000002316d390, RDX=0x00000000340e1480
RSP=0x0000000027c5e0f0, RBP=0x0000000027c5e360, RSI=0x0000000027c5e320, RDI=0x0000000000000000
R8 =0x0000000009770000, R9 =0x0000000000000000, R10=0x0000000027c5e4a0, R11=0x0000000027c5e288
R12=0x0000000000000007, R13=0x0000000000000000, R14=0x0000000027c5e5f0, R15=0x0000000027c5e3a0
RIP=0x00007ffe3d390e0e, EFLAGS=0x0000000000010246

Top of Stack: (sp=0x0000000027c5e0f0)
0x0000000027c5e0f0:   0000000033c9bd80 00000000340e1480
0x0000000027c5e100:   0000000000000000 0000000027c5e218
0x0000000027c5e110:   0000000000000000 0000000027c5e360
0x0000000027c5e120:   0000000027c5e150 0000000027c5e190
0x0000000027c5e130:   0000000027c5e1d8 0000000027c5e160
0x0000000027c5e140:   0000000027c5e1f8 0000000027c5e170
0x0000000027c5e150:   0000000027c5e300 0000000027c5e250
0x0000000027c5e160:   0000000000000c08 0000000033e6ed90
0x0000000027c5e170:   0000000038f320e0 0000000038f320e0
0x0000000027c5e180:   0000000033e6eab0 00007ffe3db1165c
0x0000000027c5e190:   0000000038f31d70 00000000384145b0
0x0000000027c5e1a0:   0000000038f320e0 000000002312e240
0x0000000027c5e1b0:   0000000027c5e3a0 0000000027c5e4a0
0x0000000027c5e1c0:   0000000038417c70 0000000038417c70
0x0000000027c5e1d0:   0000000000000000 00000000384145b0
0x0000000027c5e1e0:   0000000027c5e239 00007ffe3d2466d6 

Instructions: (pc=0x00007ffe3d390e0e)
0x00007ffe3d390dee:   48 85 c9 74 06 48 8b 41 20 eb 15 48 8b 80 98 00
0x00007ffe3d390dfe:   00 00 48 85 c0 74 06 48 8b 40 20 eb 03 48 8b c7
0x00007ffe3d390e0e:   48 8b 48 08 48 85 c9 74 54 81 79 14 5d 01 00 00
0x00007ffe3d390e1e:   75 4b 81 26 ff ff 97 f6 81 0e 00 00 94 06 8b 81 


Register to memory mapping:

RAX=0x0000000000000000 is an unknown value
RBX=0x00007ffe3d6e9290 is an unknown value
RCX=0x000000002316d390 is an unknown value
RDX=0x00000000340e1480 is an unknown value
RSP=0x0000000027c5e0f0 is pointing into the stack for thread: 0x00000000203e5800
RBP=0x0000000027c5e360 is pointing into the stack for thread: 0x00000000203e5800
RSI=0x0000000027c5e320 is pointing into the stack for thread: 0x00000000203e5800
RDI=0x0000000000000000 is an unknown value
R8 =0x0000000009770000 is an unknown value
R9 =0x0000000000000000 is an unknown value
R10=0x0000000027c5e4a0 is pointing into the stack for thread: 0x00000000203e5800
R11=0x0000000027c5e288 is pointing into the stack for thread: 0x00000000203e5800
R12=0x0000000000000007 is an unknown value
R13=0x0000000000000000 is an unknown value
R14=0x0000000027c5e5f0 is pointing into the stack for thread: 0x00000000203e5800
R15=0x0000000027c5e3a0 is pointing into the stack for thread: 0x00000000203e5800


Stack: [0x0000000027b60000,0x0000000027c60000],  sp=0x0000000027c5e0f0,  free space=1016k
Native frames: (J=compiled Java code, j=interpreted, Vv=VM code, C=native code)
C  [ig9icd64.dll+0x190e0e]
C  [ig9icd64.dll+0x4a0cbd]
C  [ig9icd64.dll+0x4a4d27]
C  [ig9icd64.dll+0x398298]
C  [ig9icd64.dll+0x353cc5]
C  [ig9icd64.dll+0x152415]
C  [ig9icd64.dll+0x143304]
C  [ig9icd64.dll+0x13ff36]
C  0x0000000003df5a97

Java frames: (J=compiled Java code, j=interpreted, Vv=VM code)
J 6861  jogamp.opengl.gl4.GL4bcImpl.dispatch_glTexSubImage2D1(IIIIIIIILjava/lang/Object;IZJ)V (0 bytes) @ 0x0000000003df5a19 [0x0000000003df5980+0x99]
J 6860 C1 jogamp.opengl.gl4.GL4bcImpl.glTexSubImage2D(IIIIIIIILjava/nio/Buffer;)V (126 bytes) @ 0x0000000003df6b8c [0x0000000003df5e80+0xd0c]
J 6979 C1 net.runelite.client.plugins.gpu.GpuPlugin.drawUi(II)V (561 bytes) @ 0x0000000003e3dbac [0x0000000003e3ce20+0xd8c]
J 9332 C2 net.runelite.client.plugins.gpu.GpuPlugin.draw()V (2777 bytes) @ 0x00000000046ca638 [0x00000000046c8660+0x1fd8]
J 6828 C1 ah.p(Ljava/lang/Object;I)V (136 bytes) @ 0x0000000003dd793c [0x0000000003dd7720+0x21c]
j  ah.run()V+380
j  java.lang.Thread.run()V+11
v  ~StubRoutines::call_stub

---------------  P R O C E S S  ---------------

Java Threads: ( => current thread )
  0x00000000203e2000 JavaThread "Thread-1" daemon [_thread_in_native, id=1820, stack(0x000000005ab50000,0x000000005ac50000)]
  0x0000000026ded800 JavaThread "Okio Watchdog" daemon [_thread_blocked, id=17148, stack(0x000000005a950000,0x000000005aa50000)]
  0x0000000026de3800 JavaThread "Image Fetcher 0" daemon [_thread_blocked, id=8612, stack(0x000000005a850000,0x000000005a950000)]
  0x0000000026de9000 JavaThread "Twitch" [_thread_in_native, id=15644, stack(0x000000005a350000,0x000000005a450000)]
  0x0000000026de6000 JavaThread "Thread-22" daemon [_thread_blocked, id=15520, stack(0x000000003bea0000,0x000000003bfa0000)]
  0x0000000026de8800 JavaThread "Thread-21" daemon [_thread_in_native, id=16840, stack(0x000000003bda0000,0x000000003bea0000)]
  0x0000000026dea800 JavaThread "Thread-18" daemon [_thread_blocked, id=548, stack(0x000000003b2a0000,0x000000003b3a0000)]
  0x0000000026dec000 JavaThread "pool-5-thread-1" [_thread_blocked, id=15696, stack(0x000000003b1a0000,0x000000003b2a0000)]
  0x0000000026de7800 JavaThread "Java Sound Event Dispatcher" daemon [_thread_blocked, id=19968, stack(0x000000003aea0000,0x000000003afa0000)]
  0x0000000026dea000 JavaThread "DestroyJavaVM" [_thread_blocked, id=7404, stack(0x0000000002640000,0x0000000002740000)]
  0x0000000026de4800 JavaThread "TimerQueue" daemon [_thread_blocked, id=16280, stack(0x0000000029580000,0x0000000029680000)]
  0x0000000026de5000 JavaThread "pool-4-thread-1" [_thread_blocked, id=10072, stack(0x0000000029280000,0x0000000029380000)]
  0x0000000026de0800 JavaThread "Thread-12" daemon [_thread_blocked, id=17672, stack(0x0000000029180000,0x0000000029280000)]
  0x0000000026de1800 JavaThread "Trident pulse source thread" daemon [_thread_blocked, id=21192, stack(0x0000000028680000,0x0000000028780000)]
  0x0000000026de3000 JavaThread "Trident callback thread" daemon [_thread_blocked, id=19096, stack(0x0000000028580000,0x0000000028680000)]
  0x0000000026de2000 JavaThread "Substance heap status" daemon [_thread_blocked, id=16576, stack(0x0000000028180000,0x0000000028280000)]
  0x0000000026ddf000 JavaThread "Thread-6" daemon [_thread_blocked, id=3248, stack(0x0000000027c60000,0x0000000027d60000)]
=>0x00000000203e5800 JavaThread "Thread-5" daemon [_thread_in_native, id=1684, stack(0x0000000027b60000,0x0000000027c60000)]
  0x00000000203e3800 JavaThread "Thread-4" daemon [_thread_blocked, id=4504, stack(0x0000000027a60000,0x0000000027b60000)]
  0x00000000203e1000 JavaThread "AWT-EventQueue-0" [_thread_blocked, id=20444, stack(0x0000000025e60000,0x0000000025f60000)]
  0x00000000203e0800 JavaThread "AWT-Shutdown" [_thread_blocked, id=8380, stack(0x0000000025d60000,0x0000000025e60000)]
  0x00000000203e2800 JavaThread "AWT-Windows" daemon [_thread_in_native, id=3736, stack(0x0000000023180000,0x0000000023280000)]
  0x00000000203e7000 JavaThread "Java2D Disposer" daemon [_thread_blocked, id=7384, stack(0x0000000022e80000,0x0000000022f80000)]
  0x00000000203e5000 JavaThread "OkHttp ConnectionPool" daemon [_thread_blocked, id=12528, stack(0x00000000217b0000,0x00000000218b0000)]
  0x0000000020560000 JavaThread "pool-2-thread-1" [_thread_blocked, id=14504, stack(0x00000000213b0000,0x00000000214b0000)]
  0x000000001e46d800 JavaThread "Service Thread" daemon [_thread_blocked, id=4020, stack(0x000000001ef60000,0x000000001f060000)]
  0x000000001e3d5000 JavaThread "C1 CompilerThread3" daemon [_thread_blocked, id=1864, stack(0x000000001ee60000,0x000000001ef60000)]
  0x000000001e3c4000 JavaThread "C2 CompilerThread2" daemon [_thread_blocked, id=18036, stack(0x000000001ed60000,0x000000001ee60000)]
  0x000000001e3bf800 JavaThread "C2 CompilerThread1" daemon [_thread_blocked, id=5880, stack(0x000000001ec60000,0x000000001ed60000)]
  0x000000001e3ba800 JavaThread "C2 CompilerThread0" daemon [_thread_blocked, id=20136, stack(0x000000001eb60000,0x000000001ec60000)]
  0x000000001e3b7000 JavaThread "Monitor Ctrl-Break" daemon [_thread_in_native, id=14260, stack(0x000000001ea60000,0x000000001eb60000)]
  0x000000001e1a9800 JavaThread "Attach Listener" daemon [_thread_blocked, id=14136, stack(0x000000001e960000,0x000000001ea60000)]
  0x000000001e1a8000 JavaThread "Signal Dispatcher" daemon [_thread_blocked, id=19540, stack(0x000000001e860000,0x000000001e960000)]
  0x000000001e191000 JavaThread "Finalizer" daemon [_thread_blocked, id=20252, stack(0x000000001e670000,0x000000001e770000)]
  0x000000001c3ad800 JavaThread "Reference Handler" daemon [_thread_blocked, id=6688, stack(0x000000001e570000,0x000000001e670000)]

Other Threads:
  0x000000001c3a8800 VMThread [stack: 0x000000001e070000,0x000000001e170000] [id=10636]
  0x000000001e4f9000 WatcherThread [stack: 0x000000001f060000,0x000000001f160000] [id=18304]

VM state:not at safepoint (normal execution)

VM Mutex/Monitor currently owned by a thread: None

heap address: 0x00000006c1c00000, size: 4068 MB, Compressed Oops mode: Zero based, Oop shift amount: 3
Narrow klass base: 0x0000000000000000, Narrow klass shift: 3
Compressed class space size: 1073741824 Address: 0x00000007c0000000

Heap:
 PSYoungGen      total 850944K, used 575981K [0x000000076b400000, 0x00000007b4c80000, 0x00000007c0000000)
  eden space 835584K, 68% used [0x000000076b400000,0x000000078e67b580,0x000000079e400000)
  from space 15360K, 0% used [0x000000079e400000,0x000000079e400000,0x000000079f300000)
  to   space 34304K, 0% used [0x00000007b2b00000,0x00000007b2b00000,0x00000007b4c80000)
 ParOldGen       total 203264K, used 79094K [0x00000006c1c00000, 0x00000006ce280000, 0x000000076b400000)
  object space 203264K, 38% used [0x00000006c1c00000,0x00000006c693d910,0x00000006ce280000)
 Metaspace       used 59054K, capacity 62744K, committed 62848K, reserved 1105920K
  class space    used 6684K, capacity 7258K, committed 7296K, reserved 1048576K

Card table byte_map: [0x0000000011d00000,0x0000000012500000] byte_map_base: 0x000000000e6f2000

Marking Bits: (ParMarkBitMap*) 0x0000000067774ce0
 Begin Bits: [0x0000000013250000, 0x00000000171e0000)
 End Bits:   [0x00000000171e0000, 0x000000001b170000)

Polling page: 0x0000000002530000

CodeCache: size=245760Kb used=35210Kb max_used=35632Kb free=210549Kb
 bounds [0x0000000002940000, 0x0000000004c80000, 0x0000000011940000]
 total_blobs=9444 nmethods=8319 adapters=1035
 compilation: enabled

Compilation events (10 events):
Event: 144.039 Thread 0x000000001e3d5000 10576       3       java.util.concurrent.CopyOnWriteArrayList::contains (22 bytes)
Event: 144.039 Thread 0x000000001e3d5000 nmethod 10576 0x0000000004c40bd0 code [0x0000000004c40d40, 0x0000000004c40fc8]
Event: 144.043 Thread 0x000000001e3d5000 10577       3       java.util.IdentityHashMap$KeySet::iterator (13 bytes)
Event: 144.048 Thread 0x000000001e3d5000 nmethod 10577 0x0000000004c42750 code [0x0000000004c428e0, 0x0000000004c42c28]
Event: 144.054 Thread 0x000000001e3d5000 10580       3       java.lang.Class::getSimpleName (120 bytes)
Event: 144.056 Thread 0x000000001e3d5000 nmethod 10580 0x0000000004c39150 code [0x0000000004c39440, 0x0000000004c3ab78]
Event: 144.057 Thread 0x000000001e3d5000 10578       3       java.util.IdentityHashMap$KeyIterator::<init> (6 bytes)
Event: 144.057 Thread 0x000000001e3d5000 nmethod 10578 0x0000000004c42250 code [0x0000000004c423c0, 0x0000000004c42628]
Event: 144.058 Thread 0x000000001e3d5000 10579       3       java.util.IdentityHashMap$KeyIterator::<init> (12 bytes)
Event: 144.058 Thread 0x000000001e3d5000 nmethod 10579 0x0000000002aaec90 code [0x0000000002aaee00, 0x0000000002aaf008]

GC Heap History (10 events):
Event: 4.634 GC heap before
{Heap before GC invocations=10 (full 1):
 PSYoungGen      total 538112K, used 5118K [0x000000076b400000, 0x00000007a0280000, 0x00000007c0000000)
  eden space 524288K, 0% used [0x000000076b400000,0x000000076b400000,0x000000078b400000)
  from space 13824K, 37% used [0x000000078b400000,0x000000078b8ffab0,0x000000078c180000)
  to   space 13824K, 0% used [0x000000079f500000,0x000000079f500000,0x00000007a0280000)
 ParOldGen       total 175104K, used 8989K [0x00000006c1c00000, 0x00000006cc700000, 0x000000076b400000)
  object space 175104K, 5% used [0x00000006c1c00000,0x00000006c24c7740,0x00000006cc700000)
 Metaspace       used 20772K, capacity 21036K, committed 21248K, reserved 1069056K
  class space    used 2330K, capacity 2458K, committed 2560K, reserved 1048576K
Event: 4.674 GC heap after
Heap after GC invocations=10 (full 1):
 PSYoungGen      total 538112K, used 0K [0x000000076b400000, 0x00000007a0280000, 0x00000007c0000000)
  eden space 524288K, 0% used [0x000000076b400000,0x000000076b400000,0x000000078b400000)
  from space 13824K, 0% used [0x000000078b400000,0x000000078b400000,0x000000078c180000)
  to   space 13824K, 0% used [0x000000079f500000,0x000000079f500000,0x00000007a0280000)
 ParOldGen       total 89600K, used 10315K [0x00000006c1c00000, 0x00000006c7380000, 0x000000076b400000)
  object space 89600K, 11% used [0x00000006c1c00000,0x00000006c2612ff8,0x00000006c7380000)
 Metaspace       used 20772K, capacity 21036K, committed 21248K, reserved 1069056K
  class space    used 2330K, capacity 2458K, committed 2560K, reserved 1048576K
}
Event: 10.428 GC heap before
{Heap before GC invocations=11 (full 1):
 PSYoungGen      total 538112K, used 171496K [0x000000076b400000, 0x00000007a0280000, 0x00000007c0000000)
  eden space 524288K, 32% used [0x000000076b400000,0x0000000775b7a0e8,0x000000078b400000)
  from space 13824K, 0% used [0x000000078b400000,0x000000078b400000,0x000000078c180000)
  to   space 13824K, 0% used [0x000000079f500000,0x000000079f500000,0x00000007a0280000)
 ParOldGen       total 89600K, used 10315K [0x00000006c1c00000, 0x00000006c7380000, 0x000000076b400000)
  object space 89600K, 11% used [0x00000006c1c00000,0x00000006c2612ff8,0x00000006c7380000)
 Metaspace       used 34520K, capacity 35012K, committed 35416K, reserved 1081344K
  class space    used 4050K, capacity 4197K, committed 4224K, reserved 1048576K
Event: 10.441 GC heap after
Heap after GC invocations=11 (full 1):
 PSYoungGen      total 793600K, used 13203K [0x000000076b400000, 0x00000007a0200000, 0x00000007c0000000)
  eden space 780288K, 0% used [0x000000076b400000,0x000000076b400000,0x000000079ae00000)
  from space 13312K, 99% used [0x000000079f500000,0x00000007a01e4e18,0x00000007a0200000)
  to   space 15360K, 0% used [0x000000079e400000,0x000000079e400000,0x000000079f300000)
 ParOldGen       total 89600K, used 10323K [0x00000006c1c00000, 0x00000006c7380000, 0x000000076b400000)
  object space 89600K, 11% used [0x00000006c1c00000,0x00000006c2614ff8,0x00000006c7380000)
 Metaspace       used 34520K, capacity 35012K, committed 35416K, reserved 1081344K
  class space    used 4050K, capacity 4197K, committed 4224K, reserved 1048576K
}
Event: 10.441 GC heap before
{Heap before GC invocations=12 (full 2):
 PSYoungGen      total 793600K, used 13203K [0x000000076b400000, 0x00000007a0200000, 0x00000007c0000000)
  eden space 780288K, 0% used [0x000000076b400000,0x000000076b400000,0x000000079ae00000)
  from space 13312K, 99% used [0x000000079f500000,0x00000007a01e4e18,0x00000007a0200000)
  to   space 15360K, 0% used [0x000000079e400000,0x000000079e400000,0x000000079f300000)
 ParOldGen       total 89600K, used 10323K [0x00000006c1c00000, 0x00000006c7380000, 0x000000076b400000)
  object space 89600K, 11% used [0x00000006c1c00000,0x00000006c2614ff8,0x00000006c7380000)
 Metaspace       used 34520K, capacity 35012K, committed 35416K, reserved 1081344K
  class space    used 4050K, capacity 4197K, committed 4224K, reserved 1048576K
Event: 10.495 GC heap after
Heap after GC invocations=12 (full 2):
 PSYoungGen      total 793600K, used 0K [0x000000076b400000, 0x00000007a0200000, 0x00000007c0000000)
  eden space 780288K, 0% used [0x000000076b400000,0x000000076b400000,0x000000079ae00000)
  from space 13312K, 0% used [0x000000079f500000,0x000000079f500000,0x00000007a0200000)
  to   space 15360K, 0% used [0x000000079e400000,0x000000079e400000,0x000000079f300000)
 ParOldGen       total 116736K, used 22317K [0x00000006c1c00000, 0x00000006c8e00000, 0x000000076b400000)
  object space 116736K, 19% used [0x00000006c1c00000,0x00000006c31cb480,0x00000006c8e00000)
 Metaspace       used 34520K, capacity 35012K, committed 35416K, reserved 1081344K
  class space    used 4050K, capacity 4197K, committed 4224K, reserved 1048576K
}
Event: 37.850 GC heap before
{Heap before GC invocations=13 (full 2):
 PSYoungGen      total 793600K, used 487965K [0x000000076b400000, 0x00000007a0200000, 0x00000007c0000000)
  eden space 780288K, 62% used [0x000000076b400000,0x00000007890874e8,0x000000079ae00000)
  from space 13312K, 0% used [0x000000079f500000,0x000000079f500000,0x00000007a0200000)
  to   space 15360K, 0% used [0x000000079e400000,0x000000079e400000,0x000000079f300000)
 ParOldGen       total 116736K, used 22317K [0x00000006c1c00000, 0x00000006c8e00000, 0x000000076b400000)
  object space 116736K, 19% used [0x00000006c1c00000,0x00000006c31cb480,0x00000006c8e00000)
 Metaspace       used 55493K, capacity 58926K, committed 59008K, reserved 1101824K
  class space    used 6458K, capacity 7007K, committed 7040K, reserved 1048576K
Event: 37.877 GC heap after
Heap after GC invocations=13 (full 2):
 PSYoungGen      total 850944K, used 15332K [0x000000076b400000, 0x00000007b4c80000, 0x00000007c0000000)
  eden space 835584K, 0% used [0x000000076b400000,0x000000076b400000,0x000000079e400000)
  from space 15360K, 99% used [0x000000079e400000,0x000000079f2f9318,0x000000079f300000)
  to   space 34304K, 0% used [0x00000007b2b00000,0x00000007b2b00000,0x00000007b4c80000)
 ParOldGen       total 116736K, used 68801K [0x00000006c1c00000, 0x00000006c8e00000, 0x000000076b400000)
  object space 116736K, 58% used [0x00000006c1c00000,0x00000006c5f30590,0x00000006c8e00000)
 Metaspace       used 55493K, capacity 58926K, committed 59008K, reserved 1101824K
  class space    used 6458K, capacity 7007K, committed 7040K, reserved 1048576K
}
Event: 37.878 GC heap before
{Heap before GC invocations=14 (full 3):
 PSYoungGen      total 850944K, used 15332K [0x000000076b400000, 0x00000007b4c80000, 0x00000007c0000000)
  eden space 835584K, 0% used [0x000000076b400000,0x000000076b400000,0x000000079e400000)
  from space 15360K, 99% used [0x000000079e400000,0x000000079f2f9318,0x000000079f300000)
  to   space 34304K, 0% used [0x00000007b2b00000,0x00000007b2b00000,0x00000007b4c80000)
 ParOldGen       total 116736K, used 68801K [0x00000006c1c00000, 0x00000006c8e00000, 0x000000076b400000)
  object space 116736K, 58% used [0x00000006c1c00000,0x00000006c5f30590,0x00000006c8e00000)
 Metaspace       used 55493K, capacity 58926K, committed 59008K, reserved 1101824K
  class space    used 6458K, capacity 7007K, committed 7040K, reserved 1048576K
Event: 38.100 GC heap after
Heap after GC invocations=14 (full 3):
 PSYoungGen      total 850944K, used 0K [0x000000076b400000, 0x00000007b4c80000, 0x00000007c0000000)
  eden space 835584K, 0% used [0x000000076b400000,0x000000076b400000,0x000000079e400000)
  from space 15360K, 0% used [0x000000079e400000,0x000000079e400000,0x000000079f300000)
  to   space 34304K, 0% used [0x00000007b2b00000,0x00000007b2b00000,0x00000007b4c80000)
 ParOldGen       total 203264K, used 79094K [0x00000006c1c00000, 0x00000006ce280000, 0x000000076b400000)
  object space 203264K, 38% used [0x00000006c1c00000,0x00000006c693d910,0x00000006ce280000)
 Metaspace       used 55493K, capacity 58926K, committed 59008K, reserved 1101824K
  class space    used 6458K, capacity 7007K, committed 7040K, reserved 1048576K
}

Deoptimization events (10 events):
Event: 143.944 Thread 0x00000000203e1000 Uncommon trap: reason=unstable_if action=reinterpret pc=0x00000000038bcc98 method=java.awt.KeyboardFocusManager.getPermanentFocusOwner()Ljava/awt/Component; @ 8
Event: 143.944 Thread 0x00000000203e1000 Uncommon trap: reason=unstable_if action=reinterpret pc=0x00000000038ac2cc method=java.awt.Container.isParentOf(Ljava/awt/Component;)Z @ 13
Event: 143.944 Thread 0x00000000203e1000 Uncommon trap: reason=unstable_if action=reinterpret pc=0x00000000038d00d4 method=javax.swing.JComponent.unregisterWithKeyboardManager()V @ 11
Event: 143.944 Thread 0x00000000203e1000 Uncommon trap: reason=unstable_if action=reinterpret pc=0x00000000038ac2cc method=java.awt.Container.isParentOf(Ljava/awt/Component;)Z @ 13
Event: 143.944 Thread 0x00000000203e1000 Uncommon trap: reason=unstable_if action=reinterpret pc=0x00000000038ac2cc method=java.awt.Container.isParentOf(Ljava/awt/Component;)Z @ 13
Event: 143.944 Thread 0x00000000203e1000 Uncommon trap: reason=unstable_if action=reinterpret pc=0x00000000038ac2cc method=java.awt.Container.isParentOf(Ljava/awt/Component;)Z @ 13
Event: 143.944 Thread 0x00000000203e1000 Uncommon trap: reason=unstable_if action=reinterpret pc=0x00000000038ac2cc method=java.awt.Container.isParentOf(Ljava/awt/Component;)Z @ 13
Event: 143.945 Thread 0x00000000203e1000 Uncommon trap: reason=unstable_if action=reinterpret pc=0x00000000037470d0 method=java.awt.EventQueue.removeSourceEvents(Ljava/lang/Object;Z)V @ 51
Event: 144.054 Thread 0x0000000026de7000 Uncommon trap: reason=unstable_if action=reinterpret pc=0x000000000416a5e0 method=jogamp.common.util.locks.RecursiveLockImpl01Unfairish$SingleThreadSync.isOwner(Ljava/lang/Thread;)Z @ 5
Event: 144.134 Thread 0x00000000203e5800 Uncommon trap: reason=unstable_if action=reinterpret pc=0x0000000004633c4c method=sun.java2d.d3d.D3DScreenUpdateManager.createGraphics(Lsun/java2d/SurfaceData;Lsun/awt/windows/WComponentPeer;Ljava/awt/Color;Ljava/awt/Color;Ljava/awt/Font;)Ljava/awt/Graphi

Classes redefined (0 events):
No events

Internal exceptions (10 events):
Event: 50.492 Thread 0x00000000203e5800 Implicit null exception at 0x00000000037aff63 to 0x00000000037b03ff
Event: 54.211 Thread 0x00000000203e1000 Implicit null exception at 0x0000000003ad7cd3 to 0x0000000003ad8051
Event: 54.211 Thread 0x00000000203e1000 Implicit null exception at 0x00000000036a1e2c to 0x00000000036a2049
Event: 64.561 Thread 0x00000000203e5800 Implicit null exception at 0x0000000002c8c118 to 0x0000000002c8c1bd
Event: 71.751 Thread 0x00000000203e5800 Implicit null exception at 0x0000000002c8c118 to 0x0000000002c8c1bd
Event: 139.088 Thread 0x00000000203e1000 Implicit null exception at 0x00000000042f8dad to 0x00000000042f9ded
Event: 141.539 Thread 0x00000000203e1000 Implicit null exception at 0x0000000002c28042 to 0x0000000002c282c9
Event: 141.541 Thread 0x00000000203e1000 Implicit null exception at 0x00000000034939dc to 0x00000000034977d1
Event: 143.944 Thread 0x00000000203e1000 Implicit null exception at 0x00000000038bca6c to 0x00000000038bcc89
Event: 143.948 Thread 0x00000000203e1000 Exception <a 'java/net/SocketTimeoutException': Read timed out> (0x000000078d1f8ac8) thrown at [C:\re\workspace\8-2-build-windows-amd64-cygwin\jdk8u201\12322\hotspot\src\share\vm\prims\jni.cpp, line 735]

Events (10 events):
Event: 144.069 loading class jogamp/opengl/egl/EGLDisplayUtil$1
Event: 144.069 loading class jogamp/opengl/egl/EGLDisplayUtil$1 done
Event: 144.070 Executing VM operation: RevokeBias
Event: 144.070 Executing VM operation: RevokeBias done
Event: 144.070 Executing VM operation: RevokeBias
Event: 144.070 Executing VM operation: RevokeBias done
Event: 144.070 Thread 0x000000001f7e6800 Thread exited: 0x000000001f7e6800
Event: 144.134 Thread 0x00000000203e5800 Uncommon trap: trap_request=0xffffff65 fr.pc=0x0000000004633c4c
Event: 144.134 Thread 0x00000000203e5800 DEOPT PACKING pc=0x0000000004633c4c sp=0x0000000027c5f1d0
Event: 144.134 Thread 0x00000000203e5800 DEOPT UNPACKING pc=0x000000000298583b sp=0x0000000027c5eff0 mode 2


Dynamic libraries:
0x00007ff688980000 - 0x00007ff6889b7000 	C:\Program Files\Java\jdk1.8.0_201\bin\java.exe
0x00007ffe8cb00000 - 0x00007ffe8cce1000 	C:\WINDOWS\SYSTEM32\ntdll.dll
0x00007ffe8c120000 - 0x00007ffe8c1d2000 	C:\WINDOWS\System32\KERNEL32.DLL
0x00007ffe88f20000 - 0x00007ffe89193000 	C:\WINDOWS\System32\KERNELBASE.dll
0x00007ffe8bfa0000 - 0x00007ffe8c041000 	C:\WINDOWS\System32\ADVAPI32.dll
0x00007ffe8a530000 - 0x00007ffe8a5ce000 	C:\WINDOWS\System32\msvcrt.dll
0x00007ffe8c350000 - 0x00007ffe8c3ab000 	C:\WINDOWS\System32\sechost.dll
0x00007ffe8a600000 - 0x00007ffe8a724000 	C:\WINDOWS\System32\RPCRT4.dll
0x00007ffe8c940000 - 0x00007ffe8cad0000 	C:\WINDOWS\System32\USER32.dll
0x00007ffe89af0000 - 0x00007ffe89b10000 	C:\WINDOWS\System32\win32u.dll
0x00007ffe8c890000 - 0x00007ffe8c8b8000 	C:\WINDOWS\System32\GDI32.dll
0x00007ffe89950000 - 0x00007ffe89ae2000 	C:\WINDOWS\System32\gdi32full.dll
0x00007ffe898b0000 - 0x00007ffe8994f000 	C:\WINDOWS\System32\msvcp_win.dll
0x00007ffe89d00000 - 0x00007ffe89dfa000 	C:\WINDOWS\System32\ucrtbase.dll
0x00007ffe796c0000 - 0x00007ffe79929000 	C:\WINDOWS\WinSxS\amd64_microsoft.windows.common-controls_6595b64144ccf1df_6.0.17134.590_none_fb3d9bff3069e088\COMCTL32.dll
0x00007ffe89f90000 - 0x00007ffe8a2b2000 	C:\WINDOWS\System32\combase.dll
0x00007ffe89e00000 - 0x00007ffe89e7a000 	C:\WINDOWS\System32\bcryptPrimitives.dll
0x00007ffe8a5d0000 - 0x00007ffe8a5fd000 	C:\WINDOWS\System32\IMM32.DLL
0x00007ffe87f00000 - 0x00007ffe87f31000 	C:\WINDOWS\SYSTEM32\ntmarta.dll
0x00007ffe88d40000 - 0x00007ffe88d70000 	C:\WINDOWS\SYSTEM32\SspiCli.dll
0x0000000067800000 - 0x00000000678d1000 	C:\Program Files\Java\jdk1.8.0_201\jre\bin\msvcr100.dll
0x0000000066f50000 - 0x00000000677f4000 	C:\Program Files\Java\jdk1.8.0_201\jre\bin\server\jvm.dll
0x00007ffe8c1e0000 - 0x00007ffe8c1e8000 	C:\WINDOWS\System32\PSAPI.DLL
0x00007ffe764f0000 - 0x00007ffe764f9000 	C:\WINDOWS\SYSTEM32\WSOCK32.dll
0x00007ffe8c0b0000 - 0x00007ffe8c11c000 	C:\WINDOWS\System32\WS2_32.dll
0x00007ffe84b60000 - 0x00007ffe84b83000 	C:\WINDOWS\SYSTEM32\WINMM.dll
0x00007ffe83540000 - 0x00007ffe8354a000 	C:\WINDOWS\SYSTEM32\VERSION.dll
0x00007ffe84b10000 - 0x00007ffe84b3a000 	C:\WINDOWS\SYSTEM32\WINMMBASE.dll
0x00007ffe88ed0000 - 0x00007ffe88f19000 	C:\WINDOWS\System32\cfgmgr32.dll
0x00007ffe7ad50000 - 0x00007ffe7ad5f000 	C:\Program Files\Java\jdk1.8.0_201\jre\bin\verify.dll
0x00007ffe78f30000 - 0x00007ffe78f59000 	C:\Program Files\Java\jdk1.8.0_201\jre\bin\java.dll
0x00007ffe79b20000 - 0x00007ffe79b43000 	C:\Program Files\Java\jdk1.8.0_201\jre\bin\instrument.dll
0x00007ffe76a40000 - 0x00007ffe76a56000 	C:\Program Files\Java\jdk1.8.0_201\jre\bin\zip.dll
0x00007ffe8ab60000 - 0x00007ffe8bfa0000 	C:\WINDOWS\System32\SHELL32.dll
0x00007ffe8a7d0000 - 0x00007ffe8a879000 	C:\WINDOWS\System32\shcore.dll
0x00007ffe891a0000 - 0x00007ffe898ad000 	C:\WINDOWS\System32\windows.storage.dll
0x00007ffe8c3b0000 - 0x00007ffe8c401000 	C:\WINDOWS\System32\shlwapi.dll
0x00007ffe88eb0000 - 0x00007ffe88ec1000 	C:\WINDOWS\System32\kernel.appcore.dll
0x00007ffe88e40000 - 0x00007ffe88e5f000 	C:\WINDOWS\System32\profapi.dll
0x00007ffe88e60000 - 0x00007ffe88eac000 	C:\WINDOWS\System32\powrprof.dll
0x00007ffe88e10000 - 0x00007ffe88e1a000 	C:\WINDOWS\System32\FLTLIB.DLL
0x00007ffe79a80000 - 0x00007ffe79a9a000 	C:\Program Files\JetBrains\IntelliJ IDEA Community Edition 2018.3.3\bin\breakgen64.dll
0x00007ffe76a20000 - 0x00007ffe76a3a000 	C:\Program Files\Java\jdk1.8.0_201\jre\bin\net.dll
0x00007ffe7b1f0000 - 0x00007ffe7b3b9000 	C:\WINDOWS\SYSTEM32\urlmon.dll
0x00007ffe79410000 - 0x00007ffe796b5000 	C:\WINDOWS\SYSTEM32\iertutil.dll
0x00007ffe88840000 - 0x00007ffe8884b000 	C:\WINDOWS\SYSTEM32\CRYPTBASE.DLL
0x00007ffe88690000 - 0x00007ffe886f6000 	C:\WINDOWS\system32\mswsock.dll
0x00007ffe711b0000 - 0x00007ffe711d4000 	C:\Program Files\Java\jdk1.8.0_201\jre\bin\sunec.dll
0x00007ffe88410000 - 0x00007ffe88448000 	C:\WINDOWS\SYSTEM32\IPHLPAPI.DLL
0x00007ffe8a880000 - 0x00007ffe8a888000 	C:\WINDOWS\System32\NSI.dll
0x00007ffe810a0000 - 0x00007ffe810b6000 	C:\WINDOWS\SYSTEM32\dhcpcsvc6.DLL
0x00007ffe81260000 - 0x00007ffe8127a000 	C:\WINDOWS\SYSTEM32\dhcpcsvc.DLL
0x00007ffe76a00000 - 0x00007ffe76a11000 	C:\Program Files\Java\jdk1.8.0_201\jre\bin\nio.dll
0x00007ffe88850000 - 0x00007ffe88867000 	C:\WINDOWS\SYSTEM32\CRYPTSP.dll
0x00007ffe88270000 - 0x00007ffe882a3000 	C:\WINDOWS\system32\rsaenh.dll
0x00007ffe88970000 - 0x00007ffe88995000 	C:\WINDOWS\SYSTEM32\bcrypt.dll
0x00007ffe88d10000 - 0x00007ffe88d38000 	C:\WINDOWS\SYSTEM32\USERENV.dll
0x00007ffe6e3a0000 - 0x00007ffe6e3e2000 	C:\Users\asus\AppData\Local\Temp\jna-3003984\jna2803898458555309552.dll
0x00007ffe60a60000 - 0x00007ffe60afc000 	C:\Users\asus\AppData\Local\Temp\jna-3003984\jna4464352404757729461.dll
0x00007ffe88450000 - 0x00007ffe8850e000 	C:\WINDOWS\SYSTEM32\DNSAPI.dll
0x00007ffe7c910000 - 0x00007ffe7c91a000 	C:\Windows\System32\rasadhlp.dll
0x00007ffe7cf10000 - 0x00007ffe7cf82000 	C:\WINDOWS\System32\fwpuclnt.dll
0x00007ffe4b410000 - 0x00007ffe4b5a9000 	C:\Program Files\Java\jdk1.8.0_201\jre\bin\awt.dll
0x00007ffe8a2c0000 - 0x00007ffe8a383000 	C:\WINDOWS\System32\OLEAUT32.dll
0x00007ffe86450000 - 0x00007ffe864db000 	C:\WINDOWS\SYSTEM32\apphelp.dll
0x00007ffe86580000 - 0x00007ffe86618000 	C:\WINDOWS\system32\uxtheme.dll
0x00007ffe8a8f0000 - 0x00007ffe8aa63000 	C:\WINDOWS\System32\MSCTF.dll
0x00007ffe86fe0000 - 0x00007ffe87009000 	C:\WINDOWS\system32\dwmapi.dll
0x00007ffe8c1f0000 - 0x00007ffe8c341000 	C:\WINDOWS\System32\ole32.dll
0x00007ffe7a540000 - 0x00007ffe7a54b000 	C:\Program Files\Java\jdk1.8.0_201\jre\bin\sunmscapi.dll
0x00007ffe89b10000 - 0x00007ffe89cf2000 	C:\WINDOWS\System32\CRYPT32.dll
0x00007ffe88e20000 - 0x00007ffe88e32000 	C:\WINDOWS\System32\MSASN1.dll
0x00007ffe6d3f0000 - 0x00007ffe6d437000 	C:\Program Files\Java\jdk1.8.0_201\jre\bin\fontmanager.dll
0x00007ffe519d0000 - 0x00007ffe51a72000 	C:\Program Files\Java\jdk1.8.0_201\jre\bin\mlib_image.dll
0x00007ffe773d0000 - 0x00007ffe774f0000 	C:\WINDOWS\system32\opengl32.dll
0x00007ffe82690000 - 0x00007ffe826bc000 	C:\WINDOWS\SYSTEM32\GLU32.dll
0x00007ffe70dd0000 - 0x00007ffe70dfa000 	C:\Program Files\Java\jdk1.8.0_201\jre\bin\dcpr.dll
0x00007ffe6a120000 - 0x00007ffe6a162000 	C:\Program Files\Java\jdk1.8.0_201\jre\bin\t2k.dll
0x00007ffe8a730000 - 0x00007ffe8a7d0000 	C:\WINDOWS\System32\clbcatq.dll
0x00007ffe83780000 - 0x00007ffe8392e000 	C:\WINDOWS\SYSTEM32\WindowsCodecs.dll
0x00007ffe6cbe0000 - 0x00007ffe6cc38000 	C:\WINDOWS\system32\dataexchange.dll
0x00007ffe85490000 - 0x00007ffe8579b000 	C:\WINDOWS\system32\d3d11.dll
0x00007ffe85d70000 - 0x00007ffe85f0c000 	C:\WINDOWS\system32\dcomp.dll
0x00007ffe87bd0000 - 0x00007ffe87c8b000 	C:\WINDOWS\system32\dxgi.dll
0x00007ffe870f0000 - 0x00007ffe872a8000 	C:\WINDOWS\system32\twinapi.appcore.dll
0x00007ffe870c0000 - 0x00007ffe870e9000 	C:\WINDOWS\system32\RMCLIENT.dll
0x00007ffe81420000 - 0x00007ffe814c8000 	C:\WINDOWS\SYSTEM32\mscms.dll
0x00007ffe84c50000 - 0x00007ffe84c60000 	C:\WINDOWS\SYSTEM32\ColorAdapterClient.dll
0x00007ffe67190000 - 0x00007ffe671d3000 	C:\WINDOWS\SYSTEM32\icm32.dll
0x00007ffe77be0000 - 0x00007ffe77c76000 	C:\WINDOWS\System32\TextInputFramework.dll
0x00007ffe83210000 - 0x00007ffe8352e000 	C:\WINDOWS\System32\CoreUIComponents.dll
0x00007ffe86250000 - 0x00007ffe8632a000 	C:\WINDOWS\System32\CoreMessaging.dll
0x00007ffe844a0000 - 0x00007ffe845ed000 	C:\WINDOWS\SYSTEM32\wintypes.dll
0x00007ffe7d540000 - 0x00007ffe7d5ab000 	C:\WINDOWS\system32\Oleacc.dll
0x00000000637c0000 - 0x00000000637cd000 	C:\Users\asus\AppData\Local\Temp\jogamp_0000\file_cache\jln1271841549283861847\jln5848565115790799636\natives\windows-amd64\gluegen-rt.dll
0x00007ffe79be0000 - 0x00007ffe79be7000 	C:\Program Files\Java\jdk1.8.0_201\jre\bin\jawt.dll
0x000000006a440000 - 0x000000006a44d000 	C:\Users\asus\AppData\Local\Temp\jogamp_0000\file_cache\jln1271841549283861847\jln5848565115790799636\natives\windows-amd64\nativewindow_awt.dll
0x000000006c100000 - 0x000000006c10f000 	C:\Users\asus\AppData\Local\Temp\jogamp_0000\file_cache\jln1271841549283861847\jln5848565115790799636\natives\windows-amd64\nativewindow_win32.dll
0x0000000064500000 - 0x00000000645b1000 	C:\Users\asus\AppData\Local\Temp\jogamp_0000\file_cache\jln1271841549283861847\jln5848565115790799636\natives\windows-amd64\jogl_desktop.dll
0x0000000064340000 - 0x00000000643a2000 	C:\Users\asus\AppData\Local\Temp\jogamp_0000\file_cache\jln1271841549283861847\jln5848565115790799636\natives\windows-amd64\jogl_mobile.dll
0x00007ffe3d200000 - 0x00007ffe3e0ee000 	C:\WINDOWS\System32\DriverStore\FileRepository\igdlh64.inf_amd64_31ba00ea6900d67d\ig9icd64.dll
0x00007ffe7d7e0000 - 0x00007ffe7f6e1000 	C:\WINDOWS\System32\DriverStore\FileRepository\igdlh64.inf_amd64_31ba00ea6900d67d\igc64.dll
0x00007ffe7ad60000 - 0x00007ffe7ad6d000 	C:\Program Files\Java\jdk1.8.0_201\jre\bin\management.dll
0x00007ffe78ed0000 - 0x00007ffe78edc000 	C:\Program Files\Java\jdk1.8.0_201\jre\bin\jsound.dll
0x00007ffe78ec0000 - 0x00007ffe78ecb000 	C:\Program Files\Java\jdk1.8.0_201\jre\bin\jsoundds.dll
0x00007ffe51040000 - 0x00007ffe510cf000 	C:\WINDOWS\SYSTEM32\DSOUND.dll
0x00007ffe81170000 - 0x00007ffe811e6000 	C:\WINDOWS\SYSTEM32\MMDevAPI.DLL
0x00007ffe88c20000 - 0x00007ffe88c47000 	C:\WINDOWS\SYSTEM32\DEVOBJ.dll
0x00007ffe86a00000 - 0x00007ffe86bb4000 	C:\WINDOWS\SYSTEM32\PROPSYS.dll
0x00007ffe4f800000 - 0x00007ffe4f844000 	C:\WINDOWS\SYSTEM32\wdmaud.drv
0x00007ffe82da0000 - 0x00007ffe82da9000 	C:\WINDOWS\SYSTEM32\ksuser.dll
0x00007ffe83b00000 - 0x00007ffe83b0a000 	C:\WINDOWS\SYSTEM32\AVRT.dll
0x00007ffe73130000 - 0x00007ffe7325c000 	C:\WINDOWS\SYSTEM32\AUDIOSES.DLL
0x00007ffe79a20000 - 0x00007ffe79a2d000 	C:\WINDOWS\SYSTEM32\msacm32.drv
0x00007ffe70be0000 - 0x00007ffe70bfc000 	C:\WINDOWS\SYSTEM32\MSACM32.dll
0x00007ffe78ff0000 - 0x00007ffe78ffa000 	C:\WINDOWS\SYSTEM32\midimap.dll
0x00007ffe70440000 - 0x00007ffe70471000 	C:\Program Files\Java\jdk1.8.0_201\jre\bin\jpeg.dll
0x00007ffe87810000 - 0x00007ffe879d9000 	C:\WINDOWS\SYSTEM32\dbghelp.dll

VM Arguments:
jvm_args: -ea -javaagent:C:\Program Files\JetBrains\IntelliJ IDEA Community Edition 2018.3.3\lib\idea_rt.jar=65003:C:\Program Files\JetBrains\IntelliJ IDEA Community Edition 2018.3.3\bin -Dfile.encoding=UTF-8 
java_command: net.runelite.client.RuneLite --debug --developer-mode
java_class_path (initial): C:\Program Files\Java\jdk1.8.0_201\jre\lib\charsets.jar;C:\Program Files\Java\jdk1.8.0_201\jre\lib\deploy.jar;C:\Program Files\Java\jdk1.8.0_201\jre\lib\ext\access-bridge-64.jar;C:\Program Files\Java\jdk1.8.0_201\jre\lib\ext\cldrdata.jar;C:\Program Files\Java\jdk1.8.0_201\jre\lib\ext\dnsns.jar;C:\Program Files\Java\jdk1.8.0_201\jre\lib\ext\jaccess.jar;C:\Program Files\Java\jdk1.8.0_201\jre\lib\ext\jfxrt.jar;C:\Program Files\Java\jdk1.8.0_201\jre\lib\ext\localedata.jar;C:\Program Files\Java\jdk1.8.0_201\jre\lib\ext\nashorn.jar;C:\Program Files\Java\jdk1.8.0_201\jre\lib\ext\sunec.jar;C:\Program Files\Java\jdk1.8.0_201\jre\lib\ext\sunjce_provider.jar;C:\Program Files\Java\jdk1.8.0_201\jre\lib\ext\sunmscapi.jar;C:\Program Files\Java\jdk1.8.0_201\jre\lib\ext\sunpkcs11.jar;C:\Program Files\Java\jdk1.8.0_201\jre\lib\ext\zipfs.jar;C:\Program Files\Java\jdk1.8.0_201\jre\lib\javaws.jar;C:\Program Files\Java\jdk1.8.0_201\jre\lib\jce.jar;C:\Program Files\Java\jdk1.8.0_201\jre\lib\jfr.jar;C:\Program Files\Java\jdk1.8.0_201\jre\lib\jfxswt.jar;C:\Program Files\Java\jdk1.8.0_201\jre\lib\jsse.jar;C:\Program Files\Java\jdk1.8.0_201\jre\lib\management-agent.jar;C:\Program Files\Java\jdk1.8.0_201\jre\lib\plugin.jar;C:\Program Files\Java\jdk1.8.0_201\jre\lib\resources.jar;C:\Program Files\Java\jdk1.8.0_201\jre\lib\rt.jar;C:\Users\asus\runelite\runelite-client\target\classes;C:\Users\asus\.m2\repository\org\slf4j\slf4j-api\1.7.25\slf4j-api-1.7.25.jar;C:\Users\asus\.m2\repository\ch\qos\logback\logback-classic\1.2.3\logback-classic-1.2.3.jar;C:\Users\asus\.m2\repository\ch\qos\logback\logback-core\1.2.3\logback-core-1.2.3.jar;C:\Users\asus\.m2\repository\net\sf\jopt-simple\jopt-simple\5.0.1\jopt-simple-5.0.1.jar;C:\Users\asus\.m2\repository\com\google\guava\guava\23.2-jre\guava-23.2-jre.jar;C:\Users\asus\.m2\repository\com\google\code\findbugs\jsr305\1.3.9\jsr305-1.3.9.jar;C:\Users\asus\.m2\repository\com\google\errorprone\error_prone_annotations\2.0.18\error_
Launcher Type: SUN_STANDARD

Environment Variables:
PATH=C:\Program Files (x86)\Common Files\Oracle\Java\javapath;C:\Program Files (x86)\Intel\iCLS Client\;C:\Program Files\Intel\iCLS Client\;C:\Windows\system32;C:\Windows;C:\Windows\System32\Wbem;C:\Windows\System32\WindowsPowerShell\v1.0\;C:\Program Files (x86)\NVIDIA Corporation\PhysX\Common;C:\Program Files (x86)\Intel\Intel(R) Management Engine Components\DAL;C:\Program Files\Intel\Intel(R) Management Engine Components\DAL;C:\Program Files (x86)\Intel\Intel(R) Management Engine Components\IPT;C:\Program Files\Intel\Intel(R) Management Engine Components\IPT;C:\WINDOWS\system32;C:\WINDOWS;C:\WINDOWS\System32\Wbem;C:\WINDOWS\System32\WindowsPowerShell\v1.0\;C:\WINDOWS\System32\OpenSSH\;C:\Documents\PuTTY\;C:\Program Files\Intel\WiFi\bin\;C:\Program Files\Common Files\Intel\WirelessCommon\;C:\cygwin\bin;C:\Program Files\Git\cmd;C:\Users\asus\AppData\Local\Microsoft\WindowsApps;C:\Users\asus\AppData\Local\GitHubDesktop\bin
USERNAME=asus
OS=Windows_NT
PROCESSOR_IDENTIFIER=Intel64 Family 6 Model 158 Stepping 9, GenuineIntel



---------------  S Y S T E M  ---------------

OS: Windows 10.0 , 64 bit Build 17134 (10.0.17134.556)

CPU:total 8 (initial active 8) (4 cores per cpu, 2 threads per core) family 6 model 158 stepping 9, cmov, cx8, fxsr, mmx, sse, sse2, sse3, ssse3, sse4.1, sse4.2, popcnt, avx, avx2, aes, clmul, erms, 3dnowpref, lzcnt, ht, tsc, tscinvbit, bmi1, bmi2, adx

Memory: 4k page, physical 16659216k(8576816k free), swap 19149584k(5820480k free)

vm_info: Java HotSpot(TM) 64-Bit Server VM (25.201-b09) for windows-amd64 JRE (1.8.0_201-b09), built on Dec 15 2018 18:36:39 by "java_re" with MS VC++ 10.0 (VS2010)

time: Thu Feb 28 20:28:04 2019
timezone: Eastern Standard Time
elapsed time: 144 seconds (0d 0h 2m 24s)

