#
# A fatal error has been detected by the Java Runtime Environment:
#
#  EXCEPTION_ACCESS_VIOLATION (0xc0000005) at pc=0x00007ffeab171973, pid=14644, tid=9028
#
# JRE version: OpenJDK Runtime Environment Corretto-17.0.3.6.1 (17.0.3+6) (build 17.0.3+6-LTS)
# Java VM: OpenJDK 64-Bit Server VM Corretto-17.0.3.6.1 (17.0.3+6-LTS, mixed mode, sharing, tiered, compressed oops, compressed class ptrs, g1 gc, windows-amd64)
# Problematic frame:
# C  [ig9icd64.dll+0x9c1973]
#
# No core dump will be written. Minidumps are not enabled by default on client versions of Windows
#
# If you would like to submit a bug report, please visit:
#   https://github.com/corretto/corretto-17/issues/
# The crash happened outside the Java Virtual Machine in native code.
# See problematic frame for where to report the bug.
#

---------------  S U M M A R Y ------------

Command Line: -javaagent:D:\IntelliJ IDEA Community Edition 2022.1.2\lib\idea_rt.jar=53519:D:\IntelliJ IDEA Community Edition 2022.1.2\bin -Dfile.encoding=UTF-8 net.runelite.client.RuneLite

Host: Intel(R) Core(TM) i5-10200H CPU @ 2.40GHz, 8 cores, 15G,  Windows 10 , 64 bit Build 19041 (10.0.19041.1889)
Time: Thu Sep  1 13:02:16 2022 West-Europa (zomertijd) elapsed time: 217.538383 seconds (0d 0h 3m 37s)

---------------  T H R E A D  ---------------

Current thread (0x000002236b563460):  JavaThread "Client" daemon [_thread_in_native, id=9028, stack(0x0000007643800000,0x0000007643900000)]

Stack: [0x0000007643800000,0x0000007643900000],  sp=0x00000076438fedf8,  free space=1019k
Native frames: (J=compiled Java code, j=interpreted, Vv=VM code, C=native code)
C  [ig9icd64.dll+0x9c1973]

Java frames: (J=compiled Java code, j=interpreted, Vv=VM code)
J 9397  org.lwjgl.opengl.GL11C.glClear(I)V (0 bytes) @ 0x0000022355ccb569 [0x0000022355ccb520+0x0000000000000049]
J 15880 c2 net.runelite.client.plugins.gpu.GpuPlugin.draw(I)V (1392 bytes) @ 0x00000223569a8190 [0x00000223569a7f00+0x0000000000000290]
J 15725 c2 ab.wl(Lab;Ljava/lang/Object;I)V (102 bytes) @ 0x000002235648f214 [0x000002235648f1a0+0x0000000000000074]
j  ab.run()V+359
j  java.lang.Thread.run()V+11 java.base@17.0.3
v  ~StubRoutines::call_stub

siginfo: EXCEPTION_ACCESS_VIOLATION (0xc0000005), reading address 0xffffffffffffffff


Register to memory mapping:

RIP=0x00007ffeab171973 ig9icd64.dll
RAX=0x000000000fff0fff is an unknown value
RBX=0x00007ffeaa7b0000 ig9icd64.dll
RCX=0x000000033fcf3fcc is an unknown value
RDX=0x00000076438ff310 is pointing into the stack for thread: 0x000002236b563460
RSP=0x00000076438fedf8 is pointing into the stack for thread: 0x000002236b563460
RBP=0x00000076438fef00 is pointing into the stack for thread: 0x000002236b563460
RSI=0x0000022374770d00 points into unknown readable memory: 0x00000223748a0ec0 | c0 0e 8a 74 23 02 00 00
RDI=0x00000076438ff100 is pointing into the stack for thread: 0x000002236b563460
R8 =0x00000076438fef30 is pointing into the stack for thread: 0x000002236b563460
R9 =0x00000076438ff310 is pointing into the stack for thread: 0x000002236b563460
R10=0x00000076438ff100 is pointing into the stack for thread: 0x000002236b563460
R11=0x0 is NULL
R12=0x00007ffeab5d62f0 ig9icd64.dll
R13=0x0 is NULL
R14=0x0 is NULL
R15=0x00000000000001c1 is an unknown value


Registers:
RAX=0x000000000fff0fff, RBX=0x00007ffeaa7b0000, RCX=0x000000033fcf3fcc, RDX=0x00000076438ff310
RSP=0x00000076438fedf8, RBP=0x00000076438fef00, RSI=0x0000022374770d00, RDI=0x00000076438ff100
R8 =0x00000076438fef30, R9 =0x00000076438ff310, R10=0x00000076438ff100, R11=0x0000000000000000
R12=0x00007ffeab5d62f0, R13=0x0000000000000000, R14=0x0000000000000000, R15=0x00000000000001c1
RIP=0x00007ffeab171973, EFLAGS=0x0000000000010206

Top of Stack: (sp=0x00000076438fedf8)
0x00000076438fedf8:   00007ffeab16f0ab 0000000000000001
0x00000076438fee08:   0000000000000000 000002237b8fd200
0x00000076438fee18:   00007fff833f2572 0000007600000065
0x00000076438fee28:   00000076438ff030 0000000000000000
0x00000076438fee38:   000002236fca4a60 0000000000000000
0x00000076438fee48:   0000022370aeede0 000002237b8fd240
0x00000076438fee58:   0000000000000fb0 0000000000000000
0x00000076438fee68:   0000000000000000 00000076438fefe0
0x00000076438fee78:   00007ffeaae06bb0 0000000000000000
0x00000076438fee88:   0000000000000000 0000000000000000
0x00000076438fee98:   0000000000000000 0000604297ece05a
0x00000076438feea8:   00007ffeaa7c6145 0000000000000000
0x00000076438feeb8:   0000000000004001 0000000000000200
0x00000076438feec8:   00007fff90afb86b 00000000027e0248
0x00000076438feed8:   0000000000000075 000002236c23fc60
0x00000076438feee8:   0000000000000000 0000000000000000 

Instructions: (pc=0x00007ffeab171973)
0x00007ffeab171873:   49 a9 30 00 48 89 51 08 48 89 01 8b 44 24 28 89
0x00007ffeab171883:   41 20 8b 44 24 30 89 41 24 48 8b c1 4c 89 41 10
0x00007ffeab171893:   4c 89 49 18 c3 cc cc cc cc cc cc cc cc 48 89 5c
0x00007ffeab1718a3:   24 08 8b 41 5c 48 8d 1d 51 e7 63 ff 41 89 40 08
0x00007ffeab1718b3:   4c 8b d1 8b 41 60 45 33 db 41 89 40 0c 4c 8b ca
0x00007ffeab1718c3:   8b 41 64 41 89 40 10 8b 41 68 41 89 40 14 8b 41
0x00007ffeab1718d3:   6c 41 89 40 18 8b 41 70 41 89 40 1c 48 63 41 74
0x00007ffeab1718e3:   48 6b c8 34 8b 84 19 54 1e ee 00 41 89 40 20 8b
0x00007ffeab1718f3:   84 19 58 1e ee 00 41 89 40 24 8b 84 19 5c 1e ee
0x00007ffeab171903:   00 41 89 40 28 8b 84 19 60 1e ee 00 41 89 40 2c
0x00007ffeab171913:   8b 84 19 44 1e ee 00 41 89 40 30 8b 84 19 48 1e
0x00007ffeab171923:   ee 00 41 89 40 34 8b 84 19 4c 1e ee 00 41 89 40
0x00007ffeab171933:   38 8b 84 19 50 1e ee 00 41 89 40 3c 8b 84 19 34
0x00007ffeab171943:   1e ee 00 41 89 40 40 8b 84 19 38 1e ee 00 41 89
0x00007ffeab171953:   40 44 8b 84 19 3c 1e ee 00 41 89 40 48 8b 84 19
0x00007ffeab171963:   40 1e ee 00 41 89 40 4c 49 63 42 78 48 6b c8 34
0x00007ffeab171973:   8b 84 19 54 1e ee 00 41 89 40 50 8b 84 19 58 1e
0x00007ffeab171983:   ee 00 41 89 40 54 8b 84 19 5c 1e ee 00 41 89 40
0x00007ffeab171993:   58 8b 84 19 60 1e ee 00 41 89 40 5c 8b 84 19 44
0x00007ffeab1719a3:   1e ee 00 41 89 40 60 8b 84 19 48 1e ee 00 41 89
0x00007ffeab1719b3:   40 64 8b 84 19 4c 1e ee 00 41 89 40 68 8b 84 19
0x00007ffeab1719c3:   50 1e ee 00 41 89 40 6c 8b 84 19 34 1e ee 00 41
0x00007ffeab1719d3:   89 40 70 8b 84 19 38 1e ee 00 41 89 40 74 8b 84
0x00007ffeab1719e3:   19 3c 1e ee 00 41 89 40 78 8b 84 19 40 1e ee 00
0x00007ffeab1719f3:   41 89 40 7c 48 8b 42 18 8b 88 38 0b 00 00 f6 c1
0x00007ffeab171a03:   08 0f 84 86 00 00 00 8b 80 3c 0b 00 00 41 89 80
0x00007ffeab171a13:   80 00 00 00 48 8b 42 18 8b 88 40 0b 00 00 41 89
0x00007ffeab171a23:   88 84 00 00 00 48 8b 42 18 8b 88 44 0b 00 00 41
0x00007ffeab171a33:   89 88 88 00 00 00 48 8b 42 18 8b 88 48 0b 00 00
0x00007ffeab171a43:   41 89 88 8c 00 00 00 48 8b 42 18 8b 88 4c 0b 00
0x00007ffeab171a53:   00 41 89 88 90 00 00 00 48 8b 42 18 8b 88 50 0b
0x00007ffeab171a63:   00 00 41 89 88 94 00 00 00 48 8b 42 18 8b 88 54 


Stack slot to memory mapping:
stack at sp + 0 slots: 0x00007ffeab16f0ab ig9icd64.dll
stack at sp + 1 slots: 0x0000000000000001 is an unknown value
stack at sp + 2 slots: 0x0 is NULL
stack at sp + 3 slots: 0x000002237b8fd200 points into unknown readable memory: 0x00007ffec4eb29c8 | c8 29 eb c4 fe 7f 00 00
stack at sp + 4 slots: 0x00007fff833f2572 igdgmm64.dll
stack at sp + 5 slots: 0x0000007600000065 is an unknown value
stack at sp + 6 slots: 0x00000076438ff030 is pointing into the stack for thread: 0x000002236b563460
stack at sp + 7 slots: 0x0 is NULL


---------------  P R O C E S S  ---------------

Threads class SMR info:
_java_thread_list=0x00000223710ab860, length=40, elements={
0x0000022369ccc500, 0x0000022369ccd170, 0x0000022369cdab40, 0x0000022369cdc410,
0x0000022369cdcdc0, 0x0000022369cde780, 0x000002236a803ca0, 0x000002236a80c5b0,
0x000002236a8117d0, 0x000002236a8dad70, 0x000002236ab8ec10, 0x000002236ab4a5a0,
0x000002236b4f2830, 0x000002236b4f3110, 0x000002236b2849f0, 0x000002236b25ec80,
0x000002236b565fb0, 0x000002236b5647a0, 0x000002236b562f90, 0x000002236b565ae0,
0x000002236b5642d0, 0x000002236b566480, 0x000002236b564c70, 0x000002236b563460,
0x000002236b563930, 0x00000223716b9f30, 0x00000223716bada0, 0x00000223716c0910,
0x00000223716ba8d0, 0x00000223716b9590, 0x00000223716be760, 0x00000223716bec30,
0x00000223716bff70, 0x00000223716b9a60, 0x000002237457f070, 0x00000223745816f0,
0x000002237457fa10, 0x00000223745803b0, 0x0000022371115140, 0x000002237110ddc0
}

Java Threads: ( => current thread )
  0x0000022369ccc500 JavaThread "Reference Handler" daemon [_thread_blocked, id=21076, stack(0x0000007641100000,0x0000007641200000)]
  0x0000022369ccd170 JavaThread "Finalizer" daemon [_thread_blocked, id=8840, stack(0x0000007641200000,0x0000007641300000)]
  0x0000022369cdab40 JavaThread "Signal Dispatcher" daemon [_thread_blocked, id=21812, stack(0x0000007641300000,0x0000007641400000)]
  0x0000022369cdc410 JavaThread "Attach Listener" daemon [_thread_blocked, id=5936, stack(0x0000007641400000,0x0000007641500000)]
  0x0000022369cdcdc0 JavaThread "Service Thread" daemon [_thread_blocked, id=14904, stack(0x0000007641500000,0x0000007641600000)]
  0x0000022369cde780 JavaThread "Monitor Deflation Thread" daemon [_thread_blocked, id=17596, stack(0x0000007641600000,0x0000007641700000)]
  0x000002236a803ca0 JavaThread "C2 CompilerThread0" daemon [_thread_blocked, id=21336, stack(0x0000007641700000,0x0000007641800000)]
  0x000002236a80c5b0 JavaThread "C1 CompilerThread0" daemon [_thread_blocked, id=9996, stack(0x0000007641800000,0x0000007641900000)]
  0x000002236a8117d0 JavaThread "Sweeper thread" daemon [_thread_blocked, id=11480, stack(0x0000007641900000,0x0000007641a00000)]
  0x000002236a8dad70 JavaThread "Common-Cleaner" daemon [_thread_blocked, id=1836, stack(0x0000007641a00000,0x0000007641b00000)]
  0x000002236ab8ec10 JavaThread "Monitor Ctrl-Break" daemon [_thread_in_native, id=12884, stack(0x0000007641b00000,0x0000007641c00000)]
  0x000002236ab4a5a0 JavaThread "Notification Thread" daemon [_thread_blocked, id=15232, stack(0x0000007641c00000,0x0000007641d00000)]
  0x000002236b4f2830 JavaThread "Java2D Disposer" daemon [_thread_blocked, id=8944, stack(0x0000007642800000,0x0000007642900000)]
  0x000002236b4f3110 JavaThread "AWT-Shutdown" [_thread_blocked, id=23248, stack(0x0000007642900000,0x0000007642a00000)]
  0x000002236b2849f0 JavaThread "AWT-EventQueue-0" [_thread_blocked, id=15068, stack(0x0000007641e00000,0x0000007641f00000)]
  0x000002236b25ec80 JavaThread "TimerQueue" daemon [_thread_blocked, id=1140, stack(0x0000007642700000,0x0000007642800000)]
  0x000002236b565fb0 JavaThread "OkHttp Dispatcher" [_thread_blocked, id=20024, stack(0x0000007642b00000,0x0000007642c00000)]
  0x000002236b5647a0 JavaThread "OkHttp static.runelite.net Writer" [_thread_blocked, id=12688, stack(0x0000007643000000,0x0000007643100000)]
  0x000002236b562f90 JavaThread "OkHttp static.runelite.net" [_thread_in_native, id=21024, stack(0x0000007643200000,0x0000007643300000)]
  0x000002236b565ae0 JavaThread "OkHttp ConnectionPool" daemon [_thread_blocked, id=9756, stack(0x0000007643300000,0x0000007643400000)]
  0x000002236b5642d0 JavaThread "Okio Watchdog" daemon [_thread_blocked, id=1104, stack(0x0000007643500000,0x0000007643600000)]
  0x000002236b566480 JavaThread "pool-2-thread-1" [_thread_blocked, id=12840, stack(0x0000007643700000,0x0000007643800000)]
  0x000002236b564c70 JavaThread "Thread-1" daemon [_thread_blocked, id=10940, stack(0x0000007642c00000,0x0000007642d00000)]
=>0x000002236b563460 JavaThread "Client" daemon [_thread_in_native, id=9028, stack(0x0000007643800000,0x0000007643900000)]
  0x000002236b563930 JavaThread "Thread-3" daemon [_thread_blocked, id=21600, stack(0x0000007643900000,0x0000007643a00000)]
  0x00000223716b9f30 JavaThread "Thread-5" daemon [_thread_blocked, id=22276, stack(0x0000007643b00000,0x0000007643c00000)]
  0x00000223716bada0 JavaThread "Java Sound Event Dispatcher" daemon [_thread_blocked, id=1556, stack(0x0000007643f00000,0x0000007644000000)]
  0x00000223716c0910 JavaThread "pool-4-thread-1" [_thread_blocked, id=8940, stack(0x0000007644200000,0x0000007644300000)]
  0x00000223716ba8d0 JavaThread "Substance heap status" daemon [_thread_blocked, id=17572, stack(0x0000007644700000,0x0000007644800000)]
  0x00000223716b9590 JavaThread "Thread-8" daemon [_thread_blocked, id=15224, stack(0x0000007644900000,0x0000007644a00000)]
  0x00000223716be760 JavaThread "Trident callback thread" daemon [_thread_blocked, id=22612, stack(0x0000007644a00000,0x0000007644b00000)]
  0x00000223716bec30 JavaThread "Trident pulse source thread" daemon [_thread_blocked, id=17568, stack(0x0000007644b00000,0x0000007644c00000)]
  0x00000223716bff70 JavaThread "pool-5-thread-1" [_thread_blocked, id=13796, stack(0x0000007644c00000,0x0000007644d00000)]
  0x00000223716b9a60 JavaThread "DestroyJavaVM" [_thread_blocked, id=2124, stack(0x0000007640a00000,0x0000007640b00000)]
  0x000002237457f070 JavaThread "OkHttp pbs.twimg.com Writer" [_thread_blocked, id=17936, stack(0x0000007645500000,0x0000007645600000)]
  0x00000223745816f0 JavaThread "OkHttp pbs.twimg.com" [_thread_in_native, id=6632, stack(0x0000007645600000,0x0000007645700000)]
  0x000002237457fa10 JavaThread "Thread-13" daemon [_thread_in_native, id=23476, stack(0x0000007643600000,0x0000007643700000)]
  0x00000223745803b0 JavaThread "Thread-14" daemon [_thread_blocked, id=17616, stack(0x0000007643a00000,0x0000007643b00000)]
  0x0000022371115140 JavaThread "SIGINT handler" daemon [_thread_blocked, id=1344, stack(0x0000007640800000,0x0000007640900000)]
  0x000002237110ddc0 JavaThread "ToolkitShutdown" daemon [_thread_in_native, id=23348, stack(0x0000007640900000,0x0000007640a00000)]

Other Threads:
  0x0000022369cc4d00 VMThread "VM Thread" [stack: 0x0000007641000000,0x0000007641100000] [id=12712]
  0x0000022344e89d30 WatcherThread [stack: 0x0000007641d00000,0x0000007641e00000] [id=2568]
  0x0000022344e29b30 GCTaskThread "GC Thread#0" [stack: 0x0000007640b00000,0x0000007640c00000] [id=4408]
  0x000002236b03b0a0 GCTaskThread "GC Thread#1" [stack: 0x0000007641f00000,0x0000007642000000] [id=12580]
  0x000002236b03b350 GCTaskThread "GC Thread#2" [stack: 0x0000007642000000,0x0000007642100000] [id=21092]
  0x000002236b03b600 GCTaskThread "GC Thread#3" [stack: 0x0000007642100000,0x0000007642200000] [id=12992]
  0x000002236b03a5e0 GCTaskThread "GC Thread#4" [stack: 0x0000007642200000,0x0000007642300000] [id=12592]
  0x000002236b03a890 GCTaskThread "GC Thread#5" [stack: 0x0000007642300000,0x0000007642400000] [id=21492]
  0x000002236b03adf0 GCTaskThread "GC Thread#6" [stack: 0x0000007642400000,0x0000007642500000] [id=20412]
  0x000002236b03bb60 GCTaskThread "GC Thread#7" [stack: 0x0000007642500000,0x0000007642600000] [id=6396]
  0x0000022344e3a6b0 ConcurrentGCThread "G1 Main Marker" [stack: 0x0000007640c00000,0x0000007640d00000] [id=9100]
  0x0000022344e3b770 ConcurrentGCThread "G1 Conc#0" [stack: 0x0000007640d00000,0x0000007640e00000] [id=15792]
  0x000002236b2721c0 ConcurrentGCThread "G1 Conc#1" [stack: 0x0000007643100000,0x0000007643200000] [id=16884]
  0x0000022344e9e5d0 ConcurrentGCThread "G1 Refine#0" [stack: 0x0000007640e00000,0x0000007640f00000] [id=4108]
  0x000002236b0774e0 ConcurrentGCThread "G1 Refine#1" [stack: 0x0000007642600000,0x0000007642700000] [id=21200]
  0x0000022374f2ff10 ConcurrentGCThread "G1 Refine#2" [stack: 0x0000007644600000,0x0000007644700000] [id=12696]
  0x0000022374f30a90 ConcurrentGCThread "G1 Refine#3" [stack: 0x0000007645800000,0x0000007645900000] [id=5356]
  0x0000022374f2f390 ConcurrentGCThread "G1 Refine#4" [stack: 0x0000007645900000,0x0000007645a00000] [id=4192]
  0x0000022369b80150 ConcurrentGCThread "G1 Service" [stack: 0x0000007640f00000,0x0000007641000000] [id=20240]

Threads with active compile tasks:

VM state: not at safepoint (normal execution)

VM Mutex/Monitor currently owned by a thread: None

Heap address: 0x0000000702c00000, size: 4052 MB, Compressed Oops mode: Zero based, Oop shift amount: 3

CDS archive(s) mapped at: [0x0000000800000000-0x0000000800bc0000-0x0000000800bc0000), size 12320768, SharedBaseAddress: 0x0000000800000000, ArchiveRelocationMode: 0.
Compressed class space mapped at: 0x0000000800c00000-0x0000000840c00000, reserved size: 1073741824
Narrow klass base: 0x0000000800000000, Narrow klass shift: 0, Narrow klass range: 0x100000000

GC Precious Log:
 CPUs: 8 total, 8 available
 Memory: 16205M
 Large Page Support: Disabled
 NUMA Support: Disabled
 Compressed Oops: Enabled (Zero based)
 Heap Region Size: 2M
 Heap Min Capacity: 8M
 Heap Initial Capacity: 254M
 Heap Max Capacity: 4052M
 Pre-touch: Disabled
 Parallel Workers: 8
 Concurrent Workers: 2
 Concurrent Refinement Workers: 8
 Periodic GC: Disabled

Heap:
 garbage-first heap   total 352256K, used 241664K [0x0000000702c00000, 0x0000000800000000)
  region size 2048K, 44 young (90112K), 8 survivors (16384K)
 Metaspace       used 71588K, committed 72128K, reserved 1114112K
  class space    used 7664K, committed 7936K, reserved 1048576K

Heap Regions: E=young(eden), S=young(survivor), O=old, HS=humongous(starts), HC=humongous(continues), CS=collection set, F=free, OA=open archive, CA=closed archive, TAMS=top-at-mark-start (previous, next)
|   0|0x0000000702c00000, 0x0000000702e00000, 0x0000000702e00000|100%| O|  |TAMS 0x0000000702e00000, 0x0000000702c00000| Untracked 
|   1|0x0000000702e00000, 0x0000000703000000, 0x0000000703000000|100%| O|  |TAMS 0x0000000703000000, 0x0000000702e00000| Untracked 
|   2|0x0000000703000000, 0x0000000703200000, 0x0000000703200000|100%| O|  |TAMS 0x0000000703200000, 0x0000000703000000| Untracked 
|   3|0x0000000703200000, 0x0000000703400000, 0x0000000703400000|100%| O|  |TAMS 0x0000000703400000, 0x0000000703200000| Untracked 
|   4|0x0000000703400000, 0x0000000703600000, 0x0000000703600000|100%| O|  |TAMS 0x0000000703600000, 0x0000000703400000| Untracked 
|   5|0x0000000703600000, 0x0000000703800000, 0x0000000703800000|100%|HS|  |TAMS 0x0000000703800000, 0x0000000703600000| Complete 
|   6|0x0000000703800000, 0x0000000703a00000, 0x0000000703a00000|100%| O|  |TAMS 0x0000000703a00000, 0x0000000703800000| Untracked 
|   7|0x0000000703a00000, 0x0000000703c00000, 0x0000000703c00000|100%| O|  |TAMS 0x0000000703c00000, 0x0000000703a00000| Untracked 
|   8|0x0000000703c00000, 0x0000000703e00000, 0x0000000703e00000|100%| O|  |TAMS 0x0000000703e00000, 0x0000000703c00000| Untracked 
|   9|0x0000000703e00000, 0x0000000704000000, 0x0000000704000000|100%| O|  |TAMS 0x0000000704000000, 0x0000000703e00000| Untracked 
|  10|0x0000000704000000, 0x0000000704200000, 0x0000000704200000|100%| O|  |TAMS 0x0000000704200000, 0x0000000704000000| Untracked 
|  11|0x0000000704200000, 0x0000000704400000, 0x0000000704400000|100%| O|  |TAMS 0x0000000704400000, 0x0000000704200000| Untracked 
|  12|0x0000000704400000, 0x0000000704600000, 0x0000000704600000|100%| O|  |TAMS 0x0000000704400000, 0x0000000704400000| Untracked 
|  13|0x0000000704600000, 0x0000000704800000, 0x0000000704800000|100%| O|  |TAMS 0x0000000704800000, 0x0000000704600000| Untracked 
|  14|0x0000000704800000, 0x0000000704a00000, 0x0000000704a00000|100%| O|  |TAMS 0x0000000704800000, 0x0000000704800000| Untracked 
|  15|0x0000000704a00000, 0x0000000704c00000, 0x0000000704c00000|100%| O|  |TAMS 0x0000000704c00000, 0x0000000704a00000| Untracked 
|  16|0x0000000704c00000, 0x0000000704e00000, 0x0000000704e00000|100%| O|  |TAMS 0x0000000704e00000, 0x0000000704c00000| Untracked 
|  17|0x0000000704e00000, 0x0000000705000000, 0x0000000705000000|100%|HS|  |TAMS 0x0000000705000000, 0x0000000704e00000| Complete 
|  18|0x0000000705000000, 0x0000000705200000, 0x0000000705200000|100%| O|  |TAMS 0x0000000705200000, 0x0000000705000000| Untracked 
|  19|0x0000000705200000, 0x0000000705400000, 0x0000000705400000|100%| O|  |TAMS 0x0000000705400000, 0x0000000705200000| Untracked 
|  20|0x0000000705400000, 0x0000000705600000, 0x0000000705600000|100%| O|  |TAMS 0x0000000705400000, 0x0000000705400000| Untracked 
|  21|0x0000000705600000, 0x0000000705800000, 0x0000000705800000|100%| O|  |TAMS 0x0000000705600000, 0x0000000705600000| Untracked 
|  22|0x0000000705800000, 0x0000000705800000, 0x0000000705a00000|  0%| F|  |TAMS 0x0000000705800000, 0x0000000705800000| Untracked 
|  23|0x0000000705a00000, 0x0000000705c00000, 0x0000000705c00000|100%| O|  |TAMS 0x0000000705c00000, 0x0000000705a00000| Untracked 
|  24|0x0000000705c00000, 0x0000000705e00000, 0x0000000705e00000|100%| O|  |TAMS 0x0000000705e00000, 0x0000000705c00000| Untracked 
|  25|0x0000000705e00000, 0x0000000706000000, 0x0000000706000000|100%| O|  |TAMS 0x0000000706000000, 0x0000000705e00000| Untracked 
|  26|0x0000000706000000, 0x0000000706200000, 0x0000000706200000|100%| O|  |TAMS 0x0000000706200000, 0x0000000706000000| Untracked 
|  27|0x0000000706200000, 0x0000000706400000, 0x0000000706400000|100%| O|  |TAMS 0x0000000706400000, 0x0000000706200000| Untracked 
|  28|0x0000000706400000, 0x0000000706600000, 0x0000000706600000|100%| O|  |TAMS 0x0000000706600000, 0x0000000706400000| Untracked 
|  29|0x0000000706600000, 0x0000000706800000, 0x0000000706800000|100%| O|  |TAMS 0x0000000706800000, 0x0000000706600000| Untracked 
|  30|0x0000000706800000, 0x0000000706a00000, 0x0000000706a00000|100%| O|  |TAMS 0x0000000706a00000, 0x0000000706800000| Untracked 
|  31|0x0000000706a00000, 0x0000000706a00000, 0x0000000706c00000|  0%| F|  |TAMS 0x0000000706a00000, 0x0000000706a00000| Untracked 
|  32|0x0000000706c00000, 0x0000000706e00000, 0x0000000706e00000|100%| O|  |TAMS 0x0000000706e00000, 0x0000000706c00000| Untracked 
|  33|0x0000000706e00000, 0x0000000707000000, 0x0000000707000000|100%| O|  |TAMS 0x0000000707000000, 0x0000000706e00000| Untracked 
|  34|0x0000000707000000, 0x0000000707200000, 0x0000000707200000|100%| O|  |TAMS 0x0000000707200000, 0x0000000707000000| Untracked 
|  35|0x0000000707200000, 0x0000000707200000, 0x0000000707400000|  0%| F|  |TAMS 0x0000000707200000, 0x0000000707200000| Untracked 
|  36|0x0000000707400000, 0x0000000707600000, 0x0000000707600000|100%| O|  |TAMS 0x0000000707600000, 0x0000000707400000| Untracked 
|  37|0x0000000707600000, 0x0000000707800000, 0x0000000707800000|100%| O|  |TAMS 0x0000000707800000, 0x0000000707600000| Untracked 
|  38|0x0000000707800000, 0x0000000707800000, 0x0000000707a00000|  0%| F|  |TAMS 0x0000000707800000, 0x0000000707800000| Untracked 
|  39|0x0000000707a00000, 0x0000000707c00000, 0x0000000707c00000|100%| O|  |TAMS 0x0000000707c00000, 0x0000000707a00000| Untracked 
|  40|0x0000000707c00000, 0x0000000707c00000, 0x0000000707e00000|  0%| F|  |TAMS 0x0000000707c00000, 0x0000000707c00000| Untracked 
|  41|0x0000000707e00000, 0x0000000707e00000, 0x0000000708000000|  0%| F|  |TAMS 0x0000000707e00000, 0x0000000707e00000| Untracked 
|  42|0x0000000708000000, 0x0000000708200000, 0x0000000708200000|100%| O|  |TAMS 0x0000000708200000, 0x0000000708000000| Untracked 
|  43|0x0000000708200000, 0x0000000708400000, 0x0000000708400000|100%| O|  |TAMS 0x0000000708400000, 0x0000000708200000| Untracked 
|  44|0x0000000708400000, 0x0000000708600000, 0x0000000708600000|100%| O|  |TAMS 0x0000000708600000, 0x0000000708400000| Untracked 
|  45|0x0000000708600000, 0x0000000708800000, 0x0000000708800000|100%| O|  |TAMS 0x0000000708800000, 0x0000000708600000| Untracked 
|  46|0x0000000708800000, 0x0000000708a00000, 0x0000000708a00000|100%| O|  |TAMS 0x0000000708a00000, 0x0000000708800000| Untracked 
|  47|0x0000000708a00000, 0x0000000708c00000, 0x0000000708c00000|100%| O|  |TAMS 0x0000000708c00000, 0x0000000708a00000| Untracked 
|  48|0x0000000708c00000, 0x0000000708e00000, 0x0000000708e00000|100%|HS|  |TAMS 0x0000000708e00000, 0x0000000708c00000| Complete 
|  49|0x0000000708e00000, 0x0000000709000000, 0x0000000709000000|100%|HC|  |TAMS 0x0000000709000000, 0x0000000708e00000| Complete 
|  50|0x0000000709000000, 0x0000000709200000, 0x0000000709200000|100%|HC|  |TAMS 0x0000000709200000, 0x0000000709000000| Complete 
|  51|0x0000000709200000, 0x0000000709400000, 0x0000000709400000|100%|HC|  |TAMS 0x0000000709400000, 0x0000000709200000| Complete 
|  52|0x0000000709400000, 0x0000000709400000, 0x0000000709600000|  0%| F|  |TAMS 0x0000000709400000, 0x0000000709400000| Untracked 
|  53|0x0000000709600000, 0x0000000709600000, 0x0000000709800000|  0%| F|  |TAMS 0x0000000709600000, 0x0000000709600000| Untracked 
|  54|0x0000000709800000, 0x0000000709a00000, 0x0000000709a00000|100%| O|  |TAMS 0x0000000709a00000, 0x0000000709800000| Untracked 
|  55|0x0000000709a00000, 0x0000000709c00000, 0x0000000709c00000|100%| O|  |TAMS 0x0000000709c00000, 0x0000000709a00000| Untracked 
|  56|0x0000000709c00000, 0x0000000709e00000, 0x0000000709e00000|100%| O|  |TAMS 0x0000000709e00000, 0x0000000709c00000| Untracked 
|  57|0x0000000709e00000, 0x000000070a000000, 0x000000070a000000|100%| O|  |TAMS 0x000000070a000000, 0x0000000709e00000| Untracked 
|  58|0x000000070a000000, 0x000000070a200000, 0x000000070a200000|100%| O|  |TAMS 0x000000070a200000, 0x000000070a000000| Untracked 
|  59|0x000000070a200000, 0x000000070a400000, 0x000000070a400000|100%| O|  |TAMS 0x000000070a400000, 0x000000070a200000| Untracked 
|  60|0x000000070a400000, 0x000000070a600000, 0x000000070a600000|100%| O|  |TAMS 0x000000070a600000, 0x000000070a400000| Untracked 
|  61|0x000000070a600000, 0x000000070a800000, 0x000000070a800000|100%| O|  |TAMS 0x000000070a600000, 0x000000070a600000| Untracked 
|  62|0x000000070a800000, 0x000000070aa00000, 0x000000070aa00000|100%| O|  |TAMS 0x000000070a800000, 0x000000070a800000| Untracked 
|  63|0x000000070aa00000, 0x000000070ac00000, 0x000000070ac00000|100%| O|  |TAMS 0x000000070aa00000, 0x000000070aa00000| Untracked 
|  64|0x000000070ac00000, 0x000000070ae00000, 0x000000070ae00000|100%| O|  |TAMS 0x000000070ac00000, 0x000000070ac00000| Untracked 
|  65|0x000000070ae00000, 0x000000070b000000, 0x000000070b000000|100%| O|  |TAMS 0x000000070ae00000, 0x000000070ae00000| Untracked 
|  66|0x000000070b000000, 0x000000070b200000, 0x000000070b200000|100%| O|  |TAMS 0x000000070b000000, 0x000000070b000000| Untracked 
|  67|0x000000070b200000, 0x000000070b400000, 0x000000070b400000|100%| O|  |TAMS 0x000000070b200000, 0x000000070b200000| Untracked 
|  68|0x000000070b400000, 0x000000070b600000, 0x000000070b600000|100%| O|  |TAMS 0x000000070b400000, 0x000000070b400000| Untracked 
|  69|0x000000070b600000, 0x000000070b800000, 0x000000070b800000|100%| O|  |TAMS 0x000000070b600000, 0x000000070b600000| Untracked 
|  70|0x000000070b800000, 0x000000070ba00000, 0x000000070ba00000|100%|HS|  |TAMS 0x000000070ba00000, 0x000000070b800000| Complete 
|  71|0x000000070ba00000, 0x000000070bc00000, 0x000000070bc00000|100%|HC|  |TAMS 0x000000070bc00000, 0x000000070ba00000| Complete 
|  72|0x000000070bc00000, 0x000000070be00000, 0x000000070be00000|100%| O|  |TAMS 0x000000070be00000, 0x000000070bc00000| Untracked 
|  73|0x000000070be00000, 0x000000070c000000, 0x000000070c000000|100%| O|  |TAMS 0x000000070c000000, 0x000000070be00000| Untracked 
|  74|0x000000070c000000, 0x000000070c200000, 0x000000070c200000|100%| O|  |TAMS 0x000000070c200000, 0x000000070c000000| Untracked 
|  75|0x000000070c200000, 0x000000070c400000, 0x000000070c400000|100%| O|  |TAMS 0x000000070c400000, 0x000000070c200000| Untracked 
|  76|0x000000070c400000, 0x000000070c400000, 0x000000070c600000|  0%| F|  |TAMS 0x000000070c400000, 0x000000070c400000| Untracked 
|  77|0x000000070c600000, 0x000000070c800000, 0x000000070c800000|100%| O|  |TAMS 0x000000070c800000, 0x000000070c600000| Untracked 
|  78|0x000000070c800000, 0x000000070ca00000, 0x000000070ca00000|100%| O|  |TAMS 0x000000070ca00000, 0x000000070c800000| Untracked 
|  79|0x000000070ca00000, 0x000000070cc00000, 0x000000070cc00000|100%| O|  |TAMS 0x000000070ca00000, 0x000000070ca00000| Untracked 
|  80|0x000000070cc00000, 0x000000070ce00000, 0x000000070ce00000|100%| O|  |TAMS 0x000000070cc00000, 0x000000070cc00000| Untracked 
|  81|0x000000070ce00000, 0x000000070ce00000, 0x000000070d000000|  0%| F|  |TAMS 0x000000070ce00000, 0x000000070ce00000| Untracked 
|  82|0x000000070d000000, 0x000000070d000000, 0x000000070d200000|  0%| F|  |TAMS 0x000000070d000000, 0x000000070d000000| Untracked 
|  83|0x000000070d200000, 0x000000070d200000, 0x000000070d400000|  0%| F|  |TAMS 0x000000070d200000, 0x000000070d200000| Untracked 
|  84|0x000000070d400000, 0x000000070d400000, 0x000000070d600000|  0%| F|  |TAMS 0x000000070d400000, 0x000000070d400000| Untracked 
|  85|0x000000070d600000, 0x000000070d800000, 0x000000070d800000|100%| O|  |TAMS 0x000000070d800000, 0x000000070d600000| Untracked 
|  86|0x000000070d800000, 0x000000070da00000, 0x000000070da00000|100%| O|  |TAMS 0x000000070d8dd200, 0x000000070d800000| Untracked 
|  87|0x000000070da00000, 0x000000070da00000, 0x000000070dc00000|  0%| F|  |TAMS 0x000000070da00000, 0x000000070da00000| Untracked 
|  88|0x000000070dc00000, 0x000000070dc00000, 0x000000070de00000|  0%| F|  |TAMS 0x000000070dc00000, 0x000000070dc00000| Untracked 
|  89|0x000000070de00000, 0x000000070de00000, 0x000000070e000000|  0%| F|  |TAMS 0x000000070de00000, 0x000000070de00000| Untracked 
|  90|0x000000070e000000, 0x000000070e000000, 0x000000070e200000|  0%| F|  |TAMS 0x000000070e000000, 0x000000070e000000| Untracked 
|  91|0x000000070e200000, 0x000000070e200000, 0x000000070e400000|  0%| F|  |TAMS 0x000000070e200000, 0x000000070e200000| Untracked 
|  92|0x000000070e400000, 0x000000070e400000, 0x000000070e600000|  0%| F|  |TAMS 0x000000070e400000, 0x000000070e400000| Untracked 
|  93|0x000000070e600000, 0x000000070e600000, 0x000000070e800000|  0%| F|  |TAMS 0x000000070e600000, 0x000000070e600000| Untracked 
|  94|0x000000070e800000, 0x000000070e800000, 0x000000070ea00000|  0%| F|  |TAMS 0x000000070e800000, 0x000000070e800000| Untracked 
|  95|0x000000070ea00000, 0x000000070ea00000, 0x000000070ec00000|  0%| F|  |TAMS 0x000000070ea00000, 0x000000070ea00000| Untracked 
|  96|0x000000070ec00000, 0x000000070ec00000, 0x000000070ee00000|  0%| F|  |TAMS 0x000000070ec00000, 0x000000070ec00000| Untracked 
|  97|0x000000070ee00000, 0x000000070ee00000, 0x000000070f000000|  0%| F|  |TAMS 0x000000070ee00000, 0x000000070ee00000| Untracked 
|  98|0x000000070f000000, 0x000000070f000000, 0x000000070f200000|  0%| F|  |TAMS 0x000000070f000000, 0x000000070f000000| Untracked 
|  99|0x000000070f200000, 0x000000070f400000, 0x000000070f400000|100%| S|CS|TAMS 0x000000070f200000, 0x000000070f200000| Complete 
| 100|0x000000070f400000, 0x000000070f600000, 0x000000070f600000|100%| S|CS|TAMS 0x000000070f400000, 0x000000070f400000| Complete 
| 101|0x000000070f600000, 0x000000070f800000, 0x000000070f800000|100%| S|CS|TAMS 0x000000070f600000, 0x000000070f600000| Complete 
| 102|0x000000070f800000, 0x000000070fa00000, 0x000000070fa00000|100%| S|CS|TAMS 0x000000070f800000, 0x000000070f800000| Complete 
| 103|0x000000070fa00000, 0x000000070fc00000, 0x000000070fc00000|100%| S|CS|TAMS 0x000000070fa00000, 0x000000070fa00000| Complete 
| 104|0x000000070fc00000, 0x000000070fe00000, 0x000000070fe00000|100%| S|CS|TAMS 0x000000070fc00000, 0x000000070fc00000| Complete 
| 105|0x000000070fe00000, 0x0000000710000000, 0x0000000710000000|100%| S|CS|TAMS 0x000000070fe00000, 0x000000070fe00000| Complete 
| 106|0x0000000710000000, 0x0000000710200000, 0x0000000710200000|100%| S|CS|TAMS 0x0000000710000000, 0x0000000710000000| Complete 
| 107|0x0000000710200000, 0x0000000710200000, 0x0000000710400000|  0%| F|  |TAMS 0x0000000710200000, 0x0000000710200000| Untracked 
| 108|0x0000000710400000, 0x0000000710400000, 0x0000000710600000|  0%| F|  |TAMS 0x0000000710400000, 0x0000000710400000| Untracked 
| 109|0x0000000710600000, 0x0000000710600000, 0x0000000710800000|  0%| F|  |TAMS 0x0000000710600000, 0x0000000710600000| Untracked 
| 110|0x0000000710800000, 0x0000000710800000, 0x0000000710a00000|  0%| F|  |TAMS 0x0000000710800000, 0x0000000710800000| Untracked 
| 111|0x0000000710a00000, 0x0000000710a00000, 0x0000000710c00000|  0%| F|  |TAMS 0x0000000710a00000, 0x0000000710a00000| Untracked 
| 112|0x0000000710c00000, 0x0000000710c00000, 0x0000000710e00000|  0%| F|  |TAMS 0x0000000710c00000, 0x0000000710c00000| Untracked 
| 113|0x0000000710e00000, 0x0000000710e00000, 0x0000000711000000|  0%| F|  |TAMS 0x0000000710e00000, 0x0000000710e00000| Untracked 
| 114|0x0000000711000000, 0x0000000711000000, 0x0000000711200000|  0%| F|  |TAMS 0x0000000711000000, 0x0000000711000000| Untracked 
| 115|0x0000000711200000, 0x0000000711200000, 0x0000000711400000|  0%| F|  |TAMS 0x0000000711200000, 0x0000000711200000| Untracked 
| 116|0x0000000711400000, 0x0000000711400000, 0x0000000711600000|  0%| F|  |TAMS 0x0000000711400000, 0x0000000711400000| Untracked 
| 117|0x0000000711600000, 0x0000000711600000, 0x0000000711800000|  0%| F|  |TAMS 0x0000000711600000, 0x0000000711600000| Untracked 
| 118|0x0000000711800000, 0x0000000711800000, 0x0000000711a00000|  0%| F|  |TAMS 0x0000000711800000, 0x0000000711800000| Untracked 
| 119|0x0000000711a00000, 0x0000000711a00000, 0x0000000711c00000|  0%| F|  |TAMS 0x0000000711a00000, 0x0000000711a00000| Untracked 
| 120|0x0000000711c00000, 0x0000000711c00000, 0x0000000711e00000|  0%| F|  |TAMS 0x0000000711c00000, 0x0000000711c00000| Untracked 
| 121|0x0000000711e00000, 0x0000000711e00000, 0x0000000712000000|  0%| F|  |TAMS 0x0000000711e00000, 0x0000000711e00000| Untracked 
| 122|0x0000000712000000, 0x0000000712000000, 0x0000000712200000|  0%| F|  |TAMS 0x0000000712000000, 0x0000000712000000| Untracked 
| 123|0x0000000712200000, 0x0000000712200000, 0x0000000712400000|  0%| F|  |TAMS 0x0000000712200000, 0x0000000712200000| Untracked 
| 124|0x0000000712400000, 0x0000000712400000, 0x0000000712600000|  0%| F|  |TAMS 0x0000000712400000, 0x0000000712400000| Untracked 
| 125|0x0000000712600000, 0x0000000712600000, 0x0000000712800000|  0%| F|  |TAMS 0x0000000712600000, 0x0000000712600000| Untracked 
| 126|0x0000000712800000, 0x0000000712800000, 0x0000000712a00000|  0%| F|  |TAMS 0x0000000712800000, 0x0000000712800000| Untracked 
| 127|0x0000000712a00000, 0x0000000712a00000, 0x0000000712c00000|  0%| F|  |TAMS 0x0000000712a00000, 0x0000000712a00000| Untracked 
| 128|0x0000000712c00000, 0x0000000712c00000, 0x0000000712e00000|  0%| F|  |TAMS 0x0000000712c00000, 0x0000000712c00000| Untracked 
| 129|0x0000000712e00000, 0x0000000712e00000, 0x0000000713000000|  0%| F|  |TAMS 0x0000000712e00000, 0x0000000712e00000| Untracked 
| 130|0x0000000713000000, 0x0000000713000000, 0x0000000713200000|  0%| F|  |TAMS 0x0000000713000000, 0x0000000713000000| Untracked 
| 131|0x0000000713200000, 0x0000000713200000, 0x0000000713400000|  0%| F|  |TAMS 0x0000000713200000, 0x0000000713200000| Untracked 
| 132|0x0000000713400000, 0x0000000713400000, 0x0000000713600000|  0%| F|  |TAMS 0x0000000713400000, 0x0000000713400000| Untracked 
| 133|0x0000000713600000, 0x0000000713600000, 0x0000000713800000|  0%| F|  |TAMS 0x0000000713600000, 0x0000000713600000| Untracked 
| 134|0x0000000713800000, 0x0000000713800000, 0x0000000713a00000|  0%| F|  |TAMS 0x0000000713800000, 0x0000000713800000| Untracked 
| 135|0x0000000713a00000, 0x0000000713b00800, 0x0000000713c00000| 50%| E|  |TAMS 0x0000000713a00000, 0x0000000713a00000| Complete 
| 136|0x0000000713c00000, 0x0000000713e00000, 0x0000000713e00000|100%| E|CS|TAMS 0x0000000713c00000, 0x0000000713c00000| Complete 
| 137|0x0000000713e00000, 0x0000000714000000, 0x0000000714000000|100%| O|  |TAMS 0x0000000714000000, 0x0000000713e00000| Untracked 
| 138|0x0000000714000000, 0x0000000714200000, 0x0000000714200000|100%| E|CS|TAMS 0x0000000714000000, 0x0000000714000000| Complete 
| 139|0x0000000714200000, 0x0000000714400000, 0x0000000714400000|100%| E|CS|TAMS 0x0000000714200000, 0x0000000714200000| Complete 
| 140|0x0000000714400000, 0x0000000714600000, 0x0000000714600000|100%| E|CS|TAMS 0x0000000714400000, 0x0000000714400000| Complete 
| 141|0x0000000714600000, 0x0000000714800000, 0x0000000714800000|100%| E|CS|TAMS 0x0000000714600000, 0x0000000714600000| Complete 
| 142|0x0000000714800000, 0x0000000714a00000, 0x0000000714a00000|100%| E|CS|TAMS 0x0000000714800000, 0x0000000714800000| Complete 
| 143|0x0000000714a00000, 0x0000000714c00000, 0x0000000714c00000|100%| E|CS|TAMS 0x0000000714a00000, 0x0000000714a00000| Complete 
| 144|0x0000000714c00000, 0x0000000714e00000, 0x0000000714e00000|100%| E|CS|TAMS 0x0000000714c00000, 0x0000000714c00000| Complete 
| 145|0x0000000714e00000, 0x0000000715000000, 0x0000000715000000|100%| E|CS|TAMS 0x0000000714e00000, 0x0000000714e00000| Complete 
| 146|0x0000000715000000, 0x0000000715200000, 0x0000000715200000|100%| E|CS|TAMS 0x0000000715000000, 0x0000000715000000| Complete 
| 147|0x0000000715200000, 0x0000000715400000, 0x0000000715400000|100%| E|CS|TAMS 0x0000000715200000, 0x0000000715200000| Complete 
| 148|0x0000000715400000, 0x0000000715600000, 0x0000000715600000|100%| E|CS|TAMS 0x0000000715400000, 0x0000000715400000| Complete 
| 149|0x0000000715600000, 0x0000000715800000, 0x0000000715800000|100%| E|CS|TAMS 0x0000000715600000, 0x0000000715600000| Complete 
| 150|0x0000000715800000, 0x0000000715a00000, 0x0000000715a00000|100%| E|CS|TAMS 0x0000000715800000, 0x0000000715800000| Complete 
| 151|0x0000000715a00000, 0x0000000715c00000, 0x0000000715c00000|100%| E|CS|TAMS 0x0000000715a00000, 0x0000000715a00000| Complete 
| 152|0x0000000715c00000, 0x0000000715e00000, 0x0000000715e00000|100%| E|CS|TAMS 0x0000000715c00000, 0x0000000715c00000| Complete 
| 153|0x0000000715e00000, 0x0000000716000000, 0x0000000716000000|100%| E|CS|TAMS 0x0000000715e00000, 0x0000000715e00000| Complete 
| 154|0x0000000716000000, 0x0000000716200000, 0x0000000716200000|100%| E|CS|TAMS 0x0000000716000000, 0x0000000716000000| Complete 
| 155|0x0000000716200000, 0x0000000716400000, 0x0000000716400000|100%| E|CS|TAMS 0x0000000716200000, 0x0000000716200000| Complete 
| 156|0x0000000716400000, 0x0000000716600000, 0x0000000716600000|100%| E|CS|TAMS 0x0000000716400000, 0x0000000716400000| Complete 
| 157|0x0000000716600000, 0x0000000716800000, 0x0000000716800000|100%| E|CS|TAMS 0x0000000716600000, 0x0000000716600000| Complete 
| 158|0x0000000716800000, 0x0000000716a00000, 0x0000000716a00000|100%| E|CS|TAMS 0x0000000716800000, 0x0000000716800000| Complete 
| 159|0x0000000716a00000, 0x0000000716c00000, 0x0000000716c00000|100%| E|CS|TAMS 0x0000000716a00000, 0x0000000716a00000| Complete 
| 160|0x0000000716c00000, 0x0000000716e00000, 0x0000000716e00000|100%| E|CS|TAMS 0x0000000716c00000, 0x0000000716c00000| Complete 
| 161|0x0000000716e00000, 0x0000000717000000, 0x0000000717000000|100%| E|CS|TAMS 0x0000000716e00000, 0x0000000716e00000| Complete 
| 162|0x0000000717000000, 0x0000000717200000, 0x0000000717200000|100%| E|CS|TAMS 0x0000000717000000, 0x0000000717000000| Complete 
| 163|0x0000000717200000, 0x0000000717400000, 0x0000000717400000|100%| E|CS|TAMS 0x0000000717200000, 0x0000000717200000| Complete 
| 164|0x0000000717400000, 0x0000000717600000, 0x0000000717600000|100%| E|CS|TAMS 0x0000000717400000, 0x0000000717400000| Complete 
| 165|0x0000000717600000, 0x0000000717800000, 0x0000000717800000|100%| E|CS|TAMS 0x0000000717600000, 0x0000000717600000| Complete 
| 166|0x0000000717800000, 0x0000000717a00000, 0x0000000717a00000|100%| E|CS|TAMS 0x0000000717800000, 0x0000000717800000| Complete 
| 167|0x0000000717a00000, 0x0000000717c00000, 0x0000000717c00000|100%| E|CS|TAMS 0x0000000717a00000, 0x0000000717a00000| Complete 
| 168|0x0000000717c00000, 0x0000000717e00000, 0x0000000717e00000|100%| E|CS|TAMS 0x0000000717c00000, 0x0000000717c00000| Complete 
| 169|0x0000000717e00000, 0x0000000718000000, 0x0000000718000000|100%| E|CS|TAMS 0x0000000717e00000, 0x0000000717e00000| Complete 
| 170|0x0000000718000000, 0x0000000718200000, 0x0000000718200000|100%| E|CS|TAMS 0x0000000718000000, 0x0000000718000000| Complete 
|2025|0x00000007ffe00000, 0x0000000800000000, 0x0000000800000000|100%| E|CS|TAMS 0x00000007ffe00000, 0x00000007ffe00000| Complete 

Card table byte_map: [0x000002235e340000,0x000002235eb30000] _byte_map_base: 0x000002235ab2a000

Marking Bits (Prev, Next): (CMBitMap*) 0x0000022344e2a080, (CMBitMap*) 0x0000022344e2a040
 Prev Bits: [0x0000022363270000, 0x00000223671c0000)
 Next Bits: [0x000002235f320000, 0x0000022363270000)

Polling page: 0x0000022344c60000

Metaspace:

Usage:
  Non-class:     62.43 MB used.
      Class:      7.48 MB used.
       Both:     69.91 MB used.

Virtual space:
  Non-class space:       64.00 MB reserved,      62.69 MB ( 98%) committed,  8 nodes.
      Class space:        1.00 GB reserved,       7.75 MB ( <1%) committed,  1 nodes.
             Both:        1.06 GB reserved,      70.44 MB (  6%) committed. 

Chunk freelists:
   Non-Class:  512.00 KB
       Class:  215.00 KB
        Both:  727.00 KB

MaxMetaspaceSize: unlimited
CompressedClassSpaceSize: 1.00 GB
Initial GC threshold: 21.00 MB
Current GC threshold: 117.00 MB
CDS: on
MetaspaceReclaimPolicy: balanced
 - commit_granule_bytes: 65536.
 - commit_granule_words: 8192.
 - virtual_space_node_default_size: 1048576.
 - enlarge_chunks_in_place: 1.
 - new_chunks_are_fully_committed: 0.
 - uncommit_free_chunks: 1.
 - use_allocation_guard: 0.
 - handle_deallocations: 1.


Internal statistics:

num_allocs_failed_limit: 6.
num_arena_births: 760.
num_arena_deaths: 0.
num_vsnodes_births: 9.
num_vsnodes_deaths: 0.
num_space_committed: 1123.
num_space_uncommitted: 0.
num_chunks_returned_to_freelist: 6.
num_chunks_taken_from_freelist: 2762.
num_chunk_merges: 0.
num_chunk_splits: 1879.
num_chunks_enlarged: 1330.
num_purges: 0.
num_inconsistent_stats: 0.

CodeHeap 'non-profiled nmethods': size=120000Kb used=16172Kb max_used=16760Kb free=103827Kb
 bounds [0x0000022355bb0000, 0x0000022356c30000, 0x000002235d0e0000]
CodeHeap 'profiled nmethods': size=120000Kb used=30081Kb max_used=31438Kb free=89919Kb
 bounds [0x000002234e680000, 0x0000022350650000, 0x0000022355bb0000]
CodeHeap 'non-nmethods': size=5760Kb used=2033Kb max_used=2184Kb free=3726Kb
 bounds [0x000002234e0e0000, 0x000002234e350000, 0x000002234e680000]
 total_blobs=13718 nmethods=12154 adapters=1474
 compilation: enabled
              stopped_count=0, restarted_count=0
 full_count=0

Compilation events (20 events):
Event: 213.039 Thread 0x000002236a80c5b0 17088   !   3       jdk.proxy2.$Proxy151::replaceOrbText (32 bytes)
Event: 213.039 Thread 0x000002236a80c5b0 nmethod 17088 0x000002234e8c2d90 code [0x000002234e8c2f60, 0x000002234e8c3398]
Event: 213.040 Thread 0x000002236a80c5b0 17089       3       java.util.HashMap$HashMapSpliterator::estimateSize (11 bytes)
Event: 213.040 Thread 0x000002236a80c5b0 nmethod 17089 0x000002234e872990 code [0x000002234e872b20, 0x000002234e872c68]
Event: 214.668 Thread 0x000002236a803ca0 17090       4       net.runelite.client.plugins.zulrah.ZulrahPlugin$$Lambda$812/0x0000000801290450::accept (12 bytes)
Event: 214.671 Thread 0x000002236a803ca0 nmethod 17090 0x0000022356370c10 code [0x0000022356370de0, 0x0000022356371288]
Event: 215.415 Thread 0x000002236a80c5b0 17091   !   3       jdk.proxy2.$Proxy104::showWhenNoChange (32 bytes)
Event: 215.415 Thread 0x000002236a80c5b0 nmethod 17091 0x0000022350021910 code [0x0000022350021ae0, 0x0000022350021f18]
Event: 216.222 Thread 0x000002236a803ca0 17092   !   4       net.runelite.client.plugins.timetracking.farming.FarmingTracker::predictPatch (318 bytes)
Event: 216.222 Thread 0x000002236a80c5b0 17093       3       net.runelite.client.plugins.timetracking.farming.PatchImplementation$4::forVarbitValue (1951 bytes)
Event: 216.225 Thread 0x000002236a80c5b0 nmethod 17093 0x000002234fa99190 code [0x000002234fa99fe0, 0x000002234faa4dd8]
Event: 216.292 Thread 0x000002236a803ca0 nmethod 17092 0x0000022356505810 code [0x0000022356505bc0, 0x0000022356509828]
Event: 216.292 Thread 0x000002236a803ca0 17094       4       com.sun.jna.Memory::boundsCheck (90 bytes)
Event: 216.293 Thread 0x000002236a803ca0 nmethod 17094 0x00000223560ed390 code [0x00000223560ed500, 0x00000223560ed5f8]
Event: 216.622 Thread 0x000002236a80c5b0 17095       3       gp::y (68 bytes)
Event: 216.622 Thread 0x000002236a80c5b0 nmethod 17095 0x000002234f12ad10 code [0x000002234f12af00, 0x000002234f12b498]
Event: 216.639 Thread 0x000002236a80c5b0 17096       3       java.time.Instant::compareTo (28 bytes)
Event: 216.639 Thread 0x000002236a80c5b0 nmethod 17096 0x000002234eb2b190 code [0x000002234eb2b340, 0x000002234eb2b5d8]
Event: 217.513 Thread 0x000002236a80c5b0 17097       3       java.util.logging.LogManager$LoggerContext::getGlobalLogger (6 bytes)
Event: 217.513 Thread 0x000002236a80c5b0 nmethod 17097 0x000002234ea7a910 code [0x000002234ea7aaa0, 0x000002234ea7abb8]

GC Heap History (20 events):
Event: 95.609 GC heap before
{Heap before GC invocations=41 (full 0):
 garbage-first heap   total 352256K, used 272996K [0x0000000702c00000, 0x0000000800000000)
  region size 2048K, 61 young (124928K), 1 survivors (2048K)
 Metaspace       used 69896K, committed 70400K, reserved 1114112K
  class space    used 7480K, committed 7744K, reserved 1048576K
}
Event: 95.614 GC heap after
{Heap after GC invocations=42 (full 0):
 garbage-first heap   total 352256K, used 164043K [0x0000000702c00000, 0x0000000800000000)
  region size 2048K, 8 young (16384K), 8 survivors (16384K)
 Metaspace       used 69896K, committed 70400K, reserved 1114112K
  class space    used 7480K, committed 7744K, reserved 1048576K
}
Event: 96.113 GC heap before
{Heap before GC invocations=42 (full 0):
 garbage-first heap   total 352256K, used 172235K [0x0000000702c00000, 0x0000000800000000)
  region size 2048K, 13 young (26624K), 8 survivors (16384K)
 Metaspace       used 69963K, committed 70528K, reserved 1114112K
  class space    used 7481K, committed 7744K, reserved 1048576K
}
Event: 96.118 GC heap after
{Heap after GC invocations=43 (full 0):
 garbage-first heap   total 352256K, used 165707K [0x0000000702c00000, 0x0000000800000000)
  region size 2048K, 2 young (4096K), 2 survivors (4096K)
 Metaspace       used 69963K, committed 70528K, reserved 1114112K
  class space    used 7481K, committed 7744K, reserved 1048576K
}
Event: 111.222 GC heap before
{Heap before GC invocations=44 (full 0):
 garbage-first heap   total 352256K, used 280395K [0x0000000702c00000, 0x0000000800000000)
  region size 2048K, 57 young (116736K), 2 survivors (4096K)
 Metaspace       used 70879K, committed 71360K, reserved 1114112K
  class space    used 7614K, committed 7872K, reserved 1048576K
}
Event: 111.225 GC heap after
{Heap after GC invocations=45 (full 0):
 garbage-first heap   total 352256K, used 174455K [0x0000000702c00000, 0x0000000800000000)
  region size 2048K, 6 young (12288K), 6 survivors (12288K)
 Metaspace       used 70879K, committed 71360K, reserved 1114112K
  class space    used 7614K, committed 7872K, reserved 1048576K
}
Event: 111.674 GC heap before
{Heap before GC invocations=45 (full 0):
 garbage-first heap   total 352256K, used 178551K [0x0000000702c00000, 0x0000000800000000)
  region size 2048K, 8 young (16384K), 6 survivors (12288K)
 Metaspace       used 70883K, committed 71360K, reserved 1114112K
  class space    used 7614K, committed 7872K, reserved 1048576K
}
Event: 111.679 GC heap after
{Heap after GC invocations=46 (full 0):
 garbage-first heap   total 352256K, used 152094K [0x0000000702c00000, 0x0000000800000000)
  region size 2048K, 1 young (2048K), 1 survivors (2048K)
 Metaspace       used 70883K, committed 71360K, reserved 1114112K
  class space    used 7614K, committed 7872K, reserved 1048576K
}
Event: 127.123 GC heap before
{Heap before GC invocations=46 (full 0):
 garbage-first heap   total 352256K, used 277022K [0x0000000702c00000, 0x0000000800000000)
  region size 2048K, 62 young (126976K), 1 survivors (2048K)
 Metaspace       used 70986K, committed 71552K, reserved 1114112K
  class space    used 7621K, committed 7872K, reserved 1048576K
}
Event: 127.125 GC heap after
{Heap after GC invocations=47 (full 0):
 garbage-first heap   total 352256K, used 157178K [0x0000000702c00000, 0x0000000800000000)
  region size 2048K, 4 young (8192K), 4 survivors (8192K)
 Metaspace       used 70986K, committed 71552K, reserved 1114112K
  class space    used 7621K, committed 7872K, reserved 1048576K
}
Event: 144.024 GC heap before
{Heap before GC invocations=47 (full 0):
 garbage-first heap   total 352256K, used 278010K [0x0000000702c00000, 0x0000000800000000)
  region size 2048K, 63 young (129024K), 4 survivors (8192K)
 Metaspace       used 71242K, committed 71744K, reserved 1114112K
  class space    used 7645K, committed 7936K, reserved 1048576K
}
Event: 144.026 GC heap after
{Heap after GC invocations=48 (full 0):
 garbage-first heap   total 352256K, used 155416K [0x0000000702c00000, 0x0000000800000000)
  region size 2048K, 3 young (6144K), 3 survivors (6144K)
 Metaspace       used 71242K, committed 71744K, reserved 1114112K
  class space    used 7645K, committed 7936K, reserved 1048576K
}
Event: 161.823 GC heap before
{Heap before GC invocations=48 (full 0):
 garbage-first heap   total 352256K, used 280344K [0x0000000702c00000, 0x0000000800000000)
  region size 2048K, 65 young (133120K), 3 survivors (6144K)
 Metaspace       used 71306K, committed 71872K, reserved 1114112K
  class space    used 7650K, committed 7936K, reserved 1048576K
}
Event: 161.825 GC heap after
{Heap after GC invocations=49 (full 0):
 garbage-first heap   total 352256K, used 157451K [0x0000000702c00000, 0x0000000800000000)
  region size 2048K, 4 young (8192K), 4 survivors (8192K)
 Metaspace       used 71306K, committed 71872K, reserved 1114112K
  class space    used 7650K, committed 7936K, reserved 1048576K
}
Event: 178.285 GC heap before
{Heap before GC invocations=50 (full 0):
 garbage-first heap   total 352256K, used 284427K [0x0000000702c00000, 0x0000000800000000)
  region size 2048K, 68 young (139264K), 4 survivors (8192K)
 Metaspace       used 71394K, committed 71936K, reserved 1114112K
  class space    used 7653K, committed 7936K, reserved 1048576K
}
Event: 178.290 GC heap after
{Heap after GC invocations=51 (full 0):
 garbage-first heap   total 352256K, used 164169K [0x0000000702c00000, 0x0000000800000000)
  region size 2048K, 9 young (18432K), 9 survivors (18432K)
 Metaspace       used 71394K, committed 71936K, reserved 1114112K
  class space    used 7653K, committed 7936K, reserved 1048576K
}
Event: 178.294 GC heap before
{Heap before GC invocations=51 (full 0):
 garbage-first heap   total 352256K, used 166217K [0x0000000702c00000, 0x0000000800000000)
  region size 2048K, 10 young (20480K), 9 survivors (18432K)
 Metaspace       used 71399K, committed 71936K, reserved 1114112K
  class space    used 7653K, committed 7936K, reserved 1048576K
}
Event: 178.300 GC heap after
{Heap after GC invocations=52 (full 0):
 garbage-first heap   total 352256K, used 150992K [0x0000000702c00000, 0x0000000800000000)
  region size 2048K, 2 young (4096K), 2 survivors (4096K)
 Metaspace       used 71399K, committed 71936K, reserved 1114112K
  class space    used 7653K, committed 7936K, reserved 1048576K
}
Event: 200.821 GC heap before
{Heap before GC invocations=52 (full 0):
 garbage-first heap   total 352256K, used 277968K [0x0000000702c00000, 0x0000000800000000)
  region size 2048K, 64 young (131072K), 2 survivors (4096K)
 Metaspace       used 71517K, committed 72064K, reserved 1114112K
  class space    used 7663K, committed 7936K, reserved 1048576K
}
Event: 200.825 GC heap after
{Heap after GC invocations=53 (full 0):
 garbage-first heap   total 352256K, used 169984K [0x0000000702c00000, 0x0000000800000000)
  region size 2048K, 8 young (16384K), 8 survivors (16384K)
 Metaspace       used 71517K, committed 72064K, reserved 1114112K
  class space    used 7663K, committed 7936K, reserved 1048576K
}

Deoptimization events (20 events):
Event: 207.461 Thread 0x000002236b563460 DEOPT PACKING pc=0x00000223502b9e61 sp=0x00000076438fef40
Event: 207.461 Thread 0x000002236b563460 DEOPT UNPACKING pc=0x000002234e132b43 sp=0x00000076438fe5b8 mode 0
Event: 207.464 Thread 0x000002236b563460 DEOPT PACKING pc=0x00000223502b9e61 sp=0x00000076438fef40
Event: 207.464 Thread 0x000002236b563460 DEOPT UNPACKING pc=0x000002234e132b43 sp=0x00000076438fe5b8 mode 0
Event: 207.482 Thread 0x000002236b563460 DEOPT PACKING pc=0x00000223502b9e61 sp=0x00000076438fef40
Event: 207.482 Thread 0x000002236b563460 DEOPT UNPACKING pc=0x000002234e132b43 sp=0x00000076438fe5b8 mode 0
Event: 207.521 Thread 0x000002236b563460 DEOPT PACKING pc=0x00000223502b970c sp=0x00000076438fef40
Event: 207.521 Thread 0x000002236b563460 DEOPT UNPACKING pc=0x000002234e132b43 sp=0x00000076438fe5b0 mode 0
Event: 207.524 Thread 0x000002236b563460 DEOPT PACKING pc=0x00000223502b9f8a sp=0x00000076438fef40
Event: 207.524 Thread 0x000002236b563460 DEOPT UNPACKING pc=0x000002234e132b43 sp=0x00000076438fe5b8 mode 0
Event: 207.543 Thread 0x000002236b563460 DEOPT PACKING pc=0x00000223502b9f27 sp=0x00000076438fef40
Event: 207.543 Thread 0x000002236b563460 DEOPT UNPACKING pc=0x000002234e132b43 sp=0x00000076438fe5b8 mode 0
Event: 207.546 Thread 0x000002236b563460 DEOPT PACKING pc=0x00000223502b9e61 sp=0x00000076438fef40
Event: 207.546 Thread 0x000002236b563460 DEOPT UNPACKING pc=0x000002234e132b43 sp=0x00000076438fe5b8 mode 0
Event: 207.564 Thread 0x000002236b563460 DEOPT PACKING pc=0x00000223502b9b4b sp=0x00000076438fef40
Event: 207.564 Thread 0x000002236b563460 DEOPT UNPACKING pc=0x000002234e132b43 sp=0x00000076438fe5b8 mode 0
Event: 207.566 Thread 0x000002236b563460 DEOPT PACKING pc=0x00000223502b9e61 sp=0x00000076438fef40
Event: 207.567 Thread 0x000002236b563460 DEOPT UNPACKING pc=0x000002234e132b43 sp=0x00000076438fe5b8 mode 0
Event: 207.584 Thread 0x000002236b563460 DEOPT PACKING pc=0x00000223502b9e61 sp=0x00000076438fef40
Event: 207.584 Thread 0x000002236b563460 DEOPT UNPACKING pc=0x000002234e132b43 sp=0x00000076438fe5b8 mode 0

Classes unloaded (0 events):
No events

Classes redefined (0 events):
No events

Internal exceptions (20 events):
Event: 167.429 Thread 0x000002236b563460 Exception <a 'java/lang/NullPointerException'{0x0000000715f0ed58}> (0x0000000715f0ed58) 
thrown [c:\wsjdk\corretto17src\installers\windows\zip\corretto-build\buildroot\src\hotspot\share\interpreter\linkResolver.cpp, line 1357]
Event: 168.049 Thread 0x000002236b563460 Exception <a 'java/lang/NullPointerException'{0x0000000715ade3e0}> (0x0000000715ade3e0) 
thrown [c:\wsjdk\corretto17src\installers\windows\zip\corretto-build\buildroot\src\hotspot\share\interpreter\linkResolver.cpp, line 1357]
Event: 168.597 Thread 0x000002236b563460 Exception <a 'java/lang/NullPointerException'{0x00000007156531f8}> (0x00000007156531f8) 
thrown [c:\wsjdk\corretto17src\installers\windows\zip\corretto-build\buildroot\src\hotspot\share\interpreter\linkResolver.cpp, line 1357]
Event: 169.246 Thread 0x000002236b563460 Exception <a 'java/lang/NullPointerException'{0x000000071526d240}> (0x000000071526d240) 
thrown [c:\wsjdk\corretto17src\installers\windows\zip\corretto-build\buildroot\src\hotspot\share\interpreter\linkResolver.cpp, line 1357]
Event: 169.865 Thread 0x000002236b563460 Exception <a 'java/lang/NullPointerException'{0x0000000714e315b0}> (0x0000000714e315b0) 
thrown [c:\wsjdk\corretto17src\installers\windows\zip\corretto-build\buildroot\src\hotspot\share\interpreter\linkResolver.cpp, line 1357]
Event: 170.439 Thread 0x000002236b563460 Exception <a 'java/lang/NullPointerException'{0x0000000714dcc7c8}> (0x0000000714dcc7c8) 
thrown [c:\wsjdk\corretto17src\installers\windows\zip\corretto-build\buildroot\src\hotspot\share\interpreter\linkResolver.cpp, line 1357]
Event: 171.042 Thread 0x000002236b563460 Exception <a 'java/lang/NullPointerException'{0x000000071498e7a0}> (0x000000071498e7a0) 
thrown [c:\wsjdk\corretto17src\installers\windows\zip\corretto-build\buildroot\src\hotspot\share\interpreter\linkResolver.cpp, line 1357]
Event: 171.685 Thread 0x000002236b563460 Exception <a 'java/lang/NullPointerException'{0x0000000714593530}> (0x0000000714593530) 
thrown [c:\wsjdk\corretto17src\installers\windows\zip\corretto-build\buildroot\src\hotspot\share\interpreter\linkResolver.cpp, line 1357]
Event: 172.223 Thread 0x000002236b563460 Exception <a 'java/lang/NullPointerException'{0x00000007140f2180}> (0x00000007140f2180) 
thrown [c:\wsjdk\corretto17src\installers\windows\zip\corretto-build\buildroot\src\hotspot\share\interpreter\linkResolver.cpp, line 1357]
Event: 172.828 Thread 0x000002236b563460 Exception <a 'java/lang/NullPointerException'{0x0000000713ac2a20}> (0x0000000713ac2a20) 
thrown [c:\wsjdk\corretto17src\installers\windows\zip\corretto-build\buildroot\src\hotspot\share\interpreter\linkResolver.cpp, line 1357]
Event: 173.418 Thread 0x000002236b563460 Exception <a 'java/lang/NullPointerException'{0x0000000713676030}> (0x0000000713676030) 
thrown [c:\wsjdk\corretto17src\installers\windows\zip\corretto-build\buildroot\src\hotspot\share\interpreter\linkResolver.cpp, line 1357]
Event: 174.044 Thread 0x000002236b563460 Exception <a 'java/lang/NullPointerException'{0x000000071325fac8}> (0x000000071325fac8) 
thrown [c:\wsjdk\corretto17src\installers\windows\zip\corretto-build\buildroot\src\hotspot\share\interpreter\linkResolver.cpp, line 1357]
Event: 174.623 Thread 0x000002236b563460 Exception <a 'java/lang/NullPointerException'{0x0000000712e07de8}> (0x0000000712e07de8) 
thrown [c:\wsjdk\corretto17src\installers\windows\zip\corretto-build\buildroot\src\hotspot\share\interpreter\linkResolver.cpp, line 1357]
Event: 175.246 Thread 0x000002236b563460 Exception <a 'java/lang/NullPointerException'{0x0000000712dec0e8}> (0x0000000712dec0e8) 
thrown [c:\wsjdk\corretto17src\installers\windows\zip\corretto-build\buildroot\src\hotspot\share\interpreter\linkResolver.cpp, line 1357]
Event: 175.842 Thread 0x000002236b563460 Exception <a 'java/lang/NullPointerException'{0x00000007129b42b8}> (0x00000007129b42b8) 
thrown [c:\wsjdk\corretto17src\installers\windows\zip\corretto-build\buildroot\src\hotspot\share\interpreter\linkResolver.cpp, line 1357]
Event: 176.422 Thread 0x000002236b563460 Exception <a 'java/lang/NullPointerException'{0x0000000712583390}> (0x0000000712583390) 
thrown [c:\wsjdk\corretto17src\installers\windows\zip\corretto-build\buildroot\src\hotspot\share\interpreter\linkResolver.cpp, line 1357]
Event: 177.019 Thread 0x000002236b563460 Implicit null exception at 0x000002234f77d4ac to 0x000002234f77d508
Event: 177.019 Thread 0x000002236b563460 Exception <a 'java/lang/NullPointerException'{0x0000000712144d60}> (0x0000000712144d60) 
thrown [c:\wsjdk\corretto17src\installers\windows\zip\corretto-build\buildroot\src\hotspot\share\runtime\sharedRuntime.cpp, line 628]
Event: 177.046 Thread 0x000002236b563460 Exception <a 'java/lang/NullPointerException'{0x000000071216fed0}> (0x000000071216fed0) 
thrown [c:\wsjdk\corretto17src\installers\windows\zip\corretto-build\buildroot\src\hotspot\share\interpreter\linkResolver.cpp, line 1357]
Event: 177.658 Thread 0x000002236b563460 Exception <a 'java/lang/NullPointerException'{0x0000000711d45ce8}> (0x0000000711d45ce8) 
thrown [c:\wsjdk\corretto17src\installers\windows\zip\corretto-build\buildroot\src\hotspot\share\interpreter\linkResolver.cpp, line 1357]

VM Operations (20 events):
Event: 186.798 Executing VM operation: Cleanup
Event: 186.798 Executing VM operation: Cleanup done
Event: 198.872 Executing VM operation: HandshakeAllThreads
Event: 198.872 Executing VM operation: HandshakeAllThreads done
Event: 199.872 Executing VM operation: Cleanup
Event: 199.872 Executing VM operation: Cleanup done
Event: 200.821 Executing VM operation: G1CollectForAllocation
Event: 200.826 Executing VM operation: G1CollectForAllocation done
Event: 204.826 Executing VM operation: Cleanup
Event: 204.826 Executing VM operation: Cleanup done
Event: 206.081 Executing VM operation: HandshakeAllThreads
Event: 206.081 Executing VM operation: HandshakeAllThreads done
Event: 207.081 Executing VM operation: Cleanup
Event: 207.081 Executing VM operation: Cleanup done
Event: 211.031 Executing VM operation: HandshakeAllThreads
Event: 211.031 Executing VM operation: HandshakeAllThreads done
Event: 212.031 Executing VM operation: Cleanup
Event: 212.031 Executing VM operation: Cleanup done
Event: 217.032 Executing VM operation: Cleanup
Event: 217.032 Executing VM operation: Cleanup done

Events (20 events):
Event: 211.044 Thread 0x000002236a8117d0 flushing nmethod 0x000002234fff8e90
Event: 211.044 Thread 0x000002236a8117d0 flushing nmethod 0x0000022350035190
Event: 211.044 Thread 0x000002236a8117d0 flushing nmethod 0x0000022350117d10
Event: 211.044 Thread 0x000002236a8117d0 flushing nmethod 0x000002235020b190
Event: 211.044 Thread 0x000002236a8117d0 flushing nmethod 0x000002235038d410
Event: 211.255 Thread 0x00000223748f4c10 Thread exited: 0x00000223748f4c10
Event: 211.256 Thread 0x00000223748f2db0 Thread exited: 0x00000223748f2db0
Event: 217.512 loading class jdk/internal/misc/Signal$1
Event: 217.512 loading class jdk/internal/misc/Signal$1 done
Event: 217.512 Thread 0x0000022371115140 Thread added: 0x0000022371115140
Event: 217.513 Thread 0x000002237110ddc0 Thread added: 0x000002237110ddc0
Event: 217.513 Thread 0x0000022371110910 Thread added: 0x0000022371110910
Event: 217.513 Thread 0x0000022371115610 Thread added: 0x0000022371115610
Event: 217.513 Thread 0x000002237110e760 Thread added: 0x000002237110e760
Event: 217.513 loading class sun/font/SunFontManager$8$1
Event: 217.513 Thread 0x000002237110e760 Thread exited: 0x000002237110e760
Event: 217.513 loading class sun/font/SunFontManager$8$1 done
Event: 217.513 Thread 0x0000022371110910 Thread exited: 0x0000022371110910
Event: 217.514 Thread 0x0000022371115610 Thread exited: 0x0000022371115610
Event: 217.524 Thread 0x000002236b4f35e0 Thread exited: 0x000002236b4f35e0


Dynamic libraries:
0x00007ff618ef0000 - 0x00007ff618efd000 	C:\Users\johnn\.jdks\corretto-17.0.3\bin\java.exe
0x00007fff90ad0000 - 0x00007fff90cc8000 	C:\Windows\SYSTEM32\ntdll.dll
0x00007fff8f810000 - 0x00007fff8f8cd000 	C:\Windows\System32\KERNEL32.DLL
0x00007fff8e280000 - 0x00007fff8e54e000 	C:\Windows\System32\KERNELBASE.dll
0x00007fff8e6b0000 - 0x00007fff8e7b0000 	C:\Windows\System32\ucrtbase.dll
0x00007fff7ac50000 - 0x00007fff7ac65000 	C:\Users\johnn\.jdks\corretto-17.0.3\bin\VCRUNTIME140.dll
0x00007fff8b720000 - 0x00007fff8b738000 	C:\Users\johnn\.jdks\corretto-17.0.3\bin\jli.dll
0x00007fff8fd40000 - 0x00007fff8fee0000 	C:\Windows\System32\USER32.dll
0x00007fff8e8c0000 - 0x00007fff8e8e2000 	C:\Windows\System32\win32u.dll
0x00007fff76930000 - 0x00007fff76bca000 	C:\Windows\WinSxS\amd64_microsoft.windows.common-controls_6595b64144ccf1df_6.0.19041.1110_none_60b5254171f9507e\COMCTL32.dll
0x00007fff8fbc0000 - 0x00007fff8fc5e000 	C:\Windows\System32\msvcrt.dll
0x00007fff8f7e0000 - 0x00007fff8f80a000 	C:\Windows\System32\GDI32.dll
0x00007fff8e7b0000 - 0x00007fff8e8bb000 	C:\Windows\System32\gdi32full.dll
0x00007fff8ea40000 - 0x00007fff8eadd000 	C:\Windows\System32\msvcp_win.dll
0x00007fff8ff40000 - 0x00007fff8ff70000 	C:\Windows\System32\IMM32.DLL
0x00007fff36f80000 - 0x00007fff3701b000 	C:\Users\johnn\.jdks\corretto-17.0.3\bin\msvcp140.dll
0x00007ffec4370000 - 0x00007ffec4f8b000 	C:\Users\johnn\.jdks\corretto-17.0.3\bin\server\jvm.dll
0x00007fff909e0000 - 0x00007fff90a8e000 	C:\Windows\System32\ADVAPI32.dll
0x00007fff8f580000 - 0x00007fff8f61c000 	C:\Windows\System32\sechost.dll
0x00007fff8ecf0000 - 0x00007fff8ee15000 	C:\Windows\System32\RPCRT4.dll
0x00007fff8fc60000 - 0x00007fff8fc68000 	C:\Windows\System32\PSAPI.DLL
0x00007fff7ed40000 - 0x00007fff7ed67000 	C:\Windows\SYSTEM32\WINMM.dll
0x00007fff7a540000 - 0x00007fff7a549000 	C:\Windows\SYSTEM32\WSOCK32.dll
0x00007fff890a0000 - 0x00007fff890aa000 	C:\Windows\SYSTEM32\VERSION.dll
0x00007fff8fcd0000 - 0x00007fff8fd3b000 	C:\Windows\System32\WS2_32.dll
0x00007fff8c0e0000 - 0x00007fff8c0f2000 	C:\Windows\SYSTEM32\kernel.appcore.dll
0x00007fff8b770000 - 0x00007fff8b77a000 	C:\Users\johnn\.jdks\corretto-17.0.3\bin\jimage.dll
0x00007fff7e090000 - 0x00007fff7e274000 	C:\Windows\SYSTEM32\DBGHELP.DLL
0x00007fff798c0000 - 0x00007fff798ec000 	C:\Windows\SYSTEM32\dbgcore.DLL
0x00007fff8e1f0000 - 0x00007fff8e272000 	C:\Windows\System32\bcryptPrimitives.dll
0x00007fff8baa0000 - 0x00007fff8baae000 	C:\Users\johnn\.jdks\corretto-17.0.3\bin\instrument.dll
0x00007fff6bbf0000 - 0x00007fff6bc15000 	C:\Users\johnn\.jdks\corretto-17.0.3\bin\java.dll
0x00007fff34a10000 - 0x00007fff34ae6000 	C:\Users\johnn\.jdks\corretto-17.0.3\bin\jsvml.dll
0x00007fff8ee20000 - 0x00007fff8f563000 	C:\Windows\System32\SHELL32.dll
0x00007fff8c2e0000 - 0x00007fff8ca75000 	C:\Windows\SYSTEM32\windows.storage.dll
0x00007fff90660000 - 0x00007fff909b4000 	C:\Windows\System32\combase.dll
0x00007fff8dc50000 - 0x00007fff8dc80000 	C:\Windows\SYSTEM32\Wldp.dll
0x00007fff905b0000 - 0x00007fff9065d000 	C:\Windows\System32\SHCORE.dll
0x00007fff8fc70000 - 0x00007fff8fcc5000 	C:\Windows\System32\shlwapi.dll
0x00007fff8e130000 - 0x00007fff8e14f000 	C:\Windows\SYSTEM32\profapi.dll
0x00007fff740b0000 - 0x00007fff740c8000 	C:\Users\johnn\.jdks\corretto-17.0.3\bin\zip.dll
0x00007fff7a570000 - 0x00007fff7a589000 	C:\Users\johnn\.jdks\corretto-17.0.3\bin\net.dll
0x00007fff7fd50000 - 0x00007fff7fe5a000 	C:\Windows\SYSTEM32\WINHTTP.dll
0x00007fff8d9b0000 - 0x00007fff8da1a000 	C:\Windows\system32\mswsock.dll
0x00007fff793c0000 - 0x00007fff793d5000 	C:\Users\johnn\.jdks\corretto-17.0.3\bin\nio.dll
0x00007fff7eb60000 - 0x00007fff7eb7a000 	D:\IntelliJ IDEA Community Edition 2022.1.2\bin\breakgen64.dll
0x00007fff7b680000 - 0x00007fff7b690000 	C:\Users\johnn\.jdks\corretto-17.0.3\bin\verify.dll
0x00007fff7a550000 - 0x00007fff7a55e000 	C:\Users\johnn\.jdks\corretto-17.0.3\bin\sunmscapi.dll
0x00007fff8e550000 - 0x00007fff8e6a6000 	C:\Windows\System32\CRYPT32.dll
0x00007fff8dcc0000 - 0x00007fff8dce7000 	C:\Windows\SYSTEM32\ncrypt.dll
0x00007fff8dc80000 - 0x00007fff8dcbb000 	C:\Windows\SYSTEM32\NTASN1.dll
0x00007fff8dbb0000 - 0x00007fff8dbc8000 	C:\Windows\SYSTEM32\CRYPTSP.dll
0x00007fff8d2c0000 - 0x00007fff8d2f4000 	C:\Windows\system32\rsaenh.dll
0x00007fff8e8f0000 - 0x00007fff8e917000 	C:\Windows\System32\bcrypt.dll
0x00007fff8e0f0000 - 0x00007fff8e11e000 	C:\Windows\SYSTEM32\USERENV.dll
0x00007fff8dba0000 - 0x00007fff8dbac000 	C:\Windows\SYSTEM32\CRYPTBASE.dll
0x00007fff8d650000 - 0x00007fff8d68b000 	C:\Windows\SYSTEM32\IPHLPAPI.DLL
0x00007fff8f620000 - 0x00007fff8f628000 	C:\Windows\System32\NSI.dll
0x00007fff87bf0000 - 0x00007fff87c07000 	C:\Windows\SYSTEM32\dhcpcsvc6.DLL
0x00007fff88400000 - 0x00007fff8841d000 	C:\Windows\SYSTEM32\dhcpcsvc.DLL
0x00007fff8d690000 - 0x00007fff8d75a000 	C:\Windows\SYSTEM32\DNSAPI.dll
0x00007fff21180000 - 0x00007fff21327000 	C:\Users\johnn\.jdks\corretto-17.0.3\bin\awt.dll
0x00007fff8faf0000 - 0x00007fff8fbbd000 	C:\Windows\System32\OLEAUT32.dll
0x00007fff8b940000 - 0x00007fff8b9d0000 	C:\Windows\SYSTEM32\apphelp.dll
0x00007fff8bb60000 - 0x00007fff8bbfe000 	C:\Windows\system32\uxtheme.dll
0x00007fff4db00000 - 0x00007fff4dc38000 	C:\ProgramData\A-Volute\A-Volute.Nahimic\Modules\Scheduled\x64\AudioDevProps2.dll
0x00007fff8f8d0000 - 0x00007fff8f9fa000 	C:\Windows\System32\ole32.dll
0x00007fff59220000 - 0x00007fff592ce000 	C:\ProgramData\A-Volute\A-Volute.Nahimic\Modules\Scheduled\x64\NahimicOSD.dll
0x00007fff5a9f0000 - 0x00007fff5aa57000 	C:\ProgramData\A-Volute\A-Volute.Nahimic\Modules\Scheduled\x64\ProductInfo.dll
0x00007fff90020000 - 0x00007fff90135000 	C:\Windows\System32\MSCTF.dll
0x00007fff8bdf0000 - 0x00007fff8be1f000 	C:\Windows\system32\DWMAPI.DLL
0x00007fff6a700000 - 0x00007fff6a827000 	C:\Windows\system32\opengl32.dll
0x00007fff7a610000 - 0x00007fff7a63c000 	C:\Windows\SYSTEM32\GLU32.dll
0x00007fff352f0000 - 0x00007fff35376000 	C:\Users\johnn\.jdks\corretto-17.0.3\bin\freetype.dll
0x00007fff335f0000 - 0x00007fff33695000 	C:\Users\johnn\.jdks\corretto-17.0.3\bin\fontmanager.dll
0x00007fff686f0000 - 0x00007fff687e9000 	C:\Windows\SYSTEM32\textinputframework.dll
0x00007fff8b100000 - 0x00007fff8b45e000 	C:\Windows\System32\CoreUIComponents.dll
0x00007fff8b460000 - 0x00007fff8b552000 	C:\Windows\System32\CoreMessaging.dll
0x00007fff8cef0000 - 0x00007fff8cf23000 	C:\Windows\SYSTEM32\ntmarta.dll
0x00007fff8a9d0000 - 0x00007fff8ab24000 	C:\Windows\SYSTEM32\wintypes.dll
0x00007fff7e990000 - 0x00007fff7e999000 	C:\Users\johnn\.jdks\corretto-17.0.3\bin\management.dll
0x00007fff7e980000 - 0x00007fff7e98b000 	C:\Users\johnn\.jdks\corretto-17.0.3\bin\management_ext.dll
0x00007fff7fbf0000 - 0x00007fff7fbfa000 	C:\Windows\System32\rasadhlp.dll
0x00007fff7fcd0000 - 0x00007fff7fd50000 	C:\Windows\System32\fwpuclnt.dll
0x00007fff4eb80000 - 0x00007fff4ebc4000 	C:\Users\johnn\AppData\Local\Temp\jna-101303491\jna13729274591312784483.dll
0x00007fff23450000 - 0x00007fff234ec000 	C:\Users\johnn\AppData\Local\Temp\jna-101303491\jna4777933912807358654.dll
0x00007fff57640000 - 0x00007fff57651000 	C:\Users\johnn\.jdks\corretto-17.0.3\bin\jsound.dll
0x00007fff7ed70000 - 0x00007fff7ee0c000 	C:\Windows\SYSTEM32\DSOUND.dll
0x00007fff8d770000 - 0x00007fff8d7bb000 	C:\Windows\SYSTEM32\powrprof.dll
0x00007fff7ed10000 - 0x00007fff7ed36000 	C:\Windows\SYSTEM32\winmmbase.dll
0x00007fff8d630000 - 0x00007fff8d642000 	C:\Windows\SYSTEM32\UMPDC.dll
0x00007fff8ff70000 - 0x00007fff90019000 	C:\Windows\System32\clbcatq.dll
0x00007fff88550000 - 0x00007fff885d5000 	C:\Windows\System32\MMDevApi.dll
0x00007fff8dfa0000 - 0x00007fff8dfcc000 	C:\Windows\System32\DEVOBJ.dll
0x00007fff8eae0000 - 0x00007fff8eb2e000 	C:\Windows\System32\cfgmgr32.dll
0x00007fff88810000 - 0x00007fff88992000 	C:\Windows\SYSTEM32\AudioSes.dll
0x00007fff67c10000 - 0x00007fff67c53000 	C:\ProgramData\A-Volute\A-Volute.Nahimic\Modules\Scheduled\x64\ASM.Plugin.AudioDevProps2.dll
0x00007fff89b40000 - 0x00007fff89c36000 	C:\Windows\SYSTEM32\PropSys.dll
0x00007fff5cfe0000 - 0x00007fff5d026000 	C:\Windows\SYSTEM32\wdmaud.drv
0x00007fff7b690000 - 0x00007fff7b699000 	C:\Windows\SYSTEM32\ksuser.dll
0x00007fff889a0000 - 0x00007fff889aa000 	C:\Windows\SYSTEM32\AVRT.dll
0x00007fff891c0000 - 0x00007fff891cd000 	C:\Windows\SYSTEM32\msacm32.drv
0x00007fff6d310000 - 0x00007fff6d32e000 	C:\Windows\SYSTEM32\MSACM32.dll
0x00007fff87560000 - 0x00007fff8756b000 	C:\Windows\SYSTEM32\midimap.dll
0x00007fff8bcf0000 - 0x00007fff8bd04000 	C:\Windows\SYSTEM32\resourcepolicyclient.dll
0x00007fff20e20000 - 0x00007fff20e9f000 	C:\Users\johnn\.jdks\corretto-17.0.3\bin\mlib_image.dll
0x00007fff687f0000 - 0x00007fff68931000 	C:\Windows\System32\Windows.UI.dll
0x00007fff68440000 - 0x00007fff68592000 	C:\Windows\System32\InputHost.dll
0x00007fff87e70000 - 0x00007fff87f11000 	C:\Windows\System32\WindowManagementAPI.dll
0x00007fff87c10000 - 0x00007fff87e10000 	C:\Windows\SYSTEM32\twinapi.appcore.dll
0x00007fff50de0000 - 0x00007fff50e0d000 	C:\Users\johnn\.jdks\corretto-17.0.3\bin\javajpeg.dll
0x00007fff7e960000 - 0x00007fff7e967000 	C:\Users\johnn\.jdks\corretto-17.0.3\bin\jawt.dll
0x00007fff38fe0000 - 0x00007fff39007000 	C:\Users\johnn\AppData\Local\Temp\13044365535638168912rlawt.dll
0x00007fff889b0000 - 0x00007fff889bb000 	C:\Windows\SYSTEM32\WINNSI.DLL
0x00007fff87660000 - 0x00007fff87814000 	C:\Windows\SYSTEM32\WindowsCodecs.dll
0x00007fff6b6f0000 - 0x00007fff6b72e000 	C:\Windows\system32\dataexchange.dll
0x00007fff89c40000 - 0x00007fff89ea3000 	C:\Windows\system32\d3d11.dll
0x00007fff8ab60000 - 0x00007fff8ad44000 	C:\Windows\system32\dcomp.dll
0x00007fff8cae0000 - 0x00007fff8cbd3000 	C:\Windows\system32\dxgi.dll
0x00007fff896e0000 - 0x00007fff8978e000 	C:\Windows\SYSTEM32\mscms.dll
0x00007fff89620000 - 0x00007fff89631000 	C:\Windows\SYSTEM32\ColorAdapterClient.dll
0x00007fff2b7f0000 - 0x00007fff2b833000 	C:\Windows\SYSTEM32\icm32.dll
0x00007fff88cc0000 - 0x00007fff88db7000 	C:\Windows\System32\AppXDeploymentClient.dll
0x00007ffeaa7b0000 - 0x00007ffeab775000 	C:\Windows\System32\DriverStore\FileRepository\iigd_dch.inf_amd64_a086f01cc7be643a\ig9icd64.dll
0x00007fff833f0000 - 0x00007fff8362f000 	C:\Windows\System32\DriverStore\FileRepository\iigd_dch.inf_amd64_a086f01cc7be643a\igdgmm64.dll
0x00007ffed5ed0000 - 0x00007ffed62e5000 	C:\Windows\System32\DriverStore\FileRepository\iigd_dch.inf_amd64_a086f01cc7be643a\igdml64.dll
0x00007fff80720000 - 0x00007fff83382000 	C:\Windows\System32\DriverStore\FileRepository\iigd_dch.inf_amd64_a086f01cc7be643a\igc64.dll
0x00007ffef69a0000 - 0x00007ffef6a15000 	C:\Users\johnn\AppData\Local\Temp\lwjgl-rl-amd64\3.3.1-build-7\lwjgl.dll

dbghelp: loaded successfully - version: 4.0.5 - missing functions: none
symbol engine: initialized successfully - sym options: 0x614 - pdb path: .;C:\Users\johnn\.jdks\corretto-17.0.3\bin;C:\Windows\SYSTEM32;C:\Windows\WinSxS\amd64_microsoft.windows.common-controls_6595b64144ccf1df_6.0.19041.1110_none_60b5254171f9507e;C:\Users\johnn\.jdks\corretto-17.0.3\bin\server;D:\IntelliJ IDEA Community Edition 2022.1.2\bin;C:\ProgramData\A-Volute\A-Volute.Nahimic\Modules\Scheduled\x64;C:\Users\johnn\AppData\Local\Temp\jna-101303491;C:\Users\johnn\AppData\Local\Temp;C:\Windows\System32\DriverStore\FileRepository\iigd_dch.inf_amd64_a086f01cc7be643a;C:\Users\johnn\AppData\Local\Temp\lwjgl-rl-amd64\3.3.1-build-7

VM Arguments:
jvm_args: -javaagent:D:\IntelliJ IDEA Community Edition 2022.1.2\lib\idea_rt.jar=53519:D:\IntelliJ IDEA Community Edition 2022.1.2\bin -Dfile.encoding=UTF-8 
java_command: net.runelite.client.RuneLite
java_class_path (initial): D:\Java\runelite-fork\runelite-client\target\classes;C:\Users\johnn\.m2\repository\org\slf4j\slf4j-api\1.7.25\slf4j-api-1.7.25.jar;C:\Users\johnn\.m2\repository\ch\qos\logback\logback-classic\1.2.9\logback-classic-1.2.9.jar;C:\Users\johnn\.m2\repository\ch\qos\logback\logback-core\1.2.9\logback-core-1.2.9.jar;C:\Users\johnn\.m2\repository\net\sf\jopt-simple\jopt-simple\5.0.1\jopt-simple-5.0.1.jar;C:\Users\johnn\.m2\repository\com\google\guava\guava\23.2-jre\guava-23.2-jre.jar;C:\Users\johnn\.m2\repository\com\google\inject\guice\4.1.0\guice-4.1.0-no_aop.jar;C:\Users\johnn\.m2\repository\javax\inject\javax.inject\1\javax.inject-1.jar;C:\Users\johnn\.m2\repository\aopalliance\aopalliance\1.0\aopalliance-1.0.jar;C:\Users\johnn\.m2\repository\com\google\code\gson\gson\2.8.5\gson-2.8.5.jar;C:\Users\johnn\.m2\repository\net\runelite\pushingpixels\substance\8.0.02\substance-8.0.02.jar;C:\Users\johnn\.m2\repository\net\runelite\pushingpixels\trident\1.5.00\trident-1.5.00.jar;C:\Users\johnn\.m2\repository\org\apache\commons\commons-text\1.2\commons-text-1.2.jar;C:\Users\johnn\.m2\repository\org\apache\commons\commons-lang3\3.7\commons-lang3-3.7.jar;C:\Users\johnn\.m2\repository\net\runelite\archive-patcher\archive-patcher-applier\1.2\archive-patcher-applier-1.2.jar;C:\Users\johnn\.m2\repository\net\java\dev\jna\jna\5.9.0\jna-5.9.0.jar;C:\Users\johnn\.m2\repository\net\java\dev\jna\jna-platform\5.9.0\jna-platform-5.9.0.jar;C:\Users\johnn\.m2\repository\com\google\code\findbugs\jsr305\3.0.2\jsr305-3.0.2.jar;C:\Users\johnn\.m2\repository\com\google\protobuf\protobuf-javalite\3.21.1\protobuf-javalite-3.21.1.jar;C:\Users\johnn\.m2\repository\net\runelite\rlawt\1.3\rlawt-1.3.jar;C:\Users\johnn\.m2\repository\net\runelite\jocl\jocl\1.0\jocl-1.0.jar;C:\Users\johnn\.m2\repository\net\runelite\jocl\jocl\1.0\jocl-1.0-macos-x64.jar;C:\Users\johnn\.m2\repository\net\runelite\jocl\jocl\1.0\jocl-1.0-macos-arm64.jar;C:\Users\johnn\.m2\repository\org\lwjgl\lwjgl\
Launcher Type: SUN_STANDARD

[Global flags]
     intx CICompilerCount                          = 4                                         {product} {ergonomic}
     uint ConcGCThreads                            = 2                                         {product} {ergonomic}
     uint G1ConcRefinementThreads                  = 8                                         {product} {ergonomic}
   size_t G1HeapRegionSize                         = 2097152                                   {product} {ergonomic}
    uintx GCDrainStackTargetSize                   = 64                                        {product} {ergonomic}
   size_t InitialHeapSize                          = 266338304                                 {product} {ergonomic}
   size_t MarkStackSize                            = 4194304                                   {product} {ergonomic}
   size_t MaxHeapSize                              = 4248829952                                {product} {ergonomic}
   size_t MaxNewSize                               = 2548039680                                {product} {ergonomic}
   size_t MinHeapDeltaBytes                        = 2097152                                   {product} {ergonomic}
   size_t MinHeapSize                              = 8388608                                   {product} {ergonomic}
    uintx NonNMethodCodeHeapSize                   = 5839372                                {pd product} {ergonomic}
    uintx NonProfiledCodeHeapSize                  = 122909434                              {pd product} {ergonomic}
    uintx ProfiledCodeHeapSize                     = 122909434                              {pd product} {ergonomic}
    uintx ReservedCodeCacheSize                    = 251658240                              {pd product} {ergonomic}
     bool SegmentedCodeCache                       = true                                      {product} {ergonomic}
   size_t SoftMaxHeapSize                          = 4248829952                             {manageable} {ergonomic}
     bool UseCompressedClassPointers               = true                           {product lp64_product} {ergonomic}
     bool UseCompressedOops                        = true                           {product lp64_product} {ergonomic}
     bool UseG1GC                                  = true                                      {product} {ergonomic}
     bool UseLargePagesIndividualAllocation        = false                                  {pd product} {ergonomic}

Logging:
Log output configuration:
 #0: stdout all=warning uptime,level,tags
 #1: stderr all=off uptime,level,tags

Environment Variables:
PATH=C:\Program Files (x86)\Common Files\Oracle\Java\javapath;C:\Windows\system32;C:\Windows;C:\Windows\System32\Wbem;C:\Windows\System32\WindowsPowerShell\v1.0\;C:\Windows\System32\OpenSSH\;C:\Program Files\NVIDIA Corporation\NVIDIA NvDLISR;C:\Program Files (x86)\NVIDIA Corporation\PhysX\Common;C:\Program Files\dotnet\;D:\Bitvise;C:\Program Files\Git\cmd;C:\Users\johnn\AppData\Local\Microsoft\WindowsApps;C:\Users\johnn\.dotnet\tools
USERNAME=johnn
OS=Windows_NT
PROCESSOR_IDENTIFIER=Intel64 Family 6 Model 165 Stepping 2, GenuineIntel



---------------  S Y S T E M  ---------------

OS:
 Windows 10 , 64 bit Build 19041 (10.0.19041.1889)
OS uptime: 3 days 1:36 hours

CPU: total 8 (initial active 8) (4 cores per cpu, 2 threads per core) family 6 model 165 stepping 2 microcode 0xe2, cx8, cmov, fxsr, ht, mmx, 3dnowpref, sse, sse2, sse3, ssse3, sse4.1, sse4.2, popcnt, lzcnt, tsc, tscinvbit, avx, avx2, aes, erms, clmul, bmi1, bmi2, adx, fma, vzeroupper, clflush, clflushopt

Memory: 4k page, system-wide physical 16205M (3680M free)
TotalPageFile size 23373M (AvailPageFile size 4060M)
current process WorkingSet (physical memory assigned to process): 998M, peak: 1229M
current process commit charge ("private bytes"): 985M, peak: 1180M

vm_info: OpenJDK 64-Bit Server VM (17.0.3+6-LTS) for windows-amd64 JRE (17.0.3+6-LTS), built on Apr 15 2022 22:16:02 by "Administrator" with MS VC++ 15.9 (VS2017)

END.
