#
# A fatal error has been detected by the Java Runtime Environment:
#
#  EXCEPTION_ACCESS_VIOLATION (0xc0000005) at pc=0x00007ffe3c020e0e, pid=18720, tid=0x00000000000027bc
#
# JRE version: Java(TM) SE Runtime Environment (8.0_201-b09) (build 1.8.0_201-b09)
# Java VM: Java HotSpot(TM) 64-Bit Server VM (25.201-b09 mixed mode windows-amd64 compressed oops)
# Problematic frame:
# C  [ig9icd64.dll+0x190e0e]
#
# Failed to write core dump. Minidumps are not enabled by default on client versions of Windows
#
# If you would like to submit a bug report, please visit:
#   http://bugreport.java.com/bugreport/crash.jsp
# The crash happened outside the Java Virtual Machine in native code.
# See problematic frame for where to report the bug.
#

---------------  T H R E A D  ---------------

Current thread (0x000000002045e000):  JavaThread "Thread-5" daemon [_thread_in_native, id=10172, stack(0x0000000027d50000,0x0000000027e50000)]

siginfo: ExceptionCode=0xc0000005, reading address 0x0000000000000008

Registers:
RAX=0x0000000000000000, RBX=0x00007ffe3c379290, RCX=0x00000000242fecc0, RDX=0x000000003469cbc0
RSP=0x0000000027e4e4f0, RBP=0x0000000027e4e760, RSI=0x0000000027e4e720, RDI=0x0000000000000000
R8 =0x0000000009770000, R9 =0x0000000000000000, R10=0x0000000027e4e8a0, R11=0x0000000027e4e688
R12=0x0000000000000007, R13=0x0000000000000000, R14=0x0000000027e4e9f0, R15=0x0000000027e4e7a0
RIP=0x00007ffe3c020e0e, EFLAGS=0x0000000000010246

Top of Stack: (sp=0x0000000027e4e4f0)
0x0000000027e4e4f0:   0000000034b383c0 000000003469cbc0
0x0000000027e4e500:   00000000242c2340 0000000027e4e618
0x0000000027e4e510:   0000000000000000 0000000027e4e760
0x0000000027e4e520:   0000000027e4e550 0000000027e4e590
0x0000000027e4e530:   0000000027e4e5d8 0000000027e4e560
0x0000000027e4e540:   0000000027e4e5f8 0000000027e4e570
0x0000000027e4e550:   0000000027e4e700 0000000027e4e650
0x0000000027e4e560:   00000000000010d8 000000002ba75570
0x0000000027e4e570:   00000000388a96d0 00000000388a96d0
0x0000000027e4e580:   000000002ba75290 00007ffe3c7a165c
0x0000000027e4e590:   00000000388a9360 000000003529a4f0
0x0000000027e4e5a0:   00000000388a96d0 00000000242ddee0
0x0000000027e4e5b0:   0000000027e4e7a0 0000000027e4e8a0
0x0000000027e4e5c0:   0000000034e1d470 0000000034e1d470
0x0000000027e4e5d0:   0000000000000000 000000003529a4f0
0x0000000027e4e5e0:   0000000027e4e639 00007ffe3bed66d6 

Instructions: (pc=0x00007ffe3c020e0e)
0x00007ffe3c020dee:   48 85 c9 74 06 48 8b 41 20 eb 15 48 8b 80 98 00
0x00007ffe3c020dfe:   00 00 48 85 c0 74 06 48 8b 40 20 eb 03 48 8b c7
0x00007ffe3c020e0e:   48 8b 48 08 48 85 c9 74 54 81 79 14 5d 01 00 00
0x00007ffe3c020e1e:   75 4b 81 26 ff ff 97 f6 81 0e 00 00 94 06 8b 81 


Register to memory mapping:

RAX=0x0000000000000000 is an unknown value
RBX=0x00007ffe3c379290 is an unknown value
RCX=0x00000000242fecc0 is an unknown value
RDX=0x000000003469cbc0 is an unknown value
RSP=0x0000000027e4e4f0 is pointing into the stack for thread: 0x000000002045e000
RBP=0x0000000027e4e760 is pointing into the stack for thread: 0x000000002045e000
RSI=0x0000000027e4e720 is pointing into the stack for thread: 0x000000002045e000
RDI=0x0000000000000000 is an unknown value
R8 =0x0000000009770000 is an unknown value
R9 =0x0000000000000000 is an unknown value
R10=0x0000000027e4e8a0 is pointing into the stack for thread: 0x000000002045e000
R11=0x0000000027e4e688 is pointing into the stack for thread: 0x000000002045e000
R12=0x0000000000000007 is an unknown value
R13=0x0000000000000000 is an unknown value
R14=0x0000000027e4e9f0 is pointing into the stack for thread: 0x000000002045e000
R15=0x0000000027e4e7a0 is pointing into the stack for thread: 0x000000002045e000


Stack: [0x0000000027d50000,0x0000000027e50000],  sp=0x0000000027e4e4f0,  free space=1017k
Native frames: (J=compiled Java code, j=interpreted, Vv=VM code, C=native code)
C  [ig9icd64.dll+0x190e0e]
C  [ig9icd64.dll+0x4a0cbd]
C  [ig9icd64.dll+0x4a4d27]
C  [ig9icd64.dll+0x398298]
C  [ig9icd64.dll+0x353cc5]
C  [ig9icd64.dll+0x152415]
C  [ig9icd64.dll+0x143304]
C  [ig9icd64.dll+0x13ff36]
C  0x0000000004155817

Java frames: (J=compiled Java code, j=interpreted, Vv=VM code)
J 7950  jogamp.opengl.gl4.GL4bcImpl.dispatch_glTexSubImage2D1(IIIIIIIILjava/lang/Object;IZJ)V (0 bytes) @ 0x0000000004155799 [0x0000000004155700+0x99]
J 11717 C2 net.runelite.client.plugins.gpu.GpuPlugin.drawUi(II)V (561 bytes) @ 0x00000000037b613c [0x00000000037b5c80+0x4bc]
J 11442 C2 net.runelite.client.plugins.gpu.GpuPlugin.draw()V (2777 bytes) @ 0x0000000004d17d20 [0x0000000004d15620+0x2700]
J 11711 C2 ah.p(Ljava/lang/Object;I)V (136 bytes) @ 0x000000000507ae50 [0x000000000507ade0+0x70]
j  ah.run()V+380
j  java.lang.Thread.run()V+11
v  ~StubRoutines::call_stub

---------------  P R O C E S S  ---------------

Java Threads: ( => current thread )
  0x0000000020a5e000 JavaThread "Thread-1" daemon [_thread_in_native, id=9976, stack(0x000000006ae50000,0x000000006af50000)]
  0x0000000020a59800 JavaThread "Okio Watchdog" daemon [_thread_blocked, id=8344, stack(0x000000006aa50000,0x000000006ab50000)]
  0x0000000020a55000 JavaThread "OkHttp ConnectionPool" daemon [_thread_blocked, id=18628, stack(0x000000006a950000,0x000000006aa50000)]
  0x0000000020a57800 JavaThread "Twitch" [_thread_in_native, id=2964, stack(0x000000006a2e0000,0x000000006a3e0000)]
  0x0000000020a50000 JavaThread "Thread-24" daemon [_thread_blocked, id=18840, stack(0x000000003d1a0000,0x000000003d2a0000)]
  0x0000000020a56000 JavaThread "Thread-23" daemon [_thread_in_native, id=20632, stack(0x000000003d0a0000,0x000000003d1a0000)]
  0x0000000020a4f000 JavaThread "Thread-18" daemon [_thread_blocked, id=14272, stack(0x000000003ada0000,0x000000003aea0000)]
  0x0000000020a53800 JavaThread "pool-5-thread-1" [_thread_blocked, id=21060, stack(0x000000003aaa0000,0x000000003aba0000)]
  0x00000000233d2800 JavaThread "Java Sound Event Dispatcher" daemon [_thread_blocked, id=17396, stack(0x000000003a7a0000,0x000000003a8a0000)]
  0x00000000233d1000 JavaThread "DestroyJavaVM" [_thread_blocked, id=20728, stack(0x00000000025c0000,0x00000000026c0000)]
  0x00000000233c7000 JavaThread "TimerQueue" daemon [_thread_blocked, id=6408, stack(0x0000000029550000,0x0000000029650000)]
  0x00000000233c4000 JavaThread "pool-4-thread-1" [_thread_blocked, id=7192, stack(0x0000000029250000,0x0000000029350000)]
  0x00000000233c8000 JavaThread "Thread-12" daemon [_thread_blocked, id=17904, stack(0x0000000029150000,0x0000000029250000)]
  0x00000000233c6800 JavaThread "Trident pulse source thread" daemon [_thread_blocked, id=19844, stack(0x0000000028650000,0x0000000028750000)]
  0x00000000233c8800 JavaThread "Trident callback thread" daemon [_thread_blocked, id=19248, stack(0x0000000028550000,0x0000000028650000)]
  0x00000000233ca000 JavaThread "Substance heap status" daemon [_thread_blocked, id=21136, stack(0x0000000028150000,0x0000000028250000)]
  0x00000000233c9800 JavaThread "Thread-6" daemon [_thread_blocked, id=18384, stack(0x0000000027e50000,0x0000000027f50000)]
=>0x000000002045e000 JavaThread "Thread-5" daemon [_thread_in_native, id=10172, stack(0x0000000027d50000,0x0000000027e50000)]
  0x000000002045d000 JavaThread "Thread-4" daemon [_thread_blocked, id=20956, stack(0x0000000027c50000,0x0000000027d50000)]
  0x0000000020462800 JavaThread "AWT-EventQueue-0" [_thread_blocked, id=10920, stack(0x0000000027370000,0x0000000027470000)]
  0x0000000020461800 JavaThread "AWT-Shutdown" [_thread_blocked, id=19672, stack(0x0000000027270000,0x0000000027370000)]
  0x0000000020460000 JavaThread "AWT-Windows" daemon [_thread_in_native, id=17388, stack(0x00000000245f0000,0x00000000246f0000)]
  0x000000002045f800 JavaThread "Java2D Disposer" daemon [_thread_blocked, id=8728, stack(0x00000000243f0000,0x00000000244f0000)]
  0x000000001f974800 JavaThread "pool-2-thread-1" [_thread_blocked, id=12788, stack(0x0000000021400000,0x0000000021500000)]
  0x000000001e409000 JavaThread "Service Thread" daemon [_thread_blocked, id=14088, stack(0x000000001efb0000,0x000000001f0b0000)]
  0x000000001e41d000 JavaThread "C1 CompilerThread3" daemon [_thread_blocked, id=8072, stack(0x000000001eeb0000,0x000000001efb0000)]
  0x000000001e410000 JavaThread "C2 CompilerThread2" daemon [_thread_blocked, id=2096, stack(0x000000001edb0000,0x000000001eeb0000)]
  0x000000001e40b800 JavaThread "C2 CompilerThread1" daemon [_thread_blocked, id=5060, stack(0x000000001ecb0000,0x000000001edb0000)]
  0x000000001e40a800 JavaThread "C2 CompilerThread0" daemon [_thread_blocked, id=12976, stack(0x000000001ebb0000,0x000000001ecb0000)]
  0x000000001e407800 JavaThread "Monitor Ctrl-Break" daemon [_thread_in_native, id=6480, stack(0x000000001eab0000,0x000000001ebb0000)]
  0x000000001e1f9800 JavaThread "Attach Listener" daemon [_thread_blocked, id=892, stack(0x000000001e9b0000,0x000000001eab0000)]
  0x000000001e1f8800 JavaThread "Signal Dispatcher" daemon [_thread_blocked, id=6288, stack(0x000000001e8b0000,0x000000001e9b0000)]
  0x00000000029aa000 JavaThread "Finalizer" daemon [_thread_blocked, id=5620, stack(0x000000001e6c0000,0x000000001e7c0000)]
  0x000000001e1e0800 JavaThread "Reference Handler" daemon [_thread_blocked, id=13504, stack(0x000000001e5c0000,0x000000001e6c0000)]

Other Threads:
  0x000000001c3c9000 VMThread [stack: 0x000000001e0c0000,0x000000001e1c0000] [id=13572]
  0x000000001e5a2000 WatcherThread [stack: 0x000000001f0b0000,0x000000001f1b0000] [id=16028]

VM state:not at safepoint (normal execution)

VM Mutex/Monitor currently owned by a thread: None

heap address: 0x00000006c1c00000, size: 4068 MB, Compressed Oops mode: Zero based, Oop shift amount: 3
Narrow klass base: 0x0000000000000000, Narrow klass shift: 3
Compressed class space size: 1073741824 Address: 0x00000007c0000000

Heap:
 PSYoungGen      total 1142272K, used 733609K [0x000000076b400000, 0x00000007b6a00000, 0x00000007c0000000)
  eden space 1098240K, 63% used [0x000000076b400000,0x0000000795d78688,0x00000007ae480000)
  from space 44032K, 81% used [0x00000007b1380000,0x00000007b3672090,0x00000007b3e80000)
  to   space 48128K, 0% used [0x00000007ae480000,0x00000007ae480000,0x00000007b1380000)
 ParOldGen       total 221696K, used 77081K [0x00000006c1c00000, 0x00000006cf480000, 0x000000076b400000)
  object space 221696K, 34% used [0x00000006c1c00000,0x00000006c67465a8,0x00000006cf480000)
 Metaspace       used 60858K, capacity 64640K, committed 64808K, reserved 1105920K
  class space    used 6801K, capacity 7384K, committed 7464K, reserved 1048576K

Card table byte_map: [0x0000000011d70000,0x0000000012570000] byte_map_base: 0x000000000e762000

Marking Bits: (ParMarkBitMap*) 0x0000000067774ce0
 Begin Bits: [0x00000000132c0000, 0x0000000017250000)
 End Bits:   [0x0000000017250000, 0x000000001b1e0000)

Polling page: 0x0000000000bc0000

CodeCache: size=245760Kb used=40806Kb max_used=41124Kb free=204953Kb
 bounds [0x00000000029b0000, 0x0000000005230000, 0x00000000119b0000]
 total_blobs=10923 nmethods=9789 adapters=1043
 compilation: enabled

Compilation events (10 events):
Event: 469.858 Thread 0x000000001e41d000 12864       3       okhttp3.Headers::get (33 bytes)
Event: 469.859 Thread 0x000000001e41d000 nmethod 12864 0x0000000004d91790 code [0x0000000004d91900, 0x0000000004d91c48]
Event: 469.859 Thread 0x000000001e41d000 12863       3       okhttp3.Headers::get (9 bytes)
Event: 469.860 Thread 0x000000001e41d000 nmethod 12863 0x00000000039b4110 code [0x00000000039b42a0, 0x00000000039b4668]
Event: 469.861 Thread 0x000000001e41d000 12865       3       java.util.concurrent.CopyOnWriteArrayList::contains (22 bytes)
Event: 469.862 Thread 0x000000001e41d000 nmethod 12865 0x00000000039b3c50 code [0x00000000039b3dc0, 0x00000000039b4048]
Event: 469.875 Thread 0x000000001e41d000 12866       3       java.lang.StringBuilder::append (8 bytes)
Event: 469.876 Thread 0x000000001e41d000 nmethod 12866 0x00000000039b38d0 code [0x00000000039b3a40, 0x00000000039b3bc8]
Event: 469.877 Thread 0x000000001e41d000 12867       3       java.lang.AbstractStringBuilder::append (191 bytes)
Event: 469.879 Thread 0x000000001e41d000 nmethod 12867 0x0000000005149bd0 code [0x0000000005149dc0, 0x000000000514a7f8]

GC Heap History (10 events):
Event: 6.131 GC heap before
{Heap before GC invocations=11 (full 1):
 PSYoungGen      total 537600K, used 162027K [0x000000076b400000, 0x00000007a0280000, 0x00000007c0000000)
  eden space 523776K, 30% used [0x000000076b400000,0x000000077523afd0,0x000000078b380000)
  from space 13824K, 0% used [0x000000078b380000,0x000000078b380000,0x000000078c100000)
  to   space 14336K, 0% used [0x000000079f480000,0x000000079f480000,0x00000007a0280000)
 ParOldGen       total 88064K, used 10277K [0x00000006c1c00000, 0x00000006c7200000, 0x000000076b400000)
  object space 88064K, 11% used [0x00000006c1c00000,0x00000006c2609758,0x00000006c7200000)
 Metaspace       used 34725K, capacity 35170K, committed 35496K, reserved 1081344K
  class space    used 4081K, capacity 4230K, committed 4264K, reserved 1048576K
Event: 6.145 GC heap after
Heap after GC invocations=11 (full 1):
 PSYoungGen      total 805888K, used 13949K [0x000000076b400000, 0x00000007a0280000, 0x00000007c0000000)
  eden space 791552K, 0% used [0x000000076b400000,0x000000076b400000,0x000000079b900000)
  from space 14336K, 97% used [0x000000079f480000,0x00000007a021f5b8,0x00000007a0280000)
  to   space 15360K, 0% used [0x000000079e480000,0x000000079e480000,0x000000079f380000)
 ParOldGen       total 88064K, used 10293K [0x00000006c1c00000, 0x00000006c7200000, 0x000000076b400000)
  object space 88064K, 11% used [0x00000006c1c00000,0x00000006c260d758,0x00000006c7200000)
 Metaspace       used 34725K, capacity 35170K, committed 35496K, reserved 1081344K
  class space    used 4081K, capacity 4230K, committed 4264K, reserved 1048576K
}
Event: 6.145 GC heap before
{Heap before GC invocations=12 (full 2):
 PSYoungGen      total 805888K, used 13949K [0x000000076b400000, 0x00000007a0280000, 0x00000007c0000000)
  eden space 791552K, 0% used [0x000000076b400000,0x000000076b400000,0x000000079b900000)
  from space 14336K, 97% used [0x000000079f480000,0x00000007a021f5b8,0x00000007a0280000)
  to   space 15360K, 0% used [0x000000079e480000,0x000000079e480000,0x000000079f380000)
 ParOldGen       total 88064K, used 10293K [0x00000006c1c00000, 0x00000006c7200000, 0x000000076b400000)
  object space 88064K, 11% used [0x00000006c1c00000,0x00000006c260d758,0x00000006c7200000)
 Metaspace       used 34725K, capacity 35170K, committed 35496K, reserved 1081344K
  class space    used 4081K, capacity 4230K, committed 4264K, reserved 1048576K
Event: 6.197 GC heap after
Heap after GC invocations=12 (full 2):
 PSYoungGen      total 805888K, used 0K [0x000000076b400000, 0x00000007a0280000, 0x00000007c0000000)
  eden space 791552K, 0% used [0x000000076b400000,0x000000076b400000,0x000000079b900000)
  from space 14336K, 0% used [0x000000079f480000,0x000000079f480000,0x00000007a0280000)
  to   space 15360K, 0% used [0x000000079e480000,0x000000079e480000,0x000000079f380000)
 ParOldGen       total 122368K, used 23080K [0x00000006c1c00000, 0x00000006c9380000, 0x000000076b400000)
  object space 122368K, 18% used [0x00000006c1c00000,0x00000006c328a278,0x00000006c9380000)
 Metaspace       used 34725K, capacity 35170K, committed 35496K, reserved 1081344K
  class space    used 4081K, capacity 4230K, committed 4264K, reserved 1048576K
}
Event: 24.350 GC heap before
{Heap before GC invocations=13 (full 2):
 PSYoungGen      total 805888K, used 507189K [0x000000076b400000, 0x00000007a0280000, 0x00000007c0000000)
  eden space 791552K, 64% used [0x000000076b400000,0x000000078a34d5c0,0x000000079b900000)
  from space 14336K, 0% used [0x000000079f480000,0x000000079f480000,0x00000007a0280000)
  to   space 15360K, 0% used [0x000000079e480000,0x000000079e480000,0x000000079f380000)
 ParOldGen       total 122368K, used 23080K [0x00000006c1c00000, 0x00000006c9380000, 0x000000076b400000)
  object space 122368K, 18% used [0x00000006c1c00000,0x00000006c328a278,0x00000006c9380000)
 Metaspace       used 55520K, capacity 59004K, committed 59160K, reserved 1101824K
  class space    used 6462K, capacity 6980K, committed 7080K, reserved 1048576K
Event: 24.386 GC heap after
Heap after GC invocations=13 (full 2):
 PSYoungGen      total 851456K, used 15340K [0x000000076b400000, 0x00000007b3e80000, 0x00000007c0000000)
  eden space 836096K, 0% used [0x000000076b400000,0x000000076b400000,0x000000079e480000)
  from space 15360K, 99% used [0x000000079e480000,0x000000079f37b348,0x000000079f380000)
  to   space 44032K, 0% used [0x00000007b1380000,0x00000007b1380000,0x00000007b3e80000)
 ParOldGen       total 122368K, used 95134K [0x00000006c1c00000, 0x00000006c9380000, 0x000000076b400000)
  object space 122368K, 77% used [0x00000006c1c00000,0x00000006c78e7838,0x00000006c9380000)
 Metaspace       used 55520K, capacity 59004K, committed 59160K, reserved 1101824K
  class space    used 6462K, capacity 6980K, committed 7080K, reserved 1048576K
}
Event: 24.386 GC heap before
{Heap before GC invocations=14 (full 3):
 PSYoungGen      total 851456K, used 15340K [0x000000076b400000, 0x00000007b3e80000, 0x00000007c0000000)
  eden space 836096K, 0% used [0x000000076b400000,0x000000076b400000,0x000000079e480000)
  from space 15360K, 99% used [0x000000079e480000,0x000000079f37b348,0x000000079f380000)
  to   space 44032K, 0% used [0x00000007b1380000,0x00000007b1380000,0x00000007b3e80000)
 ParOldGen       total 122368K, used 95134K [0x00000006c1c00000, 0x00000006c9380000, 0x000000076b400000)
  object space 122368K, 77% used [0x00000006c1c00000,0x00000006c78e7838,0x00000006c9380000)
 Metaspace       used 55520K, capacity 59004K, committed 59160K, reserved 1101824K
  class space    used 6462K, capacity 6980K, committed 7080K, reserved 1048576K
Event: 24.624 GC heap after
Heap after GC invocations=14 (full 3):
 PSYoungGen      total 851456K, used 0K [0x000000076b400000, 0x00000007b3e80000, 0x00000007c0000000)
  eden space 836096K, 0% used [0x000000076b400000,0x000000076b400000,0x000000079e480000)
  from space 15360K, 0% used [0x000000079e480000,0x000000079e480000,0x000000079f380000)
  to   space 44032K, 0% used [0x00000007b1380000,0x00000007b1380000,0x00000007b3e80000)
 ParOldGen       total 221696K, used 77073K [0x00000006c1c00000, 0x00000006cf480000, 0x000000076b400000)
  object space 221696K, 34% used [0x00000006c1c00000,0x00000006c67445a8,0x00000006cf480000)
 Metaspace       used 55520K, capacity 59004K, committed 59160K, reserved 1101824K
  class space    used 6462K, capacity 6980K, committed 7080K, reserved 1048576K
}
Event: 257.589 GC heap before
{Heap before GC invocations=15 (full 3):
 PSYoungGen      total 851456K, used 836096K [0x000000076b400000, 0x00000007b3e80000, 0x00000007c0000000)
  eden space 836096K, 100% used [0x000000076b400000,0x000000079e480000,0x000000079e480000)
  from space 15360K, 0% used [0x000000079e480000,0x000000079e480000,0x000000079f380000)
  to   space 44032K, 0% used [0x00000007b1380000,0x00000007b1380000,0x00000007b3e80000)
 ParOldGen       total 221696K, used 77073K [0x00000006c1c00000, 0x00000006cf480000, 0x000000076b400000)
  object space 221696K, 34% used [0x00000006c1c00000,0x00000006c67445a8,0x00000006cf480000)
 Metaspace       used 60081K, capacity 63900K, committed 64040K, reserved 1105920K
  class space    used 6735K, capacity 7340K, committed 7464K, reserved 1048576K
Event: 257.617 GC heap after
Heap after GC invocations=15 (full 3):
 PSYoungGen      total 1142272K, used 35784K [0x000000076b400000, 0x00000007b6a00000, 0x00000007c0000000)
  eden space 1098240K, 0% used [0x000000076b400000,0x000000076b400000,0x00000007ae480000)
  from space 44032K, 81% used [0x00000007b1380000,0x00000007b3672090,0x00000007b3e80000)
  to   space 48128K, 0% used [0x00000007ae480000,0x00000007ae480000,0x00000007b1380000)
 ParOldGen       total 221696K, used 77081K [0x00000006c1c00000, 0x00000006cf480000, 0x000000076b400000)
  object space 221696K, 34% used [0x00000006c1c00000,0x00000006c67465a8,0x00000006cf480000)
 Metaspace       used 60081K, capacity 63900K, committed 64040K, reserved 1105920K
  class space    used 6735K, capacity 7340K, committed 7464K, reserved 1048576K
}

Deoptimization events (10 events):
Event: 468.991 Thread 0x0000000020462800 Uncommon trap: reason=class_check action=maybe_recompile pc=0x00000000050cf354 method=java.awt.Toolkit$ToolkitEventMulticaster.eventDispatched(Ljava/awt/AWTEvent;)V @ 4
Event: 468.993 Thread 0x0000000020462800 Uncommon trap: reason=class_check action=maybe_recompile pc=0x0000000003c29cf4 method=java.awt.Toolkit$ToolkitEventMulticaster.eventDispatched(Ljava/awt/AWTEvent;)V @ 4
Event: 469.616 Thread 0x0000000020462800 Uncommon trap: reason=unstable_if action=reinterpret pc=0x000000000378de00 method=javax.swing.JButton.removeNotify()V @ 14
Event: 469.617 Thread 0x0000000020462800 Uncommon trap: reason=unstable_if action=reinterpret pc=0x000000000361ed98 method=javax.swing.JComponent.unregisterWithKeyboardManager()V @ 11
Event: 469.874 Thread 0x00000000233c5800 Uncommon trap: reason=class_check action=maybe_recompile pc=0x0000000002b2868c method=jogamp.opengl.GLDrawableImpl.lockSurface()I @ 4
Event: 469.874 Thread 0x00000000233c5800 Uncommon trap: reason=unstable_if action=reinterpret pc=0x000000000441d720 method=jogamp.common.util.locks.RecursiveLockImpl01Unfairish$SingleThreadSync.isOwner(Ljava/lang/Thread;)Z @ 5
Event: 469.874 Thread 0x00000000233c5800 Uncommon trap: reason=unstable_if action=reinterpret pc=0x0000000003eb3b60 method=jogamp.common.util.locks.RecursiveLockImpl01Unfairish$SingleThreadSync.isOwner(Ljava/lang/Thread;)Z @ 5
Event: 469.874 Thread 0x00000000233c5800 Uncommon trap: reason=class_check action=maybe_recompile pc=0x0000000002b2868c method=jogamp.opengl.GLDrawableImpl.lockSurface()I @ 4
Event: 469.879 Thread 0x00000000233c5800 Uncommon trap: reason=unstable_if action=reinterpret pc=0x0000000004e19d38 method=jogamp.common.util.locks.RecursiveLockImpl01Unfairish.unlock(Ljava/lang/Runnable;)V @ 34
Event: 469.949 Thread 0x000000002045e000 Uncommon trap: reason=unstable_if action=reinterpret pc=0x0000000004cca084 method=sun.java2d.d3d.D3DScreenUpdateManager.createGraphics(Lsun/java2d/SurfaceData;Lsun/awt/windows/WComponentPeer;Ljava/awt/Color;Ljava/awt/Color;Ljava/awt/Font;)Ljava/awt/Graphi

Classes redefined (0 events):
No events

Internal exceptions (10 events):
Event: 152.599 Thread 0x000000002045e000 Implicit null exception at 0x0000000003351f98 to 0x000000000335203d
Event: 156.157 Thread 0x000000002045e000 Implicit null exception at 0x0000000003351f98 to 0x000000000335203d
Event: 173.422 Thread 0x0000000020462800 Implicit null exception at 0x000000000394cd57 to 0x000000000394e755
Event: 308.684 Thread 0x0000000020462800 Exception <a 'java/lang/NoSuchMethodError': java.lang.Object.inspectorAlwaysOnTop()Z> (0x0000000775ef0038) thrown at [C:\re\workspace\8-2-build-windows-amd64-cygwin\jdk8u201\12322\hotspot\src\share\vm\interpreter\linkResolver.cpp, line 620]
Event: 324.189 Thread 0x0000000020462800 Implicit null exception at 0x000000000371dcec to 0x000000000371dd79
Event: 351.738 Thread 0x0000000020462800 Exception <a 'java/lang/NoSuchMethodError': java.lang.Object.inspectorAlwaysOnTop()Z> (0x000000077db95e58) thrown at [C:\re\workspace\8-2-build-windows-amd64-cygwin\jdk8u201\12322\hotspot\src\share\vm\interpreter\linkResolver.cpp, line 620]
Event: 355.554 Thread 0x0000000020462800 Exception <a 'java/lang/NoSuchMethodError': java.lang.Object.inspectorAlwaysOnTop()Z> (0x000000077e997a00) thrown at [C:\re\workspace\8-2-build-windows-amd64-cygwin\jdk8u201\12322\hotspot\src\share\vm\interpreter\linkResolver.cpp, line 620]
Event: 356.721 Thread 0x000000002045e000 Implicit null exception at 0x0000000004d767e9 to 0x0000000004d77981
Event: 441.283 Thread 0x000000002045c800 Implicit null exception at 0x0000000003465b6b to 0x0000000003465ce1
Event: 469.620 Thread 0x0000000020462800 Exception <a 'java/lang/NoSuchMethodError': java.lang.Object.inspectorAlwaysOnTop()Z> (0x00000007942ca750) thrown at [C:\re\workspace\8-2-build-windows-amd64-cygwin\jdk8u201\12322\hotspot\src\share\vm\interpreter\linkResolver.cpp, line 620]

Events (10 events):
Event: 469.892 loading class jogamp/opengl/egl/EGLDisplayUtil$1
Event: 469.892 loading class jogamp/opengl/egl/EGLDisplayUtil$1 done
Event: 469.892 Executing VM operation: RevokeBias
Event: 469.893 Executing VM operation: RevokeBias done
Event: 469.893 Executing VM operation: RevokeBias
Event: 469.893 Executing VM operation: RevokeBias done
Event: 469.893 Thread 0x0000000020a5c800 Thread exited: 0x0000000020a5c800
Event: 469.949 Thread 0x000000002045e000 Uncommon trap: trap_request=0xffffff65 fr.pc=0x0000000004cca084
Event: 469.949 Thread 0x000000002045e000 DEOPT PACKING pc=0x0000000004cca084 sp=0x0000000027e4f1e0
Event: 469.949 Thread 0x000000002045e000 DEOPT UNPACKING pc=0x00000000029f583b sp=0x0000000027e4f100 mode 2


Dynamic libraries:
0x00007ff688980000 - 0x00007ff6889b7000 	C:\Program Files\Java\jdk1.8.0_201\bin\java.exe
0x00007ffe8cb00000 - 0x00007ffe8cce1000 	C:\WINDOWS\SYSTEM32\ntdll.dll
0x00007ffe8c120000 - 0x00007ffe8c1d2000 	C:\WINDOWS\System32\KERNEL32.DLL
0x00007ffe88f20000 - 0x00007ffe89193000 	C:\WINDOWS\System32\KERNELBASE.dll
0x00007ffe8bfa0000 - 0x00007ffe8c041000 	C:\WINDOWS\System32\ADVAPI32.dll
0x00007ffe8a530000 - 0x00007ffe8a5ce000 	C:\WINDOWS\System32\msvcrt.dll
0x00007ffe8c350000 - 0x00007ffe8c3ab000 	C:\WINDOWS\System32\sechost.dll
0x00007ffe8a600000 - 0x00007ffe8a724000 	C:\WINDOWS\System32\RPCRT4.dll
0x00007ffe8c940000 - 0x00007ffe8cad0000 	C:\WINDOWS\System32\USER32.dll
0x00007ffe89af0000 - 0x00007ffe89b10000 	C:\WINDOWS\System32\win32u.dll
0x00007ffe8c890000 - 0x00007ffe8c8b8000 	C:\WINDOWS\System32\GDI32.dll
0x00007ffe89950000 - 0x00007ffe89ae2000 	C:\WINDOWS\System32\gdi32full.dll
0x00007ffe898b0000 - 0x00007ffe8994f000 	C:\WINDOWS\System32\msvcp_win.dll
0x00007ffe89d00000 - 0x00007ffe89dfa000 	C:\WINDOWS\System32\ucrtbase.dll
0x00007ffe796c0000 - 0x00007ffe79929000 	C:\WINDOWS\WinSxS\amd64_microsoft.windows.common-controls_6595b64144ccf1df_6.0.17134.590_none_fb3d9bff3069e088\COMCTL32.dll
0x00007ffe89f90000 - 0x00007ffe8a2b2000 	C:\WINDOWS\System32\combase.dll
0x00007ffe89e00000 - 0x00007ffe89e7a000 	C:\WINDOWS\System32\bcryptPrimitives.dll
0x00007ffe8a5d0000 - 0x00007ffe8a5fd000 	C:\WINDOWS\System32\IMM32.DLL
0x00007ffe87f00000 - 0x00007ffe87f31000 	C:\WINDOWS\SYSTEM32\ntmarta.dll
0x00007ffe88d40000 - 0x00007ffe88d70000 	C:\WINDOWS\SYSTEM32\SspiCli.dll
0x0000000067800000 - 0x00000000678d1000 	C:\Program Files\Java\jdk1.8.0_201\jre\bin\msvcr100.dll
0x0000000066f50000 - 0x00000000677f4000 	C:\Program Files\Java\jdk1.8.0_201\jre\bin\server\jvm.dll
0x00007ffe8c1e0000 - 0x00007ffe8c1e8000 	C:\WINDOWS\System32\PSAPI.DLL
0x00007ffe764f0000 - 0x00007ffe764f9000 	C:\WINDOWS\SYSTEM32\WSOCK32.dll
0x00007ffe8c0b0000 - 0x00007ffe8c11c000 	C:\WINDOWS\System32\WS2_32.dll
0x00007ffe84b60000 - 0x00007ffe84b83000 	C:\WINDOWS\SYSTEM32\WINMM.dll
0x00007ffe83540000 - 0x00007ffe8354a000 	C:\WINDOWS\SYSTEM32\VERSION.dll
0x00007ffe84b10000 - 0x00007ffe84b3a000 	C:\WINDOWS\SYSTEM32\WINMMBASE.dll
0x00007ffe88ed0000 - 0x00007ffe88f19000 	C:\WINDOWS\System32\cfgmgr32.dll
0x00007ffe7ad50000 - 0x00007ffe7ad5f000 	C:\Program Files\Java\jdk1.8.0_201\jre\bin\verify.dll
0x00007ffe78f30000 - 0x00007ffe78f59000 	C:\Program Files\Java\jdk1.8.0_201\jre\bin\java.dll
0x00007ffe70de0000 - 0x00007ffe70e03000 	C:\Program Files\Java\jdk1.8.0_201\jre\bin\instrument.dll
0x00007ffe76a40000 - 0x00007ffe76a56000 	C:\Program Files\Java\jdk1.8.0_201\jre\bin\zip.dll
0x00007ffe8ab60000 - 0x00007ffe8bfa0000 	C:\WINDOWS\System32\SHELL32.dll
0x00007ffe8a7d0000 - 0x00007ffe8a879000 	C:\WINDOWS\System32\shcore.dll
0x00007ffe891a0000 - 0x00007ffe898ad000 	C:\WINDOWS\System32\windows.storage.dll
0x00007ffe8c3b0000 - 0x00007ffe8c401000 	C:\WINDOWS\System32\shlwapi.dll
0x00007ffe88eb0000 - 0x00007ffe88ec1000 	C:\WINDOWS\System32\kernel.appcore.dll
0x00007ffe88e40000 - 0x00007ffe88e5f000 	C:\WINDOWS\System32\profapi.dll
0x00007ffe88e60000 - 0x00007ffe88eac000 	C:\WINDOWS\System32\powrprof.dll
0x00007ffe88e10000 - 0x00007ffe88e1a000 	C:\WINDOWS\System32\FLTLIB.DLL
0x00007ffe70340000 - 0x00007ffe7035a000 	C:\Program Files\JetBrains\IntelliJ IDEA Community Edition 2018.3.3\bin\breakgen64.dll
0x00007ffe76a20000 - 0x00007ffe76a3a000 	C:\Program Files\Java\jdk1.8.0_201\jre\bin\net.dll
0x00007ffe7b1f0000 - 0x00007ffe7b3b9000 	C:\WINDOWS\SYSTEM32\urlmon.dll
0x00007ffe79410000 - 0x00007ffe796b5000 	C:\WINDOWS\SYSTEM32\iertutil.dll
0x00007ffe88840000 - 0x00007ffe8884b000 	C:\WINDOWS\SYSTEM32\CRYPTBASE.DLL
0x00007ffe88690000 - 0x00007ffe886f6000 	C:\WINDOWS\system32\mswsock.dll
0x00007ffe6e3c0000 - 0x00007ffe6e3e4000 	C:\Program Files\Java\jdk1.8.0_201\jre\bin\sunec.dll
0x00007ffe88410000 - 0x00007ffe88448000 	C:\WINDOWS\SYSTEM32\IPHLPAPI.DLL
0x00007ffe8a880000 - 0x00007ffe8a888000 	C:\WINDOWS\System32\NSI.dll
0x00007ffe810a0000 - 0x00007ffe810b6000 	C:\WINDOWS\SYSTEM32\dhcpcsvc6.DLL
0x00007ffe81260000 - 0x00007ffe8127a000 	C:\WINDOWS\SYSTEM32\dhcpcsvc.DLL
0x00007ffe76a00000 - 0x00007ffe76a11000 	C:\Program Files\Java\jdk1.8.0_201\jre\bin\nio.dll
0x00007ffe88850000 - 0x00007ffe88867000 	C:\WINDOWS\SYSTEM32\CRYPTSP.dll
0x00007ffe88270000 - 0x00007ffe882a3000 	C:\WINDOWS\system32\rsaenh.dll
0x00007ffe88970000 - 0x00007ffe88995000 	C:\WINDOWS\SYSTEM32\bcrypt.dll
0x00007ffe88d10000 - 0x00007ffe88d38000 	C:\WINDOWS\SYSTEM32\USERENV.dll
0x00007ffe6d3f0000 - 0x00007ffe6d432000 	C:\Users\asus\AppData\Local\Temp\jna-3003984\jna3735300607218435008.dll
0x00007ffe510b0000 - 0x00007ffe5114c000 	C:\Users\asus\AppData\Local\Temp\jna-3003984\jna546647834468104640.dll
0x00007ffe88450000 - 0x00007ffe8850e000 	C:\WINDOWS\SYSTEM32\DNSAPI.dll
0x00007ffe7c910000 - 0x00007ffe7c91a000 	C:\Windows\System32\rasadhlp.dll
0x00007ffe7cf10000 - 0x00007ffe7cf82000 	C:\WINDOWS\System32\fwpuclnt.dll
0x00007ffe4e900000 - 0x00007ffe4ea99000 	C:\Program Files\Java\jdk1.8.0_201\jre\bin\awt.dll
0x00007ffe8a2c0000 - 0x00007ffe8a383000 	C:\WINDOWS\System32\OLEAUT32.dll
0x00007ffe86450000 - 0x00007ffe864db000 	C:\WINDOWS\SYSTEM32\apphelp.dll
0x00007ffe86580000 - 0x00007ffe86618000 	C:\WINDOWS\system32\uxtheme.dll
0x00007ffe8a8f0000 - 0x00007ffe8aa63000 	C:\WINDOWS\System32\MSCTF.dll
0x00007ffe86fe0000 - 0x00007ffe87009000 	C:\WINDOWS\system32\dwmapi.dll
0x00007ffe8c1f0000 - 0x00007ffe8c341000 	C:\WINDOWS\System32\ole32.dll
0x00007ffe7a3f0000 - 0x00007ffe7a3fb000 	C:\Program Files\Java\jdk1.8.0_201\jre\bin\sunmscapi.dll
0x00007ffe89b10000 - 0x00007ffe89cf2000 	C:\WINDOWS\System32\CRYPT32.dll
0x00007ffe88e20000 - 0x00007ffe88e32000 	C:\WINDOWS\System32\MSASN1.dll
0x00007ffe6a120000 - 0x00007ffe6a167000 	C:\Program Files\Java\jdk1.8.0_201\jre\bin\fontmanager.dll
0x00007ffe50b60000 - 0x00007ffe50c02000 	C:\Program Files\Java\jdk1.8.0_201\jre\bin\mlib_image.dll
0x00007ffe773d0000 - 0x00007ffe774f0000 	C:\WINDOWS\system32\opengl32.dll
0x00007ffe82690000 - 0x00007ffe826bc000 	C:\WINDOWS\SYSTEM32\GLU32.dll
0x00007ffe6d3c0000 - 0x00007ffe6d3ea000 	C:\Program Files\Java\jdk1.8.0_201\jre\bin\dcpr.dll
0x00007ffe68d30000 - 0x00007ffe68d72000 	C:\Program Files\Java\jdk1.8.0_201\jre\bin\t2k.dll
0x00007ffe8a730000 - 0x00007ffe8a7d0000 	C:\WINDOWS\System32\clbcatq.dll
0x00007ffe83780000 - 0x00007ffe8392e000 	C:\WINDOWS\SYSTEM32\WindowsCodecs.dll
0x00007ffe6cbe0000 - 0x00007ffe6cc38000 	C:\WINDOWS\system32\dataexchange.dll
0x00007ffe85490000 - 0x00007ffe8579b000 	C:\WINDOWS\system32\d3d11.dll
0x00007ffe85d70000 - 0x00007ffe85f0c000 	C:\WINDOWS\system32\dcomp.dll
0x00007ffe87bd0000 - 0x00007ffe87c8b000 	C:\WINDOWS\system32\dxgi.dll
0x00007ffe870f0000 - 0x00007ffe872a8000 	C:\WINDOWS\system32\twinapi.appcore.dll
0x00007ffe870c0000 - 0x00007ffe870e9000 	C:\WINDOWS\system32\RMCLIENT.dll
0x00007ffe81420000 - 0x00007ffe814c8000 	C:\WINDOWS\SYSTEM32\mscms.dll
0x00007ffe84c50000 - 0x00007ffe84c60000 	C:\WINDOWS\SYSTEM32\ColorAdapterClient.dll
0x00007ffe67190000 - 0x00007ffe671d3000 	C:\WINDOWS\SYSTEM32\icm32.dll
0x00007ffe77be0000 - 0x00007ffe77c76000 	C:\WINDOWS\System32\TextInputFramework.dll
0x00007ffe83210000 - 0x00007ffe8352e000 	C:\WINDOWS\System32\CoreUIComponents.dll
0x00007ffe86250000 - 0x00007ffe8632a000 	C:\WINDOWS\System32\CoreMessaging.dll
0x00007ffe844a0000 - 0x00007ffe845ed000 	C:\WINDOWS\SYSTEM32\wintypes.dll
0x00007ffe7d540000 - 0x00007ffe7d5ab000 	C:\WINDOWS\system32\Oleacc.dll
0x00007ffe81820000 - 0x00007ffe8182b000 	C:\WINDOWS\SYSTEM32\WINNSI.DLL
0x00000000637c0000 - 0x00000000637cd000 	C:\Users\asus\AppData\Local\Temp\jogamp_0000\file_cache\jln3071047261372531978\jln7295050200361278192\natives\windows-amd64\gluegen-rt.dll
0x00007ffe79df0000 - 0x00007ffe79df7000 	C:\Program Files\Java\jdk1.8.0_201\jre\bin\jawt.dll
0x000000006a440000 - 0x000000006a44d000 	C:\Users\asus\AppData\Local\Temp\jogamp_0000\file_cache\jln3071047261372531978\jln7295050200361278192\natives\windows-amd64\nativewindow_awt.dll
0x000000006c100000 - 0x000000006c10f000 	C:\Users\asus\AppData\Local\Temp\jogamp_0000\file_cache\jln3071047261372531978\jln7295050200361278192\natives\windows-amd64\nativewindow_win32.dll
0x0000000064500000 - 0x00000000645b1000 	C:\Users\asus\AppData\Local\Temp\jogamp_0000\file_cache\jln3071047261372531978\jln7295050200361278192\natives\windows-amd64\jogl_desktop.dll
0x0000000064340000 - 0x00000000643a2000 	C:\Users\asus\AppData\Local\Temp\jogamp_0000\file_cache\jln3071047261372531978\jln7295050200361278192\natives\windows-amd64\jogl_mobile.dll
0x00007ffe66890000 - 0x00007ffe668c1000 	C:\Program Files\Java\jdk1.8.0_201\jre\bin\jpeg.dll
0x00007ffe65610000 - 0x00007ffe6564e000 	C:\Program Files\Java\jdk1.8.0_201\jre\bin\lcms.dll
0x00007ffe3be90000 - 0x00007ffe3cd7e000 	C:\WINDOWS\System32\DriverStore\FileRepository\igdlh64.inf_amd64_31ba00ea6900d67d\ig9icd64.dll
0x00007ffe7ad60000 - 0x00007ffe7ad6d000 	C:\Program Files\Java\jdk1.8.0_201\jre\bin\management.dll
0x00007ffe7d7e0000 - 0x00007ffe7f6e1000 	C:\WINDOWS\System32\DriverStore\FileRepository\igdlh64.inf_amd64_31ba00ea6900d67d\igc64.dll
0x00007ffe78ef0000 - 0x00007ffe78efc000 	C:\Program Files\Java\jdk1.8.0_201\jre\bin\jsound.dll
0x00007ffe77020000 - 0x00007ffe7702b000 	C:\Program Files\Java\jdk1.8.0_201\jre\bin\jsoundds.dll
0x00007ffe50d70000 - 0x00007ffe50dff000 	C:\WINDOWS\SYSTEM32\DSOUND.dll
0x00007ffe81170000 - 0x00007ffe811e6000 	C:\WINDOWS\SYSTEM32\MMDevAPI.DLL
0x00007ffe88c20000 - 0x00007ffe88c47000 	C:\WINDOWS\SYSTEM32\DEVOBJ.dll
0x00007ffe86a00000 - 0x00007ffe86bb4000 	C:\WINDOWS\SYSTEM32\PROPSYS.dll
0x00007ffe4f800000 - 0x00007ffe4f844000 	C:\WINDOWS\SYSTEM32\wdmaud.drv
0x00007ffe82da0000 - 0x00007ffe82da9000 	C:\WINDOWS\SYSTEM32\ksuser.dll
0x00007ffe83b00000 - 0x00007ffe83b0a000 	C:\WINDOWS\SYSTEM32\AVRT.dll
0x00007ffe73130000 - 0x00007ffe7325c000 	C:\WINDOWS\SYSTEM32\AUDIOSES.DLL
0x00007ffe79a20000 - 0x00007ffe79a2d000 	C:\WINDOWS\SYSTEM32\msacm32.drv
0x00007ffe70be0000 - 0x00007ffe70bfc000 	C:\WINDOWS\SYSTEM32\MSACM32.dll
0x00007ffe78ff0000 - 0x00007ffe78ffa000 	C:\WINDOWS\SYSTEM32\midimap.dll
0x00007ffe83550000 - 0x00007ffe835b4000 	C:\WINDOWS\system32\Ninput.dll
0x00007ffe87810000 - 0x00007ffe879d9000 	C:\WINDOWS\SYSTEM32\dbghelp.dll

VM Arguments:
jvm_args: -ea -javaagent:C:\Program Files\JetBrains\IntelliJ IDEA Community Edition 2018.3.3\lib\idea_rt.jar=62676:C:\Program Files\JetBrains\IntelliJ IDEA Community Edition 2018.3.3\bin -Dfile.encoding=UTF-8 
java_command: net.runelite.client.RuneLite --debug --developer-mode
java_class_path (initial): C:\Program Files\Java\jdk1.8.0_201\jre\lib\charsets.jar;C:\Program Files\Java\jdk1.8.0_201\jre\lib\deploy.jar;C:\Program Files\Java\jdk1.8.0_201\jre\lib\ext\access-bridge-64.jar;C:\Program Files\Java\jdk1.8.0_201\jre\lib\ext\cldrdata.jar;C:\Program Files\Java\jdk1.8.0_201\jre\lib\ext\dnsns.jar;C:\Program Files\Java\jdk1.8.0_201\jre\lib\ext\jaccess.jar;C:\Program Files\Java\jdk1.8.0_201\jre\lib\ext\jfxrt.jar;C:\Program Files\Java\jdk1.8.0_201\jre\lib\ext\localedata.jar;C:\Program Files\Java\jdk1.8.0_201\jre\lib\ext\nashorn.jar;C:\Program Files\Java\jdk1.8.0_201\jre\lib\ext\sunec.jar;C:\Program Files\Java\jdk1.8.0_201\jre\lib\ext\sunjce_provider.jar;C:\Program Files\Java\jdk1.8.0_201\jre\lib\ext\sunmscapi.jar;C:\Program Files\Java\jdk1.8.0_201\jre\lib\ext\sunpkcs11.jar;C:\Program Files\Java\jdk1.8.0_201\jre\lib\ext\zipfs.jar;C:\Program Files\Java\jdk1.8.0_201\jre\lib\javaws.jar;C:\Program Files\Java\jdk1.8.0_201\jre\lib\jce.jar;C:\Program Files\Java\jdk1.8.0_201\jre\lib\jfr.jar;C:\Program Files\Java\jdk1.8.0_201\jre\lib\jfxswt.jar;C:\Program Files\Java\jdk1.8.0_201\jre\lib\jsse.jar;C:\Program Files\Java\jdk1.8.0_201\jre\lib\management-agent.jar;C:\Program Files\Java\jdk1.8.0_201\jre\lib\plugin.jar;C:\Program Files\Java\jdk1.8.0_201\jre\lib\resources.jar;C:\Program Files\Java\jdk1.8.0_201\jre\lib\rt.jar;C:\Users\asus\runelite\runelite-client\target\classes;C:\Users\asus\.m2\repository\org\slf4j\slf4j-api\1.7.25\slf4j-api-1.7.25.jar;C:\Users\asus\.m2\repository\ch\qos\logback\logback-classic\1.2.3\logback-classic-1.2.3.jar;C:\Users\asus\.m2\repository\ch\qos\logback\logback-core\1.2.3\logback-core-1.2.3.jar;C:\Users\asus\.m2\repository\net\sf\jopt-simple\jopt-simple\5.0.1\jopt-simple-5.0.1.jar;C:\Users\asus\.m2\repository\com\google\guava\guava\23.2-jre\guava-23.2-jre.jar;C:\Users\asus\.m2\repository\com\google\code\findbugs\jsr305\1.3.9\jsr305-1.3.9.jar;C:\Users\asus\.m2\repository\com\google\errorprone\error_prone_annotations\2.0.18\error_
Launcher Type: SUN_STANDARD

Environment Variables:
PATH=C:\Program Files (x86)\Common Files\Oracle\Java\javapath;C:\Program Files (x86)\Intel\iCLS Client\;C:\Program Files\Intel\iCLS Client\;C:\Windows\system32;C:\Windows;C:\Windows\System32\Wbem;C:\Windows\System32\WindowsPowerShell\v1.0\;C:\Program Files (x86)\NVIDIA Corporation\PhysX\Common;C:\Program Files (x86)\Intel\Intel(R) Management Engine Components\DAL;C:\Program Files\Intel\Intel(R) Management Engine Components\DAL;C:\Program Files (x86)\Intel\Intel(R) Management Engine Components\IPT;C:\Program Files\Intel\Intel(R) Management Engine Components\IPT;C:\WINDOWS\system32;C:\WINDOWS;C:\WINDOWS\System32\Wbem;C:\WINDOWS\System32\WindowsPowerShell\v1.0\;C:\WINDOWS\System32\OpenSSH\;C:\Documents\PuTTY\;C:\Program Files\Intel\WiFi\bin\;C:\Program Files\Common Files\Intel\WirelessCommon\;C:\cygwin\bin;C:\Program Files\Git\cmd;C:\Users\asus\AppData\Local\Microsoft\WindowsApps;C:\Users\asus\AppData\Local\GitHubDesktop\bin
USERNAME=asus
OS=Windows_NT
PROCESSOR_IDENTIFIER=Intel64 Family 6 Model 158 Stepping 9, GenuineIntel



---------------  S Y S T E M  ---------------

OS: Windows 10.0 , 64 bit Build 17134 (10.0.17134.556)

CPU:total 8 (initial active 8) (4 cores per cpu, 2 threads per core) family 6 model 158 stepping 9, cmov, cx8, fxsr, mmx, sse, sse2, sse3, ssse3, sse4.1, sse4.2, popcnt, avx, avx2, aes, clmul, erms, 3dnowpref, lzcnt, ht, tsc, tscinvbit, bmi1, bmi2, adx

Memory: 4k page, physical 16659216k(6654240k free), swap 19149584k(3156716k free)

vm_info: Java HotSpot(TM) 64-Bit Server VM (25.201-b09) for windows-amd64 JRE (1.8.0_201-b09), built on Dec 15 2018 18:36:39 by "java_re" with MS VC++ 10.0 (VS2010)

time: Thu Feb 28 00:59:42 2019
timezone: Eastern Standard Time
elapsed time: 470 seconds (0d 0h 7m 50s)

