#
# A fatal error has been detected by the Java Runtime Environment:
#
#  EXCEPTION_ACCESS_VIOLATION (0xc0000005) at pc=0x00007ffe3d750e0e, pid=20924, tid=0x000000000000327c
#
# JRE version: Java(TM) SE Runtime Environment (8.0_201-b09) (build 1.8.0_201-b09)
# Java VM: Java HotSpot(TM) 64-Bit Server VM (25.201-b09 mixed mode windows-amd64 compressed oops)
# Problematic frame:
# C  [ig9icd64.dll+0x190e0e]
#
# Failed to write core dump. Minidumps are not enabled by default on client versions of Windows
#
# If you would like to submit a bug report, please visit:
#   http://bugreport.java.com/bugreport/crash.jsp
# The crash happened outside the Java Virtual Machine in native code.
# See problematic frame for where to report the bug.
#

---------------  T H R E A D  ---------------

Current thread (0x000000001f944000):  JavaThread "Thread-5" daemon [_thread_in_native, id=12924, stack(0x0000000027af0000,0x0000000027bf0000)]

siginfo: ExceptionCode=0xc0000005, reading address 0x0000000000000008

Registers:
RAX=0x0000000000000000, RBX=0x00007ffe3daa9290, RCX=0x0000000024168620, RDX=0x00000000260f1480
RSP=0x0000000027bedd70, RBP=0x0000000027bedfe0, RSI=0x0000000027bedfa0, RDI=0x0000000000000000
R8 =0x0000000009770000, R9 =0x0000000000000000, R10=0x0000000027bee120, R11=0x0000000027bedf08
R12=0x0000000000000007, R13=0x0000000000000000, R14=0x0000000027bee270, R15=0x0000000027bee020
RIP=0x00007ffe3d750e0e, EFLAGS=0x0000000000010246

Top of Stack: (sp=0x0000000027bedd70)
0x0000000027bedd70:   0000000025defd60 00000000260f1480
0x0000000027bedd80:   0000000000001018 0000000027bede98
0x0000000027bedd90:   0000000000000000 0000000027bedfe0
0x0000000027bedda0:   0000000027beddd0 0000000027bede10
0x0000000027beddb0:   0000000027bede58 0000000027bedde0
0x0000000027beddc0:   0000000027bede78 0000000027beddf0
0x0000000027beddd0:   0000000027bee000 0000000027beded0
0x0000000027bedde0:   0000000000000ef8 0000000025d4fec0
0x0000000027beddf0:   00000000240bf270 00000000240bf270
0x0000000027bede00:   0000000025d4fbe0 00007ffe3ded165c
0x0000000027bede10:   00000000240be610 0000000036562070
0x0000000027bede20:   00000000240bf270 000000002411ef20
0x0000000027bede30:   0000000027bee020 0000000027bee120
0x0000000027bede40:   00000000350b8050 00000000350b8050
0x0000000027bede50:   0000000000000000 0000000036562070
0x0000000027bede60:   0000000027bedeb9 00007ffe3d6066d6 

Instructions: (pc=0x00007ffe3d750e0e)
0x00007ffe3d750dee:   48 85 c9 74 06 48 8b 41 20 eb 15 48 8b 80 98 00
0x00007ffe3d750dfe:   00 00 48 85 c0 74 06 48 8b 40 20 eb 03 48 8b c7
0x00007ffe3d750e0e:   48 8b 48 08 48 85 c9 74 54 81 79 14 5d 01 00 00
0x00007ffe3d750e1e:   75 4b 81 26 ff ff 97 f6 81 0e 00 00 94 06 8b 81 


Register to memory mapping:

RAX=0x0000000000000000 is an unknown value
RBX=0x00007ffe3daa9290 is an unknown value
RCX=0x0000000024168620 is an unknown value
RDX=0x00000000260f1480 is an unknown value
RSP=0x0000000027bedd70 is pointing into the stack for thread: 0x000000001f944000
RBP=0x0000000027bedfe0 is pointing into the stack for thread: 0x000000001f944000
RSI=0x0000000027bedfa0 is pointing into the stack for thread: 0x000000001f944000
RDI=0x0000000000000000 is an unknown value
R8 =0x0000000009770000 is an unknown value
R9 =0x0000000000000000 is an unknown value
R10=0x0000000027bee120 is pointing into the stack for thread: 0x000000001f944000
R11=0x0000000027bedf08 is pointing into the stack for thread: 0x000000001f944000
R12=0x0000000000000007 is an unknown value
R13=0x0000000000000000 is an unknown value
R14=0x0000000027bee270 is pointing into the stack for thread: 0x000000001f944000
R15=0x0000000027bee020 is pointing into the stack for thread: 0x000000001f944000


Stack: [0x0000000027af0000,0x0000000027bf0000],  sp=0x0000000027bedd70,  free space=1015k
Native frames: (J=compiled Java code, j=interpreted, Vv=VM code, C=native code)
C  [ig9icd64.dll+0x190e0e]
C  [ig9icd64.dll+0x4a0cbd]
C  [ig9icd64.dll+0x4a4d27]
C  [ig9icd64.dll+0x398298]
C  [ig9icd64.dll+0x353cc5]
C  [ig9icd64.dll+0x152415]
C  [ig9icd64.dll+0x143304]
C  [ig9icd64.dll+0x13ff36]
C  0x00000000036f3d17

Java frames: (J=compiled Java code, j=interpreted, Vv=VM code)
J 6869  jogamp.opengl.gl4.GL4bcImpl.dispatch_glTexSubImage2D1(IIIIIIIILjava/lang/Object;IZJ)V (0 bytes) @ 0x00000000036f3c99 [0x00000000036f3c00+0x99]
J 6868 C1 jogamp.opengl.gl4.GL4bcImpl.glTexSubImage2D(IIIIIIIILjava/nio/Buffer;)V (126 bytes) @ 0x00000000035bfb0c [0x00000000035bee00+0xd0c]
J 6966 C1 net.runelite.client.plugins.gpu.GpuPlugin.drawUi(II)V (561 bytes) @ 0x000000000322986c [0x0000000003228ae0+0xd8c]
J 9400 C2 net.runelite.client.plugins.gpu.GpuPlugin.draw()V (2777 bytes) @ 0x0000000004962c74 [0x00000000049614a0+0x17d4]
J 6831 C1 ah.p(Ljava/lang/Object;I)V (136 bytes) @ 0x0000000003241b7c [0x0000000003241960+0x21c]
j  ah.run()V+380
j  java.lang.Thread.run()V+11
v  ~StubRoutines::call_stub

---------------  P R O C E S S  ---------------

Java Threads: ( => current thread )
  0x0000000022709000 JavaThread "Thread-1" daemon [_thread_in_native, id=17112, stack(0x0000000051c70000,0x0000000051d70000)]
  0x0000000022712000 JavaThread "OkHttp Dispatcher" [_thread_blocked, id=13744, stack(0x000000003a2d0000,0x000000003a3d0000)]
  0x000000002270c800 JavaThread "Thread-22" daemon [_thread_blocked, id=1396, stack(0x000000003a1d0000,0x000000003a2d0000)]
  0x0000000022711000 JavaThread "Thread-21" daemon [_thread_in_native, id=19748, stack(0x000000003a0d0000,0x000000003a1d0000)]
  0x000000002270f000 JavaThread "Thread-18" daemon [_thread_blocked, id=15860, stack(0x0000000037fd0000,0x00000000380d0000)]
  0x0000000022713800 JavaThread "pool-5-thread-1" [_thread_blocked, id=16692, stack(0x0000000037ed0000,0x0000000037fd0000)]
  0x0000000022707800 JavaThread "Java Sound Event Dispatcher" daemon [_thread_blocked, id=12608, stack(0x0000000037bd0000,0x0000000037cd0000)]
  0x000000002270d800 JavaThread "DestroyJavaVM" [_thread_blocked, id=14648, stack(0x00000000026a0000,0x00000000027a0000)]
  0x0000000022704800 JavaThread "TimerQueue" daemon [_thread_blocked, id=14776, stack(0x0000000028cf0000,0x0000000028df0000)]
  0x000000002270b000 JavaThread "pool-4-thread-1" [_thread_blocked, id=12780, stack(0x00000000289f0000,0x0000000028af0000)]
  0x0000000022708000 JavaThread "Thread-12" daemon [_thread_blocked, id=3704, stack(0x00000000288f0000,0x00000000289f0000)]
  0x000000002270a800 JavaThread "Trident pulse source thread" daemon [_thread_blocked, id=968, stack(0x00000000285f0000,0x00000000286f0000)]
  0x0000000022709800 JavaThread "Trident callback thread" daemon [_thread_blocked, id=20440, stack(0x00000000284f0000,0x00000000285f0000)]
  0x0000000022705000 JavaThread "Substance heap status" daemon [_thread_blocked, id=20624, stack(0x00000000280f0000,0x00000000281f0000)]
  0x0000000022706800 JavaThread "Thread-6" daemon [_thread_blocked, id=764, stack(0x0000000027bf0000,0x0000000027cf0000)]
=>0x000000001f944000 JavaThread "Thread-5" daemon [_thread_in_native, id=12924, stack(0x0000000027af0000,0x0000000027bf0000)]
  0x000000001f941800 JavaThread "Thread-4" daemon [_thread_blocked, id=21032, stack(0x00000000279f0000,0x0000000027af0000)]
  0x000000001f943000 JavaThread "AWT-EventQueue-0" [_thread_blocked, id=6664, stack(0x0000000026f20000,0x0000000027020000)]
  0x000000001f942800 JavaThread "AWT-Shutdown" [_thread_blocked, id=7416, stack(0x0000000024400000,0x0000000024500000)]
  0x000000001f945800 JavaThread "AWT-Windows" daemon [_thread_in_native, id=14552, stack(0x0000000024180000,0x0000000024280000)]
  0x000000001f940000 JavaThread "Java2D Disposer" daemon [_thread_blocked, id=20704, stack(0x0000000023e80000,0x0000000023f80000)]
  0x000000001f93e800 JavaThread "Okio Watchdog" daemon [_thread_blocked, id=19296, stack(0x00000000218e0000,0x00000000219e0000)]
  0x000000001f944800 JavaThread "OkHttp ConnectionPool" daemon [_thread_blocked, id=10016, stack(0x00000000217e0000,0x00000000218e0000)]
  0x000000001fda6000 JavaThread "pool-2-thread-1" [_thread_blocked, id=20000, stack(0x00000000213d0000,0x00000000214d0000)]
  0x000000001e484000 JavaThread "Service Thread" daemon [_thread_blocked, id=18028, stack(0x000000001ef80000,0x000000001f080000)]
  0x000000001e3eb800 JavaThread "C1 CompilerThread3" daemon [_thread_blocked, id=1236, stack(0x000000001ee80000,0x000000001ef80000)]
  0x000000001e3e3000 JavaThread "C2 CompilerThread2" daemon [_thread_blocked, id=19288, stack(0x000000001ed80000,0x000000001ee80000)]
  0x000000001e3dc000 JavaThread "C2 CompilerThread1" daemon [_thread_blocked, id=19124, stack(0x000000001ec80000,0x000000001ed80000)]
  0x000000001e3db000 JavaThread "C2 CompilerThread0" daemon [_thread_blocked, id=17336, stack(0x000000001eb80000,0x000000001ec80000)]
  0x000000001e3d9000 JavaThread "Monitor Ctrl-Break" daemon [_thread_in_native, id=21204, stack(0x000000001ea80000,0x000000001eb80000)]
  0x000000001e1c5800 JavaThread "Attach Listener" daemon [_thread_blocked, id=21324, stack(0x000000001e980000,0x000000001ea80000)]
  0x000000001c3ce800 JavaThread "Signal Dispatcher" daemon [_thread_blocked, id=18840, stack(0x000000001e880000,0x000000001e980000)]
  0x000000000299a000 JavaThread "Finalizer" daemon [_thread_blocked, id=21076, stack(0x000000001e690000,0x000000001e790000)]
  0x000000001e1b0800 JavaThread "Reference Handler" daemon [_thread_blocked, id=19684, stack(0x000000001e590000,0x000000001e690000)]

Other Threads:
  0x000000001c3b9000 VMThread [stack: 0x000000001e090000,0x000000001e190000] [id=632]
  0x000000001e536000 WatcherThread [stack: 0x000000001f080000,0x000000001f180000] [id=19108]

VM state:not at safepoint (normal execution)

VM Mutex/Monitor currently owned by a thread: None

heap address: 0x00000006c1c00000, size: 4068 MB, Compressed Oops mode: Zero based, Oop shift amount: 3
Narrow klass base: 0x0000000000000000, Narrow klass shift: 3
Compressed class space size: 1073741824 Address: 0x00000007c0000000

Heap:
 PSYoungGen      total 851456K, used 287148K [0x000000076b400000, 0x00000007b0880000, 0x00000007c0000000)
  eden space 836608K, 34% used [0x000000076b400000,0x000000077cc6b3c8,0x000000079e500000)
  from space 14848K, 0% used [0x000000079e500000,0x000000079e500000,0x000000079f380000)
  to   space 30208K, 0% used [0x00000007aeb00000,0x00000007aeb00000,0x00000007b0880000)
 ParOldGen       total 203264K, used 68813K [0x00000006c1c00000, 0x00000006ce280000, 0x000000076b400000)
  object space 203264K, 33% used [0x00000006c1c00000,0x00000006c5f33738,0x00000006ce280000)
 Metaspace       used 58758K, capacity 62378K, committed 62552K, reserved 1103872K
  class space    used 6663K, capacity 7225K, committed 7296K, reserved 1048576K

Card table byte_map: [0x0000000011d60000,0x0000000012560000] byte_map_base: 0x000000000e752000

Marking Bits: (ParMarkBitMap*) 0x0000000067774ce0
 Begin Bits: [0x00000000132b0000, 0x0000000017240000)
 End Bits:   [0x0000000017240000, 0x000000001b1d0000)

Polling page: 0x0000000002590000

CodeCache: size=245760Kb used=34611Kb max_used=36108Kb free=211148Kb
 bounds [0x00000000029a0000, 0x0000000004d20000, 0x00000000119a0000]
 total_blobs=9195 nmethods=8069 adapters=1036
 compilation: enabled

Compilation events (10 events):
Event: 119.409 Thread 0x000000001e3eb800 nmethod 10091 0x0000000004590c90 code [0x0000000004590f80, 0x0000000004592738]
Event: 119.502 Thread 0x000000001e3eb800 10092       3       java.lang.Class::getSimpleName (120 bytes)
Event: 119.505 Thread 0x000000001e3eb800 nmethod 10092 0x0000000003d22350 code [0x0000000003d22640, 0x0000000003d23d78]
Event: 119.506 Thread 0x000000001e3eb800 10093       3       java.util.concurrent.CopyOnWriteArrayList::contains (22 bytes)
Event: 119.509 Thread 0x000000001e3eb800 nmethod 10093 0x0000000004a7ffd0 code [0x0000000004a80140, 0x0000000004a803c8]
Event: 119.517 Thread 0x000000001e3eb800 10094       3       java.lang.StringBuilder::append (8 bytes)
Event: 119.518 Thread 0x000000001e3eb800 nmethod 10094 0x0000000004a8fb90 code [0x0000000004a8fd00, 0x0000000004a8fe88]
Event: 119.519 Thread 0x000000001e3eb800 10095       3       java.lang.AbstractStringBuilder::append (191 bytes)
Event: 119.520 Thread 0x000000001e3eb800 nmethod 10095 0x000000000457fd50 code [0x000000000457ff40, 0x0000000004580978]
Event: 119.524 Thread 0x000000001e3e3000 nmethod 10065 0x00000000044d25d0 code [0x00000000044d2ea0, 0x00000000044dd4e8]

GC Heap History (10 events):
Event: 5.003 GC heap before
{Heap before GC invocations=10 (full 1):
 PSYoungGen      total 537600K, used 5113K [0x000000076b400000, 0x00000007a0280000, 0x00000007c0000000)
  eden space 524288K, 0% used [0x000000076b400000,0x000000076b400000,0x000000078b400000)
  from space 13312K, 38% used [0x000000078b400000,0x000000078b8fe748,0x000000078c100000)
  to   space 13824K, 0% used [0x000000079f500000,0x000000079f500000,0x00000007a0280000)
 ParOldGen       total 175104K, used 9073K [0x00000006c1c00000, 0x00000006cc700000, 0x000000076b400000)
  object space 175104K, 5% used [0x00000006c1c00000,0x00000006c24dc778,0x00000006cc700000)
 Metaspace       used 20763K, capacity 21028K, committed 21248K, reserved 1069056K
  class space    used 2335K, capacity 2458K, committed 2560K, reserved 1048576K
Event: 5.053 GC heap after
Heap after GC invocations=10 (full 1):
 PSYoungGen      total 537600K, used 0K [0x000000076b400000, 0x00000007a0280000, 0x00000007c0000000)
  eden space 524288K, 0% used [0x000000076b400000,0x000000076b400000,0x000000078b400000)
  from space 13312K, 0% used [0x000000078b400000,0x000000078b400000,0x000000078c100000)
  to   space 13824K, 0% used [0x000000079f500000,0x000000079f500000,0x00000007a0280000)
 ParOldGen       total 89600K, used 10288K [0x00000006c1c00000, 0x00000006c7380000, 0x000000076b400000)
  object space 89600K, 11% used [0x00000006c1c00000,0x00000006c260c3d8,0x00000006c7380000)
 Metaspace       used 20763K, capacity 21028K, committed 21248K, reserved 1069056K
  class space    used 2335K, capacity 2458K, committed 2560K, reserved 1048576K
}
Event: 9.446 GC heap before
{Heap before GC invocations=11 (full 1):
 PSYoungGen      total 537600K, used 161755K [0x000000076b400000, 0x00000007a0280000, 0x00000007c0000000)
  eden space 524288K, 30% used [0x000000076b400000,0x00000007751f6f38,0x000000078b400000)
  from space 13312K, 0% used [0x000000078b400000,0x000000078b400000,0x000000078c100000)
  to   space 13824K, 0% used [0x000000079f500000,0x000000079f500000,0x00000007a0280000)
 ParOldGen       total 89600K, used 10288K [0x00000006c1c00000, 0x00000006c7380000, 0x000000076b400000)
  object space 89600K, 11% used [0x00000006c1c00000,0x00000006c260c3d8,0x00000006c7380000)
 Metaspace       used 34497K, capacity 35004K, committed 35416K, reserved 1081344K
  class space    used 4044K, capacity 4197K, committed 4224K, reserved 1048576K
Event: 9.469 GC heap after
Heap after GC invocations=11 (full 1):
 PSYoungGen      total 794112K, used 13207K [0x000000076b400000, 0x00000007a0200000, 0x00000007c0000000)
  eden space 780800K, 0% used [0x000000076b400000,0x000000076b400000,0x000000079ae80000)
  from space 13312K, 99% used [0x000000079f500000,0x00000007a01e5c40,0x00000007a0200000)
  to   space 14848K, 0% used [0x000000079e500000,0x000000079e500000,0x000000079f380000)
 ParOldGen       total 89600K, used 10296K [0x00000006c1c00000, 0x00000006c7380000, 0x000000076b400000)
  object space 89600K, 11% used [0x00000006c1c00000,0x00000006c260e3d8,0x00000006c7380000)
 Metaspace       used 34497K, capacity 35004K, committed 35416K, reserved 1081344K
  class space    used 4044K, capacity 4197K, committed 4224K, reserved 1048576K
}
Event: 9.469 GC heap before
{Heap before GC invocations=12 (full 2):
 PSYoungGen      total 794112K, used 13207K [0x000000076b400000, 0x00000007a0200000, 0x00000007c0000000)
  eden space 780800K, 0% used [0x000000076b400000,0x000000076b400000,0x000000079ae80000)
  from space 13312K, 99% used [0x000000079f500000,0x00000007a01e5c40,0x00000007a0200000)
  to   space 14848K, 0% used [0x000000079e500000,0x000000079e500000,0x000000079f380000)
 ParOldGen       total 89600K, used 10296K [0x00000006c1c00000, 0x00000006c7380000, 0x000000076b400000)
  object space 89600K, 11% used [0x00000006c1c00000,0x00000006c260e3d8,0x00000006c7380000)
 Metaspace       used 34497K, capacity 35004K, committed 35416K, reserved 1081344K
  class space    used 4044K, capacity 4197K, committed 4224K, reserved 1048576K
Event: 9.601 GC heap after
Heap after GC invocations=12 (full 2):
 PSYoungGen      total 794112K, used 0K [0x000000076b400000, 0x00000007a0200000, 0x00000007c0000000)
  eden space 780800K, 0% used [0x000000076b400000,0x000000076b400000,0x000000079ae80000)
  from space 13312K, 0% used [0x000000079f500000,0x000000079f500000,0x00000007a0200000)
  to   space 14848K, 0% used [0x000000079e500000,0x000000079e500000,0x000000079f380000)
 ParOldGen       total 125440K, used 22299K [0x00000006c1c00000, 0x00000006c9680000, 0x000000076b400000)
  object space 125440K, 17% used [0x00000006c1c00000,0x00000006c31c6dc0,0x00000006c9680000)
 Metaspace       used 34497K, capacity 35004K, committed 35416K, reserved 1081344K
  class space    used 4044K, capacity 4197K, committed 4224K, reserved 1048576K
}
Event: 86.096 GC heap before
{Heap before GC invocations=13 (full 2):
 PSYoungGen      total 794112K, used 451968K [0x000000076b400000, 0x00000007a0200000, 0x00000007c0000000)
  eden space 780800K, 57% used [0x000000076b400000,0x0000000786d60128,0x000000079ae80000)
  from space 13312K, 0% used [0x000000079f500000,0x000000079f500000,0x00000007a0200000)
  to   space 14848K, 0% used [0x000000079e500000,0x000000079e500000,0x000000079f380000)
 ParOldGen       total 125440K, used 22299K [0x00000006c1c00000, 0x00000006c9680000, 0x000000076b400000)
  object space 125440K, 17% used [0x00000006c1c00000,0x00000006c31c6dc0,0x00000006c9680000)
 Metaspace       used 55394K, capacity 58872K, committed 58968K, reserved 1101824K
  class space    used 6456K, capacity 7010K, committed 7040K, reserved 1048576K
Event: 86.124 GC heap after
Heap after GC invocations=13 (full 2):
 PSYoungGen      total 851456K, used 14831K [0x000000076b400000, 0x00000007b0880000, 0x00000007c0000000)
  eden space 836608K, 0% used [0x000000076b400000,0x000000076b400000,0x000000079e500000)
  from space 14848K, 99% used [0x000000079e500000,0x000000079f37bf90,0x000000079f380000)
  to   space 30208K, 0% used [0x00000007aeb00000,0x00000007aeb00000,0x00000007b0880000)
 ParOldGen       total 125440K, used 59014K [0x00000006c1c00000, 0x00000006c9680000, 0x000000076b400000)
  object space 125440K, 47% used [0x00000006c1c00000,0x00000006c55a19f0,0x00000006c9680000)
 Metaspace       used 55394K, capacity 58872K, committed 58968K, reserved 1101824K
  class space    used 6456K, capacity 7010K, committed 7040K, reserved 1048576K
}
Event: 86.124 GC heap before
{Heap before GC invocations=14 (full 3):
 PSYoungGen      total 851456K, used 14831K [0x000000076b400000, 0x00000007b0880000, 0x00000007c0000000)
  eden space 836608K, 0% used [0x000000076b400000,0x000000076b400000,0x000000079e500000)
  from space 14848K, 99% used [0x000000079e500000,0x000000079f37bf90,0x000000079f380000)
  to   space 30208K, 0% used [0x00000007aeb00000,0x00000007aeb00000,0x00000007b0880000)
 ParOldGen       total 125440K, used 59014K [0x00000006c1c00000, 0x00000006c9680000, 0x000000076b400000)
  object space 125440K, 47% used [0x00000006c1c00000,0x00000006c55a19f0,0x00000006c9680000)
 Metaspace       used 55394K, capacity 58872K, committed 58968K, reserved 1101824K
  class space    used 6456K, capacity 7010K, committed 7040K, reserved 1048576K
Event: 86.405 GC heap after
Heap after GC invocations=14 (full 3):
 PSYoungGen      total 851456K, used 0K [0x000000076b400000, 0x00000007b0880000, 0x00000007c0000000)
  eden space 836608K, 0% used [0x000000076b400000,0x000000076b400000,0x000000079e500000)
  from space 14848K, 0% used [0x000000079e500000,0x000000079e500000,0x000000079f380000)
  to   space 30208K, 0% used [0x00000007aeb00000,0x00000007aeb00000,0x00000007b0880000)
 ParOldGen       total 203264K, used 68813K [0x00000006c1c00000, 0x00000006ce280000, 0x000000076b400000)
  object space 203264K, 33% used [0x00000006c1c00000,0x00000006c5f33738,0x00000006ce280000)
 Metaspace       used 55394K, capacity 58872K, committed 58968K, reserved 1101824K
  class space    used 6456K, capacity 7010K, committed 7040K, reserved 1048576K
}

Deoptimization events (10 events):
Event: 119.399 Thread 0x000000001f943000 Uncommon trap: reason=unstable_if action=reinterpret pc=0x0000000003884f58 method=java.awt.KeyboardFocusManager.getPermanentFocusOwner()Ljava/awt/Component; @ 8
Event: 119.399 Thread 0x000000001f943000 Uncommon trap: reason=unstable_if action=reinterpret pc=0x000000000386820c method=java.awt.Container.isParentOf(Ljava/awt/Component;)Z @ 13
Event: 119.399 Thread 0x000000001f943000 Uncommon trap: reason=unstable_if action=reinterpret pc=0x0000000003874e94 method=javax.swing.JComponent.unregisterWithKeyboardManager()V @ 11
Event: 119.399 Thread 0x000000001f943000 Uncommon trap: reason=unstable_if action=reinterpret pc=0x000000000386820c method=java.awt.Container.isParentOf(Ljava/awt/Component;)Z @ 13
Event: 119.399 Thread 0x000000001f943000 Uncommon trap: reason=unstable_if action=reinterpret pc=0x000000000386820c method=java.awt.Container.isParentOf(Ljava/awt/Component;)Z @ 13
Event: 119.399 Thread 0x000000001f943000 Uncommon trap: reason=unstable_if action=reinterpret pc=0x000000000386820c method=java.awt.Container.isParentOf(Ljava/awt/Component;)Z @ 13
Event: 119.399 Thread 0x000000001f943000 Uncommon trap: reason=unstable_if action=reinterpret pc=0x000000000386820c method=java.awt.Container.isParentOf(Ljava/awt/Component;)Z @ 13
Event: 119.399 Thread 0x000000001f943000 Uncommon trap: reason=unstable_if action=reinterpret pc=0x0000000003777ed0 method=java.awt.EventQueue.removeSourceEvents(Ljava/lang/Object;Z)V @ 51
Event: 119.513 Thread 0x000000002270c000 Uncommon trap: reason=unstable_if action=reinterpret pc=0x0000000003d73d20 method=jogamp.common.util.locks.RecursiveLockImpl01Unfairish$SingleThreadSync.isOwner(Ljava/lang/Thread;)Z @ 5
Event: 119.525 Thread 0x000000001f944000 Uncommon trap: reason=unstable_if action=reinterpret pc=0x000000000430c260 method=sun.java2d.d3d.D3DScreenUpdateManager.createGraphics(Lsun/java2d/SurfaceData;Lsun/awt/windows/WComponentPeer;Ljava/awt/Color;Ljava/awt/Color;Ljava/awt/Font;)Ljava/awt/Graphi

Classes redefined (0 events):
No events

Internal exceptions (10 events):
Event: 97.438 Thread 0x000000001f944000 Implicit null exception at 0x0000000003f753e6 to 0x0000000003f75e75
Event: 99.259 Thread 0x000000001f944000 Implicit null exception at 0x0000000002cc1e64 to 0x0000000002cc1f75
Event: 99.259 Thread 0x000000001f944000 Implicit null exception at 0x00000000048a4c0b to 0x00000000048a5075
Event: 105.471 Thread 0x000000001f943000 Implicit null exception at 0x000000000377372c to 0x0000000003773949
Event: 106.690 Thread 0x000000001f944000 Implicit null exception at 0x00000000045f8c73 to 0x00000000045fa165
Event: 106.692 Thread 0x000000001f944000 Implicit null exception at 0x0000000004315254 to 0x0000000004315825
Event: 107.348 Thread 0x000000001f944000 Implicit null exception at 0x000000000327b1e2 to 0x000000000327b89d
Event: 107.348 Thread 0x000000001f944000 Exception <a 'java/lang/NullPointerException'> (0x00000007782cd970) thrown at [C:\re\workspace\8-2-build-windows-amd64-cygwin\jdk8u201\12322\hotspot\src\share\vm\runtime\sharedRuntime.cpp, line 605]
Event: 119.399 Thread 0x000000001f943000 Implicit null exception at 0x0000000003884d2c to 0x0000000003884f49
Event: 119.402 Thread 0x000000001f943000 Exception <a 'java/net/SocketTimeoutException': Read timed out> (0x000000077b8bf700) thrown at [C:\re\workspace\8-2-build-windows-amd64-cygwin\jdk8u201\12322\hotspot\src\share\vm\prims\jni.cpp, line 735]

Events (10 events):
Event: 119.527 loading class com/jogamp/nativewindow/egl/EGLGraphicsDevice$EGLDisplayLifecycleCallback done
Event: 119.528 loading class jogamp/opengl/egl/EGLDisplayUtil$1
Event: 119.528 loading class jogamp/opengl/egl/EGLDisplayUtil$1 done
Event: 119.529 Executing VM operation: RevokeBias
Event: 119.530 Executing VM operation: RevokeBias done
Event: 119.530 Executing VM operation: RevokeBias
Event: 119.530 Executing VM operation: RevokeBias done
Event: 119.530 Thread 0x000000001f941000 Thread exited: 0x000000001f941000
Event: 119.631 Thread 0x000000001f944000 DEOPT PACKING pc=0x0000000004206a77 sp=0x0000000027bee930
Event: 119.631 Thread 0x000000001f944000 DEOPT UNPACKING pc=0x00000000029e7890 sp=0x0000000027bee7f0 mode 0


Dynamic libraries:
0x00007ff688980000 - 0x00007ff6889b7000 	C:\Program Files\Java\jdk1.8.0_201\bin\java.exe
0x00007ffe8cb00000 - 0x00007ffe8cce1000 	C:\WINDOWS\SYSTEM32\ntdll.dll
0x00007ffe8c120000 - 0x00007ffe8c1d2000 	C:\WINDOWS\System32\KERNEL32.DLL
0x00007ffe88f20000 - 0x00007ffe89193000 	C:\WINDOWS\System32\KERNELBASE.dll
0x00007ffe8bfa0000 - 0x00007ffe8c041000 	C:\WINDOWS\System32\ADVAPI32.dll
0x00007ffe8a530000 - 0x00007ffe8a5ce000 	C:\WINDOWS\System32\msvcrt.dll
0x00007ffe8c350000 - 0x00007ffe8c3ab000 	C:\WINDOWS\System32\sechost.dll
0x00007ffe8a600000 - 0x00007ffe8a724000 	C:\WINDOWS\System32\RPCRT4.dll
0x00007ffe8c940000 - 0x00007ffe8cad0000 	C:\WINDOWS\System32\USER32.dll
0x00007ffe89af0000 - 0x00007ffe89b10000 	C:\WINDOWS\System32\win32u.dll
0x00007ffe8c890000 - 0x00007ffe8c8b8000 	C:\WINDOWS\System32\GDI32.dll
0x00007ffe89950000 - 0x00007ffe89ae2000 	C:\WINDOWS\System32\gdi32full.dll
0x00007ffe898b0000 - 0x00007ffe8994f000 	C:\WINDOWS\System32\msvcp_win.dll
0x00007ffe89d00000 - 0x00007ffe89dfa000 	C:\WINDOWS\System32\ucrtbase.dll
0x00007ffe796c0000 - 0x00007ffe79929000 	C:\WINDOWS\WinSxS\amd64_microsoft.windows.common-controls_6595b64144ccf1df_6.0.17134.590_none_fb3d9bff3069e088\COMCTL32.dll
0x00007ffe89f90000 - 0x00007ffe8a2b2000 	C:\WINDOWS\System32\combase.dll
0x00007ffe89e00000 - 0x00007ffe89e7a000 	C:\WINDOWS\System32\bcryptPrimitives.dll
0x00007ffe8a5d0000 - 0x00007ffe8a5fd000 	C:\WINDOWS\System32\IMM32.DLL
0x00007ffe87f00000 - 0x00007ffe87f31000 	C:\WINDOWS\SYSTEM32\ntmarta.dll
0x00007ffe88d40000 - 0x00007ffe88d70000 	C:\WINDOWS\SYSTEM32\SspiCli.dll
0x0000000067800000 - 0x00000000678d1000 	C:\Program Files\Java\jdk1.8.0_201\jre\bin\msvcr100.dll
0x0000000066f50000 - 0x00000000677f4000 	C:\Program Files\Java\jdk1.8.0_201\jre\bin\server\jvm.dll
0x00007ffe8c1e0000 - 0x00007ffe8c1e8000 	C:\WINDOWS\System32\PSAPI.DLL
0x00007ffe764f0000 - 0x00007ffe764f9000 	C:\WINDOWS\SYSTEM32\WSOCK32.dll
0x00007ffe8c0b0000 - 0x00007ffe8c11c000 	C:\WINDOWS\System32\WS2_32.dll
0x00007ffe84b60000 - 0x00007ffe84b83000 	C:\WINDOWS\SYSTEM32\WINMM.dll
0x00007ffe83540000 - 0x00007ffe8354a000 	C:\WINDOWS\SYSTEM32\VERSION.dll
0x00007ffe84b10000 - 0x00007ffe84b3a000 	C:\WINDOWS\SYSTEM32\WINMMBASE.dll
0x00007ffe88ed0000 - 0x00007ffe88f19000 	C:\WINDOWS\System32\cfgmgr32.dll
0x00007ffe7ad50000 - 0x00007ffe7ad5f000 	C:\Program Files\Java\jdk1.8.0_201\jre\bin\verify.dll
0x00007ffe78f30000 - 0x00007ffe78f59000 	C:\Program Files\Java\jdk1.8.0_201\jre\bin\java.dll
0x00007ffe79b00000 - 0x00007ffe79b23000 	C:\Program Files\Java\jdk1.8.0_201\jre\bin\instrument.dll
0x00007ffe76a40000 - 0x00007ffe76a56000 	C:\Program Files\Java\jdk1.8.0_201\jre\bin\zip.dll
0x00007ffe8ab60000 - 0x00007ffe8bfa0000 	C:\WINDOWS\System32\SHELL32.dll
0x00007ffe8a7d0000 - 0x00007ffe8a879000 	C:\WINDOWS\System32\shcore.dll
0x00007ffe891a0000 - 0x00007ffe898ad000 	C:\WINDOWS\System32\windows.storage.dll
0x00007ffe8c3b0000 - 0x00007ffe8c401000 	C:\WINDOWS\System32\shlwapi.dll
0x00007ffe88eb0000 - 0x00007ffe88ec1000 	C:\WINDOWS\System32\kernel.appcore.dll
0x00007ffe88e40000 - 0x00007ffe88e5f000 	C:\WINDOWS\System32\profapi.dll
0x00007ffe88e60000 - 0x00007ffe88eac000 	C:\WINDOWS\System32\powrprof.dll
0x00007ffe88e10000 - 0x00007ffe88e1a000 	C:\WINDOWS\System32\FLTLIB.DLL
0x00007ffe79ae0000 - 0x00007ffe79afa000 	C:\Program Files\JetBrains\IntelliJ IDEA Community Edition 2018.3.3\bin\breakgen64.dll
0x00007ffe76a20000 - 0x00007ffe76a3a000 	C:\Program Files\Java\jdk1.8.0_201\jre\bin\net.dll
0x00007ffe7b1f0000 - 0x00007ffe7b3b9000 	C:\WINDOWS\SYSTEM32\urlmon.dll
0x00007ffe79410000 - 0x00007ffe796b5000 	C:\WINDOWS\SYSTEM32\iertutil.dll
0x00007ffe88840000 - 0x00007ffe8884b000 	C:\WINDOWS\SYSTEM32\CRYPTBASE.DLL
0x00007ffe88690000 - 0x00007ffe886f6000 	C:\WINDOWS\system32\mswsock.dll
0x00007ffe711b0000 - 0x00007ffe711d4000 	C:\Program Files\Java\jdk1.8.0_201\jre\bin\sunec.dll
0x00007ffe88410000 - 0x00007ffe88448000 	C:\WINDOWS\SYSTEM32\IPHLPAPI.DLL
0x00007ffe8a880000 - 0x00007ffe8a888000 	C:\WINDOWS\System32\NSI.dll
0x00007ffe810a0000 - 0x00007ffe810b6000 	C:\WINDOWS\SYSTEM32\dhcpcsvc6.DLL
0x00007ffe81260000 - 0x00007ffe8127a000 	C:\WINDOWS\SYSTEM32\dhcpcsvc.DLL
0x00007ffe76a00000 - 0x00007ffe76a11000 	C:\Program Files\Java\jdk1.8.0_201\jre\bin\nio.dll
0x00007ffe88850000 - 0x00007ffe88867000 	C:\WINDOWS\SYSTEM32\CRYPTSP.dll
0x00007ffe88270000 - 0x00007ffe882a3000 	C:\WINDOWS\system32\rsaenh.dll
0x00007ffe88970000 - 0x00007ffe88995000 	C:\WINDOWS\SYSTEM32\bcrypt.dll
0x00007ffe88d10000 - 0x00007ffe88d38000 	C:\WINDOWS\SYSTEM32\USERENV.dll
0x00007ffe6e3a0000 - 0x00007ffe6e3e2000 	C:\Users\asus\AppData\Local\Temp\jna-3003984\jna1191676619180621863.dll
0x00007ffe60a60000 - 0x00007ffe60afc000 	C:\Users\asus\AppData\Local\Temp\jna-3003984\jna1798494468342709565.dll
0x00007ffe88450000 - 0x00007ffe8850e000 	C:\WINDOWS\SYSTEM32\DNSAPI.dll
0x00007ffe7c910000 - 0x00007ffe7c91a000 	C:\Windows\System32\rasadhlp.dll
0x00007ffe7cf10000 - 0x00007ffe7cf82000 	C:\WINDOWS\System32\fwpuclnt.dll
0x00007ffe4adf0000 - 0x00007ffe4af89000 	C:\Program Files\Java\jdk1.8.0_201\jre\bin\awt.dll
0x00007ffe8a2c0000 - 0x00007ffe8a383000 	C:\WINDOWS\System32\OLEAUT32.dll
0x00007ffe86450000 - 0x00007ffe864db000 	C:\WINDOWS\SYSTEM32\apphelp.dll
0x00007ffe86580000 - 0x00007ffe86618000 	C:\WINDOWS\system32\uxtheme.dll
0x00007ffe8a8f0000 - 0x00007ffe8aa63000 	C:\WINDOWS\System32\MSCTF.dll
0x00007ffe86fe0000 - 0x00007ffe87009000 	C:\WINDOWS\system32\dwmapi.dll
0x00007ffe8c1f0000 - 0x00007ffe8c341000 	C:\WINDOWS\System32\ole32.dll
0x00007ffe813d0000 - 0x00007ffe813db000 	C:\Program Files\Java\jdk1.8.0_201\jre\bin\sunmscapi.dll
0x00007ffe89b10000 - 0x00007ffe89cf2000 	C:\WINDOWS\System32\CRYPT32.dll
0x00007ffe88e20000 - 0x00007ffe88e32000 	C:\WINDOWS\System32\MSASN1.dll
0x00007ffe6d3f0000 - 0x00007ffe6d437000 	C:\Program Files\Java\jdk1.8.0_201\jre\bin\fontmanager.dll
0x00007ffe51a80000 - 0x00007ffe51b22000 	C:\Program Files\Java\jdk1.8.0_201\jre\bin\mlib_image.dll
0x00007ffe773d0000 - 0x00007ffe774f0000 	C:\WINDOWS\system32\opengl32.dll
0x00007ffe82690000 - 0x00007ffe826bc000 	C:\WINDOWS\SYSTEM32\GLU32.dll
0x00007ffe70dd0000 - 0x00007ffe70dfa000 	C:\Program Files\Java\jdk1.8.0_201\jre\bin\dcpr.dll
0x00007ffe6a120000 - 0x00007ffe6a162000 	C:\Program Files\Java\jdk1.8.0_201\jre\bin\t2k.dll
0x00007ffe8a730000 - 0x00007ffe8a7d0000 	C:\WINDOWS\System32\clbcatq.dll
0x00007ffe83780000 - 0x00007ffe8392e000 	C:\WINDOWS\SYSTEM32\WindowsCodecs.dll
0x00007ffe6cbe0000 - 0x00007ffe6cc38000 	C:\WINDOWS\system32\dataexchange.dll
0x00007ffe85490000 - 0x00007ffe8579b000 	C:\WINDOWS\system32\d3d11.dll
0x00007ffe85d70000 - 0x00007ffe85f0c000 	C:\WINDOWS\system32\dcomp.dll
0x00007ffe87bd0000 - 0x00007ffe87c8b000 	C:\WINDOWS\system32\dxgi.dll
0x00007ffe870f0000 - 0x00007ffe872a8000 	C:\WINDOWS\system32\twinapi.appcore.dll
0x00007ffe870c0000 - 0x00007ffe870e9000 	C:\WINDOWS\system32\RMCLIENT.dll
0x00007ffe81420000 - 0x00007ffe814c8000 	C:\WINDOWS\SYSTEM32\mscms.dll
0x00007ffe84c50000 - 0x00007ffe84c60000 	C:\WINDOWS\SYSTEM32\ColorAdapterClient.dll
0x00007ffe68d30000 - 0x00007ffe68d73000 	C:\WINDOWS\SYSTEM32\icm32.dll
0x00007ffe7d540000 - 0x00007ffe7d5ab000 	C:\WINDOWS\system32\Oleacc.dll
0x00000000637c0000 - 0x00000000637cd000 	C:\Users\asus\AppData\Local\Temp\jogamp_0000\file_cache\jln2729000540246923381\jln1612352279614516911\natives\windows-amd64\gluegen-rt.dll
0x00007ffe7a540000 - 0x00007ffe7a547000 	C:\Program Files\Java\jdk1.8.0_201\jre\bin\jawt.dll
0x000000006a440000 - 0x000000006a44d000 	C:\Users\asus\AppData\Local\Temp\jogamp_0000\file_cache\jln2729000540246923381\jln1612352279614516911\natives\windows-amd64\nativewindow_awt.dll
0x000000006c100000 - 0x000000006c10f000 	C:\Users\asus\AppData\Local\Temp\jogamp_0000\file_cache\jln2729000540246923381\jln1612352279614516911\natives\windows-amd64\nativewindow_win32.dll
0x0000000064500000 - 0x00000000645b1000 	C:\Users\asus\AppData\Local\Temp\jogamp_0000\file_cache\jln2729000540246923381\jln1612352279614516911\natives\windows-amd64\jogl_desktop.dll
0x0000000064340000 - 0x00000000643a2000 	C:\Users\asus\AppData\Local\Temp\jogamp_0000\file_cache\jln2729000540246923381\jln1612352279614516911\natives\windows-amd64\jogl_mobile.dll
0x00007ffe3d5c0000 - 0x00007ffe3e4ae000 	C:\WINDOWS\System32\DriverStore\FileRepository\igdlh64.inf_amd64_31ba00ea6900d67d\ig9icd64.dll
0x00007ffe7a400000 - 0x00007ffe7a40d000 	C:\Program Files\Java\jdk1.8.0_201\jre\bin\management.dll
0x00007ffe7d7e0000 - 0x00007ffe7f6e1000 	C:\WINDOWS\System32\DriverStore\FileRepository\igdlh64.inf_amd64_31ba00ea6900d67d\igc64.dll
0x00007ffe79a90000 - 0x00007ffe79a9c000 	C:\Program Files\Java\jdk1.8.0_201\jre\bin\jsound.dll
0x00007ffe79a80000 - 0x00007ffe79a8b000 	C:\Program Files\Java\jdk1.8.0_201\jre\bin\jsoundds.dll
0x00007ffe519f0000 - 0x00007ffe51a7f000 	C:\WINDOWS\SYSTEM32\DSOUND.dll
0x00007ffe81170000 - 0x00007ffe811e6000 	C:\WINDOWS\SYSTEM32\MMDevAPI.DLL
0x00007ffe88c20000 - 0x00007ffe88c47000 	C:\WINDOWS\SYSTEM32\DEVOBJ.dll
0x00007ffe86a00000 - 0x00007ffe86bb4000 	C:\WINDOWS\SYSTEM32\PROPSYS.dll
0x00007ffe4f800000 - 0x00007ffe4f844000 	C:\WINDOWS\SYSTEM32\wdmaud.drv
0x00007ffe82da0000 - 0x00007ffe82da9000 	C:\WINDOWS\SYSTEM32\ksuser.dll
0x00007ffe83b00000 - 0x00007ffe83b0a000 	C:\WINDOWS\SYSTEM32\AVRT.dll
0x00007ffe73130000 - 0x00007ffe7325c000 	C:\WINDOWS\SYSTEM32\AUDIOSES.DLL
0x00007ffe844a0000 - 0x00007ffe845ed000 	C:\WINDOWS\SYSTEM32\wintypes.dll
0x00007ffe79a20000 - 0x00007ffe79a2d000 	C:\WINDOWS\SYSTEM32\msacm32.drv
0x00007ffe70be0000 - 0x00007ffe70bfc000 	C:\WINDOWS\SYSTEM32\MSACM32.dll
0x00007ffe78ff0000 - 0x00007ffe78ffa000 	C:\WINDOWS\SYSTEM32\midimap.dll
0x00007ffe671a0000 - 0x00007ffe671d1000 	C:\Program Files\Java\jdk1.8.0_201\jre\bin\jpeg.dll
0x00007ffe77be0000 - 0x00007ffe77c76000 	C:\WINDOWS\System32\TextInputFramework.dll
0x00007ffe83210000 - 0x00007ffe8352e000 	C:\WINDOWS\System32\CoreUIComponents.dll
0x00007ffe86250000 - 0x00007ffe8632a000 	C:\WINDOWS\System32\CoreMessaging.dll
0x00007ffe87810000 - 0x00007ffe879d9000 	C:\WINDOWS\SYSTEM32\dbghelp.dll

VM Arguments:
jvm_args: -ea -javaagent:C:\Program Files\JetBrains\IntelliJ IDEA Community Edition 2018.3.3\lib\idea_rt.jar=49645:C:\Program Files\JetBrains\IntelliJ IDEA Community Edition 2018.3.3\bin -Dfile.encoding=UTF-8 
java_command: net.runelite.client.RuneLite --debug --developer-mode
java_class_path (initial): C:\Program Files\Java\jdk1.8.0_201\jre\lib\charsets.jar;C:\Program Files\Java\jdk1.8.0_201\jre\lib\deploy.jar;C:\Program Files\Java\jdk1.8.0_201\jre\lib\ext\access-bridge-64.jar;C:\Program Files\Java\jdk1.8.0_201\jre\lib\ext\cldrdata.jar;C:\Program Files\Java\jdk1.8.0_201\jre\lib\ext\dnsns.jar;C:\Program Files\Java\jdk1.8.0_201\jre\lib\ext\jaccess.jar;C:\Program Files\Java\jdk1.8.0_201\jre\lib\ext\jfxrt.jar;C:\Program Files\Java\jdk1.8.0_201\jre\lib\ext\localedata.jar;C:\Program Files\Java\jdk1.8.0_201\jre\lib\ext\nashorn.jar;C:\Program Files\Java\jdk1.8.0_201\jre\lib\ext\sunec.jar;C:\Program Files\Java\jdk1.8.0_201\jre\lib\ext\sunjce_provider.jar;C:\Program Files\Java\jdk1.8.0_201\jre\lib\ext\sunmscapi.jar;C:\Program Files\Java\jdk1.8.0_201\jre\lib\ext\sunpkcs11.jar;C:\Program Files\Java\jdk1.8.0_201\jre\lib\ext\zipfs.jar;C:\Program Files\Java\jdk1.8.0_201\jre\lib\javaws.jar;C:\Program Files\Java\jdk1.8.0_201\jre\lib\jce.jar;C:\Program Files\Java\jdk1.8.0_201\jre\lib\jfr.jar;C:\Program Files\Java\jdk1.8.0_201\jre\lib\jfxswt.jar;C:\Program Files\Java\jdk1.8.0_201\jre\lib\jsse.jar;C:\Program Files\Java\jdk1.8.0_201\jre\lib\management-agent.jar;C:\Program Files\Java\jdk1.8.0_201\jre\lib\plugin.jar;C:\Program Files\Java\jdk1.8.0_201\jre\lib\resources.jar;C:\Program Files\Java\jdk1.8.0_201\jre\lib\rt.jar;C:\Users\asus\runelite\runelite-client\target\classes;C:\Users\asus\.m2\repository\org\slf4j\slf4j-api\1.7.25\slf4j-api-1.7.25.jar;C:\Users\asus\.m2\repository\ch\qos\logback\logback-classic\1.2.3\logback-classic-1.2.3.jar;C:\Users\asus\.m2\repository\ch\qos\logback\logback-core\1.2.3\logback-core-1.2.3.jar;C:\Users\asus\.m2\repository\net\sf\jopt-simple\jopt-simple\5.0.1\jopt-simple-5.0.1.jar;C:\Users\asus\.m2\repository\com\google\guava\guava\23.2-jre\guava-23.2-jre.jar;C:\Users\asus\.m2\repository\com\google\code\findbugs\jsr305\1.3.9\jsr305-1.3.9.jar;C:\Users\asus\.m2\repository\com\google\errorprone\error_prone_annotations\2.0.18\error_
Launcher Type: SUN_STANDARD

Environment Variables:
PATH=C:\Program Files (x86)\Common Files\Oracle\Java\javapath;C:\Program Files (x86)\Intel\iCLS Client\;C:\Program Files\Intel\iCLS Client\;C:\Windows\system32;C:\Windows;C:\Windows\System32\Wbem;C:\Windows\System32\WindowsPowerShell\v1.0\;C:\Program Files (x86)\NVIDIA Corporation\PhysX\Common;C:\Program Files (x86)\Intel\Intel(R) Management Engine Components\DAL;C:\Program Files\Intel\Intel(R) Management Engine Components\DAL;C:\Program Files (x86)\Intel\Intel(R) Management Engine Components\IPT;C:\Program Files\Intel\Intel(R) Management Engine Components\IPT;C:\WINDOWS\system32;C:\WINDOWS;C:\WINDOWS\System32\Wbem;C:\WINDOWS\System32\WindowsPowerShell\v1.0\;C:\WINDOWS\System32\OpenSSH\;C:\Documents\PuTTY\;C:\Program Files\Intel\WiFi\bin\;C:\Program Files\Common Files\Intel\WirelessCommon\;C:\cygwin\bin;C:\Program Files\Git\cmd;C:\Users\asus\AppData\Local\Microsoft\WindowsApps;C:\Users\asus\AppData\Local\GitHubDesktop\bin
USERNAME=asus
OS=Windows_NT
PROCESSOR_IDENTIFIER=Intel64 Family 6 Model 158 Stepping 9, GenuineIntel



---------------  S Y S T E M  ---------------

OS: Windows 10.0 , 64 bit Build 17134 (10.0.17134.556)

CPU:total 8 (initial active 8) (4 cores per cpu, 2 threads per core) family 6 model 158 stepping 9, cmov, cx8, fxsr, mmx, sse, sse2, sse3, ssse3, sse4.1, sse4.2, popcnt, avx, avx2, aes, clmul, erms, 3dnowpref, lzcnt, ht, tsc, tscinvbit, bmi1, bmi2, adx

Memory: 4k page, physical 16659216k(8709216k free), swap 19149584k(5700748k free)

vm_info: Java HotSpot(TM) 64-Bit Server VM (25.201-b09) for windows-amd64 JRE (1.8.0_201-b09), built on Dec 15 2018 18:36:39 by "java_re" with MS VC++ 10.0 (VS2010)

time: Fri Mar 01 12:02:56 2019
timezone: Eastern Standard Time
elapsed time: 119 seconds (0d 0h 1m 59s)

