#
# A fatal error has been detected by the Java Runtime Environment:
#
#  EXCEPTION_ACCESS_VIOLATION (0xc0000005) at pc=0x00007ffe3e0a0e0e, pid=11312, tid=0x0000000000004590
#
# JRE version: Java(TM) SE Runtime Environment (8.0_201-b09) (build 1.8.0_201-b09)
# Java VM: Java HotSpot(TM) 64-Bit Server VM (25.201-b09 mixed mode windows-amd64 compressed oops)
# Problematic frame:
# C  [ig9icd64.dll+0x190e0e]
#
# Failed to write core dump. Minidumps are not enabled by default on client versions of Windows
#
# If you would like to submit a bug report, please visit:
#   http://bugreport.java.com/bugreport/crash.jsp
# The crash happened outside the Java Virtual Machine in native code.
# See problematic frame for where to report the bug.
#

---------------  T H R E A D  ---------------

Current thread (0x0000000020115000):  JavaThread "Thread-5" daemon [_thread_in_native, id=17808, stack(0x0000000027840000,0x0000000027940000)]

siginfo: ExceptionCode=0xc0000005, reading address 0x0000000000000008

Registers:
RAX=0x0000000000000000, RBX=0x00007ffe3e3f9290, RCX=0x0000000022e5b410, RDX=0x00000000334ef040
RSP=0x000000002793dab0, RBP=0x000000002793dd20, RSI=0x000000002793dce0, RDI=0x0000000000000000
R8 =0x0000000009770000, R9 =0x0000000000000000, R10=0x000000002793de60, R11=0x000000002793dc48
R12=0x0000000000000007, R13=0x0000000000000000, R14=0x000000002793dfb0, R15=0x000000002793dd60
RIP=0x00007ffe3e0a0e0e, EFLAGS=0x0000000000010246

Top of Stack: (sp=0x000000002793dab0)
0x000000002793dab0:   00000000343ea8a0 00000000334ef040
0x000000002793dac0:   000000002793dad0 000000002793dbd8
0x000000002793dad0:   0000000000000000 000000002793dd20
0x000000002793dae0:   000000002793db10 000000002793db50
0x000000002793daf0:   000000002793db98 000000002793db20
0x000000002793db00:   000000002793dbb8 000000002793db30
0x000000002793db10:   000000002793dd00 000000002793dc10
0x000000002793db20:   00000000000003a8 000000002ac0dce0
0x000000002793db30:   0000000035e26e10 0000000035e26e10
0x000000002793db40:   000000002ac0da00 00007ffe3e82165c
0x000000002793db50:   0000000035e26260 00000000363e54c0
0x000000002793db60:   0000000035e26e10 0000000022eedc40
0x000000002793db70:   000000002793dd60 000000002793de60
0x000000002793db80:   0000000033633e20 0000000033633e20
0x000000002793db90:   0000000000000000 00000000363e54c0
0x000000002793dba0:   000000002793dbf9 00007ffe3df566d6 

Instructions: (pc=0x00007ffe3e0a0e0e)
0x00007ffe3e0a0dee:   48 85 c9 74 06 48 8b 41 20 eb 15 48 8b 80 98 00
0x00007ffe3e0a0dfe:   00 00 48 85 c0 74 06 48 8b 40 20 eb 03 48 8b c7
0x00007ffe3e0a0e0e:   48 8b 48 08 48 85 c9 74 54 81 79 14 5d 01 00 00
0x00007ffe3e0a0e1e:   75 4b 81 26 ff ff 97 f6 81 0e 00 00 94 06 8b 81 


Register to memory mapping:

RAX=0x0000000000000000 is an unknown value
RBX=0x00007ffe3e3f9290 is an unknown value
RCX=0x0000000022e5b410 is an unknown value
RDX=0x00000000334ef040 is an unknown value
RSP=0x000000002793dab0 is pointing into the stack for thread: 0x0000000020115000
RBP=0x000000002793dd20 is pointing into the stack for thread: 0x0000000020115000
RSI=0x000000002793dce0 is pointing into the stack for thread: 0x0000000020115000
RDI=0x0000000000000000 is an unknown value
R8 =0x0000000009770000 is an unknown value
R9 =0x0000000000000000 is an unknown value
R10=0x000000002793de60 is pointing into the stack for thread: 0x0000000020115000
R11=0x000000002793dc48 is pointing into the stack for thread: 0x0000000020115000
R12=0x0000000000000007 is an unknown value
R13=0x0000000000000000 is an unknown value
R14=0x000000002793dfb0 is pointing into the stack for thread: 0x0000000020115000
R15=0x000000002793dd60 is pointing into the stack for thread: 0x0000000020115000


Stack: [0x0000000027840000,0x0000000027940000],  sp=0x000000002793dab0,  free space=1014k
Native frames: (J=compiled Java code, j=interpreted, Vv=VM code, C=native code)
C  [ig9icd64.dll+0x190e0e]
C  [ig9icd64.dll+0x4a0cbd]
C  [ig9icd64.dll+0x4a4d27]
C  [ig9icd64.dll+0x398298]
C  [ig9icd64.dll+0x353cc5]
C  [ig9icd64.dll+0x152415]
C  [ig9icd64.dll+0x143304]
C  [ig9icd64.dll+0x13ff36]
C  0x0000000003dd5f17

Java frames: (J=compiled Java code, j=interpreted, Vv=VM code)
J 7647  jogamp.opengl.gl4.GL4bcImpl.dispatch_glTexSubImage2D1(IIIIIIIILjava/lang/Object;IZJ)V (0 bytes) @ 0x0000000003dd5e99 [0x0000000003dd5e00+0x99]
J 7646 C1 jogamp.opengl.gl4.GL4bcImpl.glTexSubImage2D(IIIIIIIILjava/nio/Buffer;)V (126 bytes) @ 0x0000000003dd700c [0x0000000003dd6300+0xd0c]
J 8112 C1 net.runelite.client.plugins.gpu.GpuPlugin.drawUi(II)V (561 bytes) @ 0x0000000003f199ec [0x0000000003f18c60+0xd8c]
J 7881 C1 net.runelite.client.plugins.gpu.GpuPlugin.draw()V (2777 bytes) @ 0x0000000003e9de6c [0x0000000003e94c80+0x91ec]
J 7596 C1 bf.c(Ljava/lang/Object;I)V (150 bytes) @ 0x0000000003d9f31c [0x0000000003d9f100+0x21c]
j  bf.run()V+381
j  java.lang.Thread.run()V+11
v  ~StubRoutines::call_stub

---------------  P R O C E S S  ---------------

Java Threads: ( => current thread )
  0x0000000020112000 JavaThread "Thread-1" daemon [_thread_in_native, id=8332, stack(0x0000000039f40000,0x000000003a040000)]
  0x0000000026f8c800 JavaThread "Thread-18" daemon [_thread_blocked, id=20788, stack(0x0000000038930000,0x0000000038a30000)]
  0x0000000026f87000 JavaThread "pool-5-thread-1" [_thread_blocked, id=7184, stack(0x0000000038630000,0x0000000038730000)]
  0x0000000026f8a000 JavaThread "Java Sound Event Dispatcher" daemon [_thread_blocked, id=19428, stack(0x0000000038230000,0x0000000038330000)]
  0x0000000026f8b000 JavaThread "DestroyJavaVM" [_thread_blocked, id=15244, stack(0x0000000002450000,0x0000000002550000)]
  0x0000000026f85800 JavaThread "TimerQueue" daemon [_thread_blocked, id=21156, stack(0x00000000353d0000,0x00000000354d0000)]
  0x0000000026f7e000 JavaThread "OkHttp Dispatcher" [_thread_blocked, id=14800, stack(0x0000000034210000,0x0000000034310000)]
  0x0000000026f82800 JavaThread "OkHttp Dispatcher" [_thread_blocked, id=15416, stack(0x0000000034110000,0x0000000034210000)]
  0x0000000026f82000 JavaThread "OkHttp Dispatcher" [_thread_blocked, id=2000, stack(0x0000000034010000,0x0000000034110000)]
  0x0000000026f80800 JavaThread "OkHttp Dispatcher" [_thread_blocked, id=9468, stack(0x0000000033f10000,0x0000000034010000)]
  0x0000000026f84000 JavaThread "OkHttp Dispatcher" [_thread_blocked, id=13340, stack(0x0000000033e10000,0x0000000033f10000)]
  0x0000000026f83800 JavaThread "OkHttp Dispatcher" [_thread_blocked, id=12476, stack(0x0000000033d10000,0x0000000033e10000)]
  0x0000000026f81000 JavaThread "pool-4-thread-1" [_thread_in_native, id=18632, stack(0x0000000033a10000,0x0000000033b10000)]
  0x0000000020b16800 JavaThread "Thread-13" daemon [_thread_blocked, id=8328, stack(0x0000000028f40000,0x0000000029040000)]
  0x0000000020b13000 JavaThread "Thread-12" daemon [_thread_blocked, id=8936, stack(0x0000000028c40000,0x0000000028d40000)]
  0x0000000020b12000 JavaThread "Thread-11" daemon [_thread_in_native, id=13228, stack(0x0000000028b40000,0x0000000028c40000)]
  0x0000000020b14800 JavaThread "Trident pulse source thread" daemon [_thread_blocked, id=20236, stack(0x0000000027f40000,0x0000000028040000)]
  0x0000000020b19000 JavaThread "Trident callback thread" daemon [_thread_blocked, id=6448, stack(0x0000000027e40000,0x0000000027f40000)]
  0x0000000020b13800 JavaThread "Substance heap status" daemon [_thread_blocked, id=14464, stack(0x0000000027a40000,0x0000000027b40000)]
  0x0000000020b17800 JavaThread "Thread-6" daemon [_thread_blocked, id=12552, stack(0x0000000027940000,0x0000000027a40000)]
=>0x0000000020115000 JavaThread "Thread-5" daemon [_thread_in_native, id=17808, stack(0x0000000027840000,0x0000000027940000)]
  0x0000000020113000 JavaThread "Thread-4" daemon [_thread_blocked, id=5244, stack(0x0000000027740000,0x0000000027840000)]
  0x0000000020111800 JavaThread "AWT-EventQueue-0" [_thread_blocked, id=3652, stack(0x0000000025e70000,0x0000000025f70000)]
  0x0000000020113800 JavaThread "AWT-Shutdown" [_thread_blocked, id=7032, stack(0x0000000025d70000,0x0000000025e70000)]
  0x0000000020116000 JavaThread "AWT-Windows" daemon [_thread_in_native, id=15064, stack(0x0000000022f50000,0x0000000023050000)]
  0x0000000020110800 JavaThread "Java2D Disposer" daemon [_thread_blocked, id=7532, stack(0x0000000022c50000,0x0000000022d50000)]
  0x0000000020116800 JavaThread "pool-3-thread-1" [_thread_blocked, id=14024, stack(0x0000000022b50000,0x0000000022c50000)]
  0x0000000020110000 JavaThread "Okio Watchdog" daemon [_thread_blocked, id=17192, stack(0x0000000021680000,0x0000000021780000)]
  0x0000000020114800 JavaThread "OkHttp ConnectionPool" daemon [_thread_blocked, id=2352, stack(0x0000000021580000,0x0000000021680000)]
  0x000000001f6c3800 JavaThread "pool-2-thread-1" [_thread_blocked, id=14588, stack(0x0000000021180000,0x0000000021280000)]
  0x000000001e20b000 JavaThread "Service Thread" daemon [_thread_blocked, id=3260, stack(0x000000001ed30000,0x000000001ee30000)]
  0x000000001e18e800 JavaThread "C1 CompilerThread3" daemon [_thread_blocked, id=4056, stack(0x000000001ec30000,0x000000001ed30000)]
  0x000000001e18c000 JavaThread "C2 CompilerThread2" daemon [_thread_blocked, id=15812, stack(0x000000001eb30000,0x000000001ec30000)]
  0x000000001e18b000 JavaThread "C2 CompilerThread1" daemon [_thread_blocked, id=6864, stack(0x000000001ea30000,0x000000001eb30000)]
  0x000000001e189000 JavaThread "C2 CompilerThread0" daemon [_thread_blocked, id=4268, stack(0x000000001e930000,0x000000001ea30000)]
  0x000000001e060000 JavaThread "Monitor Ctrl-Break" daemon [_thread_in_native, id=1184, stack(0x000000001e830000,0x000000001e930000)]
  0x000000001df72800 JavaThread "Attach Listener" daemon [_thread_blocked, id=7632, stack(0x000000001e730000,0x000000001e830000)]
  0x000000001c17e800 JavaThread "Signal Dispatcher" daemon [_thread_blocked, id=18344, stack(0x000000001e630000,0x000000001e730000)]
  0x000000000274a800 JavaThread "Finalizer" daemon [_thread_blocked, id=13568, stack(0x000000001e440000,0x000000001e540000)]
  0x000000001df60800 JavaThread "Reference Handler" daemon [_thread_blocked, id=13716, stack(0x000000001e340000,0x000000001e440000)]

Other Threads:
  0x000000001c169000 VMThread [stack: 0x000000001de40000,0x000000001df40000] [id=16632]
  0x000000001e317800 WatcherThread [stack: 0x000000001ee30000,0x000000001ef30000] [id=10844]

VM state:not at safepoint (normal execution)

VM Mutex/Monitor currently owned by a thread: None

heap address: 0x00000006c1c00000, size: 4068 MB, Compressed Oops mode: Zero based, Oop shift amount: 3
Narrow klass base: 0x0000000000000000, Narrow klass shift: 3
Compressed class space size: 1073741824 Address: 0x00000007c0000000

Heap:
 PSYoungGen      total 851968K, used 125780K [0x000000076b400000, 0x00000007b0280000, 0x00000007c0000000)
  eden space 836608K, 15% used [0x000000076b400000,0x0000000772ed53b0,0x000000079e500000)
  from space 15360K, 0% used [0x000000079e500000,0x000000079e500000,0x000000079f400000)
  to   space 29696K, 0% used [0x00000007ae580000,0x00000007ae580000,0x00000007b0280000)
 ParOldGen       total 203264K, used 65437K [0x00000006c1c00000, 0x00000006ce280000, 0x000000076b400000)
  object space 203264K, 32% used [0x00000006c1c00000,0x00000006c5be7460,0x00000006ce280000)
 Metaspace       used 55941K, capacity 59506K, committed 59608K, reserved 1101824K
  class space    used 6509K, capacity 7029K, committed 7040K, reserved 1048576K

Card table byte_map: [0x0000000011b10000,0x0000000012310000] byte_map_base: 0x000000000e502000

Marking Bits: (ParMarkBitMap*) 0x0000000067774ce0
 Begin Bits: [0x0000000013060000, 0x0000000016ff0000)
 End Bits:   [0x0000000016ff0000, 0x000000001af80000)

Polling page: 0x0000000000540000

CodeCache: size=245760Kb used=24327Kb max_used=24334Kb free=221432Kb
 bounds [0x0000000002750000, 0x0000000003f40000, 0x0000000011750000]
 total_blobs=7899 nmethods=6808 adapters=1001
 compilation: enabled

Compilation events (10 events):
Event: 41.043 Thread 0x000000001e18e800 8128       3       okio.RealBufferedSource::readUtf8LineStrict (235 bytes)
Event: 41.051 Thread 0x000000001e18e800 nmethod 8128 0x0000000003f2bcd0 code [0x0000000003f2c040, 0x0000000003f2ddf8]
Event: 41.060 Thread 0x000000001e18e800 8130       3       java.util.logging.LogManager$LoggerContext::ensureDefaultLogger (70 bytes)
Event: 41.062 Thread 0x000000001e18e800 nmethod 8130 0x0000000002942c90 code [0x0000000002942e40, 0x00000000029436e8]
Event: 41.064 Thread 0x000000001e18e800 8129       3       java.util.concurrent.CopyOnWriteArrayList::contains (22 bytes)
Event: 41.065 Thread 0x000000001e18e800 nmethod 8129 0x0000000003f2b810 code [0x0000000003f2b980, 0x0000000003f2bc08]
Event: 41.068 Thread 0x000000001e18e800 8131       3       java.lang.StringBuilder::append (8 bytes)
Event: 41.069 Thread 0x000000001e18e800 nmethod 8131 0x0000000002e6f890 code [0x0000000002e6fa00, 0x0000000002e6fb88]
Event: 41.070 Thread 0x000000001e18e800 8132       3       java.lang.AbstractStringBuilder::append (191 bytes)
Event: 41.071 Thread 0x000000001e18e800 nmethod 8132 0x000000000291dd90 code [0x000000000291df80, 0x000000000291e9b8]

GC Heap History (10 events):
Event: 5.915 GC heap before
{Heap before GC invocations=10 (full 1):
 PSYoungGen      total 538112K, used 5502K [0x000000076b400000, 0x00000007a0380000, 0x00000007c0000000)
  eden space 524288K, 0% used [0x000000076b400000,0x000000076b400000,0x000000078b400000)
  from space 13824K, 39% used [0x000000078b400000,0x000000078b95f980,0x000000078c180000)
  to   space 14336K, 0% used [0x000000079f580000,0x000000079f580000,0x00000007a0380000)
 ParOldGen       total 175104K, used 8911K [0x00000006c1c00000, 0x00000006cc700000, 0x000000076b400000)
  object space 175104K, 5% used [0x00000006c1c00000,0x00000006c24b3e80,0x00000006cc700000)
 Metaspace       used 20911K, capacity 21124K, committed 21296K, reserved 1069056K
  class space    used 2342K, capacity 2426K, committed 2432K, reserved 1048576K
Event: 5.997 GC heap after
Heap after GC invocations=10 (full 1):
 PSYoungGen      total 538112K, used 0K [0x000000076b400000, 0x00000007a0380000, 0x00000007c0000000)
  eden space 524288K, 0% used [0x000000076b400000,0x000000076b400000,0x000000078b400000)
  from space 13824K, 0% used [0x000000078b400000,0x000000078b400000,0x000000078c180000)
  to   space 14336K, 0% used [0x000000079f580000,0x000000079f580000,0x00000007a0380000)
 ParOldGen       total 94208K, used 10357K [0x00000006c1c00000, 0x00000006c7800000, 0x000000076b400000)
  object space 94208K, 10% used [0x00000006c1c00000,0x00000006c261d6f0,0x00000006c7800000)
 Metaspace       used 20911K, capacity 21124K, committed 21296K, reserved 1069056K
  class space    used 2342K, capacity 2426K, committed 2432K, reserved 1048576K
}
Event: 15.410 GC heap before
{Heap before GC invocations=11 (full 1):
 PSYoungGen      total 538112K, used 171349K [0x000000076b400000, 0x00000007a0380000, 0x00000007c0000000)
  eden space 524288K, 32% used [0x000000076b400000,0x0000000775b55618,0x000000078b400000)
  from space 13824K, 0% used [0x000000078b400000,0x000000078b400000,0x000000078c180000)
  to   space 14336K, 0% used [0x000000079f580000,0x000000079f580000,0x00000007a0380000)
 ParOldGen       total 94208K, used 10357K [0x00000006c1c00000, 0x00000006c7800000, 0x000000076b400000)
  object space 94208K, 10% used [0x00000006c1c00000,0x00000006c261d6f0,0x00000006c7800000)
 Metaspace       used 34725K, capacity 35208K, committed 35456K, reserved 1081344K
  class space    used 4045K, capacity 4195K, committed 4224K, reserved 1048576K
Event: 15.442 GC heap after
Heap after GC invocations=11 (full 1):
 PSYoungGen      total 771584K, used 13631K [0x000000076b400000, 0x00000007a0300000, 0x00000007c0000000)
  eden space 757760K, 0% used [0x000000076b400000,0x000000076b400000,0x0000000799800000)
  from space 13824K, 98% used [0x000000079f580000,0x00000007a02cff30,0x00000007a0300000)
  to   space 15360K, 0% used [0x000000079e500000,0x000000079e500000,0x000000079f400000)
 ParOldGen       total 94208K, used 10365K [0x00000006c1c00000, 0x00000006c7800000, 0x000000076b400000)
  object space 94208K, 11% used [0x00000006c1c00000,0x00000006c261f6f0,0x00000006c7800000)
 Metaspace       used 34725K, capacity 35208K, committed 35456K, reserved 1081344K
  class space    used 4045K, capacity 4195K, committed 4224K, reserved 1048576K
}
Event: 15.442 GC heap before
{Heap before GC invocations=12 (full 2):
 PSYoungGen      total 771584K, used 13631K [0x000000076b400000, 0x00000007a0300000, 0x00000007c0000000)
  eden space 757760K, 0% used [0x000000076b400000,0x000000076b400000,0x0000000799800000)
  from space 13824K, 98% used [0x000000079f580000,0x00000007a02cff30,0x00000007a0300000)
  to   space 15360K, 0% used [0x000000079e500000,0x000000079e500000,0x000000079f400000)
 ParOldGen       total 94208K, used 10365K [0x00000006c1c00000, 0x00000006c7800000, 0x000000076b400000)
  object space 94208K, 11% used [0x00000006c1c00000,0x00000006c261f6f0,0x00000006c7800000)
 Metaspace       used 34725K, capacity 35208K, committed 35456K, reserved 1081344K
  class space    used 4045K, capacity 4195K, committed 4224K, reserved 1048576K
Event: 15.571 GC heap after
Heap after GC invocations=12 (full 2):
 PSYoungGen      total 771584K, used 0K [0x000000076b400000, 0x00000007a0300000, 0x00000007c0000000)
  eden space 757760K, 0% used [0x000000076b400000,0x000000076b400000,0x0000000799800000)
  from space 13824K, 0% used [0x000000079f580000,0x000000079f580000,0x00000007a0300000)
  to   space 15360K, 0% used [0x000000079e500000,0x000000079e500000,0x000000079f400000)
 ParOldGen       total 127488K, used 22812K [0x00000006c1c00000, 0x00000006c9880000, 0x000000076b400000)
  object space 127488K, 17% used [0x00000006c1c00000,0x00000006c3247340,0x00000006c9880000)
 Metaspace       used 34725K, capacity 35208K, committed 35456K, reserved 1081344K
  class space    used 4045K, capacity 4195K, committed 4224K, reserved 1048576K
}
Event: 33.296 GC heap before
{Heap before GC invocations=13 (full 2):
 PSYoungGen      total 771584K, used 438710K [0x000000076b400000, 0x00000007a0300000, 0x00000007c0000000)
  eden space 757760K, 57% used [0x000000076b400000,0x000000078606d9c0,0x0000000799800000)
  from space 13824K, 0% used [0x000000079f580000,0x000000079f580000,0x00000007a0300000)
  to   space 15360K, 0% used [0x000000079e500000,0x000000079e500000,0x000000079f400000)
 ParOldGen       total 127488K, used 22812K [0x00000006c1c00000, 0x00000006c9880000, 0x000000076b400000)
  object space 127488K, 17% used [0x00000006c1c00000,0x00000006c3247340,0x00000006c9880000)
 Metaspace       used 55502K, capacity 59044K, committed 59096K, reserved 1101824K
  class space    used 6496K, capacity 7028K, committed 7040K, reserved 1048576K
Event: 33.328 GC heap after
Heap after GC invocations=13 (full 2):
 PSYoungGen      total 851968K, used 15349K [0x000000076b400000, 0x00000007b0280000, 0x00000007c0000000)
  eden space 836608K, 0% used [0x000000076b400000,0x000000076b400000,0x000000079e500000)
  from space 15360K, 99% used [0x000000079e500000,0x000000079f3fd768,0x000000079f400000)
  to   space 29696K, 0% used [0x00000007ae580000,0x00000007ae580000,0x00000007b0280000)
 ParOldGen       total 127488K, used 57845K [0x00000006c1c00000, 0x00000006c9880000, 0x000000076b400000)
  object space 127488K, 45% used [0x00000006c1c00000,0x00000006c547d490,0x00000006c9880000)
 Metaspace       used 55502K, capacity 59044K, committed 59096K, reserved 1101824K
  class space    used 6496K, capacity 7028K, committed 7040K, reserved 1048576K
}
Event: 33.328 GC heap before
{Heap before GC invocations=14 (full 3):
 PSYoungGen      total 851968K, used 15349K [0x000000076b400000, 0x00000007b0280000, 0x00000007c0000000)
  eden space 836608K, 0% used [0x000000076b400000,0x000000076b400000,0x000000079e500000)
  from space 15360K, 99% used [0x000000079e500000,0x000000079f3fd768,0x000000079f400000)
  to   space 29696K, 0% used [0x00000007ae580000,0x00000007ae580000,0x00000007b0280000)
 ParOldGen       total 127488K, used 57845K [0x00000006c1c00000, 0x00000006c9880000, 0x000000076b400000)
  object space 127488K, 45% used [0x00000006c1c00000,0x00000006c547d490,0x00000006c9880000)
 Metaspace       used 55502K, capacity 59044K, committed 59096K, reserved 1101824K
  class space    used 6496K, capacity 7028K, committed 7040K, reserved 1048576K
Event: 33.652 GC heap after
Heap after GC invocations=14 (full 3):
 PSYoungGen      total 851968K, used 0K [0x000000076b400000, 0x00000007b0280000, 0x00000007c0000000)
  eden space 836608K, 0% used [0x000000076b400000,0x000000076b400000,0x000000079e500000)
  from space 15360K, 0% used [0x000000079e500000,0x000000079e500000,0x000000079f400000)
  to   space 29696K, 0% used [0x00000007ae580000,0x00000007ae580000,0x00000007b0280000)
 ParOldGen       total 203264K, used 65437K [0x00000006c1c00000, 0x00000006ce280000, 0x000000076b400000)
  object space 203264K, 32% used [0x00000006c1c00000,0x00000006c5be7460,0x00000006ce280000)
 Metaspace       used 55502K, capacity 59044K, committed 59096K, reserved 1101824K
  class space    used 6496K, capacity 7028K, committed 7040K, reserved 1048576K
}

Deoptimization events (10 events):
Event: 37.552 Thread 0x0000000020111800 Uncommon trap: reason=bimorphic action=maybe_recompile pc=0x0000000003729b78 method=java.awt.Component.getBackground()Ljava/awt/Color; @ 21
Event: 37.552 Thread 0x0000000020111800 Uncommon trap: reason=bimorphic action=maybe_recompile pc=0x0000000003729b78 method=java.awt.Component.getBackground()Ljava/awt/Color; @ 21
Event: 37.552 Thread 0x0000000020111800 Uncommon trap: reason=bimorphic action=maybe_recompile pc=0x0000000003729b78 method=java.awt.Component.getBackground()Ljava/awt/Color; @ 21
Event: 38.079 Thread 0x0000000020111800 Uncommon trap: reason=class_check action=maybe_recompile pc=0x0000000003aac610 method=java.awt.KeyboardFocusManager.clearMostRecentFocusOwner(Ljava/awt/Component;)V @ 56
Event: 38.079 Thread 0x0000000020111800 Uncommon trap: reason=unstable_if action=reinterpret pc=0x0000000003abd7f4 method=sun.awt.im.InputContext.removeNotify(Ljava/awt/Component;)V @ 16
Event: 38.098 Thread 0x0000000020111800 Uncommon trap: reason=bimorphic action=maybe_recompile pc=0x0000000003729b78 method=java.awt.Component.getBackground()Ljava/awt/Color; @ 21
Event: 38.111 Thread 0x0000000020111800 Uncommon trap: reason=class_check action=maybe_recompile pc=0x0000000003aac610 method=java.awt.KeyboardFocusManager.clearMostRecentFocusOwner(Ljava/awt/Component;)V @ 56
Event: 38.262 Thread 0x0000000020115000 Uncommon trap: reason=unstable_if action=reinterpret pc=0x0000000003dbde84 method=ir.i(Lll;I)V @ 18
Event: 38.266 Thread 0x0000000020115000 Uncommon trap: reason=unreached action=reinterpret pc=0x0000000003bafa28 method=ir.i(Lll;I)V @ 230
Event: 40.494 Thread 0x0000000020b19000 Uncommon trap: reason=unstable_if action=reinterpret pc=0x000000000333a9b8 method=java.util.concurrent.locks.ReentrantLock$Sync.nonfairTryAcquire(I)Z @ 19

Classes redefined (0 events):
No events

Internal exceptions (10 events):
Event: 17.889 Thread 0x0000000020115000 Implicit null exception at 0x0000000002b6bed1 to 0x0000000002b6c419
Event: 17.891 Thread 0x0000000020115000 Implicit null exception at 0x0000000002b27ecf to 0x0000000002b284f5
Event: 18.586 Thread 0x0000000020111800 Exception <a 'java/lang/NoSuchMethodError': java.lang.Object.inspectorAlwaysOnTop()Z> (0x0000000778c650d0) thrown at [C:\re\workspace\8-2-build-windows-amd64-cygwin\jdk8u201\12322\hotspot\src\share\vm\interpreter\linkResolver.cpp, line 620]
Event: 20.868 Thread 0x000000001f6c3800 Exception <a 'java/lang/NoSuchMethodError': java.lang.Object.lambda$comparingInt$7b0bb60$1(Ljava/util/function/ToIntFunction;Ljava/lang/Object;Ljava/lang/Object;)I> (0x00000007715b5f40) thrown at [C:\re\workspace\8-2-build-windows-amd64-cygwin\jdk8u201\12
Event: 21.216 Thread 0x0000000020111800 Implicit null exception at 0x0000000002a62f95 to 0x0000000002a63229
Event: 25.210 Thread 0x0000000026f8b000 Implicit null exception at 0x0000000003866718 to 0x00000000038670cd
Event: 26.546 Thread 0x0000000020115000 Implicit null exception at 0x0000000003485184 to 0x000000000348569b
Event: 32.777 Thread 0x0000000020111800 Implicit null exception at 0x00000000038e7cc2 to 0x00000000038e7f51
Event: 32.780 Thread 0x0000000020111800 Implicit null exception at 0x0000000003a6bbe2 to 0x0000000003a6d989
Event: 40.807 Thread 0x0000000020111800 Exception <a 'java/lang/NoSuchMethodError': java.lang.Object.inspectorAlwaysOnTop()Z> (0x0000000771c90438) thrown at [C:\re\workspace\8-2-build-windows-amd64-cygwin\jdk8u201\12322\hotspot\src\share\vm\interpreter\linkResolver.cpp, line 620]

Events (10 events):
Event: 41.084 loading class jogamp/opengl/egl/EGLDisplayUtil done
Event: 41.085 loading class com/jogamp/nativewindow/egl/EGLGraphicsDevice$EGLDisplayLifecycleCallback
Event: 41.085 loading class com/jogamp/nativewindow/egl/EGLGraphicsDevice$EGLDisplayLifecycleCallback done
Event: 41.087 loading class jogamp/opengl/egl/EGLDisplayUtil$1
Event: 41.087 loading class jogamp/opengl/egl/EGLDisplayUtil$1 done
Event: 41.088 Executing VM operation: RevokeBias
Event: 41.088 Executing VM operation: RevokeBias done
Event: 41.088 Executing VM operation: RevokeBias
Event: 41.088 Executing VM operation: RevokeBias done
Event: 41.089 Thread 0x000000001f3bb800 Thread exited: 0x000000001f3bb800


Dynamic libraries:
0x00007ff674c20000 - 0x00007ff674c57000 	C:\Program Files\Java\jdk1.8.0_201\bin\java.exe
0x00007ffe8cb00000 - 0x00007ffe8cce1000 	C:\WINDOWS\SYSTEM32\ntdll.dll
0x00007ffe8c120000 - 0x00007ffe8c1d2000 	C:\WINDOWS\System32\KERNEL32.DLL
0x00007ffe88f20000 - 0x00007ffe89193000 	C:\WINDOWS\System32\KERNELBASE.dll
0x00007ffe8bfa0000 - 0x00007ffe8c041000 	C:\WINDOWS\System32\ADVAPI32.dll
0x00007ffe8a530000 - 0x00007ffe8a5ce000 	C:\WINDOWS\System32\msvcrt.dll
0x00007ffe8c350000 - 0x00007ffe8c3ab000 	C:\WINDOWS\System32\sechost.dll
0x00007ffe8a600000 - 0x00007ffe8a724000 	C:\WINDOWS\System32\RPCRT4.dll
0x00007ffe8c940000 - 0x00007ffe8cad0000 	C:\WINDOWS\System32\USER32.dll
0x00007ffe89af0000 - 0x00007ffe89b10000 	C:\WINDOWS\System32\win32u.dll
0x00007ffe8c890000 - 0x00007ffe8c8b8000 	C:\WINDOWS\System32\GDI32.dll
0x00007ffe89950000 - 0x00007ffe89ae2000 	C:\WINDOWS\System32\gdi32full.dll
0x00007ffe898b0000 - 0x00007ffe8994f000 	C:\WINDOWS\System32\msvcp_win.dll
0x00007ffe89d00000 - 0x00007ffe89dfa000 	C:\WINDOWS\System32\ucrtbase.dll
0x00007ffe796c0000 - 0x00007ffe79929000 	C:\WINDOWS\WinSxS\amd64_microsoft.windows.common-controls_6595b64144ccf1df_6.0.17134.590_none_fb3d9bff3069e088\COMCTL32.dll
0x00007ffe89f90000 - 0x00007ffe8a2b2000 	C:\WINDOWS\System32\combase.dll
0x00007ffe89e00000 - 0x00007ffe89e7a000 	C:\WINDOWS\System32\bcryptPrimitives.dll
0x00007ffe8a5d0000 - 0x00007ffe8a5fd000 	C:\WINDOWS\System32\IMM32.DLL
0x0000000067800000 - 0x00000000678d1000 	C:\Program Files\Java\jdk1.8.0_201\jre\bin\msvcr100.dll
0x0000000066f50000 - 0x00000000677f4000 	C:\Program Files\Java\jdk1.8.0_201\jre\bin\server\jvm.dll
0x00007ffe8c1e0000 - 0x00007ffe8c1e8000 	C:\WINDOWS\System32\PSAPI.DLL
0x00007ffe764f0000 - 0x00007ffe764f9000 	C:\WINDOWS\SYSTEM32\WSOCK32.dll
0x00007ffe84b60000 - 0x00007ffe84b83000 	C:\WINDOWS\SYSTEM32\WINMM.dll
0x00007ffe83540000 - 0x00007ffe8354a000 	C:\WINDOWS\SYSTEM32\VERSION.dll
0x00007ffe8c0b0000 - 0x00007ffe8c11c000 	C:\WINDOWS\System32\WS2_32.dll
0x00007ffe84b10000 - 0x00007ffe84b3a000 	C:\WINDOWS\SYSTEM32\WINMMBASE.dll
0x00007ffe88ed0000 - 0x00007ffe88f19000 	C:\WINDOWS\System32\cfgmgr32.dll
0x00007ffe7a420000 - 0x00007ffe7a42f000 	C:\Program Files\Java\jdk1.8.0_201\jre\bin\verify.dll
0x00007ffe79c30000 - 0x00007ffe79c59000 	C:\Program Files\Java\jdk1.8.0_201\jre\bin\java.dll
0x00007ffe71d60000 - 0x00007ffe71d83000 	C:\Program Files\Java\jdk1.8.0_201\jre\bin\instrument.dll
0x00007ffe79ae0000 - 0x00007ffe79af6000 	C:\Program Files\Java\jdk1.8.0_201\jre\bin\zip.dll
0x00007ffe8ab60000 - 0x00007ffe8bfa0000 	C:\WINDOWS\System32\SHELL32.dll
0x00007ffe8a7d0000 - 0x00007ffe8a879000 	C:\WINDOWS\System32\shcore.dll
0x00007ffe891a0000 - 0x00007ffe898ad000 	C:\WINDOWS\System32\windows.storage.dll
0x00007ffe8c3b0000 - 0x00007ffe8c401000 	C:\WINDOWS\System32\shlwapi.dll
0x00007ffe88eb0000 - 0x00007ffe88ec1000 	C:\WINDOWS\System32\kernel.appcore.dll
0x00007ffe88e40000 - 0x00007ffe88e5f000 	C:\WINDOWS\System32\profapi.dll
0x00007ffe88e60000 - 0x00007ffe88eac000 	C:\WINDOWS\System32\powrprof.dll
0x00007ffe88e10000 - 0x00007ffe88e1a000 	C:\WINDOWS\System32\FLTLIB.DLL
0x00007ffe712e0000 - 0x00007ffe712fa000 	C:\Program Files\JetBrains\IntelliJ IDEA Community Edition 2018.3.3\bin\breakgen64.dll
0x00007ffe78ee0000 - 0x00007ffe78efa000 	C:\Program Files\Java\jdk1.8.0_201\jre\bin\net.dll
0x00007ffe7b1f0000 - 0x00007ffe7b3b9000 	C:\WINDOWS\SYSTEM32\urlmon.dll
0x00007ffe79410000 - 0x00007ffe796b5000 	C:\WINDOWS\SYSTEM32\iertutil.dll
0x00007ffe88840000 - 0x00007ffe8884b000 	C:\WINDOWS\SYSTEM32\CRYPTBASE.DLL
0x00007ffe88690000 - 0x00007ffe886f6000 	C:\WINDOWS\system32\mswsock.dll
0x00007ffe70e80000 - 0x00007ffe70ea4000 	C:\Program Files\Java\jdk1.8.0_201\jre\bin\sunec.dll
0x00007ffe88410000 - 0x00007ffe88448000 	C:\WINDOWS\SYSTEM32\IPHLPAPI.DLL
0x00007ffe8a880000 - 0x00007ffe8a888000 	C:\WINDOWS\System32\NSI.dll
0x00007ffe810a0000 - 0x00007ffe810b6000 	C:\WINDOWS\SYSTEM32\dhcpcsvc6.DLL
0x00007ffe81260000 - 0x00007ffe8127a000 	C:\WINDOWS\SYSTEM32\dhcpcsvc.DLL
0x00007ffe76850000 - 0x00007ffe76861000 	C:\Program Files\Java\jdk1.8.0_201\jre\bin\nio.dll
0x00007ffe88850000 - 0x00007ffe88867000 	C:\WINDOWS\SYSTEM32\CRYPTSP.dll
0x00007ffe88270000 - 0x00007ffe882a3000 	C:\WINDOWS\system32\rsaenh.dll
0x00007ffe88970000 - 0x00007ffe88995000 	C:\WINDOWS\SYSTEM32\bcrypt.dll
0x00007ffe88d10000 - 0x00007ffe88d38000 	C:\WINDOWS\SYSTEM32\USERENV.dll
0x00007ffe70b40000 - 0x00007ffe70b82000 	C:\Users\asus\AppData\Local\Temp\jna-3003984\jna8491207364276481129.dll
0x00007ffe6f120000 - 0x00007ffe6f1bc000 	C:\Users\asus\AppData\Local\Temp\jna-3003984\jna9020713261814493780.dll
0x00007ffe88450000 - 0x00007ffe8850e000 	C:\WINDOWS\SYSTEM32\DNSAPI.dll
0x00007ffe7c910000 - 0x00007ffe7c91a000 	C:\Windows\System32\rasadhlp.dll
0x00007ffe7cf10000 - 0x00007ffe7cf82000 	C:\WINDOWS\System32\fwpuclnt.dll
0x00007ffe66880000 - 0x00007ffe66a19000 	C:\Program Files\Java\jdk1.8.0_201\jre\bin\awt.dll
0x00007ffe8a2c0000 - 0x00007ffe8a383000 	C:\WINDOWS\System32\OLEAUT32.dll
0x00007ffe86450000 - 0x00007ffe864db000 	C:\WINDOWS\SYSTEM32\apphelp.dll
0x00007ffe86580000 - 0x00007ffe86618000 	C:\WINDOWS\system32\uxtheme.dll
0x00007ffe8a8f0000 - 0x00007ffe8aa63000 	C:\WINDOWS\System32\MSCTF.dll
0x00007ffe86fe0000 - 0x00007ffe87009000 	C:\WINDOWS\system32\dwmapi.dll
0x00007ffe8c1f0000 - 0x00007ffe8c341000 	C:\WINDOWS\System32\ole32.dll
0x00007ffe77220000 - 0x00007ffe7722b000 	C:\Program Files\Java\jdk1.8.0_201\jre\bin\sunmscapi.dll
0x00007ffe89b10000 - 0x00007ffe89cf2000 	C:\WINDOWS\System32\CRYPT32.dll
0x00007ffe88e20000 - 0x00007ffe88e32000 	C:\WINDOWS\System32\MSASN1.dll
0x00007ffe703f0000 - 0x00007ffe70437000 	C:\Program Files\Java\jdk1.8.0_201\jre\bin\fontmanager.dll
0x00007ffe6eaa0000 - 0x00007ffe6eb42000 	C:\Program Files\Java\jdk1.8.0_201\jre\bin\mlib_image.dll
0x00007ffe773d0000 - 0x00007ffe774f0000 	C:\WINDOWS\system32\opengl32.dll
0x00007ffe82690000 - 0x00007ffe826bc000 	C:\WINDOWS\SYSTEM32\GLU32.dll
0x00007ffe70e50000 - 0x00007ffe70e7a000 	C:\Program Files\Java\jdk1.8.0_201\jre\bin\dcpr.dll
0x00007ffe6f200000 - 0x00007ffe6f242000 	C:\Program Files\Java\jdk1.8.0_201\jre\bin\t2k.dll
0x00007ffe8a730000 - 0x00007ffe8a7d0000 	C:\WINDOWS\System32\clbcatq.dll
0x00007ffe83780000 - 0x00007ffe8392e000 	C:\WINDOWS\SYSTEM32\WindowsCodecs.dll
0x00007ffe6cbe0000 - 0x00007ffe6cc38000 	C:\WINDOWS\system32\dataexchange.dll
0x00007ffe85490000 - 0x00007ffe8579b000 	C:\WINDOWS\system32\d3d11.dll
0x00007ffe85d70000 - 0x00007ffe85f0c000 	C:\WINDOWS\system32\dcomp.dll
0x00007ffe87bd0000 - 0x00007ffe87c8b000 	C:\WINDOWS\system32\dxgi.dll
0x00007ffe870f0000 - 0x00007ffe872a8000 	C:\WINDOWS\system32\twinapi.appcore.dll
0x00007ffe870c0000 - 0x00007ffe870e9000 	C:\WINDOWS\system32\RMCLIENT.dll
0x00007ffe81420000 - 0x00007ffe814c8000 	C:\WINDOWS\SYSTEM32\mscms.dll
0x00007ffe84c50000 - 0x00007ffe84c60000 	C:\WINDOWS\SYSTEM32\ColorAdapterClient.dll
0x00007ffe6f0d0000 - 0x00007ffe6f113000 	C:\WINDOWS\SYSTEM32\icm32.dll
0x00007ffe77be0000 - 0x00007ffe77c76000 	C:\WINDOWS\System32\TextInputFramework.dll
0x00007ffe83210000 - 0x00007ffe8352e000 	C:\WINDOWS\System32\CoreUIComponents.dll
0x00007ffe86250000 - 0x00007ffe8632a000 	C:\WINDOWS\System32\CoreMessaging.dll
0x00007ffe87f00000 - 0x00007ffe87f31000 	C:\WINDOWS\SYSTEM32\ntmarta.dll
0x00007ffe844a0000 - 0x00007ffe845ed000 	C:\WINDOWS\SYSTEM32\wintypes.dll
0x00007ffe7d540000 - 0x00007ffe7d5ab000 	C:\WINDOWS\system32\Oleacc.dll
0x00000000637c0000 - 0x00000000637cd000 	C:\Users\asus\AppData\Local\Temp\jogamp_0000\file_cache\jln7678989082432959179\jln5189753544495361017\natives\windows-amd64\gluegen-rt.dll
0x00007ffe770b0000 - 0x00007ffe770b7000 	C:\Program Files\Java\jdk1.8.0_201\jre\bin\jawt.dll
0x000000006a440000 - 0x000000006a44d000 	C:\Users\asus\AppData\Local\Temp\jogamp_0000\file_cache\jln7678989082432959179\jln5189753544495361017\natives\windows-amd64\nativewindow_awt.dll
0x000000006c100000 - 0x000000006c10f000 	C:\Users\asus\AppData\Local\Temp\jogamp_0000\file_cache\jln7678989082432959179\jln5189753544495361017\natives\windows-amd64\nativewindow_win32.dll
0x0000000064500000 - 0x00000000645b1000 	C:\Users\asus\AppData\Local\Temp\jogamp_0000\file_cache\jln7678989082432959179\jln5189753544495361017\natives\windows-amd64\jogl_desktop.dll
0x0000000064340000 - 0x00000000643a2000 	C:\Users\asus\AppData\Local\Temp\jogamp_0000\file_cache\jln7678989082432959179\jln5189753544495361017\natives\windows-amd64\jogl_mobile.dll
0x00007ffe3df10000 - 0x00007ffe3edfe000 	C:\WINDOWS\System32\DriverStore\FileRepository\igdlh64.inf_amd64_31ba00ea6900d67d\ig9icd64.dll
0x00007ffe7d7e0000 - 0x00007ffe7f6e1000 	C:\WINDOWS\System32\DriverStore\FileRepository\igdlh64.inf_amd64_31ba00ea6900d67d\igc64.dll
0x00007ffe81820000 - 0x00007ffe8182b000 	C:\WINDOWS\SYSTEM32\WINNSI.DLL
0x00007ffe6e660000 - 0x00007ffe6e691000 	C:\Program Files\Java\jdk1.8.0_201\jre\bin\jpeg.dll
0x00007ffe6e620000 - 0x00007ffe6e65e000 	C:\Program Files\Java\jdk1.8.0_201\jre\bin\lcms.dll
0x00007ffe79ab0000 - 0x00007ffe79abd000 	C:\Program Files\Java\jdk1.8.0_201\jre\bin\management.dll
0x00007ffe77020000 - 0x00007ffe7702c000 	C:\Program Files\Java\jdk1.8.0_201\jre\bin\jsound.dll
0x00007ffe76a00000 - 0x00007ffe76a0b000 	C:\Program Files\Java\jdk1.8.0_201\jre\bin\jsoundds.dll
0x00007ffe6a0e0000 - 0x00007ffe6a16f000 	C:\WINDOWS\SYSTEM32\DSOUND.dll
0x00007ffe81170000 - 0x00007ffe811e6000 	C:\WINDOWS\SYSTEM32\MMDevAPI.DLL
0x00007ffe88c20000 - 0x00007ffe88c47000 	C:\WINDOWS\SYSTEM32\DEVOBJ.dll
0x00007ffe86a00000 - 0x00007ffe86bb4000 	C:\WINDOWS\SYSTEM32\PROPSYS.dll
0x00007ffe4f800000 - 0x00007ffe4f844000 	C:\WINDOWS\SYSTEM32\wdmaud.drv
0x00007ffe83b00000 - 0x00007ffe83b0a000 	C:\WINDOWS\SYSTEM32\AVRT.dll
0x00007ffe82da0000 - 0x00007ffe82da9000 	C:\WINDOWS\SYSTEM32\ksuser.dll
0x00007ffe73130000 - 0x00007ffe7325c000 	C:\WINDOWS\SYSTEM32\AUDIOSES.DLL
0x00007ffe79a20000 - 0x00007ffe79a2d000 	C:\WINDOWS\SYSTEM32\msacm32.drv
0x00007ffe70be0000 - 0x00007ffe70bfc000 	C:\WINDOWS\SYSTEM32\MSACM32.dll
0x00007ffe78ff0000 - 0x00007ffe78ffa000 	C:\WINDOWS\SYSTEM32\midimap.dll
0x00007ffe87810000 - 0x00007ffe879d9000 	C:\WINDOWS\SYSTEM32\dbghelp.dll

VM Arguments:
jvm_args: -ea -javaagent:C:\Program Files\JetBrains\IntelliJ IDEA Community Edition 2018.3.3\lib\idea_rt.jar=56766:C:\Program Files\JetBrains\IntelliJ IDEA Community Edition 2018.3.3\bin -Dfile.encoding=UTF-8 
java_command: net.runelite.client.RuneLite --debug --developer-mode
java_class_path (initial): C:\Program Files\Java\jdk1.8.0_201\jre\lib\charsets.jar;C:\Program Files\Java\jdk1.8.0_201\jre\lib\deploy.jar;C:\Program Files\Java\jdk1.8.0_201\jre\lib\ext\access-bridge-64.jar;C:\Program Files\Java\jdk1.8.0_201\jre\lib\ext\cldrdata.jar;C:\Program Files\Java\jdk1.8.0_201\jre\lib\ext\dnsns.jar;C:\Program Files\Java\jdk1.8.0_201\jre\lib\ext\jaccess.jar;C:\Program Files\Java\jdk1.8.0_201\jre\lib\ext\jfxrt.jar;C:\Program Files\Java\jdk1.8.0_201\jre\lib\ext\localedata.jar;C:\Program Files\Java\jdk1.8.0_201\jre\lib\ext\nashorn.jar;C:\Program Files\Java\jdk1.8.0_201\jre\lib\ext\sunec.jar;C:\Program Files\Java\jdk1.8.0_201\jre\lib\ext\sunjce_provider.jar;C:\Program Files\Java\jdk1.8.0_201\jre\lib\ext\sunmscapi.jar;C:\Program Files\Java\jdk1.8.0_201\jre\lib\ext\sunpkcs11.jar;C:\Program Files\Java\jdk1.8.0_201\jre\lib\ext\zipfs.jar;C:\Program Files\Java\jdk1.8.0_201\jre\lib\javaws.jar;C:\Program Files\Java\jdk1.8.0_201\jre\lib\jce.jar;C:\Program Files\Java\jdk1.8.0_201\jre\lib\jfr.jar;C:\Program Files\Java\jdk1.8.0_201\jre\lib\jfxswt.jar;C:\Program Files\Java\jdk1.8.0_201\jre\lib\jsse.jar;C:\Program Files\Java\jdk1.8.0_201\jre\lib\management-agent.jar;C:\Program Files\Java\jdk1.8.0_201\jre\lib\plugin.jar;C:\Program Files\Java\jdk1.8.0_201\jre\lib\resources.jar;C:\Program Files\Java\jdk1.8.0_201\jre\lib\rt.jar;C:\Users\asus\runelite\runelite-client\target\classes;C:\Users\asus\.m2\repository\org\slf4j\slf4j-api\1.7.25\slf4j-api-1.7.25.jar;C:\Users\asus\.m2\repository\ch\qos\logback\logback-classic\1.2.3\logback-classic-1.2.3.jar;C:\Users\asus\.m2\repository\ch\qos\logback\logback-core\1.2.3\logback-core-1.2.3.jar;C:\Users\asus\.m2\repository\net\sf\jopt-simple\jopt-simple\5.0.1\jopt-simple-5.0.1.jar;C:\Users\asus\.m2\repository\com\google\guava\guava\23.2-jre\guava-23.2-jre.jar;C:\Users\asus\.m2\repository\com\google\code\findbugs\jsr305\1.3.9\jsr305-1.3.9.jar;C:\Users\asus\.m2\repository\com\google\errorprone\error_prone_annotations\2.0.18\error_
Launcher Type: SUN_STANDARD

Environment Variables:
PATH=C:\Program Files (x86)\Common Files\Oracle\Java\javapath;C:\Program Files (x86)\Intel\iCLS Client\;C:\Program Files\Intel\iCLS Client\;C:\Windows\system32;C:\Windows;C:\Windows\System32\Wbem;C:\Windows\System32\WindowsPowerShell\v1.0\;C:\Program Files (x86)\NVIDIA Corporation\PhysX\Common;C:\Program Files (x86)\Intel\Intel(R) Management Engine Components\DAL;C:\Program Files\Intel\Intel(R) Management Engine Components\DAL;C:\Program Files (x86)\Intel\Intel(R) Management Engine Components\IPT;C:\Program Files\Intel\Intel(R) Management Engine Components\IPT;C:\WINDOWS\system32;C:\WINDOWS;C:\WINDOWS\System32\Wbem;C:\WINDOWS\System32\WindowsPowerShell\v1.0\;C:\WINDOWS\System32\OpenSSH\;C:\Documents\PuTTY\;C:\Program Files\Intel\WiFi\bin\;C:\Program Files\Common Files\Intel\WirelessCommon\;C:\cygwin\bin;C:\Program Files\Git\cmd;C:\Users\asus\AppData\Local\Microsoft\WindowsApps;C:\Users\asus\AppData\Local\GitHubDesktop\bin
USERNAME=asus
OS=Windows_NT
PROCESSOR_IDENTIFIER=Intel64 Family 6 Model 158 Stepping 9, GenuineIntel



---------------  S Y S T E M  ---------------

OS: Windows 10.0 , 64 bit Build 17134 (10.0.17134.556)

CPU:total 8 (initial active 8) (4 cores per cpu, 2 threads per core) family 6 model 158 stepping 9, cmov, cx8, fxsr, mmx, sse, sse2, sse3, ssse3, sse4.1, sse4.2, popcnt, avx, avx2, aes, clmul, erms, 3dnowpref, lzcnt, ht, tsc, tscinvbit, bmi1, bmi2, adx

Memory: 4k page, physical 16659216k(7918808k free), swap 19149584k(5316136k free)

vm_info: Java HotSpot(TM) 64-Bit Server VM (25.201-b09) for windows-amd64 JRE (1.8.0_201-b09), built on Dec 15 2018 18:36:39 by "java_re" with MS VC++ 10.0 (VS2010)

time: Mon Mar 11 20:08:24 2019
timezone: Eastern Daylight Time
elapsed time: 41 seconds (0d 0h 0m 41s)

