#
# A fatal error has been detected by the Java Runtime Environment:
#
#  EXCEPTION_ACCESS_VIOLATION (0xc0000005) at pc=0x00007ffe175f0e0e, pid=7488, tid=0x0000000000001c8c
#
# JRE version: Java(TM) SE Runtime Environment (8.0_201-b09) (build 1.8.0_201-b09)
# Java VM: Java HotSpot(TM) 64-Bit Server VM (25.201-b09 mixed mode windows-amd64 compressed oops)
# Problematic frame:
# C  [ig9icd64.dll+0x190e0e]
#
# Failed to write core dump. Minidumps are not enabled by default on client versions of Windows
#
# If you would like to submit a bug report, please visit:
#   http://bugreport.java.com/bugreport/crash.jsp
# The crash happened outside the Java Virtual Machine in native code.
# See problematic frame for where to report the bug.
#

---------------  T H R E A D  ---------------

Current thread (0x0000000020f5a000):  JavaThread "Thread-5" daemon [_thread_in_native, id=7308, stack(0x0000000028490000,0x0000000028590000)]

siginfo: ExceptionCode=0xc0000005, reading address 0x0000000000000008

Registers:
RAX=0x0000000000000000, RBX=0x00007ffe17949290, RCX=0x000000002bf45e60, RDX=0x0000000034a3b080
RSP=0x000000002858dd00, RBP=0x000000002858df70, RSI=0x000000002858df30, RDI=0x0000000000000000
R8 =0x0000000009770000, R9 =0x0000000000000000, R10=0x000000002858e0b0, R11=0x000000002858de98
R12=0x0000000000000007, R13=0x0000000000000000, R14=0x000000002858e200, R15=0x000000002858dfb0
RIP=0x00007ffe175f0e0e, EFLAGS=0x0000000000010246

Top of Stack: (sp=0x000000002858dd00)
0x000000002858dd00:   00000000350b4b40 0000000034a3b080
0x000000002858dd10:   00000000014975d0 000000002858de28
0x000000002858dd20:   0000000000000000 000000002858df70
0x000000002858dd30:   000000002858dd60 000000002858dda0
0x000000002858dd40:   000000002858dde8 000000002858dd70
0x000000002858dd50:   000000002858de08 000000002858dd80
0x000000002858dd60:   000000002858df00 000000002858de60
0x000000002858dd70:   0000000000001188 00000000351ce250
0x000000002858dd80:   0000000038e1f0f0 0000000038e1f0f0
0x000000002858dd90:   00000000351cdf70 00007ffe17d7165c
0x000000002858dda0:   0000000038e20590 0000000035561a40
0x000000002858ddb0:   0000000038e1f0f0 0000000023b5dcf0
0x000000002858ddc0:   000000002858dfb0 000000002858e0b0
0x000000002858ddd0:   0000000035568c50 0000000035568c50
0x000000002858dde0:   0000000000000000 0000000035561a40
0x000000002858ddf0:   000000002858de49 00007ffe174a66d6 

Instructions: (pc=0x00007ffe175f0e0e)
0x00007ffe175f0dee:   48 85 c9 74 06 48 8b 41 20 eb 15 48 8b 80 98 00
0x00007ffe175f0dfe:   00 00 48 85 c0 74 06 48 8b 40 20 eb 03 48 8b c7
0x00007ffe175f0e0e:   48 8b 48 08 48 85 c9 74 54 81 79 14 5d 01 00 00
0x00007ffe175f0e1e:   75 4b 81 26 ff ff 97 f6 81 0e 00 00 94 06 8b 81 


Register to memory mapping:

RAX=0x0000000000000000 is an unknown value
RBX=0x00007ffe17949290 is an unknown value
RCX=0x000000002bf45e60 is an unknown value
RDX=0x0000000034a3b080 is an unknown value
RSP=0x000000002858dd00 is pointing into the stack for thread: 0x0000000020f5a000
RBP=0x000000002858df70 is pointing into the stack for thread: 0x0000000020f5a000
RSI=0x000000002858df30 is pointing into the stack for thread: 0x0000000020f5a000
RDI=0x0000000000000000 is an unknown value
R8 =0x0000000009770000 is an unknown value
R9 =0x0000000000000000 is an unknown value
R10=0x000000002858e0b0 is pointing into the stack for thread: 0x0000000020f5a000
R11=0x000000002858de98 is pointing into the stack for thread: 0x0000000020f5a000
R12=0x0000000000000007 is an unknown value
R13=0x0000000000000000 is an unknown value
R14=0x000000002858e200 is pointing into the stack for thread: 0x0000000020f5a000
R15=0x000000002858dfb0 is pointing into the stack for thread: 0x0000000020f5a000


Stack: [0x0000000028490000,0x0000000028590000],  sp=0x000000002858dd00,  free space=1015k
Native frames: (J=compiled Java code, j=interpreted, Vv=VM code, C=native code)
C  [ig9icd64.dll+0x190e0e]
C  [ig9icd64.dll+0x4a0cbd]
C  [ig9icd64.dll+0x4a4d27]
C  [ig9icd64.dll+0x398298]
C  [ig9icd64.dll+0x353cc5]
C  [ig9icd64.dll+0x152415]
C  [ig9icd64.dll+0x143304]
C  [ig9icd64.dll+0x13ff36]
C  0x0000000004a25bd7

Java frames: (J=compiled Java code, j=interpreted, Vv=VM code)
J 7581  jogamp.opengl.gl4.GL4bcImpl.dispatch_glTexSubImage2D1(IIIIIIIILjava/lang/Object;IZJ)V (0 bytes) @ 0x0000000004a25b59 [0x0000000004a25ac0+0x99]
J 13646 C2 net.runelite.client.plugins.gpu.GpuPlugin.drawUi(II)V (561 bytes) @ 0x00000000055cea0c [0x00000000055ce540+0x4cc]
J 13953 C2 net.runelite.client.plugins.gpu.GpuPlugin.draw()V (2777 bytes) @ 0x000000000640092c [0x00000000063fdf60+0x29cc]
J 12657 C2 ah.p(Ljava/lang/Object;I)V (136 bytes) @ 0x00000000043bc630 [0x00000000043bc5c0+0x70]
J 14445% C1 ah.run()V (441 bytes) @ 0x0000000005f7952c [0x0000000005f77120+0x240c]
j  java.lang.Thread.run()V+11
v  ~StubRoutines::call_stub

---------------  P R O C E S S  ---------------

Java Threads: ( => current thread )
  0x0000000020f5a800 JavaThread "Okio Watchdog" daemon [_thread_blocked, id=19680, stack(0x0000000054970000,0x0000000054a70000)]
  0x00000000218c9000 JavaThread "Thread-23" daemon [_thread_blocked, id=12680, stack(0x0000000051c40000,0x0000000051d40000)]
  0x00000000218c0000 JavaThread "Thread-22" daemon [_thread_in_native, id=18148, stack(0x0000000051b40000,0x0000000051c40000)]
  0x00000000218c1000 JavaThread "OkHttp ConnectionPool" daemon [_thread_blocked, id=3308, stack(0x000000004f8e0000,0x000000004f9e0000)]
  0x00000000218cc000 JavaThread "Thread-17" daemon [_thread_blocked, id=20144, stack(0x000000003b380000,0x000000003b480000)]
  0x00000000218cb800 JavaThread "pool-5-thread-1" [_thread_blocked, id=20404, stack(0x000000003b080000,0x000000003b180000)]
  0x00000000218ca800 JavaThread "Java Sound Event Dispatcher" daemon [_thread_blocked, id=13044, stack(0x000000003ac80000,0x000000003ad80000)]
  0x00000000218c8800 JavaThread "DestroyJavaVM" [_thread_blocked, id=15700, stack(0x0000000003010000,0x0000000003110000)]
  0x00000000218c5800 JavaThread "TimerQueue" daemon [_thread_blocked, id=17248, stack(0x000000002ae60000,0x000000002af60000)]
  0x00000000218c3000 JavaThread "pool-4-thread-1" [_thread_blocked, id=20160, stack(0x0000000029990000,0x0000000029a90000)]
  0x00000000218bf800 JavaThread "Thread-12" daemon [_thread_blocked, id=3008, stack(0x0000000029790000,0x0000000029890000)]
  0x00000000218be000 JavaThread "Trident pulse source thread" daemon [_thread_blocked, id=1396, stack(0x0000000028a90000,0x0000000028b90000)]
  0x00000000218c4800 JavaThread "Trident callback thread" daemon [_thread_blocked, id=17060, stack(0x0000000028990000,0x0000000028a90000)]
  0x00000000218c4000 JavaThread "Substance heap status" daemon [_thread_blocked, id=18704, stack(0x0000000028690000,0x0000000028790000)]
  0x00000000218c1800 JavaThread "Thread-6" daemon [_thread_blocked, id=14852, stack(0x0000000028590000,0x0000000028690000)]
=>0x0000000020f5a000 JavaThread "Thread-5" daemon [_thread_in_native, id=7308, stack(0x0000000028490000,0x0000000028590000)]
  0x0000000020f59000 JavaThread "Thread-4" daemon [_thread_blocked, id=19932, stack(0x0000000028390000,0x0000000028490000)]
  0x0000000020f57800 JavaThread "AWT-EventQueue-0" [_thread_blocked, id=19228, stack(0x0000000026ae0000,0x0000000026be0000)]
  0x0000000020f5c000 JavaThread "AWT-Shutdown" [_thread_blocked, id=6232, stack(0x00000000269e0000,0x0000000026ae0000)]
  0x0000000020f57000 JavaThread "Java2D Disposer" daemon [_thread_blocked, id=19596, stack(0x0000000023890000,0x0000000023990000)]
  0x0000000020f47000 JavaThread "pool-2-thread-1" [_thread_blocked, id=2228, stack(0x0000000021dc0000,0x0000000021ec0000)]
  0x000000001ee7a800 JavaThread "Service Thread" daemon [_thread_blocked, id=3976, stack(0x000000001f970000,0x000000001fa70000)]
  0x000000001eddc000 JavaThread "C1 CompilerThread3" daemon [_thread_blocked, id=19536, stack(0x000000001f870000,0x000000001f970000)]
  0x000000001edd3000 JavaThread "C2 CompilerThread2" daemon [_thread_blocked, id=8232, stack(0x000000001f770000,0x000000001f870000)]
  0x000000001edcc800 JavaThread "C2 CompilerThread1" daemon [_thread_blocked, id=16676, stack(0x000000001f670000,0x000000001f770000)]
  0x000000001edcb800 JavaThread "C2 CompilerThread0" daemon [_thread_blocked, id=6972, stack(0x000000001f570000,0x000000001f670000)]
  0x000000001ed60000 JavaThread "Monitor Ctrl-Break" daemon [_thread_in_native, id=17812, stack(0x000000001f470000,0x000000001f570000)]
  0x000000001ebb5800 JavaThread "Attach Listener" daemon [_thread_blocked, id=16584, stack(0x000000001f370000,0x000000001f470000)]
  0x000000001ebb4800 JavaThread "Signal Dispatcher" daemon [_thread_blocked, id=18196, stack(0x000000001f270000,0x000000001f370000)]
  0x000000000337a000 JavaThread "Finalizer" daemon [_thread_blocked, id=2484, stack(0x000000001f080000,0x000000001f180000)]
  0x000000001eba0800 JavaThread "Reference Handler" daemon [_thread_blocked, id=9336, stack(0x000000001ef80000,0x000000001f080000)]

Other Threads:
  0x000000001cd99000 VMThread [stack: 0x000000001ea80000,0x000000001eb80000] [id=20420]
  0x000000001ef06800 WatcherThread [stack: 0x000000001fa70000,0x000000001fb70000] [id=12604]

VM state:not at safepoint (normal execution)

VM Mutex/Monitor currently owned by a thread: None

heap address: 0x00000006c1c00000, size: 4068 MB, Compressed Oops mode: Zero based, Oop shift amount: 3
Narrow klass base: 0x0000000000000000, Narrow klass shift: 3
Compressed class space size: 1073741824 Address: 0x00000007c0000000

Heap:
 PSYoungGen      total 1251840K, used 1085675K [0x000000076b400000, 0x00000007bf800000, 0x00000007c0000000)
  eden space 1219584K, 86% used [0x000000076b400000,0x00000007ab8d06b8,0x00000007b5b00000)
  from space 32256K, 99% used [0x00000007b5b00000,0x00000007b7a6a910,0x00000007b7a80000)
  to   space 80384K, 0% used [0x00000007ba980000,0x00000007ba980000,0x00000007bf800000)
 ParOldGen       total 263168K, used 82523K [0x00000006c1c00000, 0x00000006d1d00000, 0x000000076b400000)
  object space 263168K, 31% used [0x00000006c1c00000,0x00000006c6c96de8,0x00000006d1d00000)
 Metaspace       used 61062K, capacity 64776K, committed 65064K, reserved 1107968K
  class space    used 6760K, capacity 7340K, committed 7464K, reserved 1048576K

Card table byte_map: [0x0000000012740000,0x0000000012f40000] byte_map_base: 0x000000000f132000

Marking Bits: (ParMarkBitMap*) 0x0000000067854ce0
 Begin Bits: [0x0000000013c90000, 0x0000000017c20000)
 End Bits:   [0x0000000017c20000, 0x000000001bbb0000)

Polling page: 0x00000000015e0000

CodeCache: size=245760Kb used=52098Kb max_used=52308Kb free=193661Kb
 bounds [0x0000000003380000, 0x0000000006720000, 0x0000000012380000]
 total_blobs=11895 nmethods=10759 adapters=1045
 compilation: enabled

Compilation events (10 events):
Event: 828.378 Thread 0x000000001eddc000 14620       1       okhttp3.Response::headers (5 bytes)
Event: 828.378 Thread 0x000000001eddc000 nmethod 14620 0x00000000062a4190 code [0x00000000062a42e0, 0x00000000062a43f0]
Event: 828.380 Thread 0x000000001eddc000 14621       3       java.util.concurrent.CopyOnWriteArrayList::contains (22 bytes)
Event: 828.380 Thread 0x000000001eddc000 nmethod 14621 0x00000000062bb5d0 code [0x00000000062bb740, 0x00000000062bb9c8]
Event: 828.390 Thread 0x000000001eddc000 14622       3       java.lang.StringBuilder::append (8 bytes)
Event: 828.392 Thread 0x000000001eddc000 nmethod 14622 0x0000000005430dd0 code [0x0000000005430f40, 0x00000000054310c8]
Event: 828.392 Thread 0x000000001edcb800 14624       4       java.lang.StringBuilder::append (9 bytes)
Event: 828.394 Thread 0x000000001eddc000 14623       3       java.lang.AbstractStringBuilder::append (191 bytes)
Event: 828.396 Thread 0x000000001eddc000 nmethod 14623 0x0000000005ae7c90 code [0x0000000005ae7e80, 0x0000000005ae88b8]
Event: 828.401 Thread 0x000000001edcb800 nmethod 14624 0x00000000034f7a10 code [0x00000000034f7b80, 0x00000000034f8008]

GC Heap History (10 events):
Event: 181.703 GC heap before
{Heap before GC invocations=15 (full 3):
 PSYoungGen      total 852480K, used 837120K [0x000000076b400000, 0x00000007b7100000, 0x00000007c0000000)
  eden space 837120K, 100% used [0x000000076b400000,0x000000079e580000,0x000000079e580000)
  from space 15360K, 0% used [0x000000079e580000,0x000000079e580000,0x000000079f480000)
  to   space 80896K, 0% used [0x00000007b2200000,0x00000007b2200000,0x00000007b7100000)
 ParOldGen       total 263168K, used 78514K [0x00000006c1c00000, 0x00000006d1d00000, 0x000000076b400000)
  object space 263168K, 29% used [0x00000006c1c00000,0x00000006c68acaf0,0x00000006d1d00000)
 Metaspace       used 59896K, capacity 63672K, committed 63912K, reserved 1105920K
  class space    used 6690K, capacity 7282K, committed 7336K, reserved 1048576K
Event: 181.751 GC heap after
Heap after GC invocations=15 (full 3):
 PSYoungGen      total 1156096K, used 55249K [0x000000076b400000, 0x00000007bb800000, 0x00000007c0000000)
  eden space 1075200K, 0% used [0x000000076b400000,0x000000076b400000,0x00000007ace00000)
  from space 80896K, 68% used [0x00000007b2200000,0x00000007b57f47c0,0x00000007b7100000)
  to   space 86016K, 0% used [0x00000007ace00000,0x00000007ace00000,0x00000007b2200000)
 ParOldGen       total 263168K, used 78522K [0x00000006c1c00000, 0x00000006d1d00000, 0x000000076b400000)
  object space 263168K, 29% used [0x00000006c1c00000,0x00000006c68aeaf0,0x00000006d1d00000)
 Metaspace       used 59896K, capacity 63672K, committed 63912K, reserved 1105920K
  class space    used 6690K, capacity 7282K, committed 7336K, reserved 1048576K
}
Event: 399.463 GC heap before
{Heap before GC invocations=16 (full 3):
 PSYoungGen      total 1156096K, used 1130449K [0x000000076b400000, 0x00000007bb800000, 0x00000007c0000000)
  eden space 1075200K, 100% used [0x000000076b400000,0x00000007ace00000,0x00000007ace00000)
  from space 80896K, 68% used [0x00000007b2200000,0x00000007b57f47c0,0x00000007b7100000)
  to   space 86016K, 0% used [0x00000007ace00000,0x00000007ace00000,0x00000007b2200000)
 ParOldGen       total 263168K, used 78522K [0x00000006c1c00000, 0x00000006d1d00000, 0x000000076b400000)
  object space 263168K, 29% used [0x00000006c1c00000,0x00000006c68aeaf0,0x00000006d1d00000)
 Metaspace       used 60408K, capacity 64216K, committed 64424K, reserved 1105920K
  class space    used 6695K, capacity 7314K, committed 7336K, reserved 1048576K
Event: 399.490 GC heap after
Heap after GC invocations=16 (full 3):
 PSYoungGen      total 1161216K, used 3546K [0x000000076b400000, 0x00000007c0000000, 0x00000007c0000000)
  eden space 1075200K, 0% used [0x000000076b400000,0x000000076b400000,0x00000007ace00000)
  from space 86016K, 4% used [0x00000007ace00000,0x00000007ad176a58,0x00000007b2200000)
  to   space 84992K, 0% used [0x00000007bad00000,0x00000007bad00000,0x00000007c0000000)
 ParOldGen       total 263168K, used 127190K [0x00000006c1c00000, 0x00000006d1d00000, 0x000000076b400000)
  object space 263168K, 48% used [0x00000006c1c00000,0x00000006c9835808,0x00000006d1d00000)
 Metaspace       used 60408K, capacity 64216K, committed 64424K, reserved 1105920K
  class space    used 6695K, capacity 7314K, committed 7336K, reserved 1048576K
}
Event: 434.487 GC heap before
{Heap before GC invocations=17 (full 3):
 PSYoungGen      total 1161216K, used 217324K [0x000000076b400000, 0x00000007c0000000, 0x00000007c0000000)
  eden space 1075200K, 19% used [0x000000076b400000,0x00000007784c47e0,0x00000007ace00000)
  from space 86016K, 4% used [0x00000007ace00000,0x00000007ad176a58,0x00000007b2200000)
  to   space 84992K, 0% used [0x00000007bad00000,0x00000007bad00000,0x00000007c0000000)
 ParOldGen       total 263168K, used 127190K [0x00000006c1c00000, 0x00000006d1d00000, 0x000000076b400000)
  object space 263168K, 48% used [0x00000006c1c00000,0x00000006c9835808,0x00000006d1d00000)
 Metaspace       used 60425K, capacity 64280K, committed 64424K, reserved 1105920K
  class space    used 6696K, capacity 7314K, committed 7336K, reserved 1048576K
Event: 434.503 GC heap after
Heap after GC invocations=17 (full 3):
 PSYoungGen      total 1304576K, used 416K [0x000000076b400000, 0x00000007c0000000, 0x00000007c0000000)
  eden space 1219584K, 0% used [0x000000076b400000,0x000000076b400000,0x00000007b5b00000)
  from space 84992K, 0% used [0x00000007bad00000,0x00000007bad68000,0x00000007c0000000)
  to   space 83968K, 0% used [0x00000007b5b00000,0x00000007b5b00000,0x00000007bad00000)
 ParOldGen       total 263168K, used 134346K [0x00000006c1c00000, 0x00000006d1d00000, 0x000000076b400000)
  object space 263168K, 51% used [0x00000006c1c00000,0x00000006c9f32b00,0x00000006d1d00000)
 Metaspace       used 60425K, capacity 64280K, committed 64424K, reserved 1105920K
  class space    used 6696K, capacity 7314K, committed 7336K, reserved 1048576K
}
Event: 434.503 GC heap before
{Heap before GC invocations=18 (full 4):
 PSYoungGen      total 1304576K, used 416K [0x000000076b400000, 0x00000007c0000000, 0x00000007c0000000)
  eden space 1219584K, 0% used [0x000000076b400000,0x000000076b400000,0x00000007b5b00000)
  from space 84992K, 0% used [0x00000007bad00000,0x00000007bad68000,0x00000007c0000000)
  to   space 83968K, 0% used [0x00000007b5b00000,0x00000007b5b00000,0x00000007bad00000)
 ParOldGen       total 263168K, used 134346K [0x00000006c1c00000, 0x00000006d1d00000, 0x000000076b400000)
  object space 263168K, 51% used [0x00000006c1c00000,0x00000006c9f32b00,0x00000006d1d00000)
 Metaspace       used 60425K, capacity 64280K, committed 64424K, reserved 1105920K
  class space    used 6696K, capacity 7314K, committed 7336K, reserved 1048576K
Event: 434.770 GC heap after
Heap after GC invocations=18 (full 4):
 PSYoungGen      total 1304576K, used 0K [0x000000076b400000, 0x00000007c0000000, 0x00000007c0000000)
  eden space 1219584K, 0% used [0x000000076b400000,0x000000076b400000,0x00000007b5b00000)
  from space 84992K, 0% used [0x00000007bad00000,0x00000007bad00000,0x00000007c0000000)
  to   space 83968K, 0% used [0x00000007b5b00000,0x00000007b5b00000,0x00000007bad00000)
 ParOldGen       total 263168K, used 82515K [0x00000006c1c00000, 0x00000006d1d00000, 0x000000076b400000)
  object space 263168K, 31% used [0x00000006c1c00000,0x00000006c6c94de8,0x00000006d1d00000)
 Metaspace       used 60400K, capacity 64196K, committed 64424K, reserved 1105920K
  class space    used 6688K, capacity 7300K, committed 7336K, reserved 1048576K
}
Event: 654.677 GC heap before
{Heap before GC invocations=19 (full 4):
 PSYoungGen      total 1304576K, used 1219584K [0x000000076b400000, 0x00000007c0000000, 0x00000007c0000000)
  eden space 1219584K, 100% used [0x000000076b400000,0x00000007b5b00000,0x00000007b5b00000)
  from space 84992K, 0% used [0x00000007bad00000,0x00000007bad00000,0x00000007c0000000)
  to   space 83968K, 0% used [0x00000007b5b00000,0x00000007b5b00000,0x00000007bad00000)
 ParOldGen       total 263168K, used 82515K [0x00000006c1c00000, 0x00000006d1d00000, 0x000000076b400000)
  object space 263168K, 31% used [0x00000006c1c00000,0x00000006c6c94de8,0x00000006d1d00000)
 Metaspace       used 60641K, capacity 64406K, committed 64680K, reserved 1105920K
  class space    used 6692K, capacity 7301K, committed 7336K, reserved 1048576K
Event: 654.693 GC heap after
Heap after GC invocations=19 (full 4):
 PSYoungGen      total 1251840K, used 32170K [0x000000076b400000, 0x00000007bf800000, 0x00000007c0000000)
  eden space 1219584K, 0% used [0x000000076b400000,0x000000076b400000,0x00000007b5b00000)
  from space 32256K, 99% used [0x00000007b5b00000,0x00000007b7a6a910,0x00000007b7a80000)
  to   space 80384K, 0% used [0x00000007ba980000,0x00000007ba980000,0x00000007bf800000)
 ParOldGen       total 263168K, used 82523K [0x00000006c1c00000, 0x00000006d1d00000, 0x000000076b400000)
  object space 263168K, 31% used [0x00000006c1c00000,0x00000006c6c96de8,0x00000006d1d00000)
 Metaspace       used 60641K, capacity 64406K, committed 64680K, reserved 1105920K
  class space    used 6692K, capacity 7301K, committed 7336K, reserved 1048576K
}

Deoptimization events (10 events):
Event: 828.270 Thread 0x0000000020f57800 Uncommon trap: reason=unstable_if action=reinterpret pc=0x0000000004c0d74c method=java.awt.EventQueue.cacheEQItem(Lsun/awt/EventQueueItem;)V @ 23
Event: 828.272 Thread 0x0000000020f57800 Uncommon trap: reason=unstable_if action=reinterpret pc=0x00000000045cb480 method=javax.swing.JButton.removeNotify()V @ 14
Event: 828.273 Thread 0x0000000020f57800 Uncommon trap: reason=class_check action=maybe_recompile pc=0x0000000005271974 method=java.awt.KeyboardFocusManager.clearMostRecentFocusOwner(Ljava/awt/Component;)V @ 67
Event: 828.274 Thread 0x0000000020f57800 Uncommon trap: reason=unstable_if action=reinterpret pc=0x00000000056a930c method=javax.swing.JComponent.unregisterWithKeyboardManager()V @ 11
Event: 828.392 Thread 0x00000000218be800 Uncommon trap: reason=class_check action=maybe_recompile pc=0x0000000004410fcc method=jogamp.opengl.GLDrawableImpl.lockSurface()I @ 4
Event: 828.392 Thread 0x00000000218be800 Uncommon trap: reason=unstable_if action=reinterpret pc=0x0000000004b7d620 method=jogamp.common.util.locks.RecursiveLockImpl01Unfairish$SingleThreadSync.isOwner(Ljava/lang/Thread;)Z @ 5
Event: 828.392 Thread 0x00000000218be800 Uncommon trap: reason=unstable_if action=reinterpret pc=0x00000000050332e0 method=jogamp.common.util.locks.RecursiveLockImpl01Unfairish$SingleThreadSync.isOwner(Ljava/lang/Thread;)Z @ 5
Event: 828.392 Thread 0x00000000218be800 Uncommon trap: reason=class_check action=maybe_recompile pc=0x0000000004410fcc method=jogamp.opengl.GLDrawableImpl.lockSurface()I @ 4
Event: 828.398 Thread 0x00000000218be800 Uncommon trap: reason=unstable_if action=reinterpret pc=0x00000000056ba2f8 method=jogamp.common.util.locks.RecursiveLockImpl01Unfairish.unlock(Ljava/lang/Runnable;)V @ 34
Event: 828.484 Thread 0x0000000020f5a000 Uncommon trap: reason=unstable_if action=reinterpret pc=0x0000000005607304 method=sun.java2d.d3d.D3DScreenUpdateManager.createGraphics(Lsun/java2d/SurfaceData;Lsun/awt/windows/WComponentPeer;Ljava/awt/Color;Ljava/awt/Color;Ljava/awt/Font;)Ljava/awt/Graphi

Classes redefined (0 events):
No events

Internal exceptions (10 events):
Event: 448.010 Thread 0x0000000020f5a000 Implicit null exception at 0x00000000060f627d to 0x00000000060f9189
Event: 448.010 Thread 0x0000000020f5a000 Implicit null exception at 0x000000000548721b to 0x0000000005487ded
Event: 448.010 Thread 0x0000000020f5a000 Implicit null exception at 0x0000000005449685 to 0x000000000544983d
Event: 448.011 Thread 0x0000000020f5a000 Implicit null exception at 0x0000000003c2a1ea to 0x0000000003c2a5e5
Event: 448.907 Thread 0x0000000020f5a000 Implicit null exception at 0x000000000625d9eb to 0x000000000625f031
Event: 449.531 Thread 0x0000000020f5a000 Implicit null exception at 0x00000000052d2d91 to 0x00000000052d3071
Event: 607.024 Thread 0x0000000020f5a000 Implicit null exception at 0x000000000623d4b0 to 0x000000000623eb11
Event: 826.518 Thread 0x0000000020f57800 Implicit null exception at 0x000000000559e614 to 0x00000000055a0b25
Event: 828.278 Thread 0x0000000020f57800 Exception <a 'java/lang/NoSuchMethodError': java.lang.Object.inspectorAlwaysOnTop()Z> (0x00000007aa74da30) thrown at [C:\re\workspace\8-2-build-windows-amd64-cygwin\jdk8u201\12322\hotspot\src\share\vm\interpreter\linkResolver.cpp, line 620]
Event: 828.282 Thread 0x0000000020f57800 Exception <a 'java/net/SocketTimeoutException': Read timed out> (0x00000007aa7514a0) thrown at [C:\re\workspace\8-2-build-windows-amd64-cygwin\jdk8u201\12322\hotspot\src\share\vm\prims\jni.cpp, line 735]

Events (10 events):
Event: 828.409 Executing VM operation: RevokeBias
Event: 828.410 Executing VM operation: RevokeBias done
Event: 828.410 Executing VM operation: RevokeBias
Event: 828.411 Executing VM operation: RevokeBias done
Event: 828.411 Thread 0x00000000218c7800 Thread exited: 0x00000000218c7800
Event: 828.469 Thread 0x0000000020f5b800 Thread exited: 0x0000000020f5b800
Event: 828.484 Thread 0x0000000020f5a000 Uncommon trap: trap_request=0xffffff65 fr.pc=0x0000000005607304
Event: 828.484 Thread 0x0000000020f5a000 DEOPT PACKING pc=0x0000000005607304 sp=0x000000002858e9e0
Event: 828.484 Thread 0x0000000020f5a000 DEOPT UNPACKING pc=0x00000000033c583b sp=0x000000002858e900 mode 2
Event: 828.489 Thread 0x00000000218cd000 Thread exited: 0x00000000218cd000


Dynamic libraries:
0x00007ff641860000 - 0x00007ff641897000 	C:\Program Files\Java\jdk1.8.0_201\bin\java.exe
0x00007ffe8cb00000 - 0x00007ffe8cce1000 	C:\WINDOWS\SYSTEM32\ntdll.dll
0x00007ffe8c120000 - 0x00007ffe8c1d2000 	C:\WINDOWS\System32\KERNEL32.DLL
0x00007ffe88f20000 - 0x00007ffe89193000 	C:\WINDOWS\System32\KERNELBASE.dll
0x00007ffe8bfa0000 - 0x00007ffe8c041000 	C:\WINDOWS\System32\ADVAPI32.dll
0x00007ffe8a530000 - 0x00007ffe8a5ce000 	C:\WINDOWS\System32\msvcrt.dll
0x00007ffe8c350000 - 0x00007ffe8c3ab000 	C:\WINDOWS\System32\sechost.dll
0x00007ffe8a600000 - 0x00007ffe8a724000 	C:\WINDOWS\System32\RPCRT4.dll
0x00007ffe8c940000 - 0x00007ffe8cad0000 	C:\WINDOWS\System32\USER32.dll
0x00007ffe89af0000 - 0x00007ffe89b10000 	C:\WINDOWS\System32\win32u.dll
0x00007ffe8c890000 - 0x00007ffe8c8b8000 	C:\WINDOWS\System32\GDI32.dll
0x00007ffe89950000 - 0x00007ffe89ae2000 	C:\WINDOWS\System32\gdi32full.dll
0x00007ffe898b0000 - 0x00007ffe8994f000 	C:\WINDOWS\System32\msvcp_win.dll
0x00007ffe89d00000 - 0x00007ffe89dfa000 	C:\WINDOWS\System32\ucrtbase.dll
0x00007ffe796c0000 - 0x00007ffe79929000 	C:\WINDOWS\WinSxS\amd64_microsoft.windows.common-controls_6595b64144ccf1df_6.0.17134.590_none_fb3d9bff3069e088\COMCTL32.dll
0x00007ffe89f90000 - 0x00007ffe8a2b2000 	C:\WINDOWS\System32\combase.dll
0x00007ffe89e00000 - 0x00007ffe89e7a000 	C:\WINDOWS\System32\bcryptPrimitives.dll
0x00007ffe8a5d0000 - 0x00007ffe8a5fd000 	C:\WINDOWS\System32\IMM32.DLL
0x00007ffe87f00000 - 0x00007ffe87f31000 	C:\WINDOWS\SYSTEM32\ntmarta.dll
0x00007ffe88d40000 - 0x00007ffe88d70000 	C:\WINDOWS\SYSTEM32\SspiCli.dll
0x00000000678e0000 - 0x00000000679b1000 	C:\Program Files\Java\jdk1.8.0_201\jre\bin\msvcr100.dll
0x0000000067030000 - 0x00000000678d4000 	C:\Program Files\Java\jdk1.8.0_201\jre\bin\server\jvm.dll
0x00007ffe8c1e0000 - 0x00007ffe8c1e8000 	C:\WINDOWS\System32\PSAPI.DLL
0x00007ffe764f0000 - 0x00007ffe764f9000 	C:\WINDOWS\SYSTEM32\WSOCK32.dll
0x00007ffe8c0b0000 - 0x00007ffe8c11c000 	C:\WINDOWS\System32\WS2_32.dll
0x00007ffe84b60000 - 0x00007ffe84b83000 	C:\WINDOWS\SYSTEM32\WINMM.dll
0x00007ffe83540000 - 0x00007ffe8354a000 	C:\WINDOWS\SYSTEM32\VERSION.dll
0x00007ffe84b10000 - 0x00007ffe84b3a000 	C:\WINDOWS\SYSTEM32\WINMMBASE.dll
0x00007ffe88ed0000 - 0x00007ffe88f19000 	C:\WINDOWS\System32\cfgmgr32.dll
0x00007ffe77020000 - 0x00007ffe7702f000 	C:\Program Files\Java\jdk1.8.0_201\jre\bin\verify.dll
0x00007ffe72c40000 - 0x00007ffe72c69000 	C:\Program Files\Java\jdk1.8.0_201\jre\bin\java.dll
0x00007ffe703a0000 - 0x00007ffe703c3000 	C:\Program Files\Java\jdk1.8.0_201\jre\bin\instrument.dll
0x00007ffe76850000 - 0x00007ffe76866000 	C:\Program Files\Java\jdk1.8.0_201\jre\bin\zip.dll
0x00007ffe8ab60000 - 0x00007ffe8bfa0000 	C:\WINDOWS\System32\SHELL32.dll
0x00007ffe8a7d0000 - 0x00007ffe8a879000 	C:\WINDOWS\System32\shcore.dll
0x00007ffe891a0000 - 0x00007ffe898ad000 	C:\WINDOWS\System32\windows.storage.dll
0x00007ffe8c3b0000 - 0x00007ffe8c401000 	C:\WINDOWS\System32\shlwapi.dll
0x00007ffe88eb0000 - 0x00007ffe88ec1000 	C:\WINDOWS\System32\kernel.appcore.dll
0x00007ffe88e40000 - 0x00007ffe88e5f000 	C:\WINDOWS\System32\profapi.dll
0x00007ffe88e60000 - 0x00007ffe88eac000 	C:\WINDOWS\System32\powrprof.dll
0x00007ffe88e10000 - 0x00007ffe88e1a000 	C:\WINDOWS\System32\FLTLIB.DLL
0x00007ffe70380000 - 0x00007ffe7039a000 	C:\Program Files\JetBrains\IntelliJ IDEA Community Edition 2018.3.3\bin\breakgen64.dll
0x00007ffe70df0000 - 0x00007ffe70e0a000 	C:\Program Files\Java\jdk1.8.0_201\jre\bin\net.dll
0x00007ffe7b1f0000 - 0x00007ffe7b3b9000 	C:\WINDOWS\SYSTEM32\urlmon.dll
0x00007ffe79410000 - 0x00007ffe796b5000 	C:\WINDOWS\SYSTEM32\iertutil.dll
0x00007ffe88840000 - 0x00007ffe8884b000 	C:\WINDOWS\SYSTEM32\CRYPTBASE.DLL
0x00007ffe88690000 - 0x00007ffe886f6000 	C:\WINDOWS\system32\mswsock.dll
0x00007ffe70350000 - 0x00007ffe70374000 	C:\Program Files\Java\jdk1.8.0_201\jre\bin\sunec.dll
0x00007ffe88410000 - 0x00007ffe88448000 	C:\WINDOWS\SYSTEM32\IPHLPAPI.DLL
0x00007ffe8a880000 - 0x00007ffe8a888000 	C:\WINDOWS\System32\NSI.dll
0x00007ffe810a0000 - 0x00007ffe810b6000 	C:\WINDOWS\SYSTEM32\dhcpcsvc6.DLL
0x00007ffe81260000 - 0x00007ffe8127a000 	C:\WINDOWS\SYSTEM32\dhcpcsvc.DLL
0x00007ffe70dd0000 - 0x00007ffe70de1000 	C:\Program Files\Java\jdk1.8.0_201\jre\bin\nio.dll
0x00007ffe88850000 - 0x00007ffe88867000 	C:\WINDOWS\SYSTEM32\CRYPTSP.dll
0x00007ffe88270000 - 0x00007ffe882a3000 	C:\WINDOWS\system32\rsaenh.dll
0x00007ffe88970000 - 0x00007ffe88995000 	C:\WINDOWS\SYSTEM32\bcrypt.dll
0x00007ffe88d10000 - 0x00007ffe88d38000 	C:\WINDOWS\SYSTEM32\USERENV.dll
0x00007ffe70300000 - 0x00007ffe70342000 	C:\Users\asus\AppData\Local\Temp\jna-3003984\jna4884907212735997957.dll
0x00007ffe66940000 - 0x00007ffe669dc000 	C:\Users\asus\AppData\Local\Temp\jna-3003984\jna8385992290367028535.dll
0x00007ffe88450000 - 0x00007ffe8850e000 	C:\WINDOWS\SYSTEM32\DNSAPI.dll
0x00007ffe7c910000 - 0x00007ffe7c91a000 	C:\Windows\System32\rasadhlp.dll
0x00007ffe7cf10000 - 0x00007ffe7cf82000 	C:\WINDOWS\System32\fwpuclnt.dll
0x00007ffe667a0000 - 0x00007ffe66939000 	C:\Program Files\Java\jdk1.8.0_201\jre\bin\awt.dll
0x00007ffe8a2c0000 - 0x00007ffe8a383000 	C:\WINDOWS\System32\OLEAUT32.dll
0x00007ffe86450000 - 0x00007ffe864db000 	C:\WINDOWS\SYSTEM32\apphelp.dll
0x00007ffe86580000 - 0x00007ffe86618000 	C:\WINDOWS\system32\uxtheme.dll
0x00007ffe8a8f0000 - 0x00007ffe8aa63000 	C:\WINDOWS\System32\MSCTF.dll
0x00007ffe86fe0000 - 0x00007ffe87009000 	C:\WINDOWS\system32\dwmapi.dll
0x00007ffe8c1f0000 - 0x00007ffe8c341000 	C:\WINDOWS\System32\ole32.dll
0x00007ffe79ed0000 - 0x00007ffe79edb000 	C:\Program Files\Java\jdk1.8.0_201\jre\bin\sunmscapi.dll
0x00007ffe89b10000 - 0x00007ffe89cf2000 	C:\WINDOWS\System32\CRYPT32.dll
0x00007ffe88e20000 - 0x00007ffe88e32000 	C:\WINDOWS\System32\MSASN1.dll
0x00007ffe6d6b0000 - 0x00007ffe6d6f7000 	C:\Program Files\Java\jdk1.8.0_201\jre\bin\fontmanager.dll
0x00007ffe51c10000 - 0x00007ffe51cb2000 	C:\Program Files\Java\jdk1.8.0_201\jre\bin\mlib_image.dll
0x00007ffe773d0000 - 0x00007ffe774f0000 	C:\WINDOWS\system32\opengl32.dll
0x00007ffe82690000 - 0x00007ffe826bc000 	C:\WINDOWS\SYSTEM32\GLU32.dll
0x00007ffe702d0000 - 0x00007ffe702fa000 	C:\Program Files\Java\jdk1.8.0_201\jre\bin\dcpr.dll
0x00007ffe6d590000 - 0x00007ffe6d5d2000 	C:\Program Files\Java\jdk1.8.0_201\jre\bin\t2k.dll
0x00007ffe8a730000 - 0x00007ffe8a7d0000 	C:\WINDOWS\System32\clbcatq.dll
0x00007ffe83780000 - 0x00007ffe8392e000 	C:\WINDOWS\SYSTEM32\WindowsCodecs.dll
0x00007ffe6cbe0000 - 0x00007ffe6cc38000 	C:\WINDOWS\system32\dataexchange.dll
0x00007ffe85490000 - 0x00007ffe8579b000 	C:\WINDOWS\system32\d3d11.dll
0x00007ffe85d70000 - 0x00007ffe85f0c000 	C:\WINDOWS\system32\dcomp.dll
0x00007ffe87bd0000 - 0x00007ffe87c8b000 	C:\WINDOWS\system32\dxgi.dll
0x00007ffe870f0000 - 0x00007ffe872a8000 	C:\WINDOWS\system32\twinapi.appcore.dll
0x00007ffe870c0000 - 0x00007ffe870e9000 	C:\WINDOWS\system32\RMCLIENT.dll
0x00007ffe81420000 - 0x00007ffe814c8000 	C:\WINDOWS\SYSTEM32\mscms.dll
0x00007ffe84c50000 - 0x00007ffe84c60000 	C:\WINDOWS\SYSTEM32\ColorAdapterClient.dll
0x00007ffe6d3c0000 - 0x00007ffe6d403000 	C:\WINDOWS\SYSTEM32\icm32.dll
0x00007ffe77be0000 - 0x00007ffe77c76000 	C:\WINDOWS\System32\TextInputFramework.dll
0x00007ffe83210000 - 0x00007ffe8352e000 	C:\WINDOWS\System32\CoreUIComponents.dll
0x00007ffe86250000 - 0x00007ffe8632a000 	C:\WINDOWS\System32\CoreMessaging.dll
0x00007ffe844a0000 - 0x00007ffe845ed000 	C:\WINDOWS\SYSTEM32\wintypes.dll
0x00007ffe7d540000 - 0x00007ffe7d5ab000 	C:\WINDOWS\system32\Oleacc.dll
0x00007ffe81820000 - 0x00007ffe8182b000 	C:\WINDOWS\SYSTEM32\WINNSI.DLL
0x00000000637c0000 - 0x00000000637cd000 	C:\Users\asus\AppData\Local\Temp\jogamp_0000\file_cache\jln6871271765773992517\jln6891718514896864875\natives\windows-amd64\gluegen-rt.dll
0x00007ffe76a10000 - 0x00007ffe76a17000 	C:\Program Files\Java\jdk1.8.0_201\jre\bin\jawt.dll
0x000000006a440000 - 0x000000006a44d000 	C:\Users\asus\AppData\Local\Temp\jogamp_0000\file_cache\jln6871271765773992517\jln6891718514896864875\natives\windows-amd64\nativewindow_awt.dll
0x000000006c100000 - 0x000000006c10f000 	C:\Users\asus\AppData\Local\Temp\jogamp_0000\file_cache\jln6871271765773992517\jln6891718514896864875\natives\windows-amd64\nativewindow_win32.dll
0x0000000064500000 - 0x00000000645b1000 	C:\Users\asus\AppData\Local\Temp\jogamp_0000\file_cache\jln6871271765773992517\jln6891718514896864875\natives\windows-amd64\jogl_desktop.dll
0x0000000064340000 - 0x00000000643a2000 	C:\Users\asus\AppData\Local\Temp\jogamp_0000\file_cache\jln6871271765773992517\jln6891718514896864875\natives\windows-amd64\jogl_mobile.dll
0x00007ffe6e150000 - 0x00007ffe6e181000 	C:\Program Files\Java\jdk1.8.0_201\jre\bin\jpeg.dll
0x00007ffe68dd0000 - 0x00007ffe68e0e000 	C:\Program Files\Java\jdk1.8.0_201\jre\bin\lcms.dll
0x00007ffe17460000 - 0x00007ffe1834e000 	C:\WINDOWS\System32\DriverStore\FileRepository\igdlh64.inf_amd64_31ba00ea6900d67d\ig9icd64.dll
0x00007ffe7d7e0000 - 0x00007ffe7f6e1000 	C:\WINDOWS\System32\DriverStore\FileRepository\igdlh64.inf_amd64_31ba00ea6900d67d\igc64.dll
0x00007ffe84bd0000 - 0x00007ffe84bdd000 	C:\Program Files\Java\jdk1.8.0_201\jre\bin\management.dll
0x00007ffe76790000 - 0x00007ffe7679c000 	C:\Program Files\Java\jdk1.8.0_201\jre\bin\jsound.dll
0x00007ffe76500000 - 0x00007ffe7650b000 	C:\Program Files\Java\jdk1.8.0_201\jre\bin\jsoundds.dll
0x00007ffe51b80000 - 0x00007ffe51c0f000 	C:\WINDOWS\SYSTEM32\DSOUND.dll
0x00007ffe81170000 - 0x00007ffe811e6000 	C:\WINDOWS\SYSTEM32\MMDevAPI.DLL
0x00007ffe88c20000 - 0x00007ffe88c47000 	C:\WINDOWS\SYSTEM32\DEVOBJ.dll
0x00007ffe86a00000 - 0x00007ffe86bb4000 	C:\WINDOWS\SYSTEM32\PROPSYS.dll
0x00007ffe4f800000 - 0x00007ffe4f844000 	C:\WINDOWS\SYSTEM32\wdmaud.drv
0x00007ffe82da0000 - 0x00007ffe82da9000 	C:\WINDOWS\SYSTEM32\ksuser.dll
0x00007ffe83b00000 - 0x00007ffe83b0a000 	C:\WINDOWS\SYSTEM32\AVRT.dll
0x00007ffe73130000 - 0x00007ffe7325c000 	C:\WINDOWS\SYSTEM32\AUDIOSES.DLL
0x00007ffe79a20000 - 0x00007ffe79a2d000 	C:\WINDOWS\SYSTEM32\msacm32.drv
0x00007ffe70be0000 - 0x00007ffe70bfc000 	C:\WINDOWS\SYSTEM32\MSACM32.dll
0x00007ffe78ff0000 - 0x00007ffe78ffa000 	C:\WINDOWS\SYSTEM32\midimap.dll
0x00007ffe775c0000 - 0x00007ffe776d4000 	C:\Windows\System32\Windows.UI.dll
0x00007ffe78f70000 - 0x00007ffe78fe9000 	C:\Windows\System32\InputHost.dll
0x00007ffe83550000 - 0x00007ffe835b4000 	C:\WINDOWS\system32\Ninput.dll
0x00007ffe87810000 - 0x00007ffe879d9000 	C:\WINDOWS\SYSTEM32\dbghelp.dll

VM Arguments:
jvm_args: -ea -javaagent:C:\Program Files\JetBrains\IntelliJ IDEA Community Edition 2018.3.3\lib\idea_rt.jar=52270:C:\Program Files\JetBrains\IntelliJ IDEA Community Edition 2018.3.3\bin -Dfile.encoding=UTF-8 
java_command: net.runelite.client.RuneLite --debug --developer-mode
java_class_path (initial): C:\Program Files\Java\jdk1.8.0_201\jre\lib\charsets.jar;C:\Program Files\Java\jdk1.8.0_201\jre\lib\deploy.jar;C:\Program Files\Java\jdk1.8.0_201\jre\lib\ext\access-bridge-64.jar;C:\Program Files\Java\jdk1.8.0_201\jre\lib\ext\cldrdata.jar;C:\Program Files\Java\jdk1.8.0_201\jre\lib\ext\dnsns.jar;C:\Program Files\Java\jdk1.8.0_201\jre\lib\ext\jaccess.jar;C:\Program Files\Java\jdk1.8.0_201\jre\lib\ext\jfxrt.jar;C:\Program Files\Java\jdk1.8.0_201\jre\lib\ext\localedata.jar;C:\Program Files\Java\jdk1.8.0_201\jre\lib\ext\nashorn.jar;C:\Program Files\Java\jdk1.8.0_201\jre\lib\ext\sunec.jar;C:\Program Files\Java\jdk1.8.0_201\jre\lib\ext\sunjce_provider.jar;C:\Program Files\Java\jdk1.8.0_201\jre\lib\ext\sunmscapi.jar;C:\Program Files\Java\jdk1.8.0_201\jre\lib\ext\sunpkcs11.jar;C:\Program Files\Java\jdk1.8.0_201\jre\lib\ext\zipfs.jar;C:\Program Files\Java\jdk1.8.0_201\jre\lib\javaws.jar;C:\Program Files\Java\jdk1.8.0_201\jre\lib\jce.jar;C:\Program Files\Java\jdk1.8.0_201\jre\lib\jfr.jar;C:\Program Files\Java\jdk1.8.0_201\jre\lib\jfxswt.jar;C:\Program Files\Java\jdk1.8.0_201\jre\lib\jsse.jar;C:\Program Files\Java\jdk1.8.0_201\jre\lib\management-agent.jar;C:\Program Files\Java\jdk1.8.0_201\jre\lib\plugin.jar;C:\Program Files\Java\jdk1.8.0_201\jre\lib\resources.jar;C:\Program Files\Java\jdk1.8.0_201\jre\lib\rt.jar;C:\Users\asus\runelite\runelite-client\target\classes;C:\Users\asus\.m2\repository\org\slf4j\slf4j-api\1.7.25\slf4j-api-1.7.25.jar;C:\Users\asus\.m2\repository\ch\qos\logback\logback-classic\1.2.3\logback-classic-1.2.3.jar;C:\Users\asus\.m2\repository\ch\qos\logback\logback-core\1.2.3\logback-core-1.2.3.jar;C:\Users\asus\.m2\repository\net\sf\jopt-simple\jopt-simple\5.0.1\jopt-simple-5.0.1.jar;C:\Users\asus\.m2\repository\com\google\guava\guava\23.2-jre\guava-23.2-jre.jar;C:\Users\asus\.m2\repository\com\google\code\findbugs\jsr305\1.3.9\jsr305-1.3.9.jar;C:\Users\asus\.m2\repository\com\google\errorprone\error_prone_annotations\2.0.18\error_
Launcher Type: SUN_STANDARD

Environment Variables:
PATH=C:\Program Files (x86)\Common Files\Oracle\Java\javapath;C:\Program Files (x86)\Intel\iCLS Client\;C:\Program Files\Intel\iCLS Client\;C:\Windows\system32;C:\Windows;C:\Windows\System32\Wbem;C:\Windows\System32\WindowsPowerShell\v1.0\;C:\Program Files (x86)\NVIDIA Corporation\PhysX\Common;C:\Program Files (x86)\Intel\Intel(R) Management Engine Components\DAL;C:\Program Files\Intel\Intel(R) Management Engine Components\DAL;C:\Program Files (x86)\Intel\Intel(R) Management Engine Components\IPT;C:\Program Files\Intel\Intel(R) Management Engine Components\IPT;C:\WINDOWS\system32;C:\WINDOWS;C:\WINDOWS\System32\Wbem;C:\WINDOWS\System32\WindowsPowerShell\v1.0\;C:\WINDOWS\System32\OpenSSH\;C:\Documents\PuTTY\;C:\Program Files\Intel\WiFi\bin\;C:\Program Files\Common Files\Intel\WirelessCommon\;C:\cygwin\bin;C:\Program Files\Git\cmd;C:\Users\asus\AppData\Local\Microsoft\WindowsApps;C:\Users\asus\AppData\Local\GitHubDesktop\bin
USERNAME=asus
OS=Windows_NT
PROCESSOR_IDENTIFIER=Intel64 Family 6 Model 158 Stepping 9, GenuineIntel



---------------  S Y S T E M  ---------------

OS: Windows 10.0 , 64 bit Build 17134 (10.0.17134.556)

CPU:total 8 (initial active 8) (4 cores per cpu, 2 threads per core) family 6 model 158 stepping 9, cmov, cx8, fxsr, mmx, sse, sse2, sse3, ssse3, sse4.1, sse4.2, popcnt, avx, avx2, aes, clmul, erms, 3dnowpref, lzcnt, ht, tsc, tscinvbit, bmi1, bmi2, adx

Memory: 4k page, physical 16659216k(4514100k free), swap 23389456k(3236272k free)

vm_info: Java HotSpot(TM) 64-Bit Server VM (25.201-b09) for windows-amd64 JRE (1.8.0_201-b09), built on Dec 15 2018 18:36:39 by "java_re" with MS VC++ 10.0 (VS2010)

time: Mon Feb 25 21:24:24 2019
timezone: Eastern Standard Time
elapsed time: 828 seconds (0d 0h 13m 48s)

