#
# A fatal error has been detected by the Java Runtime Environment:
#
#  EXCEPTION_ACCESS_VIOLATION (0xc0000005) at pc=0x0000000000000000, pid=11028, tid=0x00000000000034d8
#
# JRE version: Java(TM) SE Runtime Environment (8.0_181-b13) (build 1.8.0_181-b13)
# Java VM: Java HotSpot(TM) 64-Bit Server VM (25.181-b13 mixed mode windows-amd64 compressed oops)
# Problematic frame:
# C  0x0000000000000000
#
# Failed to write core dump. Minidumps are not enabled by default on client versions of Windows
#
# If you would like to submit a bug report, please visit:
#   http://bugreport.java.com/bugreport/crash.jsp
# The crash happened outside the Java Virtual Machine in native code.
# See problematic frame for where to report the bug.
#

---------------  T H R E A D  ---------------

Current thread (0x000000001ff6f800):  JavaThread "Thread-5-SharedResourceRunner" daemon [_thread_in_native, id=13528, stack(0x000000003af70000,0x000000003b070000)]

siginfo: ExceptionCode=0xc0000005, ExceptionInformation=0x0000000000000008 0x0000000000000000

Registers:
RAX=0x0000000000000001, RBX=0x00000000380e6330, RCX=0x0000000000010001, RDX=0x000000003b06e8d8
RSP=0x000000003b06e7d8, RBP=0x000000003b06e8c8, RSI=0x0000000000010001, RDI=0x0000000002e17b30
R8 =0x0000000000010001, R9 =0x00007ffc18da7d40, R10=0x0000000002e28c3b, R11=0x000000007039c6a0
R12=0x0000000000000000, R13=0x00000000380e6330, R14=0x000000003b06e900, R15=0x000000001ff6f800
RIP=0x0000000000000000, EFLAGS=0x0000000000010202

Top of Stack: (sp=0x000000003b06e7d8)
0x000000003b06e7d8:   00007ffbf7705bd3 00000000380e6330
0x000000003b06e7e8:   000000001ff6f800 00000000380e6330
0x000000003b06e7f8:   000000001ff6f800 00000000305f4f10
0x000000003b06e808:   000000006455657a 0000000002e17b30
0x000000003b06e818:   00000000380e6330 00000000380e6330
0x000000003b06e828:   00000000305f4f10 000000003b06f2a8
0x000000003b06e838:   0000000002e28c67 00000000305f4f10
0x000000003b06e848:   0000000002e17b30 0000000002e17b30
0x000000003b06e858:   0000000002e289ab 000000001ff6f800
0x000000003b06e868:   00000000380e6330 00000000305f4f10
0x000000003b06e878:   000000001ff6f800 0000000002e28962
0x000000003b06e888:   000000003b06e888 00000000380e6330
0x000000003b06e898:   000000003b06e900 00000000380e75b8
0x000000003b06e8a8:   0000000000000000 00000000380e6330
0x000000003b06e8b8:   0000000000000000 000000003b06e8e8
0x000000003b06e8c8:   000000003b06e948 0000000002e17b30 

Instructions: (pc=0x0000000000000000)
0xffffffffffffffe0:   


Register to memory mapping:

RAX=0x0000000000000001 is an unknown value
RBX={method} {0x00000000380e6338} 'dispatch_wglDeleteContext0' '(JJ)Z' in 'jogamp/opengl/windows/wgl/WGL'
RCX=0x0000000000010001 is an unknown value
RDX=0x000000003b06e8d8 is pointing into the stack for thread: 0x000000001ff6f800
RSP=0x000000003b06e7d8 is pointing into the stack for thread: 0x000000001ff6f800
RBP=0x000000003b06e8c8 is pointing into the stack for thread: 0x000000001ff6f800
RSI=0x0000000000010001 is an unknown value
RDI=0x0000000002e17b30 is at code_begin+208 in an Interpreter codelet
invoke return entry points  [0x0000000002e17a60, 0x0000000002e18440]  2528 bytes
R8 =0x0000000000010001 is an unknown value
R9 =0x00007ffc18da7d40 is an unknown value
R10=0x0000000002e28c3b is at code_begin+891 in an Interpreter codelet
method entry point (kind = native)  [0x0000000002e288c0, 0x0000000002e29280]  2496 bytes
R11=0x000000007039c6a0 is an unknown value
R12=0x0000000000000000 is an unknown value
R13={method} {0x00000000380e6338} 'dispatch_wglDeleteContext0' '(JJ)Z' in 'jogamp/opengl/windows/wgl/WGL'
R14=0x000000003b06e900 is pointing into the stack for thread: 0x000000001ff6f800
R15=0x000000001ff6f800 is a thread


Stack: [0x000000003af70000,0x000000003b070000],  sp=0x000000003b06e7d8,  free space=1017k
Native frames: (J=compiled Java code, j=interpreted, Vv=VM code, C=native code)

Java frames: (J=compiled Java code, j=interpreted, Vv=VM code)
j  jogamp.opengl.windows.wgl.WGL.dispatch_wglDeleteContext0(JJ)Z+0
j  jogamp.opengl.windows.wgl.WGL.wglDeleteContext(J)Z+37
j  jogamp.opengl.windows.wgl.WindowsWGLContext.destroyContextARBImpl(J)V+7
j  jogamp.opengl.GLContextImpl.createContextARBMapVersionsAvailable(Lcom/jogamp/nativewindow/AbstractGraphicsDevice;IIZ)Z+342
j  jogamp.opengl.GLContextImpl.mapGLVersions(Lcom/jogamp/nativewindow/AbstractGraphicsDevice;)Z+571
j  jogamp.opengl.GLContextImpl.createContextARB(JZ)J+116
j  jogamp.opengl.windows.wgl.WindowsWGLContext.createImpl(J)Z+740
j  jogamp.opengl.GLContextImpl.makeCurrentWithinLock(I)I+224
j  jogamp.opengl.GLContextImpl.makeCurrent(Z)I+488
j  jogamp.opengl.GLContextImpl.makeCurrent()I+2
j  jogamp.opengl.windows.wgl.WindowsWGLDrawableFactory$SharedResourceImplementation.createSharedResource(Lcom/jogamp/nativewindow/AbstractGraphicsDevice;)Ljogamp/opengl/SharedResourceRunner$Resource;+172
j  jogamp.opengl.SharedResourceRunner.run()V+267
j  java.lang.Thread.run()V+11
v  ~StubRoutines::call_stub

---------------  P R O C E S S  ---------------

Java Threads: ( => current thread )
=>0x000000001ff6f800 JavaThread "Thread-5-SharedResourceRunner" daemon [_thread_in_native, id=13528, stack(0x000000003af70000,0x000000003b070000)]
  0x000000002e74e000 JavaThread "Thread-17" daemon [_thread_blocked, id=5704, stack(0x0000000033380000,0x0000000033480000)]
  0x000000002e749000 JavaThread "Thread-16" daemon [_thread_in_native, id=12504, stack(0x0000000033280000,0x0000000033380000)]
  0x0000000021606800 JavaThread "Thread-15" daemon [_thread_blocked, id=9536, stack(0x0000000033180000,0x0000000033280000)]
  0x0000000021603800 JavaThread "pool-5-thread-1" [_thread_blocked, id=13664, stack(0x0000000032f80000,0x0000000033080000)]
  0x0000000021605800 JavaThread "Java Sound Event Dispatcher" daemon [_thread_blocked, id=13904, stack(0x0000000032c80000,0x0000000032d80000)]
  0x000000001ff6d800 JavaThread "Thread-12" daemon [_thread_blocked, id=11992, stack(0x00000000307c0000,0x00000000308c0000)]
  0x000000001ff66000 JavaThread "DestroyJavaVM" [_thread_blocked, id=11268, stack(0x0000000002ab0000,0x0000000002bb0000)]
  0x000000001ff69800 JavaThread "pool-4-thread-1" [_thread_blocked, id=12624, stack(0x000000002ddf0000,0x000000002def0000)]
  0x000000001ff67800 JavaThread "TimerQueue" daemon [_thread_blocked, id=5144, stack(0x000000002daf0000,0x000000002dbf0000)]
  0x000000001ff61000 JavaThread "D3D Screen Updater" daemon [_thread_blocked, id=13932, stack(0x000000002cee0000,0x000000002cfe0000)]
  0x0000000021600800 JavaThread "Trident pulse source thread" daemon [_thread_blocked, id=2084, stack(0x000000002cde0000,0x000000002cee0000)]
  0x0000000021607000 JavaThread "Trident callback thread" daemon [_thread_blocked, id=9608, stack(0x000000002cce0000,0x000000002cde0000)]
  0x00000000215ff000 JavaThread "Substance heap status" daemon [_thread_blocked, id=12552, stack(0x000000002c930000,0x000000002ca30000)]
  0x0000000021605000 JavaThread "Thread-6" daemon [_thread_blocked, id=13908, stack(0x000000002c630000,0x000000002c730000)]
  0x00000000215fd800 JavaThread "Thread-5" daemon [_thread_blocked, id=13224, stack(0x000000002c530000,0x000000002c630000)]
  0x0000000021604000 JavaThread "Thread-4" daemon [_thread_blocked, id=12532, stack(0x000000002c430000,0x000000002c530000)]
  0x0000000021602800 JavaThread "AWT-EventQueue-0" [_thread_blocked, id=9520, stack(0x0000000026230000,0x0000000026330000)]
  0x00000000215fa800 JavaThread "AWT-Shutdown" [_thread_blocked, id=2672, stack(0x0000000022ea0000,0x0000000022fa0000)]
  0x00000000215fb000 JavaThread "AWT-Windows" daemon [_thread_in_native, id=1928, stack(0x0000000022ce0000,0x0000000022de0000)]
  0x0000000021601000 JavaThread "Java2D Disposer" daemon [_thread_blocked, id=12772, stack(0x00000000228e0000,0x00000000229e0000)]
  0x000000001e69b800 JavaThread "OkHttp ConnectionPool" daemon [_thread_blocked, id=7948, stack(0x0000000021210000,0x0000000021310000)]
  0x000000001ea5f800 JavaThread "pool-2-thread-1" [_thread_blocked, id=12664, stack(0x0000000020e10000,0x0000000020f10000)]
  0x000000001dbfb000 JavaThread "Service Thread" daemon [_thread_blocked, id=5628, stack(0x000000001e2c0000,0x000000001e3c0000)]
  0x000000001dbe8000 JavaThread "C1 CompilerThread2" daemon [_thread_blocked, id=10824, stack(0x000000001e1c0000,0x000000001e2c0000)]
  0x000000001db8a800 JavaThread "C2 CompilerThread1" daemon [_thread_blocked, id=10712, stack(0x000000001e0c0000,0x000000001e1c0000)]
  0x000000001db89800 JavaThread "C2 CompilerThread0" daemon [_thread_blocked, id=12896, stack(0x000000001dfc0000,0x000000001e0c0000)]
  0x000000001db87000 JavaThread "Monitor Ctrl-Break" daemon [_thread_in_native, id=11764, stack(0x000000001dec0000,0x000000001dfc0000)]
  0x000000001d910800 JavaThread "Attach Listener" daemon [_thread_blocked, id=9380, stack(0x000000001ddc0000,0x000000001dec0000)]
  0x000000001d90f800 JavaThread "Signal Dispatcher" daemon [_thread_blocked, id=12648, stack(0x000000001dcc0000,0x000000001ddc0000)]
  0x000000001c49b000 JavaThread "Finalizer" daemon [_thread_blocked, id=6768, stack(0x000000001d6d0000,0x000000001d7d0000)]
  0x000000001c469800 JavaThread "Reference Handler" daemon [_thread_blocked, id=12380, stack(0x000000001d5d0000,0x000000001d6d0000)]

Other Threads:
  0x000000001c458800 VMThread [stack: 0x000000001d4d0000,0x000000001d5d0000] [id=12916]
  0x000000001dbfc000 WatcherThread [stack: 0x000000001e3c0000,0x000000001e4c0000] [id=5828]

VM state:not at safepoint (normal execution)

VM Mutex/Monitor currently owned by a thread: None

Heap:
 PSYoungGen      total 1221632K, used 1008319K [0x000000076af00000, 0x00000007bff00000, 0x00000007c0000000)
  eden space 1184256K, 84% used [0x000000076af00000,0x00000007a8460760,0x00000007b3380000)
  from space 37376K, 9% used [0x00000007b3380000,0x00000007b36cf688,0x00000007b5800000)
  to   space 36864K, 0% used [0x00000007bdb00000,0x00000007bdb00000,0x00000007bff00000)
 ParOldGen       total 209408K, used 88150K [0x00000006c0c00000, 0x00000006cd880000, 0x000000076af00000)
  object space 209408K, 42% used [0x00000006c0c00000,0x00000006c6215930,0x00000006cd880000)
 Metaspace       used 60329K, capacity 64246K, committed 64600K, reserved 1105920K
  class space    used 6664K, capacity 7248K, committed 7296K, reserved 1048576K

Card table byte_map: [0x00000000121d0000,0x00000000129d0000] byte_map_base: 0x000000000ebca000

Marking Bits: (ParMarkBitMap*) 0x0000000070992d00
 Begin Bits: [0x0000000013330000, 0x0000000017300000)
 End Bits:   [0x0000000017300000, 0x000000001b2d0000)

Polling page: 0x00000000028a0000

CodeCache: size=245760Kb used=44869Kb max_used=45145Kb free=200890Kb
 bounds [0x0000000002e10000, 0x0000000005a60000, 0x0000000011e10000]
 total_blobs=11040 nmethods=9896 adapters=1051
 compilation: enabled

Compilation events (10 events):
Event: 342.128 Thread 0x000000001db89800 13148       4       com.jogamp.gluegen.runtime.opengl.GLNameResolver::getFuncNamePermutation (138 bytes)
Event: 342.131 Thread 0x000000001db89800 nmethod 13148 0x0000000004f9afd0 code [0x0000000004f9b140, 0x0000000004f9b638]
Event: 342.132 Thread 0x000000001db89800 13149       4       com.jogamp.common.os.DynamicLibraryBundle::toolDynamicLookupFunction (92 bytes)
Event: 342.133 Thread 0x000000001db89800 nmethod 13149 0x0000000004f9abd0 code [0x0000000004f9ad20, 0x0000000004f9ae08]
Event: 342.133 Thread 0x000000001db89800 13150       4       com.jogamp.common.os.DynamicLibraryBundle::dynamicLookupFunction (129 bytes)
Event: 342.152 Thread 0x000000001db89800 nmethod 13150 0x000000000552bcd0 code [0x000000000552bf00, 0x000000000552d280]
Event: 342.188 Thread 0x000000001db89800 13151       4       java.awt.Component::eventEnabled (9 bytes)
Event: 342.188 Thread 0x000000001db89800 nmethod 13151 0x0000000004f9c090 code [0x0000000004f9c1e0, 0x0000000004f9c278]
Event: 342.190 Thread 0x000000001db89800 13152       4       sun.awt.SunToolkit::targetToAppContext (30 bytes)
Event: 342.195 Thread 0x000000001db89800 nmethod 13152 0x0000000004f97950 code [0x0000000004f97ae0, 0x0000000004f98118]

GC Heap History (10 events):
Event: 8.570 GC heap before
{Heap before GC invocations=12 (full 2):
 PSYoungGen      total 825344K, used 13120K [0x000000076af00000, 0x000000079fe00000, 0x00000007c0000000)
  eden space 812032K, 0% used [0x000000076af00000,0x000000076af00000,0x000000079c800000)
  from space 13312K, 98% used [0x000000079f100000,0x000000079fdd0230,0x000000079fe00000)
  to   space 15872K, 0% used [0x000000079df00000,0x000000079df00000,0x000000079ee80000)
 ParOldGen       total 84992K, used 10299K [0x00000006c0c00000, 0x00000006c5f00000, 0x000000076af00000)
  object space 84992K, 12% used [0x00000006c0c00000,0x00000006c160efc0,0x00000006c5f00000)
 Metaspace       used 34759K, capacity 35270K, committed 35416K, reserved 1081344K
  class space    used 4052K, capacity 4205K, committed 4224K, reserved 1048576K
Event: 8.632 GC heap after
Heap after GC invocations=12 (full 2):
 PSYoungGen      total 825344K, used 0K [0x000000076af00000, 0x000000079fe00000, 0x00000007c0000000)
  eden space 812032K, 0% used [0x000000076af00000,0x000000076af00000,0x000000079c800000)
  from space 13312K, 0% used [0x000000079f100000,0x000000079f100000,0x000000079fe00000)
  to   space 15872K, 0% used [0x000000079df00000,0x000000079df00000,0x000000079ee80000)
 ParOldGen       total 110592K, used 22288K [0x00000006c0c00000, 0x00000006c7800000, 0x000000076af00000)
  object space 110592K, 20% used [0x00000006c0c00000,0x00000006c21c4148,0x00000006c7800000)
 Metaspace       used 34759K, capacity 35270K, committed 35416K, reserved 1081344K
  class space    used 4052K, capacity 4205K, committed 4224K, reserved 1048576K
}
Event: 57.665 GC heap before
{Heap before GC invocations=13 (full 2):
 PSYoungGen      total 825344K, used 812032K [0x000000076af00000, 0x000000079fe00000, 0x00000007c0000000)
  eden space 812032K, 100% used [0x000000076af00000,0x000000079c800000,0x000000079c800000)
  from space 13312K, 0% used [0x000000079f100000,0x000000079f100000,0x000000079fe00000)
  to   space 15872K, 0% used [0x000000079df00000,0x000000079df00000,0x000000079ee80000)
 ParOldGen       total 110592K, used 22288K [0x00000006c0c00000, 0x00000006c7800000, 0x000000076af00000)
  object space 110592K, 20% used [0x00000006c0c00000,0x00000006c21c4148,0x00000006c7800000)
 Metaspace       used 54528K, capacity 58418K, committed 58584K, reserved 1101824K
  class space    used 6251K, capacity 6821K, committed 6912K, reserved 1048576K
Event: 57.704 GC heap after
Heap after GC invocations=13 (full 2):
 PSYoungGen      total 851456K, used 15847K [0x000000076af00000, 0x00000007b7c80000, 0x00000007c0000000)
  eden space 835584K, 0% used [0x000000076af00000,0x000000076af00000,0x000000079df00000)
  from space 15872K, 99% used [0x000000079df00000,0x000000079ee79f58,0x000000079ee80000)
  to   space 37376K, 0% used [0x00000007b5800000,0x00000007b5800000,0x00000007b7c80000)
 ParOldGen       total 110592K, used 75930K [0x00000006c0c00000, 0x00000006c7800000, 0x000000076af00000)
  object space 110592K, 68% used [0x00000006c0c00000,0x00000006c56268c8,0x00000006c7800000)
 Metaspace       used 54528K, capacity 58418K, committed 58584K, reserved 1101824K
  class space    used 6251K, capacity 6821K, committed 6912K, reserved 1048576K
}
Event: 97.098 GC heap before
{Heap before GC invocations=14 (full 2):
 PSYoungGen      total 851456K, used 409699K [0x000000076af00000, 0x00000007b7c80000, 0x00000007c0000000)
  eden space 835584K, 47% used [0x000000076af00000,0x0000000782f9ed00,0x000000079df00000)
  from space 15872K, 99% used [0x000000079df00000,0x000000079ee79f58,0x000000079ee80000)
  to   space 37376K, 0% used [0x00000007b5800000,0x00000007b5800000,0x00000007b7c80000)
 ParOldGen       total 110592K, used 75930K [0x00000006c0c00000, 0x00000006c7800000, 0x000000076af00000)
  object space 110592K, 68% used [0x00000006c0c00000,0x00000006c56268c8,0x00000006c7800000)
 Metaspace       used 55060K, capacity 58924K, committed 59028K, reserved 1101824K
  class space    used 6287K, capacity 6846K, committed 6912K, reserved 1048576K
Event: 97.110 GC heap after
Heap after GC invocations=14 (full 2):
 PSYoungGen      total 1221632K, used 3670K [0x000000076af00000, 0x00000007b8300000, 0x00000007c0000000)
  eden space 1184256K, 0% used [0x000000076af00000,0x000000076af00000,0x00000007b3380000)
  from space 37376K, 9% used [0x00000007b5800000,0x00000007b5b95830,0x00000007b7c80000)
  to   space 37376K, 0% used [0x00000007b3380000,0x00000007b3380000,0x00000007b5800000)
 ParOldGen       total 110592K, used 92433K [0x00000006c0c00000, 0x00000006c7800000, 0x000000076af00000)
  object space 110592K, 83% used [0x00000006c0c00000,0x00000006c6644440,0x00000006c7800000)
 Metaspace       used 55060K, capacity 58924K, committed 59028K, reserved 1101824K
  class space    used 6287K, capacity 6846K, committed 6912K, reserved 1048576K
}
Event: 97.110 GC heap before
{Heap before GC invocations=15 (full 3):
 PSYoungGen      total 1221632K, used 3670K [0x000000076af00000, 0x00000007b8300000, 0x00000007c0000000)
  eden space 1184256K, 0% used [0x000000076af00000,0x000000076af00000,0x00000007b3380000)
  from space 37376K, 9% used [0x00000007b5800000,0x00000007b5b95830,0x00000007b7c80000)
  to   space 37376K, 0% used [0x00000007b3380000,0x00000007b3380000,0x00000007b5800000)
 ParOldGen       total 110592K, used 92433K [0x00000006c0c00000, 0x00000006c7800000, 0x000000076af00000)
  object space 110592K, 83% used [0x00000006c0c00000,0x00000006c6644440,0x00000006c7800000)
 Metaspace       used 55060K, capacity 58924K, committed 59028K, reserved 1101824K
  class space    used 6287K, capacity 6846K, committed 6912K, reserved 1048576K
Event: 97.343 GC heap after
Heap after GC invocations=15 (full 3):
 PSYoungGen      total 1221632K, used 0K [0x000000076af00000, 0x00000007b8300000, 0x00000007c0000000)
  eden space 1184256K, 0% used [0x000000076af00000,0x000000076af00000,0x00000007b3380000)
  from space 37376K, 0% used [0x00000007b5800000,0x00000007b5800000,0x00000007b7c80000)
  to   space 37376K, 0% used [0x00000007b3380000,0x00000007b3380000,0x00000007b5800000)
 ParOldGen       total 209408K, used 88142K [0x00000006c0c00000, 0x00000006cd880000, 0x000000076af00000)
  object space 209408K, 42% used [0x00000006c0c00000,0x00000006c6213930,0x00000006cd880000)
 Metaspace       used 55060K, capacity 58924K, committed 59028K, reserved 1101824K
  class space    used 6287K, capacity 6846K, committed 6912K, reserved 1048576K
}
Event: 227.367 GC heap before
{Heap before GC invocations=16 (full 3):
 PSYoungGen      total 1221632K, used 1184256K [0x000000076af00000, 0x00000007b8300000, 0x00000007c0000000)
  eden space 1184256K, 100% used [0x000000076af00000,0x00000007b3380000,0x00000007b3380000)
  from space 37376K, 0% used [0x00000007b5800000,0x00000007b5800000,0x00000007b7c80000)
  to   space 37376K, 0% used [0x00000007b3380000,0x00000007b3380000,0x00000007b5800000)
 ParOldGen       total 209408K, used 88142K [0x00000006c0c00000, 0x00000006cd880000, 0x000000076af00000)
  object space 209408K, 42% used [0x00000006c0c00000,0x00000006c6213930,0x00000006cd880000)
 Metaspace       used 55673K, capacity 59596K, committed 59924K, reserved 1101824K
  class space    used 6359K, capacity 6924K, committed 7040K, reserved 1048576K
Event: 227.371 GC heap after
Heap after GC invocations=16 (full 3):
 PSYoungGen      total 1221632K, used 3389K [0x000000076af00000, 0x00000007bff00000, 0x00000007c0000000)
  eden space 1184256K, 0% used [0x000000076af00000,0x000000076af00000,0x00000007b3380000)
  from space 37376K, 9% used [0x00000007b3380000,0x00000007b36cf688,0x00000007b5800000)
  to   space 36864K, 0% used [0x00000007bdb00000,0x00000007bdb00000,0x00000007bff00000)
 ParOldGen       total 209408K, used 88150K [0x00000006c0c00000, 0x00000006cd880000, 0x000000076af00000)
  object space 209408K, 42% used [0x00000006c0c00000,0x00000006c6215930,0x00000006cd880000)
 Metaspace       used 55673K, capacity 59596K, committed 59924K, reserved 1101824K
  class space    used 6359K, capacity 6924K, committed 7040K, reserved 1048576K
}

Deoptimization events (10 events):
Event: 341.179 Thread 0x00000000215fd800 Uncommon trap: reason=class_check action=maybe_recompile pc=0x0000000004d23298 method=java.lang.AbstractStringBuilder.append(Ljava/lang/CharSequence;II)Ljava/lang/AbstractStringBuilder; @ 18
Event: 341.207 Thread 0x00000000215fd800 Uncommon trap: reason=class_check action=maybe_recompile pc=0x00000000054a606c method=java.lang.AbstractStringBuilder.append(Ljava/lang/CharSequence;)Ljava/lang/AbstractStringBuilder; @ 26
Event: 341.207 Thread 0x00000000215fd800 Uncommon trap: reason=class_check action=maybe_recompile pc=0x0000000004d23298 method=java.lang.AbstractStringBuilder.append(Ljava/lang/CharSequence;II)Ljava/lang/AbstractStringBuilder; @ 18
Event: 341.335 Thread 0x00000000215fd800 Uncommon trap: reason=class_check action=maybe_recompile pc=0x00000000054a606c method=java.lang.AbstractStringBuilder.append(Ljava/lang/CharSequence;)Ljava/lang/AbstractStringBuilder; @ 26
Event: 341.335 Thread 0x00000000215fd800 Uncommon trap: reason=class_check action=maybe_recompile pc=0x0000000004d23298 method=java.lang.AbstractStringBuilder.append(Ljava/lang/CharSequence;II)Ljava/lang/AbstractStringBuilder; @ 18
Event: 341.335 Thread 0x00000000215fd800 Uncommon trap: reason=class_check action=maybe_recompile pc=0x00000000054a606c method=java.lang.AbstractStringBuilder.append(Ljava/lang/CharSequence;)Ljava/lang/AbstractStringBuilder; @ 26
Event: 341.335 Thread 0x00000000215fd800 Uncommon trap: reason=class_check action=maybe_recompile pc=0x0000000004d23298 method=java.lang.AbstractStringBuilder.append(Ljava/lang/CharSequence;II)Ljava/lang/AbstractStringBuilder; @ 18
Event: 341.358 Thread 0x0000000021602800 Uncommon trap: reason=class_check action=maybe_recompile pc=0x00000000055571ac method=java.awt.event.InvocationEvent.dispatch()V @ 11
Event: 342.064 Thread 0x000000001ff6f800 Uncommon trap: reason=bimorphic action=maybe_recompile pc=0x00000000036f4abc method=java.util.regex.Pattern$Branch.match(Ljava/util/regex/Matcher;ILjava/lang/CharSequence;)Z @ 32
Event: 342.213 Thread 0x000000001ff6f800 Uncommon trap: reason=bimorphic action=maybe_recompile pc=0x00000000036f4abc method=java.util.regex.Pattern$Branch.match(Ljava/util/regex/Matcher;ILjava/lang/CharSequence;)Z @ 32

Classes redefined (0 events):
No events

Internal exceptions (10 events):
Event: 181.745 Thread 0x000000002e757800 Implicit null exception at 0x000000000510e41b to 0x000000000510ed29
Event: 182.246 Thread 0x0000000021602800 Implicit null exception at 0x00000000054911c9 to 0x0000000005491ba5
Event: 211.651 Thread 0x000000002e754800 Implicit null exception at 0x000000000510e41b to 0x000000000510ed29
Event: 237.266 Thread 0x00000000215fd800 Implicit null exception at 0x00000000051d4d0a to 0x00000000051d6751
Event: 262.704 Thread 0x00000000215fd800 Implicit null exception at 0x0000000003d8dce0 to 0x0000000003d8e165
Event: 311.962 Thread 0x00000000215fd800 Implicit null exception at 0x0000000004f6e3fa to 0x0000000004f6e845
Event: 311.965 Thread 0x00000000215fd800 Implicit null exception at 0x00000000054935f6 to 0x0000000005493929
Event: 341.074 Thread 0x00000000215fd800 Implicit null exception at 0x0000000002f86611 to 0x0000000002f86b59
Event: 341.075 Thread 0x00000000215fd800 Implicit null exception at 0x00000000031dcfcf to 0x00000000031dd5f5
Event: 341.175 Thread 0x00000000215fd800 Implicit null exception at 0x00000000044e5f19 to 0x00000000044e6b29

Events (10 events):
Event: 342.084 loading class jogamp/opengl/windows/wgl/WGLExtProcAddressTable$1
Event: 342.084 loading class jogamp/opengl/windows/wgl/WGLExtProcAddressTable$1 done
Event: 342.084 Executing VM operation: RevokeBias
Event: 342.085 Executing VM operation: RevokeBias done
Event: 342.131 Thread 0x000000001db89800 flushing nmethod 0x000000000328a950
Event: 342.213 Thread 0x000000001ff6f800 Uncommon trap: trap_request=0xffffffc6 fr.pc=0x00000000036f4abc
Event: 342.214 Thread 0x000000001ff6f800 DEOPT PACKING pc=0x00000000036f4abc sp=0x000000003b06de70
Event: 342.214 Thread 0x000000001ff6f800 DEOPT UNPACKING pc=0x0000000002e5583b sp=0x000000003b06de28 mode 2
Event: 342.214 loading class jogamp/opengl/GLContextImpl$MappedGLVersion
Event: 342.214 loading class jogamp/opengl/GLContextImpl$MappedGLVersion done


Dynamic libraries:
0x00007ff74b670000 - 0x00007ff74b6a7000 	C:\Program Files\Java\jdk1.8.0_181\bin\java.exe
0x00007ffc46880000 - 0x00007ffc46a61000 	C:\WINDOWS\SYSTEM32\ntdll.dll
0x00007ffc43dc0000 - 0x00007ffc43e72000 	C:\WINDOWS\System32\KERNEL32.DLL
0x00007ffc435e0000 - 0x00007ffc43853000 	C:\WINDOWS\System32\KERNELBASE.dll
0x00007ffc40f10000 - 0x00007ffc40f9b000 	C:\WINDOWS\SYSTEM32\apphelp.dll
0x00007ffbf7270000 - 0x00007ffbf76ff000 	C:\WINDOWS\SYSTEM32\AcLayers.DLL
0x00007ffc467a0000 - 0x00007ffc4683e000 	C:\WINDOWS\System32\msvcrt.dll
0x00007ffc44c00000 - 0x00007ffc44d90000 	C:\WINDOWS\System32\USER32.dll
0x00007ffc43b50000 - 0x00007ffc43b70000 	C:\WINDOWS\System32\win32u.dll
0x00007ffc44f10000 - 0x00007ffc44f38000 	C:\WINDOWS\System32\GDI32.dll
0x00007ffc433c0000 - 0x00007ffc43552000 	C:\WINDOWS\System32\gdi32full.dll
0x00007ffc43b70000 - 0x00007ffc43c0f000 	C:\WINDOWS\System32\msvcp_win.dll
0x00007ffc43c10000 - 0x00007ffc43d08000 	C:\WINDOWS\System32\ucrtbase.dll
0x00007ffc46650000 - 0x00007ffc466a1000 	C:\WINDOWS\System32\SHLWAPI.dll
0x00007ffc44810000 - 0x00007ffc44b32000 	C:\WINDOWS\System32\combase.dll
0x00007ffc43ea0000 - 0x00007ffc43fc4000 	C:\WINDOWS\System32\RPCRT4.dll
0x00007ffc43560000 - 0x00007ffc435da000 	C:\WINDOWS\System32\bcryptPrimitives.dll
0x00007ffc2b160000 - 0x00007ffc2b1e5000 	C:\WINDOWS\SYSTEM32\WINSPOOL.DRV
0x00007ffc42c10000 - 0x00007ffc42c21000 	C:\WINDOWS\System32\kernel.appcore.dll
0x00007ffc3e610000 - 0x00007ffc3e7c4000 	C:\WINDOWS\SYSTEM32\PROPSYS.dll
0x00007ffc44e40000 - 0x00007ffc44f03000 	C:\WINDOWS\System32\OLEAUT32.dll
0x00007ffc44d90000 - 0x00007ffc44e39000 	C:\WINDOWS\System32\shcore.dll
0x00007ffc44780000 - 0x00007ffc447db000 	C:\WINDOWS\System32\sechost.dll
0x00007ffc42190000 - 0x00007ffc421c8000 	C:\WINDOWS\SYSTEM32\IPHLPAPI.DLL
0x00007ffc426f0000 - 0x00007ffc42715000 	C:\WINDOWS\SYSTEM32\bcrypt.dll
0x00000000007e0000 - 0x00000000007e3000 	C:\WINDOWS\SYSTEM32\sfc.dll
0x00007ffc2a870000 - 0x00007ffc2a883000 	C:\WINDOWS\SYSTEM32\sfc_os.DLL
0x00007ffc447e0000 - 0x00007ffc4480d000 	C:\WINDOWS\System32\IMM32.DLL
0x00007ffc43d10000 - 0x00007ffc43db1000 	C:\WINDOWS\System32\ADVAPI32.dll
0x00007ffc37540000 - 0x00007ffc377a9000 	C:\WINDOWS\WinSxS\amd64_microsoft.windows.common-controls_6595b64144ccf1df_6.0.17134.648_none_fb45a0e93062a6d2\COMCTL32.dll
0x0000000070bb0000 - 0x0000000070c82000 	C:\Program Files\Java\jdk1.8.0_181\jre\bin\msvcr100.dll
0x0000000070170000 - 0x0000000070a12000 	C:\Program Files\Java\jdk1.8.0_181\jre\bin\server\jvm.dll
0x00007ffc43e80000 - 0x00007ffc43e88000 	C:\WINDOWS\System32\PSAPI.DLL
0x00007ffc2dce0000 - 0x00007ffc2dce9000 	C:\WINDOWS\SYSTEM32\WSOCK32.dll
0x00007ffc3ed40000 - 0x00007ffc3ed63000 	C:\WINDOWS\SYSTEM32\WINMM.dll
0x00007ffc44f40000 - 0x00007ffc44fac000 	C:\WINDOWS\System32\WS2_32.dll
0x00007ffc3d870000 - 0x00007ffc3d87a000 	C:\WINDOWS\SYSTEM32\VERSION.dll
0x00007ffc3ed10000 - 0x00007ffc3ed3a000 	C:\WINDOWS\SYSTEM32\winmmbase.dll
0x00007ffc43b00000 - 0x00007ffc43b49000 	C:\WINDOWS\System32\cfgmgr32.dll
0x0000000070ba0000 - 0x0000000070baf000 	C:\Program Files\Java\jdk1.8.0_181\jre\bin\verify.dll
0x0000000070b70000 - 0x0000000070b99000 	C:\Program Files\Java\jdk1.8.0_181\jre\bin\java.dll
0x0000000070b20000 - 0x0000000070b43000 	C:\Program Files\Java\jdk1.8.0_181\jre\bin\instrument.dll
0x0000000070b50000 - 0x0000000070b66000 	C:\Program Files\Java\jdk1.8.0_181\jre\bin\zip.dll
0x00007ffc45210000 - 0x00007ffc46650000 	C:\WINDOWS\System32\SHELL32.dll
0x00007ffc42cb0000 - 0x00007ffc433bd000 	C:\WINDOWS\System32\windows.storage.dll
0x00007ffc42c30000 - 0x00007ffc42c4f000 	C:\WINDOWS\System32\profapi.dll
0x00007ffc42ba0000 - 0x00007ffc42bec000 	C:\WINDOWS\System32\powrprof.dll
0x00007ffc42b90000 - 0x00007ffc42b9a000 	C:\WINDOWS\System32\FLTLIB.DLL
0x00007ffc24610000 - 0x00007ffc2462a000 	C:\Program Files\JetBrains\IntelliJ IDEA Community Edition 2018.2.4\bin\breakgen64.dll
0x0000000070b00000 - 0x0000000070b1a000 	C:\Program Files\Java\jdk1.8.0_181\jre\bin\net.dll
0x00007ffc42410000 - 0x00007ffc42476000 	C:\WINDOWS\system32\mswsock.dll
0x0000000070120000 - 0x0000000070144000 	C:\Program Files\Java\jdk1.8.0_181\jre\bin\sunec.dll
0x00007ffc43e90000 - 0x00007ffc43e98000 	C:\WINDOWS\System32\NSI.dll
0x00007ffc3e5f0000 - 0x00007ffc3e606000 	C:\WINDOWS\SYSTEM32\dhcpcsvc6.DLL
0x00007ffc3e5d0000 - 0x00007ffc3e5ea000 	C:\WINDOWS\SYSTEM32\dhcpcsvc.DLL
0x0000000070150000 - 0x0000000070161000 	C:\Program Files\Java\jdk1.8.0_181\jre\bin\nio.dll
0x00007ffc425c0000 - 0x00007ffc425d7000 	C:\WINDOWS\SYSTEM32\CRYPTSP.dll
0x00007ffc41ff0000 - 0x00007ffc42023000 	C:\WINDOWS\system32\rsaenh.dll
0x00007ffc42ac0000 - 0x00007ffc42ae8000 	C:\WINDOWS\SYSTEM32\USERENV.dll
0x00007ffc425e0000 - 0x00007ffc425eb000 	C:\WINDOWS\SYSTEM32\CRYPTBASE.dll
0x00007ffc10390000 - 0x00007ffc103d2000 	C:\Users\kings\AppData\Local\Temp\jna-102053820\jna1668336178276771356.dll
0x00007ffc0f560000 - 0x00007ffc0f5fc000 	C:\Users\kings\AppData\Local\Temp\jna-102053820\jna2499685158402796143.dll
0x00007ffc421d0000 - 0x00007ffc4228e000 	C:\WINDOWS\SYSTEM32\DNSAPI.dll
0x00007ffc3ca00000 - 0x00007ffc3ca0a000 	C:\Windows\System32\rasadhlp.dll
0x00007ffc3b0e0000 - 0x00007ffc3b152000 	C:\WINDOWS\System32\fwpuclnt.dll
0x0000000070110000 - 0x000000007011b000 	C:\Program Files\Java\jdk1.8.0_181\jre\bin\sunmscapi.dll
0x00007ffc43910000 - 0x00007ffc43af2000 	C:\WINDOWS\System32\CRYPT32.dll
0x00007ffc42bf0000 - 0x00007ffc42c02000 	C:\WINDOWS\System32\MSASN1.dll
0x000000006ff70000 - 0x0000000070109000 	C:\Program Files\Java\jdk1.8.0_181\jre\bin\awt.dll
0x00007ffc41040000 - 0x00007ffc410d8000 	C:\WINDOWS\system32\uxtheme.dll
0x00007ffc44580000 - 0x00007ffc446f3000 	C:\WINDOWS\System32\MSCTF.dll
0x00007ffc41320000 - 0x00007ffc41349000 	C:\WINDOWS\system32\dwmapi.dll
0x00007ffc43fd0000 - 0x00007ffc44121000 	C:\WINDOWS\System32\ole32.dll
0x000000006fec0000 - 0x000000006ff62000 	C:\Program Files\Java\jdk1.8.0_181\jre\bin\mlib_image.dll
0x000000006fe70000 - 0x000000006feb7000 	C:\Program Files\Java\jdk1.8.0_181\jre\bin\fontmanager.dll
0x00007ffc18d80000 - 0x00007ffc18ea0000 	C:\WINDOWS\system32\opengl32.dll
0x00007ffc25e80000 - 0x00007ffc25eac000 	C:\WINDOWS\SYSTEM32\GLU32.dll
0x00007ffc36930000 - 0x00007ffc36ac7000 	C:\WINDOWS\system32\d3d9.dll
0x00007ffc3cb90000 - 0x00007ffc3cd6a000 	C:\WINDOWS\System32\DriverStore\FileRepository\c0332601.inf_amd64_5beeaaa0c940e99c\B332635\aticfx64.dll
0x00007ffc18840000 - 0x00007ffc18870000 	C:\WINDOWS\System32\DriverStore\FileRepository\c0332601.inf_amd64_5beeaaa0c940e99c\B332635\atiu9p64.dll
0x00007ffc17bc0000 - 0x00007ffc1883b000 	C:\WINDOWS\System32\DriverStore\FileRepository\c0332601.inf_amd64_5beeaaa0c940e99c\B332635\atiumd64.dll
0x0000000072160000 - 0x0000000072e0d000 	C:\WINDOWS\System32\DriverStore\FileRepository\c0332601.inf_amd64_5beeaaa0c940e99c\B332635\atiumd6a.dll
0x00007ffc3b270000 - 0x00007ffc3b299000 	C:\WINDOWS\SYSTEM32\amdihk64.dll
0x000000006fe40000 - 0x000000006fe6a000 	C:\Program Files\Java\jdk1.8.0_181\jre\bin\dcpr.dll
0x000000006fdf0000 - 0x000000006fe32000 	C:\Program Files\Java\jdk1.8.0_181\jre\bin\t2k.dll
0x00007ffc44b60000 - 0x00007ffc44c00000 	C:\WINDOWS\System32\clbcatq.dll
0x00007ffc3de00000 - 0x00007ffc3dfae000 	C:\WINDOWS\SYSTEM32\WindowsCodecs.dll
0x00007ffc27610000 - 0x00007ffc27668000 	C:\WINDOWS\system32\dataexchange.dll
0x00007ffc40830000 - 0x00007ffc409cc000 	C:\WINDOWS\system32\dcomp.dll
0x00007ffc3fb20000 - 0x00007ffc3fe2b000 	C:\WINDOWS\system32\d3d11.dll
0x00007ffc41950000 - 0x00007ffc41a0b000 	C:\WINDOWS\system32\dxgi.dll
0x00007ffc41430000 - 0x00007ffc415e8000 	C:\WINDOWS\system32\twinapi.appcore.dll
0x00007ffc41400000 - 0x00007ffc41429000 	C:\WINDOWS\system32\RMCLIENT.dll
0x00007ffc34390000 - 0x00007ffc34438000 	C:\WINDOWS\SYSTEM32\mscms.dll
0x00007ffc2b370000 - 0x00007ffc2b380000 	C:\WINDOWS\SYSTEM32\ColorAdapterClient.dll
0x00007ffc2d7a0000 - 0x00007ffc2d7e3000 	C:\WINDOWS\SYSTEM32\icm32.dll
0x00007ffc3ec40000 - 0x00007ffc3ec4b000 	C:\WINDOWS\SYSTEM32\WINNSI.DLL
0x000000006fdb0000 - 0x000000006fde1000 	C:\Program Files\Java\jdk1.8.0_181\jre\bin\jpeg.dll
0x000000006fd70000 - 0x000000006fdae000 	C:\Program Files\Java\jdk1.8.0_181\jre\bin\lcms.dll
0x000000006fd60000 - 0x000000006fd6d000 	C:\Program Files\Java\jdk1.8.0_181\jre\bin\management.dll
0x000000006fd50000 - 0x000000006fd5c000 	C:\Program Files\Java\jdk1.8.0_181\jre\bin\jsound.dll
0x000000006fd40000 - 0x000000006fd4b000 	C:\Program Files\Java\jdk1.8.0_181\jre\bin\jsoundds.dll
0x00007ffbfd5a0000 - 0x00007ffbfd62f000 	C:\WINDOWS\SYSTEM32\DSOUND.dll
0x00007ffc3a9b0000 - 0x00007ffc3aa26000 	C:\WINDOWS\SYSTEM32\MMDevAPI.DLL
0x00007ffc429a0000 - 0x00007ffc429c7000 	C:\WINDOWS\SYSTEM32\DEVOBJ.dll
0x00007ffc17290000 - 0x00007ffc172d4000 	C:\WINDOWS\SYSTEM32\wdmaud.drv
0x00007ffc25f90000 - 0x00007ffc25f99000 	C:\WINDOWS\SYSTEM32\ksuser.dll
0x00007ffc3dd90000 - 0x00007ffc3dd9a000 	C:\WINDOWS\SYSTEM32\AVRT.dll
0x00007ffc1e500000 - 0x00007ffc1e62c000 	C:\WINDOWS\SYSTEM32\AUDIOSES.DLL
0x00007ffc3e7d0000 - 0x00007ffc3e91d000 	C:\WINDOWS\SYSTEM32\wintypes.dll
0x00007ffc1e6e0000 - 0x00007ffc1e6ed000 	C:\WINDOWS\SYSTEM32\msacm32.drv
0x00007ffc173a0000 - 0x00007ffc173bc000 	C:\WINDOWS\SYSTEM32\MSACM32.dll
0x00007ffc1e6b0000 - 0x00007ffc1e6ba000 	C:\WINDOWS\SYSTEM32\midimap.dll
0x00007ffc39ac0000 - 0x00007ffc39bd4000 	C:\Windows\System32\Windows.UI.dll
0x00007ffc39a20000 - 0x00007ffc39ab6000 	C:\Windows\System32\TextInputFramework.dll
0x00007ffc399a0000 - 0x00007ffc39a19000 	C:\Windows\System32\InputHost.dll
0x00007ffc3d890000 - 0x00007ffc3dbae000 	C:\Windows\System32\CoreUIComponents.dll
0x00007ffc409d0000 - 0x00007ffc40aaa000 	C:\Windows\System32\CoreMessaging.dll
0x00007ffc41c80000 - 0x00007ffc41cb1000 	C:\WINDOWS\SYSTEM32\ntmarta.dll
0x00007ffbf7700000 - 0x00007ffbf7755000 	C:\Program Files (x86)\obs-studio\data\obs-plugins\win-capture\graphics-hook64.dll
0x00007ffc3fe30000 - 0x00007ffc4025f000 	C:\WINDOWS\SYSTEM32\D3DCompiler_47.dll
0x00000000637c0000 - 0x00000000637cd000 	C:\Users\kings\AppData\Local\Temp\jogamp_0000\file_cache\jln493355158341808939\jln1766756622621697377\natives\windows-amd64\gluegen-rt.dll
0x000000006fd30000 - 0x000000006fd37000 	C:\Program Files\Java\jdk1.8.0_181\jre\bin\jawt.dll
0x000000006a440000 - 0x000000006a44d000 	C:\Users\kings\AppData\Local\Temp\jogamp_0000\file_cache\jln493355158341808939\jln1766756622621697377\natives\windows-amd64\nativewindow_awt.dll
0x000000006c100000 - 0x000000006c10f000 	C:\Users\kings\AppData\Local\Temp\jogamp_0000\file_cache\jln493355158341808939\jln1766756622621697377\natives\windows-amd64\nativewindow_win32.dll
0x0000000064500000 - 0x00000000645b1000 	C:\Users\kings\AppData\Local\Temp\jogamp_0000\file_cache\jln493355158341808939\jln1766756622621697377\natives\windows-amd64\jogl_desktop.dll
0x0000000064340000 - 0x00000000643a2000 	C:\Users\kings\AppData\Local\Temp\jogamp_0000\file_cache\jln493355158341808939\jln1766756622621697377\natives\windows-amd64\jogl_mobile.dll
0x00007ffc188b0000 - 0x00007ffc188d7000 	C:\WINDOWS\System32\DriverStore\FileRepository\c0332601.inf_amd64_5beeaaa0c940e99c\B332635\atig6pxx.dll

VM Arguments:
jvm_args: -javaagent:C:\Program Files\JetBrains\IntelliJ IDEA Community Edition 2018.2.4\lib\idea_rt.jar=60794:C:\Program Files\JetBrains\IntelliJ IDEA Community Edition 2018.2.4\bin -Dfile.encoding=UTF-8 
java_command: net.runelite.client.RuneLite
java_class_path (initial): C:\Program Files\Java\jdk1.8.0_181\jre\lib\charsets.jar;C:\Program Files\Java\jdk1.8.0_181\jre\lib\deploy.jar;C:\Program Files\Java\jdk1.8.0_181\jre\lib\ext\access-bridge-64.jar;C:\Program Files\Java\jdk1.8.0_181\jre\lib\ext\cldrdata.jar;C:\Program Files\Java\jdk1.8.0_181\jre\lib\ext\dnsns.jar;C:\Program Files\Java\jdk1.8.0_181\jre\lib\ext\jaccess.jar;C:\Program Files\Java\jdk1.8.0_181\jre\lib\ext\jfxrt.jar;C:\Program Files\Java\jdk1.8.0_181\jre\lib\ext\localedata.jar;C:\Program Files\Java\jdk1.8.0_181\jre\lib\ext\nashorn.jar;C:\Program Files\Java\jdk1.8.0_181\jre\lib\ext\sunec.jar;C:\Program Files\Java\jdk1.8.0_181\jre\lib\ext\sunjce_provider.jar;C:\Program Files\Java\jdk1.8.0_181\jre\lib\ext\sunmscapi.jar;C:\Program Files\Java\jdk1.8.0_181\jre\lib\ext\sunpkcs11.jar;C:\Program Files\Java\jdk1.8.0_181\jre\lib\ext\zipfs.jar;C:\Program Files\Java\jdk1.8.0_181\jre\lib\javaws.jar;C:\Program Files\Java\jdk1.8.0_181\jre\lib\jce.jar;C:\Program Files\Java\jdk1.8.0_181\jre\lib\jfr.jar;C:\Program Files\Java\jdk1.8.0_181\jre\lib\jfxswt.jar;C:\Program Files\Java\jdk1.8.0_181\jre\lib\jsse.jar;C:\Program Files\Java\jdk1.8.0_181\jre\lib\management-agent.jar;C:\Program Files\Java\jdk1.8.0_181\jre\lib\plugin.jar;C:\Program Files\Java\jdk1.8.0_181\jre\lib\resources.jar;C:\Program Files\Java\jdk1.8.0_181\jre\lib\rt.jar;C:\Users\kings\IdeaProjects\runelite\runelite-client\target\classes;C:\Users\kings\.m2\repository\org\slf4j\slf4j-api\1.7.25\slf4j-api-1.7.25.jar;C:\Users\kings\.m2\repository\ch\qos\logback\logback-classic\1.2.3\logback-classic-1.2.3.jar;C:\Users\kings\.m2\repository\ch\qos\logback\logback-core\1.2.3\logback-core-1.2.3.jar;C:\Users\kings\.m2\repository\net\sf\jopt-simple\jopt-simple\5.0.1\jopt-simple-5.0.1.jar;C:\Users\kings\.m2\repository\com\google\guava\guava\23.2-jre\guava-23.2-jre.jar;C:\Users\kings\.m2\repository\com\google\code\findbugs\jsr305\1.3.9\jsr305-1.3.9.jar;C:\Users\kings\.m2\repository\com\google\errorprone\error_prone_anno
Launcher Type: SUN_STANDARD

Environment Variables:
PATH=C:\Program Files (x86)\Common Files\Oracle\Java\javapath;C:\Program Files (x86)\Common Files\Intel\Shared Libraries\redist\intel64\compiler;C:\ProgramData\Oracle\Java\javapath;C:\WINDOWS\system32;C:\WINDOWS;C:\WINDOWS\System32\Wbem;C:\WINDOWS\System32\WindowsPowerShell\v1.0\;C:\cygwin64\bin;C:\Opencv\BUILD\x64\vc14\bin;C:\Opencv\opencv\build\x64\vc14\bin;C:\Program Files (x86)\Calibre2\;C:\Users\kings\Desktop;C:\WINDOWS\System32\OpenSSH\;C:\Program Files\Git\cmd;C:\Program Files\Git\mingw64\bin;C:\Program Files\Git\usr\bin;C:\cygwin64\bin;C:\Users\kings\AppData\Local\Microsoft\WindowsApps;C:\Users\kings\AppData\Local\GitHubDesktop\bin;C:\Users\kings\AppData\Local\Programs\Microsoft VS Code\bin
USERNAME=kings
OS=Windows_NT
PROCESSOR_IDENTIFIER=Intel64 Family 6 Model 60 Stepping 3, GenuineIntel



---------------  S Y S T E M  ---------------

OS: Windows 10.0 , 64 bit Build 17134 (10.0.17134.648)

CPU:total 4 (initial active 4) (4 cores per cpu, 1 threads per core) family 6 model 60 stepping 3, cmov, cx8, fxsr, mmx, sse, sse2, sse3, ssse3, sse4.1, sse4.2, popcnt, avx, avx2, aes, clmul, erms, lzcnt, tsc, tscinvbit, bmi1, bmi2

Memory: 4k page, physical 16724776k(8339040k free), swap 19215144k(5713280k free)

vm_info: Java HotSpot(TM) 64-Bit Server VM (25.181-b13) for windows-amd64 JRE (1.8.0_181-b13), built on Jul  7 2018 04:01:33 by "java_re" with MS VC++ 10.0 (VS2010)

time: Thu Mar 21 06:00:33 2019
elapsed time: 342 seconds (0d 0h 5m 42s)

