#
# A fatal error has been detected by the Java Runtime Environment:
#
#  EXCEPTION_ACCESS_VIOLATION (0xc0000005) at pc=0x00007ff829326252, pid=9872, tid=14416
#
# JRE version: Java(TM) SE Runtime Environment 18.9 (11.0.9+7) (build 11.0.9+7-LTS)
# Java VM: Java HotSpot(TM) 64-Bit Server VM 18.9 (11.0.9+7-LTS, mixed mode, tiered, compressed oops, g1 gc, windows-amd64)
# Problematic frame:
# C  [igxelpicd64.dll+0x286252]
#
# No core dump will be written. Minidumps are not enabled by default on client versions of Windows
#
# If you would like to submit a bug report, please visit:
#   https://bugreport.java.com/bugreport/crash.jsp
#

---------------  S U M M A R Y ------------

Command Line: -agentlib:jdwp=transport=dt_socket,address=127.0.0.1:50541,suspend=y,server=n -javaagent:C:\Users\matma\AppData\Local\JetBrains\IdeaIC2022.2\captureAgent\debugger-agent.jar -Dfile.encoding=UTF-8 net.runelite.client.RuneLite

Host: 11th Gen Intel(R) Core(TM) i7-11600H @ 2.90GHz, 12 cores, 15G,  Windows 10 , 64 bit Build 22621 (10.0.22621.608)
Time: Thu Nov  3 13:10:39 2022 W. Australia Standard Time elapsed time: 1840.277067 seconds (0d 0h 30m 40s)

---------------  T H R E A D  ---------------

Current thread (0x0000018fccd84800):  VMThread "VM Thread" [stack: 0x0000000c80e00000,0x0000000c80f00000] [id=14416]

Stack: [0x0000000c80e00000,0x0000000c80f00000],  sp=0x0000000c80efe0a0,  free space=1016k
Native frames: (J=compiled Java code, j=interpreted, Vv=VM code, C=native code)
C  [igxelpicd64.dll+0x286252]


siginfo: EXCEPTION_ACCESS_VIOLATION (0xc0000005), reading address 0x0000000000035bb8


Register to memory mapping:

RIP=0x00007ff829326252 igxelpicd64.dll
RAX=0x0000018fd9721070 points into unknown readable memory: 00 00 00 00 00 00 00 00
RBX=0x0000018fd9720f60 points into unknown readable memory: 60 e9 3a d4 8f 01 00 00
RCX=0x0000000000d13ba8 is an unknown value
RDX=0x00000000fffffff0 is an unknown value
RSP=0x0000000c80efe0a0 points into unknown readable memory: f0 b9 6f d5 8f 01 00 00
RBP=0x0 is NULL
RSI=0x0000018fd9721540 points into unknown readable memory: d0 9f 71 d9 8f 01 00 00
RDI=0x0000018fd74ca610 points into unknown readable memory: 00 fe ba be 00 00 00 34
R8 =0x0000000000000014 is an unknown value
R9 =0x0 is NULL
R10=0x0 is NULL
R11=0x0000000000000246 is an unknown value
R12=0x0000018fd6efa200 points into unknown readable memory: 00 00 00 00 00 00 00 00
R13=0x0000018fd9719fd0 points into unknown readable memory: 60 e9 3a d4 8f 01 00 00
R14=0x0000000000d13b00 is an unknown value
R15=0x0000000000000016 is an unknown value


Registers:
RAX=0x0000018fd9721070, RBX=0x0000018fd9720f60, RCX=0x0000000000d13ba8, RDX=0x00000000fffffff0
RSP=0x0000000c80efe0a0, RBP=0x0000000000000000, RSI=0x0000018fd9721540, RDI=0x0000018fd74ca610
R8 =0x0000000000000014, R9 =0x0000000000000000, R10=0x0000000000000000, R11=0x0000000000000246
R12=0x0000018fd6efa200, R13=0x0000018fd9719fd0, R14=0x0000000000d13b00, R15=0x0000000000000016
RIP=0x00007ff829326252, EFLAGS=0x0000000000010202

Top of Stack: (sp=0x0000000c80efe0a0)
0x0000000c80efe0a0:   0000018fd56fb9f0 0000000000000000
0x0000000c80efe0b0:   0000000c80efe140 00007ff8ca8d2db4
0x0000000c80efe0c0:   00007ff846bb9f80 00007ff8ca8c53c1
0x0000000c80efe0d0:   00000000000007cf 00007ff846942bbf
0x0000000c80efe0e0:   0000000000000019 0000000000d13bef
0x0000000c80efe0f0:   0000b802001c0000 0000018fd6efa278
0x0000000c80efe100:   0000000000000000 0000000000000000
0x0000000c80efe110:   0000000c80efe220 00007ff82910e31f
0x0000000c80efe120:   0000018fd56fb9f0 0000018fd74ca610
0x0000000c80efe130:   0000000c80efe200 0000000c80efe200
0x0000000c80efe140:   0000000c00002be4 00007ff800000000
0x0000000c80efe150:   0000000000000000 00007ff8ca8c1771
0x0000000c80efe160:   0000000c80efe348 00007ff8ca84db04
0x0000000c80efe170:   0000018fa6cf0b34 00000000000000c0
0x0000000c80efe180:   0000018fa6cf0b4c 0000018fa6cf0b08
0x0000000c80efe190:   0000000c80efe2a8 0000000c80efe4e8 

Instructions: (pc=0x00007ff829326252)
0x00007ff829326232:   83 62 01 00 00 4a 8d 04 cd 22 00 00 00 49 03 c1
0x00007ff829326242:   48 8d 04 c3 48 85 c0 0f 85 77 01 00 00 49 8b ca
0x00007ff829326252:   48 3b 8d b8 5b 03 00 0f 87 58 09 78 00 48 8d 93
0x00007ff829326262:   10 01 00 00 4c 39 93 60 06 00 00 0f 85 c3 0a 78 


Stack slot to memory mapping:
stack at sp + 0 slots: 0x0000018fd56fb9f0 points into unknown readable memory: ff ff ff ff ff ff ff ff
stack at sp + 1 slots: 0x0 is NULL
stack at sp + 2 slots: 0x0000000c80efe140 points into unknown readable memory: e4 2b 00 00 0c 00 00 00
stack at sp + 3 slots: 0x00007ff8ca8d2db4 ntdll.dll
stack at sp + 4 slots: 0x00007ff846bb9f80 jvm.dll
stack at sp + 5 slots: 0x00007ff8ca8c53c1 ntdll.dll
stack at sp + 6 slots: 0x00000000000007cf is an unknown value
stack at sp + 7 slots: 0x00007ff846942bbf jvm.dll

VM_Operation (0x0000000c818feed0): Exit, mode: safepoint, requested by thread 0x0000018fd163f800


---------------  P R O C E S S  ---------------

Threads class SMR info:
_java_thread_list=0x0000018fe6d34080, length=28, elements={
0x0000018fccd89000, 0x0000018fccd94800, 0x0000018fcd689800, 0x0000018fcd68a000,
0x0000018fcd68b800, 0x0000018fcd694000, 0x0000018fcd698000, 0x0000018fcd817800,
0x0000018fcd997800, 0x0000018fcd96f000, 0x0000018fce812800, 0x0000018fce9ed000,
0x0000018fce7e7000, 0x0000018fceca3800, 0x0000018fd3ca1800, 0x0000018fd1638000,
0x0000018fd1637800, 0x0000018fd1639000, 0x0000018fd1633800, 0x0000018fd163b800,
0x0000018fd163a800, 0x0000018fd3c9b800, 0x0000018fd3c9d800, 0x0000018fd3ca2800,
0x0000018fd3ca0000, 0x0000018fd1634000, 0x0000018fd1640800, 0x0000018fd163f800
}

Java Threads: ( => current thread )
  0x0000018fccd89000 JavaThread "Reference Handler" daemon [_thread_blocked, id=23920, stack(0x0000000c80f00000,0x0000000c81000000)]
  0x0000018fccd94800 JavaThread "Finalizer" daemon [_thread_blocked, id=22928, stack(0x0000000c81000000,0x0000000c81100000)]
  0x0000018fcd689800 JavaThread "Signal Dispatcher" daemon [_thread_blocked, id=13288, stack(0x0000000c81100000,0x0000000c81200000)]
  0x0000018fcd68a000 JavaThread "Attach Listener" daemon [_thread_blocked, id=21916, stack(0x0000000c81200000,0x0000000c81300000)]
  0x0000018fcd68b800 JavaThread "C2 CompilerThread0" daemon [_thread_blocked, id=11804, stack(0x0000000c81300000,0x0000000c81400000)]
  0x0000018fcd694000 JavaThread "C1 CompilerThread0" daemon [_thread_blocked, id=13800, stack(0x0000000c81400000,0x0000000c81500000)]
  0x0000018fcd698000 JavaThread "Sweeper thread" daemon [_thread_blocked, id=9712, stack(0x0000000c81500000,0x0000000c81600000)]
  0x0000018fcd817800 JavaThread "Common-Cleaner" daemon [_thread_blocked, id=20296, stack(0x0000000c81600000,0x0000000c81700000)]
  0x0000018fcd997800 JavaThread "JDWP Event Helper Thread" daemon [_thread_blocked, id=15488, stack(0x0000000c81900000,0x0000000c81a00000)]
  0x0000018fcd96f000 JavaThread "Service Thread" daemon [_thread_blocked, id=24496, stack(0x0000000c81700000,0x0000000c81800000)]
  0x0000018fce812800 JavaThread "Java2D Disposer" daemon [_thread_blocked, id=20856, stack(0x0000000c82200000,0x0000000c82300000)]
  0x0000018fce9ed000 JavaThread "AWT-Shutdown" [_thread_blocked, id=25876, stack(0x0000000c82300000,0x0000000c82400000)]
  0x0000018fce7e7000 JavaThread "AWT-EventQueue-0" [_thread_in_native, id=6316, stack(0x0000000c82500000,0x0000000c82600000)]
  0x0000018fceca3800 JavaThread "TimerQueue" daemon [_thread_blocked, id=15712, stack(0x0000000c82800000,0x0000000c82900000)]
  0x0000018fd3ca1800 JavaThread "pool-2-thread-1" [_thread_blocked, id=5704, stack(0x0000000c83300000,0x0000000c83400000)]
  0x0000018fd1638000 JavaThread "Java Sound Event Dispatcher" daemon [_thread_blocked, id=9884, stack(0x0000000c83f00000,0x0000000c84000000)]
  0x0000018fd1637800 JavaThread "Substance heap status" daemon [_thread_blocked, id=27848, stack(0x0000000c84800000,0x0000000c84900000)]
  0x0000018fd1639000 JavaThread "Trident callback thread" daemon [_thread_blocked, id=13300, stack(0x0000000c84a00000,0x0000000c84b00000)]
  0x0000018fd1633800 JavaThread "Trident pulse source thread" daemon [_thread_blocked, id=11460, stack(0x0000000c84b00000,0x0000000c84c00000)]
  0x0000018fd163b800 JavaThread "pool-5-thread-1" [_thread_blocked, id=1976, stack(0x0000000c84c00000,0x0000000c84d00000)]
  0x0000018fd163a800 JavaThread "DestroyJavaVM" [_thread_blocked, id=18812, stack(0x0000000c80800000,0x0000000c80900000)]
  0x0000018fd3c9b800 JavaThread "OkHttp api.runelite.net Writer" [_thread_blocked, id=19236, stack(0x0000000c81c00000,0x0000000c81d00000)]
  0x0000018fd3c9d800 JavaThread "OkHttp api.runelite.net" [_thread_blocked, id=10824, stack(0x0000000c82900000,0x0000000c82a00000)]
  0x0000018fd3ca2800 JavaThread "OkHttp ConnectionPool" daemon [_thread_blocked, id=5544, stack(0x0000000c82a00000,0x0000000c82b00000)]
  0x0000018fd3ca0000 JavaThread "Okio Watchdog" daemon [_thread_blocked, id=9960, stack(0x0000000c82b00000,0x0000000c82c00000)]
  0x0000018fd1634000 JavaThread "OkHttp Http2Connection" daemon [_thread_blocked, id=9408, stack(0x0000000c83000000,0x0000000c83100000)]
  0x0000018fd1640800 JavaThread "OkHttp https://api.runelite.net/..." [_thread_blocked, id=12440, stack(0x0000000c83100000,0x0000000c83200000)]
  0x0000018fd163f800 JavaThread "SIGINT handler" daemon [_thread_blocked, id=17700, stack(0x0000000c81800000,0x0000000c81900000)]

Other Threads:
=>0x0000018fccd84800 VMThread "VM Thread" [stack: 0x0000000c80e00000,0x0000000c80f00000] [id=14416]
  0x0000018fa90a2800 GCTaskThread "GC Thread#0" [stack: 0x0000000c80900000,0x0000000c80a00000] [id=21468]
  0x0000018fce87b000 GCTaskThread "GC Thread#1" [stack: 0x0000000c81d00000,0x0000000c81e00000] [id=13440]
  0x0000018fce87b800 GCTaskThread "GC Thread#2" [stack: 0x0000000c81e00000,0x0000000c81f00000] [id=13172]
  0x0000018fce87c800 GCTaskThread "GC Thread#3" [stack: 0x0000000c81f00000,0x0000000c82000000] [id=13644]
  0x0000018fce87d800 GCTaskThread "GC Thread#4" [stack: 0x0000000c82000000,0x0000000c82100000] [id=8860]
  0x0000018fce882000 GCTaskThread "GC Thread#5" [stack: 0x0000000c82100000,0x0000000c82200000] [id=20040]
  0x0000018fcf54a000 GCTaskThread "GC Thread#6" [stack: 0x0000000c82c00000,0x0000000c82d00000] [id=14108]
  0x0000018fcf016000 GCTaskThread "GC Thread#7" [stack: 0x0000000c82d00000,0x0000000c82e00000] [id=23984]
  0x0000018fcf016800 GCTaskThread "GC Thread#8" [stack: 0x0000000c82e00000,0x0000000c82f00000] [id=25692]
  0x0000018fcf405800 GCTaskThread "GC Thread#9" [stack: 0x0000000c82f00000,0x0000000c83000000] [id=4216]
  0x0000018fa90fd800 ConcurrentGCThread "G1 Main Marker" [stack: 0x0000000c80a00000,0x0000000c80b00000] [id=25896]
  0x0000018fa90ff800 ConcurrentGCThread "G1 Conc#0" [stack: 0x0000000c80b00000,0x0000000c80c00000] [id=2924]
  0x0000018fce89b800 ConcurrentGCThread "G1 Conc#1" [stack: 0x0000000c82600000,0x0000000c82700000] [id=26192]
  0x0000018fce89a000 ConcurrentGCThread "G1 Conc#2" [stack: 0x0000000c82700000,0x0000000c82800000] [id=18612]
  0x0000018fccc6a800 ConcurrentGCThread "G1 Refine#0" [stack: 0x0000000c80c00000,0x0000000c80d00000] [id=21360]
  0x0000018fd45dd000 ConcurrentGCThread "G1 Refine#1" [stack: 0x0000000c85100000,0x0000000c85200000] [id=18252]
  0x0000018fd45d6800 ConcurrentGCThread "G1 Refine#2" [stack: 0x0000000c84700000,0x0000000c84800000] [id=4208]
  0x0000018fd3baa000 ConcurrentGCThread "G1 Refine#3" [stack: 0x0000000c85200000,0x0000000c85300000] [id=20864]
  0x0000018fccc6d800 ConcurrentGCThread "G1 Young RemSet Sampling" [stack: 0x0000000c80d00000,0x0000000c80e00000] [id=25888]

Threads with active compile tasks:

VM state:at safepoint (shutting down)

VM Mutex/Monitor currently owned by a thread:  ([mutex/lock_event])
[0x0000018fa9086490] Threads_lock - owner thread: 0x0000018fccd84800

Heap address: 0x0000000704000000, size: 4032 MB, Compressed Oops mode: Zero based, Oop shift amount: 3
Narrow klass base: 0x0000000800000000, Narrow klass shift: 0
Compressed class space size: 1073741824 Address: 0x0000000800000000

Heap:
 garbage-first heap   total 258048K, used 181731K [0x0000000704000000, 0x0000000800000000)
  region size 1024K, 49 young (50176K), 6 survivors (6144K)
 Metaspace       used 82756K, capacity 85170K, committed 85424K, reserved 1124352K
  class space    used 8600K, capacity 9622K, committed 9728K, reserved 1048576K
Heap Regions: E=young(eden), S=young(survivor), O=old, HS=humongous(starts), HC=humongous(continues), CS=collection set, F=free, A=archive, TAMS=top-at-mark-start (previous, next)
|   0|0x0000000704000000, 0x0000000704100000, 0x0000000704100000|100%| O|  |TAMS 0x0000000704100000, 0x0000000704000000| Untracked 
|   1|0x0000000704100000, 0x0000000704200000, 0x0000000704200000|100%| O|  |TAMS 0x0000000704200000, 0x0000000704100000| Untracked 
|   2|0x0000000704200000, 0x0000000704300000, 0x0000000704300000|100%| O|  |TAMS 0x0000000704300000, 0x0000000704200000| Untracked 
|   3|0x0000000704300000, 0x0000000704400000, 0x0000000704400000|100%| O|  |TAMS 0x0000000704400000, 0x0000000704300000| Untracked 
|   4|0x0000000704400000, 0x0000000704500000, 0x0000000704500000|100%| O|  |TAMS 0x0000000704500000, 0x0000000704400000| Untracked 
|   5|0x0000000704500000, 0x0000000704600000, 0x0000000704600000|100%| O|  |TAMS 0x0000000704600000, 0x0000000704500000| Untracked 
|   6|0x0000000704600000, 0x0000000704700000, 0x0000000704700000|100%| O|  |TAMS 0x0000000704700000, 0x0000000704600000| Untracked 
|   7|0x0000000704700000, 0x0000000704800000, 0x0000000704800000|100%| O|  |TAMS 0x0000000704800000, 0x0000000704700000| Untracked 
|   8|0x0000000704800000, 0x0000000704900000, 0x0000000704900000|100%| O|  |TAMS 0x0000000704900000, 0x0000000704800000| Untracked 
|   9|0x0000000704900000, 0x0000000704a00000, 0x0000000704a00000|100%| O|  |TAMS 0x0000000704a00000, 0x0000000704900000| Untracked 
|  10|0x0000000704a00000, 0x0000000704b00000, 0x0000000704b00000|100%| O|  |TAMS 0x0000000704b00000, 0x0000000704a00000| Untracked 
|  11|0x0000000704b00000, 0x0000000704c00000, 0x0000000704c00000|100%|HS|  |TAMS 0x0000000704c00000, 0x0000000704b00000| Complete 
|  12|0x0000000704c00000, 0x0000000704d00000, 0x0000000704d00000|100%|HC|  |TAMS 0x0000000704d00000, 0x0000000704c00000| Complete 
|  13|0x0000000704d00000, 0x0000000704e00000, 0x0000000704e00000|100%|HS|  |TAMS 0x0000000704e00000, 0x0000000704d00000| Complete 
|  14|0x0000000704e00000, 0x0000000704f00000, 0x0000000704f00000|100%|HS|  |TAMS 0x0000000704f00000, 0x0000000704e00000| Complete 
|  15|0x0000000704f00000, 0x0000000705000000, 0x0000000705000000|100%| O|  |TAMS 0x0000000705000000, 0x0000000704f00000| Untracked 
|  16|0x0000000705000000, 0x0000000705100000, 0x0000000705100000|100%| O|  |TAMS 0x0000000705100000, 0x0000000705000000| Untracked 
|  17|0x0000000705100000, 0x0000000705200000, 0x0000000705200000|100%| O|  |TAMS 0x0000000705200000, 0x0000000705100000| Untracked 
|  18|0x0000000705200000, 0x0000000705300000, 0x0000000705300000|100%| O|  |TAMS 0x0000000705300000, 0x0000000705200000| Untracked 
|  19|0x0000000705300000, 0x0000000705400000, 0x0000000705400000|100%| O|  |TAMS 0x0000000705400000, 0x0000000705300000| Untracked 
|  20|0x0000000705400000, 0x0000000705500000, 0x0000000705500000|100%|HS|  |TAMS 0x0000000705500000, 0x0000000705400000| Complete 
|  21|0x0000000705500000, 0x0000000705600000, 0x0000000705600000|100%|HC|  |TAMS 0x0000000705600000, 0x0000000705500000| Complete 
|  22|0x0000000705600000, 0x0000000705700000, 0x0000000705700000|100%| O|  |TAMS 0x0000000705700000, 0x0000000705600000| Untracked 
|  23|0x0000000705700000, 0x0000000705800000, 0x0000000705800000|100%| O|  |TAMS 0x0000000705800000, 0x0000000705700000| Untracked 
|  24|0x0000000705800000, 0x0000000705900000, 0x0000000705900000|100%| O|  |TAMS 0x0000000705900000, 0x0000000705800000| Untracked 
|  25|0x0000000705900000, 0x0000000705a00000, 0x0000000705a00000|100%| O|  |TAMS 0x0000000705a00000, 0x0000000705900000| Untracked 
|  26|0x0000000705a00000, 0x0000000705b00000, 0x0000000705b00000|100%| O|  |TAMS 0x0000000705b00000, 0x0000000705a00000| Untracked 
|  27|0x0000000705b00000, 0x0000000705c00000, 0x0000000705c00000|100%| O|  |TAMS 0x0000000705c00000, 0x0000000705b00000| Untracked 
|  28|0x0000000705c00000, 0x0000000705d00000, 0x0000000705d00000|100%| O|  |TAMS 0x0000000705d00000, 0x0000000705c00000| Untracked 
|  29|0x0000000705d00000, 0x0000000705e00000, 0x0000000705e00000|100%| O|  |TAMS 0x0000000705e00000, 0x0000000705d00000| Untracked 
|  30|0x0000000705e00000, 0x0000000705f00000, 0x0000000705f00000|100%| O|  |TAMS 0x0000000705f00000, 0x0000000705e00000| Untracked 
|  31|0x0000000705f00000, 0x0000000706000000, 0x0000000706000000|100%| O|  |TAMS 0x0000000706000000, 0x0000000705f00000| Untracked 
|  32|0x0000000706000000, 0x0000000706100000, 0x0000000706100000|100%| O|  |TAMS 0x0000000706100000, 0x0000000706000000| Untracked 
|  33|0x0000000706100000, 0x0000000706200000, 0x0000000706200000|100%| O|  |TAMS 0x0000000706200000, 0x0000000706100000| Untracked 
|  34|0x0000000706200000, 0x0000000706300000, 0x0000000706300000|100%| O|  |TAMS 0x0000000706300000, 0x0000000706200000| Untracked 
|  35|0x0000000706300000, 0x0000000706400000, 0x0000000706400000|100%| O|  |TAMS 0x0000000706400000, 0x0000000706300000| Untracked 
|  36|0x0000000706400000, 0x0000000706500000, 0x0000000706500000|100%| O|  |TAMS 0x0000000706500000, 0x0000000706400000| Untracked 
|  37|0x0000000706500000, 0x0000000706600000, 0x0000000706600000|100%| O|  |TAMS 0x0000000706600000, 0x0000000706500000| Untracked 
|  38|0x0000000706600000, 0x0000000706700000, 0x0000000706700000|100%| O|  |TAMS 0x0000000706700000, 0x0000000706600000| Untracked 
|  39|0x0000000706700000, 0x0000000706800000, 0x0000000706800000|100%| O|  |TAMS 0x0000000706800000, 0x0000000706700000| Untracked 
|  40|0x0000000706800000, 0x0000000706900000, 0x0000000706900000|100%| O|  |TAMS 0x0000000706900000, 0x0000000706800000| Untracked 
|  41|0x0000000706900000, 0x0000000706a00000, 0x0000000706a00000|100%| O|  |TAMS 0x0000000706a00000, 0x0000000706900000| Untracked 
|  42|0x0000000706a00000, 0x0000000706b00000, 0x0000000706b00000|100%| O|  |TAMS 0x0000000706b00000, 0x0000000706a00000| Untracked 
|  43|0x0000000706b00000, 0x0000000706c00000, 0x0000000706c00000|100%| O|  |TAMS 0x0000000706c00000, 0x0000000706b00000| Untracked 
|  44|0x0000000706c00000, 0x0000000706d00000, 0x0000000706d00000|100%| O|  |TAMS 0x0000000706d00000, 0x0000000706c00000| Untracked 
|  45|0x0000000706d00000, 0x0000000706e00000, 0x0000000706e00000|100%| O|  |TAMS 0x0000000706e00000, 0x0000000706d00000| Untracked 
|  46|0x0000000706e00000, 0x0000000706f00000, 0x0000000706f00000|100%| O|  |TAMS 0x0000000706f00000, 0x0000000706e00000| Untracked 
|  47|0x0000000706f00000, 0x0000000707000000, 0x0000000707000000|100%| O|  |TAMS 0x0000000707000000, 0x0000000706f00000| Untracked 
|  48|0x0000000707000000, 0x0000000707100000, 0x0000000707100000|100%| O|  |TAMS 0x0000000707100000, 0x0000000707000000| Untracked 
|  49|0x0000000707100000, 0x0000000707200000, 0x0000000707200000|100%| O|  |TAMS 0x0000000707200000, 0x0000000707100000| Untracked 
|  50|0x0000000707200000, 0x0000000707300000, 0x0000000707300000|100%| O|  |TAMS 0x0000000707300000, 0x0000000707200000| Untracked 
|  51|0x0000000707300000, 0x0000000707400000, 0x0000000707400000|100%| O|  |TAMS 0x0000000707400000, 0x0000000707300000| Untracked 
|  52|0x0000000707400000, 0x0000000707500000, 0x0000000707500000|100%| O|  |TAMS 0x0000000707500000, 0x0000000707400000| Untracked 
|  53|0x0000000707500000, 0x0000000707600000, 0x0000000707600000|100%| O|  |TAMS 0x0000000707600000, 0x0000000707500000| Untracked 
|  54|0x0000000707600000, 0x0000000707700000, 0x0000000707700000|100%| O|  |TAMS 0x0000000707700000, 0x0000000707600000| Untracked 
|  55|0x0000000707700000, 0x0000000707800000, 0x0000000707800000|100%| O|  |TAMS 0x0000000707800000, 0x0000000707700000| Untracked 
|  56|0x0000000707800000, 0x0000000707900000, 0x0000000707900000|100%| O|  |TAMS 0x0000000707900000, 0x0000000707800000| Untracked 
|  57|0x0000000707900000, 0x0000000707a00000, 0x0000000707a00000|100%| O|  |TAMS 0x0000000707a00000, 0x0000000707900000| Untracked 
|  58|0x0000000707a00000, 0x0000000707b00000, 0x0000000707b00000|100%| O|  |TAMS 0x0000000707b00000, 0x0000000707a00000| Untracked 
|  59|0x0000000707b00000, 0x0000000707c00000, 0x0000000707c00000|100%| O|  |TAMS 0x0000000707c00000, 0x0000000707b00000| Untracked 
|  60|0x0000000707c00000, 0x0000000707d00000, 0x0000000707d00000|100%| O|  |TAMS 0x0000000707d00000, 0x0000000707c00000| Untracked 
|  61|0x0000000707d00000, 0x0000000707e00000, 0x0000000707e00000|100%| O|  |TAMS 0x0000000707e00000, 0x0000000707d00000| Untracked 
|  62|0x0000000707e00000, 0x0000000707f00000, 0x0000000707f00000|100%| O|  |TAMS 0x0000000707f00000, 0x0000000707e00000| Untracked 
|  63|0x0000000707f00000, 0x0000000708000000, 0x0000000708000000|100%| O|  |TAMS 0x0000000708000000, 0x0000000707f00000| Untracked 
|  64|0x0000000708000000, 0x0000000708100000, 0x0000000708100000|100%| O|  |TAMS 0x0000000708100000, 0x0000000708000000| Untracked 
|  65|0x0000000708100000, 0x0000000708200000, 0x0000000708200000|100%| O|  |TAMS 0x0000000708200000, 0x0000000708100000| Untracked 
|  66|0x0000000708200000, 0x0000000708300000, 0x0000000708300000|100%| O|  |TAMS 0x0000000708300000, 0x0000000708200000| Untracked 
|  67|0x0000000708300000, 0x0000000708400000, 0x0000000708400000|100%| O|  |TAMS 0x0000000708400000, 0x0000000708300000| Untracked 
|  68|0x0000000708400000, 0x0000000708500000, 0x0000000708500000|100%| O|  |TAMS 0x0000000708500000, 0x0000000708400000| Untracked 
|  69|0x0000000708500000, 0x0000000708600000, 0x0000000708600000|100%| O|  |TAMS 0x0000000708600000, 0x0000000708500000| Untracked 
|  70|0x0000000708600000, 0x0000000708700000, 0x0000000708700000|100%| O|  |TAMS 0x0000000708700000, 0x0000000708600000| Untracked 
|  71|0x0000000708700000, 0x0000000708800000, 0x0000000708800000|100%| O|  |TAMS 0x0000000708800000, 0x0000000708700000| Untracked 
|  72|0x0000000708800000, 0x0000000708900000, 0x0000000708900000|100%| O|  |TAMS 0x0000000708900000, 0x0000000708800000| Untracked 
|  73|0x0000000708900000, 0x0000000708a00000, 0x0000000708a00000|100%| O|  |TAMS 0x00000007089dd000, 0x0000000708900000| Untracked 
|  74|0x0000000708a00000, 0x0000000708b00000, 0x0000000708b00000|100%| O|  |TAMS 0x0000000708b00000, 0x0000000708a00000| Untracked 
|  75|0x0000000708b00000, 0x0000000708c00000, 0x0000000708c00000|100%| O|  |TAMS 0x0000000708b00000, 0x0000000708b00000| Untracked 
|  76|0x0000000708c00000, 0x0000000708d00000, 0x0000000708d00000|100%| O|  |TAMS 0x0000000708c00000, 0x0000000708c00000| Untracked 
|  77|0x0000000708d00000, 0x0000000708e00000, 0x0000000708e00000|100%| O|  |TAMS 0x0000000708d00000, 0x0000000708d00000| Untracked 
|  78|0x0000000708e00000, 0x0000000708f00000, 0x0000000708f00000|100%| O|  |TAMS 0x0000000708e00000, 0x0000000708e00000| Untracked 
|  79|0x0000000708f00000, 0x0000000709000000, 0x0000000709000000|100%| O|  |TAMS 0x0000000708f00000, 0x0000000708f00000| Untracked 
|  80|0x0000000709000000, 0x0000000709100000, 0x0000000709100000|100%| O|  |TAMS 0x0000000709100000, 0x0000000709000000| Untracked 
|  81|0x0000000709100000, 0x0000000709200000, 0x0000000709200000|100%| O|  |TAMS 0x0000000709200000, 0x0000000709100000| Untracked 
|  82|0x0000000709200000, 0x0000000709300000, 0x0000000709300000|100%| O|  |TAMS 0x0000000709300000, 0x0000000709200000| Untracked 
|  83|0x0000000709300000, 0x0000000709400000, 0x0000000709400000|100%| O|  |TAMS 0x0000000709400000, 0x0000000709300000| Untracked 
|  84|0x0000000709400000, 0x0000000709500000, 0x0000000709500000|100%| O|  |TAMS 0x0000000709400000, 0x0000000709400000| Untracked 
|  85|0x0000000709500000, 0x0000000709600000, 0x0000000709600000|100%| O|  |TAMS 0x0000000709600000, 0x0000000709500000| Untracked 
|  86|0x0000000709600000, 0x0000000709700000, 0x0000000709700000|100%| O|  |TAMS 0x0000000709600000, 0x0000000709600000| Untracked 
|  87|0x0000000709700000, 0x00000007097da800, 0x0000000709800000| 85%| O|  |TAMS 0x0000000709700000, 0x0000000709700000| Untracked 
|  88|0x0000000709800000, 0x0000000709900000, 0x0000000709900000|100%| O|  |TAMS 0x0000000709900000, 0x0000000709800000| Untracked 
|  89|0x0000000709900000, 0x0000000709a00000, 0x0000000709a00000|100%| O|  |TAMS 0x0000000709a00000, 0x0000000709900000| Untracked 
|  90|0x0000000709a00000, 0x0000000709b00000, 0x0000000709b00000|100%| O|  |TAMS 0x0000000709b00000, 0x0000000709a00000| Untracked 
|  91|0x0000000709b00000, 0x0000000709c00000, 0x0000000709c00000|100%|HS|  |TAMS 0x0000000709c00000, 0x0000000709b00000| Complete 
|  92|0x0000000709c00000, 0x0000000709d00000, 0x0000000709d00000|100%| O|  |TAMS 0x0000000709d00000, 0x0000000709c00000| Untracked 
|  93|0x0000000709d00000, 0x0000000709e00000, 0x0000000709e00000|100%| O|  |TAMS 0x0000000709e00000, 0x0000000709d00000| Untracked 
|  94|0x0000000709e00000, 0x0000000709f00000, 0x0000000709f00000|100%| O|  |TAMS 0x0000000709f00000, 0x0000000709e00000| Untracked 
|  95|0x0000000709f00000, 0x000000070a000000, 0x000000070a000000|100%| O|  |TAMS 0x000000070a000000, 0x0000000709f00000| Untracked 
|  96|0x000000070a000000, 0x000000070a100000, 0x000000070a100000|100%| O|  |TAMS 0x000000070a100000, 0x000000070a000000| Untracked 
|  97|0x000000070a100000, 0x000000070a200000, 0x000000070a200000|100%| O|  |TAMS 0x000000070a200000, 0x000000070a100000| Untracked 
|  98|0x000000070a200000, 0x000000070a300000, 0x000000070a300000|100%| O|  |TAMS 0x000000070a300000, 0x000000070a200000| Untracked 
|  99|0x000000070a300000, 0x000000070a400000, 0x000000070a400000|100%| O|  |TAMS 0x000000070a400000, 0x000000070a300000| Untracked 
| 100|0x000000070a400000, 0x000000070a500000, 0x000000070a500000|100%| O|  |TAMS 0x000000070a500000, 0x000000070a400000| Untracked 
| 101|0x000000070a500000, 0x000000070a600000, 0x000000070a600000|100%| O|  |TAMS 0x000000070a600000, 0x000000070a500000| Untracked 
| 102|0x000000070a600000, 0x000000070a700000, 0x000000070a700000|100%| O|  |TAMS 0x000000070a700000, 0x000000070a600000| Untracked 
| 103|0x000000070a700000, 0x000000070a800000, 0x000000070a800000|100%| O|  |TAMS 0x000000070a800000, 0x000000070a700000| Untracked 
| 104|0x000000070a800000, 0x000000070a900000, 0x000000070a900000|100%| O|  |TAMS 0x000000070a900000, 0x000000070a800000| Untracked 
| 105|0x000000070a900000, 0x000000070aa00000, 0x000000070aa00000|100%| O|  |TAMS 0x000000070aa00000, 0x000000070a900000| Untracked 
| 106|0x000000070aa00000, 0x000000070ab00000, 0x000000070ab00000|100%| O|  |TAMS 0x000000070ab00000, 0x000000070aa00000| Untracked 
| 107|0x000000070ab00000, 0x000000070ac00000, 0x000000070ac00000|100%| O|  |TAMS 0x000000070ac00000, 0x000000070ab00000| Untracked 
| 108|0x000000070ac00000, 0x000000070ad00000, 0x000000070ad00000|100%| O|  |TAMS 0x000000070ad00000, 0x000000070ac00000| Untracked 
| 109|0x000000070ad00000, 0x000000070ae00000, 0x000000070ae00000|100%| O|  |TAMS 0x000000070ae00000, 0x000000070ad00000| Untracked 
| 110|0x000000070ae00000, 0x000000070af00000, 0x000000070af00000|100%| O|  |TAMS 0x000000070af00000, 0x000000070ae00000| Untracked 
| 111|0x000000070af00000, 0x000000070b000000, 0x000000070b000000|100%| O|  |TAMS 0x000000070b000000, 0x000000070af00000| Untracked 
| 112|0x000000070b000000, 0x000000070b100000, 0x000000070b100000|100%| O|  |TAMS 0x000000070b100000, 0x000000070b000000| Untracked 
| 113|0x000000070b100000, 0x000000070b200000, 0x000000070b200000|100%| O|  |TAMS 0x000000070b200000, 0x000000070b100000| Untracked 
| 114|0x000000070b200000, 0x000000070b300000, 0x000000070b300000|100%| O|  |TAMS 0x000000070b300000, 0x000000070b200000| Untracked 
| 115|0x000000070b300000, 0x000000070b400000, 0x000000070b400000|100%| O|  |TAMS 0x000000070b400000, 0x000000070b300000| Untracked 
| 116|0x000000070b400000, 0x000000070b500000, 0x000000070b500000|100%| O|  |TAMS 0x000000070b500000, 0x000000070b400000| Untracked 
| 117|0x000000070b500000, 0x000000070b600000, 0x000000070b600000|100%| O|  |TAMS 0x000000070b600000, 0x000000070b500000| Untracked 
| 118|0x000000070b600000, 0x000000070b700000, 0x000000070b700000|100%| O|  |TAMS 0x000000070b700000, 0x000000070b600000| Untracked 
| 119|0x000000070b700000, 0x000000070b800000, 0x000000070b800000|100%| O|  |TAMS 0x000000070b800000, 0x000000070b700000| Untracked 
| 120|0x000000070b800000, 0x000000070b900000, 0x000000070b900000|100%| O|  |TAMS 0x000000070b900000, 0x000000070b800000| Untracked 
| 121|0x000000070b900000, 0x000000070ba00000, 0x000000070ba00000|100%| O|  |TAMS 0x000000070ba00000, 0x000000070b900000| Untracked 
| 122|0x000000070ba00000, 0x000000070bb00000, 0x000000070bb00000|100%| O|  |TAMS 0x000000070bb00000, 0x000000070ba00000| Untracked 
| 123|0x000000070bb00000, 0x000000070bc00000, 0x000000070bc00000|100%| O|  |TAMS 0x000000070bc00000, 0x000000070bb00000| Untracked 
| 124|0x000000070bc00000, 0x000000070bd00000, 0x000000070bd00000|100%| O|  |TAMS 0x000000070bd00000, 0x000000070bc00000| Untracked 
| 125|0x000000070bd00000, 0x000000070bd00000, 0x000000070be00000|  0%| F|  |TAMS 0x000000070bd00000, 0x000000070bd00000| Untracked 
| 126|0x000000070be00000, 0x000000070bf00000, 0x000000070bf00000|100%|HS|  |TAMS 0x000000070bf00000, 0x000000070be00000| Complete 
| 127|0x000000070bf00000, 0x000000070c000000, 0x000000070c000000|100%|HC|  |TAMS 0x000000070c000000, 0x000000070bf00000| Complete 
| 128|0x000000070c000000, 0x000000070c100000, 0x000000070c100000|100%|HC|  |TAMS 0x000000070c100000, 0x000000070c000000| Complete 
| 129|0x000000070c100000, 0x000000070c200000, 0x000000070c200000|100%|HS|  |TAMS 0x000000070c200000, 0x000000070c100000| Complete 
| 130|0x000000070c200000, 0x000000070c300000, 0x000000070c300000|100%|HC|  |TAMS 0x000000070c300000, 0x000000070c200000| Complete 
| 131|0x000000070c300000, 0x000000070c300000, 0x000000070c400000|  0%| F|  |TAMS 0x000000070c300000, 0x000000070c300000| Untracked 
| 132|0x000000070c400000, 0x000000070c400000, 0x000000070c500000|  0%| F|  |TAMS 0x000000070c400000, 0x000000070c400000| Untracked 
| 133|0x000000070c500000, 0x000000070c500000, 0x000000070c600000|  0%| F|  |TAMS 0x000000070c500000, 0x000000070c500000| Untracked 
| 134|0x000000070c600000, 0x000000070c600000, 0x000000070c700000|  0%| F|  |TAMS 0x000000070c600000, 0x000000070c600000| Untracked 
| 135|0x000000070c700000, 0x000000070c700000, 0x000000070c800000|  0%| F|  |TAMS 0x000000070c700000, 0x000000070c700000| Untracked 
| 136|0x000000070c800000, 0x000000070c800000, 0x000000070c900000|  0%| F|  |TAMS 0x000000070c800000, 0x000000070c800000| Untracked 
| 137|0x000000070c900000, 0x000000070c900000, 0x000000070ca00000|  0%| F|  |TAMS 0x000000070c900000, 0x000000070c900000| Untracked 
| 138|0x000000070ca00000, 0x000000070ca00000, 0x000000070cb00000|  0%| F|  |TAMS 0x000000070ca00000, 0x000000070ca00000| Untracked 
| 139|0x000000070cb00000, 0x000000070cb00000, 0x000000070cc00000|  0%| F|  |TAMS 0x000000070cb00000, 0x000000070cb00000| Untracked 
| 140|0x000000070cc00000, 0x000000070cc00000, 0x000000070cd00000|  0%| F|  |TAMS 0x000000070cc00000, 0x000000070cc00000| Untracked 
| 141|0x000000070cd00000, 0x000000070cd00000, 0x000000070ce00000|  0%| F|  |TAMS 0x000000070cd00000, 0x000000070cd00000| Untracked 
| 142|0x000000070ce00000, 0x000000070ce00000, 0x000000070cf00000|  0%| F|  |TAMS 0x000000070ce00000, 0x000000070ce00000| Untracked 
| 143|0x000000070cf00000, 0x000000070cf00000, 0x000000070d000000|  0%| F|  |TAMS 0x000000070cf00000, 0x000000070cf00000| Untracked 
| 144|0x000000070d000000, 0x000000070d000000, 0x000000070d100000|  0%| F|  |TAMS 0x000000070d000000, 0x000000070d000000| Untracked 
| 145|0x000000070d100000, 0x000000070d100000, 0x000000070d200000|  0%| F|  |TAMS 0x000000070d100000, 0x000000070d100000| Untracked 
| 146|0x000000070d200000, 0x000000070d200000, 0x000000070d300000|  0%| F|  |TAMS 0x000000070d200000, 0x000000070d200000| Untracked 
| 147|0x000000070d300000, 0x000000070d300000, 0x000000070d400000|  0%| F|  |TAMS 0x000000070d300000, 0x000000070d300000| Untracked 
| 148|0x000000070d400000, 0x000000070d400000, 0x000000070d500000|  0%| F|  |TAMS 0x000000070d400000, 0x000000070d400000| Untracked 
| 149|0x000000070d500000, 0x000000070d500000, 0x000000070d600000|  0%| F|  |TAMS 0x000000070d500000, 0x000000070d500000| Untracked 
| 150|0x000000070d600000, 0x000000070d600000, 0x000000070d700000|  0%| F|  |TAMS 0x000000070d600000, 0x000000070d600000| Untracked 
| 151|0x000000070d700000, 0x000000070d700000, 0x000000070d800000|  0%| F|  |TAMS 0x000000070d700000, 0x000000070d700000| Untracked 
| 152|0x000000070d800000, 0x000000070d800000, 0x000000070d900000|  0%| F|  |TAMS 0x000000070d800000, 0x000000070d800000| Untracked 
| 153|0x000000070d900000, 0x000000070d900000, 0x000000070da00000|  0%| F|  |TAMS 0x000000070d900000, 0x000000070d900000| Untracked 
| 154|0x000000070da00000, 0x000000070da00000, 0x000000070db00000|  0%| F|  |TAMS 0x000000070da00000, 0x000000070da00000| Untracked 
| 155|0x000000070db00000, 0x000000070db00000, 0x000000070dc00000|  0%| F|  |TAMS 0x000000070db00000, 0x000000070db00000| Untracked 
| 156|0x000000070dc00000, 0x000000070dc00000, 0x000000070dd00000|  0%| F|  |TAMS 0x000000070dc00000, 0x000000070dc00000| Untracked 
| 157|0x000000070dd00000, 0x000000070dd00000, 0x000000070de00000|  0%| F|  |TAMS 0x000000070dd00000, 0x000000070dd00000| Untracked 
| 158|0x000000070de00000, 0x000000070de9e550, 0x000000070df00000| 61%| S|CS|TAMS 0x000000070de00000, 0x000000070de00000| Complete 
| 159|0x000000070df00000, 0x000000070e000000, 0x000000070e000000|100%| S|CS|TAMS 0x000000070df00000, 0x000000070df00000| Complete 
| 160|0x000000070e000000, 0x000000070e100000, 0x000000070e100000|100%| S|CS|TAMS 0x000000070e000000, 0x000000070e000000| Complete 
| 161|0x000000070e100000, 0x000000070e200000, 0x000000070e200000|100%| S|CS|TAMS 0x000000070e100000, 0x000000070e100000| Complete 
| 162|0x000000070e200000, 0x000000070e300000, 0x000000070e300000|100%| S|CS|TAMS 0x000000070e200000, 0x000000070e200000| Complete 
| 163|0x000000070e300000, 0x000000070e300000, 0x000000070e400000|  0%| F|  |TAMS 0x000000070e300000, 0x000000070e300000| Untracked 
| 164|0x000000070e400000, 0x000000070e400000, 0x000000070e500000|  0%| F|  |TAMS 0x000000070e400000, 0x000000070e400000| Untracked 
| 165|0x000000070e500000, 0x000000070e500000, 0x000000070e600000|  0%| F|  |TAMS 0x000000070e500000, 0x000000070e500000| Untracked 
| 166|0x000000070e600000, 0x000000070e600000, 0x000000070e700000|  0%| F|  |TAMS 0x000000070e600000, 0x000000070e600000| Untracked 
| 167|0x000000070e700000, 0x000000070e700000, 0x000000070e800000|  0%| F|  |TAMS 0x000000070e700000, 0x000000070e700000| Untracked 
| 168|0x000000070e800000, 0x000000070e800000, 0x000000070e900000|  0%| F|  |TAMS 0x000000070e800000, 0x000000070e800000| Untracked 
| 169|0x000000070e900000, 0x000000070ea00000, 0x000000070ea00000|100%| S|CS|TAMS 0x000000070e900000, 0x000000070e900000| Complete 
| 170|0x000000070ea00000, 0x000000070ea00000, 0x000000070eb00000|  0%| F|  |TAMS 0x000000070ea00000, 0x000000070ea00000| Untracked 
| 171|0x000000070eb00000, 0x000000070eb00000, 0x000000070ec00000|  0%| F|  |TAMS 0x000000070eb00000, 0x000000070eb00000| Untracked 
| 172|0x000000070ec00000, 0x000000070ec00000, 0x000000070ed00000|  0%| F|  |TAMS 0x000000070ec00000, 0x000000070ec00000| Untracked 
| 173|0x000000070ed00000, 0x000000070ed00000, 0x000000070ee00000|  0%| F|  |TAMS 0x000000070ed00000, 0x000000070ed00000| Untracked 
| 174|0x000000070ee00000, 0x000000070ee00000, 0x000000070ef00000|  0%| F|  |TAMS 0x000000070ee00000, 0x000000070ee00000| Untracked 
| 175|0x000000070ef00000, 0x000000070ef00000, 0x000000070f000000|  0%| F|  |TAMS 0x000000070ef00000, 0x000000070ef00000| Untracked 
| 176|0x000000070f000000, 0x000000070f000000, 0x000000070f100000|  0%| F|  |TAMS 0x000000070f000000, 0x000000070f000000| Untracked 
| 177|0x000000070f100000, 0x000000070f100000, 0x000000070f200000|  0%| F|  |TAMS 0x000000070f100000, 0x000000070f100000| Untracked 
| 178|0x000000070f200000, 0x000000070f200000, 0x000000070f300000|  0%| F|  |TAMS 0x000000070f200000, 0x000000070f200000| Untracked 
| 179|0x000000070f300000, 0x000000070f300000, 0x000000070f400000|  0%| F|  |TAMS 0x000000070f300000, 0x000000070f300000| Untracked 
| 180|0x000000070f400000, 0x000000070f400000, 0x000000070f500000|  0%| F|  |TAMS 0x000000070f400000, 0x000000070f400000| Untracked 
| 181|0x000000070f500000, 0x000000070f500000, 0x000000070f600000|  0%| F|  |TAMS 0x000000070f500000, 0x000000070f500000| Untracked 
| 182|0x000000070f600000, 0x000000070f600000, 0x000000070f700000|  0%| F|  |TAMS 0x000000070f600000, 0x000000070f600000| Untracked 
| 183|0x000000070f700000, 0x000000070f700000, 0x000000070f800000|  0%| F|  |TAMS 0x000000070f700000, 0x000000070f700000| Untracked 
| 184|0x000000070f800000, 0x000000070f800000, 0x000000070f900000|  0%| F|  |TAMS 0x000000070f800000, 0x000000070f800000| Untracked 
| 185|0x000000070f900000, 0x000000070f900000, 0x000000070fa00000|  0%| F|  |TAMS 0x000000070f900000, 0x000000070f900000| Untracked 
| 186|0x000000070fa00000, 0x000000070fa00000, 0x000000070fb00000|  0%| F|  |TAMS 0x000000070fa00000, 0x000000070fa00000| Untracked 
| 187|0x000000070fb00000, 0x000000070fb00000, 0x000000070fc00000|  0%| F|  |TAMS 0x000000070fb00000, 0x000000070fb00000| Untracked 
| 188|0x000000070fc00000, 0x000000070fc00000, 0x000000070fd00000|  0%| F|  |TAMS 0x000000070fc00000, 0x000000070fc00000| Untracked 
| 189|0x000000070fd00000, 0x000000070fd00000, 0x000000070fe00000|  0%| F|  |TAMS 0x000000070fd00000, 0x000000070fd00000| Untracked 
| 190|0x000000070fe00000, 0x000000070fe00000, 0x000000070ff00000|  0%| F|  |TAMS 0x000000070fe00000, 0x000000070fe00000| Untracked 
| 191|0x000000070ff00000, 0x000000070ff00000, 0x0000000710000000|  0%| F|  |TAMS 0x000000070ff00000, 0x000000070ff00000| Untracked 
| 192|0x0000000710000000, 0x0000000710000000, 0x0000000710100000|  0%| F|  |TAMS 0x0000000710000000, 0x0000000710000000| Untracked 
| 193|0x0000000710100000, 0x0000000710100000, 0x0000000710200000|  0%| F|  |TAMS 0x0000000710100000, 0x0000000710100000| Untracked 
| 194|0x0000000710200000, 0x0000000710200000, 0x0000000710300000|  0%| F|  |TAMS 0x0000000710200000, 0x0000000710200000| Untracked 
| 195|0x0000000710300000, 0x0000000710300000, 0x0000000710400000|  0%| F|  |TAMS 0x0000000710300000, 0x0000000710300000| Untracked 
| 196|0x0000000710400000, 0x0000000710400000, 0x0000000710500000|  0%| F|  |TAMS 0x0000000710400000, 0x0000000710400000| Untracked 
| 197|0x0000000710500000, 0x0000000710500000, 0x0000000710600000|  0%| F|  |TAMS 0x0000000710500000, 0x0000000710500000| Untracked 
| 198|0x0000000710600000, 0x0000000710600000, 0x0000000710700000|  0%| F|  |TAMS 0x0000000710600000, 0x0000000710600000| Untracked 
| 199|0x0000000710700000, 0x0000000710700000, 0x0000000710800000|  0%| F|  |TAMS 0x0000000710700000, 0x0000000710700000| Untracked 
| 200|0x0000000710800000, 0x0000000710800000, 0x0000000710900000|  0%| F|  |TAMS 0x0000000710800000, 0x0000000710800000| Untracked 
| 201|0x0000000710900000, 0x0000000710900000, 0x0000000710a00000|  0%| F|  |TAMS 0x0000000710900000, 0x0000000710900000| Untracked 
| 202|0x0000000710a00000, 0x0000000710a00000, 0x0000000710b00000|  0%| F|  |TAMS 0x0000000710a00000, 0x0000000710a00000| Untracked 
| 203|0x0000000710b00000, 0x0000000710b00000, 0x0000000710c00000|  0%| F|  |TAMS 0x0000000710b00000, 0x0000000710b00000| Untracked 
| 204|0x0000000710c00000, 0x0000000710c00000, 0x0000000710d00000|  0%| F|  |TAMS 0x0000000710c00000, 0x0000000710c00000| Untracked 
| 205|0x0000000710d00000, 0x0000000710d00000, 0x0000000710e00000|  0%| F|  |TAMS 0x0000000710d00000, 0x0000000710d00000| Untracked 
| 206|0x0000000710e00000, 0x0000000710e00000, 0x0000000710f00000|  0%| F|  |TAMS 0x0000000710e00000, 0x0000000710e00000| Untracked 
| 207|0x0000000710f00000, 0x0000000710f00000, 0x0000000711000000|  0%| F|  |TAMS 0x0000000710f00000, 0x0000000710f00000| Untracked 
| 208|0x0000000711000000, 0x0000000711000000, 0x0000000711100000|  0%| F|  |TAMS 0x0000000711000000, 0x0000000711000000| Untracked 
| 209|0x0000000711100000, 0x0000000711200000, 0x0000000711200000|100%| E|  |TAMS 0x0000000711100000, 0x0000000711100000| Complete 
| 210|0x0000000711200000, 0x0000000711300000, 0x0000000711300000|100%| E|CS|TAMS 0x0000000711200000, 0x0000000711200000| Complete 
| 211|0x0000000711300000, 0x0000000711400000, 0x0000000711400000|100%| E|CS|TAMS 0x0000000711300000, 0x0000000711300000| Complete 
| 212|0x0000000711400000, 0x0000000711500000, 0x0000000711500000|100%| E|CS|TAMS 0x0000000711400000, 0x0000000711400000| Complete 
| 213|0x0000000711500000, 0x0000000711600000, 0x0000000711600000|100%| E|CS|TAMS 0x0000000711500000, 0x0000000711500000| Complete 
| 214|0x0000000711600000, 0x0000000711700000, 0x0000000711700000|100%| E|CS|TAMS 0x0000000711600000, 0x0000000711600000| Complete 
| 215|0x0000000711700000, 0x0000000711800000, 0x0000000711800000|100%| E|CS|TAMS 0x0000000711700000, 0x0000000711700000| Complete 
| 216|0x0000000711800000, 0x0000000711900000, 0x0000000711900000|100%| E|CS|TAMS 0x0000000711800000, 0x0000000711800000| Complete 
| 217|0x0000000711900000, 0x0000000711a00000, 0x0000000711a00000|100%| E|CS|TAMS 0x0000000711900000, 0x0000000711900000| Complete 
| 218|0x0000000711a00000, 0x0000000711b00000, 0x0000000711b00000|100%| E|CS|TAMS 0x0000000711a00000, 0x0000000711a00000| Complete 
| 219|0x0000000711b00000, 0x0000000711c00000, 0x0000000711c00000|100%| E|CS|TAMS 0x0000000711b00000, 0x0000000711b00000| Complete 
| 220|0x0000000711c00000, 0x0000000711d00000, 0x0000000711d00000|100%| E|CS|TAMS 0x0000000711c00000, 0x0000000711c00000| Complete 
| 221|0x0000000711d00000, 0x0000000711e00000, 0x0000000711e00000|100%| E|CS|TAMS 0x0000000711d00000, 0x0000000711d00000| Complete 
| 222|0x0000000711e00000, 0x0000000711f00000, 0x0000000711f00000|100%| E|CS|TAMS 0x0000000711e00000, 0x0000000711e00000| Complete 
| 223|0x0000000711f00000, 0x0000000712000000, 0x0000000712000000|100%| E|CS|TAMS 0x0000000711f00000, 0x0000000711f00000| Complete 
| 224|0x0000000712000000, 0x0000000712100000, 0x0000000712100000|100%| E|CS|TAMS 0x0000000712000000, 0x0000000712000000| Complete 
| 225|0x0000000712100000, 0x0000000712200000, 0x0000000712200000|100%| E|CS|TAMS 0x0000000712100000, 0x0000000712100000| Complete 
| 226|0x0000000712200000, 0x0000000712300000, 0x0000000712300000|100%| E|CS|TAMS 0x0000000712200000, 0x0000000712200000| Complete 
| 227|0x0000000712300000, 0x0000000712400000, 0x0000000712400000|100%| E|CS|TAMS 0x0000000712300000, 0x0000000712300000| Complete 
| 228|0x0000000712400000, 0x0000000712500000, 0x0000000712500000|100%| E|CS|TAMS 0x0000000712400000, 0x0000000712400000| Complete 
| 229|0x0000000712500000, 0x0000000712600000, 0x0000000712600000|100%| E|CS|TAMS 0x0000000712500000, 0x0000000712500000| Complete 
| 230|0x0000000712600000, 0x0000000712700000, 0x0000000712700000|100%| E|CS|TAMS 0x0000000712600000, 0x0000000712600000| Complete 
| 231|0x0000000712700000, 0x0000000712800000, 0x0000000712800000|100%| E|CS|TAMS 0x0000000712700000, 0x0000000712700000| Complete 
| 232|0x0000000712800000, 0x0000000712900000, 0x0000000712900000|100%| E|CS|TAMS 0x0000000712800000, 0x0000000712800000| Complete 
| 233|0x0000000712900000, 0x0000000712a00000, 0x0000000712a00000|100%| E|CS|TAMS 0x0000000712900000, 0x0000000712900000| Complete 
| 234|0x0000000712a00000, 0x0000000712b00000, 0x0000000712b00000|100%| E|CS|TAMS 0x0000000712a00000, 0x0000000712a00000| Complete 
| 235|0x0000000712b00000, 0x0000000712c00000, 0x0000000712c00000|100%| E|CS|TAMS 0x0000000712b00000, 0x0000000712b00000| Complete 
| 236|0x0000000712c00000, 0x0000000712d00000, 0x0000000712d00000|100%| E|CS|TAMS 0x0000000712c00000, 0x0000000712c00000| Complete 
| 237|0x0000000712d00000, 0x0000000712e00000, 0x0000000712e00000|100%| E|CS|TAMS 0x0000000712d00000, 0x0000000712d00000| Complete 
| 238|0x0000000712e00000, 0x0000000712f00000, 0x0000000712f00000|100%| E|CS|TAMS 0x0000000712e00000, 0x0000000712e00000| Complete 
| 239|0x0000000712f00000, 0x0000000713000000, 0x0000000713000000|100%| E|CS|TAMS 0x0000000712f00000, 0x0000000712f00000| Complete 
| 240|0x0000000713000000, 0x0000000713100000, 0x0000000713100000|100%| E|CS|TAMS 0x0000000713000000, 0x0000000713000000| Complete 
| 241|0x0000000713100000, 0x0000000713200000, 0x0000000713200000|100%| E|CS|TAMS 0x0000000713100000, 0x0000000713100000| Complete 
| 242|0x0000000713200000, 0x0000000713300000, 0x0000000713300000|100%| E|CS|TAMS 0x0000000713200000, 0x0000000713200000| Complete 
| 243|0x0000000713300000, 0x0000000713400000, 0x0000000713400000|100%| E|CS|TAMS 0x0000000713300000, 0x0000000713300000| Complete 
| 244|0x0000000713400000, 0x0000000713500000, 0x0000000713500000|100%| E|CS|TAMS 0x0000000713400000, 0x0000000713400000| Complete 
| 245|0x0000000713500000, 0x0000000713600000, 0x0000000713600000|100%| E|CS|TAMS 0x0000000713500000, 0x0000000713500000| Complete 
| 246|0x0000000713600000, 0x0000000713700000, 0x0000000713700000|100%| E|CS|TAMS 0x0000000713600000, 0x0000000713600000| Complete 
| 247|0x0000000713700000, 0x0000000713800000, 0x0000000713800000|100%| E|CS|TAMS 0x0000000713700000, 0x0000000713700000| Complete 
| 248|0x0000000713800000, 0x0000000713900000, 0x0000000713900000|100%| E|CS|TAMS 0x0000000713800000, 0x0000000713800000| Complete 
| 249|0x0000000713900000, 0x0000000713a00000, 0x0000000713a00000|100%| E|CS|TAMS 0x0000000713900000, 0x0000000713900000| Complete 
| 250|0x0000000713a00000, 0x0000000713b00000, 0x0000000713b00000|100%| E|CS|TAMS 0x0000000713a00000, 0x0000000713a00000| Complete 
| 251|0x0000000713b00000, 0x0000000713c00000, 0x0000000713c00000|100%| E|CS|TAMS 0x0000000713b00000, 0x0000000713b00000| Complete 

Card table byte_map: [0x0000018fc1230000,0x0000018fc1a10000] _byte_map_base: 0x0000018fbda10000

Marking Bits (Prev, Next): (CMBitMap*) 0x0000018fa90eccc8, (CMBitMap*) 0x0000018fa90ecd00
 Prev Bits: [0x0000018fc21f0000, 0x0000018fc60f0000)
 Next Bits: [0x0000018fc60f0000, 0x0000018fc9ff0000)

Polling page: 0x0000018fa8860000

Metaspace:

Usage:
  Non-class:     73.78 MB capacity,    72.42 MB ( 98%) used,     1.03 MB (  1%) free+waste,   333.94 KB ( <1%) overhead. 
      Class:      9.40 MB capacity,     8.40 MB ( 89%) used,   873.80 KB (  9%) free+waste,   148.19 KB (  2%) overhead. 
       Both:     83.17 MB capacity,    80.82 MB ( 97%) used,     1.89 MB (  2%) free+waste,   482.13 KB ( <1%) overhead. 

Virtual space:
  Non-class space:       74.00 MB reserved,      73.92 MB (>99%) committed 
      Class space:        1.00 GB reserved,       9.50 MB ( <1%) committed 
             Both:        1.07 GB reserved,      83.42 MB (  8%) committed 

Chunk freelists:
   Non-Class:  2.50 KB
       Class:  0 bytes
        Both:  2.50 KB

CodeHeap 'non-profiled nmethods': size=120000Kb used=17411Kb max_used=17707Kb free=102588Kb
 bounds [0x0000018fb8fd0000, 0x0000018fba130000, 0x0000018fc0500000]
CodeHeap 'profiled nmethods': size=120000Kb used=33828Kb max_used=35109Kb free=86171Kb
 bounds [0x0000018fb1aa0000, 0x0000018fb3e60000, 0x0000018fb8fd0000]
CodeHeap 'non-nmethods': size=5760Kb used=1973Kb max_used=2121Kb free=3786Kb
 bounds [0x0000018fb1500000, 0x0000018fb1770000, 0x0000018fb1aa0000]
 total_blobs=13164 nmethods=11607 adapters=1473
 compilation: enabled
              stopped_count=0, restarted_count=0
 full_count=0

Compilation events (10 events):
Event: 1839.666 Thread 0x0000018fcd68b800 16505       4       java.util.Collections$3::hasMoreElements (10 bytes)
Event: 1839.666 Thread 0x0000018fcd68b800 nmethod 16505 0x0000018fb9ad4c10 code [0x0000018fb9ad4da0, 0x0000018fb9ad4e98]
Event: 1839.685 Thread 0x0000018fcd694000 16506       3       okhttp3.HttpUrl::percentDecode (83 bytes)
Event: 1839.686 Thread 0x0000018fcd694000 nmethod 16506 0x0000018fb1d56e90 code [0x0000018fb1d57120, 0x0000018fb1d57c90]
Event: 1839.686 Thread 0x0000018fcd694000 16507       3       okio.Buffer::<init> (5 bytes)
Event: 1839.686 Thread 0x0000018fcd694000 nmethod 16507 0x0000018fb1b50a10 code [0x0000018fb1b50bc0, 0x0000018fb1b50d78]
Event: 1839.686 Thread 0x0000018fcd694000 16508       3       okio.ByteString::hashCode (26 bytes)
Event: 1839.686 Thread 0x0000018fcd694000 nmethod 16508 0x0000018fb1c01b10 code [0x0000018fb1c01cc0, 0x0000018fb1c01ed0]
Event: 1839.686 Thread 0x0000018fcd694000 16509       1       okhttp3.Request::body (5 bytes)
Event: 1839.687 Thread 0x0000018fcd694000 nmethod 16509 0x0000018fb9ad4910 code [0x0000018fb9ad4aa0, 0x0000018fb9ad4bb8]

GC Heap History (10 events):
Event: 1798.142 GC heap before
{Heap before GC invocations=248 (full 0):
 garbage-first heap   total 258048K, used 227784K [0x0000000704000000, 0x0000000800000000)
  region size 1024K, 93 young (95232K), 1 survivors (1024K)
 Metaspace       used 82549K, capacity 85008K, committed 85168K, reserved 1124352K
  class space    used 8578K, capacity 9612K, committed 9728K, reserved 1048576K
}
Event: 1798.146 GC heap after
{Heap after GC invocations=249 (full 0):
 garbage-first heap   total 258048K, used 133593K [0x0000000704000000, 0x0000000800000000)
  region size 1024K, 1 young (1024K), 1 survivors (1024K)
 Metaspace       used 82549K, capacity 85008K, committed 85168K, reserved 1124352K
  class space    used 8578K, capacity 9612K, committed 9728K, reserved 1048576K
}
Event: 1808.812 GC heap before
{Heap before GC invocations=249 (full 0):
 garbage-first heap   total 258048K, used 227801K [0x0000000704000000, 0x0000000800000000)
  region size 1024K, 93 young (95232K), 1 survivors (1024K)
 Metaspace       used 82584K, capacity 85078K, committed 85424K, reserved 1124352K
  class space    used 8579K, capacity 9613K, committed 9728K, reserved 1048576K
}
Event: 1808.815 GC heap after
{Heap after GC invocations=250 (full 0):
 garbage-first heap   total 258048K, used 134136K [0x0000000704000000, 0x0000000800000000)
  region size 1024K, 2 young (2048K), 2 survivors (2048K)
 Metaspace       used 82584K, capacity 85078K, committed 85424K, reserved 1124352K
  class space    used 8579K, capacity 9613K, committed 9728K, reserved 1048576K
}
Event: 1818.789 GC heap before
{Heap before GC invocations=250 (full 0):
 garbage-first heap   total 258048K, used 226296K [0x0000000704000000, 0x0000000800000000)
  region size 1024K, 93 young (95232K), 2 survivors (2048K)
 Metaspace       used 82591K, capacity 85079K, committed 85424K, reserved 1124352K
  class space    used 8579K, capacity 9613K, committed 9728K, reserved 1048576K
}
Event: 1818.793 GC heap after
{Heap after GC invocations=251 (full 0):
 garbage-first heap   total 258048K, used 138717K [0x0000000704000000, 0x0000000800000000)
  region size 1024K, 6 young (6144K), 6 survivors (6144K)
 Metaspace       used 82591K, capacity 85079K, committed 85424K, reserved 1124352K
  class space    used 8579K, capacity 9613K, committed 9728K, reserved 1048576K
}
Event: 1826.688 GC heap before
{Heap before GC invocations=251 (full 0):
 garbage-first heap   total 258048K, used 223709K [0x0000000704000000, 0x0000000800000000)
  region size 1024K, 89 young (91136K), 6 survivors (6144K)
 Metaspace       used 82641K, capacity 85149K, committed 85424K, reserved 1124352K
  class space    used 8580K, capacity 9615K, committed 9728K, reserved 1048576K
}
Event: 1826.691 GC heap after
{Heap after GC invocations=252 (full 0):
 garbage-first heap   total 258048K, used 138971K [0x0000000704000000, 0x0000000800000000)
  region size 1024K, 6 young (6144K), 6 survivors (6144K)
 Metaspace       used 82641K, capacity 85149K, committed 85424K, reserved 1124352K
  class space    used 8580K, capacity 9615K, committed 9728K, reserved 1048576K
}
Event: 1835.248 GC heap before
{Heap before GC invocations=252 (full 0):
 garbage-first heap   total 258048K, used 222939K [0x0000000704000000, 0x0000000800000000)
  region size 1024K, 88 young (90112K), 6 survivors (6144K)
 Metaspace       used 82693K, capacity 85167K, committed 85424K, reserved 1124352K
  class space    used 8587K, capacity 9621K, committed 9728K, reserved 1048576K
}
Event: 1835.252 GC heap after
{Heap after GC invocations=253 (full 0):
 garbage-first heap   total 258048K, used 138723K [0x0000000704000000, 0x0000000800000000)
  region size 1024K, 6 young (6144K), 6 survivors (6144K)
 Metaspace       used 82693K, capacity 85167K, committed 85424K, reserved 1124352K
  class space    used 8587K, capacity 9621K, committed 9728K, reserved 1048576K
}

Deoptimization events (10 events):
Event: 1837.212 Thread 0x0000018fd163b800 Uncommon trap: reason=null_check action=make_not_entrant pc=0x0000018fb9e463f4 method=com.sun.jna.Function.invoke(Ljava/lang/reflect/Method;[Ljava/lang/Class;Ljava/lang/Class;[Ljava/lang/Object;Ljava/util/Map;)Ljava/lang/Object; @ 207 c2
Event: 1839.656 Thread 0x0000018fd1ce6000 Uncommon trap: reason=class_check action=maybe_recompile pc=0x0000018fb94a67b8 method=java.util.Collections$3.hasMoreElements()Z @ 4 c2
Event: 1839.656 Thread 0x0000018fd1ce6000 Uncommon trap: reason=class_check action=maybe_recompile pc=0x0000018fb94b8180 method=java.util.Collections$3.nextElement()Ljava/lang/Object; @ 4 c2
Event: 1839.656 Thread 0x0000018fd1ce6000 Uncommon trap: reason=class_check action=maybe_recompile pc=0x0000018fb94a67b8 method=java.util.Collections$3.hasMoreElements()Z @ 4 c2
Event: 1839.656 Thread 0x0000018fd1ce6000 Uncommon trap: reason=class_check action=maybe_recompile pc=0x0000018fb94b8180 method=java.util.Collections$3.nextElement()Ljava/lang/Object; @ 4 c2
Event: 1839.656 Thread 0x0000018fd1ce6000 Uncommon trap: reason=class_check action=maybe_recompile pc=0x0000018fb94a67b8 method=java.util.Collections$3.hasMoreElements()Z @ 4 c2
Event: 1839.656 Thread 0x0000018fd1ce6000 Uncommon trap: reason=class_check action=maybe_recompile pc=0x0000018fb94b8180 method=java.util.Collections$3.nextElement()Ljava/lang/Object; @ 4 c2
Event: 1839.656 Thread 0x0000018fd1ce6000 Uncommon trap: reason=class_check action=maybe_recompile pc=0x0000018fb94a67b8 method=java.util.Collections$3.hasMoreElements()Z @ 4 c2
Event: 1839.656 Thread 0x0000018fd1ce6000 Uncommon trap: reason=class_check action=maybe_recompile pc=0x0000018fb94b8180 method=java.util.Collections$3.nextElement()Ljava/lang/Object; @ 4 c2
Event: 1839.665 Thread 0x0000018fd3ca0800 Uncommon trap: reason=unstable_if action=reinterpret pc=0x0000018fb9cfd340 method=sun.java2d.d3d.D3DScreenUpdateManager.createGraphics(Lsun/java2d/SurfaceData;Lsun/awt/windows/WComponentPeer;Ljava/awt/Color;Ljava/awt/Color;Ljava/awt/Font;)Ljava/awt/Graphi

Classes redefined (3 events):
Event: 136.907 Thread 0x0000018fccd84800 redefined class name=net.runelite.client.plugins.prayer.PrayerFlickOverlay, count=1
Event: 999.576 Thread 0x0000018fccd84800 redefined class name=net.runelite.client.plugins.agility.AgilityConfig, count=1
Event: 1020.822 Thread 0x0000018fccd84800 redefined class name=net.runelite.client.plugins.agility.AgilityConfig, count=2

Internal exceptions (10 events):
Event: 1570.243 Thread 0x0000018fd1640800 Exception <a 'java/net/SocketException'{0x000000070fb00e90}: Socket closed> (0x000000070fb00e90) thrown at [./open/src/hotspot/share/prims/jni.cpp, line 632]
Event: 1572.459 Thread 0x0000018fd3ca0800 Implicit null exception at 0x0000018fb374f431 to 0x0000018fb374f4f6
Event: 1572.459 Thread 0x0000018fd3ca0800 Exception <a 'java/lang/NullPointerException'{0x0000000713b5df80}> (0x0000000713b5df80) thrown at [./open/src/hotspot/share/runtime/sharedRuntime.cpp, line 584]
Event: 1577.861 Thread 0x0000018fd3ca0800 Implicit null exception at 0x0000018fb374f431 to 0x0000018fb374f4f6
Event: 1577.861 Thread 0x0000018fd3ca0800 Exception <a 'java/lang/NullPointerException'{0x000000071057f4b0}> (0x000000071057f4b0) thrown at [./open/src/hotspot/share/runtime/sharedRuntime.cpp, line 584]
Event: 1586.849 Thread 0x0000018fd3ca0800 Implicit null exception at 0x0000018fb374f431 to 0x0000018fb374f4f6
Event: 1586.849 Thread 0x0000018fd3ca0800 Exception <a 'java/lang/NullPointerException'{0x00000007118e7220}> (0x00000007118e7220) thrown at [./open/src/hotspot/share/runtime/sharedRuntime.cpp, line 584]
Event: 1837.212 Thread 0x0000018fd163b800 Implicit null exception at 0x0000018fb9e44acd to 0x0000018fb9e4639e
Event: 1839.677 Thread 0x0000018fd3ca0800 Exception <a 'java/lang/RuntimeException'{0x00000007113d8b98}: unable to SwapBuffers (6)> (0x00000007113d8b98) thrown at [./open/src/hotspot/share/prims/jni.cpp, line 632]
Event: 1839.687 Thread 0x0000018fd163c800 Exception <a 'java/net/SocketException'{0x00000007111a7278}: Socket closed> (0x00000007111a7278) thrown at [./open/src/hotspot/share/prims/jni.cpp, line 632]

Events (10 events):
Event: 1839.689 loading class javax/swing/SwingUtilities$SharedOwnerFrame done
Event: 1839.690 Thread 0x0000018fd1635000 Thread exited: 0x0000018fd1635000
Event: 1839.692 Executing VM operation: RevokeBias
Event: 1839.692 Executing VM operation: RevokeBias done
Event: 1839.692 Thread 0x0000018fd3c9c800 Thread exited: 0x0000018fd3c9c800
Event: 1839.692 Thread 0x0000018fd3c9f000 Thread exited: 0x0000018fd3c9f000
Event: 1839.693 Thread 0x0000018fd3c9e000 Thread exited: 0x0000018fd3c9e000
Event: 1839.693 Thread 0x0000018fd3ca0800 Thread exited: 0x0000018fd3ca0800
Event: 1839.758 Thread 0x0000018fd163e000 Thread exited: 0x0000018fd163e000
Event: 1839.759 Executing VM operation: Exit


Dynamic libraries:
0x00007ff66eb00000 - 0x00007ff66eb0f000 	C:\Program Files\Java\jdk-11.0.9\bin\java.exe
0x00007ff8ca830000 - 0x00007ff8caa44000 	C:\WINDOWS\SYSTEM32\ntdll.dll
0x00007ff8c8630000 - 0x00007ff8c86f2000 	C:\WINDOWS\System32\KERNEL32.DLL
0x00007ff8c8290000 - 0x00007ff8c862c000 	C:\WINDOWS\System32\KERNELBASE.dll
0x00007ff8c7d70000 - 0x00007ff8c7e81000 	C:\WINDOWS\System32\ucrtbase.dll
0x00007ff8b6140000 - 0x00007ff8b6155000 	C:\Program Files\Java\jdk-11.0.9\bin\VCRUNTIME140.dll
0x00007ff8b4ca0000 - 0x00007ff8b4cb8000 	C:\Program Files\Java\jdk-11.0.9\bin\jli.dll
0x00007ff8c8700000 - 0x00007ff8c87ae000 	C:\WINDOWS\System32\ADVAPI32.dll
0x00007ff8c9ed0000 - 0x00007ff8c9f77000 	C:\WINDOWS\System32\msvcrt.dll
0x00007ff8c91d0000 - 0x00007ff8c9274000 	C:\WINDOWS\System32\sechost.dll
0x00007ff8c8a10000 - 0x00007ff8c8b25000 	C:\WINDOWS\System32\RPCRT4.dll
0x00007ff8c8b30000 - 0x00007ff8c8cda000 	C:\WINDOWS\System32\USER32.dll
0x00007ff8a8740000 - 0x00007ff8a89ce000 	C:\WINDOWS\WinSxS\amd64_microsoft.windows.common-controls_6595b64144ccf1df_6.0.22621.608_none_a9444ca7c10bb01d\COMCTL32.dll
0x00007ff8c80c0000 - 0x00007ff8c80e6000 	C:\WINDOWS\System32\win32u.dll
0x00007ff8c8820000 - 0x00007ff8c8849000 	C:\WINDOWS\System32\GDI32.dll
0x00007ff8c80f0000 - 0x00007ff8c8202000 	C:\WINDOWS\System32\gdi32full.dll
0x00007ff8bb930000 - 0x00007ff8bb93a000 	C:\WINDOWS\SYSTEM32\VERSION.dll
0x00007ff8c7c60000 - 0x00007ff8c7cfa000 	C:\WINDOWS\System32\msvcp_win.dll
0x00007ff8ca460000 - 0x00007ff8ca491000 	C:\WINDOWS\System32\IMM32.DLL
0x00007ff8738b0000 - 0x00007ff87394b000 	C:\Program Files\Java\jdk-11.0.9\bin\msvcp140.dll
0x00007ff846330000 - 0x00007ff846e27000 	C:\Program Files\Java\jdk-11.0.9\bin\server\jvm.dll
0x00007ff8ca500000 - 0x00007ff8ca508000 	C:\WINDOWS\System32\PSAPI.DLL
0x00007ff89ffd0000 - 0x00007ff89ffd9000 	C:\WINDOWS\SYSTEM32\WSOCK32.dll
0x00007ff8bc340000 - 0x00007ff8bc374000 	C:\WINDOWS\SYSTEM32\WINMM.dll
0x00007ff8ca510000 - 0x00007ff8ca581000 	C:\WINDOWS\System32\WS2_32.dll
0x00007ff8c6dd0000 - 0x00007ff8c6de8000 	C:\WINDOWS\SYSTEM32\kernel.appcore.dll
0x00007ff8bfbe0000 - 0x00007ff8bfbf0000 	C:\Program Files\Java\jdk-11.0.9\bin\verify.dll
0x00007ff8c5030000 - 0x00007ff8c525e000 	C:\WINDOWS\SYSTEM32\DBGHELP.DLL
0x00007ff8ca010000 - 0x00007ff8ca399000 	C:\WINDOWS\System32\combase.dll
0x00007ff8ca710000 - 0x00007ff8ca7e7000 	C:\WINDOWS\System32\OLEAUT32.dll
0x00007ff8ba020000 - 0x00007ff8ba052000 	C:\WINDOWS\SYSTEM32\dbgcore.DLL
0x00007ff8c8210000 - 0x00007ff8c828b000 	C:\WINDOWS\System32\bcryptPrimitives.dll
0x00007ff8b4c70000 - 0x00007ff8b4c98000 	C:\Program Files\Java\jdk-11.0.9\bin\java.dll
0x00007ff8b6130000 - 0x00007ff8b613a000 	C:\Program Files\Java\jdk-11.0.9\bin\jimage.dll
0x00007ff8a53e0000 - 0x00007ff8a5418000 	C:\Program Files\Java\jdk-11.0.9\bin\jdwp.dll
0x00007ff8ab6b0000 - 0x00007ff8ab6be000 	C:\Program Files\Java\jdk-11.0.9\bin\instrument.dll
0x00007ff8ab560000 - 0x00007ff8ab576000 	C:\Program Files\Java\jdk-11.0.9\bin\zip.dll
0x00007ff8c95d0000 - 0x00007ff8c9dad000 	C:\WINDOWS\System32\SHELL32.dll
0x00007ff8c5c90000 - 0x00007ff8c6547000 	C:\WINDOWS\SYSTEM32\windows.storage.dll
0x00007ff8c5b40000 - 0x00007ff8c5c7d000 	C:\WINDOWS\SYSTEM32\wintypes.dll
0x00007ff8c9280000 - 0x00007ff8c9371000 	C:\WINDOWS\System32\SHCORE.dll
0x00007ff8ca4a0000 - 0x00007ff8ca4fe000 	C:\WINDOWS\System32\shlwapi.dll
0x00007ff8c7b90000 - 0x00007ff8c7bb1000 	C:\WINDOWS\SYSTEM32\profapi.dll
0x00007ff8aa560000 - 0x00007ff8aa56a000 	C:\Program Files\Java\jdk-11.0.9\bin\dt_socket.dll
0x00007ff8c7230000 - 0x00007ff8c7299000 	C:\WINDOWS\system32\mswsock.dll
0x00007ff8aa570000 - 0x00007ff8aa589000 	C:\Program Files\Java\jdk-11.0.9\bin\net.dll
0x00007ff8be020000 - 0x00007ff8be14f000 	C:\WINDOWS\SYSTEM32\WINHTTP.dll
0x00007ff8aa1e0000 - 0x00007ff8aa1f2000 	C:\Program Files\Java\jdk-11.0.9\bin\nio.dll
0x00007ff8a9c30000 - 0x00007ff8a9c3d000 	C:\Program Files\Java\jdk-11.0.9\bin\sunmscapi.dll
0x00007ff8c7e90000 - 0x00007ff8c7ff6000 	C:\WINDOWS\System32\CRYPT32.dll
0x00007ff8c75e0000 - 0x00007ff8c760d000 	C:\WINDOWS\SYSTEM32\ncrypt.dll
0x00007ff8c75a0000 - 0x00007ff8c75d7000 	C:\WINDOWS\SYSTEM32\NTASN1.dll
0x00007ff8a7af0000 - 0x00007ff8a7b15000 	C:\Program Files\Java\jdk-11.0.9\bin\sunec.dll
0x00007ff8c7470000 - 0x00007ff8c748b000 	C:\WINDOWS\SYSTEM32\CRYPTSP.dll
0x00007ff8c6d40000 - 0x00007ff8c6d75000 	C:\WINDOWS\system32\rsaenh.dll
0x00007ff8c7320000 - 0x00007ff8c7348000 	C:\WINDOWS\SYSTEM32\USERENV.dll
0x00007ff8c7610000 - 0x00007ff8c7638000 	C:\WINDOWS\SYSTEM32\bcrypt.dll
0x00007ff8c7490000 - 0x00007ff8c749c000 	C:\WINDOWS\SYSTEM32\CRYPTBASE.dll
0x00007ff8c6850000 - 0x00007ff8c687d000 	C:\WINDOWS\SYSTEM32\IPHLPAPI.DLL
0x00007ff8c9400000 - 0x00007ff8c9409000 	C:\WINDOWS\System32\NSI.dll
0x00007ff8bd050000 - 0x00007ff8bd069000 	C:\WINDOWS\SYSTEM32\dhcpcsvc6.DLL
0x00007ff8bcff0000 - 0x00007ff8bd00f000 	C:\WINDOWS\SYSTEM32\dhcpcsvc.DLL
0x00007ff8c6880000 - 0x00007ff8c6972000 	C:\WINDOWS\SYSTEM32\DNSAPI.dll
0x00007ff8522c0000 - 0x00007ff85245a000 	C:\Program Files\Java\jdk-11.0.9\bin\awt.dll
0x00007ff8c10b0000 - 0x00007ff8c1147000 	C:\WINDOWS\SYSTEM32\apphelp.dll
0x00007ff8c11d0000 - 0x00007ff8c127b000 	C:\WINDOWS\system32\uxtheme.dll
0x00007ff8c9db0000 - 0x00007ff8c9ece000 	C:\WINDOWS\System32\MSCTF.dll
0x00007ff8c9420000 - 0x00007ff8c95bc000 	C:\WINDOWS\System32\ole32.dll
0x00007ff8c1450000 - 0x00007ff8c147b000 	C:\WINDOWS\system32\DWMAPI.DLL
0x00007ff8b1410000 - 0x00007ff8b1510000 	C:\WINDOWS\system32\opengl32.dll
0x00007ff8b5010000 - 0x00007ff8b503d000 	C:\WINDOWS\SYSTEM32\GLU32.dll
0x00007ff8c4f00000 - 0x00007ff8c4f36000 	C:\WINDOWS\SYSTEM32\dxcore.dll
0x00007ff8825e0000 - 0x00007ff882662000 	C:\Program Files\Java\jdk-11.0.9\bin\freetype.dll
0x00007ff856f90000 - 0x00007ff857036000 	C:\Program Files\Java\jdk-11.0.9\bin\fontmanager.dll
0x00007ff8ab580000 - 0x00007ff8ab6ad000 	C:\WINDOWS\SYSTEM32\textinputframework.dll
0x00007ff8aa1d0000 - 0x00007ff8aa1d9000 	C:\Program Files\Java\jdk-11.0.9\bin\management.dll
0x00007ff8a9c40000 - 0x00007ff8a9c4b000 	C:\Program Files\Java\jdk-11.0.9\bin\management_ext.dll
0x00007ff8bc330000 - 0x00007ff8bc33a000 	C:\Windows\System32\rasadhlp.dll
0x00007ff8bc220000 - 0x00007ff8bc2a3000 	C:\WINDOWS\System32\fwpuclnt.dll
0x00007ff8c0940000 - 0x00007ff8c0a73000 	C:\WINDOWS\SYSTEM32\CoreMessaging.dll
0x00007ff8bb260000 - 0x00007ff8bb5cc000 	C:\WINDOWS\SYSTEM32\CoreUIComponents.dll
0x00007ff882790000 - 0x00007ff8827d4000 	C:\Users\matma\AppData\Local\Temp\jna-103668468\jna13373411646084420052.dll
0x00007ff865350000 - 0x00007ff8653ec000 	C:\Users\matma\AppData\Local\Temp\jna-103668468\jna6965240780209783339.dll
0x00007ff8a7970000 - 0x00007ff8a7981000 	C:\Program Files\Java\jdk-11.0.9\bin\jsound.dll
0x00007ff8b4850000 - 0x00007ff8b48f2000 	C:\WINDOWS\SYSTEM32\DSOUND.dll
0x00007ff8c6ba0000 - 0x00007ff8c6bed000 	C:\WINDOWS\SYSTEM32\powrprof.dll
0x00007ff8b4320000 - 0x00007ff8b43d1000 	C:\WINDOWS\SYSTEM32\ResampleDmo.DLL
0x00007ff8a40f0000 - 0x00007ff8a4119000 	C:\WINDOWS\SYSTEM32\winmmbase.dll
0x00007ff8ab120000 - 0x00007ff8ab12b000 	C:\WINDOWS\SYSTEM32\msdmo.dll
0x00007ff8c6b80000 - 0x00007ff8c6b93000 	C:\WINDOWS\SYSTEM32\UMPDC.dll
0x00007ff8ca3a0000 - 0x00007ff8ca457000 	C:\WINDOWS\System32\clbcatq.dll
0x00007ff8b1990000 - 0x00007ff8b1a2d000 	C:\WINDOWS\System32\MMDevApi.dll
0x00007ff8c7920000 - 0x00007ff8c794c000 	C:\WINDOWS\System32\DEVOBJ.dll
0x00007ff8c7950000 - 0x00007ff8c799f000 	C:\WINDOWS\SYSTEM32\cfgmgr32.dll
0x00007ff8811d0000 - 0x00007ff881216000 	C:\WINDOWS\SYSTEM32\wdmaud.drv
0x00007ff8bce10000 - 0x00007ff8bce1b000 	C:\WINDOWS\SYSTEM32\AVRT.dll
0x00007ff89dea0000 - 0x00007ff89dea9000 	C:\WINDOWS\SYSTEM32\ksuser.dll
0x00007ff8aba50000 - 0x00007ff8abc34000 	C:\WINDOWS\SYSTEM32\AUDIOSES.DLL
0x00007ff8a9c20000 - 0x00007ff8a9c2e000 	C:\WINDOWS\SYSTEM32\msacm32.drv
0x00007ff8a65f0000 - 0x00007ff8a660e000 	C:\WINDOWS\SYSTEM32\MSACM32.dll
0x00007ff8a8b50000 - 0x00007ff8a8b5b000 	C:\WINDOWS\SYSTEM32\midimap.dll
0x00007ff8c5770000 - 0x00007ff8c5785000 	C:\WINDOWS\SYSTEM32\resourcepolicyclient.dll
0x00007ff8b1650000 - 0x00007ff8b17c4000 	C:\Windows\System32\Windows.UI.dll
0x00007ff885440000 - 0x00007ff88546d000 	C:\Program Files\Java\jdk-11.0.9\bin\javajpeg.dll
0x00007ff87bdc0000 - 0x00007ff87be3f000 	C:\Program Files\Java\jdk-11.0.9\bin\mlib_image.dll
0x00007ff8a85e0000 - 0x00007ff8a85e7000 	C:\Program Files\Java\jdk-11.0.9\bin\jawt.dll
0x00007ff882760000 - 0x00007ff882787000 	C:\Users\matma\AppData\Local\Temp\5751105992526749931rlawt.dll
0x00007ff8c4de0000 - 0x00007ff8c4ded000 	C:\WINDOWS\SYSTEM32\WINNSI.DLL
0x00007ff8bf190000 - 0x00007ff8bf340000 	C:\WINDOWS\SYSTEM32\WindowsCodecs.dll
0x00007ff8aa6c0000 - 0x00007ff8aa71e000 	C:\WINDOWS\system32\dataexchange.dll
0x00007ff8b9a80000 - 0x00007ff8b9cea000 	C:\WINDOWS\system32\twinapi.appcore.dll
0x00007ff8bcdc0000 - 0x00007ff8bce09000 	C:\WINDOWS\SYSTEM32\directxdatabasehelper.dll
0x00007ff8bdaa0000 - 0x00007ff8bdb5d000 	C:\WINDOWS\SYSTEM32\mscms.dll
0x00007ff8bca30000 - 0x00007ff8bcb5c000 	C:\Windows\System32\AppXDeploymentClient.dll
0x00007ff8b4e40000 - 0x00007ff8b4e89000 	C:\WINDOWS\SYSTEM32\icm32.dll
0x00007ff8290a0000 - 0x00007ff82a150000 	C:\WINDOWS\System32\DriverStore\FileRepository\iigd_dch.inf_amd64_a4e86d7e8f40267a\igxelpicd64.dll
0x00007ff8c1340000 - 0x00007ff8c1437000 	C:\WINDOWS\system32\dxgi.dll
0x00007ff850a00000 - 0x00007ff850b25000 	C:\WINDOWS\System32\DriverStore\FileRepository\iigd_dch.inf_amd64_a4e86d7e8f40267a\igdml64.dll
0x00007ff8b63c0000 - 0x00007ff8b67d2000 	C:\WINDOWS\System32\DriverStore\FileRepository\iigd_dch.inf_amd64_a4e86d7e8f40267a\igdgmm64.dll
0x00007ff8c7d00000 - 0x00007ff8c7d69000 	C:\WINDOWS\System32\WINTRUST.dll
0x00007ff8c7900000 - 0x00007ff8c7912000 	C:\WINDOWS\SYSTEM32\MSASN1.dll
0x00007ff8accf0000 - 0x00007ff8b1140000 	C:\WINDOWS\System32\DriverStore\FileRepository\iigd_dch.inf_amd64_a4e86d7e8f40267a\igc64.dll
0x00007ff87b960000 - 0x00007ff87b9d5000 	C:\Users\matma\AppData\Local\Temp\lwjgl-rl-amd64\3.3.1-build-7\lwjgl.dll
0x00007ff8757a0000 - 0x00007ff8757fd000 	C:\Users\matma\AppData\Local\Temp\lwjgl-rl-amd64\3.3.1-build-7\lwjgl_opengl.dll

dbghelp: loaded successfully - version: 4.0.5 - missing functions: none
symbol engine: initialized successfully - sym options: 0x614 - pdb path: .;C:\Program Files\Java\jdk-11.0.9\bin;C:\WINDOWS\SYSTEM32;C:\WINDOWS\WinSxS\amd64_microsoft.windows.common-controls_6595b64144ccf1df_6.0.22621.608_none_a9444ca7c10bb01d;C:\Program Files\Java\jdk-11.0.9\bin\server;C:\Users\matma\AppData\Local\Temp\jna-103668468;C:\Users\matma\AppData\Local\Temp;C:\WINDOWS\System32\DriverStore\FileRepository\iigd_dch.inf_amd64_a4e86d7e8f40267a;C:\Users\matma\AppData\Local\Temp\lwjgl-rl-amd64\3.3.1-build-7

VM Arguments:
jvm_args: -agentlib:jdwp=transport=dt_socket,address=127.0.0.1:50541,suspend=y,server=n -javaagent:C:\Users\matma\AppData\Local\JetBrains\IdeaIC2022.2\captureAgent\debugger-agent.jar -Dfile.encoding=UTF-8 
java_command: net.runelite.client.RuneLite
java_class_path (initial): C:\Users\matma\IdeaProjects\runelite\runelite-client\target\classes;C:\Users\matma\.m2\repository\org\slf4j\slf4j-api\1.7.25\slf4j-api-1.7.25.jar;C:\Users\matma\.m2\repository\ch\qos\logback\logback-classic\1.2.9\logback-classic-1.2.9.jar;C:\Users\matma\.m2\repository\ch\qos\logback\logback-core\1.2.9\logback-core-1.2.9.jar;C:\Users\matma\.m2\repository\net\sf\jopt-simple\jopt-simple\5.0.1\jopt-simple-5.0.1.jar;C:\Users\matma\.m2\repository\com\google\guava\guava\23.2-jre\guava-23.2-jre.jar;C:\Users\matma\.m2\repository\com\google\inject\guice\4.1.0\guice-4.1.0-no_aop.jar;C:\Users\matma\.m2\repository\javax\inject\javax.inject\1\javax.inject-1.jar;C:\Users\matma\.m2\repository\aopalliance\aopalliance\1.0\aopalliance-1.0.jar;C:\Users\matma\.m2\repository\com\google\code\gson\gson\2.8.5\gson-2.8.5.jar;C:\Users\matma\.m2\repository\net\runelite\pushingpixels\substance\8.0.02\substance-8.0.02.jar;C:\Users\matma\.m2\repository\net\runelite\pushingpixels\trident\1.5.00\trident-1.5.00.jar;C:\Users\matma\.m2\repository\org\apache\commons\commons-text\1.2\commons-text-1.2.jar;C:\Users\matma\.m2\repository\org\apache\commons\commons-lang3\3.7\commons-lang3-3.7.jar;C:\Users\matma\.m2\repository\net\runelite\archive-patcher\archive-patcher-applier\1.2\archive-patcher-applier-1.2.jar;C:\Users\matma\.m2\repository\net\java\dev\jna\jna\5.9.0\jna-5.9.0.jar;C:\Users\matma\.m2\repository\net\java\dev\jna\jna-platform\5.9.0\jna-platform-5.9.0.jar;C:\Users\matma\.m2\repository\com\google\code\findbugs\jsr305\3.0.2\jsr305-3.0.2.jar;C:\Users\matma\.m2\repository\com\google\protobuf\protobuf-javalite\3.21.1\protobuf-javalite-3.21.1.jar;C:\Users\matma\.m2\repository\net\runelite\rlawt\1.3\rlawt-1.3.jar;C:\Users\matma\.m2\repository\net\runelite\jocl\jocl\1.0\jocl-1.0.jar;C:\Users\matma\.m2\repository\net\runelite\jocl\jocl\1.0\jocl-1.0-macos-x64.jar;C:\Users\matma\.m2\repository\net\runelite\jocl\jocl\1.0\jocl-1.0-macos-arm64.jar;C:\Users\matma\.m2\repository\o
Launcher Type: SUN_STANDARD

[Global flags]
     intx CICompilerCount                          = 4                                         {product} {ergonomic}
     uint ConcGCThreads                            = 3                                         {product} {ergonomic}
     uint G1ConcRefinementThreads                  = 10                                        {product} {ergonomic}
   size_t G1HeapRegionSize                         = 1048576                                   {product} {ergonomic}
    uintx GCDrainStackTargetSize                   = 64                                        {product} {ergonomic}
   size_t InitialHeapSize                          = 264241152                                 {product} {ergonomic}
   size_t MarkStackSize                            = 4194304                                   {product} {ergonomic}
   size_t MaxHeapSize                              = 4227858432                                {product} {ergonomic}
   size_t MaxNewSize                               = 2536505344                                {product} {ergonomic}
   size_t MinHeapDeltaBytes                        = 1048576                                   {product} {ergonomic}
    uintx NonNMethodCodeHeapSize                   = 5836300                                {pd product} {ergonomic}
    uintx NonProfiledCodeHeapSize                  = 122910970                              {pd product} {ergonomic}
    uintx ProfiledCodeHeapSize                     = 122910970                              {pd product} {ergonomic}
    uintx ReservedCodeCacheSize                    = 251658240                              {pd product} {ergonomic}
     bool SegmentedCodeCache                       = true                                      {product} {ergonomic}
     bool UseCompressedClassPointers               = true                                 {lp64_product} {ergonomic}
     bool UseCompressedOops                        = true                                 {lp64_product} {ergonomic}
     bool UseG1GC                                  = true                                      {product} {ergonomic}
     bool UseLargePagesIndividualAllocation        = false                                  {pd product} {ergonomic}

Logging:
Log output configuration:
 #0: stdout all=warning uptime,level,tags
 #1: stderr all=off uptime,level,tags

Environment Variables:
JAVA_HOME=C:\Program Files\Java\jdk-11.0.9
PATH=C:\Program Files\Common Files\Oracle\Java\javapath;C:\Program Files (x86)\Common Files\Oracle\Java\javapath;C:\Windows\system32;C:\Windows;C:\Windows\System32\Wbem;C:\Windows\System32\WindowsPowerShell\v1.0\;C:\Windows\System32\OpenSSH\;C:\Program Files (x86)\NVIDIA Corporation\PhysX\Common;C:\Program Files\NVIDIA Corporation\NVIDIA NvDLISR;C:\WINDOWS\system32;C:\WINDOWS;C:\WINDOWS\System32\Wbem;C:\WINDOWS\System32\WindowsPowerShell\v1.0\;C:\WINDOWS\System32\OpenSSH\;C:\Program Files\dotnet\;C:\ProgramData\chocolatey\bin;C:\Program Files\Git\cmd;C:\Program Files\nodejs\;C:\Users\matma\AppData\Local\Android\Sdk\platform-tools;;C:\Program Files (x86)\gnupg\bin;C:\Users\matma\AppData\Local\Microsoft\WindowsApps;;C:\Users\matma\AppData\Local\Programs\Microsoft VS Code\bin;C:\Users\matma\AppData\Roaming\npm
USERNAME=matma
OS=Windows_NT
PROCESSOR_IDENTIFIER=Intel64 Family 6 Model 141 Stepping 1, GenuineIntel



---------------  S Y S T E M  ---------------

OS: Windows 10 , 64 bit Build 22621 (10.0.22621.608)
HyperV virtualization detected

CPU:total 12 (initial active 12) (6 cores per cpu, 2 threads per core) family 6 model 141 stepping 1, cmov, cx8, fxsr, mmx, sse, sse2, sse3, ssse3, sse4.1, sse4.2, popcnt, avx, avx2, aes, clmul, erms, 3dnowpref, lzcnt, ht, tsc, tscinvbit, bmi1, bmi2, adx, evex, sha, fma

Memory: 4k page, system-wide physical 16122M (5242M free)
TotalPageFile size 24058M (AvailPageFile size 7651M)
current process WorkingSet (physical memory assigned to process): 693M, peak: 962M
current process commit charge ("private bytes"): 688M, peak: 937M

vm_info: Java HotSpot(TM) 64-Bit Server VM (11.0.9+7-LTS) for windows-amd64 JRE (11.0.9+7-LTS), built on Sep 15 2020 16:47:03 by "mach5one" with MS VC++ 15.9 (VS2017)

END.
