#
# A fatal error has been detected by the Java Runtime Environment:
#
#  EXCEPTION_ACCESS_VIOLATION (0xc0000005) at pc=0x00007ff829326252, pid=10036, tid=13988
#
# JRE version: Java(TM) SE Runtime Environment 18.9 (11.0.9+7) (build 11.0.9+7-LTS)
# Java VM: Java HotSpot(TM) 64-Bit Server VM 18.9 (11.0.9+7-LTS, mixed mode, tiered, compressed oops, g1 gc, windows-amd64)
# Problematic frame:
# C  [igxelpicd64.dll+0x286252]
#
# No core dump will be written. Minidumps are not enabled by default on client versions of Windows
#
# If you would like to submit a bug report, please visit:
#   https://bugreport.java.com/bugreport/crash.jsp
#

---------------  S U M M A R Y ------------

Command Line: -agentlib:jdwp=transport=dt_socket,address=127.0.0.1:64470,suspend=y,server=n -javaagent:C:\Users\matma\AppData\Local\JetBrains\IdeaIC2022.2\captureAgent\debugger-agent.jar -Dfile.encoding=UTF-8 net.runelite.client.RuneLite

Host: 11th Gen Intel(R) Core(TM) i7-11600H @ 2.90GHz, 12 cores, 15G,  Windows 10 , 64 bit Build 22621 (10.0.22621.608)
Time: Thu Nov  3 14:49:53 2022 W. Australia Standard Time elapsed time: 348.419045 seconds (0d 0h 5m 48s)

---------------  T H R E A D  ---------------

Current thread (0x000001837da10000):  VMThread "VM Thread" [stack: 0x00000030e4a00000,0x00000030e4b00000] [id=13988]

Stack: [0x00000030e4a00000,0x00000030e4b00000],  sp=0x00000030e4afe870,  free space=1018k
Native frames: (J=compiled Java code, j=interpreted, Vv=VM code, C=native code)
C  [igxelpicd64.dll+0x286252]


siginfo: EXCEPTION_ACCESS_VIOLATION (0xc0000005), reading address 0x0000000000035bb8


Register to memory mapping:

RIP=0x00007ff829326252 igxelpicd64.dll
RAX=0x0000018312fc4d80 points into unknown readable memory: 4f a1 4f 02 00 00 00 00
RBX=0x0000018312fc4c70 points into unknown readable memory: 90 5a 8c 12 83 01 00 00
RCX=0x0 is NULL
RDX=0x00000000fffffff0 is an unknown value
RSP=0x00000030e4afe870 points into unknown readable memory: 20 83 eb 15 83 01 00 00
RBP=0x0 is NULL
RSI=0x0000018312fc5250 points into unknown readable memory: f0 17 fc 12 83 01 00 00
RDI=0x00000183122d5140 points into unknown readable memory: 00 fe ba be 00 00 00 34
R8 =0x0000000000000014 is an unknown value
R9 =0x0 is NULL
R10=0x0 is NULL
R11=0x0000000000000246 is an unknown value
R12=0x000001831b47dc00 points into unknown readable memory: 00 80 01 00 00 00 00 00
R13=0x0000018312fc17f0 points into unknown readable memory: 90 5a 8c 12 83 01 00 00
R14=0x00000000024fa500 is an unknown value
R15=0x0000000000000016 is an unknown value


Registers:
RAX=0x0000018312fc4d80, RBX=0x0000018312fc4c70, RCX=0x0000000000000000, RDX=0x00000000fffffff0
RSP=0x00000030e4afe870, RBP=0x0000000000000000, RSI=0x0000018312fc5250, RDI=0x00000183122d5140
R8 =0x0000000000000014, R9 =0x0000000000000000, R10=0x0000000000000000, R11=0x0000000000000246
R12=0x000001831b47dc00, R13=0x0000018312fc17f0, R14=0x00000000024fa500, R15=0x0000000000000016
RIP=0x00007ff829326252, EFLAGS=0x0000000000010202

Top of Stack: (sp=0x00000030e4afe870)
0x00000030e4afe870:   0000018315eb8320 0000000000000000
0x00000030e4afe880:   00000030e4afe910 00007ff8ca8d2db4
0x00000030e4afe890:   00007ff846bb9f80 00007ff8ca8c53c1
0x00000030e4afe8a0:   00000000000007cf 00007ff846942bbf
0x00000030e4afe8b0:   0000000000000019 00000000024fa550
0x00000030e4afe8c0:   0000b80219620000 000001831b47dcf8
0x00000030e4afe8d0:   0000000000000000 0000000000000000
0x00000030e4afe8e0:   00000030e4afe9f0 00007ff82910e31f
0x00000030e4afe8f0:   0000018315eb8320 00000183122d5140
0x00000030e4afe900:   00000030e4afea00 00000030e4afea00
0x00000030e4afe910:   00000030000038b8 00007ff800000000
0x00000030e4afe920:   0000000000000000 00007ff8ca8c1771
0x00000030e4afe930:   00000030e4afeb18 00007ff8ca84db04
0x00000030e4afe940:   0000018366990b34 00000000000000c0
0x00000030e4afe950:   0000018366990b4c 0000018366990b08
0x00000030e4afe960:   00000030e4afea78 00000030e4afecb8 

Instructions: (pc=0x00007ff829326252)
0x00007ff829326232:   83 62 01 00 00 4a 8d 04 cd 22 00 00 00 49 03 c1
0x00007ff829326242:   48 8d 04 c3 48 85 c0 0f 85 77 01 00 00 49 8b ca
0x00007ff829326252:   48 3b 8d b8 5b 03 00 0f 87 58 09 78 00 48 8d 93
0x00007ff829326262:   10 01 00 00 4c 39 93 60 06 00 00 0f 85 c3 0a 78 


Stack slot to memory mapping:
stack at sp + 0 slots: 0x0000018315eb8320 points into unknown readable memory: ff ff ff ff ff ff ff ff
stack at sp + 1 slots: 0x0 is NULL
stack at sp + 2 slots: 0x00000030e4afe910 points into unknown readable memory: b8 38 00 00 30 00 00 00
stack at sp + 3 slots: 0x00007ff8ca8d2db4 ntdll.dll
stack at sp + 4 slots: 0x00007ff846bb9f80 jvm.dll
stack at sp + 5 slots: 0x00007ff8ca8c53c1 ntdll.dll
stack at sp + 6 slots: 0x00000000000007cf is an unknown value
stack at sp + 7 slots: 0x00007ff846942bbf jvm.dll

VM_Operation (0x00000030e54ff1b0): Exit, mode: safepoint, requested by thread 0x000001831286f800


---------------  P R O C E S S  ---------------

Threads class SMR info:
_java_thread_list=0x000001832325ebc0, length=27, elements={
0x000001837da2a000, 0x000001837da35000, 0x000001837da3d800, 0x000001837e32f800,
0x000001837e332000, 0x000001837e335000, 0x000001837e337800, 0x000001837e4ac800,
0x000001837e764800, 0x000001837e851000, 0x000001830f237000, 0x000001830f21a000,
0x000001830f375800, 0x000001830f8d9800, 0x000001830f499800, 0x000001830f49a800,
0x000001830f498800, 0x000001830f49b000, 0x000001831286e000, 0x0000018312872000,
0x0000018312876000, 0x0000018312875000, 0x0000018312877000, 0x0000018312871000,
0x000001831286e800, 0x0000018312874800, 0x000001831286f800
}

Java Threads: ( => current thread )
  0x000001837da2a000 JavaThread "Reference Handler" daemon [_thread_blocked, id=9808, stack(0x00000030e4b00000,0x00000030e4c00000)]
  0x000001837da35000 JavaThread "Finalizer" daemon [_thread_blocked, id=1188, stack(0x00000030e4c00000,0x00000030e4d00000)]
  0x000001837da3d800 JavaThread "Signal Dispatcher" daemon [_thread_blocked, id=27504, stack(0x00000030e4d00000,0x00000030e4e00000)]
  0x000001837e32f800 JavaThread "Attach Listener" daemon [_thread_blocked, id=19640, stack(0x00000030e4e00000,0x00000030e4f00000)]
  0x000001837e332000 JavaThread "C2 CompilerThread0" daemon [_thread_blocked, id=19872, stack(0x00000030e4f00000,0x00000030e5000000)]
  0x000001837e335000 JavaThread "C1 CompilerThread0" daemon [_thread_blocked, id=14844, stack(0x00000030e5000000,0x00000030e5100000)]
  0x000001837e337800 JavaThread "Sweeper thread" daemon [_thread_blocked, id=13608, stack(0x00000030e5100000,0x00000030e5200000)]
  0x000001837e4ac800 JavaThread "Common-Cleaner" daemon [_thread_blocked, id=2608, stack(0x00000030e5200000,0x00000030e5300000)]
  0x000001837e764800 JavaThread "JDWP Event Helper Thread" daemon [_thread_blocked, id=16140, stack(0x00000030e5500000,0x00000030e5600000)]
  0x000001837e851000 JavaThread "Service Thread" daemon [_thread_blocked, id=19964, stack(0x00000030e5700000,0x00000030e5800000)]
  0x000001830f237000 JavaThread "Java2D Disposer" daemon [_thread_blocked, id=21348, stack(0x00000030e5300000,0x00000030e5400000)]
  0x000001830f21a000 JavaThread "AWT-Shutdown" [_thread_blocked, id=19736, stack(0x00000030e5e00000,0x00000030e5f00000)]
  0x000001830f375800 JavaThread "AWT-EventQueue-0" [_thread_in_native, id=5948, stack(0x00000030e6000000,0x00000030e6100000)]
  0x000001830f8d9800 JavaThread "TimerQueue" daemon [_thread_blocked, id=21648, stack(0x00000030e6400000,0x00000030e6500000)]
  0x000001830f499800 JavaThread "OkHttp ConnectionPool" daemon [_thread_blocked, id=26608, stack(0x00000030e6800000,0x00000030e6900000)]
  0x000001830f49a800 JavaThread "pool-2-thread-1" [_thread_blocked, id=21868, stack(0x00000030e6f00000,0x00000030e7000000)]
  0x000001830f498800 JavaThread "OkHttp api.runelite.net Writer" [_thread_blocked, id=8184, stack(0x00000030e7300000,0x00000030e7400000)]
  0x000001830f49b000 JavaThread "OkHttp api.runelite.net" [_thread_blocked, id=5696, stack(0x00000030e7400000,0x00000030e7500000)]
  0x000001831286e000 JavaThread "Java Sound Event Dispatcher" daemon [_thread_blocked, id=20700, stack(0x00000030e7b00000,0x00000030e7c00000)]
  0x0000018312872000 JavaThread "Substance heap status" daemon [_thread_blocked, id=13664, stack(0x00000030e8400000,0x00000030e8500000)]
  0x0000018312876000 JavaThread "Trident callback thread" daemon [_thread_blocked, id=18376, stack(0x00000030e8600000,0x00000030e8700000)]
  0x0000018312875000 JavaThread "Trident pulse source thread" daemon [_thread_blocked, id=25968, stack(0x00000030e8700000,0x00000030e8800000)]
  0x0000018312877000 JavaThread "pool-5-thread-1" [_thread_blocked, id=3780, stack(0x00000030e8c00000,0x00000030e8d00000)]
  0x0000018312871000 JavaThread "DestroyJavaVM" [_thread_blocked, id=4244, stack(0x00000030e4400000,0x00000030e4500000)]
  0x000001831286e800 JavaThread "OkHttp https://api.runelite.net/..." [_thread_blocked, id=26424, stack(0x00000030e4300000,0x00000030e4400000)]
  0x0000018312874800 JavaThread "Okio Watchdog" daemon [_thread_blocked, id=14440, stack(0x00000030e6500000,0x00000030e6600000)]
  0x000001831286f800 JavaThread "SIGINT handler" daemon [_thread_blocked, id=2948, stack(0x00000030e5400000,0x00000030e5500000)]

Other Threads:
=>0x000001837da10000 VMThread "VM Thread" [stack: 0x00000030e4a00000,0x00000030e4b00000] [id=13988]
  0x0000018368d4c000 GCTaskThread "GC Thread#0" [stack: 0x00000030e4500000,0x00000030e4600000] [id=2240]
  0x000001830f16f800 GCTaskThread "GC Thread#1" [stack: 0x00000030e5900000,0x00000030e5a00000] [id=20932]
  0x000001830f170800 GCTaskThread "GC Thread#2" [stack: 0x00000030e5a00000,0x00000030e5b00000] [id=8084]
  0x000001830f171800 GCTaskThread "GC Thread#3" [stack: 0x00000030e5b00000,0x00000030e5c00000] [id=26448]
  0x000001830f172000 GCTaskThread "GC Thread#4" [stack: 0x00000030e5c00000,0x00000030e5d00000] [id=13700]
  0x000001830f177000 GCTaskThread "GC Thread#5" [stack: 0x00000030e5d00000,0x00000030e5e00000] [id=17808]
  0x000001830fb97000 GCTaskThread "GC Thread#6" [stack: 0x00000030e6b00000,0x00000030e6c00000] [id=3640]
  0x000001830fb4d800 GCTaskThread "GC Thread#7" [stack: 0x00000030e6c00000,0x00000030e6d00000] [id=18336]
  0x0000018311c7f800 GCTaskThread "GC Thread#8" [stack: 0x00000030e6d00000,0x00000030e6e00000] [id=25508]
  0x0000018311c80000 GCTaskThread "GC Thread#9" [stack: 0x00000030e6e00000,0x00000030e6f00000] [id=9572]
  0x0000018368da1800 ConcurrentGCThread "G1 Main Marker" [stack: 0x00000030e4600000,0x00000030e4700000] [id=4500]
  0x0000018368da2800 ConcurrentGCThread "G1 Conc#0" [stack: 0x00000030e4700000,0x00000030e4800000] [id=25224]
  0x000001830f25e800 ConcurrentGCThread "G1 Conc#1" [stack: 0x00000030e6200000,0x00000030e6300000] [id=19400]
  0x000001830f260000 ConcurrentGCThread "G1 Conc#2" [stack: 0x00000030e6300000,0x00000030e6400000] [id=7552]
  0x000001837d90c000 ConcurrentGCThread "G1 Refine#0" [stack: 0x00000030e4800000,0x00000030e4900000] [id=28548]
  0x0000018314894800 ConcurrentGCThread "G1 Refine#1" [stack: 0x00000030e8800000,0x00000030e8900000] [id=1312]
  0x0000018316143800 ConcurrentGCThread "G1 Refine#2" [stack: 0x00000030e8900000,0x00000030e8a00000] [id=23032]
  0x000001830fc97000 ConcurrentGCThread "G1 Refine#3" [stack: 0x00000030e8a00000,0x00000030e8b00000] [id=8784]
  0x000001831333e000 ConcurrentGCThread "G1 Refine#4" [stack: 0x00000030e8b00000,0x00000030e8c00000] [id=14108]
  0x0000018315f1f800 ConcurrentGCThread "G1 Refine#5" [stack: 0x00000030e9100000,0x00000030e9200000] [id=19280]
  0x00000183163c9000 ConcurrentGCThread "G1 Refine#6" [stack: 0x00000030e9200000,0x00000030e9300000] [id=20988]
  0x000001837d90f000 ConcurrentGCThread "G1 Young RemSet Sampling" [stack: 0x00000030e4900000,0x00000030e4a00000] [id=11236]

Threads with active compile tasks:

VM state:at safepoint (shutting down)

VM Mutex/Monitor currently owned by a thread:  ([mutex/lock_event])
[0x0000018368d325d0] Threads_lock - owner thread: 0x000001837da10000

Heap address: 0x0000000704000000, size: 4032 MB, Compressed Oops mode: Zero based, Oop shift amount: 3
Narrow klass base: 0x0000000800000000, Narrow klass shift: 0
Compressed class space size: 1073741824 Address: 0x0000000800000000

Heap:
 garbage-first heap   total 446464K, used 287279K [0x0000000704000000, 0x0000000800000000)
  region size 1024K, 125 young (128000K), 4 survivors (4096K)
 Metaspace       used 81974K, capacity 84332K, committed 84520K, reserved 1124352K
  class space    used 8531K, capacity 9523K, committed 9600K, reserved 1048576K
Heap Regions: E=young(eden), S=young(survivor), O=old, HS=humongous(starts), HC=humongous(continues), CS=collection set, F=free, A=archive, TAMS=top-at-mark-start (previous, next)
|   0|0x0000000704000000, 0x0000000704100000, 0x0000000704100000|100%| O|  |TAMS 0x0000000704100000, 0x0000000704000000| Untracked 
|   1|0x0000000704100000, 0x0000000704200000, 0x0000000704200000|100%| O|  |TAMS 0x0000000704200000, 0x0000000704100000| Untracked 
|   2|0x0000000704200000, 0x0000000704300000, 0x0000000704300000|100%| O|  |TAMS 0x0000000704300000, 0x0000000704200000| Untracked 
|   3|0x0000000704300000, 0x0000000704400000, 0x0000000704400000|100%| O|  |TAMS 0x0000000704400000, 0x0000000704300000| Untracked 
|   4|0x0000000704400000, 0x0000000704500000, 0x0000000704500000|100%| O|  |TAMS 0x0000000704500000, 0x0000000704400000| Untracked 
|   5|0x0000000704500000, 0x0000000704600000, 0x0000000704600000|100%| O|  |TAMS 0x0000000704600000, 0x0000000704500000| Untracked 
|   6|0x0000000704600000, 0x0000000704700000, 0x0000000704700000|100%| O|  |TAMS 0x0000000704700000, 0x0000000704600000| Untracked 
|   7|0x0000000704700000, 0x0000000704800000, 0x0000000704800000|100%|HS|  |TAMS 0x0000000704700000, 0x0000000704700000| Complete 
|   8|0x0000000704800000, 0x0000000704900000, 0x0000000704900000|100%|HS|  |TAMS 0x0000000704900000, 0x0000000704800000| Complete 
|   9|0x0000000704900000, 0x0000000704a00000, 0x0000000704a00000|100%|HC|  |TAMS 0x0000000704a00000, 0x0000000704900000| Complete 
|  10|0x0000000704a00000, 0x0000000704b00000, 0x0000000704b00000|100%| O|  |TAMS 0x0000000704a00000, 0x0000000704a00000| Untracked 
|  11|0x0000000704b00000, 0x0000000704c00000, 0x0000000704c00000|100%| O|  |TAMS 0x0000000704b00000, 0x0000000704b00000| Untracked 
|  12|0x0000000704c00000, 0x0000000704d00000, 0x0000000704d00000|100%| O|  |TAMS 0x0000000704d00000, 0x0000000704c00000| Untracked 
|  13|0x0000000704d00000, 0x0000000704e00000, 0x0000000704e00000|100%| O|  |TAMS 0x0000000704e00000, 0x0000000704d00000| Untracked 
|  14|0x0000000704e00000, 0x0000000704f00000, 0x0000000704f00000|100%| O|  |TAMS 0x0000000704f00000, 0x0000000704e00000| Untracked 
|  15|0x0000000704f00000, 0x0000000705000000, 0x0000000705000000|100%| O|  |TAMS 0x0000000705000000, 0x0000000704f00000| Untracked 
|  16|0x0000000705000000, 0x0000000705100000, 0x0000000705100000|100%| O|  |TAMS 0x0000000705100000, 0x0000000705000000| Untracked 
|  17|0x0000000705100000, 0x0000000705200000, 0x0000000705200000|100%| O|  |TAMS 0x0000000705100000, 0x0000000705100000| Untracked 
|  18|0x0000000705200000, 0x0000000705300000, 0x0000000705300000|100%| O|  |TAMS 0x0000000705300000, 0x0000000705200000| Untracked 
|  19|0x0000000705300000, 0x0000000705400000, 0x0000000705400000|100%| O|  |TAMS 0x0000000705400000, 0x0000000705300000| Untracked 
|  20|0x0000000705400000, 0x0000000705500000, 0x0000000705500000|100%| O|  |TAMS 0x0000000705500000, 0x0000000705400000| Untracked 
|  21|0x0000000705500000, 0x0000000705600000, 0x0000000705600000|100%| O|  |TAMS 0x0000000705600000, 0x0000000705500000| Untracked 
|  22|0x0000000705600000, 0x0000000705700000, 0x0000000705700000|100%| O|  |TAMS 0x0000000705700000, 0x0000000705600000| Untracked 
|  23|0x0000000705700000, 0x0000000705800000, 0x0000000705800000|100%| O|  |TAMS 0x0000000705800000, 0x0000000705700000| Untracked 
|  24|0x0000000705800000, 0x0000000705900000, 0x0000000705900000|100%| O|  |TAMS 0x0000000705900000, 0x0000000705800000| Untracked 
|  25|0x0000000705900000, 0x0000000705a00000, 0x0000000705a00000|100%| O|  |TAMS 0x0000000705a00000, 0x0000000705900000| Untracked 
|  26|0x0000000705a00000, 0x0000000705b00000, 0x0000000705b00000|100%| O|  |TAMS 0x0000000705b00000, 0x0000000705a00000| Untracked 
|  27|0x0000000705b00000, 0x0000000705c00000, 0x0000000705c00000|100%| O|  |TAMS 0x0000000705c00000, 0x0000000705b00000| Untracked 
|  28|0x0000000705c00000, 0x0000000705d00000, 0x0000000705d00000|100%| O|  |TAMS 0x0000000705d00000, 0x0000000705c00000| Untracked 
|  29|0x0000000705d00000, 0x0000000705e00000, 0x0000000705e00000|100%| O|  |TAMS 0x0000000705e00000, 0x0000000705d00000| Untracked 
|  30|0x0000000705e00000, 0x0000000705f00000, 0x0000000705f00000|100%| O|  |TAMS 0x0000000705f00000, 0x0000000705e00000| Untracked 
|  31|0x0000000705f00000, 0x0000000706000000, 0x0000000706000000|100%| O|  |TAMS 0x0000000706000000, 0x0000000705f00000| Untracked 
|  32|0x0000000706000000, 0x0000000706100000, 0x0000000706100000|100%| O|  |TAMS 0x0000000706100000, 0x0000000706000000| Untracked 
|  33|0x0000000706100000, 0x0000000706200000, 0x0000000706200000|100%| O|  |TAMS 0x0000000706200000, 0x0000000706100000| Untracked 
|  34|0x0000000706200000, 0x0000000706300000, 0x0000000706300000|100%| O|  |TAMS 0x0000000706300000, 0x0000000706200000| Untracked 
|  35|0x0000000706300000, 0x0000000706400000, 0x0000000706400000|100%| O|  |TAMS 0x0000000706400000, 0x0000000706300000| Untracked 
|  36|0x0000000706400000, 0x0000000706500000, 0x0000000706500000|100%| O|  |TAMS 0x0000000706500000, 0x0000000706400000| Untracked 
|  37|0x0000000706500000, 0x0000000706600000, 0x0000000706600000|100%| O|  |TAMS 0x0000000706600000, 0x0000000706500000| Untracked 
|  38|0x0000000706600000, 0x0000000706700000, 0x0000000706700000|100%| O|  |TAMS 0x0000000706700000, 0x0000000706600000| Untracked 
|  39|0x0000000706700000, 0x0000000706800000, 0x0000000706800000|100%| O|  |TAMS 0x0000000706800000, 0x0000000706700000| Untracked 
|  40|0x0000000706800000, 0x0000000706900000, 0x0000000706900000|100%| O|  |TAMS 0x0000000706900000, 0x0000000706800000| Untracked 
|  41|0x0000000706900000, 0x0000000706a00000, 0x0000000706a00000|100%| O|  |TAMS 0x0000000706a00000, 0x0000000706900000| Untracked 
|  42|0x0000000706a00000, 0x0000000706b00000, 0x0000000706b00000|100%| O|  |TAMS 0x0000000706b00000, 0x0000000706a00000| Untracked 
|  43|0x0000000706b00000, 0x0000000706c00000, 0x0000000706c00000|100%| O|  |TAMS 0x0000000706c00000, 0x0000000706b00000| Untracked 
|  44|0x0000000706c00000, 0x0000000706d00000, 0x0000000706d00000|100%| O|  |TAMS 0x0000000706d00000, 0x0000000706c00000| Untracked 
|  45|0x0000000706d00000, 0x0000000706e00000, 0x0000000706e00000|100%| O|  |TAMS 0x0000000706e00000, 0x0000000706d00000| Untracked 
|  46|0x0000000706e00000, 0x0000000706f00000, 0x0000000706f00000|100%| O|  |TAMS 0x0000000706f00000, 0x0000000706e00000| Untracked 
|  47|0x0000000706f00000, 0x0000000707000000, 0x0000000707000000|100%| O|  |TAMS 0x0000000707000000, 0x0000000706f00000| Untracked 
|  48|0x0000000707000000, 0x0000000707100000, 0x0000000707100000|100%| O|  |TAMS 0x0000000707100000, 0x0000000707000000| Untracked 
|  49|0x0000000707100000, 0x0000000707200000, 0x0000000707200000|100%| O|  |TAMS 0x0000000707200000, 0x0000000707100000| Untracked 
|  50|0x0000000707200000, 0x0000000707300000, 0x0000000707300000|100%| O|  |TAMS 0x0000000707300000, 0x0000000707200000| Untracked 
|  51|0x0000000707300000, 0x0000000707400000, 0x0000000707400000|100%| O|  |TAMS 0x0000000707400000, 0x0000000707300000| Untracked 
|  52|0x0000000707400000, 0x0000000707500000, 0x0000000707500000|100%| O|  |TAMS 0x0000000707500000, 0x0000000707400000| Untracked 
|  53|0x0000000707500000, 0x0000000707600000, 0x0000000707600000|100%| O|  |TAMS 0x0000000707600000, 0x0000000707500000| Untracked 
|  54|0x0000000707600000, 0x0000000707700000, 0x0000000707700000|100%| O|  |TAMS 0x0000000707700000, 0x0000000707600000| Untracked 
|  55|0x0000000707700000, 0x0000000707800000, 0x0000000707800000|100%| O|  |TAMS 0x0000000707800000, 0x0000000707700000| Untracked 
|  56|0x0000000707800000, 0x0000000707900000, 0x0000000707900000|100%| O|  |TAMS 0x0000000707900000, 0x0000000707800000| Untracked 
|  57|0x0000000707900000, 0x0000000707a00000, 0x0000000707a00000|100%| O|  |TAMS 0x0000000707a00000, 0x0000000707900000| Untracked 
|  58|0x0000000707a00000, 0x0000000707b00000, 0x0000000707b00000|100%| O|  |TAMS 0x0000000707b00000, 0x0000000707a00000| Untracked 
|  59|0x0000000707b00000, 0x0000000707c00000, 0x0000000707c00000|100%| O|  |TAMS 0x0000000707c00000, 0x0000000707b00000| Untracked 
|  60|0x0000000707c00000, 0x0000000707d00000, 0x0000000707d00000|100%| O|  |TAMS 0x0000000707d00000, 0x0000000707c00000| Untracked 
|  61|0x0000000707d00000, 0x0000000707e00000, 0x0000000707e00000|100%| O|  |TAMS 0x0000000707e00000, 0x0000000707d00000| Untracked 
|  62|0x0000000707e00000, 0x0000000707f00000, 0x0000000707f00000|100%| O|  |TAMS 0x0000000707f00000, 0x0000000707e00000| Untracked 
|  63|0x0000000707f00000, 0x0000000708000000, 0x0000000708000000|100%| O|  |TAMS 0x0000000708000000, 0x0000000707f00000| Untracked 
|  64|0x0000000708000000, 0x0000000708100000, 0x0000000708100000|100%| O|  |TAMS 0x0000000708100000, 0x0000000708000000| Untracked 
|  65|0x0000000708100000, 0x0000000708200000, 0x0000000708200000|100%| O|  |TAMS 0x0000000708200000, 0x0000000708100000| Untracked 
|  66|0x0000000708200000, 0x0000000708300000, 0x0000000708300000|100%| O|  |TAMS 0x0000000708300000, 0x0000000708200000| Untracked 
|  67|0x0000000708300000, 0x0000000708400000, 0x0000000708400000|100%| O|  |TAMS 0x0000000708400000, 0x0000000708300000| Untracked 
|  68|0x0000000708400000, 0x0000000708500000, 0x0000000708500000|100%| O|  |TAMS 0x0000000708500000, 0x0000000708400000| Untracked 
|  69|0x0000000708500000, 0x0000000708600000, 0x0000000708600000|100%| O|  |TAMS 0x0000000708600000, 0x0000000708500000| Untracked 
|  70|0x0000000708600000, 0x0000000708700000, 0x0000000708700000|100%|HS|  |TAMS 0x0000000708700000, 0x0000000708600000| Complete 
|  71|0x0000000708700000, 0x0000000708800000, 0x0000000708800000|100%|HC|  |TAMS 0x0000000708800000, 0x0000000708700000| Complete 
|  72|0x0000000708800000, 0x0000000708900000, 0x0000000708900000|100%| O|  |TAMS 0x0000000708900000, 0x0000000708800000| Untracked 
|  73|0x0000000708900000, 0x0000000708a00000, 0x0000000708a00000|100%|HS|  |TAMS 0x0000000708a00000, 0x0000000708900000| Complete 
|  74|0x0000000708a00000, 0x0000000708b00000, 0x0000000708b00000|100%|HS|  |TAMS 0x0000000708b00000, 0x0000000708a00000| Complete 
|  75|0x0000000708b00000, 0x0000000708c00000, 0x0000000708c00000|100%| O|  |TAMS 0x0000000708b00000, 0x0000000708b00000| Untracked 
|  76|0x0000000708c00000, 0x0000000708d00000, 0x0000000708d00000|100%| O|  |TAMS 0x0000000708c00000, 0x0000000708c00000| Untracked 
|  77|0x0000000708d00000, 0x0000000708e00000, 0x0000000708e00000|100%| O|  |TAMS 0x0000000708d00000, 0x0000000708d00000| Untracked 
|  78|0x0000000708e00000, 0x0000000708f00000, 0x0000000708f00000|100%| O|  |TAMS 0x0000000708f00000, 0x0000000708e00000| Untracked 
|  79|0x0000000708f00000, 0x0000000709000000, 0x0000000709000000|100%| O|  |TAMS 0x0000000709000000, 0x0000000708f00000| Untracked 
|  80|0x0000000709000000, 0x0000000709100000, 0x0000000709100000|100%| O|  |TAMS 0x0000000709100000, 0x0000000709000000| Untracked 
|  81|0x0000000709100000, 0x0000000709200000, 0x0000000709200000|100%| O|  |TAMS 0x0000000709200000, 0x0000000709100000| Untracked 
|  82|0x0000000709200000, 0x0000000709300000, 0x0000000709300000|100%| O|  |TAMS 0x0000000709300000, 0x0000000709200000| Untracked 
|  83|0x0000000709300000, 0x0000000709400000, 0x0000000709400000|100%| O|  |TAMS 0x0000000709400000, 0x0000000709300000| Untracked 
|  84|0x0000000709400000, 0x0000000709500000, 0x0000000709500000|100%| O|  |TAMS 0x0000000709500000, 0x0000000709400000| Untracked 
|  85|0x0000000709500000, 0x0000000709600000, 0x0000000709600000|100%| O|  |TAMS 0x0000000709600000, 0x0000000709500000| Untracked 
|  86|0x0000000709600000, 0x0000000709700000, 0x0000000709700000|100%| O|  |TAMS 0x0000000709700000, 0x0000000709600000| Untracked 
|  87|0x0000000709700000, 0x0000000709800000, 0x0000000709800000|100%| O|  |TAMS 0x0000000709800000, 0x0000000709700000| Untracked 
|  88|0x0000000709800000, 0x0000000709900000, 0x0000000709900000|100%| O|  |TAMS 0x0000000709900000, 0x0000000709800000| Untracked 
|  89|0x0000000709900000, 0x0000000709a00000, 0x0000000709a00000|100%| O|  |TAMS 0x0000000709a00000, 0x0000000709900000| Untracked 
|  90|0x0000000709a00000, 0x0000000709b00000, 0x0000000709b00000|100%| O|  |TAMS 0x0000000709b00000, 0x0000000709a00000| Untracked 
|  91|0x0000000709b00000, 0x0000000709c00000, 0x0000000709c00000|100%| O|  |TAMS 0x0000000709c00000, 0x0000000709b00000| Untracked 
|  92|0x0000000709c00000, 0x0000000709d00000, 0x0000000709d00000|100%| O|  |TAMS 0x0000000709d00000, 0x0000000709c00000| Untracked 
|  93|0x0000000709d00000, 0x0000000709e00000, 0x0000000709e00000|100%| O|  |TAMS 0x0000000709e00000, 0x0000000709d00000| Untracked 
|  94|0x0000000709e00000, 0x0000000709f00000, 0x0000000709f00000|100%| O|  |TAMS 0x0000000709f00000, 0x0000000709e00000| Untracked 
|  95|0x0000000709f00000, 0x000000070a000000, 0x000000070a000000|100%| O|  |TAMS 0x000000070a000000, 0x0000000709f00000| Untracked 
|  96|0x000000070a000000, 0x000000070a100000, 0x000000070a100000|100%| O|  |TAMS 0x000000070a100000, 0x000000070a000000| Untracked 
|  97|0x000000070a100000, 0x000000070a200000, 0x000000070a200000|100%| O|  |TAMS 0x000000070a200000, 0x000000070a100000| Untracked 
|  98|0x000000070a200000, 0x000000070a300000, 0x000000070a300000|100%| O|  |TAMS 0x000000070a300000, 0x000000070a200000| Untracked 
|  99|0x000000070a300000, 0x000000070a400000, 0x000000070a400000|100%| O|  |TAMS 0x000000070a400000, 0x000000070a300000| Untracked 
| 100|0x000000070a400000, 0x000000070a500000, 0x000000070a500000|100%| O|  |TAMS 0x000000070a500000, 0x000000070a400000| Untracked 
| 101|0x000000070a500000, 0x000000070a600000, 0x000000070a600000|100%| O|  |TAMS 0x000000070a600000, 0x000000070a500000| Untracked 
| 102|0x000000070a600000, 0x000000070a700000, 0x000000070a700000|100%| O|  |TAMS 0x000000070a700000, 0x000000070a600000| Untracked 
| 103|0x000000070a700000, 0x000000070a700000, 0x000000070a800000|  0%| F|  |TAMS 0x000000070a700000, 0x000000070a700000| Untracked 
| 104|0x000000070a800000, 0x000000070a800000, 0x000000070a900000|  0%| F|  |TAMS 0x000000070a800000, 0x000000070a800000| Untracked 
| 105|0x000000070a900000, 0x000000070aa00000, 0x000000070aa00000|100%|HS|  |TAMS 0x000000070a900000, 0x000000070a900000| Complete 
| 106|0x000000070aa00000, 0x000000070ab00000, 0x000000070ab00000|100%|HS|  |TAMS 0x000000070aa00000, 0x000000070aa00000| Complete 
| 107|0x000000070ab00000, 0x000000070ac00000, 0x000000070ac00000|100%| O|  |TAMS 0x000000070ac00000, 0x000000070ab00000| Untracked 
| 108|0x000000070ac00000, 0x000000070ad00000, 0x000000070ad00000|100%| O|  |TAMS 0x000000070ad00000, 0x000000070ac00000| Untracked 
| 109|0x000000070ad00000, 0x000000070ae00000, 0x000000070ae00000|100%| O|  |TAMS 0x000000070ae00000, 0x000000070ad00000| Untracked 
| 110|0x000000070ae00000, 0x000000070af00000, 0x000000070af00000|100%| O|  |TAMS 0x000000070af00000, 0x000000070ae00000| Untracked 
| 111|0x000000070af00000, 0x000000070b000000, 0x000000070b000000|100%| O|  |TAMS 0x000000070b000000, 0x000000070af00000| Untracked 
| 112|0x000000070b000000, 0x000000070b100000, 0x000000070b100000|100%| O|  |TAMS 0x000000070b100000, 0x000000070b000000| Untracked 
| 113|0x000000070b100000, 0x000000070b200000, 0x000000070b200000|100%| O|  |TAMS 0x000000070b200000, 0x000000070b100000| Untracked 
| 114|0x000000070b200000, 0x000000070b300000, 0x000000070b300000|100%| O|  |TAMS 0x000000070b300000, 0x000000070b200000| Untracked 
| 115|0x000000070b300000, 0x000000070b400000, 0x000000070b400000|100%| O|  |TAMS 0x000000070b400000, 0x000000070b300000| Untracked 
| 116|0x000000070b400000, 0x000000070b500000, 0x000000070b500000|100%| O|  |TAMS 0x000000070b500000, 0x000000070b400000| Untracked 
| 117|0x000000070b500000, 0x000000070b600000, 0x000000070b600000|100%| O|  |TAMS 0x000000070b600000, 0x000000070b500000| Untracked 
| 118|0x000000070b600000, 0x000000070b700000, 0x000000070b700000|100%| O|  |TAMS 0x000000070b700000, 0x000000070b600000| Untracked 
| 119|0x000000070b700000, 0x000000070b800000, 0x000000070b800000|100%| O|  |TAMS 0x000000070b800000, 0x000000070b700000| Untracked 
| 120|0x000000070b800000, 0x000000070b900000, 0x000000070b900000|100%| O|  |TAMS 0x000000070b900000, 0x000000070b800000| Untracked 
| 121|0x000000070b900000, 0x000000070ba00000, 0x000000070ba00000|100%| O|  |TAMS 0x000000070b9b9c00, 0x000000070b900000| Untracked 
| 122|0x000000070ba00000, 0x000000070ba00000, 0x000000070bb00000|  0%| F|  |TAMS 0x000000070ba00000, 0x000000070ba00000| Untracked 
| 123|0x000000070bb00000, 0x000000070bb00000, 0x000000070bc00000|  0%| F|  |TAMS 0x000000070bb00000, 0x000000070bb00000| Untracked 
| 124|0x000000070bc00000, 0x000000070bd00000, 0x000000070bd00000|100%|HS|  |TAMS 0x000000070bd00000, 0x000000070bc00000| Complete 
| 125|0x000000070bd00000, 0x000000070be00000, 0x000000070be00000|100%|HC|  |TAMS 0x000000070be00000, 0x000000070bd00000| Complete 
| 126|0x000000070be00000, 0x000000070bf00000, 0x000000070bf00000|100%|HC|  |TAMS 0x000000070bf00000, 0x000000070be00000| Complete 
| 127|0x000000070bf00000, 0x000000070c000000, 0x000000070c000000|100%|HS|  |TAMS 0x000000070bf00000, 0x000000070bf00000| Complete 
| 128|0x000000070c000000, 0x000000070c100000, 0x000000070c100000|100%|HC|  |TAMS 0x000000070c000000, 0x000000070c000000| Complete 
| 129|0x000000070c100000, 0x000000070c200000, 0x000000070c200000|100%| O|  |TAMS 0x000000070c100000, 0x000000070c100000| Untracked 
| 130|0x000000070c200000, 0x000000070c300000, 0x000000070c300000|100%| O|  |TAMS 0x000000070c200000, 0x000000070c200000| Untracked 
| 131|0x000000070c300000, 0x000000070c400000, 0x000000070c400000|100%| O|  |TAMS 0x000000070c300000, 0x000000070c300000| Untracked 
| 132|0x000000070c400000, 0x000000070c500000, 0x000000070c500000|100%| O|  |TAMS 0x000000070c400000, 0x000000070c400000| Untracked 
| 133|0x000000070c500000, 0x000000070c600000, 0x000000070c600000|100%| O|  |TAMS 0x000000070c500000, 0x000000070c500000| Untracked 
| 134|0x000000070c600000, 0x000000070c700000, 0x000000070c700000|100%| O|  |TAMS 0x000000070c600000, 0x000000070c600000| Untracked 
| 135|0x000000070c700000, 0x000000070c800000, 0x000000070c800000|100%| O|  |TAMS 0x000000070c700000, 0x000000070c700000| Untracked 
| 136|0x000000070c800000, 0x000000070c900000, 0x000000070c900000|100%| O|  |TAMS 0x000000070c800000, 0x000000070c800000| Untracked 
| 137|0x000000070c900000, 0x000000070ca00000, 0x000000070ca00000|100%| O|  |TAMS 0x000000070c900000, 0x000000070c900000| Untracked 
| 138|0x000000070ca00000, 0x000000070cb00000, 0x000000070cb00000|100%| O|  |TAMS 0x000000070ca00000, 0x000000070ca00000| Untracked 
| 139|0x000000070cb00000, 0x000000070cc00000, 0x000000070cc00000|100%| O|  |TAMS 0x000000070cb00000, 0x000000070cb00000| Untracked 
| 140|0x000000070cc00000, 0x000000070cd00000, 0x000000070cd00000|100%| O|  |TAMS 0x000000070cc00000, 0x000000070cc00000| Untracked 
| 141|0x000000070cd00000, 0x000000070ce00000, 0x000000070ce00000|100%| O|  |TAMS 0x000000070cd00000, 0x000000070cd00000| Untracked 
| 142|0x000000070ce00000, 0x000000070ce00000, 0x000000070cf00000|  0%| F|  |TAMS 0x000000070ce00000, 0x000000070ce00000| Untracked 
| 143|0x000000070cf00000, 0x000000070cf00000, 0x000000070d000000|  0%| F|  |TAMS 0x000000070cf00000, 0x000000070cf00000| Untracked 
| 144|0x000000070d000000, 0x000000070d000000, 0x000000070d100000|  0%| F|  |TAMS 0x000000070d000000, 0x000000070d000000| Untracked 
| 145|0x000000070d100000, 0x000000070d100000, 0x000000070d200000|  0%| F|  |TAMS 0x000000070d100000, 0x000000070d100000| Untracked 
| 146|0x000000070d200000, 0x000000070d200000, 0x000000070d300000|  0%| F|  |TAMS 0x000000070d200000, 0x000000070d200000| Untracked 
| 147|0x000000070d300000, 0x000000070d300000, 0x000000070d400000|  0%| F|  |TAMS 0x000000070d300000, 0x000000070d300000| Untracked 
| 148|0x000000070d400000, 0x000000070d400000, 0x000000070d500000|  0%| F|  |TAMS 0x000000070d400000, 0x000000070d400000| Untracked 
| 149|0x000000070d500000, 0x000000070d500000, 0x000000070d600000|  0%| F|  |TAMS 0x000000070d500000, 0x000000070d500000| Untracked 
| 150|0x000000070d600000, 0x000000070d600000, 0x000000070d700000|  0%| F|  |TAMS 0x000000070d600000, 0x000000070d600000| Untracked 
| 151|0x000000070d700000, 0x000000070d700000, 0x000000070d800000|  0%| F|  |TAMS 0x000000070d700000, 0x000000070d700000| Untracked 
| 152|0x000000070d800000, 0x000000070d800000, 0x000000070d900000|  0%| F|  |TAMS 0x000000070d800000, 0x000000070d800000| Untracked 
| 153|0x000000070d900000, 0x000000070d900000, 0x000000070da00000|  0%| F|  |TAMS 0x000000070d900000, 0x000000070d900000| Untracked 
| 154|0x000000070da00000, 0x000000070da00000, 0x000000070db00000|  0%| F|  |TAMS 0x000000070da00000, 0x000000070da00000| Untracked 
| 155|0x000000070db00000, 0x000000070db00000, 0x000000070dc00000|  0%| F|  |TAMS 0x000000070db00000, 0x000000070db00000| Untracked 
| 156|0x000000070dc00000, 0x000000070dc00000, 0x000000070dd00000|  0%| F|  |TAMS 0x000000070dc00000, 0x000000070dc00000| Untracked 
| 157|0x000000070dd00000, 0x000000070dd00000, 0x000000070de00000|  0%| F|  |TAMS 0x000000070dd00000, 0x000000070dd00000| Untracked 
| 158|0x000000070de00000, 0x000000070de00000, 0x000000070df00000|  0%| F|  |TAMS 0x000000070de00000, 0x000000070de00000| Untracked 
| 159|0x000000070df00000, 0x000000070df00000, 0x000000070e000000|  0%| F|  |TAMS 0x000000070df00000, 0x000000070df00000| Untracked 
| 160|0x000000070e000000, 0x000000070e000000, 0x000000070e100000|  0%| F|  |TAMS 0x000000070e000000, 0x000000070e000000| Untracked 
| 161|0x000000070e100000, 0x000000070e100000, 0x000000070e200000|  0%| F|  |TAMS 0x000000070e100000, 0x000000070e100000| Untracked 
| 162|0x000000070e200000, 0x000000070e200000, 0x000000070e300000|  0%| F|  |TAMS 0x000000070e200000, 0x000000070e200000| Untracked 
| 163|0x000000070e300000, 0x000000070e300000, 0x000000070e400000|  0%| F|  |TAMS 0x000000070e300000, 0x000000070e300000| Untracked 
| 164|0x000000070e400000, 0x000000070e400000, 0x000000070e500000|  0%| F|  |TAMS 0x000000070e400000, 0x000000070e400000| Untracked 
| 165|0x000000070e500000, 0x000000070e500000, 0x000000070e600000|  0%| F|  |TAMS 0x000000070e500000, 0x000000070e500000| Untracked 
| 166|0x000000070e600000, 0x000000070e600000, 0x000000070e700000|  0%| F|  |TAMS 0x000000070e600000, 0x000000070e600000| Untracked 
| 167|0x000000070e700000, 0x000000070e700000, 0x000000070e800000|  0%| F|  |TAMS 0x000000070e700000, 0x000000070e700000| Untracked 
| 168|0x000000070e800000, 0x000000070e800000, 0x000000070e900000|  0%| F|  |TAMS 0x000000070e800000, 0x000000070e800000| Untracked 
| 169|0x000000070e900000, 0x000000070e900000, 0x000000070ea00000|  0%| F|  |TAMS 0x000000070e900000, 0x000000070e900000| Untracked 
| 170|0x000000070ea00000, 0x000000070ea00000, 0x000000070eb00000|  0%| F|  |TAMS 0x000000070ea00000, 0x000000070ea00000| Untracked 
| 171|0x000000070eb00000, 0x000000070eb00000, 0x000000070ec00000|  0%| F|  |TAMS 0x000000070eb00000, 0x000000070eb00000| Untracked 
| 172|0x000000070ec00000, 0x000000070ec00000, 0x000000070ed00000|  0%| F|  |TAMS 0x000000070ec00000, 0x000000070ec00000| Untracked 
| 173|0x000000070ed00000, 0x000000070ed00000, 0x000000070ee00000|  0%| F|  |TAMS 0x000000070ed00000, 0x000000070ed00000| Untracked 
| 174|0x000000070ee00000, 0x000000070ee00000, 0x000000070ef00000|  0%| F|  |TAMS 0x000000070ee00000, 0x000000070ee00000| Untracked 
| 175|0x000000070ef00000, 0x000000070f000000, 0x000000070f000000|100%| O|  |TAMS 0x000000070ef00000, 0x000000070ef00000| Untracked 
| 176|0x000000070f000000, 0x000000070f100000, 0x000000070f100000|100%| O|  |TAMS 0x000000070f000000, 0x000000070f000000| Untracked 
| 177|0x000000070f100000, 0x000000070f200000, 0x000000070f200000|100%| O|  |TAMS 0x000000070f100000, 0x000000070f100000| Untracked 
| 178|0x000000070f200000, 0x000000070f300000, 0x000000070f300000|100%| O|  |TAMS 0x000000070f200000, 0x000000070f200000| Untracked 
| 179|0x000000070f300000, 0x000000070f400000, 0x000000070f400000|100%| O|  |TAMS 0x000000070f300000, 0x000000070f300000| Untracked 
| 180|0x000000070f400000, 0x000000070f500000, 0x000000070f500000|100%| O|  |TAMS 0x000000070f400000, 0x000000070f400000| Untracked 
| 181|0x000000070f500000, 0x000000070f600000, 0x000000070f600000|100%| O|  |TAMS 0x000000070f500000, 0x000000070f500000| Untracked 
| 182|0x000000070f600000, 0x000000070f700000, 0x000000070f700000|100%| O|  |TAMS 0x000000070f600000, 0x000000070f600000| Untracked 
| 183|0x000000070f700000, 0x000000070f800000, 0x000000070f800000|100%| O|  |TAMS 0x000000070f700000, 0x000000070f700000| Untracked 
| 184|0x000000070f800000, 0x000000070f900000, 0x000000070f900000|100%| O|  |TAMS 0x000000070f800000, 0x000000070f800000| Untracked 
| 185|0x000000070f900000, 0x000000070fa00000, 0x000000070fa00000|100%| O|  |TAMS 0x000000070f900000, 0x000000070f900000| Untracked 
| 186|0x000000070fa00000, 0x000000070fb00000, 0x000000070fb00000|100%| O|  |TAMS 0x000000070fa00000, 0x000000070fa00000| Untracked 
| 187|0x000000070fb00000, 0x000000070fc00000, 0x000000070fc00000|100%| O|  |TAMS 0x000000070fb00000, 0x000000070fb00000| Untracked 
| 188|0x000000070fc00000, 0x000000070fd00000, 0x000000070fd00000|100%| O|  |TAMS 0x000000070fc00000, 0x000000070fc00000| Untracked 
| 189|0x000000070fd00000, 0x000000070fe00000, 0x000000070fe00000|100%| O|  |TAMS 0x000000070fd00000, 0x000000070fd00000| Untracked 
| 190|0x000000070fe00000, 0x000000070ff00000, 0x000000070ff00000|100%| O|  |TAMS 0x000000070fe00000, 0x000000070fe00000| Untracked 
| 191|0x000000070ff00000, 0x0000000710000000, 0x0000000710000000|100%| O|  |TAMS 0x000000070ff00000, 0x000000070ff00000| Untracked 
| 192|0x0000000710000000, 0x0000000710100000, 0x0000000710100000|100%| O|  |TAMS 0x0000000710000000, 0x0000000710000000| Untracked 
| 193|0x0000000710100000, 0x0000000710200000, 0x0000000710200000|100%| O|  |TAMS 0x0000000710100000, 0x0000000710100000| Untracked 
| 194|0x0000000710200000, 0x0000000710249200, 0x0000000710300000| 28%| O|  |TAMS 0x0000000710200000, 0x0000000710200000| Untracked 
| 195|0x0000000710300000, 0x0000000710300000, 0x0000000710400000|  0%| F|  |TAMS 0x0000000710300000, 0x0000000710300000| Untracked 
| 196|0x0000000710400000, 0x0000000710400000, 0x0000000710500000|  0%| F|  |TAMS 0x0000000710400000, 0x0000000710400000| Untracked 
| 197|0x0000000710500000, 0x0000000710500000, 0x0000000710600000|  0%| F|  |TAMS 0x0000000710500000, 0x0000000710500000| Untracked 
| 198|0x0000000710600000, 0x0000000710600000, 0x0000000710700000|  0%| F|  |TAMS 0x0000000710600000, 0x0000000710600000| Untracked 
| 199|0x0000000710700000, 0x0000000710700000, 0x0000000710800000|  0%| F|  |TAMS 0x0000000710700000, 0x0000000710700000| Untracked 
| 200|0x0000000710800000, 0x0000000710800000, 0x0000000710900000|  0%| F|  |TAMS 0x0000000710800000, 0x0000000710800000| Untracked 
| 201|0x0000000710900000, 0x0000000710900000, 0x0000000710a00000|  0%| F|  |TAMS 0x0000000710900000, 0x0000000710900000| Untracked 
| 202|0x0000000710a00000, 0x0000000710a00000, 0x0000000710b00000|  0%| F|  |TAMS 0x0000000710a00000, 0x0000000710a00000| Untracked 
| 203|0x0000000710b00000, 0x0000000710b00000, 0x0000000710c00000|  0%| F|  |TAMS 0x0000000710b00000, 0x0000000710b00000| Untracked 
| 204|0x0000000710c00000, 0x0000000710c00000, 0x0000000710d00000|  0%| F|  |TAMS 0x0000000710c00000, 0x0000000710c00000| Untracked 
| 205|0x0000000710d00000, 0x0000000710d00000, 0x0000000710e00000|  0%| F|  |TAMS 0x0000000710d00000, 0x0000000710d00000| Untracked 
| 206|0x0000000710e00000, 0x0000000710e00000, 0x0000000710f00000|  0%| F|  |TAMS 0x0000000710e00000, 0x0000000710e00000| Untracked 
| 207|0x0000000710f00000, 0x0000000710f00000, 0x0000000711000000|  0%| F|  |TAMS 0x0000000710f00000, 0x0000000710f00000| Untracked 
| 208|0x0000000711000000, 0x0000000711042db0, 0x0000000711100000| 26%| S|CS|TAMS 0x0000000711000000, 0x0000000711000000| Complete 
| 209|0x0000000711100000, 0x0000000711200000, 0x0000000711200000|100%| S|CS|TAMS 0x0000000711100000, 0x0000000711100000| Complete 
| 210|0x0000000711200000, 0x0000000711200000, 0x0000000711300000|  0%| F|  |TAMS 0x0000000711200000, 0x0000000711200000| Untracked 
| 211|0x0000000711300000, 0x0000000711400000, 0x0000000711400000|100%| S|CS|TAMS 0x0000000711300000, 0x0000000711300000| Complete 
| 212|0x0000000711400000, 0x0000000711400000, 0x0000000711500000|  0%| F|  |TAMS 0x0000000711400000, 0x0000000711400000| Untracked 
| 213|0x0000000711500000, 0x0000000711500000, 0x0000000711600000|  0%| F|  |TAMS 0x0000000711500000, 0x0000000711500000| Untracked 
| 214|0x0000000711600000, 0x0000000711700000, 0x0000000711700000|100%| S|CS|TAMS 0x0000000711600000, 0x0000000711600000| Complete 
| 215|0x0000000711700000, 0x0000000711700000, 0x0000000711800000|  0%| F|  |TAMS 0x0000000711700000, 0x0000000711700000| Untracked 
| 216|0x0000000711800000, 0x0000000711800000, 0x0000000711900000|  0%| F|  |TAMS 0x0000000711800000, 0x0000000711800000| Untracked 
| 217|0x0000000711900000, 0x0000000711900000, 0x0000000711a00000|  0%| F|  |TAMS 0x0000000711900000, 0x0000000711900000| Untracked 
| 218|0x0000000711a00000, 0x0000000711a00000, 0x0000000711b00000|  0%| F|  |TAMS 0x0000000711a00000, 0x0000000711a00000| Untracked 
| 219|0x0000000711b00000, 0x0000000711b00000, 0x0000000711c00000|  0%| F|  |TAMS 0x0000000711b00000, 0x0000000711b00000| Untracked 
| 220|0x0000000711c00000, 0x0000000711c00000, 0x0000000711d00000|  0%| F|  |TAMS 0x0000000711c00000, 0x0000000711c00000| Untracked 
| 221|0x0000000711d00000, 0x0000000711d00000, 0x0000000711e00000|  0%| F|  |TAMS 0x0000000711d00000, 0x0000000711d00000| Untracked 
| 222|0x0000000711e00000, 0x0000000711e00000, 0x0000000711f00000|  0%| F|  |TAMS 0x0000000711e00000, 0x0000000711e00000| Untracked 
| 223|0x0000000711f00000, 0x0000000711f00000, 0x0000000712000000|  0%| F|  |TAMS 0x0000000711f00000, 0x0000000711f00000| Untracked 
| 224|0x0000000712000000, 0x0000000712000000, 0x0000000712100000|  0%| F|  |TAMS 0x0000000712000000, 0x0000000712000000| Untracked 
| 225|0x0000000712100000, 0x0000000712100000, 0x0000000712200000|  0%| F|  |TAMS 0x0000000712100000, 0x0000000712100000| Untracked 
| 226|0x0000000712200000, 0x0000000712200000, 0x0000000712300000|  0%| F|  |TAMS 0x0000000712200000, 0x0000000712200000| Untracked 
| 227|0x0000000712300000, 0x0000000712300000, 0x0000000712400000|  0%| F|  |TAMS 0x0000000712300000, 0x0000000712300000| Untracked 
| 228|0x0000000712400000, 0x0000000712400000, 0x0000000712500000|  0%| F|  |TAMS 0x0000000712400000, 0x0000000712400000| Untracked 
| 229|0x0000000712500000, 0x0000000712500000, 0x0000000712600000|  0%| F|  |TAMS 0x0000000712500000, 0x0000000712500000| Untracked 
| 230|0x0000000712600000, 0x0000000712600000, 0x0000000712700000|  0%| F|  |TAMS 0x0000000712600000, 0x0000000712600000| Untracked 
| 231|0x0000000712700000, 0x0000000712700000, 0x0000000712800000|  0%| F|  |TAMS 0x0000000712700000, 0x0000000712700000| Untracked 
| 232|0x0000000712800000, 0x0000000712800000, 0x0000000712900000|  0%| F|  |TAMS 0x0000000712800000, 0x0000000712800000| Untracked 
| 233|0x0000000712900000, 0x0000000712900000, 0x0000000712a00000|  0%| F|  |TAMS 0x0000000712900000, 0x0000000712900000| Untracked 
| 234|0x0000000712a00000, 0x0000000712a00000, 0x0000000712b00000|  0%| F|  |TAMS 0x0000000712a00000, 0x0000000712a00000| Untracked 
| 235|0x0000000712b00000, 0x0000000712b00000, 0x0000000712c00000|  0%| F|  |TAMS 0x0000000712b00000, 0x0000000712b00000| Untracked 
| 236|0x0000000712c00000, 0x0000000712c00000, 0x0000000712d00000|  0%| F|  |TAMS 0x0000000712c00000, 0x0000000712c00000| Untracked 
| 237|0x0000000712d00000, 0x0000000712d00000, 0x0000000712e00000|  0%| F|  |TAMS 0x0000000712d00000, 0x0000000712d00000| Untracked 
| 238|0x0000000712e00000, 0x0000000712e00000, 0x0000000712f00000|  0%| F|  |TAMS 0x0000000712e00000, 0x0000000712e00000| Untracked 
| 239|0x0000000712f00000, 0x0000000712f00000, 0x0000000713000000|  0%| F|  |TAMS 0x0000000712f00000, 0x0000000712f00000| Untracked 
| 240|0x0000000713000000, 0x0000000713000000, 0x0000000713100000|  0%| F|  |TAMS 0x0000000713000000, 0x0000000713000000| Untracked 
| 241|0x0000000713100000, 0x0000000713100000, 0x0000000713200000|  0%| F|  |TAMS 0x0000000713100000, 0x0000000713100000| Untracked 
| 242|0x0000000713200000, 0x0000000713200000, 0x0000000713300000|  0%| F|  |TAMS 0x0000000713200000, 0x0000000713200000| Untracked 
| 243|0x0000000713300000, 0x0000000713300000, 0x0000000713400000|  0%| F|  |TAMS 0x0000000713300000, 0x0000000713300000| Untracked 
| 244|0x0000000713400000, 0x0000000713400000, 0x0000000713500000|  0%| F|  |TAMS 0x0000000713400000, 0x0000000713400000| Untracked 
| 245|0x0000000713500000, 0x0000000713500000, 0x0000000713600000|  0%| F|  |TAMS 0x0000000713500000, 0x0000000713500000| Untracked 
| 246|0x0000000713600000, 0x0000000713600000, 0x0000000713700000|  0%| F|  |TAMS 0x0000000713600000, 0x0000000713600000| Untracked 
| 247|0x0000000713700000, 0x0000000713700000, 0x0000000713800000|  0%| F|  |TAMS 0x0000000713700000, 0x0000000713700000| Untracked 
| 248|0x0000000713800000, 0x0000000713800000, 0x0000000713900000|  0%| F|  |TAMS 0x0000000713800000, 0x0000000713800000| Untracked 
| 249|0x0000000713900000, 0x0000000713900000, 0x0000000713a00000|  0%| F|  |TAMS 0x0000000713900000, 0x0000000713900000| Untracked 
| 250|0x0000000713a00000, 0x0000000713a00000, 0x0000000713b00000|  0%| F|  |TAMS 0x0000000713a00000, 0x0000000713a00000| Untracked 
| 251|0x0000000713b00000, 0x0000000713b00000, 0x0000000713c00000|  0%| F|  |TAMS 0x0000000713b00000, 0x0000000713b00000| Untracked 
| 252|0x0000000713c00000, 0x0000000713c00000, 0x0000000713d00000|  0%| F|  |TAMS 0x0000000713c00000, 0x0000000713c00000| Untracked 
| 253|0x0000000713d00000, 0x0000000713d00000, 0x0000000713e00000|  0%| F|  |TAMS 0x0000000713d00000, 0x0000000713d00000| Untracked 
| 254|0x0000000713e00000, 0x0000000713e00000, 0x0000000713f00000|  0%| F|  |TAMS 0x0000000713e00000, 0x0000000713e00000| Untracked 
| 255|0x0000000713f00000, 0x0000000713f00000, 0x0000000714000000|  0%| F|  |TAMS 0x0000000713f00000, 0x0000000713f00000| Untracked 
| 256|0x0000000714000000, 0x0000000714000000, 0x0000000714100000|  0%| F|  |TAMS 0x0000000714000000, 0x0000000714000000| Untracked 
| 257|0x0000000714100000, 0x0000000714100000, 0x0000000714200000|  0%| F|  |TAMS 0x0000000714100000, 0x0000000714100000| Untracked 
| 258|0x0000000714200000, 0x0000000714200000, 0x0000000714300000|  0%| F|  |TAMS 0x0000000714200000, 0x0000000714200000| Untracked 
| 259|0x0000000714300000, 0x0000000714300000, 0x0000000714400000|  0%| F|  |TAMS 0x0000000714300000, 0x0000000714300000| Untracked 
| 260|0x0000000714400000, 0x0000000714400000, 0x0000000714500000|  0%| F|  |TAMS 0x0000000714400000, 0x0000000714400000| Untracked 
| 261|0x0000000714500000, 0x0000000714500000, 0x0000000714600000|  0%| F|  |TAMS 0x0000000714500000, 0x0000000714500000| Untracked 
| 262|0x0000000714600000, 0x0000000714600000, 0x0000000714700000|  0%| F|  |TAMS 0x0000000714600000, 0x0000000714600000| Untracked 
| 263|0x0000000714700000, 0x0000000714700000, 0x0000000714800000|  0%| F|  |TAMS 0x0000000714700000, 0x0000000714700000| Untracked 
| 264|0x0000000714800000, 0x0000000714800000, 0x0000000714900000|  0%| F|  |TAMS 0x0000000714800000, 0x0000000714800000| Untracked 
| 265|0x0000000714900000, 0x0000000714900000, 0x0000000714a00000|  0%| F|  |TAMS 0x0000000714900000, 0x0000000714900000| Untracked 
| 266|0x0000000714a00000, 0x0000000714a00000, 0x0000000714b00000|  0%| F|  |TAMS 0x0000000714a00000, 0x0000000714a00000| Untracked 
| 267|0x0000000714b00000, 0x0000000714b00000, 0x0000000714c00000|  0%| F|  |TAMS 0x0000000714b00000, 0x0000000714b00000| Untracked 
| 268|0x0000000714c00000, 0x0000000714c00000, 0x0000000714d00000|  0%| F|  |TAMS 0x0000000714c00000, 0x0000000714c00000| Untracked 
| 269|0x0000000714d00000, 0x0000000714d00000, 0x0000000714e00000|  0%| F|  |TAMS 0x0000000714d00000, 0x0000000714d00000| Untracked 
| 270|0x0000000714e00000, 0x0000000714e00000, 0x0000000714f00000|  0%| F|  |TAMS 0x0000000714e00000, 0x0000000714e00000| Untracked 
| 271|0x0000000714f00000, 0x0000000714f00000, 0x0000000715000000|  0%| F|  |TAMS 0x0000000714f00000, 0x0000000714f00000| Untracked 
| 272|0x0000000715000000, 0x0000000715000000, 0x0000000715100000|  0%| F|  |TAMS 0x0000000715000000, 0x0000000715000000| Untracked 
| 273|0x0000000715100000, 0x0000000715100000, 0x0000000715200000|  0%| F|  |TAMS 0x0000000715100000, 0x0000000715100000| Untracked 
| 274|0x0000000715200000, 0x0000000715200000, 0x0000000715300000|  0%| F|  |TAMS 0x0000000715200000, 0x0000000715200000| Untracked 
| 275|0x0000000715300000, 0x0000000715300000, 0x0000000715400000|  0%| F|  |TAMS 0x0000000715300000, 0x0000000715300000| Untracked 
| 276|0x0000000715400000, 0x0000000715400000, 0x0000000715500000|  0%| F|  |TAMS 0x0000000715400000, 0x0000000715400000| Untracked 
| 277|0x0000000715500000, 0x0000000715500000, 0x0000000715600000|  0%| F|  |TAMS 0x0000000715500000, 0x0000000715500000| Untracked 
| 278|0x0000000715600000, 0x0000000715600000, 0x0000000715700000|  0%| F|  |TAMS 0x0000000715600000, 0x0000000715600000| Untracked 
| 279|0x0000000715700000, 0x0000000715700000, 0x0000000715800000|  0%| F|  |TAMS 0x0000000715700000, 0x0000000715700000| Untracked 
| 280|0x0000000715800000, 0x0000000715800000, 0x0000000715900000|  0%| F|  |TAMS 0x0000000715800000, 0x0000000715800000| Untracked 
| 281|0x0000000715900000, 0x0000000715900000, 0x0000000715a00000|  0%| F|  |TAMS 0x0000000715900000, 0x0000000715900000| Untracked 
| 282|0x0000000715a00000, 0x0000000715a00000, 0x0000000715b00000|  0%| F|  |TAMS 0x0000000715a00000, 0x0000000715a00000| Untracked 
| 283|0x0000000715b00000, 0x0000000715b00000, 0x0000000715c00000|  0%| F|  |TAMS 0x0000000715b00000, 0x0000000715b00000| Untracked 
| 284|0x0000000715c00000, 0x0000000715c00000, 0x0000000715d00000|  0%| F|  |TAMS 0x0000000715c00000, 0x0000000715c00000| Untracked 
| 285|0x0000000715d00000, 0x0000000715d00000, 0x0000000715e00000|  0%| F|  |TAMS 0x0000000715d00000, 0x0000000715d00000| Untracked 
| 286|0x0000000715e00000, 0x0000000715e00000, 0x0000000715f00000|  0%| F|  |TAMS 0x0000000715e00000, 0x0000000715e00000| Untracked 
| 287|0x0000000715f00000, 0x0000000715f00000, 0x0000000716000000|  0%| F|  |TAMS 0x0000000715f00000, 0x0000000715f00000| Untracked 
| 288|0x0000000716000000, 0x0000000716000000, 0x0000000716100000|  0%| F|  |TAMS 0x0000000716000000, 0x0000000716000000| Untracked 
| 289|0x0000000716100000, 0x0000000716100000, 0x0000000716200000|  0%| F|  |TAMS 0x0000000716100000, 0x0000000716100000| Untracked 
| 290|0x0000000716200000, 0x0000000716200000, 0x0000000716300000|  0%| F|  |TAMS 0x0000000716200000, 0x0000000716200000| Untracked 
| 291|0x0000000716300000, 0x0000000716300000, 0x0000000716400000|  0%| F|  |TAMS 0x0000000716300000, 0x0000000716300000| Untracked 
| 292|0x0000000716400000, 0x0000000716400000, 0x0000000716500000|  0%| F|  |TAMS 0x0000000716400000, 0x0000000716400000| Untracked 
| 293|0x0000000716500000, 0x0000000716500000, 0x0000000716600000|  0%| F|  |TAMS 0x0000000716500000, 0x0000000716500000| Untracked 
| 294|0x0000000716600000, 0x0000000716600000, 0x0000000716700000|  0%| F|  |TAMS 0x0000000716600000, 0x0000000716600000| Untracked 
| 295|0x0000000716700000, 0x0000000716700000, 0x0000000716800000|  0%| F|  |TAMS 0x0000000716700000, 0x0000000716700000| Untracked 
| 296|0x0000000716800000, 0x0000000716800000, 0x0000000716900000|  0%| F|  |TAMS 0x0000000716800000, 0x0000000716800000| Untracked 
| 297|0x0000000716900000, 0x0000000716900000, 0x0000000716a00000|  0%| F|  |TAMS 0x0000000716900000, 0x0000000716900000| Untracked 
| 298|0x0000000716a00000, 0x0000000716a00000, 0x0000000716b00000|  0%| F|  |TAMS 0x0000000716a00000, 0x0000000716a00000| Untracked 
| 299|0x0000000716b00000, 0x0000000716b00000, 0x0000000716c00000|  0%| F|  |TAMS 0x0000000716b00000, 0x0000000716b00000| Untracked 
| 300|0x0000000716c00000, 0x0000000716c00000, 0x0000000716d00000|  0%| F|  |TAMS 0x0000000716c00000, 0x0000000716c00000| Untracked 
| 301|0x0000000716d00000, 0x0000000716d00000, 0x0000000716e00000|  0%| F|  |TAMS 0x0000000716d00000, 0x0000000716d00000| Untracked 
| 302|0x0000000716e00000, 0x0000000716e00000, 0x0000000716f00000|  0%| F|  |TAMS 0x0000000716e00000, 0x0000000716e00000| Untracked 
| 303|0x0000000716f00000, 0x0000000716f00000, 0x0000000717000000|  0%| F|  |TAMS 0x0000000716f00000, 0x0000000716f00000| Untracked 
| 304|0x0000000717000000, 0x0000000717000000, 0x0000000717100000|  0%| F|  |TAMS 0x0000000717000000, 0x0000000717000000| Untracked 
| 305|0x0000000717100000, 0x0000000717100000, 0x0000000717200000|  0%| F|  |TAMS 0x0000000717100000, 0x0000000717100000| Untracked 
| 306|0x0000000717200000, 0x0000000717200000, 0x0000000717300000|  0%| F|  |TAMS 0x0000000717200000, 0x0000000717200000| Untracked 
| 307|0x0000000717300000, 0x0000000717300000, 0x0000000717400000|  0%| F|  |TAMS 0x0000000717300000, 0x0000000717300000| Untracked 
| 308|0x0000000717400000, 0x0000000717400000, 0x0000000717500000|  0%| F|  |TAMS 0x0000000717400000, 0x0000000717400000| Untracked 
| 309|0x0000000717500000, 0x0000000717500000, 0x0000000717600000|  0%| F|  |TAMS 0x0000000717500000, 0x0000000717500000| Untracked 
| 310|0x0000000717600000, 0x0000000717600000, 0x0000000717700000|  0%| F|  |TAMS 0x0000000717600000, 0x0000000717600000| Untracked 
| 311|0x0000000717700000, 0x0000000717700000, 0x0000000717800000|  0%| F|  |TAMS 0x0000000717700000, 0x0000000717700000| Untracked 
| 312|0x0000000717800000, 0x0000000717800000, 0x0000000717900000|  0%| F|  |TAMS 0x0000000717800000, 0x0000000717800000| Untracked 
| 313|0x0000000717900000, 0x0000000717900000, 0x0000000717a00000|  0%| F|  |TAMS 0x0000000717900000, 0x0000000717900000| Untracked 
| 314|0x0000000717a00000, 0x0000000717a00000, 0x0000000717b00000|  0%| F|  |TAMS 0x0000000717a00000, 0x0000000717a00000| Untracked 
| 315|0x0000000717b00000, 0x0000000717bd0270, 0x0000000717c00000| 81%| E|  |TAMS 0x0000000717b00000, 0x0000000717b00000| Complete 
| 316|0x0000000717c00000, 0x0000000717d00000, 0x0000000717d00000|100%| E|CS|TAMS 0x0000000717c00000, 0x0000000717c00000| Complete 
| 317|0x0000000717d00000, 0x0000000717e00000, 0x0000000717e00000|100%| E|CS|TAMS 0x0000000717d00000, 0x0000000717d00000| Complete 
| 318|0x0000000717e00000, 0x0000000717f00000, 0x0000000717f00000|100%| E|CS|TAMS 0x0000000717e00000, 0x0000000717e00000| Complete 
| 319|0x0000000717f00000, 0x0000000718000000, 0x0000000718000000|100%| E|CS|TAMS 0x0000000717f00000, 0x0000000717f00000| Complete 
| 320|0x0000000718000000, 0x0000000718100000, 0x0000000718100000|100%| E|CS|TAMS 0x0000000718000000, 0x0000000718000000| Complete 
| 321|0x0000000718100000, 0x0000000718200000, 0x0000000718200000|100%| E|CS|TAMS 0x0000000718100000, 0x0000000718100000| Complete 
| 322|0x0000000718200000, 0x0000000718300000, 0x0000000718300000|100%| E|CS|TAMS 0x0000000718200000, 0x0000000718200000| Complete 
| 323|0x0000000718300000, 0x0000000718400000, 0x0000000718400000|100%| E|CS|TAMS 0x0000000718300000, 0x0000000718300000| Complete 
| 324|0x0000000718400000, 0x0000000718500000, 0x0000000718500000|100%| E|CS|TAMS 0x0000000718400000, 0x0000000718400000| Complete 
| 325|0x0000000718500000, 0x0000000718600000, 0x0000000718600000|100%| E|CS|TAMS 0x0000000718500000, 0x0000000718500000| Complete 
| 326|0x0000000718600000, 0x0000000718700000, 0x0000000718700000|100%| E|CS|TAMS 0x0000000718600000, 0x0000000718600000| Complete 
| 327|0x0000000718700000, 0x0000000718800000, 0x0000000718800000|100%| E|CS|TAMS 0x0000000718700000, 0x0000000718700000| Complete 
| 328|0x0000000718800000, 0x0000000718900000, 0x0000000718900000|100%| E|CS|TAMS 0x0000000718800000, 0x0000000718800000| Complete 
| 329|0x0000000718900000, 0x0000000718a00000, 0x0000000718a00000|100%| E|CS|TAMS 0x0000000718900000, 0x0000000718900000| Complete 
| 330|0x0000000718a00000, 0x0000000718b00000, 0x0000000718b00000|100%| E|CS|TAMS 0x0000000718a00000, 0x0000000718a00000| Complete 
| 331|0x0000000718b00000, 0x0000000718c00000, 0x0000000718c00000|100%| E|CS|TAMS 0x0000000718b00000, 0x0000000718b00000| Complete 
| 332|0x0000000718c00000, 0x0000000718d00000, 0x0000000718d00000|100%| E|CS|TAMS 0x0000000718c00000, 0x0000000718c00000| Complete 
| 333|0x0000000718d00000, 0x0000000718e00000, 0x0000000718e00000|100%| E|CS|TAMS 0x0000000718d00000, 0x0000000718d00000| Complete 
| 334|0x0000000718e00000, 0x0000000718f00000, 0x0000000718f00000|100%| E|CS|TAMS 0x0000000718e00000, 0x0000000718e00000| Complete 
| 335|0x0000000718f00000, 0x0000000719000000, 0x0000000719000000|100%| E|CS|TAMS 0x0000000718f00000, 0x0000000718f00000| Complete 
| 336|0x0000000719000000, 0x0000000719100000, 0x0000000719100000|100%| E|CS|TAMS 0x0000000719000000, 0x0000000719000000| Complete 
| 337|0x0000000719100000, 0x0000000719200000, 0x0000000719200000|100%| E|CS|TAMS 0x0000000719100000, 0x0000000719100000| Complete 
| 338|0x0000000719200000, 0x0000000719300000, 0x0000000719300000|100%| E|CS|TAMS 0x0000000719200000, 0x0000000719200000| Complete 
| 339|0x0000000719300000, 0x0000000719400000, 0x0000000719400000|100%| E|CS|TAMS 0x0000000719300000, 0x0000000719300000| Complete 
| 340|0x0000000719400000, 0x0000000719500000, 0x0000000719500000|100%| E|CS|TAMS 0x0000000719400000, 0x0000000719400000| Complete 
| 341|0x0000000719500000, 0x0000000719600000, 0x0000000719600000|100%| E|CS|TAMS 0x0000000719500000, 0x0000000719500000| Complete 
| 342|0x0000000719600000, 0x0000000719700000, 0x0000000719700000|100%| E|CS|TAMS 0x0000000719600000, 0x0000000719600000| Complete 
| 343|0x0000000719700000, 0x0000000719800000, 0x0000000719800000|100%| E|CS|TAMS 0x0000000719700000, 0x0000000719700000| Complete 
| 344|0x0000000719800000, 0x0000000719900000, 0x0000000719900000|100%| E|CS|TAMS 0x0000000719800000, 0x0000000719800000| Complete 
| 345|0x0000000719900000, 0x0000000719a00000, 0x0000000719a00000|100%| E|CS|TAMS 0x0000000719900000, 0x0000000719900000| Complete 
| 346|0x0000000719a00000, 0x0000000719b00000, 0x0000000719b00000|100%| E|CS|TAMS 0x0000000719a00000, 0x0000000719a00000| Complete 
| 347|0x0000000719b00000, 0x0000000719c00000, 0x0000000719c00000|100%| E|CS|TAMS 0x0000000719b00000, 0x0000000719b00000| Complete 
| 348|0x0000000719c00000, 0x0000000719d00000, 0x0000000719d00000|100%| E|CS|TAMS 0x0000000719c00000, 0x0000000719c00000| Complete 
| 349|0x0000000719d00000, 0x0000000719e00000, 0x0000000719e00000|100%| E|CS|TAMS 0x0000000719d00000, 0x0000000719d00000| Complete 
| 350|0x0000000719e00000, 0x0000000719f00000, 0x0000000719f00000|100%| E|CS|TAMS 0x0000000719e00000, 0x0000000719e00000| Complete 
| 351|0x0000000719f00000, 0x000000071a000000, 0x000000071a000000|100%| E|CS|TAMS 0x0000000719f00000, 0x0000000719f00000| Complete 
| 352|0x000000071a000000, 0x000000071a100000, 0x000000071a100000|100%| E|CS|TAMS 0x000000071a000000, 0x000000071a000000| Complete 
| 353|0x000000071a100000, 0x000000071a200000, 0x000000071a200000|100%| E|CS|TAMS 0x000000071a100000, 0x000000071a100000| Complete 
| 354|0x000000071a200000, 0x000000071a300000, 0x000000071a300000|100%| E|CS|TAMS 0x000000071a200000, 0x000000071a200000| Complete 
| 355|0x000000071a300000, 0x000000071a400000, 0x000000071a400000|100%| E|CS|TAMS 0x000000071a300000, 0x000000071a300000| Complete 
| 356|0x000000071a400000, 0x000000071a500000, 0x000000071a500000|100%| E|CS|TAMS 0x000000071a400000, 0x000000071a400000| Complete 
| 357|0x000000071a500000, 0x000000071a600000, 0x000000071a600000|100%| E|CS|TAMS 0x000000071a500000, 0x000000071a500000| Complete 
| 358|0x000000071a600000, 0x000000071a700000, 0x000000071a700000|100%| E|CS|TAMS 0x000000071a600000, 0x000000071a600000| Complete 
| 359|0x000000071a700000, 0x000000071a800000, 0x000000071a800000|100%| E|CS|TAMS 0x000000071a700000, 0x000000071a700000| Complete 
| 360|0x000000071a800000, 0x000000071a900000, 0x000000071a900000|100%| E|CS|TAMS 0x000000071a800000, 0x000000071a800000| Complete 
| 361|0x000000071a900000, 0x000000071aa00000, 0x000000071aa00000|100%| E|CS|TAMS 0x000000071a900000, 0x000000071a900000| Complete 
| 362|0x000000071aa00000, 0x000000071ab00000, 0x000000071ab00000|100%| E|CS|TAMS 0x000000071aa00000, 0x000000071aa00000| Complete 
| 363|0x000000071ab00000, 0x000000071ac00000, 0x000000071ac00000|100%| E|CS|TAMS 0x000000071ab00000, 0x000000071ab00000| Complete 
| 364|0x000000071ac00000, 0x000000071ad00000, 0x000000071ad00000|100%| E|CS|TAMS 0x000000071ac00000, 0x000000071ac00000| Complete 
| 365|0x000000071ad00000, 0x000000071ae00000, 0x000000071ae00000|100%| E|CS|TAMS 0x000000071ad00000, 0x000000071ad00000| Complete 
| 366|0x000000071ae00000, 0x000000071af00000, 0x000000071af00000|100%| E|CS|TAMS 0x000000071ae00000, 0x000000071ae00000| Complete 
| 367|0x000000071af00000, 0x000000071b000000, 0x000000071b000000|100%| E|CS|TAMS 0x000000071af00000, 0x000000071af00000| Complete 
| 368|0x000000071b000000, 0x000000071b100000, 0x000000071b100000|100%| E|CS|TAMS 0x000000071b000000, 0x000000071b000000| Complete 
| 369|0x000000071b100000, 0x000000071b200000, 0x000000071b200000|100%| E|CS|TAMS 0x000000071b100000, 0x000000071b100000| Complete 
| 370|0x000000071b200000, 0x000000071b300000, 0x000000071b300000|100%| E|CS|TAMS 0x000000071b200000, 0x000000071b200000| Complete 
| 371|0x000000071b300000, 0x000000071b400000, 0x000000071b400000|100%| E|CS|TAMS 0x000000071b300000, 0x000000071b300000| Complete 
| 372|0x000000071b400000, 0x000000071b500000, 0x000000071b500000|100%| E|CS|TAMS 0x000000071b400000, 0x000000071b400000| Complete 
| 373|0x000000071b500000, 0x000000071b600000, 0x000000071b600000|100%| E|CS|TAMS 0x000000071b500000, 0x000000071b500000| Complete 
| 374|0x000000071b600000, 0x000000071b700000, 0x000000071b700000|100%| E|CS|TAMS 0x000000071b600000, 0x000000071b600000| Complete 
| 375|0x000000071b700000, 0x000000071b800000, 0x000000071b800000|100%| E|CS|TAMS 0x000000071b700000, 0x000000071b700000| Complete 
| 376|0x000000071b800000, 0x000000071b900000, 0x000000071b900000|100%| E|CS|TAMS 0x000000071b800000, 0x000000071b800000| Complete 
| 377|0x000000071b900000, 0x000000071ba00000, 0x000000071ba00000|100%| E|CS|TAMS 0x000000071b900000, 0x000000071b900000| Complete 
| 378|0x000000071ba00000, 0x000000071bb00000, 0x000000071bb00000|100%| E|CS|TAMS 0x000000071ba00000, 0x000000071ba00000| Complete 
| 379|0x000000071bb00000, 0x000000071bc00000, 0x000000071bc00000|100%| E|CS|TAMS 0x000000071bb00000, 0x000000071bb00000| Complete 
| 380|0x000000071bc00000, 0x000000071bd00000, 0x000000071bd00000|100%| E|CS|TAMS 0x000000071bc00000, 0x000000071bc00000| Complete 
| 381|0x000000071bd00000, 0x000000071be00000, 0x000000071be00000|100%| E|CS|TAMS 0x000000071bd00000, 0x000000071bd00000| Complete 
| 382|0x000000071be00000, 0x000000071bf00000, 0x000000071bf00000|100%| E|CS|TAMS 0x000000071be00000, 0x000000071be00000| Complete 
| 383|0x000000071bf00000, 0x000000071c000000, 0x000000071c000000|100%| E|CS|TAMS 0x000000071bf00000, 0x000000071bf00000| Complete 
| 384|0x000000071c000000, 0x000000071c100000, 0x000000071c100000|100%| E|CS|TAMS 0x000000071c000000, 0x000000071c000000| Complete 
| 385|0x000000071c100000, 0x000000071c200000, 0x000000071c200000|100%| E|CS|TAMS 0x000000071c100000, 0x000000071c100000| Complete 
| 386|0x000000071c200000, 0x000000071c300000, 0x000000071c300000|100%| E|CS|TAMS 0x000000071c200000, 0x000000071c200000| Complete 
| 387|0x000000071c300000, 0x000000071c400000, 0x000000071c400000|100%| E|CS|TAMS 0x000000071c300000, 0x000000071c300000| Complete 
| 388|0x000000071c400000, 0x000000071c500000, 0x000000071c500000|100%| E|CS|TAMS 0x000000071c400000, 0x000000071c400000| Complete 
| 389|0x000000071c500000, 0x000000071c600000, 0x000000071c600000|100%| E|CS|TAMS 0x000000071c500000, 0x000000071c500000| Complete 
| 390|0x000000071c600000, 0x000000071c700000, 0x000000071c700000|100%| E|CS|TAMS 0x000000071c600000, 0x000000071c600000| Complete 
| 391|0x000000071c700000, 0x000000071c800000, 0x000000071c800000|100%| E|CS|TAMS 0x000000071c700000, 0x000000071c700000| Complete 
| 392|0x000000071c800000, 0x000000071c900000, 0x000000071c900000|100%| E|CS|TAMS 0x000000071c800000, 0x000000071c800000| Complete 
| 393|0x000000071c900000, 0x000000071ca00000, 0x000000071ca00000|100%| E|CS|TAMS 0x000000071c900000, 0x000000071c900000| Complete 
| 394|0x000000071ca00000, 0x000000071cb00000, 0x000000071cb00000|100%| E|CS|TAMS 0x000000071ca00000, 0x000000071ca00000| Complete 
| 395|0x000000071cb00000, 0x000000071cc00000, 0x000000071cc00000|100%| E|CS|TAMS 0x000000071cb00000, 0x000000071cb00000| Complete 
| 396|0x000000071cc00000, 0x000000071cd00000, 0x000000071cd00000|100%| E|CS|TAMS 0x000000071cc00000, 0x000000071cc00000| Complete 
| 397|0x000000071cd00000, 0x000000071ce00000, 0x000000071ce00000|100%| E|CS|TAMS 0x000000071cd00000, 0x000000071cd00000| Complete 
| 398|0x000000071ce00000, 0x000000071cf00000, 0x000000071cf00000|100%| E|CS|TAMS 0x000000071ce00000, 0x000000071ce00000| Complete 
| 399|0x000000071cf00000, 0x000000071d000000, 0x000000071d000000|100%| E|CS|TAMS 0x000000071cf00000, 0x000000071cf00000| Complete 
| 400|0x000000071d000000, 0x000000071d100000, 0x000000071d100000|100%| E|CS|TAMS 0x000000071d000000, 0x000000071d000000| Complete 
| 401|0x000000071d100000, 0x000000071d200000, 0x000000071d200000|100%| E|CS|TAMS 0x000000071d100000, 0x000000071d100000| Complete 
| 402|0x000000071d200000, 0x000000071d300000, 0x000000071d300000|100%| E|CS|TAMS 0x000000071d200000, 0x000000071d200000| Complete 
| 403|0x000000071d300000, 0x000000071d400000, 0x000000071d400000|100%| E|CS|TAMS 0x000000071d300000, 0x000000071d300000| Complete 
| 404|0x000000071d400000, 0x000000071d500000, 0x000000071d500000|100%| E|CS|TAMS 0x000000071d400000, 0x000000071d400000| Complete 
| 405|0x000000071d500000, 0x000000071d600000, 0x000000071d600000|100%| E|CS|TAMS 0x000000071d500000, 0x000000071d500000| Complete 
| 406|0x000000071d600000, 0x000000071d700000, 0x000000071d700000|100%| E|CS|TAMS 0x000000071d600000, 0x000000071d600000| Complete 
| 407|0x000000071d700000, 0x000000071d800000, 0x000000071d800000|100%| E|CS|TAMS 0x000000071d700000, 0x000000071d700000| Complete 
| 408|0x000000071d800000, 0x000000071d900000, 0x000000071d900000|100%| E|CS|TAMS 0x000000071d800000, 0x000000071d800000| Complete 
| 409|0x000000071d900000, 0x000000071da00000, 0x000000071da00000|100%| E|CS|TAMS 0x000000071d900000, 0x000000071d900000| Complete 
| 410|0x000000071da00000, 0x000000071db00000, 0x000000071db00000|100%| E|CS|TAMS 0x000000071da00000, 0x000000071da00000| Complete 
| 411|0x000000071db00000, 0x000000071dc00000, 0x000000071dc00000|100%| E|CS|TAMS 0x000000071db00000, 0x000000071db00000| Complete 
| 412|0x000000071dc00000, 0x000000071dd00000, 0x000000071dd00000|100%| E|CS|TAMS 0x000000071dc00000, 0x000000071dc00000| Complete 
| 413|0x000000071dd00000, 0x000000071de00000, 0x000000071de00000|100%| E|CS|TAMS 0x000000071dd00000, 0x000000071dd00000| Complete 
| 414|0x000000071de00000, 0x000000071df00000, 0x000000071df00000|100%| E|CS|TAMS 0x000000071de00000, 0x000000071de00000| Complete 
| 415|0x000000071df00000, 0x000000071e000000, 0x000000071e000000|100%| E|CS|TAMS 0x000000071df00000, 0x000000071df00000| Complete 
| 416|0x000000071e000000, 0x000000071e100000, 0x000000071e100000|100%| E|CS|TAMS 0x000000071e000000, 0x000000071e000000| Complete 
| 417|0x000000071e100000, 0x000000071e200000, 0x000000071e200000|100%| E|CS|TAMS 0x000000071e100000, 0x000000071e100000| Complete 
| 418|0x000000071e200000, 0x000000071e300000, 0x000000071e300000|100%| E|CS|TAMS 0x000000071e200000, 0x000000071e200000| Complete 
| 419|0x000000071e300000, 0x000000071e400000, 0x000000071e400000|100%| E|CS|TAMS 0x000000071e300000, 0x000000071e300000| Complete 
| 420|0x000000071e400000, 0x000000071e500000, 0x000000071e500000|100%| E|CS|TAMS 0x000000071e400000, 0x000000071e400000| Complete 
| 421|0x000000071e500000, 0x000000071e600000, 0x000000071e600000|100%| E|CS|TAMS 0x000000071e500000, 0x000000071e500000| Complete 
| 422|0x000000071e600000, 0x000000071e700000, 0x000000071e700000|100%| E|CS|TAMS 0x000000071e600000, 0x000000071e600000| Complete 
| 423|0x000000071e700000, 0x000000071e800000, 0x000000071e800000|100%| E|CS|TAMS 0x000000071e700000, 0x000000071e700000| Complete 
| 424|0x000000071e800000, 0x000000071e900000, 0x000000071e900000|100%| E|CS|TAMS 0x000000071e800000, 0x000000071e800000| Complete 
| 425|0x000000071e900000, 0x000000071ea00000, 0x000000071ea00000|100%| E|CS|TAMS 0x000000071e900000, 0x000000071e900000| Complete 
| 426|0x000000071ea00000, 0x000000071eb00000, 0x000000071eb00000|100%| E|CS|TAMS 0x000000071ea00000, 0x000000071ea00000| Complete 
| 427|0x000000071eb00000, 0x000000071ec00000, 0x000000071ec00000|100%| E|CS|TAMS 0x000000071eb00000, 0x000000071eb00000| Complete 
| 428|0x000000071ec00000, 0x000000071ed00000, 0x000000071ed00000|100%| E|CS|TAMS 0x000000071ec00000, 0x000000071ec00000| Complete 
| 429|0x000000071ed00000, 0x000000071ee00000, 0x000000071ee00000|100%| E|CS|TAMS 0x000000071ed00000, 0x000000071ed00000| Complete 
| 430|0x000000071ee00000, 0x000000071ef00000, 0x000000071ef00000|100%| E|CS|TAMS 0x000000071ee00000, 0x000000071ee00000| Complete 
| 431|0x000000071ef00000, 0x000000071f000000, 0x000000071f000000|100%| E|CS|TAMS 0x000000071ef00000, 0x000000071ef00000| Complete 
| 432|0x000000071f000000, 0x000000071f100000, 0x000000071f100000|100%| E|CS|TAMS 0x000000071f000000, 0x000000071f000000| Complete 
| 433|0x000000071f100000, 0x000000071f200000, 0x000000071f200000|100%| E|CS|TAMS 0x000000071f100000, 0x000000071f100000| Complete 
| 434|0x000000071f200000, 0x000000071f300000, 0x000000071f300000|100%| E|CS|TAMS 0x000000071f200000, 0x000000071f200000| Complete 
| 435|0x000000071f300000, 0x000000071f400000, 0x000000071f400000|100%| E|CS|TAMS 0x000000071f300000, 0x000000071f300000| Complete 

Card table byte_map: [0x0000018371ed0000,0x00000183726b0000] _byte_map_base: 0x000001836e6b0000

Marking Bits (Prev, Next): (CMBitMap*) 0x0000018368d90ff8, (CMBitMap*) 0x0000018368d91030
 Prev Bits: [0x0000018372e90000, 0x0000018376d90000)
 Next Bits: [0x0000018376d90000, 0x000001837ac90000)

Polling page: 0x0000018368500000

Metaspace:

Usage:
  Non-class:     73.06 MB capacity,    71.72 MB ( 98%) used,     1.02 MB (  1%) free+waste,   323.56 KB ( <1%) overhead. 
      Class:      9.30 MB capacity,     8.33 MB ( 90%) used,   847.26 KB (  9%) free+waste,   143.94 KB (  2%) overhead. 
       Both:     82.36 MB capacity,    80.05 MB ( 97%) used,     1.85 MB (  2%) free+waste,   467.50 KB ( <1%) overhead. 

Virtual space:
  Non-class space:       74.00 MB reserved,      73.16 MB ( 99%) committed 
      Class space:        1.00 GB reserved,       9.38 MB ( <1%) committed 
             Both:        1.07 GB reserved,      82.54 MB (  8%) committed 

Chunk freelists:
   Non-Class:  5.88 KB
       Class:  0 bytes
        Both:  5.88 KB

CodeHeap 'non-profiled nmethods': size=120000Kb used=15586Kb max_used=15745Kb free=104413Kb
 bounds [0x0000018307ad0000, 0x0000018308a40000, 0x000001830f000000]
CodeHeap 'profiled nmethods': size=120000Kb used=32438Kb max_used=34250Kb free=87561Kb
 bounds [0x00000183005a0000, 0x0000018302840000, 0x0000018307ad0000]
CodeHeap 'non-nmethods': size=5760Kb used=1966Kb max_used=2151Kb free=3793Kb
 bounds [0x0000018300000000, 0x0000018300270000, 0x00000183005a0000]
 total_blobs=12632 nmethods=11080 adapters=1469
 compilation: enabled
              stopped_count=0, restarted_count=0
 full_count=0

Compilation events (10 events):
Event: 346.557 Thread 0x000001837e332000 15715       4       java.util.concurrent.locks.AbstractQueuedSynchronizer::compareAndSetState (10 bytes)
Event: 346.558 Thread 0x000001837e332000 nmethod 15715 0x0000018307c49b10 code [0x0000018307c49ca0, 0x0000018307c49d18]
Event: 347.802 Thread 0x000001837e332000 15716       4       java.util.Collections$3::hasMoreElements (10 bytes)
Event: 347.805 Thread 0x000001837e332000 nmethod 15716 0x00000183080e2110 code [0x00000183080e22a0, 0x00000183080e2398]
Event: 347.841 Thread 0x000001837e335000 15717       3       java.net.URI$Parser::scan (23 bytes)
Event: 347.841 Thread 0x000001837e332000 15719       4       okio.ByteString::getByte (7 bytes)
Event: 347.841 Thread 0x000001837e335000 nmethod 15717 0x0000018300d04a90 code [0x0000018300d04ca0, 0x0000018300d05360]
Event: 347.841 Thread 0x000001837e335000 15718       3       okio.ByteString::encodeUtf8 (36 bytes)
Event: 347.841 Thread 0x000001837e335000 nmethod 15718 0x0000018300d74c10 code [0x0000018300d74e20, 0x0000018300d753c0]
Event: 347.841 Thread 0x000001837e332000 nmethod 15719 0x00000183080e1d90 code [0x00000183080e1f20, 0x00000183080e1ff8]

GC Heap History (10 events):
Event: 239.695 GC heap before
{Heap before GC invocations=41 (full 0):
 garbage-first heap   total 446464K, used 384801K [0x0000000704000000, 0x0000000800000000)
  region size 1024K, 219 young (224256K), 3 survivors (3072K)
 Metaspace       used 81708K, capacity 84099K, committed 84264K, reserved 1124352K
  class space    used 8518K, capacity 9521K, committed 9600K, reserved 1048576K
}
Event: 239.698 GC heap after
{Heap after GC invocations=42 (full 0):
 garbage-first heap   total 446464K, used 163694K [0x0000000704000000, 0x0000000800000000)
  region size 1024K, 3 young (3072K), 3 survivors (3072K)
 Metaspace       used 81708K, capacity 84099K, committed 84264K, reserved 1124352K
  class space    used 8518K, capacity 9521K, committed 9600K, reserved 1048576K
}
Event: 264.278 GC heap before
{Heap before GC invocations=42 (full 0):
 garbage-first heap   total 446464K, used 386926K [0x0000000704000000, 0x0000000800000000)
  region size 1024K, 221 young (226304K), 3 survivors (3072K)
 Metaspace       used 81746K, capacity 84102K, committed 84264K, reserved 1124352K
  class space    used 8518K, capacity 9521K, committed 9600K, reserved 1048576K
}
Event: 264.281 GC heap after
{Heap after GC invocations=43 (full 0):
 garbage-first heap   total 446464K, used 163782K [0x0000000704000000, 0x0000000800000000)
  region size 1024K, 3 young (3072K), 3 survivors (3072K)
 Metaspace       used 81746K, capacity 84102K, committed 84264K, reserved 1124352K
  class space    used 8518K, capacity 9521K, committed 9600K, reserved 1048576K
}
Event: 286.710 GC heap before
{Heap before GC invocations=43 (full 0):
 garbage-first heap   total 446464K, used 388038K [0x0000000704000000, 0x0000000800000000)
  region size 1024K, 222 young (227328K), 3 survivors (3072K)
 Metaspace       used 81767K, capacity 84166K, committed 84264K, reserved 1124352K
  class space    used 8518K, capacity 9521K, committed 9600K, reserved 1048576K
}
Event: 286.714 GC heap after
{Heap after GC invocations=44 (full 0):
 garbage-first heap   total 446464K, used 163946K [0x0000000704000000, 0x0000000800000000)
  region size 1024K, 3 young (3072K), 3 survivors (3072K)
 Metaspace       used 81767K, capacity 84166K, committed 84264K, reserved 1124352K
  class space    used 8518K, capacity 9521K, committed 9600K, reserved 1048576K
}
Event: 310.930 GC heap before
{Heap before GC invocations=44 (full 0):
 garbage-first heap   total 446464K, used 389226K [0x0000000704000000, 0x0000000800000000)
  region size 1024K, 223 young (228352K), 3 survivors (3072K)
 Metaspace       used 81776K, capacity 84169K, committed 84264K, reserved 1124352K
  class space    used 8519K, capacity 9522K, committed 9600K, reserved 1048576K
}
Event: 310.934 GC heap after
{Heap after GC invocations=45 (full 0):
 garbage-first heap   total 446464K, used 164081K [0x0000000704000000, 0x0000000800000000)
  region size 1024K, 3 young (3072K), 3 survivors (3072K)
 Metaspace       used 81776K, capacity 84169K, committed 84264K, reserved 1124352K
  class space    used 8519K, capacity 9522K, committed 9600K, reserved 1048576K
}
Event: 335.293 GC heap before
{Heap before GC invocations=45 (full 0):
 garbage-first heap   total 446464K, used 390385K [0x0000000704000000, 0x0000000800000000)
  region size 1024K, 224 young (229376K), 3 survivors (3072K)
 Metaspace       used 81906K, capacity 84265K, committed 84520K, reserved 1124352K
  class space    used 8519K, capacity 9522K, committed 9600K, reserved 1048576K
}
Event: 335.297 GC heap after
{Heap after GC invocations=46 (full 0):
 garbage-first heap   total 446464K, used 164399K [0x0000000704000000, 0x0000000800000000)
  region size 1024K, 4 young (4096K), 4 survivors (4096K)
 Metaspace       used 81906K, capacity 84265K, committed 84520K, reserved 1124352K
  class space    used 8519K, capacity 9522K, committed 9600K, reserved 1048576K
}

Deoptimization events (10 events):
Event: 347.801 Thread 0x000001831287c000 Uncommon trap: reason=class_check action=maybe_recompile pc=0x0000018308080a00 method=java.util.Collections$3.nextElement()Ljava/lang/Object; @ 4 c2
Event: 347.802 Thread 0x000001831287c000 Uncommon trap: reason=class_check action=maybe_recompile pc=0x000001830806f438 method=java.util.Collections$3.hasMoreElements()Z @ 4 c2
Event: 347.802 Thread 0x000001831287c000 Uncommon trap: reason=class_check action=maybe_recompile pc=0x0000018308080a00 method=java.util.Collections$3.nextElement()Ljava/lang/Object; @ 4 c2
Event: 347.802 Thread 0x000001831287c000 Uncommon trap: reason=class_check action=maybe_recompile pc=0x000001830806f438 method=java.util.Collections$3.hasMoreElements()Z @ 4 c2
Event: 347.802 Thread 0x000001831287c000 Uncommon trap: reason=class_check action=maybe_recompile pc=0x0000018308080a00 method=java.util.Collections$3.nextElement()Ljava/lang/Object; @ 4 c2
Event: 347.802 Thread 0x000001831287c000 Uncommon trap: reason=class_check action=maybe_recompile pc=0x000001830806f438 method=java.util.Collections$3.hasMoreElements()Z @ 4 c2
Event: 347.802 Thread 0x000001831287c000 Uncommon trap: reason=class_check action=maybe_recompile pc=0x0000018308080a00 method=java.util.Collections$3.nextElement()Ljava/lang/Object; @ 4 c2
Event: 347.805 Thread 0x000001830f496000 Uncommon trap: reason=unstable_if action=reinterpret pc=0x0000018308574c18 method=sun.java2d.d3d.D3DScreenUpdateManager.createGraphics(Lsun/java2d/SurfaceData;Lsun/awt/windows/WComponentPeer;Ljava/awt/Color;Ljava/awt/Color;Ljava/awt/Font;)Ljava/awt/Graphi
Event: 347.806 Thread 0x000001830f496000 Uncommon trap: reason=unstable_if action=reinterpret pc=0x00000183088485cc method=sun.java2d.d3d.D3DScreenUpdateManager.createGraphics(Lsun/java2d/SurfaceData;Lsun/awt/windows/WComponentPeer;Ljava/awt/Color;Ljava/awt/Color;Ljava/awt/Font;)Ljava/awt/Graphi
Event: 347.843 Thread 0x0000018312873000 Uncommon trap: reason=unstable_if action=reinterpret pc=0x00000183086cc708 method=java.util.concurrent.locks.AbstractQueuedSynchronizer$ConditionObject.awaitNanos(J)J @ 96 c2

Classes redefined (0 events):
No events

Internal exceptions (10 events):
Event: 36.236 Thread 0x000001830f496000 Implicit null exception at 0x00000183018a3031 to 0x00000183018a30f6
Event: 36.236 Thread 0x000001830f496000 Exception <a 'java/lang/NullPointerException'{0x000000070f1572d0}> (0x000000070f1572d0) thrown at [./open/src/hotspot/share/runtime/sharedRuntime.cpp, line 584]
Event: 53.230 Thread 0x000001830f375800 Implicit null exception at 0x0000018308602917 to 0x0000018308602a9a
Event: 53.773 Thread 0x000001830f496000 Implicit null exception at 0x000001830839f1a6 to 0x00000183083aaece
Event: 80.035 Thread 0x000001830f496000 Implicit null exception at 0x00000183086e5c83 to 0x00000183086eb26e
Event: 100.304 Thread 0x000001830f375800 Implicit null exception at 0x00000183085ca61e to 0x00000183085cb9da
Event: 103.665 Thread 0x000001830f375800 Implicit null exception at 0x00000183082e683c to 0x00000183082e86c2
Event: 282.311 Thread 0x000001830f496000 Implicit null exception at 0x00000183083194ad to 0x000001830831b792
Event: 347.830 Thread 0x000001830f496000 Exception <a 'java/lang/RuntimeException'{0x0000000717c26fd8}: unable to SwapBuffers (6)> (0x0000000717c26fd8) thrown at [./open/src/hotspot/share/prims/jni.cpp, line 632]
Event: 347.842 Thread 0x000001831287a000 Exception <a 'java/net/SocketException'{0x0000000717cc0850}: Socket closed> (0x0000000717cc0850) thrown at [./open/src/hotspot/share/prims/jni.cpp, line 632]

Events (10 events):
Event: 347.853 Thread 0x0000018312873800 Thread exited: 0x0000018312873800
Event: 347.853 Thread 0x000001837e337800 flushing nmethod 0x0000018301dad310
Event: 347.853 Thread 0x000001837e337800 flushing nmethod 0x0000018301dca590
Event: 347.854 Thread 0x000001837e337800 flushing nmethod 0x0000018302691390
Event: 347.854 Thread 0x000001837e337800 flushing nmethod 0x00000183027b7c10
Event: 347.854 Thread 0x000001837e337800 flushing nmethod 0x00000183027fcc10
Event: 347.854 Thread 0x000001837e337800 flushing nmethod 0x0000018302814010
Event: 347.855 Thread 0x000001837e337800 flushing nmethod 0x0000018302825610
Event: 347.905 Thread 0x000001830f497000 Thread exited: 0x000001830f497000
Event: 347.906 Executing VM operation: Exit


Dynamic libraries:
0x00007ff66eb00000 - 0x00007ff66eb0f000 	C:\Program Files\Java\jdk-11.0.9\bin\java.exe
0x00007ff8ca830000 - 0x00007ff8caa44000 	C:\WINDOWS\SYSTEM32\ntdll.dll
0x00007ff8c8630000 - 0x00007ff8c86f2000 	C:\WINDOWS\System32\KERNEL32.DLL
0x00007ff8c8290000 - 0x00007ff8c862c000 	C:\WINDOWS\System32\KERNELBASE.dll
0x00007ff8c7d70000 - 0x00007ff8c7e81000 	C:\WINDOWS\System32\ucrtbase.dll
0x00007ff8b6260000 - 0x00007ff8b6275000 	C:\Program Files\Java\jdk-11.0.9\bin\VCRUNTIME140.dll
0x00007ff8b6140000 - 0x00007ff8b6158000 	C:\Program Files\Java\jdk-11.0.9\bin\jli.dll
0x00007ff8c8700000 - 0x00007ff8c87ae000 	C:\WINDOWS\System32\ADVAPI32.dll
0x00007ff8c9ed0000 - 0x00007ff8c9f77000 	C:\WINDOWS\System32\msvcrt.dll
0x00007ff8c91d0000 - 0x00007ff8c9274000 	C:\WINDOWS\System32\sechost.dll
0x00007ff8c8a10000 - 0x00007ff8c8b25000 	C:\WINDOWS\System32\RPCRT4.dll
0x00007ff8c8b30000 - 0x00007ff8c8cda000 	C:\WINDOWS\System32\USER32.dll
0x00007ff8a8740000 - 0x00007ff8a89ce000 	C:\WINDOWS\WinSxS\amd64_microsoft.windows.common-controls_6595b64144ccf1df_6.0.22621.608_none_a9444ca7c10bb01d\COMCTL32.dll
0x00007ff8c80c0000 - 0x00007ff8c80e6000 	C:\WINDOWS\System32\win32u.dll
0x00007ff8c8820000 - 0x00007ff8c8849000 	C:\WINDOWS\System32\GDI32.dll
0x00007ff8c80f0000 - 0x00007ff8c8202000 	C:\WINDOWS\System32\gdi32full.dll
0x00007ff8bb930000 - 0x00007ff8bb93a000 	C:\WINDOWS\SYSTEM32\VERSION.dll
0x00007ff8c7c60000 - 0x00007ff8c7cfa000 	C:\WINDOWS\System32\msvcp_win.dll
0x00007ff8ca460000 - 0x00007ff8ca491000 	C:\WINDOWS\System32\IMM32.DLL
0x00007ff899180000 - 0x00007ff89921b000 	C:\Program Files\Java\jdk-11.0.9\bin\msvcp140.dll
0x00007ff846330000 - 0x00007ff846e27000 	C:\Program Files\Java\jdk-11.0.9\bin\server\jvm.dll
0x00007ff8ca500000 - 0x00007ff8ca508000 	C:\WINDOWS\System32\PSAPI.DLL
0x00007ff89ffd0000 - 0x00007ff89ffd9000 	C:\WINDOWS\SYSTEM32\WSOCK32.dll
0x00007ff8bc340000 - 0x00007ff8bc374000 	C:\WINDOWS\SYSTEM32\WINMM.dll
0x00007ff8ca510000 - 0x00007ff8ca581000 	C:\WINDOWS\System32\WS2_32.dll
0x00007ff8c6dd0000 - 0x00007ff8c6de8000 	C:\WINDOWS\SYSTEM32\kernel.appcore.dll
0x00007ff8bfbe0000 - 0x00007ff8bfbf0000 	C:\Program Files\Java\jdk-11.0.9\bin\verify.dll
0x00007ff8c5030000 - 0x00007ff8c525e000 	C:\WINDOWS\SYSTEM32\DBGHELP.DLL
0x00007ff8ca010000 - 0x00007ff8ca399000 	C:\WINDOWS\System32\combase.dll
0x00007ff8ca710000 - 0x00007ff8ca7e7000 	C:\WINDOWS\System32\OLEAUT32.dll
0x00007ff8ba020000 - 0x00007ff8ba052000 	C:\WINDOWS\SYSTEM32\dbgcore.DLL
0x00007ff8c8210000 - 0x00007ff8c828b000 	C:\WINDOWS\System32\bcryptPrimitives.dll
0x00007ff8b4cc0000 - 0x00007ff8b4ce8000 	C:\Program Files\Java\jdk-11.0.9\bin\java.dll
0x00007ff8b6130000 - 0x00007ff8b613a000 	C:\Program Files\Java\jdk-11.0.9\bin\jimage.dll
0x00007ff8a53e0000 - 0x00007ff8a5418000 	C:\Program Files\Java\jdk-11.0.9\bin\jdwp.dll
0x00007ff8b4c90000 - 0x00007ff8b4c9e000 	C:\Program Files\Java\jdk-11.0.9\bin\instrument.dll
0x00007ff8b4ca0000 - 0x00007ff8b4cb6000 	C:\Program Files\Java\jdk-11.0.9\bin\zip.dll
0x00007ff8c95d0000 - 0x00007ff8c9dad000 	C:\WINDOWS\System32\SHELL32.dll
0x00007ff8c5c90000 - 0x00007ff8c6547000 	C:\WINDOWS\SYSTEM32\windows.storage.dll
0x00007ff8c5b40000 - 0x00007ff8c5c7d000 	C:\WINDOWS\SYSTEM32\wintypes.dll
0x00007ff8c9280000 - 0x00007ff8c9371000 	C:\WINDOWS\System32\SHCORE.dll
0x00007ff8ca4a0000 - 0x00007ff8ca4fe000 	C:\WINDOWS\System32\shlwapi.dll
0x00007ff8c7b90000 - 0x00007ff8c7bb1000 	C:\WINDOWS\SYSTEM32\profapi.dll
0x00007ff8b4c00000 - 0x00007ff8b4c0a000 	C:\Program Files\Java\jdk-11.0.9\bin\dt_socket.dll
0x00007ff8c7230000 - 0x00007ff8c7299000 	C:\WINDOWS\system32\mswsock.dll
0x00007ff8b4c70000 - 0x00007ff8b4c89000 	C:\Program Files\Java\jdk-11.0.9\bin\net.dll
0x00007ff8be020000 - 0x00007ff8be14f000 	C:\WINDOWS\SYSTEM32\WINHTTP.dll
0x00007ff8b46f0000 - 0x00007ff8b4702000 	C:\Program Files\Java\jdk-11.0.9\bin\nio.dll
0x00007ff8aa560000 - 0x00007ff8aa585000 	C:\Program Files\Java\jdk-11.0.9\bin\sunec.dll
0x00007ff8ab560000 - 0x00007ff8ab56d000 	C:\Program Files\Java\jdk-11.0.9\bin\sunmscapi.dll
0x00007ff8c7e90000 - 0x00007ff8c7ff6000 	C:\WINDOWS\System32\CRYPT32.dll
0x00007ff8c75e0000 - 0x00007ff8c760d000 	C:\WINDOWS\SYSTEM32\ncrypt.dll
0x00007ff8c75a0000 - 0x00007ff8c75d7000 	C:\WINDOWS\SYSTEM32\NTASN1.dll
0x00007ff8c7470000 - 0x00007ff8c748b000 	C:\WINDOWS\SYSTEM32\CRYPTSP.dll
0x00007ff8c6d40000 - 0x00007ff8c6d75000 	C:\WINDOWS\system32\rsaenh.dll
0x00007ff8c7320000 - 0x00007ff8c7348000 	C:\WINDOWS\SYSTEM32\USERENV.dll
0x00007ff8c7610000 - 0x00007ff8c7638000 	C:\WINDOWS\SYSTEM32\bcrypt.dll
0x00007ff8c7490000 - 0x00007ff8c749c000 	C:\WINDOWS\SYSTEM32\CRYPTBASE.dll
0x00007ff8c6850000 - 0x00007ff8c687d000 	C:\WINDOWS\SYSTEM32\IPHLPAPI.DLL
0x00007ff8c9400000 - 0x00007ff8c9409000 	C:\WINDOWS\System32\NSI.dll
0x00007ff8bd050000 - 0x00007ff8bd069000 	C:\WINDOWS\SYSTEM32\dhcpcsvc6.DLL
0x00007ff8bcff0000 - 0x00007ff8bd00f000 	C:\WINDOWS\SYSTEM32\dhcpcsvc.DLL
0x00007ff8c6880000 - 0x00007ff8c6972000 	C:\WINDOWS\SYSTEM32\DNSAPI.dll
0x00007ff852c80000 - 0x00007ff852e1a000 	C:\Program Files\Java\jdk-11.0.9\bin\awt.dll
0x00007ff8c10b0000 - 0x00007ff8c1147000 	C:\WINDOWS\SYSTEM32\apphelp.dll
0x00007ff8c11d0000 - 0x00007ff8c127b000 	C:\WINDOWS\system32\uxtheme.dll
0x00007ff8c9db0000 - 0x00007ff8c9ece000 	C:\WINDOWS\System32\MSCTF.dll
0x00007ff8c9420000 - 0x00007ff8c95bc000 	C:\WINDOWS\System32\ole32.dll
0x00007ff8c1450000 - 0x00007ff8c147b000 	C:\WINDOWS\system32\DWMAPI.DLL
0x00007ff8b1410000 - 0x00007ff8b1510000 	C:\WINDOWS\system32\opengl32.dll
0x00007ff8b5010000 - 0x00007ff8b503d000 	C:\WINDOWS\SYSTEM32\GLU32.dll
0x00007ff8c4f00000 - 0x00007ff8c4f36000 	C:\WINDOWS\SYSTEM32\dxcore.dll
0x00007ff898dc0000 - 0x00007ff898e42000 	C:\Program Files\Java\jdk-11.0.9\bin\freetype.dll
0x00007ff898c70000 - 0x00007ff898d16000 	C:\Program Files\Java\jdk-11.0.9\bin\fontmanager.dll
0x00007ff8ab580000 - 0x00007ff8ab6ad000 	C:\WINDOWS\SYSTEM32\textinputframework.dll
0x00007ff8c0940000 - 0x00007ff8c0a73000 	C:\WINDOWS\SYSTEM32\CoreMessaging.dll
0x00007ff8bb260000 - 0x00007ff8bb5cc000 	C:\WINDOWS\SYSTEM32\CoreUIComponents.dll
0x00007ff8b46e0000 - 0x00007ff8b46e9000 	C:\Program Files\Java\jdk-11.0.9\bin\management.dll
0x00007ff8ab6b0000 - 0x00007ff8ab6bb000 	C:\Program Files\Java\jdk-11.0.9\bin\management_ext.dll
0x00007ff8bc330000 - 0x00007ff8bc33a000 	C:\Windows\System32\rasadhlp.dll
0x00007ff8bc220000 - 0x00007ff8bc2a3000 	C:\WINDOWS\System32\fwpuclnt.dll
0x00007ff899b70000 - 0x00007ff899bb4000 	C:\Users\matma\AppData\Local\Temp\jna-103668468\jna16444967166687300048.dll
0x00007ff898bd0000 - 0x00007ff898c6c000 	C:\Users\matma\AppData\Local\Temp\jna-103668468\jna894877020236535822.dll
0x00007ff8a9c30000 - 0x00007ff8a9c41000 	C:\Program Files\Java\jdk-11.0.9\bin\jsound.dll
0x00007ff8b4850000 - 0x00007ff8b48f2000 	C:\WINDOWS\SYSTEM32\DSOUND.dll
0x00007ff8b4320000 - 0x00007ff8b43d1000 	C:\WINDOWS\SYSTEM32\ResampleDmo.DLL
0x00007ff8c6ba0000 - 0x00007ff8c6bed000 	C:\WINDOWS\SYSTEM32\powrprof.dll
0x00007ff8a40f0000 - 0x00007ff8a4119000 	C:\WINDOWS\SYSTEM32\winmmbase.dll
0x00007ff8ab120000 - 0x00007ff8ab12b000 	C:\WINDOWS\SYSTEM32\msdmo.dll
0x00007ff8c6b80000 - 0x00007ff8c6b93000 	C:\WINDOWS\SYSTEM32\UMPDC.dll
0x00007ff8ca3a0000 - 0x00007ff8ca457000 	C:\WINDOWS\System32\clbcatq.dll
0x00007ff8b1990000 - 0x00007ff8b1a2d000 	C:\WINDOWS\System32\MMDevApi.dll
0x00007ff8c7920000 - 0x00007ff8c794c000 	C:\WINDOWS\System32\DEVOBJ.dll
0x00007ff8c7950000 - 0x00007ff8c799f000 	C:\WINDOWS\SYSTEM32\cfgmgr32.dll
0x00007ff8811d0000 - 0x00007ff881216000 	C:\WINDOWS\SYSTEM32\wdmaud.drv
0x00007ff89dea0000 - 0x00007ff89dea9000 	C:\WINDOWS\SYSTEM32\ksuser.dll
0x00007ff8bce10000 - 0x00007ff8bce1b000 	C:\WINDOWS\SYSTEM32\AVRT.dll
0x00007ff8aba50000 - 0x00007ff8abc34000 	C:\WINDOWS\SYSTEM32\AUDIOSES.DLL
0x00007ff8a9c20000 - 0x00007ff8a9c2e000 	C:\WINDOWS\SYSTEM32\msacm32.drv
0x00007ff8a65f0000 - 0x00007ff8a660e000 	C:\WINDOWS\SYSTEM32\MSACM32.dll
0x00007ff8a8b50000 - 0x00007ff8a8b5b000 	C:\WINDOWS\SYSTEM32\midimap.dll
0x00007ff8c5770000 - 0x00007ff8c5785000 	C:\WINDOWS\SYSTEM32\resourcepolicyclient.dll
0x00007ff8b1650000 - 0x00007ff8b17c4000 	C:\Windows\System32\Windows.UI.dll
0x00007ff8a7af0000 - 0x00007ff8a7b1d000 	C:\Program Files\Java\jdk-11.0.9\bin\javajpeg.dll
0x00007ff882760000 - 0x00007ff8827df000 	C:\Program Files\Java\jdk-11.0.9\bin\mlib_image.dll
0x00007ff8c4de0000 - 0x00007ff8c4ded000 	C:\WINDOWS\SYSTEM32\WINNSI.DLL
0x00007ff8a9390000 - 0x00007ff8a9397000 	C:\Program Files\Java\jdk-11.0.9\bin\jawt.dll
0x00007ff8a3490000 - 0x00007ff8a34b7000 	C:\Users\matma\AppData\Local\Temp\13427291937181971867rlawt.dll
0x00007ff8bf190000 - 0x00007ff8bf340000 	C:\WINDOWS\SYSTEM32\WindowsCodecs.dll
0x00007ff8aa6c0000 - 0x00007ff8aa71e000 	C:\WINDOWS\system32\dataexchange.dll
0x00007ff8b9a80000 - 0x00007ff8b9cea000 	C:\WINDOWS\system32\twinapi.appcore.dll
0x00007ff8bcdc0000 - 0x00007ff8bce09000 	C:\WINDOWS\SYSTEM32\directxdatabasehelper.dll
0x00007ff8bdaa0000 - 0x00007ff8bdb5d000 	C:\WINDOWS\SYSTEM32\mscms.dll
0x00007ff8bca30000 - 0x00007ff8bcb5c000 	C:\Windows\System32\AppXDeploymentClient.dll
0x00007ff8b4e40000 - 0x00007ff8b4e89000 	C:\WINDOWS\SYSTEM32\icm32.dll
0x00007ff8290a0000 - 0x00007ff82a150000 	C:\WINDOWS\System32\DriverStore\FileRepository\iigd_dch.inf_amd64_a4e86d7e8f40267a\igxelpicd64.dll
0x00007ff8c1340000 - 0x00007ff8c1437000 	C:\WINDOWS\system32\dxgi.dll
0x00007ff856f10000 - 0x00007ff857035000 	C:\WINDOWS\System32\DriverStore\FileRepository\iigd_dch.inf_amd64_a4e86d7e8f40267a\igdml64.dll
0x00007ff8b63c0000 - 0x00007ff8b67d2000 	C:\WINDOWS\System32\DriverStore\FileRepository\iigd_dch.inf_amd64_a4e86d7e8f40267a\igdgmm64.dll
0x00007ff8c7d00000 - 0x00007ff8c7d69000 	C:\WINDOWS\System32\WINTRUST.dll
0x00007ff8c7900000 - 0x00007ff8c7912000 	C:\WINDOWS\SYSTEM32\MSASN1.dll
0x00007ff8accf0000 - 0x00007ff8b1140000 	C:\WINDOWS\System32\DriverStore\FileRepository\iigd_dch.inf_amd64_a4e86d7e8f40267a\igc64.dll
0x00007ff87bdc0000 - 0x00007ff87be35000 	C:\Users\matma\AppData\Local\Temp\lwjgl-rl-amd64\3.3.1-build-7\lwjgl.dll
0x00007ff87bbe0000 - 0x00007ff87bc3d000 	C:\Users\matma\AppData\Local\Temp\lwjgl-rl-amd64\3.3.1-build-7\lwjgl_opengl.dll

dbghelp: loaded successfully - version: 4.0.5 - missing functions: none
symbol engine: initialized successfully - sym options: 0x614 - pdb path: .;C:\Program Files\Java\jdk-11.0.9\bin;C:\WINDOWS\SYSTEM32;C:\WINDOWS\WinSxS\amd64_microsoft.windows.common-controls_6595b64144ccf1df_6.0.22621.608_none_a9444ca7c10bb01d;C:\Program Files\Java\jdk-11.0.9\bin\server;C:\Users\matma\AppData\Local\Temp\jna-103668468;C:\Users\matma\AppData\Local\Temp;C:\WINDOWS\System32\DriverStore\FileRepository\iigd_dch.inf_amd64_a4e86d7e8f40267a;C:\Users\matma\AppData\Local\Temp\lwjgl-rl-amd64\3.3.1-build-7

VM Arguments:
jvm_args: -agentlib:jdwp=transport=dt_socket,address=127.0.0.1:64470,suspend=y,server=n -javaagent:C:\Users\matma\AppData\Local\JetBrains\IdeaIC2022.2\captureAgent\debugger-agent.jar -Dfile.encoding=UTF-8 
java_command: net.runelite.client.RuneLite
java_class_path (initial): C:\Users\matma\IdeaProjects\runelite\runelite-client\target\classes;C:\Users\matma\.m2\repository\org\slf4j\slf4j-api\1.7.25\slf4j-api-1.7.25.jar;C:\Users\matma\.m2\repository\ch\qos\logback\logback-classic\1.2.9\logback-classic-1.2.9.jar;C:\Users\matma\.m2\repository\ch\qos\logback\logback-core\1.2.9\logback-core-1.2.9.jar;C:\Users\matma\.m2\repository\net\sf\jopt-simple\jopt-simple\5.0.1\jopt-simple-5.0.1.jar;C:\Users\matma\.m2\repository\com\google\guava\guava\23.2-jre\guava-23.2-jre.jar;C:\Users\matma\.m2\repository\com\google\inject\guice\4.1.0\guice-4.1.0-no_aop.jar;C:\Users\matma\.m2\repository\javax\inject\javax.inject\1\javax.inject-1.jar;C:\Users\matma\.m2\repository\aopalliance\aopalliance\1.0\aopalliance-1.0.jar;C:\Users\matma\.m2\repository\com\google\code\gson\gson\2.8.5\gson-2.8.5.jar;C:\Users\matma\.m2\repository\net\runelite\pushingpixels\substance\8.0.02\substance-8.0.02.jar;C:\Users\matma\.m2\repository\net\runelite\pushingpixels\trident\1.5.00\trident-1.5.00.jar;C:\Users\matma\.m2\repository\org\apache\commons\commons-text\1.2\commons-text-1.2.jar;C:\Users\matma\.m2\repository\org\apache\commons\commons-lang3\3.7\commons-lang3-3.7.jar;C:\Users\matma\.m2\repository\net\runelite\archive-patcher\archive-patcher-applier\1.2\archive-patcher-applier-1.2.jar;C:\Users\matma\.m2\repository\net\java\dev\jna\jna\5.9.0\jna-5.9.0.jar;C:\Users\matma\.m2\repository\net\java\dev\jna\jna-platform\5.9.0\jna-platform-5.9.0.jar;C:\Users\matma\.m2\repository\com\google\code\findbugs\jsr305\3.0.2\jsr305-3.0.2.jar;C:\Users\matma\.m2\repository\com\google\protobuf\protobuf-javalite\3.21.1\protobuf-javalite-3.21.1.jar;C:\Users\matma\.m2\repository\net\runelite\rlawt\1.3\rlawt-1.3.jar;C:\Users\matma\.m2\repository\net\runelite\jocl\jocl\1.0\jocl-1.0.jar;C:\Users\matma\.m2\repository\net\runelite\jocl\jocl\1.0\jocl-1.0-macos-x64.jar;C:\Users\matma\.m2\repository\net\runelite\jocl\jocl\1.0\jocl-1.0-macos-arm64.jar;C:\Users\matma\.m2\repository\o
Launcher Type: SUN_STANDARD

[Global flags]
     intx CICompilerCount                          = 4                                         {product} {ergonomic}
     uint ConcGCThreads                            = 3                                         {product} {ergonomic}
     uint G1ConcRefinementThreads                  = 10                                        {product} {ergonomic}
   size_t G1HeapRegionSize                         = 1048576                                   {product} {ergonomic}
    uintx GCDrainStackTargetSize                   = 64                                        {product} {ergonomic}
   size_t InitialHeapSize                          = 264241152                                 {product} {ergonomic}
   size_t MarkStackSize                            = 4194304                                   {product} {ergonomic}
   size_t MaxHeapSize                              = 4227858432                                {product} {ergonomic}
   size_t MaxNewSize                               = 2536505344                                {product} {ergonomic}
   size_t MinHeapDeltaBytes                        = 1048576                                   {product} {ergonomic}
    uintx NonNMethodCodeHeapSize                   = 5836300                                {pd product} {ergonomic}
    uintx NonProfiledCodeHeapSize                  = 122910970                              {pd product} {ergonomic}
    uintx ProfiledCodeHeapSize                     = 122910970                              {pd product} {ergonomic}
    uintx ReservedCodeCacheSize                    = 251658240                              {pd product} {ergonomic}
     bool SegmentedCodeCache                       = true                                      {product} {ergonomic}
     bool UseCompressedClassPointers               = true                                 {lp64_product} {ergonomic}
     bool UseCompressedOops                        = true                                 {lp64_product} {ergonomic}
     bool UseG1GC                                  = true                                      {product} {ergonomic}
     bool UseLargePagesIndividualAllocation        = false                                  {pd product} {ergonomic}

Logging:
Log output configuration:
 #0: stdout all=warning uptime,level,tags
 #1: stderr all=off uptime,level,tags

Environment Variables:
JAVA_HOME=C:\Program Files\Java\jdk-11.0.9
PATH=C:\Program Files\Common Files\Oracle\Java\javapath;C:\Program Files (x86)\Common Files\Oracle\Java\javapath;C:\Windows\system32;C:\Windows;C:\Windows\System32\Wbem;C:\Windows\System32\WindowsPowerShell\v1.0\;C:\Windows\System32\OpenSSH\;C:\Program Files (x86)\NVIDIA Corporation\PhysX\Common;C:\Program Files\NVIDIA Corporation\NVIDIA NvDLISR;C:\WINDOWS\system32;C:\WINDOWS;C:\WINDOWS\System32\Wbem;C:\WINDOWS\System32\WindowsPowerShell\v1.0\;C:\WINDOWS\System32\OpenSSH\;C:\Program Files\dotnet\;C:\ProgramData\chocolatey\bin;C:\Program Files\Git\cmd;C:\Program Files\nodejs\;C:\Users\matma\AppData\Local\Android\Sdk\platform-tools;;C:\Program Files (x86)\gnupg\bin;C:\Users\matma\AppData\Local\Microsoft\WindowsApps;;C:\Users\matma\AppData\Local\Programs\Microsoft VS Code\bin;C:\Users\matma\AppData\Roaming\npm
USERNAME=matma
OS=Windows_NT
PROCESSOR_IDENTIFIER=Intel64 Family 6 Model 141 Stepping 1, GenuineIntel



---------------  S Y S T E M  ---------------

OS: Windows 10 , 64 bit Build 22621 (10.0.22621.608)
HyperV virtualization detected

CPU:total 12 (initial active 12) (6 cores per cpu, 2 threads per core) family 6 model 141 stepping 1, cmov, cx8, fxsr, mmx, sse, sse2, sse3, ssse3, sse4.1, sse4.2, popcnt, avx, avx2, aes, clmul, erms, 3dnowpref, lzcnt, ht, tsc, tscinvbit, bmi1, bmi2, adx, evex, sha, fma

Memory: 4k page, system-wide physical 16122M (3266M free)
TotalPageFile size 24058M (AvailPageFile size 5427M)
current process WorkingSet (physical memory assigned to process): 1007M, peak: 1223M
current process commit charge ("private bytes"): 977M, peak: 1199M

vm_info: Java HotSpot(TM) 64-Bit Server VM (11.0.9+7-LTS) for windows-amd64 JRE (11.0.9+7-LTS), built on Sep 15 2020 16:47:03 by "mach5one" with MS VC++ 15.9 (VS2017)

END.
