#
# A fatal error has been detected by the Java Runtime Environment:
#
#  EXCEPTION_ACCESS_VIOLATION (0xc0000005) at pc=0x00007ffe3cc10e0e, pid=20156, tid=0x0000000000004e14
#
# JRE version: Java(TM) SE Runtime Environment (8.0_201-b09) (build 1.8.0_201-b09)
# Java VM: Java HotSpot(TM) 64-Bit Server VM (25.201-b09 mixed mode windows-amd64 compressed oops)
# Problematic frame:
# C  [ig9icd64.dll+0x190e0e]
#
# Failed to write core dump. Minidumps are not enabled by default on client versions of Windows
#
# If you would like to submit a bug report, please visit:
#   http://bugreport.java.com/bugreport/crash.jsp
# The crash happened outside the Java Virtual Machine in native code.
# See problematic frame for where to report the bug.
#

---------------  T H R E A D  ---------------

Current thread (0x00000000207cc800):  JavaThread "Thread-5" daemon [_thread_in_native, id=19988, stack(0x00000000282f0000,0x00000000283f0000)]

siginfo: ExceptionCode=0xc0000005, reading address 0x0000000000000008

Registers:
RAX=0x0000000000000000, RBX=0x00007ffe3cf69290, RCX=0x00000000239d6700, RDX=0x0000000034dc3e40
RSP=0x00000000283ee210, RBP=0x00000000283ee480, RSI=0x00000000283ee440, RDI=0x0000000000000000
R8 =0x0000000009770000, R9 =0x0000000000000000, R10=0x00000000283ee5c0, R11=0x00000000283ee3a8
R12=0x0000000000000007, R13=0x0000000000000000, R14=0x00000000283ee710, R15=0x00000000283ee4c0
RIP=0x00007ffe3cc10e0e, EFLAGS=0x0000000000010246

Top of Stack: (sp=0x00000000283ee210)
0x00000000283ee210:   0000000034eb5120 0000000034dc3e40
0x00000000283ee220:   0000000023908090 00000000283ee338
0x00000000283ee230:   0000000000000000 00000000283ee480
0x00000000283ee240:   00000000283ee270 00000000283ee2b0
0x00000000283ee250:   00000000283ee2f8 00000000283ee280
0x00000000283ee260:   00000000283ee318 00000000283ee290
0x00000000283ee270:   00000000283ee400 00000000283ee370
0x00000000283ee280:   0000000000000c08 000000002c1de1b0
0x00000000283ee290:   0000000023981290 0000000023981290
0x00000000283ee2a0:   000000002c1dded0 00007ffe3d39165c
0x00000000283ee2b0:   00000000239827e0 0000000035427070
0x00000000283ee2c0:   0000000023981290 00000000239cfbf0
0x00000000283ee2d0:   00000000283ee4c0 00000000283ee5c0
0x00000000283ee2e0:   0000000035429060 0000000035429060
0x00000000283ee2f0:   0000000000000000 0000000035427070
0x00000000283ee300:   00000000283ee359 00007ffe3cac66d6 

Instructions: (pc=0x00007ffe3cc10e0e)
0x00007ffe3cc10dee:   48 85 c9 74 06 48 8b 41 20 eb 15 48 8b 80 98 00
0x00007ffe3cc10dfe:   00 00 48 85 c0 74 06 48 8b 40 20 eb 03 48 8b c7
0x00007ffe3cc10e0e:   48 8b 48 08 48 85 c9 74 54 81 79 14 5d 01 00 00
0x00007ffe3cc10e1e:   75 4b 81 26 ff ff 97 f6 81 0e 00 00 94 06 8b 81 


Register to memory mapping:

RAX=0x0000000000000000 is an unknown value
RBX=0x00007ffe3cf69290 is an unknown value
RCX=0x00000000239d6700 is an unknown value
RDX=0x0000000034dc3e40 is an unknown value
RSP=0x00000000283ee210 is pointing into the stack for thread: 0x00000000207cc800
RBP=0x00000000283ee480 is pointing into the stack for thread: 0x00000000207cc800
RSI=0x00000000283ee440 is pointing into the stack for thread: 0x00000000207cc800
RDI=0x0000000000000000 is an unknown value
R8 =0x0000000009770000 is an unknown value
R9 =0x0000000000000000 is an unknown value
R10=0x00000000283ee5c0 is pointing into the stack for thread: 0x00000000207cc800
R11=0x00000000283ee3a8 is pointing into the stack for thread: 0x00000000207cc800
R12=0x0000000000000007 is an unknown value
R13=0x0000000000000000 is an unknown value
R14=0x00000000283ee710 is pointing into the stack for thread: 0x00000000207cc800
R15=0x00000000283ee4c0 is pointing into the stack for thread: 0x00000000207cc800


Stack: [0x00000000282f0000,0x00000000283f0000],  sp=0x00000000283ee210,  free space=1016k
Native frames: (J=compiled Java code, j=interpreted, Vv=VM code, C=native code)
C  [ig9icd64.dll+0x190e0e]
C  [ig9icd64.dll+0x4a0cbd]
C  [ig9icd64.dll+0x4a4d27]
C  [ig9icd64.dll+0x398298]
C  [ig9icd64.dll+0x353cc5]
C  [ig9icd64.dll+0x152415]
C  [ig9icd64.dll+0x143304]
C  [ig9icd64.dll+0x13ff36]
C  0x00000000048fdad7

Java frames: (J=compiled Java code, j=interpreted, Vv=VM code)
J 7616  jogamp.opengl.gl4.GL4bcImpl.dispatch_glTexSubImage2D1(IIIIIIIILjava/lang/Object;IZJ)V (0 bytes) @ 0x00000000048fda59 [0x00000000048fd9c0+0x99]
J 15734 C2 net.runelite.client.plugins.gpu.GpuPlugin.drawUi(II)V (561 bytes) @ 0x00000000063a2d4c [0x00000000063a2880+0x4cc]
J 10091 C2 net.runelite.client.plugins.gpu.GpuPlugin.draw()V (2777 bytes) @ 0x000000000534e55c [0x000000000534c2e0+0x227c]
J 15506 C2 ah.p(Ljava/lang/Object;I)V (136 bytes) @ 0x000000000541ba10 [0x000000000541b9a0+0x70]
j  ah.run()V+380
j  java.lang.Thread.run()V+11
v  ~StubRoutines::call_stub

---------------  P R O C E S S  ---------------

Java Threads: ( => current thread )
  0x0000000020174800 JavaThread "OkHttp Dispatcher" [_thread_blocked, id=21108, stack(0x000000005d770000,0x000000005d870000)]
  0x0000000020172800 JavaThread "Okio Watchdog" daemon [_thread_blocked, id=16584, stack(0x000000004f9b0000,0x000000004fab0000)]
  0x000000002016b800 JavaThread "Thread-20" daemon [_thread_blocked, id=10904, stack(0x000000003c130000,0x000000003c230000)]
  0x000000002016b000 JavaThread "Thread-19" daemon [_thread_in_native, id=18008, stack(0x000000003c030000,0x000000003c130000)]
  0x000000002016d000 JavaThread "Thread-18" daemon [_thread_blocked, id=9480, stack(0x000000003b330000,0x000000003b430000)]
  0x0000000020168000 JavaThread "pool-5-thread-1" [_thread_blocked, id=20808, stack(0x000000003b230000,0x000000003b330000)]
  0x00000000207cd000 JavaThread "Java Sound Event Dispatcher" daemon [_thread_blocked, id=19536, stack(0x000000003af30000,0x000000003b030000)]
  0x0000000020a04000 JavaThread "DestroyJavaVM" [_thread_blocked, id=17808, stack(0x0000000002dd0000,0x0000000002ed0000)]
  0x00000000209f8000 JavaThread "TimerQueue" daemon [_thread_blocked, id=15536, stack(0x0000000029e10000,0x0000000029f10000)]
  0x00000000209fd000 JavaThread "pool-4-thread-1" [_thread_blocked, id=8620, stack(0x0000000029b10000,0x0000000029c10000)]
  0x00000000209fe800 JavaThread "Thread-12" daemon [_thread_blocked, id=3256, stack(0x0000000029a10000,0x0000000029b10000)]
  0x00000000209fa000 JavaThread "Trident pulse source thread" daemon [_thread_blocked, id=19984, stack(0x0000000028f10000,0x0000000029010000)]
  0x00000000209fc800 JavaThread "Trident callback thread" daemon [_thread_blocked, id=4604, stack(0x0000000028e10000,0x0000000028f10000)]
  0x00000000209fb800 JavaThread "Substance heap status" daemon [_thread_blocked, id=13648, stack(0x00000000286f0000,0x00000000287f0000)]
  0x00000000209fb000 JavaThread "Thread-6" daemon [_thread_blocked, id=9628, stack(0x00000000283f0000,0x00000000284f0000)]
=>0x00000000207cc800 JavaThread "Thread-5" daemon [_thread_in_native, id=19988, stack(0x00000000282f0000,0x00000000283f0000)]
  0x00000000207c9800 JavaThread "Thread-4" daemon [_thread_blocked, id=7036, stack(0x0000000027010000,0x0000000027110000)]
  0x00000000207cb000 JavaThread "AWT-EventQueue-0" [_thread_blocked, id=2656, stack(0x0000000026940000,0x0000000026a40000)]
  0x00000000207cb800 JavaThread "AWT-Shutdown" [_thread_blocked, id=16504, stack(0x0000000026840000,0x0000000026940000)]
  0x00000000207ca000 JavaThread "Java2D Disposer" daemon [_thread_blocked, id=6356, stack(0x0000000023700000,0x0000000023800000)]
  0x00000000207ce000 JavaThread "OkHttp ConnectionPool" daemon [_thread_blocked, id=12564, stack(0x0000000022030000,0x0000000022130000)]
  0x00000000206dc800 JavaThread "pool-2-thread-1" [_thread_blocked, id=15552, stack(0x0000000021c30000,0x0000000021d30000)]
  0x000000001ece5000 JavaThread "Service Thread" daemon [_thread_blocked, id=18532, stack(0x000000001f7e0000,0x000000001f8e0000)]
  0x000000001ec48800 JavaThread "C1 CompilerThread3" daemon [_thread_blocked, id=18676, stack(0x000000001f6e0000,0x000000001f7e0000)]
  0x000000001ec3f800 JavaThread "C2 CompilerThread2" daemon [_thread_blocked, id=18584, stack(0x000000001f5e0000,0x000000001f6e0000)]
  0x000000001ec3b000 JavaThread "C2 CompilerThread1" daemon [_thread_blocked, id=12512, stack(0x000000001f4e0000,0x000000001f5e0000)]
  0x000000001ec38800 JavaThread "C2 CompilerThread0" daemon [_thread_blocked, id=9564, stack(0x000000001f3e0000,0x000000001f4e0000)]
  0x000000001ec36000 JavaThread "Monitor Ctrl-Break" daemon [_thread_in_native, id=2428, stack(0x000000001f2e0000,0x000000001f3e0000)]
  0x000000001ea2d800 JavaThread "Attach Listener" daemon [_thread_blocked, id=7728, stack(0x000000001f1e0000,0x000000001f2e0000)]
  0x000000001ea2c800 JavaThread "Signal Dispatcher" daemon [_thread_blocked, id=10304, stack(0x000000001f0e0000,0x000000001f1e0000)]
  0x00000000031fb000 JavaThread "Finalizer" daemon [_thread_blocked, id=11884, stack(0x000000001eef0000,0x000000001eff0000)]
  0x000000001ea10800 JavaThread "Reference Handler" daemon [_thread_blocked, id=19896, stack(0x000000001edf0000,0x000000001eef0000)]

Other Threads:
  0x000000001cc19000 VMThread [stack: 0x000000001e8f0000,0x000000001e9f0000] [id=15644]
  0x000000001ed79800 WatcherThread [stack: 0x000000001f8e0000,0x000000001f9e0000] [id=11576]

VM state:not at safepoint (normal execution)

VM Mutex/Monitor currently owned by a thread: None

heap address: 0x00000006c1c00000, size: 4068 MB, Compressed Oops mode: Zero based, Oop shift amount: 3
Narrow klass base: 0x0000000000000000, Narrow klass shift: 3
Compressed class space size: 1073741824 Address: 0x00000007c0000000

Heap:
 PSYoungGen      total 1235456K, used 958773K [0x000000076b400000, 0x00000007c0000000, 0x00000007c0000000)
  eden space 1096704K, 74% used [0x000000076b400000,0x000000079d4d2f38,0x00000007ae300000)
  from space 138752K, 99% used [0x00000007ae300000,0x00000007b6a7a868,0x00000007b6a80000)
  to   space 153088K, 0% used [0x00000007b6a80000,0x00000007b6a80000,0x00000007c0000000)
 ParOldGen       total 384512K, used 157220K [0x00000006c1c00000, 0x00000006d9380000, 0x000000076b400000)
  object space 384512K, 40% used [0x00000006c1c00000,0x00000006cb589178,0x00000006d9380000)
 Metaspace       used 61972K, capacity 65764K, committed 65832K, reserved 1107968K
  class space    used 6826K, capacity 7424K, committed 7464K, reserved 1048576K

Card table byte_map: [0x00000000125c0000,0x0000000012dc0000] byte_map_base: 0x000000000efb2000

Marking Bits: (ParMarkBitMap*) 0x0000000067774ce0
 Begin Bits: [0x0000000013b10000, 0x0000000017aa0000)
 End Bits:   [0x0000000017aa0000, 0x000000001ba30000)

Polling page: 0x00000000014d0000

CodeCache: size=245760Kb used=56403Kb max_used=57225Kb free=189356Kb
 bounds [0x0000000003200000, 0x0000000006b30000, 0x0000000012200000]
 total_blobs=12382 nmethods=11246 adapters=1045
 compilation: enabled

Compilation events (10 events):
Event: 785.105 Thread 0x000000001ec3f800 15896       4       java.util.Hashtable$Enumerator::hasMoreElements (53 bytes)
Event: 785.105 Thread 0x000000001ec38800 nmethod 15895 0x0000000004c7acd0 code [0x0000000004c7ae40, 0x0000000004c7b4e8]
Event: 785.114 Thread 0x000000001ec3f800 nmethod 15896 0x00000000040a6550 code [0x00000000040a6680, 0x00000000040a67f8]
Event: 785.163 Thread 0x000000001ec3b000 nmethod 15893 0x0000000004574fd0 code [0x0000000004575440, 0x0000000004576ea8]
Event: 785.176 Thread 0x000000001ec48800 15899       3       java.util.concurrent.CopyOnWriteArrayList::contains (22 bytes)
Event: 785.177 Thread 0x000000001ec48800 nmethod 15899 0x00000000041ebad0 code [0x00000000041ebc40, 0x00000000041ebec8]
Event: 785.186 Thread 0x000000001ec48800 15900       3       java.lang.StringBuilder::append (8 bytes)
Event: 785.187 Thread 0x000000001ec48800 nmethod 15900 0x0000000004182f90 code [0x0000000004183100, 0x0000000004183288]
Event: 785.187 Thread 0x000000001ec48800 15901       3       java.lang.AbstractStringBuilder::append (191 bytes)
Event: 785.188 Thread 0x000000001ec48800 nmethod 15901 0x0000000005653b90 code [0x0000000005653d80, 0x00000000056547b8]

GC Heap History (10 events):
Event: 493.808 GC heap before
{Heap before GC invocations=18 (full 4):
 PSYoungGen      total 1170432K, used 1127936K [0x000000076b400000, 0x00000007c0000000, 0x00000007c0000000)
  eden space 1127936K, 100% used [0x000000076b400000,0x00000007b0180000,0x00000007b0180000)
  from space 42496K, 0% used [0x00000007b0180000,0x00000007b0180000,0x00000007b2b00000)
  to   space 108032K, 0% used [0x00000007b9680000,0x00000007b9680000,0x00000007c0000000)
 ParOldGen       total 325632K, used 117696K [0x00000006c1c00000, 0x00000006d5a00000, 0x000000076b400000)
  object space 325632K, 36% used [0x00000006c1c00000,0x00000006c8ef0170,0x00000006d5a00000)
 Metaspace       used 61101K, capacity 64856K, committed 65064K, reserved 1107968K
  class space    used 6758K, capacity 7350K, committed 7464K, reserved 1048576K
Event: 493.873 GC heap after
Heap after GC invocations=18 (full 4):
 PSYoungGen      total 1199616K, used 108009K [0x000000076b400000, 0x00000007c0000000, 0x00000007c0000000)
  eden space 1091584K, 0% used [0x000000076b400000,0x000000076b400000,0x00000007ade00000)
  from space 108032K, 99% used [0x00000007b9680000,0x00000007bfffa6f8,0x00000007c0000000)
  to   space 148480K, 0% used [0x00000007ade00000,0x00000007ade00000,0x00000007b6f00000)
 ParOldGen       total 325632K, used 173475K [0x00000006c1c00000, 0x00000006d5a00000, 0x000000076b400000)
  object space 325632K, 53% used [0x00000006c1c00000,0x00000006cc568e08,0x00000006d5a00000)
 Metaspace       used 61101K, capacity 64856K, committed 65064K, reserved 1107968K
  class space    used 6758K, capacity 7350K, committed 7464K, reserved 1048576K
}
Event: 519.388 GC heap before
{Heap before GC invocations=19 (full 4):
 PSYoungGen      total 1199616K, used 1199593K [0x000000076b400000, 0x00000007c0000000, 0x00000007c0000000)
  eden space 1091584K, 100% used [0x000000076b400000,0x00000007ade00000,0x00000007ade00000)
  from space 108032K, 99% used [0x00000007b9680000,0x00000007bfffa6f8,0x00000007c0000000)
  to   space 148480K, 0% used [0x00000007ade00000,0x00000007ade00000,0x00000007b6f00000)
 ParOldGen       total 325632K, used 173475K [0x00000006c1c00000, 0x00000006d5a00000, 0x000000076b400000)
  object space 325632K, 53% used [0x00000006c1c00000,0x00000006cc568e08,0x00000006d5a00000)
 Metaspace       used 61192K, capacity 64990K, committed 65320K, reserved 1107968K
  class space    used 6759K, capacity 7351K, committed 7464K, reserved 1048576K
Event: 519.432 GC heap after
Heap after GC invocations=19 (full 4):
 PSYoungGen      total 1240064K, used 18335K [0x000000076b400000, 0x00000007c0000000, 0x00000007c0000000)
  eden space 1091584K, 0% used [0x000000076b400000,0x000000076b400000,0x00000007ade00000)
  from space 148480K, 12% used [0x00000007ade00000,0x00000007aefe7c50,0x00000007b6f00000)
  to   space 143360K, 0% used [0x00000007b7400000,0x00000007b7400000,0x00000007c0000000)
 ParOldGen       total 325632K, used 281632K [0x00000006c1c00000, 0x00000006d5a00000, 0x000000076b400000)
  object space 325632K, 86% used [0x00000006c1c00000,0x00000006d2f08230,0x00000006d5a00000)
 Metaspace       used 61192K, capacity 64990K, committed 65320K, reserved 1107968K
  class space    used 6759K, capacity 7351K, committed 7464K, reserved 1048576K
}
Event: 519.432 GC heap before
{Heap before GC invocations=20 (full 5):
 PSYoungGen      total 1240064K, used 18335K [0x000000076b400000, 0x00000007c0000000, 0x00000007c0000000)
  eden space 1091584K, 0% used [0x000000076b400000,0x000000076b400000,0x00000007ade00000)
  from space 148480K, 12% used [0x00000007ade00000,0x00000007aefe7c50,0x00000007b6f00000)
  to   space 143360K, 0% used [0x00000007b7400000,0x00000007b7400000,0x00000007c0000000)
 ParOldGen       total 325632K, used 281632K [0x00000006c1c00000, 0x00000006d5a00000, 0x000000076b400000)
  object space 325632K, 86% used [0x00000006c1c00000,0x00000006d2f08230,0x00000006d5a00000)
 Metaspace       used 61192K, capacity 64990K, committed 65320K, reserved 1107968K
  class space    used 6759K, capacity 7351K, committed 7464K, reserved 1048576K
Event: 519.540 GC heap after
Heap after GC invocations=20 (full 5):
 PSYoungGen      total 1240064K, used 0K [0x000000076b400000, 0x00000007c0000000, 0x00000007c0000000)
  eden space 1091584K, 0% used [0x000000076b400000,0x000000076b400000,0x00000007ade00000)
  from space 148480K, 0% used [0x00000007ade00000,0x00000007ade00000,0x00000007b6f00000)
  to   space 143360K, 0% used [0x00000007b7400000,0x00000007b7400000,0x00000007c0000000)
 ParOldGen       total 384512K, used 123841K [0x00000006c1c00000, 0x00000006d9380000, 0x000000076b400000)
  object space 384512K, 32% used [0x00000006c1c00000,0x00000006c94f0458,0x00000006d9380000)
 Metaspace       used 61192K, capacity 64990K, committed 65320K, reserved 1107968K
  class space    used 6759K, capacity 7351K, committed 7464K, reserved 1048576K
}
Event: 562.591 GC heap before
{Heap before GC invocations=21 (full 5):
 PSYoungGen      total 1240064K, used 1091584K [0x000000076b400000, 0x00000007c0000000, 0x00000007c0000000)
  eden space 1091584K, 100% used [0x000000076b400000,0x00000007ade00000,0x00000007ade00000)
  from space 148480K, 0% used [0x00000007ade00000,0x00000007ade00000,0x00000007b6f00000)
  to   space 143360K, 0% used [0x00000007b7400000,0x00000007b7400000,0x00000007c0000000)
 ParOldGen       total 384512K, used 123841K [0x00000006c1c00000, 0x00000006d9380000, 0x000000076b400000)
  object space 384512K, 32% used [0x00000006c1c00000,0x00000006c94f0458,0x00000006d9380000)
 Metaspace       used 61420K, capacity 65210K, committed 65576K, reserved 1107968K
  class space    used 6773K, capacity 7353K, committed 7464K, reserved 1048576K
Event: 562.609 GC heap after
Heap after GC invocations=21 (full 5):
 PSYoungGen      total 1225728K, used 59327K [0x000000076b400000, 0x00000007bf200000, 0x00000007c0000000)
  eden space 1096704K, 0% used [0x000000076b400000,0x000000076b400000,0x00000007ae300000)
  from space 129024K, 45% used [0x00000007b7400000,0x00000007badefd38,0x00000007bf200000)
  to   space 138752K, 0% used [0x00000007ae300000,0x00000007ae300000,0x00000007b6a80000)
 ParOldGen       total 384512K, used 123849K [0x00000006c1c00000, 0x00000006d9380000, 0x000000076b400000)
  object space 384512K, 32% used [0x00000006c1c00000,0x00000006c94f2458,0x00000006d9380000)
 Metaspace       used 61420K, capacity 65210K, committed 65576K, reserved 1107968K
  class space    used 6773K, capacity 7353K, committed 7464K, reserved 1048576K
}
Event: 686.034 GC heap before
{Heap before GC invocations=22 (full 5):
 PSYoungGen      total 1225728K, used 1156031K [0x000000076b400000, 0x00000007bf200000, 0x00000007c0000000)
  eden space 1096704K, 100% used [0x000000076b400000,0x00000007ae300000,0x00000007ae300000)
  from space 129024K, 45% used [0x00000007b7400000,0x00000007badefd38,0x00000007bf200000)
  to   space 138752K, 0% used [0x00000007ae300000,0x00000007ae300000,0x00000007b6a80000)
 ParOldGen       total 384512K, used 123849K [0x00000006c1c00000, 0x00000006d9380000, 0x000000076b400000)
  object space 384512K, 32% used [0x00000006c1c00000,0x00000006c94f2458,0x00000006d9380000)
 Metaspace       used 61632K, capacity 65422K, committed 65576K, reserved 1107968K
  class space    used 6775K, capacity 7355K, committed 7464K, reserved 1048576K
Event: 686.085 GC heap after
Heap after GC invocations=22 (full 5):
 PSYoungGen      total 1235456K, used 138730K [0x000000076b400000, 0x00000007c0000000, 0x00000007c0000000)
  eden space 1096704K, 0% used [0x000000076b400000,0x000000076b400000,0x00000007ae300000)
  from space 138752K, 99% used [0x00000007ae300000,0x00000007b6a7a868,0x00000007b6a80000)
  to   space 153088K, 0% used [0x00000007b6a80000,0x00000007b6a80000,0x00000007c0000000)
 ParOldGen       total 384512K, used 157220K [0x00000006c1c00000, 0x00000006d9380000, 0x000000076b400000)
  object space 384512K, 40% used [0x00000006c1c00000,0x00000006cb589178,0x00000006d9380000)
 Metaspace       used 61632K, capacity 65422K, committed 65576K, reserved 1107968K
  class space    used 6775K, capacity 7355K, committed 7464K, reserved 1048576K
}

Deoptimization events (10 events):
Event: 785.086 Thread 0x00000000207cc800 Uncommon trap: reason=unstable_if action=reinterpret pc=0x000000000638dd10 method=java.awt.EventQueue.getPriority(Ljava/awt/AWTEvent;)I @ 22
Event: 785.088 Thread 0x00000000207cb000 Uncommon trap: reason=unstable_if action=reinterpret pc=0x00000000040e0b80 method=javax.swing.JButton.removeNotify()V @ 14
Event: 785.088 Thread 0x00000000207cb000 Uncommon trap: reason=class_check action=maybe_recompile pc=0x0000000005b8002c method=java.awt.KeyboardFocusManager.clearMostRecentFocusOwner(Ljava/awt/Component;)V @ 67
Event: 785.090 Thread 0x00000000207cb000 Uncommon trap: reason=unstable_if action=reinterpret pc=0x0000000005a65a50 method=javax.swing.JComponent.unregisterWithKeyboardManager()V @ 11
Event: 785.184 Thread 0x0000000020a07000 Uncommon trap: reason=class_check action=maybe_recompile pc=0x0000000004fa91cc method=jogamp.opengl.GLDrawableImpl.lockSurface()I @ 4
Event: 785.184 Thread 0x0000000020a07000 Uncommon trap: reason=unstable_if action=reinterpret pc=0x0000000004d2d960 method=jogamp.common.util.locks.RecursiveLockImpl01Unfairish$SingleThreadSync.isOwner(Ljava/lang/Thread;)Z @ 5
Event: 785.184 Thread 0x0000000020a07000 Uncommon trap: reason=unstable_if action=reinterpret pc=0x000000000465eaa0 method=jogamp.common.util.locks.RecursiveLockImpl01Unfairish$SingleThreadSync.isOwner(Ljava/lang/Thread;)Z @ 5
Event: 785.184 Thread 0x0000000020a07000 Uncommon trap: reason=class_check action=maybe_recompile pc=0x0000000004fa91cc method=jogamp.opengl.GLDrawableImpl.lockSurface()I @ 4
Event: 785.188 Thread 0x0000000020a07000 Uncommon trap: reason=unstable_if action=reinterpret pc=0x0000000004c7fc38 method=jogamp.common.util.locks.RecursiveLockImpl01Unfairish.unlock(Ljava/lang/Runnable;)V @ 34
Event: 785.307 Thread 0x00000000207cc800 Uncommon trap: reason=unstable_if action=reinterpret pc=0x00000000065d2a04 method=sun.java2d.d3d.D3DScreenUpdateManager.createGraphics(Lsun/java2d/SurfaceData;Lsun/awt/windows/WComponentPeer;Ljava/awt/Color;Ljava/awt/Color;Ljava/awt/Font;)Ljava/awt/Graphi

Classes redefined (0 events):
No events

Internal exceptions (10 events):
Event: 714.663 Thread 0x0000000020174800 Exception <a 'java/net/SocketTimeoutException': Read timed out> (0x0000000776785b98) thrown at [C:\re\workspace\8-2-build-windows-amd64-cygwin\jdk8u201\12322\hotspot\src\share\vm\prims\jni.cpp, line 735]
Event: 714.663 Thread 0x00000000207cc800 Implicit null exception at 0x00000000041ebce0 to 0x00000000041ec819
Event: 714.666 Thread 0x00000000207cc800 Implicit null exception at 0x0000000005e6b06e to 0x0000000005e6ce79
Event: 743.354 Thread 0x00000000207cc800 Exception <a 'java/lang/NullPointerException'> (0x000000077e8c2f70) thrown at [C:\re\workspace\8-2-build-windows-amd64-cygwin\jdk8u201\12322\hotspot\src\share\vm\interpreter\linkResolver.cpp, line 1185]
Event: 743.414 Thread 0x0000000020174800 Exception <a 'java/net/SocketTimeoutException': Read timed out> (0x000000077678a800) thrown at [C:\re\workspace\8-2-build-windows-amd64-cygwin\jdk8u201\12322\hotspot\src\share\vm\prims\jni.cpp, line 735]
Event: 743.421 Thread 0x00000000207cc800 Implicit null exception at 0x00000000034732d5 to 0x000000000347342d
Event: 766.224 Thread 0x00000000207cc800 Exception <a 'java/lang/NullPointerException'> (0x0000000786931f30) thrown at [C:\re\workspace\8-2-build-windows-amd64-cygwin\jdk8u201\12322\hotspot\src\share\vm\interpreter\linkResolver.cpp, line 1185]
Event: 766.272 Thread 0x0000000020174800 Exception <a 'java/net/SocketTimeoutException': Read timed out> (0x000000077678f470) thrown at [C:\re\workspace\8-2-build-windows-amd64-cygwin\jdk8u201\12322\hotspot\src\share\vm\prims\jni.cpp, line 735]
Event: 785.100 Thread 0x00000000207cb000 Exception <a 'java/lang/NoSuchMethodError': java.lang.Object.inspectorAlwaysOnTop()Z> (0x000000079c599348) thrown at [C:\re\workspace\8-2-build-windows-amd64-cygwin\jdk8u201\12322\hotspot\src\share\vm\interpreter\linkResolver.cpp, line 620]
Event: 785.102 Thread 0x00000000207cb000 Exception <a 'java/net/SocketTimeoutException': Read timed out> (0x000000079c59be48) thrown at [C:\re\workspace\8-2-build-windows-amd64-cygwin\jdk8u201\12322\hotspot\src\share\vm\prims\jni.cpp, line 735]

Events (10 events):
Event: 785.204 loading class jogamp/opengl/egl/EGLDisplayUtil$1 done
Event: 785.205 Executing VM operation: RevokeBias
Event: 785.205 Executing VM operation: RevokeBias done
Event: 785.205 Executing VM operation: RevokeBias
Event: 785.205 Executing VM operation: RevokeBias done
Event: 785.205 Thread 0x00000000209ff800 Thread exited: 0x00000000209ff800
Event: 785.301 Thread 0x00000000207c8000 Thread exited: 0x00000000207c8000
Event: 785.307 Thread 0x00000000207cc800 Uncommon trap: trap_request=0xffffff65 fr.pc=0x00000000065d2a04
Event: 785.307 Thread 0x00000000207cc800 DEOPT PACKING pc=0x00000000065d2a04 sp=0x00000000283eef50
Event: 785.307 Thread 0x00000000207cc800 DEOPT UNPACKING pc=0x000000000324583b sp=0x00000000283eee70 mode 2


Dynamic libraries:
0x00007ff688980000 - 0x00007ff6889b7000 	C:\Program Files\Java\jdk1.8.0_201\bin\java.exe
0x00007ffe8cb00000 - 0x00007ffe8cce1000 	C:\WINDOWS\SYSTEM32\ntdll.dll
0x00007ffe8c120000 - 0x00007ffe8c1d2000 	C:\WINDOWS\System32\KERNEL32.DLL
0x00007ffe88f20000 - 0x00007ffe89193000 	C:\WINDOWS\System32\KERNELBASE.dll
0x00007ffe8bfa0000 - 0x00007ffe8c041000 	C:\WINDOWS\System32\ADVAPI32.dll
0x00007ffe8a530000 - 0x00007ffe8a5ce000 	C:\WINDOWS\System32\msvcrt.dll
0x00007ffe8c350000 - 0x00007ffe8c3ab000 	C:\WINDOWS\System32\sechost.dll
0x00007ffe8a600000 - 0x00007ffe8a724000 	C:\WINDOWS\System32\RPCRT4.dll
0x00007ffe8c940000 - 0x00007ffe8cad0000 	C:\WINDOWS\System32\USER32.dll
0x00007ffe89af0000 - 0x00007ffe89b10000 	C:\WINDOWS\System32\win32u.dll
0x00007ffe8c890000 - 0x00007ffe8c8b8000 	C:\WINDOWS\System32\GDI32.dll
0x00007ffe89950000 - 0x00007ffe89ae2000 	C:\WINDOWS\System32\gdi32full.dll
0x00007ffe898b0000 - 0x00007ffe8994f000 	C:\WINDOWS\System32\msvcp_win.dll
0x00007ffe89d00000 - 0x00007ffe89dfa000 	C:\WINDOWS\System32\ucrtbase.dll
0x00007ffe796c0000 - 0x00007ffe79929000 	C:\WINDOWS\WinSxS\amd64_microsoft.windows.common-controls_6595b64144ccf1df_6.0.17134.590_none_fb3d9bff3069e088\COMCTL32.dll
0x00007ffe89f90000 - 0x00007ffe8a2b2000 	C:\WINDOWS\System32\combase.dll
0x00007ffe89e00000 - 0x00007ffe89e7a000 	C:\WINDOWS\System32\bcryptPrimitives.dll
0x00007ffe8a5d0000 - 0x00007ffe8a5fd000 	C:\WINDOWS\System32\IMM32.DLL
0x00007ffe87f00000 - 0x00007ffe87f31000 	C:\WINDOWS\SYSTEM32\ntmarta.dll
0x00007ffe88d40000 - 0x00007ffe88d70000 	C:\WINDOWS\SYSTEM32\SspiCli.dll
0x0000000067800000 - 0x00000000678d1000 	C:\Program Files\Java\jdk1.8.0_201\jre\bin\msvcr100.dll
0x0000000066f50000 - 0x00000000677f4000 	C:\Program Files\Java\jdk1.8.0_201\jre\bin\server\jvm.dll
0x00007ffe8c1e0000 - 0x00007ffe8c1e8000 	C:\WINDOWS\System32\PSAPI.DLL
0x00007ffe764f0000 - 0x00007ffe764f9000 	C:\WINDOWS\SYSTEM32\WSOCK32.dll
0x00007ffe8c0b0000 - 0x00007ffe8c11c000 	C:\WINDOWS\System32\WS2_32.dll
0x00007ffe84b60000 - 0x00007ffe84b83000 	C:\WINDOWS\SYSTEM32\WINMM.dll
0x00007ffe83540000 - 0x00007ffe8354a000 	C:\WINDOWS\SYSTEM32\VERSION.dll
0x00007ffe84b10000 - 0x00007ffe84b3a000 	C:\WINDOWS\SYSTEM32\WINMMBASE.dll
0x00007ffe88ed0000 - 0x00007ffe88f19000 	C:\WINDOWS\System32\cfgmgr32.dll
0x00007ffe7ad50000 - 0x00007ffe7ad5f000 	C:\Program Files\Java\jdk1.8.0_201\jre\bin\verify.dll
0x00007ffe78f30000 - 0x00007ffe78f59000 	C:\Program Files\Java\jdk1.8.0_201\jre\bin\java.dll
0x00007ffe70de0000 - 0x00007ffe70e03000 	C:\Program Files\Java\jdk1.8.0_201\jre\bin\instrument.dll
0x00007ffe76a40000 - 0x00007ffe76a56000 	C:\Program Files\Java\jdk1.8.0_201\jre\bin\zip.dll
0x00007ffe8ab60000 - 0x00007ffe8bfa0000 	C:\WINDOWS\System32\SHELL32.dll
0x00007ffe8a7d0000 - 0x00007ffe8a879000 	C:\WINDOWS\System32\shcore.dll
0x00007ffe891a0000 - 0x00007ffe898ad000 	C:\WINDOWS\System32\windows.storage.dll
0x00007ffe8c3b0000 - 0x00007ffe8c401000 	C:\WINDOWS\System32\shlwapi.dll
0x00007ffe88eb0000 - 0x00007ffe88ec1000 	C:\WINDOWS\System32\kernel.appcore.dll
0x00007ffe88e40000 - 0x00007ffe88e5f000 	C:\WINDOWS\System32\profapi.dll
0x00007ffe88e60000 - 0x00007ffe88eac000 	C:\WINDOWS\System32\powrprof.dll
0x00007ffe88e10000 - 0x00007ffe88e1a000 	C:\WINDOWS\System32\FLTLIB.DLL
0x00007ffe7a3f0000 - 0x00007ffe7a40a000 	C:\Program Files\JetBrains\IntelliJ IDEA Community Edition 2018.3.3\bin\breakgen64.dll
0x00007ffe76a20000 - 0x00007ffe76a3a000 	C:\Program Files\Java\jdk1.8.0_201\jre\bin\net.dll
0x00007ffe7b1f0000 - 0x00007ffe7b3b9000 	C:\WINDOWS\SYSTEM32\urlmon.dll
0x00007ffe79410000 - 0x00007ffe796b5000 	C:\WINDOWS\SYSTEM32\iertutil.dll
0x00007ffe88840000 - 0x00007ffe8884b000 	C:\WINDOWS\SYSTEM32\CRYPTBASE.DLL
0x00007ffe88690000 - 0x00007ffe886f6000 	C:\WINDOWS\system32\mswsock.dll
0x00007ffe70450000 - 0x00007ffe70474000 	C:\Program Files\Java\jdk1.8.0_201\jre\bin\sunec.dll
0x00007ffe88410000 - 0x00007ffe88448000 	C:\WINDOWS\SYSTEM32\IPHLPAPI.DLL
0x00007ffe8a880000 - 0x00007ffe8a888000 	C:\WINDOWS\System32\NSI.dll
0x00007ffe810a0000 - 0x00007ffe810b6000 	C:\WINDOWS\SYSTEM32\dhcpcsvc6.DLL
0x00007ffe81260000 - 0x00007ffe8127a000 	C:\WINDOWS\SYSTEM32\dhcpcsvc.DLL
0x00007ffe76a00000 - 0x00007ffe76a11000 	C:\Program Files\Java\jdk1.8.0_201\jre\bin\nio.dll
0x00007ffe88850000 - 0x00007ffe88867000 	C:\WINDOWS\SYSTEM32\CRYPTSP.dll
0x00007ffe88270000 - 0x00007ffe882a3000 	C:\WINDOWS\system32\rsaenh.dll
0x00007ffe88970000 - 0x00007ffe88995000 	C:\WINDOWS\SYSTEM32\bcrypt.dll
0x00007ffe88d10000 - 0x00007ffe88d38000 	C:\WINDOWS\SYSTEM32\USERENV.dll
0x00007ffe6e3a0000 - 0x00007ffe6e3e2000 	C:\Users\asus\AppData\Local\Temp\jna-3003984\jna3841809171689005253.dll
0x00007ffe60a60000 - 0x00007ffe60afc000 	C:\Users\asus\AppData\Local\Temp\jna-3003984\jna3737693074480048782.dll
0x00007ffe88450000 - 0x00007ffe8850e000 	C:\WINDOWS\SYSTEM32\DNSAPI.dll
0x00007ffe7c910000 - 0x00007ffe7c91a000 	C:\Windows\System32\rasadhlp.dll
0x00007ffe7cf10000 - 0x00007ffe7cf82000 	C:\WINDOWS\System32\fwpuclnt.dll
0x00007ffe510f0000 - 0x00007ffe51289000 	C:\Program Files\Java\jdk1.8.0_201\jre\bin\awt.dll
0x00007ffe8a2c0000 - 0x00007ffe8a383000 	C:\WINDOWS\System32\OLEAUT32.dll
0x00007ffe86450000 - 0x00007ffe864db000 	C:\WINDOWS\SYSTEM32\apphelp.dll
0x00007ffe86580000 - 0x00007ffe86618000 	C:\WINDOWS\system32\uxtheme.dll
0x00007ffe8a8f0000 - 0x00007ffe8aa63000 	C:\WINDOWS\System32\MSCTF.dll
0x00007ffe86fe0000 - 0x00007ffe87009000 	C:\WINDOWS\system32\dwmapi.dll
0x00007ffe8c1f0000 - 0x00007ffe8c341000 	C:\WINDOWS\System32\ole32.dll
0x00007ffe79df0000 - 0x00007ffe79dfb000 	C:\Program Files\Java\jdk1.8.0_201\jre\bin\sunmscapi.dll
0x00007ffe89b10000 - 0x00007ffe89cf2000 	C:\WINDOWS\System32\CRYPT32.dll
0x00007ffe88e20000 - 0x00007ffe88e32000 	C:\WINDOWS\System32\MSASN1.dll
0x00007ffe6d3f0000 - 0x00007ffe6d437000 	C:\Program Files\Java\jdk1.8.0_201\jre\bin\fontmanager.dll
0x00007ffe50b60000 - 0x00007ffe50c02000 	C:\Program Files\Java\jdk1.8.0_201\jre\bin\mlib_image.dll
0x00007ffe773d0000 - 0x00007ffe774f0000 	C:\WINDOWS\system32\opengl32.dll
0x00007ffe82690000 - 0x00007ffe826bc000 	C:\WINDOWS\SYSTEM32\GLU32.dll
0x00007ffe70330000 - 0x00007ffe7035a000 	C:\Program Files\Java\jdk1.8.0_201\jre\bin\dcpr.dll
0x00007ffe6a120000 - 0x00007ffe6a162000 	C:\Program Files\Java\jdk1.8.0_201\jre\bin\t2k.dll
0x00007ffe8a730000 - 0x00007ffe8a7d0000 	C:\WINDOWS\System32\clbcatq.dll
0x00007ffe83780000 - 0x00007ffe8392e000 	C:\WINDOWS\SYSTEM32\WindowsCodecs.dll
0x00007ffe6cbe0000 - 0x00007ffe6cc38000 	C:\WINDOWS\system32\dataexchange.dll
0x00007ffe85490000 - 0x00007ffe8579b000 	C:\WINDOWS\system32\d3d11.dll
0x00007ffe85d70000 - 0x00007ffe85f0c000 	C:\WINDOWS\system32\dcomp.dll
0x00007ffe87bd0000 - 0x00007ffe87c8b000 	C:\WINDOWS\system32\dxgi.dll
0x00007ffe870f0000 - 0x00007ffe872a8000 	C:\WINDOWS\system32\twinapi.appcore.dll
0x00007ffe870c0000 - 0x00007ffe870e9000 	C:\WINDOWS\system32\RMCLIENT.dll
0x00007ffe81420000 - 0x00007ffe814c8000 	C:\WINDOWS\SYSTEM32\mscms.dll
0x00007ffe84c50000 - 0x00007ffe84c60000 	C:\WINDOWS\SYSTEM32\ColorAdapterClient.dll
0x00007ffe68d30000 - 0x00007ffe68d73000 	C:\WINDOWS\SYSTEM32\icm32.dll
0x00007ffe77be0000 - 0x00007ffe77c76000 	C:\WINDOWS\System32\TextInputFramework.dll
0x00007ffe83210000 - 0x00007ffe8352e000 	C:\WINDOWS\System32\CoreUIComponents.dll
0x00007ffe86250000 - 0x00007ffe8632a000 	C:\WINDOWS\System32\CoreMessaging.dll
0x00007ffe844a0000 - 0x00007ffe845ed000 	C:\WINDOWS\SYSTEM32\wintypes.dll
0x00007ffe81820000 - 0x00007ffe8182b000 	C:\WINDOWS\SYSTEM32\WINNSI.DLL
0x00000000637c0000 - 0x00000000637cd000 	C:\Users\asus\AppData\Local\Temp\jogamp_0000\file_cache\jln3110241843380475945\jln516261556113313101\natives\windows-amd64\gluegen-rt.dll
0x00007ffe78ef0000 - 0x00007ffe78ef7000 	C:\Program Files\Java\jdk1.8.0_201\jre\bin\jawt.dll
0x000000006a440000 - 0x000000006a44d000 	C:\Users\asus\AppData\Local\Temp\jogamp_0000\file_cache\jln3110241843380475945\jln516261556113313101\natives\windows-amd64\nativewindow_awt.dll
0x000000006c100000 - 0x000000006c10f000 	C:\Users\asus\AppData\Local\Temp\jogamp_0000\file_cache\jln3110241843380475945\jln516261556113313101\natives\windows-amd64\nativewindow_win32.dll
0x0000000064500000 - 0x00000000645b1000 	C:\Users\asus\AppData\Local\Temp\jogamp_0000\file_cache\jln3110241843380475945\jln516261556113313101\natives\windows-amd64\jogl_desktop.dll
0x00007ffe671a0000 - 0x00007ffe671d1000 	C:\Program Files\Java\jdk1.8.0_201\jre\bin\jpeg.dll
0x00007ffe66890000 - 0x00007ffe668ce000 	C:\Program Files\Java\jdk1.8.0_201\jre\bin\lcms.dll
0x0000000064340000 - 0x00000000643a2000 	C:\Users\asus\AppData\Local\Temp\jogamp_0000\file_cache\jln3110241843380475945\jln516261556113313101\natives\windows-amd64\jogl_mobile.dll
0x00007ffe3ca80000 - 0x00007ffe3d96e000 	C:\WINDOWS\System32\DriverStore\FileRepository\igdlh64.inf_amd64_31ba00ea6900d67d\ig9icd64.dll
0x00007ffe7d7e0000 - 0x00007ffe7f6e1000 	C:\WINDOWS\System32\DriverStore\FileRepository\igdlh64.inf_amd64_31ba00ea6900d67d\igc64.dll
0x00007ffe7ad60000 - 0x00007ffe7ad6d000 	C:\Program Files\Java\jdk1.8.0_201\jre\bin\management.dll
0x00007ffe77020000 - 0x00007ffe7702c000 	C:\Program Files\Java\jdk1.8.0_201\jre\bin\jsound.dll
0x00007ffe769b0000 - 0x00007ffe769bb000 	C:\Program Files\Java\jdk1.8.0_201\jre\bin\jsoundds.dll
0x00007ffe50d70000 - 0x00007ffe50dff000 	C:\WINDOWS\SYSTEM32\DSOUND.dll
0x00007ffe81170000 - 0x00007ffe811e6000 	C:\WINDOWS\SYSTEM32\MMDevAPI.DLL
0x00007ffe88c20000 - 0x00007ffe88c47000 	C:\WINDOWS\SYSTEM32\DEVOBJ.dll
0x00007ffe86a00000 - 0x00007ffe86bb4000 	C:\WINDOWS\SYSTEM32\PROPSYS.dll
0x00007ffe4f800000 - 0x00007ffe4f844000 	C:\WINDOWS\SYSTEM32\wdmaud.drv
0x00007ffe82da0000 - 0x00007ffe82da9000 	C:\WINDOWS\SYSTEM32\ksuser.dll
0x00007ffe83b00000 - 0x00007ffe83b0a000 	C:\WINDOWS\SYSTEM32\AVRT.dll
0x00007ffe73130000 - 0x00007ffe7325c000 	C:\WINDOWS\SYSTEM32\AUDIOSES.DLL
0x00007ffe79a20000 - 0x00007ffe79a2d000 	C:\WINDOWS\SYSTEM32\msacm32.drv
0x00007ffe70be0000 - 0x00007ffe70bfc000 	C:\WINDOWS\SYSTEM32\MSACM32.dll
0x00007ffe78ff0000 - 0x00007ffe78ffa000 	C:\WINDOWS\SYSTEM32\midimap.dll
0x00007ffe83550000 - 0x00007ffe835b4000 	C:\WINDOWS\system32\Ninput.dll
0x00007ffe87810000 - 0x00007ffe879d9000 	C:\WINDOWS\SYSTEM32\dbghelp.dll

VM Arguments:
jvm_args: -ea -javaagent:C:\Program Files\JetBrains\IntelliJ IDEA Community Edition 2018.3.3\lib\idea_rt.jar=63079:C:\Program Files\JetBrains\IntelliJ IDEA Community Edition 2018.3.3\bin -Dfile.encoding=UTF-8 
java_command: net.runelite.client.RuneLite --debug --developer-mode
java_class_path (initial): C:\Program Files\Java\jdk1.8.0_201\jre\lib\charsets.jar;C:\Program Files\Java\jdk1.8.0_201\jre\lib\deploy.jar;C:\Program Files\Java\jdk1.8.0_201\jre\lib\ext\access-bridge-64.jar;C:\Program Files\Java\jdk1.8.0_201\jre\lib\ext\cldrdata.jar;C:\Program Files\Java\jdk1.8.0_201\jre\lib\ext\dnsns.jar;C:\Program Files\Java\jdk1.8.0_201\jre\lib\ext\jaccess.jar;C:\Program Files\Java\jdk1.8.0_201\jre\lib\ext\jfxrt.jar;C:\Program Files\Java\jdk1.8.0_201\jre\lib\ext\localedata.jar;C:\Program Files\Java\jdk1.8.0_201\jre\lib\ext\nashorn.jar;C:\Program Files\Java\jdk1.8.0_201\jre\lib\ext\sunec.jar;C:\Program Files\Java\jdk1.8.0_201\jre\lib\ext\sunjce_provider.jar;C:\Program Files\Java\jdk1.8.0_201\jre\lib\ext\sunmscapi.jar;C:\Program Files\Java\jdk1.8.0_201\jre\lib\ext\sunpkcs11.jar;C:\Program Files\Java\jdk1.8.0_201\jre\lib\ext\zipfs.jar;C:\Program Files\Java\jdk1.8.0_201\jre\lib\javaws.jar;C:\Program Files\Java\jdk1.8.0_201\jre\lib\jce.jar;C:\Program Files\Java\jdk1.8.0_201\jre\lib\jfr.jar;C:\Program Files\Java\jdk1.8.0_201\jre\lib\jfxswt.jar;C:\Program Files\Java\jdk1.8.0_201\jre\lib\jsse.jar;C:\Program Files\Java\jdk1.8.0_201\jre\lib\management-agent.jar;C:\Program Files\Java\jdk1.8.0_201\jre\lib\plugin.jar;C:\Program Files\Java\jdk1.8.0_201\jre\lib\resources.jar;C:\Program Files\Java\jdk1.8.0_201\jre\lib\rt.jar;C:\Users\asus\runelite\runelite-client\target\classes;C:\Users\asus\.m2\repository\org\slf4j\slf4j-api\1.7.25\slf4j-api-1.7.25.jar;C:\Users\asus\.m2\repository\ch\qos\logback\logback-classic\1.2.3\logback-classic-1.2.3.jar;C:\Users\asus\.m2\repository\ch\qos\logback\logback-core\1.2.3\logback-core-1.2.3.jar;C:\Users\asus\.m2\repository\net\sf\jopt-simple\jopt-simple\5.0.1\jopt-simple-5.0.1.jar;C:\Users\asus\.m2\repository\com\google\guava\guava\23.2-jre\guava-23.2-jre.jar;C:\Users\asus\.m2\repository\com\google\code\findbugs\jsr305\1.3.9\jsr305-1.3.9.jar;C:\Users\asus\.m2\repository\com\google\errorprone\error_prone_annotations\2.0.18\error_
Launcher Type: SUN_STANDARD

Environment Variables:
PATH=C:\Program Files (x86)\Common Files\Oracle\Java\javapath;C:\Program Files (x86)\Intel\iCLS Client\;C:\Program Files\Intel\iCLS Client\;C:\Windows\system32;C:\Windows;C:\Windows\System32\Wbem;C:\Windows\System32\WindowsPowerShell\v1.0\;C:\Program Files (x86)\NVIDIA Corporation\PhysX\Common;C:\Program Files (x86)\Intel\Intel(R) Management Engine Components\DAL;C:\Program Files\Intel\Intel(R) Management Engine Components\DAL;C:\Program Files (x86)\Intel\Intel(R) Management Engine Components\IPT;C:\Program Files\Intel\Intel(R) Management Engine Components\IPT;C:\WINDOWS\system32;C:\WINDOWS;C:\WINDOWS\System32\Wbem;C:\WINDOWS\System32\WindowsPowerShell\v1.0\;C:\WINDOWS\System32\OpenSSH\;C:\Documents\PuTTY\;C:\Program Files\Intel\WiFi\bin\;C:\Program Files\Common Files\Intel\WirelessCommon\;C:\cygwin\bin;C:\Program Files\Git\cmd;C:\Users\asus\AppData\Local\Microsoft\WindowsApps;C:\Users\asus\AppData\Local\GitHubDesktop\bin
USERNAME=asus
OS=Windows_NT
PROCESSOR_IDENTIFIER=Intel64 Family 6 Model 158 Stepping 9, GenuineIntel



---------------  S Y S T E M  ---------------

OS: Windows 10.0 , 64 bit Build 17134 (10.0.17134.556)

CPU:total 8 (initial active 8) (4 cores per cpu, 2 threads per core) family 6 model 158 stepping 9, cmov, cx8, fxsr, mmx, sse, sse2, sse3, ssse3, sse4.1, sse4.2, popcnt, avx, avx2, aes, clmul, erms, 3dnowpref, lzcnt, ht, tsc, tscinvbit, bmi1, bmi2, adx

Memory: 4k page, physical 16659216k(6289188k free), swap 20215160k(3177232k free)

vm_info: Java HotSpot(TM) 64-Bit Server VM (25.201-b09) for windows-amd64 JRE (1.8.0_201-b09), built on Dec 15 2018 18:36:39 by "java_re" with MS VC++ 10.0 (VS2010)

time: Thu Feb 28 01:20:32 2019
timezone: Eastern Standard Time
elapsed time: 785 seconds (0d 0h 13m 5s)

