#
# A fatal error has been detected by the Java Runtime Environment:
#
#  EXCEPTION_ACCESS_VIOLATION (0xc0000005) at pc=0x00007ffe3e0a0e0e, pid=11524, tid=0x0000000000002a2c
#
# JRE version: Java(TM) SE Runtime Environment (8.0_201-b09) (build 1.8.0_201-b09)
# Java VM: Java HotSpot(TM) 64-Bit Server VM (25.201-b09 mixed mode windows-amd64 compressed oops)
# Problematic frame:
# C  [ig9icd64.dll+0x190e0e]
#
# Failed to write core dump. Minidumps are not enabled by default on client versions of Windows
#
# If you would like to submit a bug report, please visit:
#   http://bugreport.java.com/bugreport/crash.jsp
# The crash happened outside the Java Virtual Machine in native code.
# See problematic frame for where to report the bug.
#

---------------  T H R E A D  ---------------

Current thread (0x000000001fbd0000):  JavaThread "Thread-5" daemon [_thread_in_native, id=10796, stack(0x0000000027d70000,0x0000000027e70000)]

siginfo: ExceptionCode=0xc0000005, reading address 0x0000000000000008

Registers:
RAX=0x0000000000000000, RBX=0x00007ffe3e3f9290, RCX=0x000000002a47d920, RDX=0x00000000333b6240
RSP=0x0000000027e6e460, RBP=0x0000000027e6e6d0, RSI=0x0000000027e6e690, RDI=0x0000000000000000
R8 =0x0000000009770000, R9 =0x0000000000000000, R10=0x0000000027e6e810, R11=0x0000000027e6e5f8
R12=0x0000000000000007, R13=0x0000000000000000, R14=0x0000000027e6e960, R15=0x0000000027e6e710
RIP=0x00007ffe3e0a0e0e, EFLAGS=0x0000000000010246

Top of Stack: (sp=0x0000000027e6e460)
0x0000000027e6e460:   00000000334923a0 00000000333b6240
0x0000000027e6e470:   000000002483cf90 0000000027e6e588
0x0000000027e6e480:   0000000000000000 0000000027e6e6d0
0x0000000027e6e490:   0000000027e6e4c0 0000000027e6e500
0x0000000027e6e4a0:   0000000027e6e548 0000000027e6e4d0
0x0000000027e6e4b0:   0000000027e6e568 0000000027e6e4e0
0x0000000027e6e4c0:   0000000027e6e700 0000000027e6e5c0
0x0000000027e6e4d0:   0000000000000ef8 000000002a459100
0x0000000027e6e4e0:   0000000000eb0f60 0000000000eb0f60
0x0000000027e6e4f0:   000000002a458e20 00007ffe3e82165c
0x0000000027e6e500:   0000000000eafb70 0000000035c0b1b0
0x0000000027e6e510:   0000000000eb0f60 0000000024873e50
0x0000000027e6e520:   0000000027e6e710 0000000027e6e810
0x0000000027e6e530:   00000000338bcc10 00000000338bcc10
0x0000000027e6e540:   0000000000000000 0000000035c0b1b0
0x0000000027e6e550:   0000000027e6e5a9 00007ffe3df566d6 

Instructions: (pc=0x00007ffe3e0a0e0e)
0x00007ffe3e0a0dee:   48 85 c9 74 06 48 8b 41 20 eb 15 48 8b 80 98 00
0x00007ffe3e0a0dfe:   00 00 48 85 c0 74 06 48 8b 40 20 eb 03 48 8b c7
0x00007ffe3e0a0e0e:   48 8b 48 08 48 85 c9 74 54 81 79 14 5d 01 00 00
0x00007ffe3e0a0e1e:   75 4b 81 26 ff ff 97 f6 81 0e 00 00 94 06 8b 81 


Register to memory mapping:

RAX=0x0000000000000000 is an unknown value
RBX=0x00007ffe3e3f9290 is an unknown value
RCX=0x000000002a47d920 is an unknown value
RDX=0x00000000333b6240 is an unknown value
RSP=0x0000000027e6e460 is pointing into the stack for thread: 0x000000001fbd0000
RBP=0x0000000027e6e6d0 is pointing into the stack for thread: 0x000000001fbd0000
RSI=0x0000000027e6e690 is pointing into the stack for thread: 0x000000001fbd0000
RDI=0x0000000000000000 is an unknown value
R8 =0x0000000009770000 is an unknown value
R9 =0x0000000000000000 is an unknown value
R10=0x0000000027e6e810 is pointing into the stack for thread: 0x000000001fbd0000
R11=0x0000000027e6e5f8 is pointing into the stack for thread: 0x000000001fbd0000
R12=0x0000000000000007 is an unknown value
R13=0x0000000000000000 is an unknown value
R14=0x0000000027e6e960 is pointing into the stack for thread: 0x000000001fbd0000
R15=0x0000000027e6e710 is pointing into the stack for thread: 0x000000001fbd0000


Stack: [0x0000000027d70000,0x0000000027e70000],  sp=0x0000000027e6e460,  free space=1017k
Native frames: (J=compiled Java code, j=interpreted, Vv=VM code, C=native code)
C  [ig9icd64.dll+0x190e0e]
C  [ig9icd64.dll+0x4a0cbd]
C  [ig9icd64.dll+0x4a4d27]
C  [ig9icd64.dll+0x398298]
C  [ig9icd64.dll+0x353cc5]
C  [ig9icd64.dll+0x152415]
C  [ig9icd64.dll+0x143304]
C  [ig9icd64.dll+0x13ff36]
C  0x0000000003adb717

Java frames: (J=compiled Java code, j=interpreted, Vv=VM code)
J 6949  jogamp.opengl.gl4.GL4bcImpl.dispatch_glTexSubImage2D1(IIIIIIIILjava/lang/Object;IZJ)V (0 bytes) @ 0x0000000003adb699 [0x0000000003adb600+0x99]
J 11419 C2 net.runelite.client.plugins.gpu.GpuPlugin.drawUi(II)V (561 bytes) @ 0x0000000004c8b138 [0x0000000004c8ac80+0x4b8]
J 9496 C2 net.runelite.client.plugins.gpu.GpuPlugin.draw()V (2777 bytes) @ 0x0000000004e190d8 [0x0000000004e16dc0+0x2318]
J 11393 C2 ah.p(Ljava/lang/Object;I)V (136 bytes) @ 0x000000000486ddd0 [0x000000000486dd60+0x70]
j  ah.run()V+380
j  java.lang.Thread.run()V+11
v  ~StubRoutines::call_stub

---------------  P R O C E S S  ---------------

Java Threads: ( => current thread )
  0x000000003e2fa000 JavaThread "Okio Watchdog" daemon [_thread_blocked, id=5160, stack(0x00000000632f0000,0x00000000633f0000)]
  0x000000001fbce800 JavaThread "Thread-20" daemon [_thread_blocked, id=20808, stack(0x0000000038e10000,0x0000000038f10000)]
  0x000000001fbd1800 JavaThread "Thread-19" daemon [_thread_in_native, id=11512, stack(0x0000000038d10000,0x0000000038e10000)]
  0x000000002133b800 JavaThread "Thread-18" daemon [_thread_blocked, id=18016, stack(0x0000000038a10000,0x0000000038b10000)]
  0x000000002133b000 JavaThread "pool-5-thread-1" [_thread_in_native, id=18616, stack(0x0000000038910000,0x0000000038a10000)]
  0x000000002133a000 JavaThread "Java Sound Event Dispatcher" daemon [_thread_blocked, id=3044, stack(0x0000000038610000,0x0000000038710000)]
  0x0000000021331000 JavaThread "DestroyJavaVM" [_thread_blocked, id=7308, stack(0x00000000028f0000,0x00000000029f0000)]
  0x0000000021330000 JavaThread "TimerQueue" daemon [_thread_blocked, id=15552, stack(0x0000000029870000,0x0000000029970000)]
  0x0000000021336800 JavaThread "pool-4-thread-1" [_thread_blocked, id=7360, stack(0x0000000029370000,0x0000000029470000)]
  0x000000002132e800 JavaThread "Thread-12" daemon [_thread_blocked, id=20676, stack(0x0000000029270000,0x0000000029370000)]
  0x0000000021335000 JavaThread "Trident pulse source thread" daemon [_thread_blocked, id=19944, stack(0x0000000028770000,0x0000000028870000)]
  0x0000000021334000 JavaThread "Trident callback thread" daemon [_thread_blocked, id=20228, stack(0x0000000028670000,0x0000000028770000)]
  0x0000000021332800 JavaThread "Substance heap status" daemon [_thread_blocked, id=11912, stack(0x0000000028370000,0x0000000028470000)]
  0x0000000021333800 JavaThread "Thread-6" daemon [_thread_blocked, id=7296, stack(0x0000000028070000,0x0000000028170000)]
=>0x000000001fbd0000 JavaThread "Thread-5" daemon [_thread_in_native, id=10796, stack(0x0000000027d70000,0x0000000027e70000)]
  0x000000001fbcd800 JavaThread "Thread-4" daemon [_thread_blocked, id=20408, stack(0x0000000027c70000,0x0000000027d70000)]
  0x000000001fbcd000 JavaThread "AWT-EventQueue-0" [_thread_blocked, id=9972, stack(0x00000000271a0000,0x00000000272a0000)]
  0x000000001fbcb800 JavaThread "AWT-Shutdown" [_thread_blocked, id=21220, stack(0x00000000270a0000,0x00000000271a0000)]
  0x000000001fbcf000 JavaThread "Java2D Disposer" daemon [_thread_blocked, id=18520, stack(0x00000000246d0000,0x00000000247d0000)]
  0x000000001fbcc000 JavaThread "OkHttp ConnectionPool" daemon [_thread_blocked, id=13212, stack(0x0000000021ad0000,0x0000000021bd0000)]
  0x000000001fb81000 JavaThread "pool-2-thread-1" [_thread_blocked, id=18148, stack(0x0000000020700000,0x0000000020800000)]
  0x000000001e778000 JavaThread "Service Thread" daemon [_thread_blocked, id=15272, stack(0x000000001f280000,0x000000001f380000)]
  0x000000001e6ec800 JavaThread "C1 CompilerThread3" daemon [_thread_blocked, id=6892, stack(0x000000001f180000,0x000000001f280000)]
  0x000000001e6e0000 JavaThread "C2 CompilerThread2" daemon [_thread_blocked, id=5680, stack(0x000000001f080000,0x000000001f180000)]
  0x000000001e6db000 JavaThread "C2 CompilerThread1" daemon [_thread_blocked, id=11824, stack(0x000000001ef80000,0x000000001f080000)]
  0x000000001e6d9000 JavaThread "C2 CompilerThread0" daemon [_thread_blocked, id=8380, stack(0x000000001ee80000,0x000000001ef80000)]
  0x000000001e66f800 JavaThread "Monitor Ctrl-Break" daemon [_thread_in_native, id=20576, stack(0x000000001ed80000,0x000000001ee80000)]
  0x000000001e4cb800 JavaThread "Attach Listener" daemon [_thread_blocked, id=1644, stack(0x000000001ec80000,0x000000001ed80000)]
  0x000000001e4cb000 JavaThread "Signal Dispatcher" daemon [_thread_blocked, id=1304, stack(0x000000001eb80000,0x000000001ec80000)]
  0x000000001e4b1000 JavaThread "Finalizer" daemon [_thread_blocked, id=7376, stack(0x000000001e990000,0x000000001ea90000)]
  0x000000001e4b0800 JavaThread "Reference Handler" daemon [_thread_blocked, id=9876, stack(0x000000001e890000,0x000000001e990000)]

Other Threads:
  0x000000001c6b8800 VMThread [stack: 0x000000001e390000,0x000000001e490000] [id=21188]
  0x000000001e85b800 WatcherThread [stack: 0x000000001f380000,0x000000001f480000] [id=17460]

VM state:not at safepoint (normal execution)

VM Mutex/Monitor currently owned by a thread: None

heap address: 0x00000006c1c00000, size: 4068 MB, Compressed Oops mode: Zero based, Oop shift amount: 3
Narrow klass base: 0x0000000000000000, Narrow klass shift: 3
Compressed class space size: 1073741824 Address: 0x00000007c0000000

Heap:
 PSYoungGen      total 1102336K, used 859366K [0x000000076b400000, 0x00000007b4100000, 0x00000007c0000000)
  eden space 1070592K, 77% used [0x000000076b400000,0x000000079dd13b90,0x00000007ac980000)
  from space 31744K, 97% used [0x00000007aed00000,0x00000007b0b25f60,0x00000007b0c00000)
  to   space 36352K, 0% used [0x00000007ac980000,0x00000007ac980000,0x00000007aed00000)
 ParOldGen       total 212480K, used 93654K [0x00000006c1c00000, 0x00000006ceb80000, 0x000000076b400000)
  object space 212480K, 44% used [0x00000006c1c00000,0x00000006c77758d0,0x00000006ceb80000)
 Metaspace       used 60150K, capacity 63818K, committed 64000K, reserved 1105920K
  class space    used 6705K, capacity 7305K, committed 7424K, reserved 1048576K

Card table byte_map: [0x0000000012060000,0x0000000012860000] byte_map_base: 0x000000000ea52000

Marking Bits: (ParMarkBitMap*) 0x0000000067774ce0
 Begin Bits: [0x00000000135b0000, 0x0000000017540000)
 End Bits:   [0x0000000017540000, 0x000000001b4d0000)

Polling page: 0x0000000000d90000

CodeCache: size=245760Kb used=41397Kb max_used=41522Kb free=204362Kb
 bounds [0x0000000002ca0000, 0x0000000005560000, 0x0000000011ca0000]
 total_blobs=10335 nmethods=9207 adapters=1038
 compilation: enabled

Compilation events (10 events):
Event: 395.938 Thread 0x000000001e6ec800 11982       3       sun.security.jca.GetInstance::getServices (11 bytes)
Event: 395.939 Thread 0x000000001e6ec800 nmethod 11982 0x0000000003560850 code [0x0000000003560a00, 0x00000000035611c8]
Event: 395.941 Thread 0x000000001e6db000 11983       4       java.util.concurrent.locks.LockSupport::unpark (12 bytes)
Event: 395.942 Thread 0x000000001e6db000 nmethod 11983 0x0000000003c0f750 code [0x0000000003c0f8a0, 0x0000000003c0f928]
Event: 396.044 Thread 0x000000001e6ec800 11984       3       java.util.concurrent.CopyOnWriteArrayList::contains (22 bytes)
Event: 396.044 Thread 0x000000001e6ec800 nmethod 11984 0x0000000003560390 code [0x0000000003560500, 0x0000000003560788]
Event: 396.061 Thread 0x000000001e6ec800 11985       3       java.lang.StringBuilder::append (8 bytes)
Event: 396.062 Thread 0x000000001e6ec800 nmethod 11985 0x0000000004f9a810 code [0x0000000004f9a980, 0x0000000004f9ab08]
Event: 396.064 Thread 0x000000001e6ec800 11986       3       java.lang.AbstractStringBuilder::append (191 bytes)
Event: 396.066 Thread 0x000000001e6ec800 nmethod 11986 0x0000000005525c90 code [0x0000000005525e80, 0x00000000055268b8]

GC Heap History (10 events):
Event: 8.725 GC heap before
{Heap before GC invocations=11 (full 1):
 PSYoungGen      total 537600K, used 172483K [0x000000076b400000, 0x00000007a0280000, 0x00000007c0000000)
  eden space 523776K, 32% used [0x000000076b400000,0x0000000775c70c38,0x000000078b380000)
  from space 13824K, 0% used [0x000000078b380000,0x000000078b380000,0x000000078c100000)
  to   space 14336K, 0% used [0x000000079f480000,0x000000079f480000,0x00000007a0280000)
 ParOldGen       total 88576K, used 10295K [0x00000006c1c00000, 0x00000006c7280000, 0x000000076b400000)
  object space 88576K, 11% used [0x00000006c1c00000,0x00000006c260de90,0x00000006c7280000)
 Metaspace       used 34513K, capacity 35012K, committed 35416K, reserved 1081344K
  class space    used 4044K, capacity 4197K, committed 4224K, reserved 1048576K
Event: 8.747 GC heap after
Heap after GC invocations=11 (full 1):
 PSYoungGen      total 799232K, used 13222K [0x000000076b400000, 0x00000007a0180000, 0x00000007c0000000)
  eden space 785920K, 0% used [0x000000076b400000,0x000000076b400000,0x000000079b380000)
  from space 13312K, 99% used [0x000000079f480000,0x00000007a01699a0,0x00000007a0180000)
  to   space 15360K, 0% used [0x000000079e380000,0x000000079e380000,0x000000079f280000)
 ParOldGen       total 88576K, used 10303K [0x00000006c1c00000, 0x00000006c7280000, 0x000000076b400000)
  object space 88576K, 11% used [0x00000006c1c00000,0x00000006c260fe90,0x00000006c7280000)
 Metaspace       used 34513K, capacity 35012K, committed 35416K, reserved 1081344K
  class space    used 4044K, capacity 4197K, committed 4224K, reserved 1048576K
}
Event: 8.747 GC heap before
{Heap before GC invocations=12 (full 2):
 PSYoungGen      total 799232K, used 13222K [0x000000076b400000, 0x00000007a0180000, 0x00000007c0000000)
  eden space 785920K, 0% used [0x000000076b400000,0x000000076b400000,0x000000079b380000)
  from space 13312K, 99% used [0x000000079f480000,0x00000007a01699a0,0x00000007a0180000)
  to   space 15360K, 0% used [0x000000079e380000,0x000000079e380000,0x000000079f280000)
 ParOldGen       total 88576K, used 10303K [0x00000006c1c00000, 0x00000006c7280000, 0x000000076b400000)
  object space 88576K, 11% used [0x00000006c1c00000,0x00000006c260fe90,0x00000006c7280000)
 Metaspace       used 34513K, capacity 35012K, committed 35416K, reserved 1081344K
  class space    used 4044K, capacity 4197K, committed 4224K, reserved 1048576K
Event: 8.846 GC heap after
Heap after GC invocations=12 (full 2):
 PSYoungGen      total 799232K, used 0K [0x000000076b400000, 0x00000007a0180000, 0x00000007c0000000)
  eden space 785920K, 0% used [0x000000076b400000,0x000000076b400000,0x000000079b380000)
  from space 13312K, 0% used [0x000000079f480000,0x000000079f480000,0x00000007a0180000)
  to   space 15360K, 0% used [0x000000079e380000,0x000000079e380000,0x000000079f280000)
 ParOldGen       total 124928K, used 22321K [0x00000006c1c00000, 0x00000006c9600000, 0x000000076b400000)
  object space 124928K, 17% used [0x00000006c1c00000,0x00000006c31cc6c0,0x00000006c9600000)
 Metaspace       used 34513K, capacity 35012K, committed 35416K, reserved 1081344K
  class space    used 4044K, capacity 4197K, committed 4224K, reserved 1048576K
}
Event: 29.154 GC heap before
{Heap before GC invocations=13 (full 2):
 PSYoungGen      total 799232K, used 432589K [0x000000076b400000, 0x00000007a0180000, 0x00000007c0000000)
  eden space 785920K, 55% used [0x000000076b400000,0x0000000785a734a8,0x000000079b380000)
  from space 13312K, 0% used [0x000000079f480000,0x000000079f480000,0x00000007a0180000)
  to   space 15360K, 0% used [0x000000079e380000,0x000000079e380000,0x000000079f280000)
 ParOldGen       total 124928K, used 22321K [0x00000006c1c00000, 0x00000006c9600000, 0x000000076b400000)
  object space 124928K, 17% used [0x00000006c1c00000,0x00000006c31cc6c0,0x00000006c9600000)
 Metaspace       used 55438K, capacity 58900K, committed 59008K, reserved 1101824K
  class space    used 6458K, capacity 7004K, committed 7040K, reserved 1048576K
Event: 29.184 GC heap after
Heap after GC invocations=13 (full 2):
 PSYoungGen      total 850432K, used 15348K [0x000000076b400000, 0x00000007b0c00000, 0x00000007c0000000)
  eden space 835072K, 0% used [0x000000076b400000,0x000000076b400000,0x000000079e380000)
  from space 15360K, 99% used [0x000000079e380000,0x000000079f27d3b0,0x000000079f280000)
  to   space 31744K, 0% used [0x00000007aed00000,0x00000007aed00000,0x00000007b0c00000)
 ParOldGen       total 124928K, used 62902K [0x00000006c1c00000, 0x00000006c9600000, 0x000000076b400000)
  object space 124928K, 50% used [0x00000006c1c00000,0x00000006c596db18,0x00000006c9600000)
 Metaspace       used 55438K, capacity 58900K, committed 59008K, reserved 1101824K
  class space    used 6458K, capacity 7004K, committed 7040K, reserved 1048576K
}
Event: 29.184 GC heap before
{Heap before GC invocations=14 (full 3):
 PSYoungGen      total 850432K, used 15348K [0x000000076b400000, 0x00000007b0c00000, 0x00000007c0000000)
  eden space 835072K, 0% used [0x000000076b400000,0x000000076b400000,0x000000079e380000)
  from space 15360K, 99% used [0x000000079e380000,0x000000079f27d3b0,0x000000079f280000)
  to   space 31744K, 0% used [0x00000007aed00000,0x00000007aed00000,0x00000007b0c00000)
 ParOldGen       total 124928K, used 62902K [0x00000006c1c00000, 0x00000006c9600000, 0x000000076b400000)
  object space 124928K, 50% used [0x00000006c1c00000,0x00000006c596db18,0x00000006c9600000)
 Metaspace       used 55438K, capacity 58900K, committed 59008K, reserved 1101824K
  class space    used 6458K, capacity 7004K, committed 7040K, reserved 1048576K
Event: 29.458 GC heap after
Heap after GC invocations=14 (full 3):
 PSYoungGen      total 850432K, used 0K [0x000000076b400000, 0x00000007b0c00000, 0x00000007c0000000)
  eden space 835072K, 0% used [0x000000076b400000,0x000000076b400000,0x000000079e380000)
  from space 15360K, 0% used [0x000000079e380000,0x000000079e380000,0x000000079f280000)
  to   space 31744K, 0% used [0x00000007aed00000,0x00000007aed00000,0x00000007b0c00000)
 ParOldGen       total 212480K, used 73190K [0x00000006c1c00000, 0x00000006ceb80000, 0x000000076b400000)
  object space 212480K, 34% used [0x00000006c1c00000,0x00000006c6379b60,0x00000006ceb80000)
 Metaspace       used 55438K, capacity 58900K, committed 59008K, reserved 1101824K
  class space    used 6458K, capacity 7004K, committed 7040K, reserved 1048576K
}
Event: 187.320 GC heap before
{Heap before GC invocations=15 (full 3):
 PSYoungGen      total 850432K, used 835072K [0x000000076b400000, 0x00000007b0c00000, 0x00000007c0000000)
  eden space 835072K, 100% used [0x000000076b400000,0x000000079e380000,0x000000079e380000)
  from space 15360K, 0% used [0x000000079e380000,0x000000079e380000,0x000000079f280000)
  to   space 31744K, 0% used [0x00000007aed00000,0x00000007aed00000,0x00000007b0c00000)
 ParOldGen       total 212480K, used 73190K [0x00000006c1c00000, 0x00000006ceb80000, 0x000000076b400000)
  object space 212480K, 34% used [0x00000006c1c00000,0x00000006c6379b60,0x00000006ceb80000)
 Metaspace       used 59493K, capacity 63184K, committed 63360K, reserved 1105920K
  class space    used 6689K, capacity 7268K, committed 7296K, reserved 1048576K
Event: 187.352 GC heap after
Heap after GC invocations=15 (full 3):
 PSYoungGen      total 1102336K, used 30871K [0x000000076b400000, 0x00000007b4100000, 0x00000007c0000000)
  eden space 1070592K, 0% used [0x000000076b400000,0x000000076b400000,0x00000007ac980000)
  from space 31744K, 97% used [0x00000007aed00000,0x00000007b0b25f60,0x00000007b0c00000)
  to   space 36352K, 0% used [0x00000007ac980000,0x00000007ac980000,0x00000007aed00000)
 ParOldGen       total 212480K, used 93654K [0x00000006c1c00000, 0x00000006ceb80000, 0x000000076b400000)
  object space 212480K, 44% used [0x00000006c1c00000,0x00000006c77758d0,0x00000006ceb80000)
 Metaspace       used 59493K, capacity 63184K, committed 63360K, reserved 1105920K
  class space    used 6689K, capacity 7268K, committed 7296K, reserved 1048576K
}

Deoptimization events (10 events):
Event: 395.402 Thread 0x000000001fbcd000 Uncommon trap: reason=class_check action=maybe_recompile pc=0x00000000052ceaf4 method=java.awt.Container.dispatchEventImpl(Ljava/awt/AWTEvent;)V @ 34
Event: 395.424 Thread 0x000000001fbcd000 Uncommon trap: reason=class_check action=maybe_recompile pc=0x00000000052ceaf4 method=java.awt.Container.dispatchEventImpl(Ljava/awt/AWTEvent;)V @ 34
Event: 395.438 Thread 0x000000001fbcd000 Uncommon trap: reason=class_check action=maybe_recompile pc=0x00000000052ceaf4 method=java.awt.Container.dispatchEventImpl(Ljava/awt/AWTEvent;)V @ 34
Event: 395.941 Thread 0x000000001fbcd000 Uncommon trap: reason=class_check action=maybe_recompile pc=0x00000000040f5c60 method=java.util.HashSet.remove(Ljava/lang/Object;)Z @ 5
Event: 396.056 Thread 0x0000000021337000 Uncommon trap: reason=class_check action=maybe_recompile pc=0x0000000004ab58cc method=jogamp.opengl.GLDrawableImpl.lockSurface()I @ 4
Event: 396.056 Thread 0x0000000021337000 Uncommon trap: reason=unstable_if action=reinterpret pc=0x0000000004b850a0 method=jogamp.common.util.locks.RecursiveLockImpl01Unfairish$SingleThreadSync.isOwner(Ljava/lang/Thread;)Z @ 5
Event: 396.056 Thread 0x0000000021337000 Uncommon trap: reason=unstable_if action=reinterpret pc=0x0000000003bcaae0 method=jogamp.common.util.locks.RecursiveLockImpl01Unfairish$SingleThreadSync.isOwner(Ljava/lang/Thread;)Z @ 5
Event: 396.056 Thread 0x0000000021337000 Uncommon trap: reason=class_check action=maybe_recompile pc=0x0000000004ab58cc method=jogamp.opengl.GLDrawableImpl.lockSurface()I @ 4
Event: 396.061 Thread 0x0000000021337000 Uncommon trap: reason=unstable_if action=reinterpret pc=0x0000000003d67478 method=jogamp.common.util.locks.RecursiveLockImpl01Unfairish.unlock(Ljava/lang/Runnable;)V @ 34
Event: 396.213 Thread 0x000000001fbd0000 Uncommon trap: reason=unstable_if action=reinterpret pc=0x00000000040b6e04 method=sun.java2d.d3d.D3DScreenUpdateManager.createGraphics(Lsun/java2d/SurfaceData;Lsun/awt/windows/WComponentPeer;Ljava/awt/Color;Ljava/awt/Color;Ljava/awt/Font;)Ljava/awt/Graphi

Classes redefined (0 events):
No events

Internal exceptions (10 events):
Event: 47.378 Thread 0x000000002132e000 Exception <a 'java/net/SocketTimeoutException': Read timed out> (0x0000000777be94c0) thrown at [C:\re\workspace\8-2-build-windows-amd64-cygwin\jdk8u201\12322\hotspot\src\share\vm\prims\jni.cpp, line 735]
Event: 47.882 Thread 0x000000001fbcd000 Implicit null exception at 0x0000000003a802ec to 0x0000000003a80509
Event: 49.174 Thread 0x000000001fbcd000 Implicit null exception at 0x0000000003bb8cac to 0x0000000003bb8ec9
Event: 55.161 Thread 0x000000001fbcd000 Implicit null exception at 0x0000000003c10182 to 0x0000000003c10409
Event: 55.161 Thread 0x000000001fbcd000 Implicit null exception at 0x0000000004b88d30 to 0x0000000004b88f81
Event: 55.460 Thread 0x000000001fbcd000 Implicit null exception at 0x0000000003c3a2aa to 0x0000000003c3e2bd
Event: 57.495 Thread 0x000000001fbd0000 Implicit null exception at 0x00000000036b2f18 to 0x00000000036b2fbd
Event: 81.850 Thread 0x000000001fbd0000 Implicit null exception at 0x00000000031a3ae4 to 0x00000000031a3bf5
Event: 94.249 Thread 0x000000001fbcd000 Implicit null exception at 0x0000000003c3de33 to 0x0000000003c3f861
Event: 395.870 Thread 0x000000001fbcd000 Exception <a 'java/lang/NoSuchMethodError': java.lang.Object.inspectorAlwaysOnTop()Z> (0x000000079c294f38) thrown at [C:\re\workspace\8-2-build-windows-amd64-cygwin\jdk8u201\12322\hotspot\src\share\vm\interpreter\linkResolver.cpp, line 620]

Events (10 events):
Event: 396.080 Executing VM operation: RevokeBias done
Event: 396.080 Executing VM operation: RevokeBias
Event: 396.080 Executing VM operation: RevokeBias done
Event: 396.081 Thread 0x000000003e301800 Thread exited: 0x000000003e301800
Event: 396.195 Executing VM operation: RevokeBias
Event: 396.195 Executing VM operation: RevokeBias done
Event: 396.195 Thread 0x000000001fbd0800 Thread exited: 0x000000001fbd0800
Event: 396.213 Thread 0x000000001fbd0000 Uncommon trap: trap_request=0xffffff65 fr.pc=0x00000000040b6e04
Event: 396.213 Thread 0x000000001fbd0000 DEOPT PACKING pc=0x00000000040b6e04 sp=0x0000000027e6f190
Event: 396.213 Thread 0x000000001fbd0000 DEOPT UNPACKING pc=0x0000000002ce583b sp=0x0000000027e6f0b0 mode 2


Dynamic libraries:
0x00007ff688980000 - 0x00007ff6889b7000 	C:\Program Files\Java\jdk1.8.0_201\bin\java.exe
0x00007ffe8cb00000 - 0x00007ffe8cce1000 	C:\WINDOWS\SYSTEM32\ntdll.dll
0x00007ffe8c120000 - 0x00007ffe8c1d2000 	C:\WINDOWS\System32\KERNEL32.DLL
0x00007ffe88f20000 - 0x00007ffe89193000 	C:\WINDOWS\System32\KERNELBASE.dll
0x00007ffe8bfa0000 - 0x00007ffe8c041000 	C:\WINDOWS\System32\ADVAPI32.dll
0x00007ffe8a530000 - 0x00007ffe8a5ce000 	C:\WINDOWS\System32\msvcrt.dll
0x00007ffe8c350000 - 0x00007ffe8c3ab000 	C:\WINDOWS\System32\sechost.dll
0x00007ffe8a600000 - 0x00007ffe8a724000 	C:\WINDOWS\System32\RPCRT4.dll
0x00007ffe8c940000 - 0x00007ffe8cad0000 	C:\WINDOWS\System32\USER32.dll
0x00007ffe89af0000 - 0x00007ffe89b10000 	C:\WINDOWS\System32\win32u.dll
0x00007ffe8c890000 - 0x00007ffe8c8b8000 	C:\WINDOWS\System32\GDI32.dll
0x00007ffe89950000 - 0x00007ffe89ae2000 	C:\WINDOWS\System32\gdi32full.dll
0x00007ffe898b0000 - 0x00007ffe8994f000 	C:\WINDOWS\System32\msvcp_win.dll
0x00007ffe89d00000 - 0x00007ffe89dfa000 	C:\WINDOWS\System32\ucrtbase.dll
0x00007ffe796c0000 - 0x00007ffe79929000 	C:\WINDOWS\WinSxS\amd64_microsoft.windows.common-controls_6595b64144ccf1df_6.0.17134.590_none_fb3d9bff3069e088\COMCTL32.dll
0x00007ffe89f90000 - 0x00007ffe8a2b2000 	C:\WINDOWS\System32\combase.dll
0x00007ffe89e00000 - 0x00007ffe89e7a000 	C:\WINDOWS\System32\bcryptPrimitives.dll
0x00007ffe8a5d0000 - 0x00007ffe8a5fd000 	C:\WINDOWS\System32\IMM32.DLL
0x00007ffe87f00000 - 0x00007ffe87f31000 	C:\WINDOWS\SYSTEM32\ntmarta.dll
0x00007ffe88d40000 - 0x00007ffe88d70000 	C:\WINDOWS\SYSTEM32\SspiCli.dll
0x0000000067800000 - 0x00000000678d1000 	C:\Program Files\Java\jdk1.8.0_201\jre\bin\msvcr100.dll
0x0000000066f50000 - 0x00000000677f4000 	C:\Program Files\Java\jdk1.8.0_201\jre\bin\server\jvm.dll
0x00007ffe8c1e0000 - 0x00007ffe8c1e8000 	C:\WINDOWS\System32\PSAPI.DLL
0x00007ffe764f0000 - 0x00007ffe764f9000 	C:\WINDOWS\SYSTEM32\WSOCK32.dll
0x00007ffe8c0b0000 - 0x00007ffe8c11c000 	C:\WINDOWS\System32\WS2_32.dll
0x00007ffe84b60000 - 0x00007ffe84b83000 	C:\WINDOWS\SYSTEM32\WINMM.dll
0x00007ffe83540000 - 0x00007ffe8354a000 	C:\WINDOWS\SYSTEM32\VERSION.dll
0x00007ffe84b10000 - 0x00007ffe84b3a000 	C:\WINDOWS\SYSTEM32\WINMMBASE.dll
0x00007ffe88ed0000 - 0x00007ffe88f19000 	C:\WINDOWS\System32\cfgmgr32.dll
0x00007ffe7ad50000 - 0x00007ffe7ad5f000 	C:\Program Files\Java\jdk1.8.0_201\jre\bin\verify.dll
0x00007ffe78f30000 - 0x00007ffe78f59000 	C:\Program Files\Java\jdk1.8.0_201\jre\bin\java.dll
0x00007ffe79ae0000 - 0x00007ffe79b03000 	C:\Program Files\Java\jdk1.8.0_201\jre\bin\instrument.dll
0x00007ffe76a40000 - 0x00007ffe76a56000 	C:\Program Files\Java\jdk1.8.0_201\jre\bin\zip.dll
0x00007ffe8ab60000 - 0x00007ffe8bfa0000 	C:\WINDOWS\System32\SHELL32.dll
0x00007ffe8a7d0000 - 0x00007ffe8a879000 	C:\WINDOWS\System32\shcore.dll
0x00007ffe891a0000 - 0x00007ffe898ad000 	C:\WINDOWS\System32\windows.storage.dll
0x00007ffe8c3b0000 - 0x00007ffe8c401000 	C:\WINDOWS\System32\shlwapi.dll
0x00007ffe88eb0000 - 0x00007ffe88ec1000 	C:\WINDOWS\System32\kernel.appcore.dll
0x00007ffe88e40000 - 0x00007ffe88e5f000 	C:\WINDOWS\System32\profapi.dll
0x00007ffe88e60000 - 0x00007ffe88eac000 	C:\WINDOWS\System32\powrprof.dll
0x00007ffe88e10000 - 0x00007ffe88e1a000 	C:\WINDOWS\System32\FLTLIB.DLL
0x00007ffe79a80000 - 0x00007ffe79a9a000 	C:\Program Files\JetBrains\IntelliJ IDEA Community Edition 2018.3.3\bin\breakgen64.dll
0x00007ffe76a20000 - 0x00007ffe76a3a000 	C:\Program Files\Java\jdk1.8.0_201\jre\bin\net.dll
0x00007ffe7b1f0000 - 0x00007ffe7b3b9000 	C:\WINDOWS\SYSTEM32\urlmon.dll
0x00007ffe79410000 - 0x00007ffe796b5000 	C:\WINDOWS\SYSTEM32\iertutil.dll
0x00007ffe88840000 - 0x00007ffe8884b000 	C:\WINDOWS\SYSTEM32\CRYPTBASE.DLL
0x00007ffe88690000 - 0x00007ffe886f6000 	C:\WINDOWS\system32\mswsock.dll
0x00007ffe711b0000 - 0x00007ffe711d4000 	C:\Program Files\Java\jdk1.8.0_201\jre\bin\sunec.dll
0x00007ffe88410000 - 0x00007ffe88448000 	C:\WINDOWS\SYSTEM32\IPHLPAPI.DLL
0x00007ffe8a880000 - 0x00007ffe8a888000 	C:\WINDOWS\System32\NSI.dll
0x00007ffe810a0000 - 0x00007ffe810b6000 	C:\WINDOWS\SYSTEM32\dhcpcsvc6.DLL
0x00007ffe81260000 - 0x00007ffe8127a000 	C:\WINDOWS\SYSTEM32\dhcpcsvc.DLL
0x00007ffe76a00000 - 0x00007ffe76a11000 	C:\Program Files\Java\jdk1.8.0_201\jre\bin\nio.dll
0x00007ffe88850000 - 0x00007ffe88867000 	C:\WINDOWS\SYSTEM32\CRYPTSP.dll
0x00007ffe88270000 - 0x00007ffe882a3000 	C:\WINDOWS\system32\rsaenh.dll
0x00007ffe88970000 - 0x00007ffe88995000 	C:\WINDOWS\SYSTEM32\bcrypt.dll
0x00007ffe88d10000 - 0x00007ffe88d38000 	C:\WINDOWS\SYSTEM32\USERENV.dll
0x00007ffe6e3a0000 - 0x00007ffe6e3e2000 	C:\Users\asus\AppData\Local\Temp\jna-3003984\jna5037229182103007692.dll
0x00007ffe60a60000 - 0x00007ffe60afc000 	C:\Users\asus\AppData\Local\Temp\jna-3003984\jna1235378309839437095.dll
0x00007ffe88450000 - 0x00007ffe8850e000 	C:\WINDOWS\SYSTEM32\DNSAPI.dll
0x00007ffe7c910000 - 0x00007ffe7c91a000 	C:\Windows\System32\rasadhlp.dll
0x00007ffe7cf10000 - 0x00007ffe7cf82000 	C:\WINDOWS\System32\fwpuclnt.dll
0x00007ffe4e900000 - 0x00007ffe4ea99000 	C:\Program Files\Java\jdk1.8.0_201\jre\bin\awt.dll
0x00007ffe8a2c0000 - 0x00007ffe8a383000 	C:\WINDOWS\System32\OLEAUT32.dll
0x00007ffe86450000 - 0x00007ffe864db000 	C:\WINDOWS\SYSTEM32\apphelp.dll
0x00007ffe86580000 - 0x00007ffe86618000 	C:\WINDOWS\system32\uxtheme.dll
0x00007ffe8a8f0000 - 0x00007ffe8aa63000 	C:\WINDOWS\System32\MSCTF.dll
0x00007ffe86fe0000 - 0x00007ffe87009000 	C:\WINDOWS\system32\dwmapi.dll
0x00007ffe8c1f0000 - 0x00007ffe8c341000 	C:\WINDOWS\System32\ole32.dll
0x00007ffe813d0000 - 0x00007ffe813db000 	C:\Program Files\Java\jdk1.8.0_201\jre\bin\sunmscapi.dll
0x00007ffe89b10000 - 0x00007ffe89cf2000 	C:\WINDOWS\System32\CRYPT32.dll
0x00007ffe88e20000 - 0x00007ffe88e32000 	C:\WINDOWS\System32\MSASN1.dll
0x00007ffe6d3f0000 - 0x00007ffe6d437000 	C:\Program Files\Java\jdk1.8.0_201\jre\bin\fontmanager.dll
0x00007ffe51020000 - 0x00007ffe510c2000 	C:\Program Files\Java\jdk1.8.0_201\jre\bin\mlib_image.dll
0x00007ffe773d0000 - 0x00007ffe774f0000 	C:\WINDOWS\system32\opengl32.dll
0x00007ffe82690000 - 0x00007ffe826bc000 	C:\WINDOWS\SYSTEM32\GLU32.dll
0x00007ffe70dd0000 - 0x00007ffe70dfa000 	C:\Program Files\Java\jdk1.8.0_201\jre\bin\dcpr.dll
0x00007ffe6a120000 - 0x00007ffe6a162000 	C:\Program Files\Java\jdk1.8.0_201\jre\bin\t2k.dll
0x00007ffe8a730000 - 0x00007ffe8a7d0000 	C:\WINDOWS\System32\clbcatq.dll
0x00007ffe83780000 - 0x00007ffe8392e000 	C:\WINDOWS\SYSTEM32\WindowsCodecs.dll
0x00007ffe6cbe0000 - 0x00007ffe6cc38000 	C:\WINDOWS\system32\dataexchange.dll
0x00007ffe85490000 - 0x00007ffe8579b000 	C:\WINDOWS\system32\d3d11.dll
0x00007ffe85d70000 - 0x00007ffe85f0c000 	C:\WINDOWS\system32\dcomp.dll
0x00007ffe87bd0000 - 0x00007ffe87c8b000 	C:\WINDOWS\system32\dxgi.dll
0x00007ffe870f0000 - 0x00007ffe872a8000 	C:\WINDOWS\system32\twinapi.appcore.dll
0x00007ffe870c0000 - 0x00007ffe870e9000 	C:\WINDOWS\system32\RMCLIENT.dll
0x00007ffe81420000 - 0x00007ffe814c8000 	C:\WINDOWS\SYSTEM32\mscms.dll
0x00007ffe84c50000 - 0x00007ffe84c60000 	C:\WINDOWS\SYSTEM32\ColorAdapterClient.dll
0x00007ffe68d30000 - 0x00007ffe68d73000 	C:\WINDOWS\SYSTEM32\icm32.dll
0x00007ffe77be0000 - 0x00007ffe77c76000 	C:\WINDOWS\System32\TextInputFramework.dll
0x00007ffe83210000 - 0x00007ffe8352e000 	C:\WINDOWS\System32\CoreUIComponents.dll
0x00007ffe86250000 - 0x00007ffe8632a000 	C:\WINDOWS\System32\CoreMessaging.dll
0x00007ffe844a0000 - 0x00007ffe845ed000 	C:\WINDOWS\SYSTEM32\wintypes.dll
0x00000000637c0000 - 0x00000000637cd000 	C:\Users\asus\AppData\Local\Temp\jogamp_0000\file_cache\jln8349799924774729247\jln8995024147630162222\natives\windows-amd64\gluegen-rt.dll
0x00007ffe7a540000 - 0x00007ffe7a547000 	C:\Program Files\Java\jdk1.8.0_201\jre\bin\jawt.dll
0x000000006a440000 - 0x000000006a44d000 	C:\Users\asus\AppData\Local\Temp\jogamp_0000\file_cache\jln8349799924774729247\jln8995024147630162222\natives\windows-amd64\nativewindow_awt.dll
0x000000006c100000 - 0x000000006c10f000 	C:\Users\asus\AppData\Local\Temp\jogamp_0000\file_cache\jln8349799924774729247\jln8995024147630162222\natives\windows-amd64\nativewindow_win32.dll
0x0000000064500000 - 0x00000000645b1000 	C:\Users\asus\AppData\Local\Temp\jogamp_0000\file_cache\jln8349799924774729247\jln8995024147630162222\natives\windows-amd64\jogl_desktop.dll
0x0000000064340000 - 0x00000000643a2000 	C:\Users\asus\AppData\Local\Temp\jogamp_0000\file_cache\jln8349799924774729247\jln8995024147630162222\natives\windows-amd64\jogl_mobile.dll
0x00007ffe3df10000 - 0x00007ffe3edfe000 	C:\WINDOWS\System32\DriverStore\FileRepository\igdlh64.inf_amd64_31ba00ea6900d67d\ig9icd64.dll
0x00007ffe7d7e0000 - 0x00007ffe7f6e1000 	C:\WINDOWS\System32\DriverStore\FileRepository\igdlh64.inf_amd64_31ba00ea6900d67d\igc64.dll
0x00007ffe7a400000 - 0x00007ffe7a40d000 	C:\Program Files\Java\jdk1.8.0_201\jre\bin\management.dll
0x00007ffe78ef0000 - 0x00007ffe78efc000 	C:\Program Files\Java\jdk1.8.0_201\jre\bin\jsound.dll
0x00007ffe77220000 - 0x00007ffe7722b000 	C:\Program Files\Java\jdk1.8.0_201\jre\bin\jsoundds.dll
0x00007ffe4d530000 - 0x00007ffe4d5bf000 	C:\WINDOWS\SYSTEM32\DSOUND.dll
0x00007ffe81170000 - 0x00007ffe811e6000 	C:\WINDOWS\SYSTEM32\MMDevAPI.DLL
0x00007ffe88c20000 - 0x00007ffe88c47000 	C:\WINDOWS\SYSTEM32\DEVOBJ.dll
0x00007ffe86a00000 - 0x00007ffe86bb4000 	C:\WINDOWS\SYSTEM32\PROPSYS.dll
0x00007ffe4f800000 - 0x00007ffe4f844000 	C:\WINDOWS\SYSTEM32\wdmaud.drv
0x00007ffe82da0000 - 0x00007ffe82da9000 	C:\WINDOWS\SYSTEM32\ksuser.dll
0x00007ffe83b00000 - 0x00007ffe83b0a000 	C:\WINDOWS\SYSTEM32\AVRT.dll
0x00007ffe73130000 - 0x00007ffe7325c000 	C:\WINDOWS\SYSTEM32\AUDIOSES.DLL
0x00007ffe79a20000 - 0x00007ffe79a2d000 	C:\WINDOWS\SYSTEM32\msacm32.drv
0x00007ffe70be0000 - 0x00007ffe70bfc000 	C:\WINDOWS\SYSTEM32\MSACM32.dll
0x00007ffe78ff0000 - 0x00007ffe78ffa000 	C:\WINDOWS\SYSTEM32\midimap.dll
0x00007ffe671a0000 - 0x00007ffe671d1000 	C:\Program Files\Java\jdk1.8.0_201\jre\bin\jpeg.dll
0x00007ffe87810000 - 0x00007ffe879d9000 	C:\WINDOWS\SYSTEM32\dbghelp.dll

VM Arguments:
jvm_args: -ea -javaagent:C:\Program Files\JetBrains\IntelliJ IDEA Community Edition 2018.3.3\lib\idea_rt.jar=49714:C:\Program Files\JetBrains\IntelliJ IDEA Community Edition 2018.3.3\bin -Dfile.encoding=UTF-8 
java_command: net.runelite.client.RuneLite --debug --developer-mode
java_class_path (initial): C:\Program Files\Java\jdk1.8.0_201\jre\lib\charsets.jar;C:\Program Files\Java\jdk1.8.0_201\jre\lib\deploy.jar;C:\Program Files\Java\jdk1.8.0_201\jre\lib\ext\access-bridge-64.jar;C:\Program Files\Java\jdk1.8.0_201\jre\lib\ext\cldrdata.jar;C:\Program Files\Java\jdk1.8.0_201\jre\lib\ext\dnsns.jar;C:\Program Files\Java\jdk1.8.0_201\jre\lib\ext\jaccess.jar;C:\Program Files\Java\jdk1.8.0_201\jre\lib\ext\jfxrt.jar;C:\Program Files\Java\jdk1.8.0_201\jre\lib\ext\localedata.jar;C:\Program Files\Java\jdk1.8.0_201\jre\lib\ext\nashorn.jar;C:\Program Files\Java\jdk1.8.0_201\jre\lib\ext\sunec.jar;C:\Program Files\Java\jdk1.8.0_201\jre\lib\ext\sunjce_provider.jar;C:\Program Files\Java\jdk1.8.0_201\jre\lib\ext\sunmscapi.jar;C:\Program Files\Java\jdk1.8.0_201\jre\lib\ext\sunpkcs11.jar;C:\Program Files\Java\jdk1.8.0_201\jre\lib\ext\zipfs.jar;C:\Program Files\Java\jdk1.8.0_201\jre\lib\javaws.jar;C:\Program Files\Java\jdk1.8.0_201\jre\lib\jce.jar;C:\Program Files\Java\jdk1.8.0_201\jre\lib\jfr.jar;C:\Program Files\Java\jdk1.8.0_201\jre\lib\jfxswt.jar;C:\Program Files\Java\jdk1.8.0_201\jre\lib\jsse.jar;C:\Program Files\Java\jdk1.8.0_201\jre\lib\management-agent.jar;C:\Program Files\Java\jdk1.8.0_201\jre\lib\plugin.jar;C:\Program Files\Java\jdk1.8.0_201\jre\lib\resources.jar;C:\Program Files\Java\jdk1.8.0_201\jre\lib\rt.jar;C:\Users\asus\runelite\runelite-client\target\classes;C:\Users\asus\.m2\repository\org\slf4j\slf4j-api\1.7.25\slf4j-api-1.7.25.jar;C:\Users\asus\.m2\repository\ch\qos\logback\logback-classic\1.2.3\logback-classic-1.2.3.jar;C:\Users\asus\.m2\repository\ch\qos\logback\logback-core\1.2.3\logback-core-1.2.3.jar;C:\Users\asus\.m2\repository\net\sf\jopt-simple\jopt-simple\5.0.1\jopt-simple-5.0.1.jar;C:\Users\asus\.m2\repository\com\google\guava\guava\23.2-jre\guava-23.2-jre.jar;C:\Users\asus\.m2\repository\com\google\code\findbugs\jsr305\1.3.9\jsr305-1.3.9.jar;C:\Users\asus\.m2\repository\com\google\errorprone\error_prone_annotations\2.0.18\error_
Launcher Type: SUN_STANDARD

Environment Variables:
PATH=C:\Program Files (x86)\Common Files\Oracle\Java\javapath;C:\Program Files (x86)\Intel\iCLS Client\;C:\Program Files\Intel\iCLS Client\;C:\Windows\system32;C:\Windows;C:\Windows\System32\Wbem;C:\Windows\System32\WindowsPowerShell\v1.0\;C:\Program Files (x86)\NVIDIA Corporation\PhysX\Common;C:\Program Files (x86)\Intel\Intel(R) Management Engine Components\DAL;C:\Program Files\Intel\Intel(R) Management Engine Components\DAL;C:\Program Files (x86)\Intel\Intel(R) Management Engine Components\IPT;C:\Program Files\Intel\Intel(R) Management Engine Components\IPT;C:\WINDOWS\system32;C:\WINDOWS;C:\WINDOWS\System32\Wbem;C:\WINDOWS\System32\WindowsPowerShell\v1.0\;C:\WINDOWS\System32\OpenSSH\;C:\Documents\PuTTY\;C:\Program Files\Intel\WiFi\bin\;C:\Program Files\Common Files\Intel\WirelessCommon\;C:\cygwin\bin;C:\Program Files\Git\cmd;C:\Users\asus\AppData\Local\Microsoft\WindowsApps;C:\Users\asus\AppData\Local\GitHubDesktop\bin
USERNAME=asus
OS=Windows_NT
PROCESSOR_IDENTIFIER=Intel64 Family 6 Model 158 Stepping 9, GenuineIntel



---------------  S Y S T E M  ---------------

OS: Windows 10.0 , 64 bit Build 17134 (10.0.17134.556)

CPU:total 8 (initial active 8) (4 cores per cpu, 2 threads per core) family 6 model 158 stepping 9, cmov, cx8, fxsr, mmx, sse, sse2, sse3, ssse3, sse4.1, sse4.2, popcnt, avx, avx2, aes, clmul, erms, 3dnowpref, lzcnt, ht, tsc, tscinvbit, bmi1, bmi2, adx

Memory: 4k page, physical 16659216k(7851676k free), swap 19149584k(5230344k free)

vm_info: Java HotSpot(TM) 64-Bit Server VM (25.201-b09) for windows-amd64 JRE (1.8.0_201-b09), built on Dec 15 2018 18:36:39 by "java_re" with MS VC++ 10.0 (VS2010)

time: Fri Mar 01 12:14:00 2019
timezone: Eastern Standard Time
elapsed time: 396 seconds (0d 0h 6m 36s)

