#
# A fatal error has been detected by the Java Runtime Environment:
#
#  EXCEPTION_ACCESS_VIOLATION (0xc0000005) at pc=0x00007ffe1c380e0e, pid=7604, tid=0x0000000000000e5c
#
# JRE version: Java(TM) SE Runtime Environment (8.0_201-b09) (build 1.8.0_201-b09)
# Java VM: Java HotSpot(TM) 64-Bit Server VM (25.201-b09 mixed mode windows-amd64 compressed oops)
# Problematic frame:
# C  [ig9icd64.dll+0x190e0e]
#
# Failed to write core dump. Minidumps are not enabled by default on client versions of Windows
#
# If you would like to submit a bug report, please visit:
#   http://bugreport.java.com/bugreport/crash.jsp
# The crash happened outside the Java Virtual Machine in native code.
# See problematic frame for where to report the bug.
#

---------------  T H R E A D  ---------------

Current thread (0x0000000020706000):  JavaThread "Thread-5" daemon [_thread_in_native, id=3676, stack(0x0000000027d70000,0x0000000027e70000)]

siginfo: ExceptionCode=0xc0000005, reading address 0x0000000000000008

Registers:
RAX=0x0000000000000000, RBX=0x00007ffe1c6d9290, RCX=0x0000000036870070, RDX=0x000000003462d980
RSP=0x0000000027e6e0d0, RBP=0x0000000027e6e340, RSI=0x0000000027e6e300, RDI=0x0000000000000000
R8 =0x0000000009770000, R9 =0x0000000000000000, R10=0x0000000027e6e480, R11=0x0000000027e6e268
R12=0x0000000000000007, R13=0x0000000000000000, R14=0x0000000027e6e5d0, R15=0x0000000027e6e380
RIP=0x00007ffe1c380e0e, EFLAGS=0x0000000000010246

Top of Stack: (sp=0x0000000027e6e0d0)
0x0000000027e6e0d0:   0000000036e58d40 000000003462d980
0x0000000027e6e0e0:   0000000000001018 0000000027e6e1f8
0x0000000027e6e0f0:   0000000000000000 0000000027e6e340
0x0000000027e6e100:   0000000027e6e130 0000000027e6e170
0x0000000027e6e110:   0000000027e6e1b8 0000000027e6e140
0x0000000027e6e120:   0000000027e6e1d8 0000000027e6e150
0x0000000027e6e130:   0000000027e6e300 0000000027e6e230
0x0000000027e6e140:   0000000000000ef8 000000002b47c660
0x0000000027e6e150:   0000000036852950 0000000036852950
0x0000000027e6e160:   000000002b47c380 00007ffe1cb0165c
0x0000000027e6e170:   00000000368523d0 000000002b3f3930
0x0000000027e6e180:   0000000036852950 000000002485f8f0
0x0000000027e6e190:   0000000027e6e380 0000000027e6e480
0x0000000027e6e1a0:   000000002b3f2b80 000000002b3f2b80
0x0000000027e6e1b0:   0000000000000000 000000002b3f3930
0x0000000027e6e1c0:   0000000027e6e219 00007ffe1c2366d6 

Instructions: (pc=0x00007ffe1c380e0e)
0x00007ffe1c380dee:   48 85 c9 74 06 48 8b 41 20 eb 15 48 8b 80 98 00
0x00007ffe1c380dfe:   00 00 48 85 c0 74 06 48 8b 40 20 eb 03 48 8b c7
0x00007ffe1c380e0e:   48 8b 48 08 48 85 c9 74 54 81 79 14 5d 01 00 00
0x00007ffe1c380e1e:   75 4b 81 26 ff ff 97 f6 81 0e 00 00 94 06 8b 81 


Register to memory mapping:

RAX=0x0000000000000000 is an unknown value
RBX=0x00007ffe1c6d9290 is an unknown value
RCX=0x0000000036870070 is an unknown value
RDX=0x000000003462d980 is an unknown value
RSP=0x0000000027e6e0d0 is pointing into the stack for thread: 0x0000000020706000
RBP=0x0000000027e6e340 is pointing into the stack for thread: 0x0000000020706000
RSI=0x0000000027e6e300 is pointing into the stack for thread: 0x0000000020706000
RDI=0x0000000000000000 is an unknown value
R8 =0x0000000009770000 is an unknown value
R9 =0x0000000000000000 is an unknown value
R10=0x0000000027e6e480 is pointing into the stack for thread: 0x0000000020706000
R11=0x0000000027e6e268 is pointing into the stack for thread: 0x0000000020706000
R12=0x0000000000000007 is an unknown value
R13=0x0000000000000000 is an unknown value
R14=0x0000000027e6e5d0 is pointing into the stack for thread: 0x0000000020706000
R15=0x0000000027e6e380 is pointing into the stack for thread: 0x0000000020706000


Stack: [0x0000000027d70000,0x0000000027e70000],  sp=0x0000000027e6e0d0,  free space=1016k
Native frames: (J=compiled Java code, j=interpreted, Vv=VM code, C=native code)
C  [ig9icd64.dll+0x190e0e]
C  [ig9icd64.dll+0x4a0cbd]
C  [ig9icd64.dll+0x4a4d27]
C  [ig9icd64.dll+0x398298]
C  [ig9icd64.dll+0x353cc5]
C  [ig9icd64.dll+0x152415]
C  [ig9icd64.dll+0x143304]
C  [ig9icd64.dll+0x13ff36]
C  0x0000000003e70f97

Java frames: (J=compiled Java code, j=interpreted, Vv=VM code)
J 7191  jogamp.opengl.gl4.GL4bcImpl.dispatch_glTexSubImage2D1(IIIIIIIILjava/lang/Object;IZJ)V (0 bytes) @ 0x0000000003e70f19 [0x0000000003e70e80+0x99]
J 7190 C1 jogamp.opengl.gl4.GL4bcImpl.glTexSubImage2D(IIIIIIIILjava/nio/Buffer;)V (126 bytes) @ 0x0000000003f407cc [0x0000000003f3fac0+0xd0c]
J 8246 C1 net.runelite.client.plugins.gpu.GpuPlugin.drawUi(II)V (561 bytes) @ 0x000000000488df2c [0x000000000488d1a0+0xd8c]
J 9902 C2 net.runelite.client.plugins.gpu.GpuPlugin.draw()V (2777 bytes) @ 0x0000000004d5edc4 [0x0000000004d5c800+0x25c4]
J 7237 C1 ah.p(Ljava/lang/Object;I)V (136 bytes) @ 0x000000000416b23c [0x000000000416b020+0x21c]
j  ah.run()V+380
j  java.lang.Thread.run()V+11
v  ~StubRoutines::call_stub

---------------  P R O C E S S  ---------------

Java Threads: ( => current thread )
  0x0000000020707800 JavaThread "Image Fetcher 0" daemon [_thread_blocked, id=18520, stack(0x0000000057de0000,0x0000000057ee0000)]
  0x0000000022431800 JavaThread "Thread-20" daemon [_thread_blocked, id=13212, stack(0x0000000043680000,0x0000000043780000)]
  0x0000000022429000 JavaThread "Thread-19" daemon [_thread_in_native, id=20840, stack(0x0000000043580000,0x0000000043680000)]
  0x0000000022438000 JavaThread "Thread-18" daemon [_thread_blocked, id=9060, stack(0x0000000043080000,0x0000000043180000)]
  0x0000000022437800 JavaThread "pool-5-thread-1" [_thread_blocked, id=11004, stack(0x0000000042f80000,0x0000000043080000)]
  0x0000000022430800 JavaThread "Java Sound Event Dispatcher" daemon [_thread_blocked, id=11788, stack(0x0000000042b80000,0x0000000042c80000)]
  0x0000000022433000 JavaThread "DestroyJavaVM" [_thread_blocked, id=2504, stack(0x0000000002880000,0x0000000002980000)]
  0x0000000022430000 JavaThread "TimerQueue" daemon [_thread_blocked, id=10436, stack(0x0000000029790000,0x0000000029890000)]
  0x000000002242f000 JavaThread "pool-4-thread-1" [_thread_blocked, id=12304, stack(0x0000000029490000,0x0000000029590000)]
  0x000000002242d000 JavaThread "Thread-12" daemon [_thread_blocked, id=7940, stack(0x0000000029390000,0x0000000029490000)]
  0x000000002242b800 JavaThread "Trident pulse source thread" daemon [_thread_blocked, id=7760, stack(0x0000000028890000,0x0000000028990000)]
  0x000000002242e800 JavaThread "Trident callback thread" daemon [_thread_blocked, id=21028, stack(0x0000000028790000,0x0000000028890000)]
  0x000000002242d800 JavaThread "Substance heap status" daemon [_thread_blocked, id=17972, stack(0x0000000028170000,0x0000000028270000)]
  0x000000002242a000 JavaThread "Thread-6" daemon [_thread_blocked, id=18024, stack(0x0000000027e70000,0x0000000027f70000)]
=>0x0000000020706000 JavaThread "Thread-5" daemon [_thread_in_native, id=3676, stack(0x0000000027d70000,0x0000000027e70000)]
  0x0000000020705800 JavaThread "Thread-4" daemon [_thread_blocked, id=14416, stack(0x0000000027c70000,0x0000000027d70000)]
  0x0000000020709000 JavaThread "AWT-EventQueue-0" [_thread_blocked, id=5676, stack(0x00000000271a0000,0x00000000272a0000)]
  0x0000000020704000 JavaThread "AWT-Shutdown" [_thread_blocked, id=4212, stack(0x00000000270a0000,0x00000000271a0000)]
  0x0000000020707000 JavaThread "Java2D Disposer" daemon [_thread_blocked, id=5228, stack(0x00000000246b0000,0x00000000247b0000)]
  0x0000000020708800 JavaThread "Okio Watchdog" daemon [_thread_blocked, id=1928, stack(0x0000000021ba0000,0x0000000021ca0000)]
  0x0000000020702800 JavaThread "OkHttp ConnectionPool" daemon [_thread_blocked, id=18148, stack(0x0000000021aa0000,0x0000000021ba0000)]
  0x000000001fbe9000 JavaThread "pool-2-thread-1" [_thread_blocked, id=18408, stack(0x0000000021690000,0x0000000021790000)]
  0x000000001e741800 JavaThread "Service Thread" daemon [_thread_blocked, id=9972, stack(0x000000001f240000,0x000000001f340000)]
  0x000000001e6ab000 JavaThread "C1 CompilerThread3" daemon [_thread_blocked, id=4636, stack(0x000000001f140000,0x000000001f240000)]
  0x000000001e6a2800 JavaThread "C2 CompilerThread2" daemon [_thread_blocked, id=8864, stack(0x000000001f040000,0x000000001f140000)]
  0x000000001e69f800 JavaThread "C2 CompilerThread1" daemon [_thread_blocked, id=15872, stack(0x000000001ef40000,0x000000001f040000)]
  0x000000001e635000 JavaThread "C2 CompilerThread0" daemon [_thread_blocked, id=20136, stack(0x000000001ee40000,0x000000001ef40000)]
  0x000000001e69c800 JavaThread "Monitor Ctrl-Break" daemon [_thread_in_native, id=2488, stack(0x000000001ed40000,0x000000001ee40000)]
  0x000000001e489800 JavaThread "Attach Listener" daemon [_thread_blocked, id=7348, stack(0x000000001ec40000,0x000000001ed40000)]
  0x000000001e489000 JavaThread "Signal Dispatcher" daemon [_thread_blocked, id=11168, stack(0x000000001eb40000,0x000000001ec40000)]
  0x000000001e471000 JavaThread "Finalizer" daemon [_thread_blocked, id=20028, stack(0x000000001e950000,0x000000001ea50000)]
  0x000000001e470800 JavaThread "Reference Handler" daemon [_thread_blocked, id=15280, stack(0x000000001e850000,0x000000001e950000)]

Other Threads:
  0x000000001c679000 VMThread [stack: 0x000000001e350000,0x000000001e450000] [id=1940]
  0x000000001e821000 WatcherThread [stack: 0x000000001f340000,0x000000001f440000] [id=18388]

VM state:not at safepoint (normal execution)

VM Mutex/Monitor currently owned by a thread: None

heap address: 0x00000006c1c00000, size: 4068 MB, Compressed Oops mode: Zero based, Oop shift amount: 3
Narrow klass base: 0x0000000000000000, Narrow klass shift: 3
Compressed class space size: 1073741824 Address: 0x00000007c0000000

Heap:
 PSYoungGen      total 851456K, used 462915K [0x000000076b400000, 0x00000007b5300000, 0x00000007c0000000)
  eden space 836096K, 55% used [0x000000076b400000,0x0000000787810ec8,0x000000079e480000)
  from space 15360K, 0% used [0x000000079e480000,0x000000079e480000,0x000000079f380000)
  to   space 87040K, 0% used [0x00000007afe00000,0x00000007afe00000,0x00000007b5300000)
 ParOldGen       total 305664K, used 103665K [0x00000006c1c00000, 0x00000006d4680000, 0x000000076b400000)
  object space 305664K, 33% used [0x00000006c1c00000,0x00000006c813c440,0x00000006d4680000)
 Metaspace       used 59079K, capacity 62748K, committed 62848K, reserved 1105920K
  class space    used 6691K, capacity 7260K, committed 7296K, reserved 1048576K

Card table byte_map: [0x0000000012020000,0x0000000012820000] byte_map_base: 0x000000000ea12000

Marking Bits: (ParMarkBitMap*) 0x0000000067774ce0
 Begin Bits: [0x0000000013570000, 0x0000000017500000)
 End Bits:   [0x0000000017500000, 0x000000001b490000)

Polling page: 0x0000000000ea0000

CodeCache: size=245760Kb used=35059Kb max_used=35443Kb free=210700Kb
 bounds [0x0000000002c60000, 0x0000000004f30000, 0x0000000011c60000]
 total_blobs=9503 nmethods=8376 adapters=1037
 compilation: enabled

Compilation events (10 events):
Event: 94.853 Thread 0x000000001e6ab000 nmethod 10552 0x00000000045e5690 code [0x00000000045e5880, 0x00000000045e66b8]
Event: 94.860 Thread 0x000000001e6a2800 nmethod 10550 0x00000000040efc10 code [0x00000000040efdc0, 0x00000000040f0968]
Event: 94.901 Thread 0x000000001e6ab000 10553       3       java.lang.Class::getSimpleName (120 bytes)
Event: 94.904 Thread 0x000000001e6ab000 nmethod 10553 0x00000000045e32d0 code [0x00000000045e35c0, 0x00000000045e4cf8]
Event: 94.914 Thread 0x000000001e6ab000 10554       3       java.util.concurrent.CopyOnWriteArrayList::contains (22 bytes)
Event: 94.914 Thread 0x000000001e6ab000 nmethod 10554 0x0000000002fc4210 code [0x0000000002fc4380, 0x0000000002fc4608]
Event: 94.933 Thread 0x000000001e69f800 10555       4       java.nio.ByteBuffer::arrayOffset (35 bytes)
Event: 94.934 Thread 0x000000001e69f800 nmethod 10555 0x00000000030393d0 code [0x0000000003039500, 0x0000000003039598]
Event: 94.959 Thread 0x000000001e635000 10556       4       java.lang.ThreadLocal::get (38 bytes)
Event: 94.963 Thread 0x000000001e635000 nmethod 10556 0x00000000033dce90 code [0x00000000033dcfe0, 0x00000000033dd158]

GC Heap History (10 events):
Event: 4.101 GC heap before
{Heap before GC invocations=10 (full 1):
 PSYoungGen      total 538112K, used 5101K [0x000000076b400000, 0x00000007a0380000, 0x00000007c0000000)
  eden space 524288K, 0% used [0x000000076b400000,0x000000076b400000,0x000000078b400000)
  from space 13824K, 36% used [0x000000078b400000,0x000000078b8fb440,0x000000078c180000)
  to   space 14336K, 0% used [0x000000079f580000,0x000000079f580000,0x00000007a0380000)
 ParOldGen       total 175104K, used 8931K [0x00000006c1c00000, 0x00000006cc700000, 0x000000076b400000)
  object space 175104K, 5% used [0x00000006c1c00000,0x00000006c24b8da0,0x00000006cc700000)
 Metaspace       used 20773K, capacity 21036K, committed 21248K, reserved 1069056K
  class space    used 2335K, capacity 2458K, committed 2560K, reserved 1048576K
Event: 4.147 GC heap after
Heap after GC invocations=10 (full 1):
 PSYoungGen      total 538112K, used 0K [0x000000076b400000, 0x00000007a0380000, 0x00000007c0000000)
  eden space 524288K, 0% used [0x000000076b400000,0x000000076b400000,0x000000078b400000)
  from space 13824K, 0% used [0x000000078b400000,0x000000078b400000,0x000000078c180000)
  to   space 14336K, 0% used [0x000000079f580000,0x000000079f580000,0x00000007a0380000)
 ParOldGen       total 92160K, used 10297K [0x00000006c1c00000, 0x00000006c7600000, 0x000000076b400000)
  object space 92160K, 11% used [0x00000006c1c00000,0x00000006c260e7a0,0x00000006c7600000)
 Metaspace       used 20773K, capacity 21036K, committed 21248K, reserved 1069056K
  class space    used 2335K, capacity 2458K, committed 2560K, reserved 1048576K
}
Event: 6.350 GC heap before
{Heap before GC invocations=11 (full 1):
 PSYoungGen      total 538112K, used 162179K [0x000000076b400000, 0x00000007a0380000, 0x00000007c0000000)
  eden space 524288K, 30% used [0x000000076b400000,0x0000000775260e78,0x000000078b400000)
  from space 13824K, 0% used [0x000000078b400000,0x000000078b400000,0x000000078c180000)
  to   space 14336K, 0% used [0x000000079f580000,0x000000079f580000,0x00000007a0380000)
 ParOldGen       total 92160K, used 10297K [0x00000006c1c00000, 0x00000006c7600000, 0x000000076b400000)
  object space 92160K, 11% used [0x00000006c1c00000,0x00000006c260e7a0,0x00000006c7600000)
 Metaspace       used 34510K, capacity 35012K, committed 35416K, reserved 1081344K
  class space    used 4043K, capacity 4197K, committed 4224K, reserved 1048576K
Event: 6.360 GC heap after
Heap after GC invocations=11 (full 1):
 PSYoungGen      total 778752K, used 13225K [0x000000076b400000, 0x00000007a0280000, 0x00000007c0000000)
  eden space 765440K, 0% used [0x000000076b400000,0x000000076b400000,0x0000000799f80000)
  from space 13312K, 99% used [0x000000079f580000,0x00000007a026a580,0x00000007a0280000)
  to   space 15360K, 0% used [0x000000079e480000,0x000000079e480000,0x000000079f380000)
 ParOldGen       total 92160K, used 10313K [0x00000006c1c00000, 0x00000006c7600000, 0x000000076b400000)
  object space 92160K, 11% used [0x00000006c1c00000,0x00000006c26127a0,0x00000006c7600000)
 Metaspace       used 34510K, capacity 35012K, committed 35416K, reserved 1081344K
  class space    used 4043K, capacity 4197K, committed 4224K, reserved 1048576K
}
Event: 6.360 GC heap before
{Heap before GC invocations=12 (full 2):
 PSYoungGen      total 778752K, used 13225K [0x000000076b400000, 0x00000007a0280000, 0x00000007c0000000)
  eden space 765440K, 0% used [0x000000076b400000,0x000000076b400000,0x0000000799f80000)
  from space 13312K, 99% used [0x000000079f580000,0x00000007a026a580,0x00000007a0280000)
  to   space 15360K, 0% used [0x000000079e480000,0x000000079e480000,0x000000079f380000)
 ParOldGen       total 92160K, used 10313K [0x00000006c1c00000, 0x00000006c7600000, 0x000000076b400000)
  object space 92160K, 11% used [0x00000006c1c00000,0x00000006c26127a0,0x00000006c7600000)
 Metaspace       used 34510K, capacity 35012K, committed 35416K, reserved 1081344K
  class space    used 4043K, capacity 4197K, committed 4224K, reserved 1048576K
Event: 6.421 GC heap after
Heap after GC invocations=12 (full 2):
 PSYoungGen      total 778752K, used 0K [0x000000076b400000, 0x00000007a0280000, 0x00000007c0000000)
  eden space 765440K, 0% used [0x000000076b400000,0x000000076b400000,0x0000000799f80000)
  from space 13312K, 0% used [0x000000079f580000,0x000000079f580000,0x00000007a0280000)
  to   space 15360K, 0% used [0x000000079e480000,0x000000079e480000,0x000000079f380000)
 ParOldGen       total 131584K, used 22302K [0x00000006c1c00000, 0x00000006c9c80000, 0x000000076b400000)
  object space 131584K, 16% used [0x00000006c1c00000,0x00000006c31c7b20,0x00000006c9c80000)
 Metaspace       used 34510K, capacity 35012K, committed 35416K, reserved 1081344K
  class space    used 4043K, capacity 4197K, committed 4224K, reserved 1048576K
}
Event: 27.440 GC heap before
{Heap before GC invocations=13 (full 2):
 PSYoungGen      total 778752K, used 596377K [0x000000076b400000, 0x00000007a0280000, 0x00000007c0000000)
  eden space 765440K, 77% used [0x000000076b400000,0x000000078fa66418,0x0000000799f80000)
  from space 13312K, 0% used [0x000000079f580000,0x000000079f580000,0x00000007a0280000)
  to   space 15360K, 0% used [0x000000079e480000,0x000000079e480000,0x000000079f380000)
 ParOldGen       total 131584K, used 22302K [0x00000006c1c00000, 0x00000006c9c80000, 0x000000076b400000)
  object space 131584K, 16% used [0x00000006c1c00000,0x00000006c31c7b20,0x00000006c9c80000)
 Metaspace       used 55410K, capacity 58922K, committed 59008K, reserved 1101824K
  class space    used 6466K, capacity 7009K, committed 7040K, reserved 1048576K
Event: 27.492 GC heap after
Heap after GC invocations=13 (full 2):
 PSYoungGen      total 851456K, used 15341K [0x000000076b400000, 0x00000007b5300000, 0x00000007c0000000)
  eden space 836096K, 0% used [0x000000076b400000,0x000000076b400000,0x000000079e480000)
  from space 15360K, 99% used [0x000000079e480000,0x000000079f37b568,0x000000079f380000)
  to   space 87040K, 0% used [0x00000007afe00000,0x00000007afe00000,0x00000007b5300000)
 ParOldGen       total 218112K, used 211218K [0x00000006c1c00000, 0x00000006cf100000, 0x000000076b400000)
  object space 218112K, 96% used [0x00000006c1c00000,0x00000006cea44a30,0x00000006cf100000)
 Metaspace       used 55410K, capacity 58922K, committed 59008K, reserved 1101824K
  class space    used 6466K, capacity 7009K, committed 7040K, reserved 1048576K
}
Event: 27.492 GC heap before
{Heap before GC invocations=14 (full 3):
 PSYoungGen      total 851456K, used 15341K [0x000000076b400000, 0x00000007b5300000, 0x00000007c0000000)
  eden space 836096K, 0% used [0x000000076b400000,0x000000076b400000,0x000000079e480000)
  from space 15360K, 99% used [0x000000079e480000,0x000000079f37b568,0x000000079f380000)
  to   space 87040K, 0% used [0x00000007afe00000,0x00000007afe00000,0x00000007b5300000)
 ParOldGen       total 218112K, used 211218K [0x00000006c1c00000, 0x00000006cf100000, 0x000000076b400000)
  object space 218112K, 96% used [0x00000006c1c00000,0x00000006cea44a30,0x00000006cf100000)
 Metaspace       used 55410K, capacity 58922K, committed 59008K, reserved 1101824K
  class space    used 6466K, capacity 7009K, committed 7040K, reserved 1048576K
Event: 27.706 GC heap after
Heap after GC invocations=14 (full 3):
 PSYoungGen      total 851456K, used 0K [0x000000076b400000, 0x00000007b5300000, 0x00000007c0000000)
  eden space 836096K, 0% used [0x000000076b400000,0x000000076b400000,0x000000079e480000)
  from space 15360K, 0% used [0x000000079e480000,0x000000079e480000,0x000000079f380000)
  to   space 87040K, 0% used [0x00000007afe00000,0x00000007afe00000,0x00000007b5300000)
 ParOldGen       total 305664K, used 103665K [0x00000006c1c00000, 0x00000006d4680000, 0x000000076b400000)
  object space 305664K, 33% used [0x00000006c1c00000,0x00000006c813c440,0x00000006d4680000)
 Metaspace       used 55410K, capacity 58922K, committed 59008K, reserved 1101824K
  class space    used 6466K, capacity 7009K, committed 7040K, reserved 1048576K
}

Deoptimization events (10 events):
Event: 94.849 Thread 0x0000000020709000 Uncommon trap: reason=unstable_if action=reinterpret pc=0x0000000003b93fcc method=java.awt.Container.isParentOf(Ljava/awt/Component;)Z @ 13
Event: 94.850 Thread 0x0000000020709000 Uncommon trap: reason=unstable_if action=reinterpret pc=0x0000000003b93fcc method=java.awt.Container.isParentOf(Ljava/awt/Component;)Z @ 13
Event: 94.850 Thread 0x0000000020709000 Uncommon trap: reason=unstable_if action=reinterpret pc=0x0000000003b93fcc method=java.awt.Container.isParentOf(Ljava/awt/Component;)Z @ 13
Event: 94.850 Thread 0x0000000020709000 Uncommon trap: reason=unstable_if action=reinterpret pc=0x0000000003ba0790 method=javax.swing.JComponent.unregisterWithKeyboardManager()V @ 11
Event: 94.850 Thread 0x0000000020709000 Uncommon trap: reason=unstable_if action=reinterpret pc=0x0000000003b93fcc method=java.awt.Container.isParentOf(Ljava/awt/Component;)Z @ 13
Event: 94.850 Thread 0x0000000020709000 Uncommon trap: reason=unstable_if action=reinterpret pc=0x0000000003b93fcc method=java.awt.Container.isParentOf(Ljava/awt/Component;)Z @ 13
Event: 94.850 Thread 0x0000000020709000 Uncommon trap: reason=unstable_if action=reinterpret pc=0x0000000003b93fcc method=java.awt.Container.isParentOf(Ljava/awt/Component;)Z @ 13
Event: 94.850 Thread 0x0000000020709000 Uncommon trap: reason=unstable_if action=reinterpret pc=0x0000000003b8a9cc method=java.awt.Container.isParentOf(Ljava/awt/Component;)Z @ 13
Event: 94.851 Thread 0x0000000020709000 Uncommon trap: reason=unstable_if action=reinterpret pc=0x0000000003a625c0 method=java.awt.EventQueue.removeSourceEvents(Ljava/lang/Object;Z)V @ 51
Event: 94.914 Thread 0x000000002242a800 Uncommon trap: reason=unstable_if action=reinterpret pc=0x00000000048c95a0 method=jogamp.common.util.locks.RecursiveLockImpl01Unfairish$SingleThreadSync.isOwner(Ljava/lang/Thread;)Z @ 5

Classes redefined (0 events):
No events

Internal exceptions (10 events):
Event: 48.005 Thread 0x0000000020706000 Implicit null exception at 0x0000000004e0da09 to 0x0000000004e0de91
Event: 54.191 Thread 0x0000000020706000 Implicit null exception at 0x00000000036611d8 to 0x000000000366127d
Event: 56.054 Thread 0x0000000020706000 Implicit null exception at 0x0000000004a73a57 to 0x0000000004a75029
Event: 56.070 Thread 0x0000000020706000 Implicit null exception at 0x0000000004736cd4 to 0x00000000047372a5
Event: 61.721 Thread 0x0000000020706000 Implicit null exception at 0x00000000048c96e4 to 0x00000000048c97f5
Event: 61.722 Thread 0x0000000020706000 Implicit null exception at 0x000000000439370b to 0x0000000004393b79
Event: 90.574 Thread 0x0000000020709000 Implicit null exception at 0x0000000003baa382 to 0x0000000003baa609
Event: 90.574 Thread 0x0000000020709000 Implicit null exception at 0x0000000003b97cf0 to 0x0000000003b97f69
Event: 90.580 Thread 0x0000000020709000 Implicit null exception at 0x0000000004e8b910 to 0x0000000004e8c751
Event: 94.853 Thread 0x0000000020709000 Exception <a 'java/net/SocketTimeoutException': Read timed out> (0x0000000786372628) thrown at [C:\re\workspace\8-2-build-windows-amd64-cygwin\jdk8u201\12322\hotspot\src\share\vm\prims\jni.cpp, line 735]

Events (10 events):
Event: 94.931 loading class jogamp/opengl/egl/EGLDisplayUtil done
Event: 94.931 loading class com/jogamp/nativewindow/egl/EGLGraphicsDevice$EGLDisplayLifecycleCallback
Event: 94.931 loading class com/jogamp/nativewindow/egl/EGLGraphicsDevice$EGLDisplayLifecycleCallback done
Event: 94.932 loading class jogamp/opengl/egl/EGLDisplayUtil$1
Event: 94.932 loading class jogamp/opengl/egl/EGLDisplayUtil$1 done
Event: 94.933 Executing VM operation: RevokeBias
Event: 94.933 Executing VM operation: RevokeBias done
Event: 94.933 Executing VM operation: RevokeBias
Event: 94.933 Executing VM operation: RevokeBias done
Event: 94.933 Thread 0x0000000022435000 Thread exited: 0x0000000022435000


Dynamic libraries:
0x00007ff688980000 - 0x00007ff6889b7000 	C:\Program Files\Java\jdk1.8.0_201\bin\java.exe
0x00007ffe8cb00000 - 0x00007ffe8cce1000 	C:\WINDOWS\SYSTEM32\ntdll.dll
0x00007ffe8c120000 - 0x00007ffe8c1d2000 	C:\WINDOWS\System32\KERNEL32.DLL
0x00007ffe88f20000 - 0x00007ffe89193000 	C:\WINDOWS\System32\KERNELBASE.dll
0x00007ffe8bfa0000 - 0x00007ffe8c041000 	C:\WINDOWS\System32\ADVAPI32.dll
0x00007ffe8a530000 - 0x00007ffe8a5ce000 	C:\WINDOWS\System32\msvcrt.dll
0x00007ffe8c350000 - 0x00007ffe8c3ab000 	C:\WINDOWS\System32\sechost.dll
0x00007ffe8a600000 - 0x00007ffe8a724000 	C:\WINDOWS\System32\RPCRT4.dll
0x00007ffe8c940000 - 0x00007ffe8cad0000 	C:\WINDOWS\System32\USER32.dll
0x00007ffe89af0000 - 0x00007ffe89b10000 	C:\WINDOWS\System32\win32u.dll
0x00007ffe8c890000 - 0x00007ffe8c8b8000 	C:\WINDOWS\System32\GDI32.dll
0x00007ffe89950000 - 0x00007ffe89ae2000 	C:\WINDOWS\System32\gdi32full.dll
0x00007ffe898b0000 - 0x00007ffe8994f000 	C:\WINDOWS\System32\msvcp_win.dll
0x00007ffe89d00000 - 0x00007ffe89dfa000 	C:\WINDOWS\System32\ucrtbase.dll
0x00007ffe796c0000 - 0x00007ffe79929000 	C:\WINDOWS\WinSxS\amd64_microsoft.windows.common-controls_6595b64144ccf1df_6.0.17134.590_none_fb3d9bff3069e088\COMCTL32.dll
0x00007ffe89f90000 - 0x00007ffe8a2b2000 	C:\WINDOWS\System32\combase.dll
0x00007ffe89e00000 - 0x00007ffe89e7a000 	C:\WINDOWS\System32\bcryptPrimitives.dll
0x00007ffe8a5d0000 - 0x00007ffe8a5fd000 	C:\WINDOWS\System32\IMM32.DLL
0x00007ffe87f00000 - 0x00007ffe87f31000 	C:\WINDOWS\SYSTEM32\ntmarta.dll
0x00007ffe88d40000 - 0x00007ffe88d70000 	C:\WINDOWS\SYSTEM32\SspiCli.dll
0x0000000067800000 - 0x00000000678d1000 	C:\Program Files\Java\jdk1.8.0_201\jre\bin\msvcr100.dll
0x0000000066f50000 - 0x00000000677f4000 	C:\Program Files\Java\jdk1.8.0_201\jre\bin\server\jvm.dll
0x00007ffe8c1e0000 - 0x00007ffe8c1e8000 	C:\WINDOWS\System32\PSAPI.DLL
0x00007ffe764f0000 - 0x00007ffe764f9000 	C:\WINDOWS\SYSTEM32\WSOCK32.dll
0x00007ffe8c0b0000 - 0x00007ffe8c11c000 	C:\WINDOWS\System32\WS2_32.dll
0x00007ffe84b60000 - 0x00007ffe84b83000 	C:\WINDOWS\SYSTEM32\WINMM.dll
0x00007ffe83540000 - 0x00007ffe8354a000 	C:\WINDOWS\SYSTEM32\VERSION.dll
0x00007ffe84b10000 - 0x00007ffe84b3a000 	C:\WINDOWS\SYSTEM32\WINMMBASE.dll
0x00007ffe88ed0000 - 0x00007ffe88f19000 	C:\WINDOWS\System32\cfgmgr32.dll
0x00007ffe7ad50000 - 0x00007ffe7ad5f000 	C:\Program Files\Java\jdk1.8.0_201\jre\bin\verify.dll
0x00007ffe78f30000 - 0x00007ffe78f59000 	C:\Program Files\Java\jdk1.8.0_201\jre\bin\java.dll
0x00007ffe711b0000 - 0x00007ffe711d3000 	C:\Program Files\Java\jdk1.8.0_201\jre\bin\instrument.dll
0x00007ffe76a40000 - 0x00007ffe76a56000 	C:\Program Files\Java\jdk1.8.0_201\jre\bin\zip.dll
0x00007ffe8ab60000 - 0x00007ffe8bfa0000 	C:\WINDOWS\System32\SHELL32.dll
0x00007ffe8a7d0000 - 0x00007ffe8a879000 	C:\WINDOWS\System32\shcore.dll
0x00007ffe891a0000 - 0x00007ffe898ad000 	C:\WINDOWS\System32\windows.storage.dll
0x00007ffe8c3b0000 - 0x00007ffe8c401000 	C:\WINDOWS\System32\shlwapi.dll
0x00007ffe88eb0000 - 0x00007ffe88ec1000 	C:\WINDOWS\System32\kernel.appcore.dll
0x00007ffe88e40000 - 0x00007ffe88e5f000 	C:\WINDOWS\System32\profapi.dll
0x00007ffe88e60000 - 0x00007ffe88eac000 	C:\WINDOWS\System32\powrprof.dll
0x00007ffe88e10000 - 0x00007ffe88e1a000 	C:\WINDOWS\System32\FLTLIB.DLL
0x00007ffe79a80000 - 0x00007ffe79a9a000 	C:\Program Files\JetBrains\IntelliJ IDEA Community Edition 2018.3.3\bin\breakgen64.dll
0x00007ffe76a20000 - 0x00007ffe76a3a000 	C:\Program Files\Java\jdk1.8.0_201\jre\bin\net.dll
0x00007ffe7b1f0000 - 0x00007ffe7b3b9000 	C:\WINDOWS\SYSTEM32\urlmon.dll
0x00007ffe79410000 - 0x00007ffe796b5000 	C:\WINDOWS\SYSTEM32\iertutil.dll
0x00007ffe88840000 - 0x00007ffe8884b000 	C:\WINDOWS\SYSTEM32\CRYPTBASE.DLL
0x00007ffe88690000 - 0x00007ffe886f6000 	C:\WINDOWS\system32\mswsock.dll
0x00007ffe70dd0000 - 0x00007ffe70df4000 	C:\Program Files\Java\jdk1.8.0_201\jre\bin\sunec.dll
0x00007ffe88410000 - 0x00007ffe88448000 	C:\WINDOWS\SYSTEM32\IPHLPAPI.DLL
0x00007ffe8a880000 - 0x00007ffe8a888000 	C:\WINDOWS\System32\NSI.dll
0x00007ffe810a0000 - 0x00007ffe810b6000 	C:\WINDOWS\SYSTEM32\dhcpcsvc6.DLL
0x00007ffe81260000 - 0x00007ffe8127a000 	C:\WINDOWS\SYSTEM32\dhcpcsvc.DLL
0x00007ffe76a00000 - 0x00007ffe76a11000 	C:\Program Files\Java\jdk1.8.0_201\jre\bin\nio.dll
0x00007ffe88850000 - 0x00007ffe88867000 	C:\WINDOWS\SYSTEM32\CRYPTSP.dll
0x00007ffe88270000 - 0x00007ffe882a3000 	C:\WINDOWS\system32\rsaenh.dll
0x00007ffe88970000 - 0x00007ffe88995000 	C:\WINDOWS\SYSTEM32\bcrypt.dll
0x00007ffe88d10000 - 0x00007ffe88d38000 	C:\WINDOWS\SYSTEM32\USERENV.dll
0x00007ffe6e3a0000 - 0x00007ffe6e3e2000 	C:\Users\asus\AppData\Local\Temp\jna-3003984\jna936045519030865202.dll
0x00007ffe60a60000 - 0x00007ffe60afc000 	C:\Users\asus\AppData\Local\Temp\jna-3003984\jna4107776815197082504.dll
0x00007ffe88450000 - 0x00007ffe8850e000 	C:\WINDOWS\SYSTEM32\DNSAPI.dll
0x00007ffe7c910000 - 0x00007ffe7c91a000 	C:\Windows\System32\rasadhlp.dll
0x00007ffe7cf10000 - 0x00007ffe7cf82000 	C:\WINDOWS\System32\fwpuclnt.dll
0x00007ffe4adf0000 - 0x00007ffe4af89000 	C:\Program Files\Java\jdk1.8.0_201\jre\bin\awt.dll
0x00007ffe8a2c0000 - 0x00007ffe8a383000 	C:\WINDOWS\System32\OLEAUT32.dll
0x00007ffe86450000 - 0x00007ffe864db000 	C:\WINDOWS\SYSTEM32\apphelp.dll
0x00007ffe86580000 - 0x00007ffe86618000 	C:\WINDOWS\system32\uxtheme.dll
0x00007ffe8a8f0000 - 0x00007ffe8aa63000 	C:\WINDOWS\System32\MSCTF.dll
0x00007ffe86fe0000 - 0x00007ffe87009000 	C:\WINDOWS\system32\dwmapi.dll
0x00007ffe8c1f0000 - 0x00007ffe8c341000 	C:\WINDOWS\System32\ole32.dll
0x00007ffe79b20000 - 0x00007ffe79b2b000 	C:\Program Files\Java\jdk1.8.0_201\jre\bin\sunmscapi.dll
0x00007ffe89b10000 - 0x00007ffe89cf2000 	C:\WINDOWS\System32\CRYPT32.dll
0x00007ffe88e20000 - 0x00007ffe88e32000 	C:\WINDOWS\System32\MSASN1.dll
0x00007ffe6d3f0000 - 0x00007ffe6d437000 	C:\Program Files\Java\jdk1.8.0_201\jre\bin\fontmanager.dll
0x00007ffe51a80000 - 0x00007ffe51b22000 	C:\Program Files\Java\jdk1.8.0_201\jre\bin\mlib_image.dll
0x00007ffe773d0000 - 0x00007ffe774f0000 	C:\WINDOWS\system32\opengl32.dll
0x00007ffe82690000 - 0x00007ffe826bc000 	C:\WINDOWS\SYSTEM32\GLU32.dll
0x00007ffe6d3c0000 - 0x00007ffe6d3ea000 	C:\Program Files\Java\jdk1.8.0_201\jre\bin\dcpr.dll
0x00007ffe6a120000 - 0x00007ffe6a162000 	C:\Program Files\Java\jdk1.8.0_201\jre\bin\t2k.dll
0x00007ffe8a730000 - 0x00007ffe8a7d0000 	C:\WINDOWS\System32\clbcatq.dll
0x00007ffe83780000 - 0x00007ffe8392e000 	C:\WINDOWS\SYSTEM32\WindowsCodecs.dll
0x00007ffe6cbe0000 - 0x00007ffe6cc38000 	C:\WINDOWS\system32\dataexchange.dll
0x00007ffe85490000 - 0x00007ffe8579b000 	C:\WINDOWS\system32\d3d11.dll
0x00007ffe85d70000 - 0x00007ffe85f0c000 	C:\WINDOWS\system32\dcomp.dll
0x00007ffe87bd0000 - 0x00007ffe87c8b000 	C:\WINDOWS\system32\dxgi.dll
0x00007ffe870f0000 - 0x00007ffe872a8000 	C:\WINDOWS\system32\twinapi.appcore.dll
0x00007ffe870c0000 - 0x00007ffe870e9000 	C:\WINDOWS\system32\RMCLIENT.dll
0x00007ffe81420000 - 0x00007ffe814c8000 	C:\WINDOWS\SYSTEM32\mscms.dll
0x00007ffe84c50000 - 0x00007ffe84c60000 	C:\WINDOWS\SYSTEM32\ColorAdapterClient.dll
0x00007ffe68d30000 - 0x00007ffe68d73000 	C:\WINDOWS\SYSTEM32\icm32.dll
0x00007ffe77be0000 - 0x00007ffe77c76000 	C:\WINDOWS\System32\TextInputFramework.dll
0x00007ffe83210000 - 0x00007ffe8352e000 	C:\WINDOWS\System32\CoreUIComponents.dll
0x00007ffe86250000 - 0x00007ffe8632a000 	C:\WINDOWS\System32\CoreMessaging.dll
0x00007ffe844a0000 - 0x00007ffe845ed000 	C:\WINDOWS\SYSTEM32\wintypes.dll
0x00007ffe7d540000 - 0x00007ffe7d5ab000 	C:\WINDOWS\system32\Oleacc.dll
0x00000000637c0000 - 0x00000000637cd000 	C:\Users\asus\AppData\Local\Temp\jogamp_0000\file_cache\jln3734461231196269010\jln5869725311990988194\natives\windows-amd64\gluegen-rt.dll
0x00007ffe78ef0000 - 0x00007ffe78ef7000 	C:\Program Files\Java\jdk1.8.0_201\jre\bin\jawt.dll
0x000000006a440000 - 0x000000006a44d000 	C:\Users\asus\AppData\Local\Temp\jogamp_0000\file_cache\jln3734461231196269010\jln5869725311990988194\natives\windows-amd64\nativewindow_awt.dll
0x000000006c100000 - 0x000000006c10f000 	C:\Users\asus\AppData\Local\Temp\jogamp_0000\file_cache\jln3734461231196269010\jln5869725311990988194\natives\windows-amd64\nativewindow_win32.dll
0x0000000064500000 - 0x00000000645b1000 	C:\Users\asus\AppData\Local\Temp\jogamp_0000\file_cache\jln3734461231196269010\jln5869725311990988194\natives\windows-amd64\jogl_desktop.dll
0x0000000064340000 - 0x00000000643a2000 	C:\Users\asus\AppData\Local\Temp\jogamp_0000\file_cache\jln3734461231196269010\jln5869725311990988194\natives\windows-amd64\jogl_mobile.dll
0x00007ffe1c1f0000 - 0x00007ffe1d0de000 	C:\WINDOWS\System32\DriverStore\FileRepository\igdlh64.inf_amd64_31ba00ea6900d67d\ig9icd64.dll
0x00007ffe7a400000 - 0x00007ffe7a40d000 	C:\Program Files\Java\jdk1.8.0_201\jre\bin\management.dll
0x00007ffe7d7e0000 - 0x00007ffe7f6e1000 	C:\WINDOWS\System32\DriverStore\FileRepository\igdlh64.inf_amd64_31ba00ea6900d67d\igc64.dll
0x00007ffe77220000 - 0x00007ffe7722c000 	C:\Program Files\Java\jdk1.8.0_201\jre\bin\jsound.dll
0x00007ffe770b0000 - 0x00007ffe770bb000 	C:\Program Files\Java\jdk1.8.0_201\jre\bin\jsoundds.dll
0x00007ffe519f0000 - 0x00007ffe51a7f000 	C:\WINDOWS\SYSTEM32\DSOUND.dll
0x00007ffe81170000 - 0x00007ffe811e6000 	C:\WINDOWS\SYSTEM32\MMDevAPI.DLL
0x00007ffe88c20000 - 0x00007ffe88c47000 	C:\WINDOWS\SYSTEM32\DEVOBJ.dll
0x00007ffe86a00000 - 0x00007ffe86bb4000 	C:\WINDOWS\SYSTEM32\PROPSYS.dll
0x00007ffe4f800000 - 0x00007ffe4f844000 	C:\WINDOWS\SYSTEM32\wdmaud.drv
0x00007ffe82da0000 - 0x00007ffe82da9000 	C:\WINDOWS\SYSTEM32\ksuser.dll
0x00007ffe83b00000 - 0x00007ffe83b0a000 	C:\WINDOWS\SYSTEM32\AVRT.dll
0x00007ffe73130000 - 0x00007ffe7325c000 	C:\WINDOWS\SYSTEM32\AUDIOSES.DLL
0x00007ffe79a20000 - 0x00007ffe79a2d000 	C:\WINDOWS\SYSTEM32\msacm32.drv
0x00007ffe70be0000 - 0x00007ffe70bfc000 	C:\WINDOWS\SYSTEM32\MSACM32.dll
0x00007ffe78ff0000 - 0x00007ffe78ffa000 	C:\WINDOWS\SYSTEM32\midimap.dll
0x00007ffe671a0000 - 0x00007ffe671d1000 	C:\Program Files\Java\jdk1.8.0_201\jre\bin\jpeg.dll
0x00007ffe87810000 - 0x00007ffe879d9000 	C:\WINDOWS\SYSTEM32\dbghelp.dll

VM Arguments:
jvm_args: -ea -javaagent:C:\Program Files\JetBrains\IntelliJ IDEA Community Edition 2018.3.3\lib\idea_rt.jar=49575:C:\Program Files\JetBrains\IntelliJ IDEA Community Edition 2018.3.3\bin -Dfile.encoding=UTF-8 
java_command: net.runelite.client.RuneLite --debug --developer-mode
java_class_path (initial): C:\Program Files\Java\jdk1.8.0_201\jre\lib\charsets.jar;C:\Program Files\Java\jdk1.8.0_201\jre\lib\deploy.jar;C:\Program Files\Java\jdk1.8.0_201\jre\lib\ext\access-bridge-64.jar;C:\Program Files\Java\jdk1.8.0_201\jre\lib\ext\cldrdata.jar;C:\Program Files\Java\jdk1.8.0_201\jre\lib\ext\dnsns.jar;C:\Program Files\Java\jdk1.8.0_201\jre\lib\ext\jaccess.jar;C:\Program Files\Java\jdk1.8.0_201\jre\lib\ext\jfxrt.jar;C:\Program Files\Java\jdk1.8.0_201\jre\lib\ext\localedata.jar;C:\Program Files\Java\jdk1.8.0_201\jre\lib\ext\nashorn.jar;C:\Program Files\Java\jdk1.8.0_201\jre\lib\ext\sunec.jar;C:\Program Files\Java\jdk1.8.0_201\jre\lib\ext\sunjce_provider.jar;C:\Program Files\Java\jdk1.8.0_201\jre\lib\ext\sunmscapi.jar;C:\Program Files\Java\jdk1.8.0_201\jre\lib\ext\sunpkcs11.jar;C:\Program Files\Java\jdk1.8.0_201\jre\lib\ext\zipfs.jar;C:\Program Files\Java\jdk1.8.0_201\jre\lib\javaws.jar;C:\Program Files\Java\jdk1.8.0_201\jre\lib\jce.jar;C:\Program Files\Java\jdk1.8.0_201\jre\lib\jfr.jar;C:\Program Files\Java\jdk1.8.0_201\jre\lib\jfxswt.jar;C:\Program Files\Java\jdk1.8.0_201\jre\lib\jsse.jar;C:\Program Files\Java\jdk1.8.0_201\jre\lib\management-agent.jar;C:\Program Files\Java\jdk1.8.0_201\jre\lib\plugin.jar;C:\Program Files\Java\jdk1.8.0_201\jre\lib\resources.jar;C:\Program Files\Java\jdk1.8.0_201\jre\lib\rt.jar;C:\Users\asus\runelite\runelite-client\target\classes;C:\Users\asus\.m2\repository\org\slf4j\slf4j-api\1.7.25\slf4j-api-1.7.25.jar;C:\Users\asus\.m2\repository\ch\qos\logback\logback-classic\1.2.3\logback-classic-1.2.3.jar;C:\Users\asus\.m2\repository\ch\qos\logback\logback-core\1.2.3\logback-core-1.2.3.jar;C:\Users\asus\.m2\repository\net\sf\jopt-simple\jopt-simple\5.0.1\jopt-simple-5.0.1.jar;C:\Users\asus\.m2\repository\com\google\guava\guava\23.2-jre\guava-23.2-jre.jar;C:\Users\asus\.m2\repository\com\google\code\findbugs\jsr305\1.3.9\jsr305-1.3.9.jar;C:\Users\asus\.m2\repository\com\google\errorprone\error_prone_annotations\2.0.18\error_
Launcher Type: SUN_STANDARD

Environment Variables:
PATH=C:\Program Files (x86)\Common Files\Oracle\Java\javapath;C:\Program Files (x86)\Intel\iCLS Client\;C:\Program Files\Intel\iCLS Client\;C:\Windows\system32;C:\Windows;C:\Windows\System32\Wbem;C:\Windows\System32\WindowsPowerShell\v1.0\;C:\Program Files (x86)\NVIDIA Corporation\PhysX\Common;C:\Program Files (x86)\Intel\Intel(R) Management Engine Components\DAL;C:\Program Files\Intel\Intel(R) Management Engine Components\DAL;C:\Program Files (x86)\Intel\Intel(R) Management Engine Components\IPT;C:\Program Files\Intel\Intel(R) Management Engine Components\IPT;C:\WINDOWS\system32;C:\WINDOWS;C:\WINDOWS\System32\Wbem;C:\WINDOWS\System32\WindowsPowerShell\v1.0\;C:\WINDOWS\System32\OpenSSH\;C:\Documents\PuTTY\;C:\Program Files\Intel\WiFi\bin\;C:\Program Files\Common Files\Intel\WirelessCommon\;C:\cygwin\bin;C:\Program Files\Git\cmd;C:\Users\asus\AppData\Local\Microsoft\WindowsApps;C:\Users\asus\AppData\Local\GitHubDesktop\bin
USERNAME=asus
OS=Windows_NT
PROCESSOR_IDENTIFIER=Intel64 Family 6 Model 158 Stepping 9, GenuineIntel



---------------  S Y S T E M  ---------------

OS: Windows 10.0 , 64 bit Build 17134 (10.0.17134.556)

CPU:total 8 (initial active 8) (4 cores per cpu, 2 threads per core) family 6 model 158 stepping 9, cmov, cx8, fxsr, mmx, sse, sse2, sse3, ssse3, sse4.1, sse4.2, popcnt, avx, avx2, aes, clmul, erms, 3dnowpref, lzcnt, ht, tsc, tscinvbit, bmi1, bmi2, adx

Memory: 4k page, physical 16659216k(8487492k free), swap 19149584k(5512544k free)

vm_info: Java HotSpot(TM) 64-Bit Server VM (25.201-b09) for windows-amd64 JRE (1.8.0_201-b09), built on Dec 15 2018 18:36:39 by "java_re" with MS VC++ 10.0 (VS2010)

time: Fri Mar 01 11:57:02 2019
timezone: Eastern Standard Time
elapsed time: 95 seconds (0d 0h 1m 35s)

