#
# A fatal error has been detected by the Java Runtime Environment:
#
#  EXCEPTION_ACCESS_VIOLATION (0xc0000005) at pc=0x00007ffaf85c71c6, pid=11596, tid=9596
#
# JRE version: Java(TM) SE Runtime Environment (11.0.2+9) (build 11.0.2+9-LTS)
# Java VM: Java HotSpot(TM) 64-Bit Server VM (11.0.2+9-LTS, mixed mode, tiered, compressed oops, g1 gc, windows-amd64)
# Problematic frame:
# C  [ig9icd64.dll+0x1a71c6]
#
# No core dump will be written. Minidumps are not enabled by default on client versions of Windows
#
# If you would like to submit a bug report, please visit:
#   http://bugreport.java.com/bugreport/crash.jsp
# The crash happened outside the Java Virtual Machine in native code.
# See problematic frame for where to report the bug.
#

---------------  S U M M A R Y ------------

Command Line: -javaagent:C:\Program Files\JetBrains\IntelliJ IDEA Community Edition 2018.3.4\lib\idea_rt.jar=56025:C:\Program Files\JetBrains\IntelliJ IDEA Community Edition 2018.3.4\bin -Dfile.encoding=UTF-8 net.runelite.client.RuneLite

Host: Intel(R) Core(TM) i5-6500 CPU @ 3.20GHz, 4 cores, 7G,  Windows 10 , 64 bit Build 17134 (10.0.17134.1)
Time: Mon Feb 25 16:21:07 2019 AUS Eastern Daylight Time elapsed time: 150 seconds (0d 0h 2m 30s)

---------------  T H R E A D  ---------------

Current thread (0x000001ebd7a6d800):  JavaThread "Thread-3" daemon [_thread_in_native, id=9596, stack(0x000000732a300000,0x000000732a400000)]

Stack: [0x000000732a300000,0x000000732a400000],  sp=0x000000732a3feba0,  free space=1018k
Native frames: (J=compiled Java code, j=interpreted, Vv=VM code, C=native code)
C  [ig9icd64.dll+0x1a71c6]

Java frames: (J=compiled Java code, j=interpreted, Vv=VM code)
J 7735  jogamp.opengl.gl4.GL4bcImpl.dispatch_glBlitFramebuffer1(IIIIIIIIIIJ)V (0 bytes) @ 0x000001ebc7a5d3c3 [0x000001ebc7a5d340+0x0000000000000083]
J 12225 c2 jogamp.opengl.gl4.GL4bcImpl.glBlitFramebuffer(IIIIIIIIII)V (63 bytes) @ 0x000001ebc8130940 [0x000001ebc81308c0+0x0000000000000080]
J 10808 c2 net.runelite.client.plugins.gpu.GpuPlugin.draw()V (2777 bytes) @ 0x000001ebc7eac310 [0x000001ebc7eaab60+0x00000000000017b0]
J 7609 c1 ah.onPost(Ljava/lang/Object;)V (20 bytes) @ 0x000001ebc01fd08c [0x000001ebc01fcf60+0x000000000000012c]
j  ah.p(Ljava/lang/Object;I)V+2
j  ah.run()V+380
j  java.lang.Thread.run()V+11 java.base@11.0.2
v  ~StubRoutines::call_stub

siginfo: EXCEPTION_ACCESS_VIOLATION (0xc0000005), reading address 0x0000000000000010


Register to memory mapping:

RIP=0x00007ffaf85c71c6 ig9icd64.dll
RAX=0x00007ffaf923d940 ig9icd64.dll
RBX=
[error occurred during error reporting (printing register info), id 0xc0000005, EXCEPTION_ACCESS_VIOLATION (0xc0000005) at pc=0x00007ffb1afe2eb6]

Registers:
RAX=0x00007ffaf923d940, RBX=0x00000000ffffffff, RCX=0x0000000000000000, RDX=0x000001ebda7b5f00
RSP=0x000000732a3feba0, RBP=0x000000732a3fecd0, RSI=0x000001ebd9beaf00, RDI=0x000001ebdaea9450
R8 =0x0000000000000000, R9 =0x000001ebd98b8ec0, R10=0x0000000000000001, R11=0x0000000000000000
R12=0x0000000000000000, R13=0x000001ebda7b5f00, R14=0x0000000000000001, R15=0x000001ebd9beaf00
RIP=0x00007ffaf85c71c6, EFLAGS=0x0000000000010206

Top of Stack: (sp=0x000000732a3feba0)
0x000000732a3feba0:   fffffffffffffffe 00007ffaf8976e9b
0x000000732a3febb0:   fffffffffffffffe 00007ffaf8976e9b
0x000000732a3febc0:   00000000ffffffff 00007ffaf8638e3b
0x000000732a3febd0:   00000000ffffffff 000001ebd9beaf00
0x000000732a3febe0:   000001ebdad508e0 000001ebdad508e0
0x000000732a3febf0:   000001ebd971e4d0 00007ffaf8978904
0x000000732a3fec00:   000001ebdad511f8 000001ebf6500900
0x000000732a3fec10:   000001ebf6500430 00007ffaf899f828
0x000000732a3fec20:   000001ebf6500430 0000000000000201
0x000000732a3fec30:   0000001700000002 00007ffb4c5e6ff8
0x000000732a3fec40:   0000000200000001 00007ffb4c5e6ff8
0x000000732a3fec50:   0000001e00000001 00000000000001ff
0x000000732a3fec60:   0000000000000000 00000000ffffffff
0x000000732a3fec70:   0000000000000000 0000000000000000
0x000000732a3fec80:   0000000000000000 00000000000001ff
0x000000732a3fec90:   0000000000000000 00000000ffffffff 

Instructions: (pc=0x00007ffaf85c71c6)
0x00007ffaf85c71a6:   48 63 c2 8b 44 c1 3c c3 48 63 c2 8b 44 c1 40 c3
0x00007ffaf85c71b6:   cc cc cc cc cc cc cc cc cc cc 40 53 48 83 ec 20
0x00007ffaf85c71c6:   8b 41 10 48 8d 59 20 39 03 74 35 48 8b 91 88 00
0x00007ffaf85c71d6:   00 00 48 85 d2 74 15 48 8b 52 20 4c 8b c3 e8 27 


Stack slot to memory mapping:
stack at sp + 0 slots: 0xfffffffffffffffe is an unknown value
stack at sp + 1 slots: 0x00007ffaf8976e9b ig9icd64.dll
stack at sp + 2 slots: 0xfffffffffffffffe is an unknown value
stack at sp + 3 slots: 0x00007ffaf8976e9b ig9icd64.dll
stack at sp + 4 slots: 
[error occurred during error reporting (inspecting top of stack), id 0xc0000005, EXCEPTION_ACCESS_VIOLATION (0xc0000005) at pc=0x00007ffb1afe2eb6]


---------------  P R O C E S S  ---------------

Threads class SMR info:
_java_thread_list=0x000001ebdb594910, length=35, elements={
0x000001ebd5b8e000, 0x000001ebd5b8f800, 0x000001ebd6523800, 0x000001ebd5bcb800,
0x000001ebd5bce800, 0x000001ebd5bd0800, 0x000001ebd5bde000, 0x000001ebd5b47000,
0x000001ebd699e800, 0x000001ebd69a1000, 0x000001ebd76f2000, 0x000001ebd785f800,
0x000001ebd7865800, 0x000001ebd9a62800, 0x000001ebd7acc800, 0x000001ebd97ee000,
0x000001ebd97ec000, 0x000001ebd97ed000, 0x000001ebd7a6a000, 0x000001ebd7a6d800,
0x000001ebd7a6b000, 0x000001ebd7a68000, 0x000001ebd7a68800, 0x000001ebd7a70000,
0x000001ebd7a6f000, 0x000001ebd7a71000, 0x000001ebd7a71800, 0x000001ebd7a6c000,
0x000001ebd7a75800, 0x000001ebd7a73000, 0x000001ebd7a74000, 0x000001ebd7a76800,
0x000001ebd7a6c800, 0x000001ebd7a6e800, 0x000001ebdacbc000
}

Java Threads: ( => current thread )
  0x000001ebd5b8e000 JavaThread "Reference Handler" daemon [_thread_blocked, id=22308, stack(0x0000007328400000,0x0000007328500000)]
  0x000001ebd5b8f800 JavaThread "Finalizer" daemon [_thread_blocked, id=17164, stack(0x0000007328500000,0x0000007328600000)]
  0x000001ebd6523800 JavaThread "Signal Dispatcher" daemon [_thread_blocked, id=17068, stack(0x0000007328600000,0x0000007328700000)]
  0x000001ebd5bcb800 JavaThread "Attach Listener" daemon [_thread_blocked, id=19852, stack(0x0000007328700000,0x0000007328800000)]
  0x000001ebd5bce800 JavaThread "C2 CompilerThread0" daemon [_thread_blocked, id=20172, stack(0x0000007328800000,0x0000007328900000)]
  0x000001ebd5bd0800 JavaThread "C1 CompilerThread0" daemon [_thread_blocked, id=12592, stack(0x0000007328900000,0x0000007328a00000)]
  0x000001ebd5bde000 JavaThread "Sweeper thread" daemon [_thread_blocked, id=18408, stack(0x0000007328a00000,0x0000007328b00000)]
  0x000001ebd5b47000 JavaThread "Common-Cleaner" daemon [_thread_blocked, id=4048, stack(0x0000007328b00000,0x0000007328c00000)]
  0x000001ebd699e800 JavaThread "Monitor Ctrl-Break" daemon [_thread_in_native, id=3428, stack(0x0000007328c00000,0x0000007328d00000)]
  0x000001ebd69a1000 JavaThread "Service Thread" daemon [_thread_blocked, id=20852, stack(0x0000007328d00000,0x0000007328e00000)]
  0x000001ebd76f2000 JavaThread "pool-2-thread-1" [_thread_blocked, id=19256, stack(0x0000007329200000,0x0000007329300000)]
  0x000001ebd785f800 JavaThread "OkHttp ConnectionPool" daemon [_thread_blocked, id=18240, stack(0x0000007329400000,0x0000007329500000)]
  0x000001ebd7865800 JavaThread "Okio Watchdog" daemon [_thread_blocked, id=20524, stack(0x0000007329500000,0x0000007329600000)]
  0x000001ebd9a62800 JavaThread "Java2D Disposer" daemon [_thread_blocked, id=15832, stack(0x0000007329900000,0x0000007329a00000)]
  0x000001ebd7acc800 JavaThread "OkHttp api.runelite.net" [_thread_in_native, id=15748, stack(0x0000007329700000,0x0000007329800000)]
  0x000001ebd97ee000 JavaThread "OkHttp static.runelite.net" [_thread_in_native, id=17116, stack(0x0000007329e00000,0x0000007329f00000)]
  0x000001ebd97ec000 JavaThread "AWT-Shutdown" [_thread_blocked, id=6248, stack(0x0000007329a00000,0x0000007329b00000)]
  0x000001ebd97ed000 JavaThread "AWT-EventQueue-0" [_thread_blocked, id=13432, stack(0x0000007329f00000,0x000000732a000000)]
  0x000001ebd7a6a000 JavaThread "Thread-2" daemon [_thread_blocked, id=9304, stack(0x000000732a200000,0x000000732a300000)]
=>0x000001ebd7a6d800 JavaThread "Thread-3" daemon [_thread_in_native, id=9596, stack(0x000000732a300000,0x000000732a400000)]
  0x000001ebd7a6b000 JavaThread "Thread-4" daemon [_thread_blocked, id=500, stack(0x000000732a400000,0x000000732a500000)]
  0x000001ebd7a68000 JavaThread "Substance heap status" daemon [_thread_blocked, id=3284, stack(0x000000732a500000,0x000000732a600000)]
  0x000001ebd7a68800 JavaThread "Trident callback thread" daemon [_thread_blocked, id=15400, stack(0x000000732a900000,0x000000732aa00000)]
  0x000001ebd7a70000 JavaThread "Trident pulse source thread" daemon [_thread_blocked, id=6804, stack(0x000000732aa00000,0x000000732ab00000)]
  0x000001ebd7a6f000 JavaThread "Thread-9" daemon [_thread_blocked, id=9372, stack(0x000000732ad00000,0x000000732ae00000)]
  0x000001ebd7a71000 JavaThread "pool-4-thread-1" [_thread_blocked, id=17544, stack(0x000000732ae00000,0x000000732af00000)]
  0x000001ebd7a71800 JavaThread "TimerQueue" daemon [_thread_blocked, id=19840, stack(0x000000732af00000,0x000000732b000000)]
  0x000001ebd7a6c000 JavaThread "DestroyJavaVM" [_thread_blocked, id=20776, stack(0x0000007327d00000,0x0000007327e00000)]
  0x000001ebd7a75800 JavaThread "Java Sound Event Dispatcher" daemon [_thread_blocked, id=2536, stack(0x000000732b300000,0x000000732b400000)]
  0x000001ebd7a73000 JavaThread "pool-5-thread-1" [_thread_blocked, id=15404, stack(0x000000732b900000,0x000000732ba00000)]
  0x000001ebd7a74000 JavaThread "Thread-13" daemon [_thread_blocked, id=4388, stack(0x000000732bc00000,0x000000732bd00000)]
  0x000001ebd7a76800 JavaThread "OkHttp Dispatcher" [_thread_blocked, id=15208, stack(0x0000007329800000,0x0000007329900000)]
  0x000001ebd7a6c800 JavaThread "Thread-22" daemon [_thread_in_native, id=14784, stack(0x0000007327a00000,0x0000007327b00000)]
  0x000001ebd7a6e800 JavaThread "Thread-23" daemon [_thread_blocked, id=17696, stack(0x0000007327b00000,0x0000007327c00000)]
  0x000001ebdacbc000 JavaThread "OkHttp Dispatcher" [_thread_blocked, id=10780, stack(0x0000007329d00000,0x0000007329e00000)]

Other Threads:
  0x000001ebd5b8c000 VMThread "VM Thread" [stack: 0x0000007328300000,0x0000007328400000] [id=6928] _threads_hazard_ptr=0x000001ebdb594910
  0x000001ebb7889800 GCTaskThread "GC Thread#0" [stack: 0x0000007327e00000,0x0000007327f00000] [id=20948]
  0x000001ebd6fc4000 GCTaskThread "GC Thread#1" [stack: 0x0000007328f00000,0x0000007329000000] [id=2232]
  0x000001ebd703f800 GCTaskThread "GC Thread#2" [stack: 0x0000007329000000,0x0000007329100000] [id=10924]
  0x000001ebd79f2000 GCTaskThread "GC Thread#3" [stack: 0x0000007329600000,0x0000007329700000] [id=17460]
  0x000001ebb78b9800 ConcurrentGCThread "G1 Main Marker" [stack: 0x0000007327f00000,0x0000007328000000] [id=9548]
  0x000001ebb78bd000 ConcurrentGCThread "G1 Conc#0" [stack: 0x0000007328000000,0x0000007328100000] [id=5744]
  0x000001ebd59f4800 ConcurrentGCThread "G1 Refine#0" [stack: 0x0000007328100000,0x0000007328200000] [id=2688]
  0x000001ebd6868800 ConcurrentGCThread "G1 Refine#1" [stack: 0x0000007329100000,0x0000007329200000] [id=7476]
  0x000001ebe9206800 ConcurrentGCThread "G1 Refine#2" [stack: 0x0000007329c00000,0x0000007329d00000] [id=5072]
  0x000001ebb793d800 ConcurrentGCThread "G1 Young RemSet Sampling" [stack: 0x0000007328200000,0x0000007328300000] [id=2700]

Threads with active compile tasks:

VM state:at safepoint (normal execution)

VM Mutex/Monitor currently owned by a thread:  ([mutex/lock_event])
[0x000001ebb786f440] Threads_lock - owner thread: 0x000001ebd5b8c000

Heap address: 0x0000000081c00000, size: 2020 MB, Compressed Oops mode: 32-bit
Narrow klass base: 0x0000000000000000, Narrow klass shift: 3
Compressed class space size: 1073741824 Address: 0x0000000100000000

Heap:
 garbage-first heap   total 331776K, used 129536K [0x0000000081c00000, 0x0000000100000000)
  region size 1024K, 31 young (31744K), 5 survivors (5120K)
 Metaspace       used 70823K, capacity 72669K, committed 72880K, reserved 1114112K
  class space    used 7386K, capacity 8153K, committed 8192K, reserved 1048576K
Heap Regions: E=young(eden), S=young(survivor), O=old, HS=humongous(starts), HC=humongous(continues), CS=collection set, F=free, A=archive, TAMS=top-at-mark-start (previous, next)
|   0|0x0000000081c00000, 0x0000000081d00000, 0x0000000081d00000|100%| O|  |TAMS 0x0000000081d00000, 0x0000000081c00000| Untracked 
|   1|0x0000000081d00000, 0x0000000081e00000, 0x0000000081e00000|100%| O|  |TAMS 0x0000000081e00000, 0x0000000081d00000| Untracked 
|   2|0x0000000081e00000, 0x0000000081f00000, 0x0000000081f00000|100%| O|  |TAMS 0x0000000081f00000, 0x0000000081e00000| Untracked 
|   3|0x0000000081f00000, 0x0000000082000000, 0x0000000082000000|100%| O|  |TAMS 0x0000000082000000, 0x0000000081f00000| Untracked 
|   4|0x0000000082000000, 0x0000000082100000, 0x0000000082100000|100%| O|  |TAMS 0x0000000082000000, 0x0000000082000000| Untracked 
|   5|0x0000000082100000, 0x0000000082200000, 0x0000000082200000|100%| O|  |TAMS 0x0000000082200000, 0x0000000082100000| Untracked 
|   6|0x0000000082200000, 0x0000000082300000, 0x0000000082300000|100%|HS|  |TAMS 0x0000000082300000, 0x0000000082200000| Complete 
|   7|0x0000000082300000, 0x0000000082400000, 0x0000000082400000|100%|HC|  |TAMS 0x0000000082400000, 0x0000000082300000| Complete 
|   8|0x0000000082400000, 0x0000000082500000, 0x0000000082500000|100%|HS|  |TAMS 0x0000000082500000, 0x0000000082400000| Complete 
|   9|0x0000000082500000, 0x0000000082600000, 0x0000000082600000|100%|HC|  |TAMS 0x0000000082600000, 0x0000000082500000| Complete 
|  10|0x0000000082600000, 0x0000000082700000, 0x0000000082700000|100%|HC|  |TAMS 0x0000000082700000, 0x0000000082600000| Complete 
|  11|0x0000000082700000, 0x0000000082800000, 0x0000000082800000|100%| O|  |TAMS 0x0000000082800000, 0x0000000082700000| Untracked 
|  12|0x0000000082800000, 0x0000000082900000, 0x0000000082900000|100%| O|  |TAMS 0x0000000082900000, 0x0000000082800000| Untracked 
|  13|0x0000000082900000, 0x0000000082a00000, 0x0000000082a00000|100%| O|  |TAMS 0x0000000082a00000, 0x0000000082900000| Untracked 
|  14|0x0000000082a00000, 0x0000000082b00000, 0x0000000082b00000|100%|HS|  |TAMS 0x0000000082b00000, 0x0000000082a00000| Complete 
|  15|0x0000000082b00000, 0x0000000082c00000, 0x0000000082c00000|100%|HC|  |TAMS 0x0000000082c00000, 0x0000000082b00000| Complete 
|  16|0x0000000082c00000, 0x0000000082d00000, 0x0000000082d00000|100%|HC|  |TAMS 0x0000000082d00000, 0x0000000082c00000| Complete 
|  17|0x0000000082d00000, 0x0000000082e00000, 0x0000000082e00000|100%| O|  |TAMS 0x0000000082d00000, 0x0000000082d00000| Untracked 
|  18|0x0000000082e00000, 0x0000000082f00000, 0x0000000082f00000|100%| O|  |TAMS 0x0000000082e00000, 0x0000000082e00000| Untracked 
|  19|0x0000000082f00000, 0x0000000083000000, 0x0000000083000000|100%| O|  |TAMS 0x0000000082f00000, 0x0000000082f00000| Untracked 
|  20|0x0000000083000000, 0x0000000083100000, 0x0000000083100000|100%| O|  |TAMS 0x0000000083100000, 0x0000000083000000| Untracked 
|  21|0x0000000083100000, 0x0000000083200000, 0x0000000083200000|100%| O|  |TAMS 0x0000000083200000, 0x0000000083100000| Untracked 
|  22|0x0000000083200000, 0x0000000083300000, 0x0000000083300000|100%| O|  |TAMS 0x0000000083300000, 0x0000000083200000| Untracked 
|  23|0x0000000083300000, 0x0000000083400000, 0x0000000083400000|100%| O|  |TAMS 0x0000000083400000, 0x0000000083300000| Untracked 
|  24|0x0000000083400000, 0x0000000083500000, 0x0000000083500000|100%| O|  |TAMS 0x0000000083500000, 0x0000000083400000| Untracked 
|  25|0x0000000083500000, 0x0000000083600000, 0x0000000083600000|100%| O|  |TAMS 0x0000000083600000, 0x0000000083500000| Untracked 
|  26|0x0000000083600000, 0x0000000083700000, 0x0000000083700000|100%| O|  |TAMS 0x0000000083700000, 0x0000000083600000| Untracked 
|  27|0x0000000083700000, 0x0000000083800000, 0x0000000083800000|100%| O|  |TAMS 0x0000000083800000, 0x0000000083700000| Untracked 
|  28|0x0000000083800000, 0x0000000083900000, 0x0000000083900000|100%| O|  |TAMS 0x0000000083900000, 0x0000000083800000| Untracked 
|  29|0x0000000083900000, 0x0000000083a00000, 0x0000000083a00000|100%| O|  |TAMS 0x0000000083a00000, 0x0000000083900000| Untracked 
|  30|0x0000000083a00000, 0x0000000083b00000, 0x0000000083b00000|100%| O|  |TAMS 0x0000000083b00000, 0x0000000083a00000| Untracked 
|  31|0x0000000083b00000, 0x0000000083c00000, 0x0000000083c00000|100%| O|  |TAMS 0x0000000083c00000, 0x0000000083b00000| Untracked 
|  32|0x0000000083c00000, 0x0000000083d00000, 0x0000000083d00000|100%| O|  |TAMS 0x0000000083d00000, 0x0000000083c00000| Untracked 
|  33|0x0000000083d00000, 0x0000000083e00000, 0x0000000083e00000|100%| O|  |TAMS 0x0000000083e00000, 0x0000000083d00000| Untracked 
|  34|0x0000000083e00000, 0x0000000083f00000, 0x0000000083f00000|100%| O|  |TAMS 0x0000000083f00000, 0x0000000083e00000| Untracked 
|  35|0x0000000083f00000, 0x0000000084000000, 0x0000000084000000|100%| O|  |TAMS 0x0000000083f00000, 0x0000000083f00000| Untracked 
|  36|0x0000000084000000, 0x0000000084100000, 0x0000000084100000|100%| O|  |TAMS 0x0000000084000000, 0x0000000084000000| Untracked 
|  37|0x0000000084100000, 0x0000000084200000, 0x0000000084200000|100%| O|  |TAMS 0x0000000084200000, 0x0000000084100000| Untracked 
|  38|0x0000000084200000, 0x0000000084300000, 0x0000000084300000|100%| O|  |TAMS 0x0000000084300000, 0x0000000084200000| Untracked 
|  39|0x0000000084300000, 0x0000000084400000, 0x0000000084400000|100%| O|  |TAMS 0x0000000084400000, 0x0000000084300000| Untracked 
|  40|0x0000000084400000, 0x0000000084500000, 0x0000000084500000|100%| O|  |TAMS 0x0000000084500000, 0x0000000084400000| Untracked 
|  41|0x0000000084500000, 0x0000000084600000, 0x0000000084600000|100%|HS|  |TAMS 0x0000000084600000, 0x0000000084500000| Complete 
|  42|0x0000000084600000, 0x0000000084700000, 0x0000000084700000|100%| O|  |TAMS 0x0000000084700000, 0x0000000084600000| Untracked 
|  43|0x0000000084700000, 0x0000000084800000, 0x0000000084800000|100%| O|  |TAMS 0x0000000084800000, 0x0000000084700000| Untracked 
|  44|0x0000000084800000, 0x0000000084900000, 0x0000000084900000|100%| O|  |TAMS 0x0000000084900000, 0x0000000084800000| Untracked 
|  45|0x0000000084900000, 0x0000000084a00000, 0x0000000084a00000|100%| O|  |TAMS 0x0000000084a00000, 0x0000000084900000| Untracked 
|  46|0x0000000084a00000, 0x0000000084b00000, 0x0000000084b00000|100%| O|  |TAMS 0x0000000084b00000, 0x0000000084a00000| Untracked 
|  47|0x0000000084b00000, 0x0000000084c00000, 0x0000000084c00000|100%| O|  |TAMS 0x0000000084c00000, 0x0000000084b00000| Untracked 
|  48|0x0000000084c00000, 0x0000000084d00000, 0x0000000084d00000|100%| O|  |TAMS 0x0000000084d00000, 0x0000000084c00000| Untracked 
|  49|0x0000000084d00000, 0x0000000084e00000, 0x0000000084e00000|100%| O|  |TAMS 0x0000000084e00000, 0x0000000084d00000| Untracked 
|  50|0x0000000084e00000, 0x0000000084f00000, 0x0000000084f00000|100%| O|  |TAMS 0x0000000084f00000, 0x0000000084e00000| Untracked 
|  51|0x0000000084f00000, 0x0000000085000000, 0x0000000085000000|100%| O|  |TAMS 0x0000000084f22000, 0x0000000084f00000| Untracked 
|  52|0x0000000085000000, 0x0000000085100000, 0x0000000085100000|100%| O|  |TAMS 0x0000000085000000, 0x0000000085000000| Untracked 
|  53|0x0000000085100000, 0x0000000085200000, 0x0000000085200000|100%| O|  |TAMS 0x0000000085100000, 0x0000000085100000| Untracked 
|  54|0x0000000085200000, 0x0000000085300000, 0x0000000085300000|100%| O|  |TAMS 0x0000000085200000, 0x0000000085200000| Untracked 
|  55|0x0000000085300000, 0x0000000085400000, 0x0000000085400000|100%| O|  |TAMS 0x0000000085400000, 0x0000000085300000| Untracked 
|  56|0x0000000085400000, 0x0000000085500000, 0x0000000085500000|100%| O|  |TAMS 0x0000000085500000, 0x0000000085400000| Untracked 
|  57|0x0000000085500000, 0x0000000085600000, 0x0000000085600000|100%| O|  |TAMS 0x0000000085600000, 0x0000000085500000| Untracked 
|  58|0x0000000085600000, 0x0000000085700000, 0x0000000085700000|100%| O|  |TAMS 0x0000000085700000, 0x0000000085600000| Untracked 
|  59|0x0000000085700000, 0x0000000085800000, 0x0000000085800000|100%| O|  |TAMS 0x0000000085800000, 0x0000000085700000| Untracked 
|  60|0x0000000085800000, 0x0000000085900000, 0x0000000085900000|100%| O|  |TAMS 0x0000000085900000, 0x0000000085800000| Untracked 
|  61|0x0000000085900000, 0x0000000085a00000, 0x0000000085a00000|100%| O|  |TAMS 0x0000000085900000, 0x0000000085900000| Untracked 
|  62|0x0000000085a00000, 0x0000000085b00000, 0x0000000085b00000|100%| O|  |TAMS 0x0000000085a00000, 0x0000000085a00000| Untracked 
|  63|0x0000000085b00000, 0x0000000085c00000, 0x0000000085c00000|100%| O|  |TAMS 0x0000000085b00000, 0x0000000085b00000| Untracked 
|  64|0x0000000085c00000, 0x0000000085d00000, 0x0000000085d00000|100%| O|  |TAMS 0x0000000085c00000, 0x0000000085c00000| Untracked 
|  65|0x0000000085d00000, 0x0000000085e00000, 0x0000000085e00000|100%| O|  |TAMS 0x0000000085d00000, 0x0000000085d00000| Untracked 
|  66|0x0000000085e00000, 0x0000000085f00000, 0x0000000085f00000|100%| O|  |TAMS 0x0000000085e00000, 0x0000000085e00000| Untracked 
|  67|0x0000000085f00000, 0x0000000086000000, 0x0000000086000000|100%| O|  |TAMS 0x0000000085f00000, 0x0000000085f00000| Untracked 
|  68|0x0000000086000000, 0x0000000086100000, 0x0000000086100000|100%| O|  |TAMS 0x0000000086000000, 0x0000000086000000| Untracked 
|  69|0x0000000086100000, 0x0000000086200000, 0x0000000086200000|100%| O|  |TAMS 0x0000000086100000, 0x0000000086100000| Untracked 
|  70|0x0000000086200000, 0x0000000086300000, 0x0000000086300000|100%| O|  |TAMS 0x0000000086300000, 0x0000000086200000| Untracked 
|  71|0x0000000086300000, 0x0000000086400000, 0x0000000086400000|100%| O|  |TAMS 0x0000000086300000, 0x0000000086300000| Untracked 
|  72|0x0000000086400000, 0x0000000086500000, 0x0000000086500000|100%| O|  |TAMS 0x0000000086400000, 0x0000000086400000| Untracked 
|  73|0x0000000086500000, 0x0000000086600000, 0x0000000086600000|100%| O|  |TAMS 0x0000000086500000, 0x0000000086500000| Untracked 
|  74|0x0000000086600000, 0x0000000086700000, 0x0000000086700000|100%| O|  |TAMS 0x0000000086600000, 0x0000000086600000| Untracked 
|  75|0x0000000086700000, 0x0000000086800000, 0x0000000086800000|100%| O|  |TAMS 0x0000000086700000, 0x0000000086700000| Untracked 
|  76|0x0000000086800000, 0x0000000086900000, 0x0000000086900000|100%| O|  |TAMS 0x0000000086800000, 0x0000000086800000| Untracked 
|  77|0x0000000086900000, 0x0000000086a00000, 0x0000000086a00000|100%| O|  |TAMS 0x0000000086900000, 0x0000000086900000| Untracked 
|  78|0x0000000086a00000, 0x0000000086b00000, 0x0000000086b00000|100%| O|  |TAMS 0x0000000086a00000, 0x0000000086a00000| Untracked 
|  79|0x0000000086b00000, 0x0000000086c00000, 0x0000000086c00000|100%| O|  |TAMS 0x0000000086b00000, 0x0000000086b00000| Untracked 
|  80|0x0000000086c00000, 0x0000000086d00000, 0x0000000086d00000|100%| O|  |TAMS 0x0000000086c00000, 0x0000000086c00000| Untracked 
|  81|0x0000000086d00000, 0x0000000086e00000, 0x0000000086e00000|100%| O|  |TAMS 0x0000000086d00000, 0x0000000086d00000| Untracked 
|  82|0x0000000086e00000, 0x0000000086f00000, 0x0000000086f00000|100%| O|  |TAMS 0x0000000086e00000, 0x0000000086e00000| Untracked 
|  83|0x0000000086f00000, 0x0000000087000000, 0x0000000087000000|100%| O|  |TAMS 0x0000000086f00000, 0x0000000086f00000| Untracked 
|  84|0x0000000087000000, 0x0000000087100000, 0x0000000087100000|100%| O|  |TAMS 0x0000000087000000, 0x0000000087000000| Untracked 
|  85|0x0000000087100000, 0x0000000087200000, 0x0000000087200000|100%| O|  |TAMS 0x0000000087100000, 0x0000000087100000| Untracked 
|  86|0x0000000087200000, 0x0000000087300000, 0x0000000087300000|100%| O|  |TAMS 0x0000000087200000, 0x0000000087200000| Untracked 
|  87|0x0000000087300000, 0x0000000087400000, 0x0000000087400000|100%| O|  |TAMS 0x0000000087300000, 0x0000000087300000| Untracked 
|  88|0x0000000087400000, 0x0000000087500000, 0x0000000087500000|100%| O|  |TAMS 0x0000000087400000, 0x0000000087400000| Untracked 
|  89|0x0000000087500000, 0x0000000087600000, 0x0000000087600000|100%| O|  |TAMS 0x0000000087500000, 0x0000000087500000| Untracked 
|  90|0x0000000087600000, 0x0000000087700000, 0x0000000087700000|100%| O|  |TAMS 0x0000000087600000, 0x0000000087600000| Untracked 
|  91|0x0000000087700000, 0x0000000087800000, 0x0000000087800000|100%| O|  |TAMS 0x0000000087700000, 0x0000000087700000| Untracked 
|  92|0x0000000087800000, 0x0000000087900000, 0x0000000087900000|100%| O|  |TAMS 0x0000000087800000, 0x0000000087800000| Untracked 
|  93|0x0000000087900000, 0x0000000087a00000, 0x0000000087a00000|100%| O|  |TAMS 0x0000000087900000, 0x0000000087900000| Untracked 
|  94|0x0000000087a00000, 0x0000000087b00000, 0x0000000087b00000|100%| O|  |TAMS 0x0000000087a00000, 0x0000000087a00000| Untracked 
|  95|0x0000000087b00000, 0x0000000087c00000, 0x0000000087c00000|100%| O|  |TAMS 0x0000000087b00000, 0x0000000087b00000| Untracked 
|  96|0x0000000087c00000, 0x0000000087d00000, 0x0000000087d00000|100%| O|  |TAMS 0x0000000087c00000, 0x0000000087c00000| Untracked 
|  97|0x0000000087d00000, 0x0000000087d80000, 0x0000000087e00000| 50%| O|  |TAMS 0x0000000087d00000, 0x0000000087d00000| Untracked 
|  98|0x0000000087e00000, 0x0000000087e00000, 0x0000000087f00000|  0%| F|  |TAMS 0x0000000087e00000, 0x0000000087e00000| Untracked 
|  99|0x0000000087f00000, 0x0000000087f00000, 0x0000000088000000|  0%| F|  |TAMS 0x0000000087f00000, 0x0000000087f00000| Untracked 
| 100|0x0000000088000000, 0x0000000088000000, 0x0000000088100000|  0%| F|  |TAMS 0x0000000088000000, 0x0000000088000000| Untracked 
| 101|0x0000000088100000, 0x0000000088100000, 0x0000000088200000|  0%| F|  |TAMS 0x0000000088100000, 0x0000000088100000| Untracked 
| 102|0x0000000088200000, 0x0000000088200000, 0x0000000088300000|  0%| F|  |TAMS 0x0000000088200000, 0x0000000088200000| Untracked 
| 103|0x0000000088300000, 0x0000000088300000, 0x0000000088400000|  0%| F|  |TAMS 0x0000000088300000, 0x0000000088300000| Untracked 
| 104|0x0000000088400000, 0x0000000088400000, 0x0000000088500000|  0%| F|  |TAMS 0x0000000088400000, 0x0000000088400000| Untracked 
| 105|0x0000000088500000, 0x0000000088500000, 0x0000000088600000|  0%| F|  |TAMS 0x0000000088500000, 0x0000000088500000| Untracked 
| 106|0x0000000088600000, 0x0000000088600000, 0x0000000088700000|  0%| F|  |TAMS 0x0000000088600000, 0x0000000088600000| Untracked 
| 107|0x0000000088700000, 0x0000000088700000, 0x0000000088800000|  0%| F|  |TAMS 0x0000000088700000, 0x0000000088700000| Untracked 
| 108|0x0000000088800000, 0x0000000088800000, 0x0000000088900000|  0%| F|  |TAMS 0x0000000088800000, 0x0000000088800000| Untracked 
| 109|0x0000000088900000, 0x0000000088900000, 0x0000000088a00000|  0%| F|  |TAMS 0x0000000088900000, 0x0000000088900000| Untracked 
| 110|0x0000000088a00000, 0x0000000088a00000, 0x0000000088b00000|  0%| F|  |TAMS 0x0000000088a00000, 0x0000000088a00000| Untracked 
| 111|0x0000000088b00000, 0x0000000088b00000, 0x0000000088c00000|  0%| F|  |TAMS 0x0000000088b00000, 0x0000000088b00000| Untracked 
| 112|0x0000000088c00000, 0x0000000088c00000, 0x0000000088d00000|  0%| F|  |TAMS 0x0000000088c00000, 0x0000000088c00000| Untracked 
| 113|0x0000000088d00000, 0x0000000088d00000, 0x0000000088e00000|  0%| F|  |TAMS 0x0000000088d00000, 0x0000000088d00000| Untracked 
| 114|0x0000000088e00000, 0x0000000088e00000, 0x0000000088f00000|  0%| F|  |TAMS 0x0000000088e00000, 0x0000000088e00000| Untracked 
| 115|0x0000000088f00000, 0x0000000088f00000, 0x0000000089000000|  0%| F|  |TAMS 0x0000000088f00000, 0x0000000088f00000| Untracked 
| 116|0x0000000089000000, 0x0000000089000000, 0x0000000089100000|  0%| F|  |TAMS 0x0000000089000000, 0x0000000089000000| Untracked 
| 117|0x0000000089100000, 0x0000000089100000, 0x0000000089200000|  0%| F|  |TAMS 0x0000000089100000, 0x0000000089100000| Untracked 
| 118|0x0000000089200000, 0x0000000089200000, 0x0000000089300000|  0%| F|  |TAMS 0x0000000089200000, 0x0000000089200000| Untracked 
| 119|0x0000000089300000, 0x0000000089300000, 0x0000000089400000|  0%| F|  |TAMS 0x0000000089300000, 0x0000000089300000| Untracked 
| 120|0x0000000089400000, 0x0000000089400000, 0x0000000089500000|  0%| F|  |TAMS 0x0000000089400000, 0x0000000089400000| Untracked 
| 121|0x0000000089500000, 0x0000000089500000, 0x0000000089600000|  0%| F|  |TAMS 0x0000000089500000, 0x0000000089500000| Untracked 
| 122|0x0000000089600000, 0x0000000089600000, 0x0000000089700000|  0%| F|  |TAMS 0x0000000089600000, 0x0000000089600000| Untracked 
| 123|0x0000000089700000, 0x0000000089700000, 0x0000000089800000|  0%| F|  |TAMS 0x0000000089700000, 0x0000000089700000| Untracked 
| 124|0x0000000089800000, 0x0000000089800000, 0x0000000089900000|  0%| F|  |TAMS 0x0000000089800000, 0x0000000089800000| Untracked 
| 125|0x0000000089900000, 0x0000000089900000, 0x0000000089a00000|  0%| F|  |TAMS 0x0000000089900000, 0x0000000089900000| Untracked 
| 126|0x0000000089a00000, 0x0000000089a00000, 0x0000000089b00000|  0%| F|  |TAMS 0x0000000089a00000, 0x0000000089a00000| Untracked 
| 127|0x0000000089b00000, 0x0000000089b00000, 0x0000000089c00000|  0%| F|  |TAMS 0x0000000089b00000, 0x0000000089b00000| Untracked 
| 128|0x0000000089c00000, 0x0000000089c00000, 0x0000000089d00000|  0%| F|  |TAMS 0x0000000089c00000, 0x0000000089c00000| Untracked 
| 129|0x0000000089d00000, 0x0000000089d00000, 0x0000000089e00000|  0%| F|  |TAMS 0x0000000089d00000, 0x0000000089d00000| Untracked 
| 130|0x0000000089e00000, 0x0000000089e00000, 0x0000000089f00000|  0%| F|  |TAMS 0x0000000089e00000, 0x0000000089e00000| Untracked 
| 131|0x0000000089f00000, 0x0000000089f00000, 0x000000008a000000|  0%| F|  |TAMS 0x0000000089f00000, 0x0000000089f00000| Untracked 
| 132|0x000000008a000000, 0x000000008a000000, 0x000000008a100000|  0%| F|  |TAMS 0x000000008a000000, 0x000000008a000000| Untracked 
| 133|0x000000008a100000, 0x000000008a100000, 0x000000008a200000|  0%| F|  |TAMS 0x000000008a100000, 0x000000008a100000| Untracked 
| 134|0x000000008a200000, 0x000000008a200000, 0x000000008a300000|  0%| F|  |TAMS 0x000000008a200000, 0x000000008a200000| Untracked 
| 135|0x000000008a300000, 0x000000008a300000, 0x000000008a400000|  0%| F|  |TAMS 0x000000008a300000, 0x000000008a300000| Untracked 
| 136|0x000000008a400000, 0x000000008a400000, 0x000000008a500000|  0%| F|  |TAMS 0x000000008a400000, 0x000000008a400000| Untracked 
| 137|0x000000008a500000, 0x000000008a500000, 0x000000008a600000|  0%| F|  |TAMS 0x000000008a500000, 0x000000008a500000| Untracked 
| 138|0x000000008a600000, 0x000000008a600000, 0x000000008a700000|  0%| F|  |TAMS 0x000000008a600000, 0x000000008a600000| Untracked 
| 139|0x000000008a700000, 0x000000008a700000, 0x000000008a800000|  0%| F|  |TAMS 0x000000008a700000, 0x000000008a700000| Untracked 
| 140|0x000000008a800000, 0x000000008a800000, 0x000000008a900000|  0%| F|  |TAMS 0x000000008a800000, 0x000000008a800000| Untracked 
| 141|0x000000008a900000, 0x000000008a900000, 0x000000008aa00000|  0%| F|  |TAMS 0x000000008a900000, 0x000000008a900000| Untracked 
| 142|0x000000008aa00000, 0x000000008aa00000, 0x000000008ab00000|  0%| F|  |TAMS 0x000000008aa00000, 0x000000008aa00000| Untracked 
| 143|0x000000008ab00000, 0x000000008ab00000, 0x000000008ac00000|  0%| F|  |TAMS 0x000000008ab00000, 0x000000008ab00000| Untracked 
| 144|0x000000008ac00000, 0x000000008ac00000, 0x000000008ad00000|  0%| F|  |TAMS 0x000000008ac00000, 0x000000008ac00000| Untracked 
| 145|0x000000008ad00000, 0x000000008ad00000, 0x000000008ae00000|  0%| F|  |TAMS 0x000000008ad00000, 0x000000008ad00000| Untracked 
| 146|0x000000008ae00000, 0x000000008ae00000, 0x000000008af00000|  0%| F|  |TAMS 0x000000008ae00000, 0x000000008ae00000| Untracked 
| 147|0x000000008af00000, 0x000000008af00000, 0x000000008b000000|  0%| F|  |TAMS 0x000000008af00000, 0x000000008af00000| Untracked 
| 148|0x000000008b000000, 0x000000008b000000, 0x000000008b100000|  0%| F|  |TAMS 0x000000008b000000, 0x000000008b000000| Untracked 
| 149|0x000000008b100000, 0x000000008b100000, 0x000000008b200000|  0%| F|  |TAMS 0x000000008b100000, 0x000000008b100000| Untracked 
| 150|0x000000008b200000, 0x000000008b200000, 0x000000008b300000|  0%| F|  |TAMS 0x000000008b200000, 0x000000008b200000| Untracked 
| 151|0x000000008b300000, 0x000000008b300000, 0x000000008b400000|  0%| F|  |TAMS 0x000000008b300000, 0x000000008b300000| Untracked 
| 152|0x000000008b400000, 0x000000008b400000, 0x000000008b500000|  0%| F|  |TAMS 0x000000008b400000, 0x000000008b400000| Untracked 
| 153|0x000000008b500000, 0x000000008b500000, 0x000000008b600000|  0%| F|  |TAMS 0x000000008b500000, 0x000000008b500000| Untracked 
| 154|0x000000008b600000, 0x000000008b600000, 0x000000008b700000|  0%| F|  |TAMS 0x000000008b600000, 0x000000008b600000| Untracked 
| 155|0x000000008b700000, 0x000000008b700000, 0x000000008b800000|  0%| F|  |TAMS 0x000000008b700000, 0x000000008b700000| Untracked 
| 156|0x000000008b800000, 0x000000008b800000, 0x000000008b900000|  0%| F|  |TAMS 0x000000008b800000, 0x000000008b800000| Untracked 
| 157|0x000000008b900000, 0x000000008b900000, 0x000000008ba00000|  0%| F|  |TAMS 0x000000008b900000, 0x000000008b900000| Untracked 
| 158|0x000000008ba00000, 0x000000008ba00000, 0x000000008bb00000|  0%| F|  |TAMS 0x000000008ba00000, 0x000000008ba00000| Untracked 
| 159|0x000000008bb00000, 0x000000008bb00000, 0x000000008bc00000|  0%| F|  |TAMS 0x000000008bb00000, 0x000000008bb00000| Untracked 
| 160|0x000000008bc00000, 0x000000008bc00000, 0x000000008bd00000|  0%| F|  |TAMS 0x000000008bc00000, 0x000000008bc00000| Untracked 
| 161|0x000000008bd00000, 0x000000008bd00000, 0x000000008be00000|  0%| F|  |TAMS 0x000000008bd00000, 0x000000008bd00000| Untracked 
| 162|0x000000008be00000, 0x000000008be00000, 0x000000008bf00000|  0%| F|  |TAMS 0x000000008be00000, 0x000000008be00000| Untracked 
| 163|0x000000008bf00000, 0x000000008bf00000, 0x000000008c000000|  0%| F|  |TAMS 0x000000008bf00000, 0x000000008bf00000| Untracked 
| 164|0x000000008c000000, 0x000000008c000000, 0x000000008c100000|  0%| F|  |TAMS 0x000000008c000000, 0x000000008c000000| Untracked 
| 165|0x000000008c100000, 0x000000008c100000, 0x000000008c200000|  0%| F|  |TAMS 0x000000008c100000, 0x000000008c100000| Untracked 
| 166|0x000000008c200000, 0x000000008c200000, 0x000000008c300000|  0%| F|  |TAMS 0x000000008c200000, 0x000000008c200000| Untracked 
| 167|0x000000008c300000, 0x000000008c300000, 0x000000008c400000|  0%| F|  |TAMS 0x000000008c300000, 0x000000008c300000| Untracked 
| 168|0x000000008c400000, 0x000000008c400000, 0x000000008c500000|  0%| F|  |TAMS 0x000000008c400000, 0x000000008c400000| Untracked 
| 169|0x000000008c500000, 0x000000008c500000, 0x000000008c600000|  0%| F|  |TAMS 0x000000008c500000, 0x000000008c500000| Untracked 
| 170|0x000000008c600000, 0x000000008c600000, 0x000000008c700000|  0%| F|  |TAMS 0x000000008c600000, 0x000000008c600000| Untracked 
| 171|0x000000008c700000, 0x000000008c700000, 0x000000008c800000|  0%| F|  |TAMS 0x000000008c700000, 0x000000008c700000| Untracked 
| 172|0x000000008c800000, 0x000000008c800000, 0x000000008c900000|  0%| F|  |TAMS 0x000000008c800000, 0x000000008c800000| Untracked 
| 173|0x000000008c900000, 0x000000008c900000, 0x000000008ca00000|  0%| F|  |TAMS 0x000000008c900000, 0x000000008c900000| Untracked 
| 174|0x000000008ca00000, 0x000000008ca00000, 0x000000008cb00000|  0%| F|  |TAMS 0x000000008ca00000, 0x000000008ca00000| Untracked 
| 175|0x000000008cb00000, 0x000000008cb00000, 0x000000008cc00000|  0%| F|  |TAMS 0x000000008cb00000, 0x000000008cb00000| Untracked 
| 176|0x000000008cc00000, 0x000000008cc00000, 0x000000008cd00000|  0%| F|  |TAMS 0x000000008cc00000, 0x000000008cc00000| Untracked 
| 177|0x000000008cd00000, 0x000000008cd00000, 0x000000008ce00000|  0%| F|  |TAMS 0x000000008cd00000, 0x000000008cd00000| Untracked 
| 178|0x000000008ce00000, 0x000000008cf00000, 0x000000008cf00000|100%| S|CS|TAMS 0x000000008ce00000, 0x000000008ce00000| Complete 
| 179|0x000000008cf00000, 0x000000008d000000, 0x000000008d000000|100%| S|CS|TAMS 0x000000008cf00000, 0x000000008cf00000| Complete 
| 180|0x000000008d000000, 0x000000008d100000, 0x000000008d100000|100%| S|CS|TAMS 0x000000008d000000, 0x000000008d000000| Complete 
| 181|0x000000008d100000, 0x000000008d200000, 0x000000008d200000|100%| S|CS|TAMS 0x000000008d100000, 0x000000008d100000| Complete 
| 182|0x000000008d200000, 0x000000008d300000, 0x000000008d300000|100%| S|CS|TAMS 0x000000008d200000, 0x000000008d200000| Complete 
| 183|0x000000008d300000, 0x000000008d300000, 0x000000008d400000|  0%| F|  |TAMS 0x000000008d300000, 0x000000008d300000| Untracked 
| 184|0x000000008d400000, 0x000000008d400000, 0x000000008d500000|  0%| F|  |TAMS 0x000000008d400000, 0x000000008d400000| Untracked 
| 185|0x000000008d500000, 0x000000008d500000, 0x000000008d600000|  0%| F|  |TAMS 0x000000008d500000, 0x000000008d500000| Untracked 
| 186|0x000000008d600000, 0x000000008d600000, 0x000000008d700000|  0%| F|  |TAMS 0x000000008d600000, 0x000000008d600000| Untracked 
| 187|0x000000008d700000, 0x000000008d700000, 0x000000008d800000|  0%| F|  |TAMS 0x000000008d700000, 0x000000008d700000| Untracked 
| 188|0x000000008d800000, 0x000000008d800000, 0x000000008d900000|  0%| F|  |TAMS 0x000000008d800000, 0x000000008d800000| Untracked 
| 189|0x000000008d900000, 0x000000008d900000, 0x000000008da00000|  0%| F|  |TAMS 0x000000008d900000, 0x000000008d900000| Untracked 
| 190|0x000000008da00000, 0x000000008da00000, 0x000000008db00000|  0%| F|  |TAMS 0x000000008da00000, 0x000000008da00000| Untracked 
| 191|0x000000008db00000, 0x000000008db00000, 0x000000008dc00000|  0%| F|  |TAMS 0x000000008db00000, 0x000000008db00000| Untracked 
| 192|0x000000008dc00000, 0x000000008dc00000, 0x000000008dd00000|  0%| F|  |TAMS 0x000000008dc00000, 0x000000008dc00000| Untracked 
| 193|0x000000008dd00000, 0x000000008dd00000, 0x000000008de00000|  0%| F|  |TAMS 0x000000008dd00000, 0x000000008dd00000| Untracked 
| 194|0x000000008de00000, 0x000000008de00000, 0x000000008df00000|  0%| F|  |TAMS 0x000000008de00000, 0x000000008de00000| Untracked 
| 195|0x000000008df00000, 0x000000008df00000, 0x000000008e000000|  0%| F|  |TAMS 0x000000008df00000, 0x000000008df00000| Untracked 
| 196|0x000000008e000000, 0x000000008e000000, 0x000000008e100000|  0%| F|  |TAMS 0x000000008e000000, 0x000000008e000000| Untracked 
| 197|0x000000008e100000, 0x000000008e100000, 0x000000008e200000|  0%| F|  |TAMS 0x000000008e100000, 0x000000008e100000| Untracked 
| 198|0x000000008e200000, 0x000000008e200000, 0x000000008e300000|  0%| F|  |TAMS 0x000000008e200000, 0x000000008e200000| Untracked 
| 199|0x000000008e300000, 0x000000008e300000, 0x000000008e400000|  0%| F|  |TAMS 0x000000008e300000, 0x000000008e300000| Untracked 
| 200|0x000000008e400000, 0x000000008e400000, 0x000000008e500000|  0%| F|  |TAMS 0x000000008e400000, 0x000000008e400000| Untracked 
| 201|0x000000008e500000, 0x000000008e500000, 0x000000008e600000|  0%| F|  |TAMS 0x000000008e500000, 0x000000008e500000| Untracked 
| 202|0x000000008e600000, 0x000000008e600000, 0x000000008e700000|  0%| F|  |TAMS 0x000000008e600000, 0x000000008e600000| Untracked 
| 203|0x000000008e700000, 0x000000008e700000, 0x000000008e800000|  0%| F|  |TAMS 0x000000008e700000, 0x000000008e700000| Untracked 
| 204|0x000000008e800000, 0x000000008e800000, 0x000000008e900000|  0%| F|  |TAMS 0x000000008e800000, 0x000000008e800000| Untracked 
| 205|0x000000008e900000, 0x000000008e900000, 0x000000008ea00000|  0%| F|  |TAMS 0x000000008e900000, 0x000000008e900000| Untracked 
| 206|0x000000008ea00000, 0x000000008ea00000, 0x000000008eb00000|  0%| F|  |TAMS 0x000000008ea00000, 0x000000008ea00000| Untracked 
| 207|0x000000008eb00000, 0x000000008eb00000, 0x000000008ec00000|  0%| F|  |TAMS 0x000000008eb00000, 0x000000008eb00000| Untracked 
| 208|0x000000008ec00000, 0x000000008ec00000, 0x000000008ed00000|  0%| F|  |TAMS 0x000000008ec00000, 0x000000008ec00000| Untracked 
| 209|0x000000008ed00000, 0x000000008ed00000, 0x000000008ee00000|  0%| F|  |TAMS 0x000000008ed00000, 0x000000008ed00000| Untracked 
| 210|0x000000008ee00000, 0x000000008ee00000, 0x000000008ef00000|  0%| F|  |TAMS 0x000000008ee00000, 0x000000008ee00000| Untracked 
| 211|0x000000008ef00000, 0x000000008ef00000, 0x000000008f000000|  0%| F|  |TAMS 0x000000008ef00000, 0x000000008ef00000| Untracked 
| 212|0x000000008f000000, 0x000000008f000000, 0x000000008f100000|  0%| F|  |TAMS 0x000000008f000000, 0x000000008f000000| Untracked 
| 213|0x000000008f100000, 0x000000008f100000, 0x000000008f200000|  0%| F|  |TAMS 0x000000008f100000, 0x000000008f100000| Untracked 
| 214|0x000000008f200000, 0x000000008f200000, 0x000000008f300000|  0%| F|  |TAMS 0x000000008f200000, 0x000000008f200000| Untracked 
| 215|0x000000008f300000, 0x000000008f300000, 0x000000008f400000|  0%| F|  |TAMS 0x000000008f300000, 0x000000008f300000| Untracked 
| 216|0x000000008f400000, 0x000000008f400000, 0x000000008f500000|  0%| F|  |TAMS 0x000000008f400000, 0x000000008f400000| Untracked 
| 217|0x000000008f500000, 0x000000008f500000, 0x000000008f600000|  0%| F|  |TAMS 0x000000008f500000, 0x000000008f500000| Untracked 
| 218|0x000000008f600000, 0x000000008f600000, 0x000000008f700000|  0%| F|  |TAMS 0x000000008f600000, 0x000000008f600000| Untracked 
| 219|0x000000008f700000, 0x000000008f700000, 0x000000008f800000|  0%| F|  |TAMS 0x000000008f700000, 0x000000008f700000| Untracked 
| 220|0x000000008f800000, 0x000000008f800000, 0x000000008f900000|  0%| F|  |TAMS 0x000000008f800000, 0x000000008f800000| Untracked 
| 221|0x000000008f900000, 0x000000008f900000, 0x000000008fa00000|  0%| F|  |TAMS 0x000000008f900000, 0x000000008f900000| Untracked 
| 222|0x000000008fa00000, 0x000000008fa00000, 0x000000008fb00000|  0%| F|  |TAMS 0x000000008fa00000, 0x000000008fa00000| Untracked 
| 223|0x000000008fb00000, 0x000000008fb00000, 0x000000008fc00000|  0%| F|  |TAMS 0x000000008fb00000, 0x000000008fb00000| Untracked 
| 224|0x000000008fc00000, 0x000000008fc00000, 0x000000008fd00000|  0%| F|  |TAMS 0x000000008fc00000, 0x000000008fc00000| Untracked 
| 225|0x000000008fd00000, 0x000000008fd00000, 0x000000008fe00000|  0%| F|  |TAMS 0x000000008fd00000, 0x000000008fd00000| Untracked 
| 226|0x000000008fe00000, 0x000000008fe00000, 0x000000008ff00000|  0%| F|  |TAMS 0x000000008fe00000, 0x000000008fe00000| Untracked 
| 227|0x000000008ff00000, 0x000000008ff00000, 0x0000000090000000|  0%| F|  |TAMS 0x000000008ff00000, 0x000000008ff00000| Untracked 
| 228|0x0000000090000000, 0x0000000090000000, 0x0000000090100000|  0%| F|  |TAMS 0x0000000090000000, 0x0000000090000000| Untracked 
| 229|0x0000000090100000, 0x0000000090100000, 0x0000000090200000|  0%| F|  |TAMS 0x0000000090100000, 0x0000000090100000| Untracked 
| 230|0x0000000090200000, 0x0000000090200000, 0x0000000090300000|  0%| F|  |TAMS 0x0000000090200000, 0x0000000090200000| Untracked 
| 231|0x0000000090300000, 0x0000000090300000, 0x0000000090400000|  0%| F|  |TAMS 0x0000000090300000, 0x0000000090300000| Untracked 
| 232|0x0000000090400000, 0x0000000090400000, 0x0000000090500000|  0%| F|  |TAMS 0x0000000090400000, 0x0000000090400000| Untracked 
| 233|0x0000000090500000, 0x0000000090500000, 0x0000000090600000|  0%| F|  |TAMS 0x0000000090500000, 0x0000000090500000| Untracked 
| 234|0x0000000090600000, 0x0000000090600000, 0x0000000090700000|  0%| F|  |TAMS 0x0000000090600000, 0x0000000090600000| Untracked 
| 235|0x0000000090700000, 0x0000000090700000, 0x0000000090800000|  0%| F|  |TAMS 0x0000000090700000, 0x0000000090700000| Untracked 
| 236|0x0000000090800000, 0x0000000090800000, 0x0000000090900000|  0%| F|  |TAMS 0x0000000090800000, 0x0000000090800000| Untracked 
| 237|0x0000000090900000, 0x0000000090900000, 0x0000000090a00000|  0%| F|  |TAMS 0x0000000090900000, 0x0000000090900000| Untracked 
| 238|0x0000000090a00000, 0x0000000090a00000, 0x0000000090b00000|  0%| F|  |TAMS 0x0000000090a00000, 0x0000000090a00000| Untracked 
| 239|0x0000000090b00000, 0x0000000090b00000, 0x0000000090c00000|  0%| F|  |TAMS 0x0000000090b00000, 0x0000000090b00000| Untracked 
| 240|0x0000000090c00000, 0x0000000090c00000, 0x0000000090d00000|  0%| F|  |TAMS 0x0000000090c00000, 0x0000000090c00000| Untracked 
| 241|0x0000000090d00000, 0x0000000090d00000, 0x0000000090e00000|  0%| F|  |TAMS 0x0000000090d00000, 0x0000000090d00000| Untracked 
| 242|0x0000000090e00000, 0x0000000090e00000, 0x0000000090f00000|  0%| F|  |TAMS 0x0000000090e00000, 0x0000000090e00000| Untracked 
| 243|0x0000000090f00000, 0x0000000090f00000, 0x0000000091000000|  0%| F|  |TAMS 0x0000000090f00000, 0x0000000090f00000| Untracked 
| 244|0x0000000091000000, 0x0000000091000000, 0x0000000091100000|  0%| F|  |TAMS 0x0000000091000000, 0x0000000091000000| Untracked 
| 245|0x0000000091100000, 0x0000000091100000, 0x0000000091200000|  0%| F|  |TAMS 0x0000000091100000, 0x0000000091100000| Untracked 
| 246|0x0000000091200000, 0x0000000091200000, 0x0000000091300000|  0%| F|  |TAMS 0x0000000091200000, 0x0000000091200000| Untracked 
| 247|0x0000000091300000, 0x0000000091300000, 0x0000000091400000|  0%| F|  |TAMS 0x0000000091300000, 0x0000000091300000| Untracked 
| 248|0x0000000091400000, 0x0000000091400000, 0x0000000091500000|  0%| F|  |TAMS 0x0000000091400000, 0x0000000091400000| Untracked 
| 249|0x0000000091500000, 0x0000000091500000, 0x0000000091600000|  0%| F|  |TAMS 0x0000000091500000, 0x0000000091500000| Untracked 
| 250|0x0000000091600000, 0x0000000091600000, 0x0000000091700000|  0%| F|  |TAMS 0x0000000091600000, 0x0000000091600000| Untracked 
| 251|0x0000000091700000, 0x0000000091700000, 0x0000000091800000|  0%| F|  |TAMS 0x0000000091700000, 0x0000000091700000| Untracked 
| 252|0x0000000091800000, 0x0000000091800000, 0x0000000091900000|  0%| F|  |TAMS 0x0000000091800000, 0x0000000091800000| Untracked 
| 253|0x0000000091900000, 0x0000000091900000, 0x0000000091a00000|  0%| F|  |TAMS 0x0000000091900000, 0x0000000091900000| Untracked 
| 254|0x0000000091a00000, 0x0000000091a00000, 0x0000000091b00000|  0%| F|  |TAMS 0x0000000091a00000, 0x0000000091a00000| Untracked 
| 255|0x0000000091b00000, 0x0000000091b00000, 0x0000000091c00000|  0%| F|  |TAMS 0x0000000091b00000, 0x0000000091b00000| Untracked 
| 256|0x0000000091c00000, 0x0000000091c00000, 0x0000000091d00000|  0%| F|  |TAMS 0x0000000091c00000, 0x0000000091c00000| Untracked 
| 257|0x0000000091d00000, 0x0000000091d00000, 0x0000000091e00000|  0%| F|  |TAMS 0x0000000091d00000, 0x0000000091d00000| Untracked 
| 258|0x0000000091e00000, 0x0000000091e00000, 0x0000000091f00000|  0%| F|  |TAMS 0x0000000091e00000, 0x0000000091e00000| Untracked 
| 259|0x0000000091f00000, 0x0000000091f00000, 0x0000000092000000|  0%| F|  |TAMS 0x0000000091f00000, 0x0000000091f00000| Untracked 
| 260|0x0000000092000000, 0x0000000092000000, 0x0000000092100000|  0%| F|  |TAMS 0x0000000092000000, 0x0000000092000000| Untracked 
| 261|0x0000000092100000, 0x0000000092100000, 0x0000000092200000|  0%| F|  |TAMS 0x0000000092100000, 0x0000000092100000| Untracked 
| 262|0x0000000092200000, 0x0000000092200000, 0x0000000092300000|  0%| F|  |TAMS 0x0000000092200000, 0x0000000092200000| Untracked 
| 263|0x0000000092300000, 0x0000000092300000, 0x0000000092400000|  0%| F|  |TAMS 0x0000000092300000, 0x0000000092300000| Untracked 
| 264|0x0000000092400000, 0x0000000092400000, 0x0000000092500000|  0%| F|  |TAMS 0x0000000092400000, 0x0000000092400000| Untracked 
| 265|0x0000000092500000, 0x0000000092500000, 0x0000000092600000|  0%| F|  |TAMS 0x0000000092500000, 0x0000000092500000| Untracked 
| 266|0x0000000092600000, 0x0000000092600000, 0x0000000092700000|  0%| F|  |TAMS 0x0000000092600000, 0x0000000092600000| Untracked 
| 267|0x0000000092700000, 0x0000000092700000, 0x0000000092800000|  0%| F|  |TAMS 0x0000000092700000, 0x0000000092700000| Untracked 
| 268|0x0000000092800000, 0x0000000092800000, 0x0000000092900000|  0%| F|  |TAMS 0x0000000092800000, 0x0000000092800000| Untracked 
| 269|0x0000000092900000, 0x0000000092900000, 0x0000000092a00000|  0%| F|  |TAMS 0x0000000092900000, 0x0000000092900000| Untracked 
| 270|0x0000000092a00000, 0x0000000092a00000, 0x0000000092b00000|  0%| F|  |TAMS 0x0000000092a00000, 0x0000000092a00000| Untracked 
| 271|0x0000000092b00000, 0x0000000092b00000, 0x0000000092c00000|  0%| F|  |TAMS 0x0000000092b00000, 0x0000000092b00000| Untracked 
| 272|0x0000000092c00000, 0x0000000092c00000, 0x0000000092d00000|  0%| F|  |TAMS 0x0000000092c00000, 0x0000000092c00000| Untracked 
| 273|0x0000000092d00000, 0x0000000092d00000, 0x0000000092e00000|  0%| F|  |TAMS 0x0000000092d00000, 0x0000000092d00000| Untracked 
| 274|0x0000000092e00000, 0x0000000092e00000, 0x0000000092f00000|  0%| F|  |TAMS 0x0000000092e00000, 0x0000000092e00000| Untracked 
| 275|0x0000000092f00000, 0x0000000092f00000, 0x0000000093000000|  0%| F|  |TAMS 0x0000000092f00000, 0x0000000092f00000| Untracked 
| 276|0x0000000093000000, 0x0000000093000000, 0x0000000093100000|  0%| F|  |TAMS 0x0000000093000000, 0x0000000093000000| Untracked 
| 277|0x0000000093100000, 0x0000000093100000, 0x0000000093200000|  0%| F|  |TAMS 0x0000000093100000, 0x0000000093100000| Untracked 
| 278|0x0000000093200000, 0x0000000093200000, 0x0000000093300000|  0%| F|  |TAMS 0x0000000093200000, 0x0000000093200000| Untracked 
| 279|0x0000000093300000, 0x0000000093300000, 0x0000000093400000|  0%| F|  |TAMS 0x0000000093300000, 0x0000000093300000| Untracked 
| 280|0x0000000093400000, 0x0000000093400000, 0x0000000093500000|  0%| F|  |TAMS 0x0000000093400000, 0x0000000093400000| Untracked 
| 281|0x0000000093500000, 0x0000000093500000, 0x0000000093600000|  0%| F|  |TAMS 0x0000000093500000, 0x0000000093500000| Untracked 
| 282|0x0000000093600000, 0x0000000093600000, 0x0000000093700000|  0%| F|  |TAMS 0x0000000093600000, 0x0000000093600000| Untracked 
| 283|0x0000000093700000, 0x0000000093700000, 0x0000000093800000|  0%| F|  |TAMS 0x0000000093700000, 0x0000000093700000| Untracked 
| 284|0x0000000093800000, 0x0000000093800000, 0x0000000093900000|  0%| F|  |TAMS 0x0000000093800000, 0x0000000093800000| Untracked 
| 285|0x0000000093900000, 0x0000000093900000, 0x0000000093a00000|  0%| F|  |TAMS 0x0000000093900000, 0x0000000093900000| Untracked 
| 286|0x0000000093a00000, 0x0000000093a00000, 0x0000000093b00000|  0%| F|  |TAMS 0x0000000093a00000, 0x0000000093a00000| Untracked 
| 287|0x0000000093b00000, 0x0000000093b00000, 0x0000000093c00000|  0%| F|  |TAMS 0x0000000093b00000, 0x0000000093b00000| Untracked 
| 288|0x0000000093c00000, 0x0000000093c00000, 0x0000000093d00000|  0%| F|  |TAMS 0x0000000093c00000, 0x0000000093c00000| Untracked 
| 289|0x0000000093d00000, 0x0000000093d00000, 0x0000000093e00000|  0%| F|  |TAMS 0x0000000093d00000, 0x0000000093d00000| Untracked 
| 290|0x0000000093e00000, 0x0000000093e00000, 0x0000000093f00000|  0%| F|  |TAMS 0x0000000093e00000, 0x0000000093e00000| Untracked 
| 291|0x0000000093f00000, 0x0000000093f00000, 0x0000000094000000|  0%| F|  |TAMS 0x0000000093f00000, 0x0000000093f00000| Untracked 
| 292|0x0000000094000000, 0x0000000094000000, 0x0000000094100000|  0%| F|  |TAMS 0x0000000094000000, 0x0000000094000000| Untracked 
| 293|0x0000000094100000, 0x0000000094100000, 0x0000000094200000|  0%| F|  |TAMS 0x0000000094100000, 0x0000000094100000| Untracked 
| 294|0x0000000094200000, 0x0000000094200000, 0x0000000094300000|  0%| F|  |TAMS 0x0000000094200000, 0x0000000094200000| Untracked 
| 295|0x0000000094300000, 0x0000000094300000, 0x0000000094400000|  0%| F|  |TAMS 0x0000000094300000, 0x0000000094300000| Untracked 
| 296|0x0000000094400000, 0x0000000094400000, 0x0000000094500000|  0%| F|  |TAMS 0x0000000094400000, 0x0000000094400000| Untracked 
| 297|0x0000000094500000, 0x0000000094500000, 0x0000000094600000|  0%| F|  |TAMS 0x0000000094500000, 0x0000000094500000| Untracked 
| 298|0x0000000094600000, 0x00000000946f0ee0, 0x0000000094700000| 94%| E|  |TAMS 0x0000000094600000, 0x0000000094600000| Complete 
| 299|0x0000000094700000, 0x0000000094800000, 0x0000000094800000|100%| E|CS|TAMS 0x0000000094700000, 0x0000000094700000| Complete 
| 300|0x0000000094800000, 0x0000000094900000, 0x0000000094900000|100%| E|CS|TAMS 0x0000000094800000, 0x0000000094800000| Complete 
| 301|0x0000000094900000, 0x0000000094a00000, 0x0000000094a00000|100%| E|CS|TAMS 0x0000000094900000, 0x0000000094900000| Complete 
| 302|0x0000000094a00000, 0x0000000094b00000, 0x0000000094b00000|100%| E|CS|TAMS 0x0000000094a00000, 0x0000000094a00000| Complete 
| 303|0x0000000094b00000, 0x0000000094c00000, 0x0000000094c00000|100%| E|CS|TAMS 0x0000000094b00000, 0x0000000094b00000| Complete 
| 304|0x0000000094c00000, 0x0000000094d00000, 0x0000000094d00000|100%| E|CS|TAMS 0x0000000094c00000, 0x0000000094c00000| Complete 
| 305|0x0000000094d00000, 0x0000000094e00000, 0x0000000094e00000|100%| E|CS|TAMS 0x0000000094d00000, 0x0000000094d00000| Complete 
| 306|0x0000000094e00000, 0x0000000094f00000, 0x0000000094f00000|100%| E|CS|TAMS 0x0000000094e00000, 0x0000000094e00000| Complete 
| 307|0x0000000094f00000, 0x0000000095000000, 0x0000000095000000|100%| E|CS|TAMS 0x0000000094f00000, 0x0000000094f00000| Complete 
| 308|0x0000000095000000, 0x0000000095100000, 0x0000000095100000|100%| E|CS|TAMS 0x0000000095000000, 0x0000000095000000| Complete 
| 309|0x0000000095100000, 0x0000000095200000, 0x0000000095200000|100%| E|CS|TAMS 0x0000000095100000, 0x0000000095100000| Complete 
| 310|0x0000000095200000, 0x0000000095300000, 0x0000000095300000|100%| E|CS|TAMS 0x0000000095200000, 0x0000000095200000| Complete 
| 311|0x0000000095300000, 0x0000000095400000, 0x0000000095400000|100%| E|CS|TAMS 0x0000000095300000, 0x0000000095300000| Complete 
| 312|0x0000000095400000, 0x0000000095500000, 0x0000000095500000|100%| E|CS|TAMS 0x0000000095400000, 0x0000000095400000| Complete 
| 313|0x0000000095500000, 0x0000000095600000, 0x0000000095600000|100%| E|CS|TAMS 0x0000000095500000, 0x0000000095500000| Complete 
| 314|0x0000000095600000, 0x0000000095700000, 0x0000000095700000|100%| E|  |TAMS 0x0000000095600000, 0x0000000095600000| Complete 
| 315|0x0000000095700000, 0x0000000095800000, 0x0000000095800000|100%| E|CS|TAMS 0x0000000095700000, 0x0000000095700000| Complete 
| 316|0x0000000095800000, 0x0000000095900000, 0x0000000095900000|100%| E|CS|TAMS 0x0000000095800000, 0x0000000095800000| Complete 
| 317|0x0000000095900000, 0x0000000095a00000, 0x0000000095a00000|100%| E|CS|TAMS 0x0000000095900000, 0x0000000095900000| Complete 
| 318|0x0000000095a00000, 0x0000000095b00000, 0x0000000095b00000|100%| E|CS|TAMS 0x0000000095a00000, 0x0000000095a00000| Complete 
| 319|0x0000000095b00000, 0x0000000095c00000, 0x0000000095c00000|100%| E|CS|TAMS 0x0000000095b00000, 0x0000000095b00000| Complete 
| 320|0x0000000095c00000, 0x0000000095d00000, 0x0000000095d00000|100%| E|CS|TAMS 0x0000000095c00000, 0x0000000095c00000| Complete 
| 321|0x0000000095d00000, 0x0000000095e00000, 0x0000000095e00000|100%| E|CS|TAMS 0x0000000095d00000, 0x0000000095d00000| Complete 
| 322|0x0000000095e00000, 0x0000000095f00000, 0x0000000095f00000|100%| E|CS|TAMS 0x0000000095e00000, 0x0000000095e00000| Complete 
| 323|0x0000000095f00000, 0x0000000096000000, 0x0000000096000000|100%| E|CS|TAMS 0x0000000095f00000, 0x0000000095f00000| Complete 

Card table byte_map: [0x000001ebcef90000,0x000001ebcf390000] _byte_map_base: 0x000001ebceb82000

Marking Bits (Prev, Next): (CMBitMap*) 0x000001ebb78b1160, (CMBitMap*) 0x000001ebb78b1128
 Prev Bits: [0x000001ebd1720000, 0x000001ebd36b0000)
 Next Bits: [0x000001ebcf790000, 0x000001ebd1720000)

Polling page: 0x000001ebb5740000

Metaspace:

Usage:
  Non-class:     63.00 MB capacity,    61.95 MB ( 98%) used,   830.20 KB (  1%) free+waste,   248.81 KB ( <1%) overhead. 
      Class:      7.96 MB capacity,     7.21 MB ( 91%) used,   653.62 KB (  8%) free+waste,   112.81 KB (  1%) overhead. 
       Both:     70.97 MB capacity,    69.16 MB ( 97%) used,     1.45 MB (  2%) free+waste,   361.63 KB ( <1%) overhead. 

Virtual space:
  Non-class space:       64.00 MB reserved,      63.17 MB ( 99%) committed 
      Class space:        1.00 GB reserved,       8.00 MB ( <1%) committed 
             Both:        1.06 GB reserved,      71.17 MB (  7%) committed 

Chunk freelists:
   Non-Class:  5.50 KB
       Class:  896 bytes
        Both:  6.38 KB

CodeHeap 'non-profiled nmethods': size=120064Kb used=10463Kb max_used=11465Kb free=109601Kb
 bounds [0x000001ebc7650000, 0x000001ebc8190000, 0x000001ebceb90000]
CodeHeap 'profiled nmethods': size=120000Kb used=28023Kb max_used=32542Kb free=91976Kb
 bounds [0x000001ebc0120000, 0x000001ebc2110000, 0x000001ebc7650000]
CodeHeap 'non-nmethods': size=5696Kb used=1675Kb max_used=1731Kb free=4021Kb
 bounds [0x000001ebbfb90000, 0x000001ebbfe00000, 0x000001ebc0120000]
 total_blobs=18389 nmethods=9919 adapters=1183
 compilation: enabled
              stopped_count=0, restarted_count=0
 full_count=0

Compilation events (10 events):
Event: 150.752 Thread 0x000001ebd5bd0800 nmethod 12446 0x000001ebc0561f90 code [0x000001ebc0562160, 0x000001ebc0562450]
Event: 150.752 Thread 0x000001ebd5bd0800 12447       3       java.util.concurrent.CopyOnWriteArrayList::indexOf (14 bytes)
Event: 150.752 Thread 0x000001ebd5bd0800 nmethod 12447 0x000001ebc05d9290 code [0x000001ebc05d9460, 0x000001ebc05d9630]
Event: 150.753 Thread 0x000001ebd5bd0800 12448       3       java.util.logging.LogManager$LoggerContext::getGlobalLogger (6 bytes)
Event: 150.753 Thread 0x000001ebd5bd0800 nmethod 12448 0x000001ebc05f7890 code [0x000001ebc05f7a40, 0x000001ebc05f7bb8]
Event: 150.755 Thread 0x000001ebd5bce800 nmethod 12444 0x000001ebc7d04410 code [0x000001ebc7d04600, 0x000001ebc7d04948]
Event: 150.755 Thread 0x000001ebd5bce800 12449       4       java.util.Collections$3::hasMoreElements (10 bytes)
Event: 150.758 Thread 0x000001ebd5bce800 nmethod 12449 0x000001ebc7cd0710 code [0x000001ebc7cd08a0, 0x000001ebc7cd0958]
Event: 150.758 Thread 0x000001ebd5bce800 12450       4       java.util.concurrent.ConcurrentHashMap$KeyIterator::next (34 bytes)
Event: 150.764 Thread 0x000001ebd5bce800 nmethod 12450 0x000001ebc7767290 code [0x000001ebc7767440, 0x000001ebc7767858]

GC Heap History (10 events):
Event: 15.079 GC heap before
{Heap before GC invocations=48 (full 0):
 garbage-first heap   total 331776K, used 153373K [0x0000000081c00000, 0x0000000100000000)
  region size 1024K, 107 young (109568K), 13 survivors (13312K)
 Metaspace       used 64877K, capacity 66640K, committed 66736K, reserved 1107968K
  class space    used 7084K, capacity 7869K, committed 7936K, reserved 1048576K
}
Event: 15.096 GC heap after
{Heap after GC invocations=49 (full 0):
 garbage-first heap   total 331776K, used 72840K [0x0000000081c00000, 0x0000000100000000)
  region size 1024K, 17 young (17408K), 17 survivors (17408K)
 Metaspace       used 64877K, capacity 66640K, committed 66736K, reserved 1107968K
  class space    used 7084K, capacity 7869K, committed 7936K, reserved 1048576K
}
Event: 81.799 GC heap before
{Heap before GC invocations=50 (full 0):
 garbage-first heap   total 331776K, used 194696K [0x0000000081c00000, 0x0000000100000000)
  region size 1024K, 132 young (135168K), 17 survivors (17408K)
 Metaspace       used 68107K, capacity 69890K, committed 70192K, reserved 1112064K
  class space    used 7239K, capacity 8009K, committed 8064K, reserved 1048576K
}
Event: 81.821 GC heap after
{Heap after GC invocations=51 (full 0):
 garbage-first heap   total 331776K, used 99328K [0x0000000081c00000, 0x0000000100000000)
  region size 1024K, 17 young (17408K), 17 survivors (17408K)
 Metaspace       used 68107K, capacity 69890K, committed 70192K, reserved 1112064K
  class space    used 7239K, capacity 8009K, committed 8064K, reserved 1048576K
}
Event: 105.185 GC heap before
{Heap before GC invocations=51 (full 0):
 garbage-first heap   total 331776K, used 220160K [0x0000000081c00000, 0x0000000100000000)
  region size 1024K, 135 young (138240K), 17 survivors (17408K)
 Metaspace       used 70403K, capacity 72271K, committed 72368K, reserved 1114112K
  class space    used 7374K, capacity 8152K, committed 8192K, reserved 1048576K
}
Event: 105.198 GC heap after
{Heap after GC invocations=52 (full 0):
 garbage-first heap   total 331776K, used 104448K [0x0000000081c00000, 0x0000000100000000)
  region size 1024K, 5 young (5120K), 5 survivors (5120K)
 Metaspace       used 70403K, capacity 72271K, committed 72368K, reserved 1114112K
  class space    used 7374K, capacity 8152K, committed 8192K, reserved 1048576K
}
Event: 124.335 GC heap before
{Heap before GC invocations=52 (full 0):
 garbage-first heap   total 331776K, used 228352K [0x0000000081c00000, 0x0000000100000000)
  region size 1024K, 126 young (129024K), 5 survivors (5120K)
 Metaspace       used 70667K, capacity 72471K, committed 72624K, reserved 1114112K
  class space    used 7377K, capacity 8152K, committed 8192K, reserved 1048576K
}
Event: 124.352 GC heap after
{Heap after GC invocations=53 (full 0):
 garbage-first heap   total 331776K, used 104960K [0x0000000081c00000, 0x0000000100000000)
  region size 1024K, 5 young (5120K), 5 survivors (5120K)
 Metaspace       used 70667K, capacity 72471K, committed 72624K, reserved 1114112K
  class space    used 7377K, capacity 8152K, committed 8192K, reserved 1048576K
}
Event: 147.676 GC heap before
{Heap before GC invocations=53 (full 0):
 garbage-first heap   total 331776K, used 244224K [0x0000000081c00000, 0x0000000100000000)
  region size 1024K, 141 young (144384K), 5 survivors (5120K)
 Metaspace       used 70730K, capacity 72602K, committed 72880K, reserved 1114112K
  class space    used 7378K, capacity 8153K, committed 8192K, reserved 1048576K
}
Event: 147.681 GC heap after
{Heap after GC invocations=54 (full 0):
 garbage-first heap   total 331776K, used 104960K [0x0000000081c00000, 0x0000000100000000)
  region size 1024K, 5 young (5120K), 5 survivors (5120K)
 Metaspace       used 70730K, capacity 72602K, committed 72880K, reserved 1114112K
  class space    used 7378K, capacity 8153K, committed 8192K, reserved 1048576K
}

Deoptimization events (10 events):
Event: 150.752 Thread 0x000001ebdacbd800 Uncommon trap: reason=class_check action=maybe_recompile pc=0x000001ebc792c110 method=java.util.Collections$3.hasMoreElements()Z @ 4 c2
Event: 150.752 Thread 0x000001ebdacbd800 Uncommon trap: reason=class_check action=maybe_recompile pc=0x000001ebc792c110 method=java.util.Collections$3.hasMoreElements()Z @ 4 c2
Event: 150.753 Thread 0x000001ebdacbd800 Uncommon trap: reason=class_check action=maybe_recompile pc=0x000001ebc792c110 method=java.util.Collections$3.hasMoreElements()Z @ 4 c2
Event: 150.753 Thread 0x000001ebdacbd800 Uncommon trap: reason=class_check action=maybe_recompile pc=0x000001ebc792c110 method=java.util.Collections$3.hasMoreElements()Z @ 4 c2
Event: 150.758 Thread 0x000001ebd7a72800 Uncommon trap: reason=class_check action=maybe_recompile pc=0x000001ebc811b62c method=jogamp.opengl.GLDrawableImpl.lockSurface()I @ 4 c2
Event: 150.758 Thread 0x000001ebd7a72800 Uncommon trap: reason=unstable_if action=reinterpret pc=0x000001ebc7c673c8 method=jogamp.common.util.locks.RecursiveLockImpl01Unfairish$SingleThreadSync.isOwner(Ljava/lang/Thread;)Z @ 5 c2
Event: 150.761 Thread 0x000001ebd7a72800 Uncommon trap: reason=unstable_if action=reinterpret pc=0x000001ebc7aa8600 method=jogamp.common.util.locks.RecursiveLockImpl01Unfairish$SingleThreadSync.isOwner(Ljava/lang/Thread;)Z @ 5 c2
Event: 150.762 Thread 0x000001ebd7a72800 Uncommon trap: reason=class_check action=maybe_recompile pc=0x000001ebc811b62c method=jogamp.opengl.GLDrawableImpl.lockSurface()I @ 4 c2
Event: 150.765 Thread 0x000001ebd7a72800 Uncommon trap: reason=unstable_if action=reinterpret pc=0x000001ebc8114144 method=jogamp.common.util.locks.RecursiveLockImpl01Unfairish.unlock(Ljava/lang/Runnable;)V @ 34 c2
Event: 150.824 Thread 0x000001ebd7a6d800 Uncommon trap: reason=unstable_if action=reinterpret pc=0x000001ebc803d5d0 method=sun.java2d.d3d.D3DScreenUpdateManager.createGraphics(Lsun/java2d/SurfaceData;Lsun/awt/windows/WComponentPeer;Ljava/awt/Color;Ljava/awt/Color;Ljava/awt/Font;)Ljava/awt/Graphi

Classes redefined (0 events):
No events

Internal exceptions (10 events):
Event: 94.849 Thread 0x000001ebd7a6d800 Implicit null exception at 0x000001ebc7db5d2b to 0x000001ebc7dbc67a
Event: 94.849 Thread 0x000001ebd7a6d800 Implicit null exception at 0x000001ebc7c6e9ab to 0x000001ebc7c77ce6
Event: 95.436 Thread 0x000001ebd7a6d800 Implicit null exception at 0x000001ebc7e955c4 to 0x000001ebc7e963b6
Event: 95.437 Thread 0x000001ebd7a6d800 Implicit null exception at 0x000001ebc7db5cac to 0x000001ebc7dbc67a
Event: 95.437 Thread 0x000001ebd7a6d800 Implicit null exception at 0x000001ebc7de03f0 to 0x000001ebc7de0496
Event: 101.229 Thread 0x000001ebd7a68800 Exception <a 'java/lang/NoSuchMethodError'{0x000000009025bb08}: java.lang.invoke.DirectMethodHandle$Holder.invokeStatic(Ljava/lang/Object;Ljava/lang/Object;Ljava/lang/Object;FF)Ljava/lang/Object;> (0x000000009025bb08) thrown at [t:/workspace/open/src/hots
Event: 101.229 Thread 0x000001ebd7a68800 Exception <a 'java/lang/NoSuchMethodError'{0x000000009025ee08}: java.lang.invoke.DirectMethodHandle$Holder.invokeSpecial(Ljava/lang/Object;Ljava/lang/Object;Ljava/lang/Object;Ljava/lang/Object;FF)Ljava/lang/Object;> (0x000000009025ee08) thrown at [t:/work
Event: 101.276 Thread 0x000001ebd97ed000 Implicit null exception at 0x000001ebc7b03e82 to 0x000001ebc7b04532
Event: 102.034 Thread 0x000001ebd7a6d800 Implicit null exception at 0x000001ebc7aa7806 to 0x000001ebc7aa7acf
Event: 103.772 Thread 0x000001ebd7a6d800 Implicit null exception at 0x000001ebc7aa7806 to 0x000001ebc7aa7acf

Events (10 events):
Event: 150.788 Executing VM operation: RevokeBias done
Event: 150.788 Thread 0x000001ebdacc4000 Thread exited: 0x000001ebdacc4000
Event: 150.798 Executing VM operation: RevokeBias
Event: 150.798 Executing VM operation: RevokeBias done
Event: 150.798 Thread 0x000001ebd7fe2000 Thread exited: 0x000001ebd7fe2000
Event: 150.824 Thread 0x000001ebd7a6d800 Uncommon trap: trap_request=0xffffff4d fr.pc=0x000001ebc803d5d0 relative=0x0000000000004d30
Event: 150.824 Thread 0x000001ebd7a6d800 DEOPT PACKING pc=0x000001ebc803d5d0 sp=0x000000732a3ff110
Event: 150.824 Thread 0x000001ebd7a6d800 DEOPT UNPACKING pc=0x000001ebbfbb8f2f sp=0x000000732a3fef28 mode 2
Event: 150.853 Thread 0x000001ebdacba800 Thread exited: 0x000001ebdacba800
Event: 150.854 Executing VM operation: Exit


Dynamic libraries:
0x00007ff74eae0000 - 0x00007ff74eb27000 	C:\Program Files\Java\jdk-11.0.2\bin\java.exe
0x00007ffb4c5d0000 - 0x00007ffb4c7b1000 	C:\WINDOWS\SYSTEM32\ntdll.dll
0x00007ffb4be00000 - 0x00007ffb4beb2000 	C:\WINDOWS\System32\KERNEL32.DLL
0x00007ffb494d0000 - 0x00007ffb49743000 	C:\WINDOWS\System32\KERNELBASE.dll
0x00007ffb4c2a0000 - 0x00007ffb4c341000 	C:\WINDOWS\System32\ADVAPI32.dll
0x00007ffb4a100000 - 0x00007ffb4a19e000 	C:\WINDOWS\System32\msvcrt.dll
0x00007ffb4c4a0000 - 0x00007ffb4c4fb000 	C:\WINDOWS\System32\sechost.dll
0x00007ffb4bb40000 - 0x00007ffb4bc64000 	C:\WINDOWS\System32\RPCRT4.dll
0x00007ffb4a1e0000 - 0x00007ffb4a370000 	C:\WINDOWS\System32\USER32.dll
0x00007ffb490b0000 - 0x00007ffb490d0000 	C:\WINDOWS\System32\win32u.dll
0x00007ffb4a1a0000 - 0x00007ffb4a1c8000 	C:\WINDOWS\System32\GDI32.dll
0x00007ffb497a0000 - 0x00007ffb49932000 	C:\WINDOWS\System32\gdi32full.dll
0x00007ffb499c0000 - 0x00007ffb49a5f000 	C:\WINDOWS\System32\msvcp_win.dll
0x00007ffb491e0000 - 0x00007ffb492da000 	C:\WINDOWS\System32\ucrtbase.dll
0x00007ffb3e650000 - 0x00007ffb3e8b9000 	C:\WINDOWS\WinSxS\amd64_microsoft.windows.common-controls_6595b64144ccf1df_6.0.17134.523_none_fb409dd930672a56\COMCTL32.dll
0x00007ffb4a3d0000 - 0x00007ffb4a6f2000 	C:\WINDOWS\System32\combase.dll
0x00007ffb49940000 - 0x00007ffb499ba000 	C:\WINDOWS\System32\bcryptPrimitives.dll
0x00007ffb3f330000 - 0x00007ffb3f33a000 	C:\WINDOWS\SYSTEM32\VERSION.dll
0x00007ffb4bec0000 - 0x00007ffb4beed000 	C:\WINDOWS\System32\IMM32.DLL
0x00000000745e0000 - 0x0000000074619000 	C:\PROGRA~2\Sophos\SOPHOS~1\SOPHOS~2.DLL
0x00007ffb4bdf0000 - 0x00007ffb4bdf8000 	C:\WINDOWS\System32\PSAPI.DLL
0x00007ffb46830000 - 0x00007ffb46846000 	C:\Program Files\Java\jdk-11.0.2\bin\vcruntime140.dll
0x00007ffb32270000 - 0x00007ffb3231a000 	C:\Program Files\Java\jdk-11.0.2\bin\msvcp140.dll
0x00007ffb1acf0000 - 0x00007ffb1b817000 	C:\Program Files\Java\jdk-11.0.2\bin\server\jvm.dll
0x00007ffb3b460000 - 0x00007ffb3b469000 	C:\WINDOWS\SYSTEM32\WSOCK32.dll
0x00007ffb46490000 - 0x00007ffb464b3000 	C:\WINDOWS\SYSTEM32\WINMM.dll
0x00007ffb4c230000 - 0x00007ffb4c29c000 	C:\WINDOWS\System32\WS2_32.dll
0x00007ffb46460000 - 0x00007ffb4648a000 	C:\WINDOWS\SYSTEM32\winmmbase.dll
0x00007ffb49750000 - 0x00007ffb49799000 	C:\WINDOWS\System32\cfgmgr32.dll
0x00007ffb48960000 - 0x00007ffb48971000 	C:\WINDOWS\System32\kernel.appcore.dll
0x00007ffb3dee0000 - 0x00007ffb3def1000 	C:\Program Files\Java\jdk-11.0.2\bin\verify.dll
0x00007ffb38040000 - 0x00007ffb38209000 	C:\WINDOWS\SYSTEM32\DBGHELP.DLL
0x00007ffb38000000 - 0x00007ffb38029000 	C:\WINDOWS\SYSTEM32\dbgcore.DLL
0x00007ffb3deb0000 - 0x00007ffb3ded9000 	C:\Program Files\Java\jdk-11.0.2\bin\java.dll
0x00007ffb32ad0000 - 0x00007ffb32aff000 	C:\Program Files\Java\jdk-11.0.2\bin\instrument.dll
0x00007ffb3b710000 - 0x00007ffb3b726000 	C:\Program Files\Java\jdk-11.0.2\bin\zip.dll
0x00007ffb46b90000 - 0x00007ffb46b9a000 	C:\Program Files\Java\jdk-11.0.2\bin\jimage.dll
0x00007ffb4a700000 - 0x00007ffb4bb40000 	C:\WINDOWS\System32\SHELL32.dll
0x00007ffb4c0b0000 - 0x00007ffb4c159000 	C:\WINDOWS\System32\shcore.dll
0x00007ffb489a0000 - 0x00007ffb490ad000 	C:\WINDOWS\System32\windows.storage.dll
0x00007ffb4a370000 - 0x00007ffb4a3c1000 	C:\WINDOWS\System32\shlwapi.dll
0x00007ffb48940000 - 0x00007ffb4895f000 	C:\WINDOWS\System32\profapi.dll
0x00007ffb488e0000 - 0x00007ffb4892c000 	C:\WINDOWS\System32\powrprof.dll
0x00007ffb48930000 - 0x00007ffb4893a000 	C:\WINDOWS\System32\FLTLIB.DLL
0x00007ffb3a7f0000 - 0x00007ffb3a809000 	C:\Program Files\Java\jdk-11.0.2\bin\net.dll
0x00007ffb40140000 - 0x00007ffb40309000 	C:\WINDOWS\SYSTEM32\urlmon.dll
0x00007ffb44810000 - 0x00007ffb448ed000 	C:\WINDOWS\SYSTEM32\WINHTTP.dll
0x00007ffb3e060000 - 0x00007ffb3e305000 	C:\WINDOWS\SYSTEM32\iertutil.dll
0x00007ffb482d0000 - 0x00007ffb482db000 	C:\WINDOWS\SYSTEM32\CRYPTBASE.DLL
0x00007ffb48100000 - 0x00007ffb48166000 	C:\WINDOWS\system32\mswsock.dll
0x00007ffb35bc0000 - 0x00007ffb35bd3000 	C:\Program Files\Java\jdk-11.0.2\bin\nio.dll
0x00007ffb32a30000 - 0x00007ffb32a4a000 	C:\Program Files\JetBrains\IntelliJ IDEA Community Edition 2018.3.4\bin\breakgen64.dll
0x00007ffb38030000 - 0x00007ffb3803d000 	C:\Program Files\Java\jdk-11.0.2\bin\sunmscapi.dll
0x00007ffb492e0000 - 0x00007ffb494c2000 	C:\WINDOWS\System32\CRYPT32.dll
0x00007ffb48980000 - 0x00007ffb48992000 	C:\WINDOWS\System32\MSASN1.dll
0x00007ffb483b0000 - 0x00007ffb483d6000 	C:\WINDOWS\SYSTEM32\ncrypt.dll
0x00007ffb483e0000 - 0x00007ffb48405000 	C:\WINDOWS\SYSTEM32\bcrypt.dll
0x00007ffb48370000 - 0x00007ffb483a6000 	C:\WINDOWS\SYSTEM32\NTASN1.dll
0x00007ffb32350000 - 0x00007ffb32377000 	C:\Program Files\Java\jdk-11.0.2\bin\sunec.dll
0x00007ffb482b0000 - 0x00007ffb482c7000 	C:\WINDOWS\SYSTEM32\CRYPTSP.dll
0x00007ffb47ce0000 - 0x00007ffb47d13000 	C:\WINDOWS\system32\rsaenh.dll
0x00007ffb487e0000 - 0x00007ffb48808000 	C:\WINDOWS\SYSTEM32\USERENV.dll
0x00007ffb47e80000 - 0x00007ffb47eb8000 	C:\WINDOWS\SYSTEM32\IPHLPAPI.DLL
0x00007ffb49c20000 - 0x00007ffb49c28000 	C:\WINDOWS\System32\NSI.dll
0x00007ffb43560000 - 0x00007ffb43576000 	C:\WINDOWS\SYSTEM32\dhcpcsvc6.DLL
0x00007ffb43540000 - 0x00007ffb4355a000 	C:\WINDOWS\SYSTEM32\dhcpcsvc.DLL
0x00007ffb22b50000 - 0x00007ffb22b92000 	C:\Users\30051413\AppData\Local\Temp\jna--235825241\jna13883456107620986957.dll
0x00007ffb22ab0000 - 0x00007ffb22b4c000 	C:\Users\30051413\AppData\Local\Temp\jna--235825241\jna13094758990512043034.dll
0x00007ffb47ec0000 - 0x00007ffb47f7e000 	C:\WINDOWS\SYSTEM32\DNSAPI.dll
0x00007ffb3edf0000 - 0x00007ffb3edfa000 	C:\Windows\System32\rasadhlp.dll
0x00007ffb43810000 - 0x00007ffb43882000 	C:\WINDOWS\System32\fwpuclnt.dll
0x00007ffb1c540000 - 0x00007ffb1c6df000 	C:\Program Files\Java\jdk-11.0.2\bin\awt.dll
0x00007ffb4c160000 - 0x00007ffb4c222000 	C:\WINDOWS\System32\OLEAUT32.dll
0x00007ffb42990000 - 0x00007ffb42f57000 	C:\WINDOWS\SYSTEM32\d2d1.dll
0x00007ffb46ce0000 - 0x00007ffb46d6b000 	C:\WINDOWS\SYSTEM32\apphelp.dll
0x00007ffb46870000 - 0x00007ffb46908000 	C:\WINDOWS\system32\uxtheme.dll
0x00007ffb4bc70000 - 0x00007ffb4bde3000 	C:\WINDOWS\System32\MSCTF.dll
0x00007ffb470a0000 - 0x00007ffb470c9000 	C:\WINDOWS\system32\dwmapi.dll
0x00007ffb49a60000 - 0x00007ffb49bb1000 	C:\WINDOWS\System32\ole32.dll
0x00007ffb22880000 - 0x00007ffb228ff000 	C:\Program Files\Java\jdk-11.0.2\bin\mlib_image.dll
0x00007ffb20560000 - 0x00007ffb205e0000 	C:\Program Files\Java\jdk-11.0.2\bin\freetype.dll
0x00007ffb1ff60000 - 0x00007ffb1ffcf000 	C:\Program Files\Java\jdk-11.0.2\bin\fontmanager.dll
0x00007ffb34590000 - 0x00007ffb346b0000 	C:\WINDOWS\system32\opengl32.dll
0x00007ffb42820000 - 0x00007ffb4284c000 	C:\WINDOWS\SYSTEM32\GLU32.dll
0x00007ffb4c500000 - 0x00007ffb4c5a0000 	C:\WINDOWS\System32\clbcatq.dll
0x00007ffb41520000 - 0x00007ffb416ce000 	C:\WINDOWS\SYSTEM32\WindowsCodecs.dll
0x00007ffb354e0000 - 0x00007ffb35538000 	C:\WINDOWS\system32\dataexchange.dll
0x00007ffb462c0000 - 0x00007ffb4645c000 	C:\WINDOWS\system32\dcomp.dll
0x00007ffb45c70000 - 0x00007ffb45f7b000 	C:\WINDOWS\system32\d3d11.dll
0x00007ffb477a0000 - 0x00007ffb4785b000 	C:\WINDOWS\system32\dxgi.dll
0x00007ffb470d0000 - 0x00007ffb47288000 	C:\WINDOWS\system32\twinapi.appcore.dll
0x00007ffb47060000 - 0x00007ffb47081000 	C:\WINDOWS\system32\RMCLIENT.dll
0x00007ffb3adf0000 - 0x00007ffb3ae98000 	C:\WINDOWS\SYSTEM32\mscms.dll
0x00007ffb46720000 - 0x00007ffb46730000 	C:\WINDOWS\SYSTEM32\ColorAdapterClient.dll
0x00007ffb18880000 - 0x00007ffb188c3000 	C:\WINDOWS\SYSTEM32\icm32.dll
0x00007ffb45950000 - 0x00007ffb459e6000 	C:\WINDOWS\System32\TextInputFramework.dll
0x00007ffb46a70000 - 0x00007ffb46b4a000 	C:\WINDOWS\System32\CoreMessaging.dll
0x00007ffb43a80000 - 0x00007ffb43d9e000 	C:\WINDOWS\System32\CoreUIComponents.dll
0x00007ffb47760000 - 0x00007ffb47791000 	C:\WINDOWS\SYSTEM32\ntmarta.dll
0x00007ffb438c0000 - 0x00007ffb43a0d000 	C:\WINDOWS\SYSTEM32\wintypes.dll
0x00007ffb44020000 - 0x00007ffb4402b000 	C:\WINDOWS\SYSTEM32\WINNSI.DLL
0x00000000637c0000 - 0x00000000637cd000 	C:\Users\30051413\AppData\Local\Temp\jogamp_0000\file_cache\jln12909868098894441322\jln1036577028844959660\natives\windows-amd64\gluegen-rt.dll
0x00007ffb37450000 - 0x00007ffb37457000 	C:\Program Files\Java\jdk-11.0.2\bin\jawt.dll
0x000000006a440000 - 0x000000006a44d000 	C:\Users\30051413\AppData\Local\Temp\jogamp_0000\file_cache\jln12909868098894441322\jln1036577028844959660\natives\windows-amd64\nativewindow_awt.dll
0x00007ffb464d0000 - 0x00007ffb464d9000 	C:\Program Files\Java\jdk-11.0.2\bin\management.dll
0x00007ffb3dea0000 - 0x00007ffb3deac000 	C:\Program Files\Java\jdk-11.0.2\bin\management_ext.dll
0x000000006c100000 - 0x000000006c10f000 	C:\Users\30051413\AppData\Local\Temp\jogamp_0000\file_cache\jln12909868098894441322\jln1036577028844959660\natives\windows-amd64\nativewindow_win32.dll
0x0000000064500000 - 0x00000000645b1000 	C:\Users\30051413\AppData\Local\Temp\jogamp_0000\file_cache\jln12909868098894441322\jln1036577028844959660\natives\windows-amd64\jogl_desktop.dll
0x0000000064340000 - 0x00000000643a2000 	C:\Users\30051413\AppData\Local\Temp\jogamp_0000\file_cache\jln12909868098894441322\jln1036577028844959660\natives\windows-amd64\jogl_mobile.dll
0x00007ffaf8420000 - 0x00007ffaf92f9000 	C:\WINDOWS\System32\DriverStore\FileRepository\ki124064.inf_amd64_c15f53d05810a034\ig9icd64.dll
0x00007ffb455d0000 - 0x00007ffb455e3000 	C:\WINDOWS\SYSTEM32\WTSAPI32.dll
0x00007ffb25910000 - 0x00007ffb26f12000 	C:\WINDOWS\System32\DriverStore\FileRepository\ki124064.inf_amd64_c15f53d05810a034\igc64.dll
0x00007ffb329b0000 - 0x00007ffb329c2000 	C:\Program Files\Java\jdk-11.0.2\bin\jsound.dll
0x00007ffb17bc0000 - 0x00007ffb17c4f000 	C:\WINDOWS\SYSTEM32\DSOUND.dll
0x00007ffb40a50000 - 0x00007ffb40ac6000 	C:\WINDOWS\System32\MMDevApi.dll
0x00007ffb44910000 - 0x00007ffb44ac4000 	C:\WINDOWS\System32\PROPSYS.dll
0x00007ffb48690000 - 0x00007ffb486b7000 	C:\WINDOWS\System32\DEVOBJ.dll
0x00007ffb20c60000 - 0x00007ffb20ca4000 	C:\WINDOWS\SYSTEM32\wdmaud.drv
0x00007ffb447a0000 - 0x00007ffb447a9000 	C:\WINDOWS\SYSTEM32\ksuser.dll
0x00007ffb44010000 - 0x00007ffb4401a000 	C:\WINDOWS\SYSTEM32\AVRT.dll
0x00007ffb3d700000 - 0x00007ffb3d82c000 	C:\WINDOWS\SYSTEM32\AUDIOSES.DLL
0x00007ffb44790000 - 0x00007ffb4479d000 	C:\WINDOWS\SYSTEM32\msacm32.drv
0x00007ffb464e0000 - 0x00007ffb464fc000 	C:\WINDOWS\SYSTEM32\MSACM32.dll
0x00007ffb43490000 - 0x00007ffb4349a000 	C:\WINDOWS\SYSTEM32\midimap.dll
0x00007ffb45a70000 - 0x00007ffb45b84000 	C:\Windows\System32\Windows.UI.dll
0x00007ffb459f0000 - 0x00007ffb45a69000 	C:\Windows\System32\InputHost.dll
0x00007ffb32020000 - 0x00007ffb3204d000 	C:\Program Files\Java\jdk-11.0.2\bin\javajpeg.dll
0x00007ffb486e0000 - 0x00007ffb48736000 	C:\WINDOWS\SYSTEM32\WINSTA.dll

dbghelp: loaded successfully - version: 4.0.5 - missing functions: none
symbol engine: initialized successfully - sym options: 0x614 - pdb path: .;C:\Program Files\Java\jdk-11.0.2\bin;C:\WINDOWS\SYSTEM32;C:\WINDOWS\WinSxS\amd64_microsoft.windows.common-controls_6595b64144ccf1df_6.0.17134.523_none_fb409dd930672a56;C:\PROGRA~2\Sophos\SOPHOS~1;C:\Program Files\Java\jdk-11.0.2\bin\server;C:\Program Files\JetBrains\IntelliJ IDEA Community Edition 2018.3.4\bin;C:\Users\30051413\AppData\Local\Temp\jna--235825241;C:\Users\30051413\AppData\Local\Temp\jogamp_0000\file_cache\jln12909868098894441322\jln1036577028844959660\natives\windows-amd64;C:\WINDOWS\System32\DriverStore\FileRepository\ki124064.inf_amd64_c15f53d05810a034

VM Arguments:
jvm_args: -javaagent:C:\Program Files\JetBrains\IntelliJ IDEA Community Edition 2018.3.4\lib\idea_rt.jar=56025:C:\Program Files\JetBrains\IntelliJ IDEA Community Edition 2018.3.4\bin -Dfile.encoding=UTF-8 
java_command: net.runelite.client.RuneLite
java_class_path (initial): C:\Users\30051413\IdeaProjects\runelite\runelite-client\target\classes;C:\Users\30051413\.m2\repository\org\slf4j\slf4j-api\1.7.25\slf4j-api-1.7.25.jar;C:\Users\30051413\.m2\repository\ch\qos\logback\logback-classic\1.2.3\logback-classic-1.2.3.jar;C:\Users\30051413\.m2\repository\ch\qos\logback\logback-core\1.2.3\logback-core-1.2.3.jar;C:\Users\30051413\.m2\repository\net\sf\jopt-simple\jopt-simple\5.0.1\jopt-simple-5.0.1.jar;C:\Users\30051413\.m2\repository\com\google\guava\guava\23.2-jre\guava-23.2-jre.jar;C:\Users\30051413\.m2\repository\com\google\code\findbugs\jsr305\1.3.9\jsr305-1.3.9.jar;C:\Users\30051413\.m2\repository\com\google\errorprone\error_prone_annotations\2.0.18\error_prone_annotations-2.0.18.jar;C:\Users\30051413\.m2\repository\com\google\j2objc\j2objc-annotations\1.1\j2objc-annotations-1.1.jar;C:\Users\30051413\.m2\repository\org\codehaus\mojo\animal-sniffer-annotations\1.14\animal-sniffer-annotations-1.14.jar;C:\Users\30051413\.m2\repository\com\google\inject\guice\4.1.0\guice-4.1.0-no_aop.jar;C:\Users\30051413\.m2\repository\javax\inject\javax.inject\1\javax.inject-1.jar;C:\Users\30051413\.m2\repository\aopalliance\aopalliance\1.0\aopalliance-1.0.jar;C:\Users\30051413\.m2\repository\com\google\code\gson\gson\2.8.5\gson-2.8.5.jar;C:\Users\30051413\.m2\repository\net\runelite\pushingpixels\substance\8.0.02\substance-8.0.02.jar;C:\Users\30051413\.m2\repository\net\runelite\pushingpixels\trident\1.5.00\trident-1.5.00.jar;C:\Users\30051413\.m2\repository\org\apache\commons\commons-text\1.2\commons-text-1.2.jar;C:\Users\30051413\.m2\repository\org\apache\commons\commons-lang3\3.7\commons-lang3-3.7.jar;C:\Users\30051413\.m2\repository\org\jogamp\jogl\jogl-all\2.3.2\jogl-all-2.3.2.jar;C:\Users\30051413\.m2\repository\org\jogamp\jogl\jogl-all\2.3.2\jogl-all-2.3.2-natives-windows-amd64.jar;C:\Users\30051413\.m2\repository\org\jogamp\jogl\jogl-all\2.3.2\jogl-all-2.3.2-natives-windows-i586.jar;C:\Users\30051413\.m2\repository\or
Launcher Type: SUN_STANDARD

[Global flags]
     intx CICompilerCount                          = 3                                         {product} {ergonomic}
     uint ConcGCThreads                            = 1                                         {product} {ergonomic}
     uint G1ConcRefinementThreads                  = 4                                         {product} {ergonomic}
   size_t G1HeapRegionSize                         = 1048576                                   {product} {ergonomic}
    uintx GCDrainStackTargetSize                   = 64                                        {product} {ergonomic}
   size_t InitialHeapSize                          = 134217728                                 {product} {ergonomic}
   size_t MarkStackSize                            = 4194304                                   {product} {ergonomic}
   size_t MaxHeapSize                              = 2118123520                                {product} {ergonomic}
   size_t MaxNewSize                               = 1270874112                                {product} {ergonomic}
   size_t MinHeapDeltaBytes                        = 1048576                                   {product} {ergonomic}
    uintx NonNMethodCodeHeapSize                   = 5830092                                {pd product} {ergonomic}
    uintx NonProfiledCodeHeapSize                  = 122914074                              {pd product} {ergonomic}
    uintx ProfiledCodeHeapSize                     = 122914074                              {pd product} {ergonomic}
    uintx ReservedCodeCacheSize                    = 251658240                              {pd product} {ergonomic}
     bool SegmentedCodeCache                       = true                                      {product} {ergonomic}
     bool UseCompressedClassPointers               = true                                 {lp64_product} {ergonomic}
     bool UseCompressedOops                        = true                                 {lp64_product} {ergonomic}
     bool UseG1GC                                  = true                                      {product} {ergonomic}
     bool UseLargePagesIndividualAllocation        = false                                  {pd product} {ergonomic}

Logging:
Log output configuration:
 #0: stdout all=warning uptime,level,tags
 #1: stderr all=off uptime,level,tags

Environment Variables:
PATH=C:\ProgramData\Oracle\Java\javapath;C:\WINDOWS\system32;C:\WINDOWS;C:\WINDOWS\System32\Wbem;C:\WINDOWS\System32\WindowsPowerShell\v1.0\;C:\WINDOWS\System32\OpenSSH\;C:\Program Files\dotnet\;C:\Program Files\Git\cmd;C:\Program Files (x86)\MySQL\MySQL Utilities 1.6\;C:\Users\30051413\AppData\Local\Microsoft\WindowsApps;C:\Users\30051413\AppData\Local\atom\bin
USERNAME=30051413
OS=Windows_NT
PROCESSOR_IDENTIFIER=Intel64 Family 6 Model 94 Stepping 3, GenuineIntel



---------------  S Y S T E M  ---------------

OS: Windows 10 , 64 bit Build 17134 (10.0.17134.1)

CPU:total 4 (initial active 4) (4 cores per cpu, 1 threads per core) family 6 model 94 stepping 3, cmov, cx8, fxsr, mmx, sse, sse2, sse3, ssse3, sse4.1, sse4.2, popcnt, avx, avx2, aes, clmul, erms, rtm, 3dnowpref, lzcnt, tsc, tscinvbit, bmi1, bmi2, adx, fma

Memory: 4k page, system-wide physical 8073M (2230M free)
TotalPageFile size 28613M (AvailPageFile size 17951M)
current process WorkingSet (physical memory assigned to process): 1071M, peak: 1777M
current process commit charge ("private bytes"): 1131M, peak: 1841M

vm_info: Java HotSpot(TM) 64-Bit Server VM (11.0.2+9-LTS) for windows-amd64 JRE (11.0.2+9-LTS), built on Jan 18 2019 05:24:10 by "mach5one" with MS VC++ 15.5 (VS2017)

END.
