#
# A fatal error has been detected by the Java Runtime Environment:
#
#  EXCEPTION_ACCESS_VIOLATION (0xc0000005) at pc=0x00007ffe3da60e0e, pid=13288, tid=0x0000000000002a90
#
# JRE version: Java(TM) SE Runtime Environment (8.0_201-b09) (build 1.8.0_201-b09)
# Java VM: Java HotSpot(TM) 64-Bit Server VM (25.201-b09 mixed mode windows-amd64 compressed oops)
# Problematic frame:
# C  [ig9icd64.dll+0x190e0e]
#
# Failed to write core dump. Minidumps are not enabled by default on client versions of Windows
#
# If you would like to submit a bug report, please visit:
#   http://bugreport.java.com/bugreport/crash.jsp
# The crash happened outside the Java Virtual Machine in native code.
# See problematic frame for where to report the bug.
#

---------------  T H R E A D  ---------------

Current thread (0x00000000202e1000):  JavaThread "Thread-5" daemon [_thread_in_native, id=10896, stack(0x0000000027920000,0x0000000027a20000)]

siginfo: ExceptionCode=0xc0000005, reading address 0x0000000000000008

Registers:
RAX=0x0000000000000000, RBX=0x00007ffe3ddb9290, RCX=0x000000002a68f390, RDX=0x00000000339eb3c0
RSP=0x0000000027a1dff0, RBP=0x0000000027a1e260, RSI=0x0000000027a1e220, RDI=0x0000000000000000
R8 =0x0000000009770000, R9 =0x0000000000000000, R10=0x0000000027a1e3a0, R11=0x0000000027a1e188
R12=0x0000000000000007, R13=0x0000000000000000, R14=0x0000000027a1e4f0, R15=0x0000000027a1e2a0
RIP=0x00007ffe3da60e0e, EFLAGS=0x0000000000010246

Top of Stack: (sp=0x0000000027a1dff0)
0x0000000027a1dff0:   0000000033ac5e60 00000000339eb3c0
0x0000000027a1e000:   0000000000001018 0000000027a1e118
0x0000000027a1e010:   0000000000000000 0000000027a1e260
0x0000000027a1e020:   0000000027a1e050 0000000027a1e090
0x0000000027a1e030:   0000000027a1e0d8 0000000027a1e060
0x0000000027a1e040:   0000000027a1e0f8 0000000027a1e070
0x0000000027a1e050:   0000000027a1e200 0000000027a1e150
0x0000000027a1e060:   0000000000000498 000000002305ef10
0x0000000027a1e070:   0000000033dd1450 0000000033dd1450
0x0000000027a1e080:   000000002305ec30 00007ffe3e1e165c
0x0000000027a1e090:   0000000033dcffb0 000000003781b910
0x0000000027a1e0a0:   0000000033dd1450 000000002301b150
0x0000000027a1e0b0:   0000000027a1e2a0 0000000027a1e3a0
0x0000000027a1e0c0:   00000000361560a0 00000000361560a0
0x0000000027a1e0d0:   0000000000000000 000000003781b910
0x0000000027a1e0e0:   0000000027a1e139 00007ffe3d9166d6 

Instructions: (pc=0x00007ffe3da60e0e)
0x00007ffe3da60dee:   48 85 c9 74 06 48 8b 41 20 eb 15 48 8b 80 98 00
0x00007ffe3da60dfe:   00 00 48 85 c0 74 06 48 8b 40 20 eb 03 48 8b c7
0x00007ffe3da60e0e:   48 8b 48 08 48 85 c9 74 54 81 79 14 5d 01 00 00
0x00007ffe3da60e1e:   75 4b 81 26 ff ff 97 f6 81 0e 00 00 94 06 8b 81 


Register to memory mapping:

RAX=0x0000000000000000 is an unknown value
RBX=0x00007ffe3ddb9290 is an unknown value
RCX=0x000000002a68f390 is an unknown value
RDX=0x00000000339eb3c0 is an unknown value
RSP=0x0000000027a1dff0 is pointing into the stack for thread: 0x00000000202e1000
RBP=0x0000000027a1e260 is pointing into the stack for thread: 0x00000000202e1000
RSI=0x0000000027a1e220 is pointing into the stack for thread: 0x00000000202e1000
RDI=0x0000000000000000 is an unknown value
R8 =0x0000000009770000 is an unknown value
R9 =0x0000000000000000 is an unknown value
R10=0x0000000027a1e3a0 is pointing into the stack for thread: 0x00000000202e1000
R11=0x0000000027a1e188 is pointing into the stack for thread: 0x00000000202e1000
R12=0x0000000000000007 is an unknown value
R13=0x0000000000000000 is an unknown value
R14=0x0000000027a1e4f0 is pointing into the stack for thread: 0x00000000202e1000
R15=0x0000000027a1e2a0 is pointing into the stack for thread: 0x00000000202e1000


Stack: [0x0000000027920000,0x0000000027a20000],  sp=0x0000000027a1dff0,  free space=1015k
Native frames: (J=compiled Java code, j=interpreted, Vv=VM code, C=native code)
C  [ig9icd64.dll+0x190e0e]
C  [ig9icd64.dll+0x4a0cbd]
C  [ig9icd64.dll+0x4a4d27]
C  [ig9icd64.dll+0x398298]
C  [ig9icd64.dll+0x353cc5]
C  [ig9icd64.dll+0x152415]
C  [ig9icd64.dll+0x143304]
C  [ig9icd64.dll+0x13ff36]
C  0x0000000003fe92d7

Java frames: (J=compiled Java code, j=interpreted, Vv=VM code)
J 7601  jogamp.opengl.gl4.GL4bcImpl.dispatch_glTexSubImage2D1(IIIIIIIILjava/lang/Object;IZJ)V (0 bytes) @ 0x0000000003fe9259 [0x0000000003fe91c0+0x99]
J 7600 C1 jogamp.opengl.gl4.GL4bcImpl.glTexSubImage2D(IIIIIIIILjava/nio/Buffer;)V (126 bytes) @ 0x0000000003fea3cc [0x0000000003fe96c0+0xd0c]
J 7663 C1 net.runelite.client.plugins.gpu.GpuPlugin.drawUi(II)V (561 bytes) @ 0x0000000004033dec [0x0000000004033020+0xdcc]
J 10532 C2 net.runelite.client.plugins.gpu.GpuPlugin.draw()V (2777 bytes) @ 0x0000000004f0dc70 [0x0000000004f0bc60+0x2010]
J 7565 C1 bf.c(Ljava/lang/Object;I)V (150 bytes) @ 0x0000000003fbfd1c [0x0000000003fbfb00+0x21c]
j  bf.run()V+381
j  java.lang.Thread.run()V+11
v  ~StubRoutines::call_stub

---------------  P R O C E S S  ---------------

Java Threads: ( => current thread )
  0x000000002758b000 JavaThread "Okio Watchdog" daemon [_thread_blocked, id=876, stack(0x000000006b750000,0x000000006b850000)]
  0x0000000027591800 JavaThread "Twitch" [_thread_in_native, id=16028, stack(0x000000006b050000,0x000000006b150000)]
  0x000000002758e800 JavaThread "Thread-22" daemon [_thread_blocked, id=13716, stack(0x000000003a830000,0x000000003a930000)]
  0x000000002758c000 JavaThread "Thread-21" daemon [_thread_in_native, id=19444, stack(0x000000003a730000,0x000000003a830000)]
  0x000000002758d800 JavaThread "Thread-18" daemon [_thread_blocked, id=1396, stack(0x0000000039040000,0x0000000039140000)]
  0x0000000026eb5000 JavaThread "pool-5-thread-1" [_thread_blocked, id=18172, stack(0x0000000038d40000,0x0000000038e40000)]
  0x00000000202e4000 JavaThread "Java Sound Event Dispatcher" daemon [_thread_blocked, id=912, stack(0x0000000038a40000,0x0000000038b40000)]
  0x0000000026eb9800 JavaThread "DestroyJavaVM" [_thread_blocked, id=8328, stack(0x0000000002490000,0x0000000002590000)]
  0x0000000026eba000 JavaThread "TimerQueue" daemon [_thread_blocked, id=3624, stack(0x000000002a790000,0x000000002a890000)]
  0x0000000026eaf800 JavaThread "pool-4-thread-1" [_thread_blocked, id=6344, stack(0x0000000029990000,0x0000000029a90000)]
  0x0000000026ead800 JavaThread "Thread-12" daemon [_thread_blocked, id=2740, stack(0x0000000028f90000,0x0000000029090000)]
  0x0000000026eb0800 JavaThread "Trident pulse source thread" daemon [_thread_blocked, id=10628, stack(0x0000000028490000,0x0000000028590000)]
  0x0000000026eaf000 JavaThread "Trident callback thread" daemon [_thread_blocked, id=20388, stack(0x0000000028390000,0x0000000028490000)]
  0x0000000026eab000 JavaThread "Substance heap status" daemon [_thread_blocked, id=11600, stack(0x0000000027e00000,0x0000000027f00000)]
  0x0000000026eb2000 JavaThread "Thread-6" daemon [_thread_blocked, id=11640, stack(0x0000000027a20000,0x0000000027b20000)]
=>0x00000000202e1000 JavaThread "Thread-5" daemon [_thread_in_native, id=10896, stack(0x0000000027920000,0x0000000027a20000)]
  0x00000000202e0800 JavaThread "Thread-4" daemon [_thread_blocked, id=3396, stack(0x0000000026640000,0x0000000026740000)]
  0x00000000202df000 JavaThread "AWT-EventQueue-0" [_thread_blocked, id=12588, stack(0x0000000025f70000,0x0000000026070000)]
  0x00000000202e2000 JavaThread "AWT-Shutdown" [_thread_blocked, id=8808, stack(0x0000000025e70000,0x0000000025f70000)]
  0x00000000202df800 JavaThread "Java2D Disposer" daemon [_thread_blocked, id=1928, stack(0x0000000022d60000,0x0000000022e60000)]
  0x00000000202dd800 JavaThread "OkHttp ConnectionPool" daemon [_thread_blocked, id=17688, stack(0x0000000021690000,0x0000000021790000)]
  0x00000000202c6800 JavaThread "pool-2-thread-1" [_thread_blocked, id=6828, stack(0x0000000021290000,0x0000000021390000)]
  0x000000001e38c000 JavaThread "Service Thread" daemon [_thread_blocked, id=17108, stack(0x000000001ee40000,0x000000001ef40000)]
  0x000000001e394000 JavaThread "C1 CompilerThread3" daemon [_thread_blocked, id=15996, stack(0x000000001ed40000,0x000000001ee40000)]
  0x000000001e391000 JavaThread "C2 CompilerThread2" daemon [_thread_blocked, id=19420, stack(0x000000001ec40000,0x000000001ed40000)]
  0x000000001e38e800 JavaThread "C2 CompilerThread1" daemon [_thread_blocked, id=12392, stack(0x000000001eb40000,0x000000001ec40000)]
  0x000000001e38d800 JavaThread "C2 CompilerThread0" daemon [_thread_blocked, id=1420, stack(0x000000001ea40000,0x000000001eb40000)]
  0x000000001e38a800 JavaThread "Monitor Ctrl-Break" daemon [_thread_in_native, id=13484, stack(0x000000001e940000,0x000000001ea40000)]
  0x000000001e173800 JavaThread "Attach Listener" daemon [_thread_blocked, id=8028, stack(0x000000001e840000,0x000000001e940000)]
  0x000000001c36e800 JavaThread "Signal Dispatcher" daemon [_thread_blocked, id=20568, stack(0x000000001e740000,0x000000001e840000)]
  0x000000000293a800 JavaThread "Finalizer" daemon [_thread_blocked, id=15748, stack(0x000000001e640000,0x000000001e740000)]
  0x000000001e160800 JavaThread "Reference Handler" daemon [_thread_blocked, id=548, stack(0x000000001e540000,0x000000001e640000)]

Other Threads:
  0x000000001c359000 VMThread [stack: 0x000000001e040000,0x000000001e140000] [id=10692]
  0x000000001e523000 WatcherThread [stack: 0x000000001ef40000,0x000000001f040000] [id=12708]

VM state:not at safepoint (normal execution)

VM Mutex/Monitor currently owned by a thread: None

heap address: 0x00000006c1c00000, size: 4068 MB, Compressed Oops mode: Zero based, Oop shift amount: 3
Narrow klass base: 0x0000000000000000, Narrow klass shift: 3
Compressed class space size: 1073741824 Address: 0x00000007c0000000

Heap:
 PSYoungGen      total 850432K, used 754173K [0x000000076b400000, 0x00000007ac000000, 0x00000007c0000000)
  eden space 835072K, 90% used [0x000000076b400000,0x000000079947f510,0x000000079e380000)
  from space 15360K, 0% used [0x000000079e380000,0x000000079e380000,0x000000079f280000)
  to   space 31232K, 0% used [0x00000007aa180000,0x00000007aa180000,0x00000007ac000000)
 ParOldGen       total 231936K, used 71221K [0x00000006c1c00000, 0x00000006cfe80000, 0x000000076b400000)
  object space 231936K, 30% used [0x00000006c1c00000,0x00000006c618d600,0x00000006cfe80000)
 Metaspace       used 60842K, capacity 64656K, committed 64768K, reserved 1105920K
  class space    used 6835K, capacity 7418K, committed 7424K, reserved 1048576K

Card table byte_map: [0x0000000011d00000,0x0000000012500000] byte_map_base: 0x000000000e6f2000

Marking Bits: (ParMarkBitMap*) 0x0000000067774ce0
 Begin Bits: [0x0000000013250000, 0x00000000171e0000)
 End Bits:   [0x00000000171e0000, 0x000000001b170000)

Polling page: 0x00000000003e0000

CodeCache: size=245760Kb used=40637Kb max_used=40794Kb free=205122Kb
 bounds [0x0000000002940000, 0x0000000005190000, 0x0000000011940000]
 total_blobs=10520 nmethods=9388 adapters=1042
 compilation: enabled

Compilation events (10 events):
Event: 146.929 Thread 0x000000001e394000 12092       3       okhttp3.Headers::get (9 bytes)
Event: 146.930 Thread 0x000000001e394000 nmethod 12092 0x0000000002d88a90 code [0x0000000002d88c20, 0x0000000002d88fe8]
Event: 146.947 Thread 0x000000001e391000 12096       4       java.lang.StringBuilder::append (9 bytes)
Event: 146.947 Thread 0x000000001e394000 12095       3       java.util.logging.LogManager$LoggerContext::ensureDefaultLogger (70 bytes)
Event: 146.950 Thread 0x000000001e394000 nmethod 12095 0x0000000002b2ded0 code [0x0000000002b2e080, 0x0000000002b2e928]
Event: 146.952 Thread 0x000000001e394000 12094       3       java.util.concurrent.CopyOnWriteArrayList::contains (22 bytes)
Event: 146.954 Thread 0x000000001e394000 nmethod 12094 0x0000000002fee7d0 code [0x0000000002fee940, 0x0000000002feebc8]
Event: 146.957 Thread 0x000000001e394000 12097       3       java.lang.StringBuilder::append (8 bytes)
Event: 146.958 Thread 0x000000001e394000 nmethod 12097 0x00000000030efd50 code [0x00000000030efec0, 0x00000000030f0048]
Event: 146.971 Thread 0x000000001e391000 nmethod 12096 0x0000000002c03310 code [0x0000000002c03480, 0x0000000002c03908]

GC Heap History (10 events):
Event: 4.561 GC heap before
{Heap before GC invocations=10 (full 1):
 PSYoungGen      total 537088K, used 5522K [0x000000076b400000, 0x00000007a0200000, 0x00000007c0000000)
  eden space 523264K, 0% used [0x000000076b400000,0x000000076b400000,0x000000078b300000)
  from space 13824K, 39% used [0x000000078b300000,0x000000078b864a20,0x000000078c080000)
  to   space 14336K, 0% used [0x000000079f400000,0x000000079f400000,0x00000007a0200000)
 ParOldGen       total 175104K, used 9031K [0x00000006c1c00000, 0x00000006cc700000, 0x000000076b400000)
  object space 175104K, 5% used [0x00000006c1c00000,0x00000006c24d1f60,0x00000006cc700000)
 Metaspace       used 20923K, capacity 21124K, committed 21296K, reserved 1069056K
  class space    used 2342K, capacity 2426K, committed 2432K, reserved 1048576K
Event: 4.610 GC heap after
Heap after GC invocations=10 (full 1):
 PSYoungGen      total 537088K, used 0K [0x000000076b400000, 0x00000007a0200000, 0x00000007c0000000)
  eden space 523264K, 0% used [0x000000076b400000,0x000000076b400000,0x000000078b300000)
  from space 13824K, 0% used [0x000000078b300000,0x000000078b300000,0x000000078c080000)
  to   space 14336K, 0% used [0x000000079f400000,0x000000079f400000,0x00000007a0200000)
 ParOldGen       total 92672K, used 10344K [0x00000006c1c00000, 0x00000006c7680000, 0x000000076b400000)
  object space 92672K, 11% used [0x00000006c1c00000,0x00000006c261a3e0,0x00000006c7680000)
 Metaspace       used 20923K, capacity 21124K, committed 21296K, reserved 1069056K
  class space    used 2342K, capacity 2426K, committed 2432K, reserved 1048576K
}
Event: 7.056 GC heap before
{Heap before GC invocations=11 (full 1):
 PSYoungGen      total 537088K, used 167799K [0x000000076b400000, 0x00000007a0200000, 0x00000007c0000000)
  eden space 523264K, 32% used [0x000000076b400000,0x00000007757ddef0,0x000000078b300000)
  from space 13824K, 0% used [0x000000078b300000,0x000000078b300000,0x000000078c080000)
  to   space 14336K, 0% used [0x000000079f400000,0x000000079f400000,0x00000007a0200000)
 ParOldGen       total 92672K, used 10344K [0x00000006c1c00000, 0x00000006c7680000, 0x000000076b400000)
  object space 92672K, 11% used [0x00000006c1c00000,0x00000006c261a3e0,0x00000006c7680000)
 Metaspace       used 34724K, capacity 35208K, committed 35456K, reserved 1081344K
  class space    used 4045K, capacity 4195K, committed 4224K, reserved 1048576K
Event: 7.074 GC heap after
Heap after GC invocations=11 (full 1):
 PSYoungGen      total 780288K, used 13686K [0x000000076b400000, 0x00000007a0180000, 0x00000007c0000000)
  eden space 766464K, 0% used [0x000000076b400000,0x000000076b400000,0x000000079a080000)
  from space 13824K, 99% used [0x000000079f400000,0x00000007a015d8c8,0x00000007a0180000)
  to   space 15360K, 0% used [0x000000079e380000,0x000000079e380000,0x000000079f280000)
 ParOldGen       total 92672K, used 10352K [0x00000006c1c00000, 0x00000006c7680000, 0x000000076b400000)
  object space 92672K, 11% used [0x00000006c1c00000,0x00000006c261c3e0,0x00000006c7680000)
 Metaspace       used 34724K, capacity 35208K, committed 35456K, reserved 1081344K
  class space    used 4045K, capacity 4195K, committed 4224K, reserved 1048576K
}
Event: 7.074 GC heap before
{Heap before GC invocations=12 (full 2):
 PSYoungGen      total 780288K, used 13686K [0x000000076b400000, 0x00000007a0180000, 0x00000007c0000000)
  eden space 766464K, 0% used [0x000000076b400000,0x000000076b400000,0x000000079a080000)
  from space 13824K, 99% used [0x000000079f400000,0x00000007a015d8c8,0x00000007a0180000)
  to   space 15360K, 0% used [0x000000079e380000,0x000000079e380000,0x000000079f280000)
 ParOldGen       total 92672K, used 10352K [0x00000006c1c00000, 0x00000006c7680000, 0x000000076b400000)
  object space 92672K, 11% used [0x00000006c1c00000,0x00000006c261c3e0,0x00000006c7680000)
 Metaspace       used 34724K, capacity 35208K, committed 35456K, reserved 1081344K
  class space    used 4045K, capacity 4195K, committed 4224K, reserved 1048576K
Event: 7.186 GC heap after
Heap after GC invocations=12 (full 2):
 PSYoungGen      total 780288K, used 0K [0x000000076b400000, 0x00000007a0180000, 0x00000007c0000000)
  eden space 766464K, 0% used [0x000000076b400000,0x000000076b400000,0x000000079a080000)
  from space 13824K, 0% used [0x000000079f400000,0x000000079f400000,0x00000007a0180000)
  to   space 15360K, 0% used [0x000000079e380000,0x000000079e380000,0x000000079f280000)
 ParOldGen       total 138752K, used 22827K [0x00000006c1c00000, 0x00000006ca380000, 0x000000076b400000)
  object space 138752K, 16% used [0x00000006c1c00000,0x00000006c324add0,0x00000006ca380000)
 Metaspace       used 34724K, capacity 35208K, committed 35456K, reserved 1081344K
  class space    used 4045K, capacity 4195K, committed 4224K, reserved 1048576K
}
Event: 26.064 GC heap before
{Heap before GC invocations=13 (full 2):
 PSYoungGen      total 780288K, used 454555K [0x000000076b400000, 0x00000007a0180000, 0x00000007c0000000)
  eden space 766464K, 59% used [0x000000076b400000,0x0000000786fe6f58,0x000000079a080000)
  from space 13824K, 0% used [0x000000079f400000,0x000000079f400000,0x00000007a0180000)
  to   space 15360K, 0% used [0x000000079e380000,0x000000079e380000,0x000000079f280000)
 ParOldGen       total 138752K, used 22827K [0x00000006c1c00000, 0x00000006ca380000, 0x000000076b400000)
  object space 138752K, 16% used [0x00000006c1c00000,0x00000006c324add0,0x00000006ca380000)
 Metaspace       used 55508K, capacity 59004K, committed 59096K, reserved 1101824K
  class space    used 6486K, capacity 6998K, committed 7040K, reserved 1048576K
Event: 26.098 GC heap after
Heap after GC invocations=13 (full 2):
 PSYoungGen      total 850432K, used 15349K [0x000000076b400000, 0x00000007ac000000, 0x00000007c0000000)
  eden space 835072K, 0% used [0x000000076b400000,0x000000076b400000,0x000000079e380000)
  from space 15360K, 99% used [0x000000079e380000,0x000000079f27d698,0x000000079f280000)
  to   space 31232K, 0% used [0x00000007aa180000,0x00000007aa180000,0x00000007ac000000)
 ParOldGen       total 138752K, used 60389K [0x00000006c1c00000, 0x00000006ca380000, 0x000000076b400000)
  object space 138752K, 43% used [0x00000006c1c00000,0x00000006c56f9450,0x00000006ca380000)
 Metaspace       used 55508K, capacity 59004K, committed 59096K, reserved 1101824K
  class space    used 6486K, capacity 6998K, committed 7040K, reserved 1048576K
}
Event: 26.098 GC heap before
{Heap before GC invocations=14 (full 3):
 PSYoungGen      total 850432K, used 15349K [0x000000076b400000, 0x00000007ac000000, 0x00000007c0000000)
  eden space 835072K, 0% used [0x000000076b400000,0x000000076b400000,0x000000079e380000)
  from space 15360K, 99% used [0x000000079e380000,0x000000079f27d698,0x000000079f280000)
  to   space 31232K, 0% used [0x00000007aa180000,0x00000007aa180000,0x00000007ac000000)
 ParOldGen       total 138752K, used 60389K [0x00000006c1c00000, 0x00000006ca380000, 0x000000076b400000)
  object space 138752K, 43% used [0x00000006c1c00000,0x00000006c56f9450,0x00000006ca380000)
 Metaspace       used 55508K, capacity 59004K, committed 59096K, reserved 1101824K
  class space    used 6486K, capacity 6998K, committed 7040K, reserved 1048576K
Event: 26.424 GC heap after
Heap after GC invocations=14 (full 3):
 PSYoungGen      total 850432K, used 0K [0x000000076b400000, 0x00000007ac000000, 0x00000007c0000000)
  eden space 835072K, 0% used [0x000000076b400000,0x000000076b400000,0x000000079e380000)
  from space 15360K, 0% used [0x000000079e380000,0x000000079e380000,0x000000079f280000)
  to   space 31232K, 0% used [0x00000007aa180000,0x00000007aa180000,0x00000007ac000000)
 ParOldGen       total 231936K, used 71221K [0x00000006c1c00000, 0x00000006cfe80000, 0x000000076b400000)
  object space 231936K, 30% used [0x00000006c1c00000,0x00000006c618d600,0x00000006cfe80000)
 Metaspace       used 55508K, capacity 59004K, committed 59096K, reserved 1101824K
  class space    used 6486K, capacity 6998K, committed 7040K, reserved 1048576K
}

Deoptimization events (10 events):
Event: 146.033 Thread 0x00000000202df000 Uncommon trap: reason=unstable_if action=reinterpret pc=0x000000000515c4c8 method=java.awt.EventDispatchThread.filterAndCheckEvent(Ljava/awt/AWTEvent;)Z @ 67
Event: 146.044 Thread 0x00000000202df000 Uncommon trap: reason=class_check action=maybe_recompile pc=0x0000000004996bec method=java.awt.Toolkit$ToolkitEventMulticaster.eventDispatched(Ljava/awt/AWTEvent;)V @ 4
Event: 146.050 Thread 0x00000000202df000 Uncommon trap: reason=class_check action=maybe_recompile pc=0x0000000004996bec method=java.awt.Toolkit$ToolkitEventMulticaster.eventDispatched(Ljava/awt/AWTEvent;)V @ 4
Event: 146.061 Thread 0x00000000202df000 Uncommon trap: reason=class_check action=maybe_recompile pc=0x0000000004996bec method=java.awt.Toolkit$ToolkitEventMulticaster.eventDispatched(Ljava/awt/AWTEvent;)V @ 4
Event: 146.729 Thread 0x00000000202df000 Uncommon trap: reason=unstable_if action=reinterpret pc=0x0000000004b0a5c8 method=java.awt.EventQueue.cacheEQItem(Lsun/awt/EventQueueItem;)V @ 23
Event: 146.730 Thread 0x00000000202df000 Uncommon trap: reason=unstable_if action=reinterpret pc=0x00000000049f9d0c method=java.awt.EventQueue.cacheEQItem(Lsun/awt/EventQueueItem;)V @ 23
Event: 146.730 Thread 0x00000000202df000 Uncommon trap: reason=unstable_if action=reinterpret pc=0x0000000003d3e7c0 method=javax.swing.JButton.removeNotify()V @ 14
Event: 146.730 Thread 0x00000000202df000 Uncommon trap: reason=class_check action=maybe_recompile pc=0x00000000048e77ec method=java.awt.KeyboardFocusManager.clearMostRecentFocusOwner(Ljava/awt/Component;)V @ 67
Event: 146.733 Thread 0x00000000202df000 Uncommon trap: reason=unstable_if action=reinterpret pc=0x0000000003d28e4c method=javax.swing.JComponent.unregisterWithKeyboardManager()V @ 11
Event: 146.948 Thread 0x0000000026eb2800 Uncommon trap: reason=unstable_if action=reinterpret pc=0x00000000034fe5e0 method=jogamp.common.util.locks.RecursiveLockImpl01Unfairish$SingleThreadSync.isOwner(Ljava/lang/Thread;)Z @ 5

Classes redefined (0 events):
No events

Internal exceptions (10 events):
Event: 46.771 Thread 0x00000000202df000 Implicit null exception at 0x000000000360d3ec to 0x000000000360d609
Event: 46.771 Thread 0x00000000202df000 Implicit null exception at 0x0000000003d2486c to 0x0000000003d24a89
Event: 48.322 Thread 0x00000000202df000 Implicit null exception at 0x0000000003b1e682 to 0x0000000003b1e911
Event: 48.325 Thread 0x00000000202df000 Implicit null exception at 0x00000000044946aa to 0x0000000004494781
Event: 58.256 Thread 0x00000000202df000 Implicit null exception at 0x000000000448df9f to 0x000000000448e311
Event: 63.291 Thread 0x00000000202df000 Exception <a 'java/lang/NoSuchMethodError': java.lang.Object.inspectorAlwaysOnTop()Z> (0x000000077d04df80) thrown at [C:\re\workspace\8-2-build-windows-amd64-cygwin\jdk8u201\12322\hotspot\src\share\vm\interpreter\linkResolver.cpp, line 620]
Event: 68.063 Thread 0x00000000202e1000 Implicit null exception at 0x00000000041a33e9 to 0x00000000041a40dd
Event: 69.230 Thread 0x00000000202e1000 Implicit null exception at 0x00000000032abad8 to 0x00000000032abb7d
Event: 146.738 Thread 0x00000000202df000 Exception <a 'java/lang/NoSuchMethodError': java.lang.Object.inspectorAlwaysOnTop()Z> (0x00000007984bd260) thrown at [C:\re\workspace\8-2-build-windows-amd64-cygwin\jdk8u201\12322\hotspot\src\share\vm\interpreter\linkResolver.cpp, line 620]
Event: 146.768 Thread 0x00000000202df000 Exception <a 'java/net/SocketTimeoutException': Read timed out> (0x000000079852bca0) thrown at [C:\re\workspace\8-2-build-windows-amd64-cygwin\jdk8u201\12322\hotspot\src\share\vm\prims\jni.cpp, line 735]

Events (10 events):
Event: 146.981 loading class jogamp/opengl/egl/EGLDisplayUtil$1
Event: 146.981 loading class jogamp/opengl/egl/EGLDisplayUtil$1 done
Event: 146.984 Executing VM operation: RevokeBias
Event: 146.984 Executing VM operation: RevokeBias done
Event: 146.984 Executing VM operation: RevokeBias
Event: 146.985 Executing VM operation: RevokeBias done
Event: 146.985 Thread 0x0000000026eac000 Thread exited: 0x0000000026eac000
Event: 147.137 Executing VM operation: RevokeBias
Event: 147.138 Executing VM operation: RevokeBias done
Event: 147.138 Thread 0x00000000202de000 Thread exited: 0x00000000202de000


Dynamic libraries:
0x00007ff674c20000 - 0x00007ff674c57000 	C:\Program Files\Java\jdk1.8.0_201\bin\java.exe
0x00007ffe8cb00000 - 0x00007ffe8cce1000 	C:\WINDOWS\SYSTEM32\ntdll.dll
0x00007ffe8c120000 - 0x00007ffe8c1d2000 	C:\WINDOWS\System32\KERNEL32.DLL
0x00007ffe88f20000 - 0x00007ffe89193000 	C:\WINDOWS\System32\KERNELBASE.dll
0x00007ffe8bfa0000 - 0x00007ffe8c041000 	C:\WINDOWS\System32\ADVAPI32.dll
0x00007ffe8a530000 - 0x00007ffe8a5ce000 	C:\WINDOWS\System32\msvcrt.dll
0x00007ffe8c350000 - 0x00007ffe8c3ab000 	C:\WINDOWS\System32\sechost.dll
0x00007ffe8a600000 - 0x00007ffe8a724000 	C:\WINDOWS\System32\RPCRT4.dll
0x00007ffe8c940000 - 0x00007ffe8cad0000 	C:\WINDOWS\System32\USER32.dll
0x00007ffe89af0000 - 0x00007ffe89b10000 	C:\WINDOWS\System32\win32u.dll
0x00007ffe8c890000 - 0x00007ffe8c8b8000 	C:\WINDOWS\System32\GDI32.dll
0x00007ffe89950000 - 0x00007ffe89ae2000 	C:\WINDOWS\System32\gdi32full.dll
0x00007ffe898b0000 - 0x00007ffe8994f000 	C:\WINDOWS\System32\msvcp_win.dll
0x00007ffe89d00000 - 0x00007ffe89dfa000 	C:\WINDOWS\System32\ucrtbase.dll
0x00007ffe796c0000 - 0x00007ffe79929000 	C:\WINDOWS\WinSxS\amd64_microsoft.windows.common-controls_6595b64144ccf1df_6.0.17134.590_none_fb3d9bff3069e088\COMCTL32.dll
0x00007ffe89f90000 - 0x00007ffe8a2b2000 	C:\WINDOWS\System32\combase.dll
0x00007ffe89e00000 - 0x00007ffe89e7a000 	C:\WINDOWS\System32\bcryptPrimitives.dll
0x00007ffe8a5d0000 - 0x00007ffe8a5fd000 	C:\WINDOWS\System32\IMM32.DLL
0x0000000067800000 - 0x00000000678d1000 	C:\Program Files\Java\jdk1.8.0_201\jre\bin\msvcr100.dll
0x0000000066f50000 - 0x00000000677f4000 	C:\Program Files\Java\jdk1.8.0_201\jre\bin\server\jvm.dll
0x00007ffe8c1e0000 - 0x00007ffe8c1e8000 	C:\WINDOWS\System32\PSAPI.DLL
0x00007ffe83540000 - 0x00007ffe8354a000 	C:\WINDOWS\SYSTEM32\VERSION.dll
0x00007ffe764f0000 - 0x00007ffe764f9000 	C:\WINDOWS\SYSTEM32\WSOCK32.dll
0x00007ffe84b60000 - 0x00007ffe84b83000 	C:\WINDOWS\SYSTEM32\WINMM.dll
0x00007ffe8c0b0000 - 0x00007ffe8c11c000 	C:\WINDOWS\System32\WS2_32.dll
0x00007ffe84b10000 - 0x00007ffe84b3a000 	C:\WINDOWS\SYSTEM32\winmmbase.dll
0x00007ffe88ed0000 - 0x00007ffe88f19000 	C:\WINDOWS\System32\cfgmgr32.dll
0x00007ffe7a420000 - 0x00007ffe7a42f000 	C:\Program Files\Java\jdk1.8.0_201\jre\bin\verify.dll
0x00007ffe79c30000 - 0x00007ffe79c59000 	C:\Program Files\Java\jdk1.8.0_201\jre\bin\java.dll
0x00007ffe70dd0000 - 0x00007ffe70df3000 	C:\Program Files\Java\jdk1.8.0_201\jre\bin\instrument.dll
0x00007ffe79ae0000 - 0x00007ffe79af6000 	C:\Program Files\Java\jdk1.8.0_201\jre\bin\zip.dll
0x00007ffe8ab60000 - 0x00007ffe8bfa0000 	C:\WINDOWS\System32\SHELL32.dll
0x00007ffe8a7d0000 - 0x00007ffe8a879000 	C:\WINDOWS\System32\shcore.dll
0x00007ffe891a0000 - 0x00007ffe898ad000 	C:\WINDOWS\System32\windows.storage.dll
0x00007ffe8c3b0000 - 0x00007ffe8c401000 	C:\WINDOWS\System32\shlwapi.dll
0x00007ffe88eb0000 - 0x00007ffe88ec1000 	C:\WINDOWS\System32\kernel.appcore.dll
0x00007ffe88e40000 - 0x00007ffe88e5f000 	C:\WINDOWS\System32\profapi.dll
0x00007ffe88e60000 - 0x00007ffe88eac000 	C:\WINDOWS\System32\powrprof.dll
0x00007ffe88e10000 - 0x00007ffe88e1a000 	C:\WINDOWS\System32\FLTLIB.DLL
0x00007ffe70b70000 - 0x00007ffe70b8a000 	C:\Program Files\JetBrains\IntelliJ IDEA Community Edition 2018.3.3\bin\breakgen64.dll
0x00007ffe78ee0000 - 0x00007ffe78efa000 	C:\Program Files\Java\jdk1.8.0_201\jre\bin\net.dll
0x00007ffe7b1f0000 - 0x00007ffe7b3b9000 	C:\WINDOWS\SYSTEM32\urlmon.dll
0x00007ffe79410000 - 0x00007ffe796b5000 	C:\WINDOWS\SYSTEM32\iertutil.dll
0x00007ffe88840000 - 0x00007ffe8884b000 	C:\WINDOWS\SYSTEM32\CRYPTBASE.DLL
0x00007ffe88690000 - 0x00007ffe886f6000 	C:\WINDOWS\system32\mswsock.dll
0x00007ffe70b40000 - 0x00007ffe70b64000 	C:\Program Files\Java\jdk1.8.0_201\jre\bin\sunec.dll
0x00007ffe88410000 - 0x00007ffe88448000 	C:\WINDOWS\SYSTEM32\IPHLPAPI.DLL
0x00007ffe8a880000 - 0x00007ffe8a888000 	C:\WINDOWS\System32\NSI.dll
0x00007ffe810a0000 - 0x00007ffe810b6000 	C:\WINDOWS\SYSTEM32\dhcpcsvc6.DLL
0x00007ffe81260000 - 0x00007ffe8127a000 	C:\WINDOWS\SYSTEM32\dhcpcsvc.DLL
0x00007ffe76850000 - 0x00007ffe76861000 	C:\Program Files\Java\jdk1.8.0_201\jre\bin\nio.dll
0x00007ffe88850000 - 0x00007ffe88867000 	C:\WINDOWS\SYSTEM32\CRYPTSP.dll
0x00007ffe88270000 - 0x00007ffe882a3000 	C:\WINDOWS\system32\rsaenh.dll
0x00007ffe88970000 - 0x00007ffe88995000 	C:\WINDOWS\SYSTEM32\bcrypt.dll
0x00007ffe88d10000 - 0x00007ffe88d38000 	C:\WINDOWS\SYSTEM32\USERENV.dll
0x00007ffe70330000 - 0x00007ffe70372000 	C:\Users\asus\AppData\Local\Temp\jna-3003984\jna8837401049468386266.dll
0x00007ffe666e0000 - 0x00007ffe6677c000 	C:\Users\asus\AppData\Local\Temp\jna-3003984\jna8386685101919455946.dll
0x00007ffe88450000 - 0x00007ffe8850e000 	C:\WINDOWS\SYSTEM32\DNSAPI.dll
0x00007ffe7c910000 - 0x00007ffe7c91a000 	C:\Windows\System32\rasadhlp.dll
0x00007ffe7cf10000 - 0x00007ffe7cf82000 	C:\WINDOWS\System32\fwpuclnt.dll
0x00007ffe4eb10000 - 0x00007ffe4eca9000 	C:\Program Files\Java\jdk1.8.0_201\jre\bin\awt.dll
0x00007ffe8a2c0000 - 0x00007ffe8a383000 	C:\WINDOWS\System32\OLEAUT32.dll
0x00007ffe86450000 - 0x00007ffe864db000 	C:\WINDOWS\SYSTEM32\apphelp.dll
0x00007ffe86580000 - 0x00007ffe86618000 	C:\WINDOWS\system32\uxtheme.dll
0x00007ffe8a8f0000 - 0x00007ffe8aa63000 	C:\WINDOWS\System32\MSCTF.dll
0x00007ffe86fe0000 - 0x00007ffe87009000 	C:\WINDOWS\system32\dwmapi.dll
0x00007ffe8c1f0000 - 0x00007ffe8c341000 	C:\WINDOWS\System32\ole32.dll
0x00007ffe81410000 - 0x00007ffe8141b000 	C:\Program Files\Java\jdk1.8.0_201\jre\bin\sunmscapi.dll
0x00007ffe89b10000 - 0x00007ffe89cf2000 	C:\WINDOWS\System32\CRYPT32.dll
0x00007ffe88e20000 - 0x00007ffe88e32000 	C:\WINDOWS\System32\MSASN1.dll
0x00007ffe6f200000 - 0x00007ffe6f247000 	C:\Program Files\Java\jdk1.8.0_201\jre\bin\fontmanager.dll
0x00007ffe63be0000 - 0x00007ffe63c82000 	C:\Program Files\Java\jdk1.8.0_201\jre\bin\mlib_image.dll
0x00007ffe773d0000 - 0x00007ffe774f0000 	C:\WINDOWS\system32\opengl32.dll
0x00007ffe82690000 - 0x00007ffe826bc000 	C:\WINDOWS\SYSTEM32\GLU32.dll
0x00007ffe71d60000 - 0x00007ffe71d8a000 	C:\Program Files\Java\jdk1.8.0_201\jre\bin\dcpr.dll
0x00007ffe6e3a0000 - 0x00007ffe6e3e2000 	C:\Program Files\Java\jdk1.8.0_201\jre\bin\t2k.dll
0x00007ffe8a730000 - 0x00007ffe8a7d0000 	C:\WINDOWS\System32\clbcatq.dll
0x00007ffe83780000 - 0x00007ffe8392e000 	C:\WINDOWS\SYSTEM32\WindowsCodecs.dll
0x00007ffe6cbe0000 - 0x00007ffe6cc38000 	C:\WINDOWS\system32\dataexchange.dll
0x00007ffe85d70000 - 0x00007ffe85f0c000 	C:\WINDOWS\system32\dcomp.dll
0x00007ffe85490000 - 0x00007ffe8579b000 	C:\WINDOWS\system32\d3d11.dll
0x00007ffe87bd0000 - 0x00007ffe87c8b000 	C:\WINDOWS\system32\dxgi.dll
0x00007ffe870f0000 - 0x00007ffe872a8000 	C:\WINDOWS\system32\twinapi.appcore.dll
0x00007ffe870c0000 - 0x00007ffe870e9000 	C:\WINDOWS\system32\RMCLIENT.dll
0x00007ffe81420000 - 0x00007ffe814c8000 	C:\WINDOWS\SYSTEM32\mscms.dll
0x00007ffe84c50000 - 0x00007ffe84c60000 	C:\WINDOWS\SYSTEM32\ColorAdapterClient.dll
0x00007ffe6d590000 - 0x00007ffe6d5d3000 	C:\WINDOWS\SYSTEM32\icm32.dll
0x00007ffe77be0000 - 0x00007ffe77c76000 	C:\WINDOWS\System32\TextInputFramework.dll
0x00007ffe83210000 - 0x00007ffe8352e000 	C:\WINDOWS\System32\CoreUIComponents.dll
0x00007ffe86250000 - 0x00007ffe8632a000 	C:\WINDOWS\System32\CoreMessaging.dll
0x00007ffe87f00000 - 0x00007ffe87f31000 	C:\WINDOWS\SYSTEM32\ntmarta.dll
0x00007ffe844a0000 - 0x00007ffe845ed000 	C:\WINDOWS\SYSTEM32\wintypes.dll
0x00007ffe7d540000 - 0x00007ffe7d5ab000 	C:\WINDOWS\system32\Oleacc.dll
0x00000000637c0000 - 0x00000000637cd000 	C:\Users\asus\AppData\Local\Temp\jogamp_0000\file_cache\jln7181200450015050568\jln2975274248093391023\natives\windows-amd64\gluegen-rt.dll
0x00007ffe77220000 - 0x00007ffe77227000 	C:\Program Files\Java\jdk1.8.0_201\jre\bin\jawt.dll
0x000000006a440000 - 0x000000006a44d000 	C:\Users\asus\AppData\Local\Temp\jogamp_0000\file_cache\jln7181200450015050568\jln2975274248093391023\natives\windows-amd64\nativewindow_awt.dll
0x000000006c100000 - 0x000000006c10f000 	C:\Users\asus\AppData\Local\Temp\jogamp_0000\file_cache\jln7181200450015050568\jln2975274248093391023\natives\windows-amd64\nativewindow_win32.dll
0x0000000064500000 - 0x00000000645b1000 	C:\Users\asus\AppData\Local\Temp\jogamp_0000\file_cache\jln7181200450015050568\jln2975274248093391023\natives\windows-amd64\jogl_desktop.dll
0x00007ffe81820000 - 0x00007ffe8182b000 	C:\WINDOWS\SYSTEM32\WINNSI.DLL
0x00007ffe6f180000 - 0x00007ffe6f1b1000 	C:\Program Files\Java\jdk1.8.0_201\jre\bin\jpeg.dll
0x00007ffe6f140000 - 0x00007ffe6f17e000 	C:\Program Files\Java\jdk1.8.0_201\jre\bin\lcms.dll
0x0000000064340000 - 0x00000000643a2000 	C:\Users\asus\AppData\Local\Temp\jogamp_0000\file_cache\jln7181200450015050568\jln2975274248093391023\natives\windows-amd64\jogl_mobile.dll
0x00007ffe3d8d0000 - 0x00007ffe3e7be000 	C:\WINDOWS\System32\DriverStore\FileRepository\igdlh64.inf_amd64_31ba00ea6900d67d\ig9icd64.dll
0x00007ffe7d7e0000 - 0x00007ffe7f6e1000 	C:\WINDOWS\System32\DriverStore\FileRepository\igdlh64.inf_amd64_31ba00ea6900d67d\igc64.dll
0x00007ffe79ab0000 - 0x00007ffe79abd000 	C:\Program Files\Java\jdk1.8.0_201\jre\bin\management.dll
0x00007ffe770b0000 - 0x00007ffe770bc000 	C:\Program Files\Java\jdk1.8.0_201\jre\bin\jsound.dll
0x00007ffe77020000 - 0x00007ffe7702b000 	C:\Program Files\Java\jdk1.8.0_201\jre\bin\jsoundds.dll
0x00007ffe60a70000 - 0x00007ffe60aff000 	C:\WINDOWS\SYSTEM32\DSOUND.dll
0x00007ffe81170000 - 0x00007ffe811e6000 	C:\WINDOWS\SYSTEM32\MMDevAPI.DLL
0x00007ffe88c20000 - 0x00007ffe88c47000 	C:\WINDOWS\SYSTEM32\DEVOBJ.dll
0x00007ffe86a00000 - 0x00007ffe86bb4000 	C:\WINDOWS\SYSTEM32\PROPSYS.dll
0x00007ffe4f800000 - 0x00007ffe4f844000 	C:\WINDOWS\SYSTEM32\wdmaud.drv
0x00007ffe82da0000 - 0x00007ffe82da9000 	C:\WINDOWS\SYSTEM32\ksuser.dll
0x00007ffe83b00000 - 0x00007ffe83b0a000 	C:\WINDOWS\SYSTEM32\AVRT.dll
0x00007ffe73130000 - 0x00007ffe7325c000 	C:\WINDOWS\SYSTEM32\AUDIOSES.DLL
0x00007ffe79a20000 - 0x00007ffe79a2d000 	C:\WINDOWS\SYSTEM32\msacm32.drv
0x00007ffe70be0000 - 0x00007ffe70bfc000 	C:\WINDOWS\SYSTEM32\MSACM32.dll
0x00007ffe78ff0000 - 0x00007ffe78ffa000 	C:\WINDOWS\SYSTEM32\midimap.dll
0x00007ffe87810000 - 0x00007ffe879d9000 	C:\WINDOWS\SYSTEM32\dbghelp.dll

VM Arguments:
jvm_args: -ea -javaagent:C:\Program Files\JetBrains\IntelliJ IDEA Community Edition 2018.3.3\lib\idea_rt.jar=57143:C:\Program Files\JetBrains\IntelliJ IDEA Community Edition 2018.3.3\bin -Dfile.encoding=UTF-8 
java_command: net.runelite.client.RuneLite --debug --developer-mode
java_class_path (initial): C:\Program Files\Java\jdk1.8.0_201\jre\lib\charsets.jar;C:\Program Files\Java\jdk1.8.0_201\jre\lib\deploy.jar;C:\Program Files\Java\jdk1.8.0_201\jre\lib\ext\access-bridge-64.jar;C:\Program Files\Java\jdk1.8.0_201\jre\lib\ext\cldrdata.jar;C:\Program Files\Java\jdk1.8.0_201\jre\lib\ext\dnsns.jar;C:\Program Files\Java\jdk1.8.0_201\jre\lib\ext\jaccess.jar;C:\Program Files\Java\jdk1.8.0_201\jre\lib\ext\jfxrt.jar;C:\Program Files\Java\jdk1.8.0_201\jre\lib\ext\localedata.jar;C:\Program Files\Java\jdk1.8.0_201\jre\lib\ext\nashorn.jar;C:\Program Files\Java\jdk1.8.0_201\jre\lib\ext\sunec.jar;C:\Program Files\Java\jdk1.8.0_201\jre\lib\ext\sunjce_provider.jar;C:\Program Files\Java\jdk1.8.0_201\jre\lib\ext\sunmscapi.jar;C:\Program Files\Java\jdk1.8.0_201\jre\lib\ext\sunpkcs11.jar;C:\Program Files\Java\jdk1.8.0_201\jre\lib\ext\zipfs.jar;C:\Program Files\Java\jdk1.8.0_201\jre\lib\javaws.jar;C:\Program Files\Java\jdk1.8.0_201\jre\lib\jce.jar;C:\Program Files\Java\jdk1.8.0_201\jre\lib\jfr.jar;C:\Program Files\Java\jdk1.8.0_201\jre\lib\jfxswt.jar;C:\Program Files\Java\jdk1.8.0_201\jre\lib\jsse.jar;C:\Program Files\Java\jdk1.8.0_201\jre\lib\management-agent.jar;C:\Program Files\Java\jdk1.8.0_201\jre\lib\plugin.jar;C:\Program Files\Java\jdk1.8.0_201\jre\lib\resources.jar;C:\Program Files\Java\jdk1.8.0_201\jre\lib\rt.jar;C:\Users\asus\runelite\runelite-client\target\classes;C:\Users\asus\.m2\repository\org\slf4j\slf4j-api\1.7.25\slf4j-api-1.7.25.jar;C:\Users\asus\.m2\repository\ch\qos\logback\logback-classic\1.2.3\logback-classic-1.2.3.jar;C:\Users\asus\.m2\repository\ch\qos\logback\logback-core\1.2.3\logback-core-1.2.3.jar;C:\Users\asus\.m2\repository\net\sf\jopt-simple\jopt-simple\5.0.1\jopt-simple-5.0.1.jar;C:\Users\asus\.m2\repository\com\google\guava\guava\23.2-jre\guava-23.2-jre.jar;C:\Users\asus\.m2\repository\com\google\code\findbugs\jsr305\1.3.9\jsr305-1.3.9.jar;C:\Users\asus\.m2\repository\com\google\errorprone\error_prone_annotations\2.0.18\error_
Launcher Type: SUN_STANDARD

Environment Variables:
PATH=C:\Program Files (x86)\Common Files\Oracle\Java\javapath;C:\Program Files (x86)\Intel\iCLS Client\;C:\Program Files\Intel\iCLS Client\;C:\Windows\system32;C:\Windows;C:\Windows\System32\Wbem;C:\Windows\System32\WindowsPowerShell\v1.0\;C:\Program Files (x86)\NVIDIA Corporation\PhysX\Common;C:\Program Files (x86)\Intel\Intel(R) Management Engine Components\DAL;C:\Program Files\Intel\Intel(R) Management Engine Components\DAL;C:\Program Files (x86)\Intel\Intel(R) Management Engine Components\IPT;C:\Program Files\Intel\Intel(R) Management Engine Components\IPT;C:\WINDOWS\system32;C:\WINDOWS;C:\WINDOWS\System32\Wbem;C:\WINDOWS\System32\WindowsPowerShell\v1.0\;C:\WINDOWS\System32\OpenSSH\;C:\Documents\PuTTY\;C:\Program Files\Intel\WiFi\bin\;C:\Program Files\Common Files\Intel\WirelessCommon\;C:\cygwin\bin;C:\Program Files\Git\cmd;C:\Users\asus\AppData\Local\Microsoft\WindowsApps;C:\Users\asus\AppData\Local\GitHubDesktop\bin
USERNAME=asus
OS=Windows_NT
PROCESSOR_IDENTIFIER=Intel64 Family 6 Model 158 Stepping 9, GenuineIntel



---------------  S Y S T E M  ---------------

OS: Windows 10.0 , 64 bit Build 17134 (10.0.17134.556)

CPU:total 8 (initial active 8) (4 cores per cpu, 2 threads per core) family 6 model 158 stepping 9, cmov, cx8, fxsr, mmx, sse, sse2, sse3, ssse3, sse4.1, sse4.2, popcnt, avx, avx2, aes, clmul, erms, 3dnowpref, lzcnt, ht, tsc, tscinvbit, bmi1, bmi2, adx

Memory: 4k page, physical 16659216k(6916760k free), swap 19149584k(4443340k free)

vm_info: Java HotSpot(TM) 64-Bit Server VM (25.201-b09) for windows-amd64 JRE (1.8.0_201-b09), built on Dec 15 2018 18:36:39 by "java_re" with MS VC++ 10.0 (VS2010)

time: Mon Mar 11 20:21:27 2019
timezone: Eastern Daylight Time
elapsed time: 147 seconds (0d 0h 2m 27s)

